#
# A fatal error has been detected by the Java Runtime Environment:
#
#  Internal Error (0xc000000d), pid=3172, tid=6764
#
# JRE version: Java(TM) SE Runtime Environment (8.0_25-b18) (build 1.8.0_25-b18)
# Java VM: Java HotSpot(TM) 64-Bit Server VM (25.25-b02 mixed mode windows-amd64 compressed oops)
# Problematic frame:
# C  [ntdll.dll+0xfe5bc]
#
# Failed to write core dump. Minidumps are not enabled by default on client versions of Windows
#
# If you would like to submit a bug report, please visit:
#   http://bugreport.sun.com/bugreport/crash.jsp
#

---------------  T H R E A D  ---------------

Current thread (0x0000000012314800):  VMThread [stack: 0x0000000012470000,0x0000000012570000] [id=6764]

siginfo: ExceptionCode=0xc000000d

Registers:
RAX=0x000000005c3bdbc8, RBX=0xfffffffffffffffe, RCX=0x000000005c3bdbc8, RDX=0x000000005c3bdbc8
RSP=0x000000001256f270, RBP=0x00007ffdbc097408, RSI=0x0000000000000000, RDI=0x0000000000000c68
R8 =0x00007ffdc8c36e88, R9 =0x0000000000000000, R10=0x000000001256eeb0, R11=0x0000000000000000
R12=0x0000000000620610, R13=0x000000002164d050, R14=0x0000000000620718, R15=0x000000001256f3e8
RIP=0x00007ffdddafe5bc, EFLAGS=0x0000000000000206

Top of Stack: (sp=0x000000001256f270)
0x000000001256f270:   0000000100000057 fffffffffffffffe
0x000000001256f280:   0000000000000000 0000000000000c68
0x000000001256f290:   00000000c000000d 0000000000000000
0x000000001256f2a0:   00007ffdddafe5bc 0000000000000000
0x000000001256f2b0:   0000000000000000 0000000000000000
0x000000001256f2c0:   0000000000000000 0000000000000000
0x000000001256f2d0:   0000000000000000 0000000000000000
0x000000001256f2e0:   0000000000000000 0000000000000000
0x000000001256f2f0:   0000000000000000 0000000000000000
0x000000001256f300:   0000000000000000 0000000000000000
0x000000001256f310:   0000000000000000 0000000000000000
0x000000001256f320:   0000000000000000 00007ffd02000002
0x000000001256f330:   00000000600ac7bd 00007ffd21000021
0x000000001256f340:   0000000100000021 00007ffdddac066f
0x000000001256f350:   0000000001e90720 0000000002000002
0x000000001256f360:   0000000000000021 0000000000000000 

Instructions: (pc=0x00007ffdddafe5bc)
0x00007ffdddafe59c:   d1 fa ff c7 44 24 20 0d 00 00 c0 b9 57 00 00 00
0x00007ffdddafe5ac:   e8 cf 0f f6 ff 90 48 8d 4c 24 20 e8 54 bb f4 ff
0x00007ffdddafe5bc:   eb 00 48 8b 8c 24 c0 00 00 00 48 33 cc e8 82 70
0x00007ffdddafe5cc:   f9 ff 48 81 c4 d8 00 00 00 c3 40 55 48 83 ec 20 


Register to memory mapping:

RAX=
[error occurred during error reporting (printing register info), id 0xc0000005]

Stack: [0x0000000012470000,0x0000000012570000],  sp=0x000000001256f270,  free space=1020k
Native frames: (J=compiled Java code, j=interpreted, Vv=VM code, C=native code)
C  [ntdll.dll+0xfe5bc]
C  [ntdll.dll+0xc066f]
C  [KERNEL32.DLL+0x1fbba]
C  [MSVCR110.dll+0x752d]
C  [MSVCR110.dll+0x14cde]
C  [MSVCR110.dll+0x13edc]
C  [MSVCR110.dll+0x239e]
C  [MSVCR110.dll+0xaf9e]
C  [MSVCP110.dll+0x397b9]
C  [librdi_common.dll+0x135d02]
C  [librdi_common.dll+0x13447b]
C  0x00007ffdd17167b0
C  0x00007ffdd1716a32
C  [ntdll.dll+0x29d9f]
C  [ntdll.dll+0x806b]
C  [ntdll.dll+0x7d94]
C  [KERNEL32.DLL+0x1ce6a]
C  [MSVCR100.dll+0x20ccd]
V  [jvm.dll+0x1f9c55]
V  [jvm.dll+0x2325e7]
V  [jvm.dll+0x231826]
V  [jvm.dll+0x231cc1]
V  [jvm.dll+0x231ede]
V  [jvm.dll+0x2852fa]
C  [MSVCR100.dll+0x21d9f]
C  [MSVCR100.dll+0x21e3b]
C  [KERNEL32.DLL+0x8364]
C  [ntdll.dll+0x65e91]

VM_Operation (0x000000000014f500): Exit, mode: safepoint, requested by thread 0x000000000247e000


---------------  P R O C E S S  ---------------

Java Threads: ( => current thread )
  0x0000000014899000 JavaThread "Output Stream Monitor" daemon [_thread_in_native, id=4564, stack(0x0000000028b80000,0x0000000028c80000)]
  0x0000000014891000 JavaThread "Thread-14" daemon [_thread_blocked, id=8716, stack(0x0000000026780000,0x0000000026880000)]
  0x000000001488b800 JavaThread "Output Stream Monitor" daemon [_thread_blocked, id=8980, stack(0x0000000026280000,0x0000000026380000)]
  0x000000001446a800 JavaThread "Process monitor" daemon [_thread_in_native, id=2744, stack(0x000000001c350000,0x000000001c450000)]
  0x0000000014466800 JavaThread "Input Stream Monitor" daemon [_thread_blocked, id=10060, stack(0x000000001c250000,0x000000001c350000)]
  0x000000001446d800 JavaThread "Output Stream Monitor" daemon [_thread_in_native, id=6972, stack(0x000000001c150000,0x000000001c250000)]
  0x0000000014466000 JavaThread "Output Stream Monitor" daemon [_thread_in_native, id=5912, stack(0x000000001c050000,0x000000001c150000)]
  0x0000000014469800 JavaThread "TCF Locator DNS Lookup" daemon [_thread_blocked, id=2680, stack(0x000000001bf50000,0x000000001c050000)]
  0x000000001446d000 JavaThread "TCF Locator Timer" daemon [_thread_blocked, id=2560, stack(0x000000001be50000,0x000000001bf50000)]
  0x0000000014469000 JavaThread "TCF Locator Receiver" daemon [_thread_blocked, id=5672, stack(0x000000001bd50000,0x000000001be50000)]
  0x0000000014467800 JavaThread "TCF Timer Dispatcher" daemon [_thread_blocked, id=8240, stack(0x000000001bb50000,0x000000001bc50000)]
  0x0000000013b3d000 JavaThread "EMF Reference Cleaner" daemon [_thread_blocked, id=7928, stack(0x0000000016be0000,0x0000000016ce0000)]
  0x00000000123b8800 JavaThread "Service Thread" daemon [_thread_blocked, id=10000, stack(0x0000000012b70000,0x0000000012c70000)]
  0x00000000123b2000 JavaThread "C1 CompilerThread1" daemon [_thread_blocked, id=7924, stack(0x0000000012a70000,0x0000000012b70000)]
  0x0000000012368800 JavaThread "C2 CompilerThread0" daemon [_thread_blocked, id=10208, stack(0x0000000012970000,0x0000000012a70000)]
  0x0000000012365000 JavaThread "Attach Listener" daemon [_thread_blocked, id=6220, stack(0x0000000012870000,0x0000000012970000)]
  0x0000000012322000 JavaThread "Finalizer" daemon [_thread_blocked, id=6148, stack(0x0000000012670000,0x0000000012770000)]
  0x000000001231a800 JavaThread "Reference Handler" daemon [_thread_blocked, id=9296, stack(0x0000000012570000,0x0000000012670000)]
  0x000000000247e000 JavaThread "main" [_thread_blocked, id=6604, stack(0x0000000000050000,0x0000000000150000)]

Other Threads:
=>0x0000000012314800 VMThread [stack: 0x0000000012470000,0x0000000012570000] [id=6764]

VM state:at safepoint (shutting down)

VM Mutex/Monitor currently owned by a thread:  ([mutex/lock_event])
[0x000000000247cb20] Threads_lock - owner thread: 0x0000000012314800

Heap:
 def new generation   total 25408K, used 10178K [0x00000000e0000000, 0x00000000e1b90000, 0x00000000eaaa0000)
  eden space 22592K,  37% used [0x00000000e0000000, 0x00000000e0849238, 0x00000000e1610000)
  from space 2816K,  60% used [0x00000000e18d0000, 0x00000000e1a77600, 0x00000000e1b90000)
  to   space 2816K,   0% used [0x00000000e1610000, 0x00000000e1610000, 0x00000000e18d0000)
 tenured generation   total 56300K, used 32605K [0x00000000eaaa0000, 0x00000000ee19b000, 0x0000000100000000)
   the space 56300K,  57% used [0x00000000eaaa0000, 0x00000000eca777a0, 0x00000000eca77800, 0x00000000ee19b000)
 Metaspace       used 67376K, capacity 72482K, committed 72728K, reserved 1112064K
  class space    used 8129K, capacity 9715K, committed 9776K, reserved 1048576K

Card table byte_map: [0x0000000011960000,0x0000000011a70000] byte_map_base: 0x0000000011260000

Polling page: 0x00000000001f0000

CodeCache: size=245760Kb used=28330Kb max_used=28338Kb free=217429Kb
 bounds [0x00000000025a0000, 0x0000000004180000, 0x00000000115a0000]
 total_blobs=8550 nmethods=7723 adapters=735
 compilation: enabled

Compilation events (10 events):
Event: 844.616 Thread 0x00000000123b2000 9373  s    3       org.eclipse.osgi.baseadaptor.BaseData::close (68 bytes)
Event: 844.616 Thread 0x00000000123b2000 nmethod 9373 0x00000000031ce750 code [0x00000000031ce980, 0x00000000031cf7f8]
Event: 844.617 Thread 0x00000000123b2000 9374       3       org.eclipse.osgi.framework.internal.core.BundleHost::refresh (83 bytes)
Event: 844.618 Thread 0x00000000123b2000 nmethod 9374 0x00000000031cd210 code [0x00000000031cd460, 0x00000000031ce1c8]
Event: 844.631 Thread 0x00000000123b2000 9376       3       java.io.File::list (33 bytes)
Event: 844.632 Thread 0x00000000123b2000 nmethod 9376 0x00000000031cc290 code [0x00000000031cc460, 0x00000000031ccb58]
Event: 844.675 Thread 0x0000000012368800 9377       4       java.io.File::<init> (113 bytes)
Event: 844.684 Thread 0x0000000012368800 nmethod 9377 0x0000000004166490 code [0x0000000004166660, 0x0000000004166d90]
Event: 844.686 Thread 0x00000000123b2000 9378       3       org.eclipse.osgi.framework.internal.core.AbstractBundle::close (52 bytes)
Event: 844.687 Thread 0x00000000123b2000 nmethod 9378 0x0000000004165090 code [0x00000000041652c0, 0x0000000004165f58]

GC Heap History (10 events):
Event: 690.706 GC heap before
{Heap before GC invocations=30 (full 12):
 def new generation   total 25408K, used 9713K [0x00000000e0000000, 0x00000000e1b90000, 0x00000000eaaa0000)
  eden space 22592K,  42% used [0x00000000e0000000, 0x00000000e097c668, 0x00000000e1610000)
  from space 2816K,   0% used [0x00000000e18d0000, 0x00000000e18d0000, 0x00000000e1b90000)
  to   space 2816K,   0% used [0x00000000e1610000, 0x00000000e1610000, 0x00000000e18d0000)
 tenured generation   total 56300K, used 30250K [0x00000000eaaa0000, 0x00000000ee19b000, 0x0000000100000000)
   the space 56300K,  53% used [0x00000000eaaa0000, 0x00000000ec82ab58, 0x00000000ec82ac00, 0x00000000ee19b000)
 Metaspace       used 63530K, capacity 68570K, committed 68888K, reserved 1107968K
  class space    used 7752K, capacity 9392K, committed 9520K, reserved 1048576K
Event: 690.826 GC heap after
Heap after GC invocations=31 (full 13):
 def new generation   total 25408K, used 0K [0x00000000e0000000, 0x00000000e1b90000, 0x00000000eaaa0000)
  eden space 22592K,   0% used [0x00000000e0000000, 0x00000000e0000000, 0x00000000e1610000)
  from space 2816K,   0% used [0x00000000e18d0000, 0x00000000e18d0000, 0x00000000e1b90000)
  to   space 2816K,   0% used [0x00000000e1610000, 0x00000000e1610000, 0x00000000e18d0000)
 tenured generation   total 56300K, used 31056K [0x00000000eaaa0000, 0x00000000ee19b000, 0x0000000100000000)
   the space 56300K,  55% used [0x00000000eaaa0000, 0x00000000ec8f4058, 0x00000000ec8f4200, 0x00000000ee19b000)
 Metaspace       used 63530K, capacity 68570K, committed 68888K, reserved 1107968K
  class space    used 7752K, capacity 9392K, committed 9520K, reserved 1048576K
}
Event: 758.879 GC heap before
{Heap before GC invocations=31 (full 13):
 def new generation   total 25408K, used 2502K [0x00000000e0000000, 0x00000000e1b90000, 0x00000000eaaa0000)
  eden space 22592K,  11% used [0x00000000e0000000, 0x00000000e0271a10, 0x00000000e1610000)
  from space 2816K,   0% used [0x00000000e18d0000, 0x00000000e18d0000, 0x00000000e1b90000)
  to   space 2816K,   0% used [0x00000000e1610000, 0x00000000e1610000, 0x00000000e18d0000)
 tenured generation   total 56300K, used 31056K [0x00000000eaaa0000, 0x00000000ee19b000, 0x0000000100000000)
   the space 56300K,  55% used [0x00000000eaaa0000, 0x00000000ec8f4058, 0x00000000ec8f4200, 0x00000000ee19b000)
 Metaspace       used 63546K, capacity 68570K, committed 68888K, reserved 1107968K
  class space    used 7754K, capacity 9392K, committed 9520K, reserved 1048576K
Event: 759.007 GC heap after
Heap after GC invocations=32 (full 14):
 def new generation   total 25408K, used 0K [0x00000000e0000000, 0x00000000e1b90000, 0x00000000eaaa0000)
  eden space 22592K,   0% used [0x00000000e0000000, 0x00000000e0000000, 0x00000000e1610000)
  from space 2816K,   0% used [0x00000000e18d0000, 0x00000000e18d0000, 0x00000000e1b90000)
  to   space 2816K,   0% used [0x00000000e1610000, 0x00000000e1610000, 0x00000000e18d0000)
 tenured generation   total 56300K, used 31114K [0x00000000eaaa0000, 0x00000000ee19b000, 0x0000000100000000)
   the space 56300K,  55% used [0x00000000eaaa0000, 0x00000000ec9028f0, 0x00000000ec902a00, 0x00000000ee19b000)
 Metaspace       used 63546K, capacity 68570K, committed 68888K, reserved 1107968K
  class space    used 7754K, capacity 9392K, committed 9520K, reserved 1048576K
}
Event: 812.568 GC heap before
{Heap before GC invocations=32 (full 14):
 def new generation   total 25408K, used 2849K [0x00000000e0000000, 0x00000000e1b90000, 0x00000000eaaa0000)
  eden space 22592K,  12% used [0x00000000e0000000, 0x00000000e02c8768, 0x00000000e1610000)
  from space 2816K,   0% used [0x00000000e18d0000, 0x00000000e18d0000, 0x00000000e1b90000)
  to   space 2816K,   0% used [0x00000000e1610000, 0x00000000e1610000, 0x00000000e18d0000)
 tenured generation   total 56300K, used 31114K [0x00000000eaaa0000, 0x00000000ee19b000, 0x0000000100000000)
   the space 56300K,  55% used [0x00000000eaaa0000, 0x00000000ec9028f0, 0x00000000ec902a00, 0x00000000ee19b000)
 Metaspace       used 63613K, capacity 68698K, committed 68888K, reserved 1107968K
  class space    used 7759K, capacity 9392K, committed 9520K, reserved 1048576K
Event: 812.723 GC heap after
Heap after GC invocations=33 (full 15):
 def new generation   total 25408K, used 0K [0x00000000e0000000, 0x00000000e1b90000, 0x00000000eaaa0000)
  eden space 22592K,   0% used [0x00000000e0000000, 0x00000000e0000000, 0x00000000e1610000)
  from space 2816K,   0% used [0x00000000e18d0000, 0x00000000e18d0000, 0x00000000e1b90000)
  to   space 2816K,   0% used [0x00000000e1610000, 0x00000000e1610000, 0x00000000e18d0000)
 tenured generation   total 56300K, used 31208K [0x00000000eaaa0000, 0x00000000ee19b000, 0x0000000100000000)
   the space 56300K,  55% used [0x00000000eaaa0000, 0x00000000ec91a338, 0x00000000ec91a400, 0x00000000ee19b000)
 Metaspace       used 63613K, capacity 68698K, committed 68888K, reserved 1107968K
  class space    used 7759K, capacity 9392K, committed 9520K, reserved 1048576K
}
Event: 825.019 GC heap before
{Heap before GC invocations=33 (full 15):
 def new generation   total 25408K, used 22591K [0x00000000e0000000, 0x00000000e1b90000, 0x00000000eaaa0000)
  eden space 22592K,  99% used [0x00000000e0000000, 0x00000000e160ffd8, 0x00000000e1610000)
  from space 2816K,   0% used [0x00000000e18d0000, 0x00000000e18d0000, 0x00000000e1b90000)
  to   space 2816K,   0% used [0x00000000e1610000, 0x00000000e1610000, 0x00000000e18d0000)
 tenured generation   total 56300K, used 31208K [0x00000000eaaa0000, 0x00000000ee19b000, 0x0000000100000000)
   the space 56300K,  55% used [0x00000000eaaa0000, 0x00000000ec91a338, 0x00000000ec91a400, 0x00000000ee19b000)
 Metaspace       used 65070K, capacity 70138K, committed 70296K, reserved 1110016K
  class space    used 7919K, capacity 9552K, committed 9648K, reserved 1048576K
Event: 825.027 GC heap after
Heap after GC invocations=34 (full 15):
 def new generation   total 25408K, used 2815K [0x00000000e0000000, 0x00000000e1b90000, 0x00000000eaaa0000)
  eden space 22592K,   0% used [0x00000000e0000000, 0x00000000e0000000, 0x00000000e1610000)
  from space 2816K,  99% used [0x00000000e1610000, 0x00000000e18cfff8, 0x00000000e18d0000)
  to   space 2816K,   0% used [0x00000000e18d0000, 0x00000000e18d0000, 0x00000000e1b90000)
 tenured generation   total 56300K, used 31847K [0x00000000eaaa0000, 0x00000000ee19b000, 0x0000000100000000)
   the space 56300K,  56% used [0x00000000eaaa0000, 0x00000000ec9b9d00, 0x00000000ec9b9e00, 0x00000000ee19b000)
 Metaspace       used 65070K, capacity 70138K, committed 70296K, reserved 1110016K
  class space    used 7919K, capacity 9552K, committed 9648K, reserved 1048576K
}
Event: 841.394 GC heap before
{Heap before GC invocations=34 (full 15):
 def new generation   total 25408K, used 25407K [0x00000000e0000000, 0x00000000e1b90000, 0x00000000eaaa0000)
  eden space 22592K, 100% used [0x00000000e0000000, 0x00000000e1610000, 0x00000000e1610000)
  from space 2816K,  99% used [0x00000000e1610000, 0x00000000e18cfff8, 0x00000000e18d0000)
  to   space 2816K,   0% used [0x00000000e18d0000, 0x00000000e18d0000, 0x00000000e1b90000)
 tenured generation   total 56300K, used 31847K [0x00000000eaaa0000, 0x00000000ee19b000, 0x0000000100000000)
   the space 56300K,  56% used [0x00000000eaaa0000, 0x00000000ec9b9d00, 0x00000000ec9b9e00, 0x00000000ee19b000)
 Metaspace       used 67016K, capacity 72220K, committed 72472K, reserved 1112064K
  class space    used 8098K, capacity 9714K, committed 9776K, reserved 1048576K
Event: 841.405 GC heap after
Heap after GC invocations=35 (full 15):
 def new generation   total 25408K, used 1693K [0x00000000e0000000, 0x00000000e1b90000, 0x00000000eaaa0000)
  eden space 22592K,   0% used [0x00000000e0000000, 0x00000000e0000000, 0x00000000e1610000)
  from space 2816K,  60% used [0x00000000e18d0000, 0x00000000e1a77600, 0x00000000e1b90000)
  to   space 2816K,   0% used [0x00000000e1610000, 0x00000000e1610000, 0x00000000e18d0000)
 tenured generation   total 56300K, used 32605K [0x00000000eaaa0000, 0x00000000ee19b000, 0x0000000100000000)
   the space 56300K,  57% used [0x00000000eaaa0000, 0x00000000eca777a0, 0x00000000eca77800, 0x00000000ee19b000)
 Metaspace       used 67016K, capacity 72220K, committed 72472K, reserved 1112064K
  class space    used 8098K, capacity 9714K, committed 9776K, reserved 1048576K
}

Deoptimization events (10 events):
Event: 841.380 Thread 0x000000000247e000 Uncommon trap: reason=unreached action=reinterpret pc=0x00000000036eecd4 method=org.eclipse.emf.ecore.impl.MinimalEObjectImpl.setField(ILjava/lang/Object;)V @ 9
Event: 841.381 Thread 0x000000000247e000 Uncommon trap: reason=unreached action=reinterpret pc=0x0000000003e1d94c method=org.eclipse.emf.ecore.impl.MinimalEObjectImpl.setField(ILjava/lang/Object;)V @ 9
Event: 841.567 Thread 0x000000000247e000 Uncommon trap: reason=class_check action=maybe_recompile pc=0x00000000040a3fd0 method=org.eclipse.e4.core.internal.contexts.TrackableComputationExt.update(Lorg/eclipse/e4/core/internal/contexts/ContextChangeEvent;)Z @ 62
Event: 841.568 Thread 0x000000000247e000 Uncommon trap: reason=class_check action=maybe_recompile pc=0x00000000040ab710 method=org.eclipse.e4.core.internal.contexts.ContextObjectSupplier$ContextInjectionListener.update(Lorg/eclipse/e4/core/contexts/IEclipseContext;I[Ljava/lang/Object;)Z @ 173
Event: 841.568 Thread 0x000000000247e000 Uncommon trap: reason=class_check action=maybe_recompile pc=0x00000000040a3fd0 method=org.eclipse.e4.core.internal.contexts.TrackableComputationExt.update(Lorg/eclipse/e4/core/internal/contexts/ContextChangeEvent;)Z @ 62
Event: 841.568 Thread 0x000000000247e000 Uncommon trap: reason=class_check action=maybe_recompile pc=0x00000000040ab710 method=org.eclipse.e4.core.internal.contexts.ContextObjectSupplier$ContextInjectionListener.update(Lorg/eclipse/e4/core/contexts/IEclipseContext;I[Ljava/lang/Object;)Z @ 173
Event: 841.568 Thread 0x000000000247e000 Uncommon trap: reason=class_check action=maybe_recompile pc=0x00000000040a3fd0 method=org.eclipse.e4.core.internal.contexts.TrackableComputationExt.update(Lorg/eclipse/e4/core/internal/contexts/ContextChangeEvent;)Z @ 62
Event: 841.568 Thread 0x000000000247e000 Uncommon trap: reason=class_check action=maybe_recompile pc=0x00000000040ab710 method=org.eclipse.e4.core.internal.contexts.ContextObjectSupplier$ContextInjectionListener.update(Lorg/eclipse/e4/core/contexts/IEclipseContext;I[Ljava/lang/Object;)Z @ 173
Event: 843.527 Thread 0x000000000247e000 Uncommon trap: reason=null_check action=make_not_entrant pc=0x000000000301b18c method=org.eclipse.core.runtime.internal.adaptor.EclipseLazyStarter.shouldActivateFor(Ljava/lang/String;Lorg/eclipse/osgi/baseadaptor/BaseData;Lorg/eclipse/core/runtime/internal½Ø}
^\Š@
Event: 843.546 Thread 0x000000000247e000 Uncommon trap: reason=predicate action=maybe_recompile pc=0x00000000040bc028 method=java.io.OutputStream.write([BII)V @ 62

Internal exceptions (10 events):
Event: 839.482 Thread 0x0000000014897000 Exception <a 'java/lang/InterruptedException'> (0x00000000e0ede7c8) thrown at [D:\re\workspace\8-2-build-windows-amd64-cygwin\jdk8u25\1677\hotspot\src\share\vm\runtime\objectMonitor.cpp, line 1682]
Event: 839.681 Thread 0x000000000247e000 Implicit null exception at 0x0000000003a1a64c to 0x0000000003a1a6a9
Event: 840.519 Thread 0x000000000247e000 Implicit null exception at 0x0000000003cb8949 to 0x0000000003cb8c9d
Event: 840.559 Thread 0x000000000247e000 Implicit null exception at 0x0000000003358c90 to 0x0000000003358cea
Event: 841.687 Thread 0x0000000014890000 Exception <a 'java/lang/InterruptedException'> (0x00000000e034ead0) thrown at [D:\re\workspace\8-2-build-windows-amd64-cygwin\jdk8u25\1677\hotspot\src\share\vm\runtime\objectMonitor.cpp, line 1682]
Event: 843.527 Thread 0x000000000247e000 Implicit null exception at 0x000000000301a573 to 0x000000000301b17d
Event: 844.626 Thread 0x000000001365a000 Exception <a 'java/lang/InterruptedException': sleep interrupted> (0x00000000e076d198) thrown at [D:\re\workspace\8-2-build-windows-amd64-cygwin\jdk8u25\1677\hotspot\src\share\vm\prims\jvm.cpp, line 3141]
Event: 844.627 Thread 0x0000000013bfe000 Exception <a 'java/lang/InterruptedException'> (0x00000000e07a5908) thrown at [D:\re\workspace\8-2-build-windows-amd64-cygwin\jdk8u25\1677\hotspot\src\share\vm\runtime\objectMonitor.cpp, line 1682]
Event: 844.627 Thread 0x0000000012e45000 Exception <a 'java/lang/InterruptedException'> (0x00000000e07a7c38) thrown at [D:\re\workspace\8-2-build-windows-amd64-cygwin\jdk8u25\1677\hotspot\src\share\vm\runtime\objectMonitor.cpp, line 1682]
Event: 844.688 Thread 0x0000000013633800 Exception <a 'java/lang/InterruptedException'> (0x00000000e054eca8) thrown at [D:\re\workspace\8-2-build-windows-amd64-cygwin\jdk8u25\1677\hotspot\src\share\vm\runtime\objectMonitor.cpp, line 1682]

Events (10 events):
Event: 844.688 loading class java/util/IdentityHashMap$KeyIterator
Event: 844.688 loading class java/util/IdentityHashMap$IdentityHashMapIterator
Event: 844.688 loading class java/util/IdentityHashMap$IdentityHashMapIterator done
Event: 844.688 loading class java/util/IdentityHashMap$KeyIterator done
Event: 844.688 Thread 0x000000001488b000 Thread added: 0x000000001488b000
Event: 844.689 Thread 0x0000000013633800 Thread exited: 0x0000000013633800
Event: 844.689 Thread 0x00000000134f1800 Thread exited: 0x00000000134f1800
Event: 844.737 Thread 0x000000001488b000 Thread exited: 0x000000001488b000
Event: 844.738 Thread 0x0000000012364000 Thread exited: 0x0000000012364000
Event: 844.738 Executing VM operation: Exit


Dynamic libraries:
0x0000000000400000 - 0x000000000044f000 	C:\Xilinx\SDK\2015.2\eclipse\win64.o\eclipse.exe
0x00007ffddda00000 - 0x00007ffdddbd1000 	C:\Windows\SYSTEM32\ntdll.dll
0x00007ffddb440000 - 0x00007ffddb4eb000 	C:\Windows\System32\KERNEL32.DLL
0x00007ffdda4b0000 - 0x00007ffdda6cd000 	C:\Windows\System32\KERNELBASE.dll
0x00007ffddcad0000 - 0x00007ffddcc35000 	C:\Windows\System32\USER32.dll
0x00007ffdda6d0000 - 0x00007ffdda6ee000 	C:\Windows\System32\win32u.dll
0x00007ffddb260000 - 0x00007ffddb294000 	C:\Windows\System32\GDI32.dll
0x00007ffdda000000 - 0x00007ffdda182000 	C:\Windows\System32\gdi32full.dll
0x00007ffddaff0000 - 0x00007ffddb08e000 	C:\Windows\System32\msvcrt.dll
0x00007ffdd2c30000 - 0x00007ffdd2ea9000 	C:\Windows\WinSxS\amd64_microsoft.windows.common-controls_6595b64144ccf1df_6.0.14393.0_none_2d0f50fcbdb171b8\COMCTL32.dll
0x00007ffddcf60000 - 0x00007ffddd227000 	C:\Windows\System32\combase.dll
0x00007ffdda190000 - 0x00007ffdda285000 	C:\Windows\System32\ucrtbase.dll
0x00007ffddd470000 - 0x00007ffddd591000 	C:\Windows\System32\RPCRT4.dll
0x00007ffdda6f0000 - 0x00007ffdda75a000 	C:\Windows\System32\bcryptPrimitives.dll
0x00007ffddd9d0000 - 0x00007ffddd9fe000 	C:\Windows\System32\IMM32.DLL
0x0000000072000000 - 0x0000000072012000 	C:\Xilinx\SDK\2015.2\eclipse\win64.o\plugins\org.eclipse.equinox.launcher.win32.win32.x86_64_1.1.200.v20140116-2212\eclipse_1503.dll
0x00007ffddd3c0000 - 0x00007ffddd462000 	C:\Windows\System32\ADVAPI32.dll
0x00007ffddcdc0000 - 0x00007ffddce19000 	C:\Windows\System32\sechost.dll
0x00007ffdd5eb0000 - 0x00007ffdd5eba000 	C:\Windows\SYSTEM32\VERSION.dll
0x00007ffdd85f0000 - 0x00007ffdd8685000 	C:\Windows\system32\uxtheme.dll
0x00007ffddcc40000 - 0x00007ffddcd9b000 	C:\Windows\System32\MSCTF.dll
0x00007ffddca00000 - 0x00007ffddcabf000 	C:\Windows\System32\OLEAUT32.dll
0x00007ffddaef0000 - 0x00007ffddaf8c000 	C:\Windows\System32\msvcp_win.dll
0x000000005bbe0000 - 0x000000005c43a000 	C:\Xilinx\SDK\2015.2\tps\win64\jre\bin\server\jvm.dll
0x00007ffddcda0000 - 0x00007ffddcda8000 	C:\Windows\System32\PSAPI.DLL
0x00007ffdc8370000 - 0x00007ffdc8379000 	C:\Windows\SYSTEM32\WSOCK32.dll
0x00007ffddd250000 - 0x00007ffddd2ba000 	C:\Windows\System32\WS2_32.dll
0x00007ffdd8420000 - 0x00007ffdd8443000 	C:\Windows\SYSTEM32\WINMM.dll
0x000000005b9d0000 - 0x000000005baa2000 	C:\Xilinx\SDK\2015.2\tps\win64\jre\bin\MSVCR100.dll
0x00007ffdd83c0000 - 0x00007ffdd83eb000 	C:\Windows\SYSTEM32\WINMMBASE.dll
0x00007ffdda460000 - 0x00007ffdda4a2000 	C:\Windows\System32\cfgmgr32.dll
0x000000005b9c0000 - 0x000000005b9cf000 	C:\Xilinx\SDK\2015.2\tps\win64\jre\bin\verify.dll
0x000000005b990000 - 0x000000005b9b8000 	C:\Xilinx\SDK\2015.2\tps\win64\jre\bin\java.dll
0x000000005b970000 - 0x000000005b986000 	C:\Xilinx\SDK\2015.2\tps\win64\jre\bin\zip.dll
0x00007ffddb4f0000 - 0x00007ffddc9f8000 	C:\Windows\System32\SHELL32.dll
0x00007ffdda760000 - 0x00007ffddae3a000 	C:\Windows\System32\windows.storage.dll
0x00007ffdd9e60000 - 0x00007ffdd9eac000 	C:\Windows\System32\powrprof.dll
0x00007ffddb160000 - 0x00007ffddb1b2000 	C:\Windows\System32\shlwapi.dll
0x00007ffdd9ee0000 - 0x00007ffdd9eef000 	C:\Windows\System32\kernel.appcore.dll
0x00007ffddae40000 - 0x00007ffddaee9000 	C:\Windows\System32\shcore.dll
0x00007ffdd9eb0000 - 0x00007ffdd9ec4000 	C:\Windows\System32\profapi.dll
0x00007ffdd98d0000 - 0x00007ffdd98e7000 	C:\Windows\SYSTEM32\CRYPTSP.dll
0x00007ffdd97b0000 - 0x00007ffdd97e3000 	C:\Windows\system32\rsaenh.dll
0x00007ffdd9d00000 - 0x00007ffdd9d2b000 	C:\Windows\SYSTEM32\bcrypt.dll
0x00007ffdd94b0000 - 0x00007ffdd94cf000 	C:\Windows\SYSTEM32\USERENV.dll
0x00007ffdd98f0000 - 0x00007ffdd98fb000 	C:\Windows\SYSTEM32\CRYPTBASE.dll
0x000000005b950000 - 0x000000005b96a000 	C:\Xilinx\SDK\2015.2\tps\win64\jre\bin\net.dll
0x00007ffdd9630000 - 0x00007ffdd968c000 	C:\Windows\system32\mswsock.dll
0x00007ffdd93c0000 - 0x00007ffdd93f8000 	C:\Windows\SYSTEM32\IPHLPAPI.DLL
0x00007ffddcac0000 - 0x00007ffddcac8000 	C:\Windows\System32\NSI.dll
0x00007ffdd56f0000 - 0x00007ffdd5706000 	C:\Windows\SYSTEM32\dhcpcsvc6.DLL
0x00007ffdd5da0000 - 0x00007ffdd5dba000 	C:\Windows\SYSTEM32\dhcpcsvc.DLL
0x000000005b930000 - 0x000000005b941000 	C:\Xilinx\SDK\2015.2\tps\win64\jre\bin\nio.dll
0x00007ffdcf150000 - 0x00007ffdcf166000 	C:\Windows\system32\napinsp.dll
0x00007ffdcf3a0000 - 0x00007ffdcf3ba000 	C:\Windows\system32\pnrpnsp.dll
0x00007ffdd7740000 - 0x00007ffdd7758000 	C:\Windows\system32\NLAapi.dll
0x00007ffdd9410000 - 0x00007ffdd94b0000 	C:\Windows\SYSTEM32\DNSAPI.dll
0x00007ffdcf3c0000 - 0x00007ffdcf3ce000 	C:\Windows\System32\winrnr.dll
0x00007ffdd10e0000 - 0x00007ffdd10ea000 	C:\Windows\System32\rasadhlp.dll
0x00007ffdd2a10000 - 0x00007ffdd2a7a000 	C:\Windows\System32\fwpuclnt.dll
0x0000000015230000 - 0x00000000152d8000 	C:\Users\sunny\.Xilinx\SDK\2015.2\org.eclipse.osgi\bundles\287\1\.cp\swt-win32-4335.dll
0x00007ffddce20000 - 0x00007ffddcf57000 	C:\Windows\System32\ole32.dll
0x00007ffddd2c0000 - 0x00007ffddd3ba000 	C:\Windows\System32\comdlg32.dll
0x00007ffdda290000 - 0x00007ffdda458000 	C:\Windows\System32\CRYPT32.dll
0x00007ffdd9ed0000 - 0x00007ffdd9ee0000 	C:\Windows\System32\MSASN1.dll
0x00007ffdb9820000 - 0x00007ffdb98a5000 	C:\Windows\SYSTEM32\WINSPOOL.DRV
0x00007ffdcc1e0000 - 0x00007ffdcc1f9000 	C:\Windows\SYSTEM32\USP10.dll
0x00007ffdcc7e0000 - 0x00007ffdcca73000 	C:\Windows\SYSTEM32\WININET.dll
0x00007ffdd8360000 - 0x00007ffdd8386000 	C:\Windows\system32\dwmapi.dll
0x00007ffdd8150000 - 0x00007ffdd82d5000 	C:\Windows\SYSTEM32\propsys.dll
0x00007ffddb1c0000 - 0x00007ffddb25f000 	C:\Windows\System32\clbcatq.dll
0x00000000152e0000 - 0x00000000152fe000 	C:\Users\sunny\.Xilinx\SDK\2015.2\org.eclipse.osgi\bundles\287\1\.cp\swt-gdip-win32-4335.dll
0x00007ffdbcfd0000 - 0x00007ffdbd16a000 	C:\Windows\WinSxS\amd64_microsoft.windows.gdiplus_6595b64144ccf1df_1.1.14393.321_none_72fe05dd211a5fae\gdiplus.dll
0x00007ffdd7a10000 - 0x00007ffdd7bb8000 	C:\Windows\SYSTEM32\WindowsCodecs.dll
0x0000000180000000 - 0x0000000180012000 	C:\Users\sunny\.Xilinx\SDK\2015.2\org.eclipse.osgi\bundles\113\1\.cp\os\win32\x86_64\localfile_1_0_0.dll
0x00007ffdd0fb0000 - 0x00007ffdd0fc1000 	C:\Users\sunny\.Xilinx\SDK\2015.2\org.eclipse.osgi\bundles\116\1\.cp\jWinHttp-1.0.0.dll
0x00007ffdd14b0000 - 0x00007ffdd157c000 	C:\Windows\SYSTEM32\WINHTTP.dll
0x00007ffdc9e90000 - 0x00007ffdc9ef5000 	C:\Windows\SYSTEM32\oleacc.dll
0x00007ffdd0f90000 - 0x00007ffdd0fa6000 	C:\Xilinx\SDK\2015.2\eclipse\win64.o\plugins\org.eclipse.cdt.core.win32.x86_64_5.2.0.201402142303\os\win32\x86_64\spawner.dll
0x00007ffdc9b40000 - 0x00007ffdc9b89000 	C:\Windows\system32\dataexchange.dll
0x00007ffdd6f50000 - 0x00007ffdd7206000 	C:\Windows\system32\d3d11.dll
0x00007ffdd7ca0000 - 0x00007ffdd7df1000 	C:\Windows\system32\dcomp.dll
0x00007ffdd8df0000 - 0x00007ffdd8e8f000 	C:\Windows\system32\dxgi.dll
0x00007ffdd8890000 - 0x00007ffdd89ac000 	C:\Windows\system32\twinapi.appcore.dll
0x00007ffdcc030000 - 0x00007ffdcc06f000 	C:\Windows\system32\mlang.dll
0x00007ffdce5a0000 - 0x00007ffdce5b0000 	C:\Xilinx\SDK\2015.2\lib\win64.o\librdi_repo_manager.dll
0x00007ffdc4530000 - 0x00007ffdc455a000 	C:\Xilinx\SDK\2015.2\lib\win64.o\libisl_sysinfo.dll
0x00007ffd8fe60000 - 0x00007ffd907a3000 	C:\Xilinx\SDK\2015.2\lib\win64.o\librdi_common.dll
0x00007ffdc2be0000 - 0x00007ffdc2c34000 	C:\Xilinx\SDK\2015.2\lib\win64.o\librdi_commonxillic.dll
0x00007ffd8e000000 - 0x00007ffd8e1e8000 	C:\Xilinx\SDK\2015.2\lib\win64.o\librdi_hsm.dll
0x00007ffdbc170000 - 0x00007ffdbc217000 	C:\Windows\SYSTEM32\MSVCP110.dll
0x00007ffdbc090000 - 0x00007ffdbc164000 	C:\Windows\SYSTEM32\MSVCR110.dll
0x00007ffd8fbb0000 - 0x00007ffd8fe58000 	C:\Xilinx\SDK\2015.2\lib\win64.o\libCOIN-all.dll
0x00007ffd8f990000 - 0x00007ffd8fbb0000 	C:\Xilinx\SDK\2015.2\lib\win64.o\libXil_lmgr11.dll
0x00007ffdd9fa0000 - 0x00007ffdd9ff5000 	C:\Windows\System32\WINTRUST.dll
0x00007ffdd1240000 - 0x00007ffdd1250000 	C:\Xilinx\SDK\2015.2\lib\win64.o\libboost_date_time.dll
0x00007ffdcd670000 - 0x00007ffdcd692000 	C:\Xilinx\SDK\2015.2\lib\win64.o\libboost_filesystem.dll
0x00007ffdc11f0000 - 0x00007ffdc1264000 	C:\Xilinx\SDK\2015.2\lib\win64.o\libboost_program_options.dll
0x00007ffdb7520000 - 0x00007ffdb761a000 	C:\Xilinx\SDK\2015.2\lib\win64.o\libboost_regex.dll
0x00007ffdc5f80000 - 0x00007ffdc5f93000 	C:\Xilinx\SDK\2015.2\lib\win64.o\libboost_signals.dll
0x00007ffdd0f80000 - 0x00007ffdd0f89000 	C:\Xilinx\SDK\2015.2\lib\win64.o\libboost_system.dll
0x00007ffdc51a0000 - 0x00007ffdc51bd000 	C:\Xilinx\SDK\2015.2\lib\win64.o\libboost_thread.dll
0x00007ffdbec50000 - 0x00007ffdbecd0000 	C:\Xilinx\SDK\2015.2\lib\win64.o\libhdlpsolve.dll
0x00007ffdbced0000 - 0x00007ffdbcf6a000 	C:\Xilinx\SDK\2015.2\lib\win64.o\libhdxml.dll
0x00007ffd8f380000 - 0x00007ffd8f98a200 	C:\Xilinx\SDK\2015.2\lib\win64.o\libisl_iostreams.dll
0x00007ffdc4700000 - 0x00007ffdc4723000 	C:\Xilinx\SDK\2015.2\lib\win64.o\libisl_iosutils.dll
0x00007ffdd0e70000 - 0x00007ffdd0e85000 	C:\Xilinx\SDK\2015.2\lib\win64.o\pthreadVC2.dll
0x00007ffdb7370000 - 0x00007ffdb74a0000 	C:\Xilinx\SDK\2015.2\lib\win64.o\librdi_curl.dll
0x00007ffdc5030000 - 0x00007ffdc5048000 	C:\Xilinx\SDK\2015.2\lib\win64.o\librdiconfig.dll
0x00007ffdc3920000 - 0x00007ffdc3943000 	C:\Xilinx\SDK\2015.2\lib\win64.o\librdizlib.dll
0x000000005bab0000 - 0x000000005bbd7000 	C:\Xilinx\SDK\2015.2\lib\win64.o\tcl85t.dll
0x000000001c8c0000 - 0x000000001cb23000 	C:\Xilinx\SDK\2015.2\lib\win64.o\xerces-c_3_1.dll
0x00007ffdce7b0000 - 0x00007ffdce972000 	C:\Windows\SYSTEM32\urlmon.dll
0x00007ffdbab40000 - 0x00007ffdbab63000 	C:\Windows\SYSTEM32\VCOMP110.DLL
0x00007ffdbfeb0000 - 0x00007ffdbfef3000 	C:\Xilinx\SDK\2015.2\lib\win64.o\librdi_hdf.dll
0x00007ffd8de40000 - 0x00007ffd8dffa000 	C:\Xilinx\SDK\2015.2\lib\win64.o\librdi_ippcw.dll
0x00007ffdcf3d0000 - 0x00007ffdcf3e8000 	C:\Windows\SYSTEM32\NETAPI32.dll
0x00007ffdd0b30000 - 0x00007ffdd0b3b000 	C:\Xilinx\SDK\2015.2\lib\win64.o\libboost_chrono.dll
0x00007ffdc2db0000 - 0x00007ffdc2dc6000 	C:\Xilinx\SDK\2015.2\lib\win64.o\libboost_iostreams.dll
0x00007ffdd37a0000 - 0x00007ffdd3a42000 	C:\Windows\SYSTEM32\iertutil.dll
0x00007ffdd5ea0000 - 0x00007ffdd5ea7000 	C:\Windows\SYSTEM32\msimg32.dll
0x00007ffdc2880000 - 0x00007ffdc289c000 	C:\Xilinx\SDK\2015.2\lib\win64.o\librdi_hw_platform.dll
0x00007ffdc89a0000 - 0x00007ffdc89e2000 	C:\Windows\SYSTEM32\edputil.dll
0x00007ffd8ef70000 - 0x00007ffd8f37a000 	C:\Xilinx\SDK\2015.2\lib\win64.o\librdi_commontasks.dll
0x00007ffd8e760000 - 0x00007ffd8ef70000 	C:\Xilinx\SDK\2015.2\lib\win64.o\libXil_lmgr11FNP.dll
0x00007ffddd5a0000 - 0x00007ffddd9c9000 	C:\Windows\System32\SETUPAPI.dll
0x00007ffdd1ed0000 - 0x00007ffdd1edc000 	C:\Windows\SYSTEM32\snmpapi.dll
0x00007ffdd9ad0000 - 0x00007ffdd9afc000 	C:\Windows\SYSTEM32\SspiCli.dll

VM Arguments:
jvm_args: -Dcom.xilinx.sdk.args.hwspec=C:/Users/sunny/GDrive/CMU/Courses/CMU/18643/Labs/Lab3/H05-lab3/H05-lab3/project_1.sdk/design_1_wrapper.hdf -Xms64m -Xmx512m & 
java_command: <unknown>
java_class_path (initial): C:\Xilinx\SDK\2015.2\eclipse\win64.o\\plugins/org.eclipse.equinox.launcher_1.3.0.v20130327-1440.jar
Launcher Type: generic

Environment Variables:
PATH=C:/Xilinx/SDK/2015.2/tps/win64/jre/bin/server;C:/Xilinx/SDK/2015.2/tps/win64/jre/bin;C:/Xilinx/SDK/2015.2/tps/win64/jre/lib/amd64;C:\Xilinx\SDK\2015.2\gnuwin\bin;C:\Xilinx\SDK\2015.2\gnu\microblaze\nt\bin;C:\Xilinx\SDK\2015.2\gnu\microblaze\linux_toolchain\nt64_le\bin;C:\Xilinx\SDK\2015.2\gnu\microblaze\linux_toolchain\nt64_be\bin;C:\Xilinx\SDK\2015.2\gnu\arm\nt\bin;C:\Xilinx\SDK\2015.2\gnu\aarch64\nt\aarch64-none\bin;C:\Xilinx\SDK\2015.2\gnu\aarch64\nt\aarch64-linux\bin;C:\Xilinx\SDK\2015.2\gnu\armr5\nt\gcc-arm-none-eabi\bin;C:\Xilinx\SDK\2015.2\gnu\aarch32\nt\gcc-arm-none-eabi\bin;C:\Xilinx\SDK\2015.2\gnu\aarch32\nt\gcc-arm-linux-gnueabi\bin;C:\Xilinx\SDK\2015.2\bin;C:\Xilinx\SDK\2015.2\lib\win64.o;C:\Xilinx\SDK\2015.2\tps\win64\jre\bin\server;C:\Xilinx\SDK\2015.2\tps\win64\jre\bin;C:\Xilinx\SDK\2015.2\bin;C:\Xilinx\SDK\2015.2\bin;C:\Xilinx\Vivado\2015.2\ids_lite\ISE\bin\nt64;C:\Xilinx\Vivado\2015.2\ids_lite\ISE\lib\nt64;C:\Xilinx\Vivado\2015.2\bin;C:\Xilinx\Vivado\2015.2\lib\win64.o;C:\Xilinx\Vivado\2015.2\tps\win64\jre\bin\server;C:\Xilinx\Vivado\2015.2\tps\win64\jre\bin;C:\Xilinx\SDK\2015.2\bin;C:\Xilinx\Vivado\2015.2\ids_lite\ISE\bin\nt64;C:\Xilinx\Vivado\2015.2\ids_lite\ISE\lib\nt64;C:\Xilinx\Vivado_HLS\2015.2\bin;C:\Windows\system32;C:\Windows;C:\Windows\System32\Wbem;C:\Windows\System32\WindowsPowerShell\v1.0\;C:\Users\sunny\AppData\Local\Microsoft\WindowsApps;;c:\Users\sunny\GDrive\CMU\Courses\CMU\18643\Labs\Lab3\H05-lab3\H05-lab3;
USERNAME=sunny
OS=Windows_NT
PROCESSOR_IDENTIFIER=Intel64 Family 6 Model 61 Stepping 4, GenuineIntel



---------------  S Y S T E M  ---------------

OS: Windows 8 , 64 bit Build 9200 

CPU:total 1 (1 cores per cpu, 1 threads per core) family 6 model 61 stepping 4, cmov, cx8, fxsr, mmx, sse, sse2, sse3, ssse3, sse4.1, sse4.2, popcnt, avx, aes, clmul, lzcnt, tsc, tscinvbit

Memory: 4k page, physical 4193844k(1514552k free), swap 7216000k(1545420k free)

vm_info: Java HotSpot(TM) 64-Bit Server VM (25.25-b02) for windows-amd64 JRE (1.8.0_25-b18), built on Oct  7 2014 14:25:37 by "java_re" with MS VC++ 10.0 (VS2010)

time: Fri Oct 28 07:12:58 2016
elapsed time: 846 seconds (0d 0h 14m 6s)

