#
# A fatal error has been detected by the Java Runtime Environment:
#
#  EXCEPTION_ACCESS_VIOLATION (0xc0000005) at pc=0x0000000000000000, pid=6544, tid=3508
#
# JRE version: Java(TM) SE Runtime Environment (8.0_25-b18) (build 1.8.0_25-b18)
# Java VM: Java HotSpot(TM) 64-Bit Server VM (25.25-b02 mixed mode windows-amd64 compressed oops)
# Problematic frame:
# C  0x0000000000000000
#
# Failed to write core dump. Minidumps are not enabled by default on client versions of Windows
#
# If you would like to submit a bug report, please visit:
#   http://bugreport.sun.com/bugreport/crash.jsp
# The crash happened outside the Java Virtual Machine in native code.
# See problematic frame for where to report the bug.
#

---------------  T H R E A D  ---------------

Current thread (0x00000207c7cb1000):  JavaThread "AWT-EventQueue-1" [_thread_in_native, id=3508, stack(0x000000e4f2b00000,0x000000e4f3000000)]

siginfo: ExceptionCode=0xc0000005, ExceptionInformation=0x0000000000000008 0x0000000000000000

Registers:
RAX=0x00000207eac478e8, RBX=0x00000207eac407d0, RCX=0x00000207eac407d0, RDX=0x0000000000000000
RSP=0x000000e4f2ffb488, RBP=0x000000e4f2ffb5c0, RSI=0x0000000000000000, RDI=0x00007ffda83649f8
R8 =0x0000000000000000, R9 =0x00000207df587f01, R10=0x00000207ef7d0b01, R11=0x000000e4f2ffb3a0
R12=0x00000207db7e4840, R13=0x00000207eac407d0, R14=0x000000e4f2ffb998, R15=0x00000207df587ea0
RIP=0x0000000000000000, EFLAGS=0x0000000000010246

Top of Stack: (sp=0x000000e4f2ffb488)
0x000000e4f2ffb488:   00007ffda7499d07 00000207ef7d0a20
0x000000e4f2ffb498:   fffffffffffffffe 00000207df587f48
0x000000e4f2ffb4a8:   000000e4f2ffb901 00000207df586880
0x000000e4f2ffb4b8:   00007ffda750f0c3 000000e4f2ffb640
0x000000e4f2ffb4c8:   000000e4f2ffb5c0 0000000000000000
0x000000e4f2ffb4d8:   0000000000000000 00000007010e0460
0x000000e4f2ffb4e8:   00000207f0e2caa8 0000000000000000
0x000000e4f2ffb4f8:   0000000000000000 00000001010e1700
0x000000e4f2ffb508:   0000000100000000 fffffffffffffffe
0x000000e4f2ffb518:   000000e4f2ffb998 000000e4f2ffb620
0x000000e4f2ffb528:   00000207c85b0630 0000000000000000
0x000000e4f2ffb538:   00000207c85b0630 00000007010e1778
0x000000e4f2ffb548:   0000000000000000 0000000000000000
0x000000e4f2ffb558:   0000000000000000 00007ffda836ae70
0x000000e4f2ffb568:   632e786e696c6978 0000000000006d6f
0x000000e4f2ffb578:   000000000000000a 000000000000000f 

Instructions: (pc=0x0000000000000000)
0xffffffffffffffe0:   


Register to memory mapping:

RAX=0x00000207eac478e8 is an unknown value
RBX=0x00000207eac407d0 is an unknown value
RCX=0x00000207eac407d0 is an unknown value
RDX=0x0000000000000000 is an unknown value
RSP=0x000000e4f2ffb488 is pointing into the stack for thread: 0x00000207c7cb1000
RBP=0x000000e4f2ffb5c0 is pointing into the stack for thread: 0x00000207c7cb1000
RSI=0x0000000000000000 is an unknown value
RDI=0x00007ffda83649f8 is an unknown value
R8 =0x0000000000000000 is an unknown value
R9 =0x00000207df587f01 is an unknown value
R10=0x00000207ef7d0b01 is an unknown value
R11=0x000000e4f2ffb3a0 is pointing into the stack for thread: 0x00000207c7cb1000
R12=0x00000207db7e4840 is an unknown value
R13=0x00000207eac407d0 is an unknown value
R14=0x000000e4f2ffb998 is pointing into the stack for thread: 0x00000207c7cb1000
R15=0x00000207df587ea0 is an unknown value


Stack: [0x000000e4f2b00000,0x000000e4f3000000],  sp=0x000000e4f2ffb488,  free space=5101k
Native frames: (J=compiled Java code, j=interpreted, Vv=VM code, C=native code)

Java frames: (J=compiled Java code, j=interpreted, Vv=VM code)
j  ui.data.rsbi.ContainsUpgradeableBlks(JJ)Z+0
j  ui.data.g.ax.bCn()V+23
j  ui.data.g.ax.a(Lui/frmwork/a/g;)V+357
J 10823 C1 ui.frmwork.a.j.d(Lui/frmwork/a/g;)V (61 bytes) @ 0x00000207ca67041f [0x00000207ca66fc40+0x7df]
J 7426 C1 ui.frmwork.HTclEventBroker.i(JZ)V (436 bytes) @ 0x00000207c9c146ab [0x00000207c9c11620+0x308b]
J 12696 C1 ui.frmwork.x.run()V (21 bytes) @ 0x00000207cac85165 [0x00000207cac850c0+0xa5]
J 8998 C2 java.awt.EventQueue$3.run()Ljava/lang/Void; (60 bytes) @ 0x00000207c9eb879c [0x00000207c9eb8120+0x67c]
J 9001 C2 java.awt.EventQueue$3.run()Ljava/lang/Object; (5 bytes) @ 0x00000207c9d28554 [0x00000207c9d28520+0x34]
v  ~StubRoutines::call_stub
J 1363  java.security.AccessController.doPrivileged(Ljava/security/PrivilegedAction;Ljava/security/AccessControlContext;)Ljava/lang/Object; (0 bytes) @ 0x00000207c8836d66 [0x00000207c8836d00+0x66]
J 9003 C2 ui.frmwork.a.e.dispatchEvent(Ljava/awt/AWTEvent;)V (30 bytes) @ 0x00000207c9a36580 [0x00000207c9a362a0+0x2e0]
J 9005 C2 java.awt.EventDispatchThread.pumpOneEventForFilters(I)V (295 bytes) @ 0x00000207c9662b28 [0x00000207c96628e0+0x248]
j  java.awt.EventDispatchThread.pumpEventsForFilter(ILjava/awt/Conditional;Ljava/awt/EventFilter;)V+35
j  java.awt.EventDispatchThread.pumpEventsForFilter(Ljava/awt/Conditional;Ljava/awt/EventFilter;)V+4
j  java.awt.WaitDispatchSupport$2.run()V+59
j  java.awt.WaitDispatchSupport$4.run()Ljava/lang/Void;+4
j  java.awt.WaitDispatchSupport$4.run()Ljava/lang/Object;+1
v  ~StubRoutines::call_stub
J 198  java.security.AccessController.doPrivileged(Ljava/security/PrivilegedAction;)Ljava/lang/Object; (0 bytes) @ 0x00000207c87304d2 [0x00000207c8730480+0x52]
j  java.awt.WaitDispatchSupport.enter()Z+279
j  java.awt.Dialog.show()V+233
J 2566 C1 java.awt.Component.setVisible(Z)V (6 bytes) @ 0x00000207c8db9a19 [0x00000207c8db9820+0x1f9]
j  java.awt.Window.setVisible(Z)V+2
j  java.awt.Dialog.setVisible(Z)V+2
j  ui.b.b.P.setVisible(Z)V+2
j  ui.b.b.cp.abP()V+62
j  ui.b.b.cB.run()V+7
J 8998 C2 java.awt.EventQueue$3.run()Ljava/lang/Void; (60 bytes) @ 0x00000207c9eb843c [0x00000207c9eb8120+0x31c]
J 9001 C2 java.awt.EventQueue$3.run()Ljava/lang/Object; (5 bytes) @ 0x00000207c9d28554 [0x00000207c9d28520+0x34]
v  ~StubRoutines::call_stub
J 1363  java.security.AccessController.doPrivileged(Ljava/security/PrivilegedAction;Ljava/security/AccessControlContext;)Ljava/lang/Object; (0 bytes) @ 0x00000207c8836d66 [0x00000207c8836d00+0x66]
J 9003 C2 ui.frmwork.a.e.dispatchEvent(Ljava/awt/AWTEvent;)V (30 bytes) @ 0x00000207c9a36580 [0x00000207c9a362a0+0x2e0]
J 9005 C2 java.awt.EventDispatchThread.pumpOneEventForFilters(I)V (295 bytes) @ 0x00000207c9662b28 [0x00000207c96628e0+0x248]
j  java.awt.EventDispatchThread.pumpEventsForFilter(ILjava/awt/Conditional;Ljava/awt/EventFilter;)V+35
j  java.awt.EventDispatchThread.pumpEventsForHierarchy(ILjava/awt/Conditional;Ljava/awt/Component;)V+11
j  java.awt.EventDispatchThread.pumpEvents(ILjava/awt/Conditional;)V+4
j  java.awt.EventDispatchThread.pumpEvents(Ljava/awt/Conditional;)V+3
j  java.awt.EventDispatchThread.run()V+9
v  ~StubRoutines::call_stub

---------------  P R O C E S S  ---------------

Java Threads: ( => current thread )
  0x00000207eb175000 JavaThread "Refresh IP Catalog" [_thread_blocked, id=7808, stack(0x000000e4a8100000,0x000000e4a8600000)]
  0x00000207ea6c4800 JavaThread "Image Fetcher 2" daemon [_thread_blocked, id=8016, stack(0x000000e4a7700000,0x000000e4a7c00000)]
  0x00000207ea6c5000 JavaThread "Image Fetcher 1" daemon [_thread_blocked, id=6244, stack(0x000000e4a7200000,0x000000e4a7700000)]
  0x00000207ea6c8800 JavaThread "Image Fetcher 0" daemon [_thread_blocked, id=3700, stack(0x000000e4a6d00000,0x000000e4a7200000)]
  0x00000207db7ad800 JavaThread "hw_ila_monitor" [_thread_blocked, id=7924, stack(0x000000e4f7e00000,0x000000e4f8300000)]
  0x00000207d9697800 JavaThread "Update Runs" [_thread_in_vm, id=7640, stack(0x000000e4f7900000,0x000000e4f7e00000)]
  0x00000207db392800 JavaThread "Refresh Filesets" [_thread_blocked, id=4920, stack(0x000000e4f7400000,0x000000e4f7900000)]
  0x00000207d9971800 JavaThread "Swing-Shell" daemon [_thread_blocked, id=8664, stack(0x000000e4f5800000,0x000000e4f5d00000)]
  0x00000207db28f800 JavaThread "Monitor File Timestamp" [_thread_in_vm, id=4132, stack(0x000000e4f4900000,0x000000e4f4e00000)]
  0x00000207c80ef800 JavaThread "Process Messages" [_thread_in_vm, id=9776, stack(0x000000e4f3000000,0x000000e4f3500000)]
  0x00000207c7cc3800 JavaThread "Thread-3" [_thread_in_native, id=2156, stack(0x000000e4ec700000,0x000000e4edb00000)]
=>0x00000207c7cb1000 JavaThread "AWT-EventQueue-1" [_thread_in_native, id=3508, stack(0x000000e4f2b00000,0x000000e4f3000000)]
  0x00000207d9606800 JavaThread "AWT-EventQueue-0" [_thread_blocked, id=9740, stack(0x000000e4f2600000,0x000000e4f2b00000)]
  0x00000207d9607800 JavaThread "AWT-Windows" daemon [_thread_in_native, id=1960, stack(0x000000e4f2100000,0x000000e4f2600000)]
  0x00000207d95f1800 JavaThread "AWT-Shutdown" [_thread_blocked, id=2184, stack(0x000000e4f1c00000,0x000000e4f2100000)]
  0x00000207d95f3000 JavaThread "Java2D Disposer" daemon [_thread_blocked, id=10076, stack(0x000000e4f1700000,0x000000e4f1c00000)]
  0x00000207d991f800 JavaThread "TimerQueue" daemon [_thread_blocked, id=8644, stack(0x000000e4f0d00000,0x000000e4f1200000)]
  0x00000207d8fed800 JavaThread "Service Thread" daemon [_thread_blocked, id=7596, stack(0x000000e4f0700000,0x000000e4f0c00000)]
  0x00000207d8e64800 JavaThread "C1 CompilerThread1" daemon [_thread_blocked, id=9588, stack(0x000000e4f0600000,0x000000e4f0700000)]
  0x00000207d8e69800 JavaThread "C2 CompilerThread0" daemon [_thread_blocked, id=9004, stack(0x000000e4f0500000,0x000000e4f0600000)]
  0x00000207d8e6a800 JavaThread "Attach Listener" daemon [_thread_blocked, id=9444, stack(0x000000e4f0000000,0x000000e4f0500000)]
  0x00000207d8e6b800 JavaThread "Signal Dispatcher" daemon [_thread_blocked, id=6076, stack(0x000000e4efb00000,0x000000e4f0000000)]
  0x00000207c85a1800 JavaThread "Finalizer" daemon [_thread_blocked, id=9768, stack(0x000000e4ef600000,0x000000e4efb00000)]
  0x00000207d8e21800 JavaThread "Reference Handler" daemon [_thread_blocked, id=8208, stack(0x000000e4ef100000,0x000000e4ef600000)]
  0x00000207c5f05800 JavaThread "main" [_thread_blocked, id=3628, stack(0x000000e4eef00000,0x000000e4ef000000)]

Other Threads:
  0x00000207d8e25000 VMThread [stack: 0x000000e4ef000000,0x000000e4ef100000] [id=3572]
  0x00000207d8fec000 WatcherThread [stack: 0x000000e4f0c00000,0x000000e4f0d00000] [id=7428]

VM state:not at safepoint (normal execution)

VM Mutex/Monitor currently owned by a thread: None

Heap:
 def new generation   total 55296K, used 24045K [0x0000000700000000, 0x0000000703c00000, 0x0000000703c00000)
  eden space 49152K,  36% used [0x0000000700000000, 0x000000070117b5a8, 0x0000000703000000)
  from space 6144K,  99% used [0x0000000703600000, 0x0000000703bffff8, 0x0000000703c00000)
  to   space 6144K,   0% used [0x0000000703000000, 0x0000000703000000, 0x0000000703600000)
 tenured generation   total 110480K, used 65121K [0x0000000703c00000, 0x000000070a7e4000, 0x00000007c0000000)
   the space 110480K,  58% used [0x0000000703c00000, 0x0000000707b98580, 0x0000000707b98600, 0x000000070a7e4000)
 Metaspace       used 57885K, capacity 58207K, committed 58752K, reserved 1099776K
  class space    used 8470K, capacity 8534K, committed 8576K, reserved 1048576K

Card table byte_map: [0x00000207d7970000,0x00000207d7f80000] byte_map_base: 0x00000207d4170000

Polling page: 0x00000207c5af0000

CodeCache: size=245760Kb used=39758Kb max_used=40438Kb free=206001Kb
 bounds [0x00000207c85b0000, 0x00000207cad90000, 0x00000207d75b0000]
 total_blobs=10973 nmethods=10090 adapters=789
 compilation: enabled

Compilation events (10 events):
Event: 560.659 Thread 0x00000207d8e64800 13001       3       java.awt.Component::adjustListeningChildrenOnParent (17 bytes)
Event: 560.660 Thread 0x00000207d8e64800 nmethod 13001 0x00000207c8bb2cd0 code [0x00000207c8bb2e40, 0x00000207c8bb3088]
Event: 560.662 Thread 0x00000207d8e69800 13002       4       javax.swing.plaf.basic.BasicTreeUI::getPreferredSize (101 bytes)
Event: 560.683 Thread 0x00000207d8e64800 13004   !   3       sun.awt.im.InputMethodManager::getInstance (85 bytes)
Event: 560.684 Thread 0x00000207d8e64800 nmethod 13004 0x00000207c911c950 code [0x00000207c911cba0, 0x00000207c911dad0]
Event: 560.706 Thread 0x00000207d8e69800 nmethod 13002 0x00000207c94ca610 code [0x00000207c94ca7e0, 0x00000207c94cb168]
Event: 560.706 Thread 0x00000207d8e69800 13003       4       javax.swing.plaf.basic.BasicTreeUI::getPreferredSize (7 bytes)
Event: 560.707 Thread 0x00000207d8e69800 nmethod 13003 0x00000207c9c92090 code [0x00000207c9c921e0, 0x00000207c9c92268]
Event: 560.724 Thread 0x00000207d8e64800 13005       1       sun.awt.windows.WPanelPeer::getInsets (5 bytes)
Event: 560.724 Thread 0x00000207d8e64800 nmethod 13005 0x00000207c8bb2a10 code [0x00000207c8bb2b60, 0x00000207c8bb2c78]

GC Heap History (10 events):
Event: 292.800 GC heap before
{Heap before GC invocations=49 (full 7):
 def new generation   total 55296K, used 53331K [0x0000000700000000, 0x0000000703c00000, 0x0000000703c00000)
  eden space 49152K, 100% used [0x0000000700000000, 0x0000000703000000, 0x0000000703000000)
  from space 6144K,  68% used [0x0000000703000000, 0x0000000703414ee0, 0x0000000703600000)
  to   space 6144K,   0% used [0x0000000703600000, 0x0000000703600000, 0x0000000703c00000)
 tenured generation   total 110480K, used 61205K [0x0000000703c00000, 0x000000070a7e4000, 0x00000007c0000000)
   the space 110480K,  55% used [0x0000000703c00000, 0x00000007077c57e8, 0x00000007077c5800, 0x000000070a7e4000)
 Metaspace       used 57535K, capacity 57819K, committed 58496K, reserved 1099776K
  class space    used 8417K, capacity 8470K, committed 8576K, reserved 1048576K
Event: 292.815 GC heap after
Heap after GC invocations=50 (full 7):
 def new generation   total 55296K, used 2728K [0x0000000700000000, 0x0000000703c00000, 0x0000000703c00000)
  eden space 49152K,   0% used [0x0000000700000000, 0x0000000700000000, 0x0000000703000000)
  from space 6144K,  44% used [0x0000000703600000, 0x00000007038aa350, 0x0000000703c00000)
  to   space 6144K,   0% used [0x0000000703000000, 0x0000000703000000, 0x0000000703600000)
 tenured generation   total 110480K, used 62132K [0x0000000703c00000, 0x000000070a7e4000, 0x00000007c0000000)
   the space 110480K,  56% used [0x0000000703c00000, 0x00000007078ad140, 0x00000007078ad200, 0x000000070a7e4000)
 Metaspace       used 57535K, capacity 57819K, committed 58496K, reserved 1099776K
  class space    used 8417K, capacity 8470K, committed 8576K, reserved 1048576K
}
Event: 296.241 GC heap before
{Heap before GC invocations=50 (full 7):
 def new generation   total 55296K, used 51880K [0x0000000700000000, 0x0000000703c00000, 0x0000000703c00000)
  eden space 49152K, 100% used [0x0000000700000000, 0x0000000703000000, 0x0000000703000000)
  from space 6144K,  44% used [0x0000000703600000, 0x00000007038aa350, 0x0000000703c00000)
  to   space 6144K,   0% used [0x0000000703000000, 0x0000000703000000, 0x0000000703600000)
 tenured generation   total 110480K, used 62132K [0x0000000703c00000, 0x000000070a7e4000, 0x00000007c0000000)
   the space 110480K,  56% used [0x0000000703c00000, 0x00000007078ad140, 0x00000007078ad200, 0x000000070a7e4000)
 Metaspace       used 57589K, capacity 57883K, committed 58496K, reserved 1099776K
  class space    used 8417K, capacity 8470K, committed 8576K, reserved 1048576K
Event: 296.257 GC heap after
Heap after GC invocations=51 (full 7):
 def new generation   total 55296K, used 3198K [0x0000000700000000, 0x0000000703c00000, 0x0000000703c00000)
  eden space 49152K,   0% used [0x0000000700000000, 0x0000000700000000, 0x0000000703000000)
  from space 6144K,  52% used [0x0000000703000000, 0x000000070331f9f8, 0x0000000703600000)
  to   space 6144K,   0% used [0x0000000703600000, 0x0000000703600000, 0x0000000703c00000)
 tenured generation   total 110480K, used 62132K [0x0000000703c00000, 0x000000070a7e4000, 0x00000007c0000000)
   the space 110480K,  56% used [0x0000000703c00000, 0x00000007078ad140, 0x00000007078ad200, 0x000000070a7e4000)
 Metaspace       used 57589K, capacity 57883K, committed 58496K, reserved 1099776K
  class space    used 8417K, capacity 8470K, committed 8576K, reserved 1048576K
}
Event: 507.331 GC heap before
{Heap before GC invocations=51 (full 7):
 def new generation   total 55296K, used 52350K [0x0000000700000000, 0x0000000703c00000, 0x0000000703c00000)
  eden space 49152K, 100% used [0x0000000700000000, 0x0000000703000000, 0x0000000703000000)
  from space 6144K,  52% used [0x0000000703000000, 0x000000070331f9f8, 0x0000000703600000)
  to   space 6144K,   0% used [0x0000000703600000, 0x0000000703600000, 0x0000000703c00000)
 tenured generation   total 110480K, used 62132K [0x0000000703c00000, 0x000000070a7e4000, 0x00000007c0000000)
   the space 110480K,  56% used [0x0000000703c00000, 0x00000007078ad140, 0x00000007078ad200, 0x000000070a7e4000)
 Metaspace       used 57851K, capacity 58143K, committed 58752K, reserved 1099776K
  class space    used 8468K, capacity 8534K, committed 8576K, reserved 1048576K
Event: 507.384 GC heap after
Heap after GC invocations=52 (full 7):
 def new generation   total 55296K, used 4804K [0x0000000700000000, 0x0000000703c00000, 0x0000000703c00000)
  eden space 49152K,   0% used [0x0000000700000000, 0x0000000700000000, 0x0000000703000000)
  from space 6144K,  78% used [0x0000000703600000, 0x0000000703ab10c8, 0x0000000703c00000)
  to   space 6144K,   0% used [0x0000000703000000, 0x0000000703000000, 0x0000000703600000)
 tenured generation   total 110480K, used 62242K [0x0000000703c00000, 0x000000070a7e4000, 0x00000007c0000000)
   the space 110480K,  56% used [0x0000000703c00000, 0x00000007078c88e8, 0x00000007078c8a00, 0x000000070a7e4000)
 Metaspace       used 57851K, capacity 58143K, committed 58752K, reserved 1099776K
  class space    used 8468K, capacity 8534K, committed 8576K, reserved 1048576K
}
Event: 560.009 GC heap before
{Heap before GC invocations=52 (full 7):
 def new generation   total 55296K, used 53956K [0x0000000700000000, 0x0000000703c00000, 0x0000000703c00000)
  eden space 49152K, 100% used [0x0000000700000000, 0x0000000703000000, 0x0000000703000000)
  from space 6144K,  78% used [0x0000000703600000, 0x0000000703ab10c8, 0x0000000703c00000)
  to   space 6144K,   0% used [0x0000000703000000, 0x0000000703000000, 0x0000000703600000)
 tenured generation   total 110480K, used 62242K [0x0000000703c00000, 0x000000070a7e4000, 0x00000007c0000000)
   the space 110480K,  56% used [0x0000000703c00000, 0x00000007078c88e8, 0x00000007078c8a00, 0x000000070a7e4000)
 Metaspace       used 57870K, capacity 58207K, committed 58752K, reserved 1099776K
  class space    used 8470K, capacity 8534K, committed 8576K, reserved 1048576K
Event: 560.027 GC heap after
Heap after GC invocations=53 (full 7):
 def new generation   total 55296K, used 3758K [0x0000000700000000, 0x0000000703c00000, 0x0000000703c00000)
  eden space 49152K,   0% used [0x0000000700000000, 0x0000000700000000, 0x0000000703000000)
  from space 6144K,  61% used [0x0000000703000000, 0x00000007033aba38, 0x0000000703600000)
  to   space 6144K,   0% used [0x0000000703600000, 0x0000000703600000, 0x0000000703c00000)
 tenured generation   total 110480K, used 64193K [0x0000000703c00000, 0x000000070a7e4000, 0x00000007c0000000)
   the space 110480K,  58% used [0x0000000703c00000, 0x0000000707ab0400, 0x0000000707ab0400, 0x000000070a7e4000)
 Metaspace       used 57870K, capacity 58207K, committed 58752K, reserved 1099776K
  class space    used 8470K, capacity 8534K, committed 8576K, reserved 1048576K
}
Event: 560.316 GC heap before
{Heap before GC invocations=53 (full 7):
 def new generation   total 55296K, used 52910K [0x0000000700000000, 0x0000000703c00000, 0x0000000703c00000)
  eden space 49152K, 100% used [0x0000000700000000, 0x0000000703000000, 0x0000000703000000)
  from space 6144K,  61% used [0x0000000703000000, 0x00000007033aba38, 0x0000000703600000)
  to   space 6144K,   0% used [0x0000000703600000, 0x0000000703600000, 0x0000000703c00000)
 tenured generation   total 110480K, used 64193K [0x0000000703c00000, 0x000000070a7e4000, 0x00000007c0000000)
   the space 110480K,  58% used [0x0000000703c00000, 0x0000000707ab0400, 0x0000000707ab0400, 0x000000070a7e4000)
 Metaspace       used 57877K, capacity 58207K, committed 58752K, reserved 1099776K
  class space    used 8470K, capacity 8534K, committed 8576K, reserved 1048576K
Event: 560.339 GC heap after
Heap after GC invocations=54 (full 7):
 def new generation   total 55296K, used 6143K [0x0000000700000000, 0x0000000703c00000, 0x0000000703c00000)
  eden space 49152K,   0% used [0x0000000700000000, 0x0000000700000000, 0x0000000703000000)
  from space 6144K,  99% used [0x0000000703600000, 0x0000000703bffff8, 0x0000000703c00000)
  to   space 6144K,   0% used [0x0000000703000000, 0x0000000703000000, 0x0000000703600000)
 tenured generation   total 110480K, used 65121K [0x0000000703c00000, 0x000000070a7e4000, 0x00000007c0000000)
   the space 110480K,  58% used [0x0000000703c00000, 0x0000000707b98580, 0x0000000707b98600, 0x000000070a7e4000)
 Metaspace       used 57877K, capacity 58207K, committed 58752K, reserved 1099776K
  class space    used 8470K, capacity 8534K, committed 8576K, reserved 1048576K
}

Deoptimization events (10 events):
Event: 285.475 Thread 0x00000207c7cb1000 Uncommon trap: reason=bimorphic action=maybe_recompile pc=0x00000207caa1a6e4 method=java.awt.Component.addNotify()V @ 397
Event: 285.484 Thread 0x00000207c7cb1000 Uncommon trap: reason=class_check action=maybe_recompile pc=0x00000207caa125b0 method=javax.swing.text.html.HTMLEditorKit$HTMLFactory$BodyBlockView.layoutMinorAxis(II[I[I)V @ 21
Event: 285.500 Thread 0x00000207c7cb1000 Uncommon trap: reason=class_check action=maybe_recompile pc=0x00000207ca23ae98 method=javax.swing.text.CompositeView.getInsideAllocation(Ljava/awt/Shape;)Ljava/awt/Rectangle; @ 43
Event: 285.500 Thread 0x00000207c7cb1000 Uncommon trap: reason=unreached action=reinterpret pc=0x00000207ca23ac14 method=javax.swing.text.BoxView.forwardUpdate(Ljavax/swing/event/DocumentEvent$ElementChange;Ljavax/swing/event/DocumentEvent;Ljava/awt/Shape;Ljavax/swing/text/ViewFactory;)V @ 42
Event: 285.502 Thread 0x00000207c7cb1000 Uncommon trap: reason=class_check action=maybe_recompile pc=0x00000207caa125b0 method=javax.swing.text.html.HTMLEditorKit$HTMLFactory$BodyBlockView.layoutMinorAxis(II[I[I)V @ 21
Event: 288.164 Thread 0x00000207c7cb1000 Uncommon trap: reason=bimorphic action=maybe_recompile pc=0x00000207ca689828 method=java.awt.Component.removeNotify()V @ 310
Event: 288.164 Thread 0x00000207c7cb1000 Uncommon trap: reason=bimorphic action=maybe_recompile pc=0x00000207ca689828 method=java.awt.Component.removeNotify()V @ 310
Event: 295.314 Thread 0x00000207c7cb1000 Uncommon trap: reason=unloaded action=reinterpret pc=0x00000207cac83078 method=ui.b.b.t.a(Lcom/jidesoft/swing/StyledLabel;Ljava/awt/Color;)V @ 22
Event: 390.266 Thread 0x00000207c7cb1000 Uncommon trap: reason=unreached action=reinterpret pc=0x00000207ca5826e4 method=com.jidesoft.grid.TableModelWrapperImpl.getColumnCount()I @ 10
Event: 559.769 Thread 0x00000207c7cb1000 Uncommon trap: reason=null_check action=make_not_entrant pc=0x00000207c9616c68 method=javax.swing.text.GapContent$MarkData.getPosition()Ljavax/swing/text/GapContent$StickyPosition; @ 4

Internal exceptions (10 events):
Event: 390.248 Thread 0x00000207c7cb1000 Exception <a 'java/security/PrivilegedActionException'> (0x00000007028bdf50) thrown at [D:\re\workspace\8-2-build-windows-amd64-cygwin\jdk8u25\1677\hotspot\src\share\vm\prims\jvm.cpp, line 1312]
Event: 390.265 Thread 0x00000207c7cb1000 Exception <a 'java/security/PrivilegedActionException'> (0x0000000702901800) thrown at [D:\re\workspace\8-2-build-windows-amd64-cygwin\jdk8u25\1677\hotspot\src\share\vm\prims\jvm.cpp, line 1312]
Event: 390.265 Thread 0x00000207c7cb1000 Exception <a 'java/security/PrivilegedActionException'> (0x0000000702904fa0) thrown at [D:\re\workspace\8-2-build-windows-amd64-cygwin\jdk8u25\1677\hotspot\src\share\vm\prims\jvm.cpp, line 1312]
Event: 390.266 Thread 0x00000207c7cb1000 Exception <a 'java/security/PrivilegedActionException'> (0x000000070290b8e0) thrown at [D:\re\workspace\8-2-build-windows-amd64-cygwin\jdk8u25\1677\hotspot\src\share\vm\prims\jvm.cpp, line 1312]
Event: 497.866 Thread 0x00000207db392800 Exception <a 'java/security/PrivilegedActionException'> (0x0000000702f9d6d8) thrown at [D:\re\workspace\8-2-build-windows-amd64-cygwin\jdk8u25\1677\hotspot\src\share\vm\prims\jvm.cpp, line 1312]
Event: 512.092 Thread 0x00000207db392800 Exception <a 'java/security/PrivilegedActionException'> (0x00000007000077e8) thrown at [D:\re\workspace\8-2-build-windows-amd64-cygwin\jdk8u25\1677\hotspot\src\share\vm\prims\jvm.cpp, line 1312]
Event: 557.901 Thread 0x00000207c7cb1000 Exception <a 'ui/frmwork/CommandFailedException'> (0x00000007007d27a8) thrown at [D:\re\workspace\8-2-build-windows-amd64-cygwin\jdk8u25\1677\hotspot\src\share\vm\prims\jni.cpp, line 716]
Event: 557.902 Thread 0x00000207c7cb1000 Exception <a 'ui/frmwork/CommandFailedException'> (0x00000007007d7350) thrown at [D:\re\workspace\8-2-build-windows-amd64-cygwin\jdk8u25\1677\hotspot\src\share\vm\prims\jni.cpp, line 716]
Event: 559.510 Thread 0x00000207c7cb1000 Exception <a 'java/security/PrivilegedActionException'> (0x0000000700b01398) thrown at [D:\re\workspace\8-2-build-windows-amd64-cygwin\jdk8u25\1677\hotspot\src\share\vm\prims\jvm.cpp, line 1312]
Event: 559.769 Thread 0x00000207c7cb1000 Implicit null exception at 0x00000207c9614d58 to 0x00000207c9616c3d

Events (10 events):
Event: 560.009 Executing VM operation: GenCollectForAllocation
Event: 560.027 Executing VM operation: GenCollectForAllocation done
Event: 560.316 Executing VM operation: GenCollectForAllocation
Event: 560.339 Executing VM operation: GenCollectForAllocation done
Event: 560.681 Executing VM operation: RevokeBias
Event: 560.681 Executing VM operation: RevokeBias done
Event: 560.682 Executing VM operation: RevokeBias
Event: 560.682 Executing VM operation: RevokeBias done
Event: 560.704 Executing VM operation: BulkRevokeBias
Event: 560.704 Executing VM operation: BulkRevokeBias done


Dynamic libraries:
0x00007ff7dcf20000 - 0x00007ff7dcf5d000 	C:\Xilinx\Vivado\2015.2\bin\unwrapped\win64.o\vivado.exe
0x00007ffddda00000 - 0x00007ffdddbd1000 	C:\Windows\SYSTEM32\ntdll.dll
0x00007ffddb440000 - 0x00007ffddb4eb000 	C:\Windows\System32\KERNEL32.DLL
0x00007ffdda4b0000 - 0x00007ffdda6cd000 	C:\Windows\System32\KERNELBASE.dll
0x000000000a900000 - 0x000000000a98d000 	C:\Xilinx\Vivado\2015.2\lib\win64.o\SHSMP64.dll
0x00007ffddcad0000 - 0x00007ffddcc35000 	C:\Windows\System32\USER32.dll
0x00007ffdda6d0000 - 0x00007ffdda6ee000 	C:\Windows\System32\win32u.dll
0x00007ffddb260000 - 0x00007ffddb294000 	C:\Windows\System32\GDI32.dll
0x00007ffdda000000 - 0x00007ffdda182000 	C:\Windows\System32\gdi32full.dll
0x00007ffddd3c0000 - 0x00007ffddd462000 	C:\Windows\System32\ADVAPI32.dll
0x00007ffddaff0000 - 0x00007ffddb08e000 	C:\Windows\System32\msvcrt.dll
0x00007ffddcdc0000 - 0x00007ffddce19000 	C:\Windows\System32\sechost.dll
0x00007ffddd470000 - 0x00007ffddd591000 	C:\Windows\System32\RPCRT4.dll
0x00007ffdcc250000 - 0x00007ffdcc263000 	C:\Xilinx\Vivado\2015.2\lib\win64.o\libboost_signals.dll
0x00007ffdbc260000 - 0x00007ffdbcba3000 	C:\Xilinx\Vivado\2015.2\lib\win64.o\librdi_common.dll
0x00007ffddcda0000 - 0x00007ffddcda8000 	C:\Windows\System32\PSAPI.DLL
0x00007ffddb4f0000 - 0x00007ffddc9f8000 	C:\Windows\System32\SHELL32.dll
0x00007ffdda460000 - 0x00007ffdda4a2000 	C:\Windows\System32\cfgmgr32.dll
0x00007ffdda760000 - 0x00007ffddae3a000 	C:\Windows\System32\windows.storage.dll
0x00007ffddcf60000 - 0x00007ffddd227000 	C:\Windows\System32\combase.dll
0x00007ffdda190000 - 0x00007ffdda285000 	C:\Windows\System32\ucrtbase.dll
0x00007ffdda6f0000 - 0x00007ffdda75a000 	C:\Windows\System32\bcryptPrimitives.dll
0x00007ffdd9e60000 - 0x00007ffdd9eac000 	C:\Windows\System32\powrprof.dll
0x00007ffddb160000 - 0x00007ffddb1b2000 	C:\Windows\System32\shlwapi.dll
0x00007ffdd9ee0000 - 0x00007ffdd9eef000 	C:\Windows\System32\kernel.appcore.dll
0x00007ffddae40000 - 0x00007ffddaee9000 	C:\Windows\System32\shcore.dll
0x00007ffdd9eb0000 - 0x00007ffdd9ec4000 	C:\Windows\System32\profapi.dll
0x00007ffdcc230000 - 0x00007ffdcc241000 	C:\Xilinx\Vivado\2015.2\lib\win64.o\librdi_commonmain.dll
0x00007ffdbc170000 - 0x00007ffdbc217000 	C:\Windows\SYSTEM32\MSVCP110.dll
0x00007ffdbc090000 - 0x00007ffdbc164000 	C:\Windows\SYSTEM32\MSVCR110.dll
0x00007ffdd5eb0000 - 0x00007ffdd5eba000 	C:\Windows\SYSTEM32\VERSION.dll
0x00007ffdbf240000 - 0x00007ffdbf4e8000 	C:\Xilinx\Vivado\2015.2\lib\win64.o\libCOIN-all.dll
0x00007ffdbec70000 - 0x00007ffdbee90000 	C:\Xilinx\Vivado\2015.2\lib\win64.o\libXil_lmgr11.dll
0x00007ffddd2c0000 - 0x00007ffddd3ba000 	C:\Windows\System32\COMDLG32.dll
0x00007ffddca00000 - 0x00007ffddcabf000 	C:\Windows\System32\OLEAUT32.dll
0x00007ffddaef0000 - 0x00007ffddaf8c000 	C:\Windows\System32\msvcp_win.dll
0x00007ffddce20000 - 0x00007ffddcf57000 	C:\Windows\System32\ole32.dll
0x00007ffdd9fa0000 - 0x00007ffdd9ff5000 	C:\Windows\System32\WINTRUST.dll
0x00007ffdd9ed0000 - 0x00007ffdd9ee0000 	C:\Windows\System32\MSASN1.dll
0x00007ffdda290000 - 0x00007ffdda458000 	C:\Windows\System32\CRYPT32.dll
0x00007ffdd2b10000 - 0x00007ffdd2b20000 	C:\Xilinx\Vivado\2015.2\lib\win64.o\libboost_date_time.dll
0x00007ffdcb570000 - 0x00007ffdcb592000 	C:\Xilinx\Vivado\2015.2\lib\win64.o\libboost_filesystem.dll
0x00007ffdc61b0000 - 0x00007ffdc6224000 	C:\Xilinx\Vivado\2015.2\lib\win64.o\libboost_program_options.dll
0x00007ffdc2e10000 - 0x00007ffdc2f0a000 	C:\Xilinx\Vivado\2015.2\lib\win64.o\libboost_regex.dll
0x00007ffdd1d60000 - 0x00007ffdd1d69000 	C:\Xilinx\Vivado\2015.2\lib\win64.o\libboost_system.dll
0x00007ffdcbb30000 - 0x00007ffdcbb4d000 	C:\Xilinx\Vivado\2015.2\lib\win64.o\libboost_thread.dll
0x00007ffdc5530000 - 0x00007ffdc55b0000 	C:\Xilinx\Vivado\2015.2\lib\win64.o\libhdlpsolve.dll
0x00007ffdc46f0000 - 0x00007ffdc478a000 	C:\Xilinx\Vivado\2015.2\lib\win64.o\libhdxml.dll
0x00007ffdb1df0000 - 0x00007ffdb23fa200 	C:\Xilinx\Vivado\2015.2\lib\win64.o\libisl_iostreams.dll
0x00007ffdcb210000 - 0x00007ffdcb233000 	C:\Xilinx\Vivado\2015.2\lib\win64.o\libisl_iosutils.dll
0x00007ffdcb160000 - 0x00007ffdcb18a000 	C:\Xilinx\Vivado\2015.2\lib\win64.o\libisl_sysinfo.dll
0x00007ffddd250000 - 0x00007ffddd2ba000 	C:\Windows\System32\WS2_32.dll
0x000000005c9b0000 - 0x000000005d20a000 	C:\Xilinx\Vivado\2015.2\tps\win64\jre\bin\server\jvm.dll
0x00007ffdcb530000 - 0x00007ffdcb545000 	C:\Xilinx\Vivado\2015.2\lib\win64.o\pthreadVC2.dll
0x00007ffdc51c0000 - 0x00007ffdc5214000 	C:\Xilinx\Vivado\2015.2\lib\win64.o\librdi_commonxillic.dll
0x00007ffdbfee0000 - 0x00007ffdc0010000 	C:\Xilinx\Vivado\2015.2\lib\win64.o\librdi_curl.dll
0x00007ffdcb1f0000 - 0x00007ffdcb208000 	C:\Xilinx\Vivado\2015.2\lib\win64.o\librdiconfig.dll
0x00007ffdca540000 - 0x00007ffdca563000 	C:\Xilinx\Vivado\2015.2\lib\win64.o\librdizlib.dll
0x000000005c880000 - 0x000000005c9a7000 	C:\Xilinx\Vivado\2015.2\lib\win64.o\tcl85t.dll
0x0000000012000000 - 0x0000000012263000 	C:\Xilinx\Vivado\2015.2\lib\win64.o\xerces-c_3_1.dll
0x00007ffdcc7e0000 - 0x00007ffdcca73000 	C:\Windows\SYSTEM32\WININET.dll
0x00007ffdd14b0000 - 0x00007ffdd157c000 	C:\Windows\SYSTEM32\WINHTTP.dll
0x00007ffdce7b0000 - 0x00007ffdce972000 	C:\Windows\SYSTEM32\urlmon.dll
0x00007ffdc8370000 - 0x00007ffdc8379000 	C:\Windows\SYSTEM32\WSOCK32.dll
0x00007ffdbab40000 - 0x00007ffdbab63000 	C:\Windows\SYSTEM32\VCOMP110.DLL
0x00007ffdd1b80000 - 0x00007ffdd1b89000 	C:\Xilinx\Vivado\2015.2\lib\win64.o\librdi_commonversion.dll
0x00007ffdcf3d0000 - 0x00007ffdcf3e8000 	C:\Windows\SYSTEM32\NETAPI32.dll
0x00007ffdbd450000 - 0x00007ffdbd4fc000 	C:\Windows\WinSxS\amd64_microsoft.windows.common-controls_6595b64144ccf1df_5.82.14393.0_none_4151bdeb4bbdd21f\COMCTL32.dll
0x00007ffdd1b60000 - 0x00007ffdd1b6b000 	C:\Xilinx\Vivado\2015.2\lib\win64.o\libboost_chrono.dll
0x00007ffdc5fa0000 - 0x00007ffdc5fb6000 	C:\Xilinx\Vivado\2015.2\lib\win64.o\libboost_iostreams.dll
0x00007ffdd8420000 - 0x00007ffdd8443000 	C:\Windows\SYSTEM32\WINMM.dll
0x00007ffdd37a0000 - 0x00007ffdd3a42000 	C:\Windows\SYSTEM32\iertutil.dll
0x00007ffdd83c0000 - 0x00007ffdd83eb000 	C:\Windows\SYSTEM32\WINMMBASE.dll
0x000000005c7a0000 - 0x000000005c872000 	C:\Xilinx\Vivado\2015.2\tps\win64\jre\bin\MSVCR100.dll
0x00007ffddd9d0000 - 0x00007ffddd9fe000 	C:\Windows\System32\IMM32.DLL
0x00007ffdb6b00000 - 0x00007ffdb6f0a000 	C:\Xilinx\Vivado\2015.2\lib\win64.o\librdi_commontasks.dll
0x00007ffdab730000 - 0x00007ffdabf40000 	C:\Xilinx\Vivado\2015.2\lib\win64.o\libXil_lmgr11FNP.dll
0x00007ffddd5a0000 - 0x00007ffddd9c9000 	C:\Windows\System32\SETUPAPI.dll
0x00007ffdd93c0000 - 0x00007ffdd93f8000 	C:\Windows\SYSTEM32\iphlpapi.dll
0x00007ffdd1ed0000 - 0x00007ffdd1edc000 	C:\Windows\SYSTEM32\snmpapi.dll
0x00007ffdb9820000 - 0x00007ffdb98a5000 	C:\Windows\SYSTEM32\WINSPOOL.DRV
0x00007ffdc9e90000 - 0x00007ffdc9ef5000 	C:\Windows\SYSTEM32\OLEACC.dll
0x00007ffdd9d00000 - 0x00007ffdd9d2b000 	C:\Windows\SYSTEM32\bcrypt.dll
0x00007ffdd98d0000 - 0x00007ffdd98e7000 	C:\Windows\SYSTEM32\CRYPTSP.dll
0x00007ffdd97b0000 - 0x00007ffdd97e3000 	C:\Windows\system32\rsaenh.dll
0x00007ffdd98f0000 - 0x00007ffdd98fb000 	C:\Windows\SYSTEM32\CRYPTBASE.dll
0x00007ffdd9ad0000 - 0x00007ffdd9afc000 	C:\Windows\SYSTEM32\SspiCli.dll
0x00007ffdd8a70000 - 0x00007ffdd8a98000 	C:\Windows\SYSTEM32\DEVOBJ.dll
0x00007ffdd85f0000 - 0x00007ffdd8685000 	C:\Windows\system32\uxtheme.dll
0x00007ffdcf150000 - 0x00007ffdcf166000 	C:\Windows\system32\napinsp.dll
0x00007ffdcf3a0000 - 0x00007ffdcf3ba000 	C:\Windows\system32\pnrpnsp.dll
0x00007ffdd7740000 - 0x00007ffdd7758000 	C:\Windows\system32\NLAapi.dll
0x00007ffdd9630000 - 0x00007ffdd968c000 	C:\Windows\System32\mswsock.dll
0x00007ffdd9410000 - 0x00007ffdd94b0000 	C:\Windows\SYSTEM32\DNSAPI.dll
0x00007ffddcac0000 - 0x00007ffddcac8000 	C:\Windows\System32\NSI.dll
0x00007ffdcf3c0000 - 0x00007ffdcf3ce000 	C:\Windows\System32\winrnr.dll
0x00007ffdd2a10000 - 0x00007ffdd2a7a000 	C:\Windows\System32\fwpuclnt.dll
0x00007ffdd10e0000 - 0x00007ffdd10ea000 	C:\Windows\System32\rasadhlp.dll
0x00007ffdd0850000 - 0x00007ffdd085a000 	C:\Windows\system32\wshqos.dll
0x00007ffdd0840000 - 0x00007ffdd0848000 	C:\Windows\SYSTEM32\wshtcpip.DLL
0x00007ffdd0830000 - 0x00007ffdd0838000 	C:\Windows\SYSTEM32\wship6.dll
0x00007ffddb1c0000 - 0x00007ffddb25f000 	C:\Windows\System32\clbcatq.dll
0x00007ffdd56f0000 - 0x00007ffdd5706000 	C:\Windows\SYSTEM32\dhcpcsvc6.DLL
0x00007ffdd5da0000 - 0x00007ffdd5dba000 	C:\Windows\SYSTEM32\dhcpcsvc.DLL
0x00007ffdd5710000 - 0x00007ffdd571b000 	C:\Windows\SYSTEM32\WINNSI.DLL
0x00000207c5190000 - 0x00000207c5193000 	C:\Windows\SYSTEM32\icmp.Dll
0x00007ffdab190000 - 0x00007ffdab72b000 	C:\Xilinx\Vivado\2015.2\lib\win64.o\librdi_coretasks.dll
0x00007ffdbf6b0000 - 0x00007ffdbf7ea000 	C:\Xilinx\Vivado\2015.2\lib\win64.o\librdi_board.dll
0x00007ffdbd6b0000 - 0x00007ffdbd86e000 	C:\Xilinx\Vivado\2015.2\lib\win64.o\librdi_chipscope.dll
0x00007ffda8b90000 - 0x00007ffda9c9b000 	C:\Xilinx\Vivado\2015.2\lib\win64.o\librdi_constraints.dll
0x00007ffda73a0000 - 0x00007ffda8b90000 	C:\Xilinx\Vivado\2015.2\lib\win64.o\librdi_coregen.dll
0x00007ffda3d10000 - 0x00007ffda7395000 	C:\Xilinx\Vivado\2015.2\lib\win64.o\librdi_designutils.dll
0x00007ffd9d210000 - 0x00007ffda3d0f000 	C:\Xilinx\Vivado\2015.2\lib\win64.o\librdi_device.dll
0x00007ffdaacf0000 - 0x00007ffdab183000 	C:\Xilinx\Vivado\2015.2\lib\win64.o\librdi_drc.dll
0x00007ffdb1900000 - 0x00007ffdb1c2d000 	C:\Xilinx\Vivado\2015.2\lib\win64.o\librdi_filemgmt.dll
0x00007ffdaa8c0000 - 0x00007ffdaace2000 	C:\Xilinx\Vivado\2015.2\lib\win64.o\librdi_netlist.dll
0x00007ffd9bbe0000 - 0x00007ffd9d204000 	C:\Xilinx\Vivado\2015.2\lib\win64.o\librdi_place.dll
0x00007ffd9b6f0000 - 0x00007ffd9bbd1000 	C:\Xilinx\Vivado\2015.2\lib\win64.o\librdi_power.dll
0x00007ffd9b2f0000 - 0x00007ffd9b6eb000 	C:\Xilinx\Vivado\2015.2\lib\win64.o\librdi_project.dll
0x00007ffdc5c60000 - 0x00007ffdc5cad000 	C:\Xilinx\Vivado\2015.2\lib\win64.o\librdi_projectbase.dll
0x00007ffd9ae60000 - 0x00007ffd9b2f0000 	C:\Xilinx\Vivado\2015.2\lib\win64.o\librdi_psta.dll
0x00007ffd9aa30000 - 0x00007ffd9ae58000 	C:\Xilinx\Vivado\2015.2\lib\win64.o\librdi_rsb.dll
0x00007ffdbd1a0000 - 0x00007ffdbd3f6000 	C:\Xilinx\Vivado\2015.2\lib\win64.o\librdi_runs.dll
0x00007ffdc45a0000 - 0x00007ffdc45f9000 	C:\Xilinx\Vivado\2015.2\lib\win64.o\librdi_runsbase.dll
0x00007ffd9a120000 - 0x00007ffd9aa2e000 	C:\Xilinx\Vivado\2015.2\lib\win64.o\librdi_timing.dll
0x00007ffdc4530000 - 0x00007ffdc4593000 	C:\Xilinx\Vivado\2015.2\lib\win64.o\liblmx6.0.dll
0x00007ffdc41a0000 - 0x00007ffdc41fd000 	C:\Xilinx\Vivado\2015.2\lib\win64.o\librdi_boarddep.dll
0x00007ffd99a60000 - 0x00007ffd9a119000 	C:\Xilinx\Vivado\2015.2\lib\win64.o\librdi_coregenipxact.dll

VM Arguments:
jvm_args: -Dsun.java2d.pmoffscreen=false -Dsun.java2d.d3d=false -Dsun.awt.nopixfmt=true -Xverify:none -Dswing.aatext=true -XX:-UsePerfData -Djdk.map.althashing.threshold=512 -XX:StringTableSize=4072 -Djava.util.Arrays.useLegacyMergeSort=true -XX:NewSize=60m -XX:MaxNewSize=60m -Xms128m -Xmx3072m -Xss5m 
java_command: <unknown>
java_class_path (initial): C:/Xilinx/Vivado/2015.2\lib\classes\alloy.jar;C:/Xilinx/Vivado/2015.2\lib\classes\antlr-2.7.7.jar;C:/Xilinx/Vivado/2015.2\lib\classes\batik-anim.jar;C:/Xilinx/Vivado/2015.2\lib\classes\batik-awt-util.jar;C:/Xilinx/Vivado/2015.2\lib\classes\batik-bridge.jar;C:/Xilinx/Vivado/2015.2\lib\classes\batik-codec.jar;C:/Xilinx/Vivado/2015.2\lib\classes\batik-css.jar;C:/Xilinx/Vivado/2015.2\lib\classes\batik-dom.jar;C:/Xilinx/Vivado/2015.2\lib\classes\batik-ext.jar;C:/Xilinx/Vivado/2015.2\lib\classes\batik-gui-util.jar;C:/Xilinx/Vivado/2015.2\lib\classes\batik-gvt.jar;C:/Xilinx/Vivado/2015.2\lib\classes\batik-parser.jar;C:/Xilinx/Vivado/2015.2\lib\classes\batik-script.jar;C:/Xilinx/Vivado/2015.2\lib\classes\batik-svg-dom.jar;C:/Xilinx/Vivado/2015.2\lib\classes\batik-swing.jar;C:/Xilinx/Vivado/2015.2\lib\classes\batik-transcoder.jar;C:/Xilinx/Vivado/2015.2\lib\classes\batik-util.jar;C:/Xilinx/Vivado/2015.2\lib\classes\batik-xml.jar;C:/Xilinx/Vivado/2015.2\lib\classes\commons-logging.jar;C:/Xilinx/Vivado/2015.2\lib\classes\commons-math-2.2.jar;C:/Xilinx/Vivado/2015.2\lib\classes\dom4j-1.6.1.jar;C:/Xilinx/Vivado/2015.2\lib\classes\forms.jar;C:/Xilinx/Vivado/2015.2\lib\classes\guava-15.0.jar;C:/Xilinx/Vivado/2015.2\lib\classes\hsqldb.jar;C:/Xilinx/Vivado/2015.2\lib\classes\jdom.jar;C:/Xilinx/Vivado/2015.2\lib\classes\jide-action.jar;C:/Xilinx/Vivado/2015.2\lib\classes\jide-charts.jar;C:/Xilinx/Vivado/2015.2\lib\classes\jide-common.jar;C:/Xilinx/Vivado/2015.2\lib\classes\jide-components.jar;C:/Xilinx/Vivado/2015.2\lib\classes\jide-dashboard.jar;C:/Xilinx/Vivado/2015.2\lib\classes\jide-data.jar;C:/Xilinx/Vivado/2015.2\lib\classes\jide-dialogs.jar;C:/Xilinx/Vivado/2015.2\lib\classes\jide-diff.jar;C:/Xilinx/Vivado/2015.2\lib\classes\jide-dock.jar;C:/Xilinx/Vivado/2015.2\lib\classes\jide-editor.jar;C:/Xilinx/Vivado/2015.2\lib\classes\jide-gantt.jar;C:/Xilinx/Vivado/2015.2\lib\classes\jide-grids.jar;C:/Xilinx/Vivado/2015.2\lib\classes\jide-pivot.jar;C:/Xilin
Launcher Type: generic

Environment Variables:
PATH=C:/Xilinx/Vivado/2015.2/bin;C:/Xilinx/Vivado/2015.2/lib/win64.o;C:/Xilinx/Vivado/2015.2/tps/win64/jre/bin/server;C:/Xilinx/Vivado/2015.2/tps/win64/jre/bin;C:/Xilinx/SDK/2015.2/bin;C:/Xilinx/Vivado/2015.2/ids_lite/ISE/bin/nt64;C:/Xilinx/Vivado/2015.2/ids_lite/ISE/lib/nt64;C:/Xilinx/Vivado_HLS/2015.2/bin;C:\Windows\system32;C:\Windows;C:\Windows\System32\Wbem;C:\Windows\System32\WindowsPowerShell\v1.0\;C:\Users\sunny\AppData\Local\Microsoft\WindowsApps;
USERNAME=sunny
OS=Windows_NT
PROCESSOR_IDENTIFIER=Intel64 Family 6 Model 61 Stepping 4, GenuineIntel



---------------  S Y S T E M  ---------------

OS: Windows 8 , 64 bit Build 9200 

CPU:total 1 (1 cores per cpu, 1 threads per core) family 6 model 61 stepping 4, cmov, cx8, fxsr, mmx, sse, sse2, sse3, ssse3, sse4.1, sse4.2, popcnt, avx, aes, clmul, lzcnt, tsc, tscinvbit

Memory: 4k page, physical 4193844k(1536532k free), swap 5641308k(1235512k free)

vm_info: Java HotSpot(TM) 64-Bit Server VM (25.25-b02) for windows-amd64 JRE (1.8.0_25-b18), built on Oct  7 2014 14:25:37 by "java_re" with MS VC++ 10.0 (VS2010)

time: Fri Oct 28 05:01:45 2016
elapsed time: 561 seconds (0d 0h 9m 21s)

