#
# A fatal error has been detected by the Java Runtime Environment:
#
#  EXCEPTION_UNCAUGHT_CXX_EXCEPTION (0xe06d7363) at pc=0x000007fefd5ea06d, pid=4272, tid=18152
#
# JRE version: Java(TM) SE Runtime Environment (8.0_25-b18) (build 1.8.0_25-b18)
# Java VM: Java HotSpot(TM) 64-Bit Server VM (25.25-b02 mixed mode windows-amd64 compressed oops)
# Problematic frame:
# C  [KERNELBASE.dll+0x1a06d]
#
# Failed to write core dump. Minidumps are not enabled by default on client versions of Windows
#
# If you would like to submit a bug report, please visit:
#   http://bugreport.sun.com/bugreport/crash.jsp
#

---------------  T H R E A D  ---------------

Current thread (0x0000000014e62800):  VMThread [stack: 0x0000000015db0000,0x0000000015eb0000] [id=18152]

siginfo: ExceptionCode=0xe06d7363, ExceptionInformation=0x0000000019930520 0x0000000015eaf668 0x000007feebad2cb8 0x000007feeba20000 

Registers:
RAX=0x0000000025d08883, RBX=0x000007feebad2cb8, RCX=0x0000000015eaeeb0, RDX=0x00000000000000d0
RSP=0x0000000015eaf4c0, RBP=0x0000000015eaf5f0, RSI=0x00000000ffffffff, RDI=0x00000000288d2fd0
R8 =0x0000000000000000, R9 =0x0000000000000000, R10=0x000007feeba20000, R11=0x0000000015eaf500
R12=0x0000000000000001, R13=0x0000000000000008, R14=0x0000000000000000, R15=0xffffffffffffffff
RIP=0x000007fefd5ea06d, EFLAGS=0x0000000000000202

Top of Stack: (sp=0x0000000015eaf4c0)
0x0000000015eaf4c0:   000007feebad2cb8 00000000ffffffff
0x0000000015eaf4d0:   00000000288d2fd0 00000000002f1ab0
0x0000000015eaf4e0:   00000001e06d7363 0000000000000000
0x0000000015eaf4f0:   000007fefd5ea06d 000007fe00000004
0x0000000015eaf500:   0000000019930520 0000000015eaf668
0x0000000015eaf510:   000007feebad2cb8 000007feeba20000
0x0000000015eaf520:   0000000000000000 0000000015eaf5a8
0x0000000015eaf530:   0000000000000028 00000000288d2fc0
0x0000000015eaf540:   0000000017278020 0000000000000000
0x0000000015eaf550:   000007fffffa6000 000000007764f2d3
0x0000000015eaf560:   0000000000000000 0000000000000008
0x0000000015eaf570:   0000000000000001 00000000288d2fd0
0x0000000015eaf580:   00000000ffffffff 000007feeba7e92c
0x0000000015eaf590:   000007feebad2cb8 0000000015eaf600
0x0000000015eaf5a0:   0000000000000001 000007feeba200f8
0x0000000015eaf5b0:   00000001e06d7363 0000000000000000 

Instructions: (pc=0x000007fefd5ea06d)
0x000007fefd5ea04d:   54 24 24 48 89 4c 24 28 4d 85 c9 0f 85 6a 03 00
0x000007fefd5ea05d:   00 89 4c 24 38 48 8d 4c 24 20 ff 15 33 02 03 00
0x000007fefd5ea06d:   48 81 c4 c8 00 00 00 c3 90 90 90 90 90 90 90 90
0x000007fefd5ea07d:   90 90 90 48 83 ec 28 65 48 8b 04 25 30 00 00 00 


Register to memory mapping:

RAX=0x0000000025d08883 is an unknown value
RBX=0x000007feebad2cb8 is an unknown value
RCX=0x0000000015eaeeb0 is an unknown value
RDX=0x00000000000000d0 is an unknown value
RSP=0x0000000015eaf4c0 is an unknown value
RBP=0x0000000015eaf5f0 is an unknown value
RSI=0x00000000ffffffff is an unallocated location in the heap
RDI=0x00000000288d2fd0 is an unknown value
R8 =0x0000000000000000 is an unknown value
R9 =0x0000000000000000 is an unknown value
R10=0x000007feeba20000 is an unknown value
R11=0x0000000015eaf500 is an unknown value
R12=0x0000000000000001 is an unknown value
R13=0x0000000000000008 is an unknown value
R14=0x0000000000000000 is an unknown value
R15=0xffffffffffffffff is an unknown value


Stack: [0x0000000015db0000,0x0000000015eb0000],  sp=0x0000000015eaf4c0,  free space=1021k
Native frames: (J=compiled Java code, j=interpreted, Vv=VM code, C=native code)
C  [KERNELBASE.dll+0x1a06d]
C  [MSVCR110.dll+0x5e92c]
C  [MSVCR110.dll+0x1315c]
C  [MSVCR110.dll+0x136a9]
C  [MSVCR110.dll+0x13e9c]
C  [MSVCR110.dll+0x239e]
C  [MSVCR110.dll+0xaf9e]
C  [MSVCP110.dll+0x397b9]
C  [librdi_common.dll+0x135d02]
C  [librdi_common.dll+0x13447b]
C  0x000007fef4262400
C  0x000007fef4262682
C  [ntdll.dll+0x229b1]
C  [ntdll.dll+0x227c0]
C  [MSVCR100.dll+0x20ccd]
V  [jvm.dll+0x1f9c55]
V  [jvm.dll+0x2325e7]
V  [jvm.dll+0x231826]
V  [jvm.dll+0x231cc1]
V  [jvm.dll+0x231ede]
V  [jvm.dll+0x2852fa]
C  [MSVCR100.dll+0x21d9f]
C  [MSVCR100.dll+0x21e3b]
C  [kernel32.dll+0x159bd]
C  [ntdll.dll+0x2a2e1]

VM_Operation (0x000000000012f500): Exit, mode: safepoint, requested by thread 0x0000000002358800


---------------  P R O C E S S  ---------------

Java Threads: ( => current thread )
  0x000000001d791000 JavaThread "pool-1-thread-2" [_thread_blocked, id=7964, stack(0x000000002b4f0000,0x000000002b5f0000)]
  0x000000001d790800 JavaThread "pool-1-thread-1" [_thread_blocked, id=16216, stack(0x000000002b3f0000,0x000000002b4f0000)]
  0x000000001d78f000 JavaThread "Thread-19" daemon [_thread_blocked, id=12632, stack(0x000000002b1f0000,0x000000002b2f0000)]
  0x0000000017082800 JavaThread "TCF Locator DNS Lookup" daemon [_thread_blocked, id=16780, stack(0x0000000021af0000,0x0000000021bf0000)]
  0x0000000017082000 JavaThread "TCF Locator Timer" daemon [_thread_blocked, id=14624, stack(0x00000000219f0000,0x0000000021af0000)]
  0x0000000017081000 JavaThread "TCF Locator Receiver" daemon [_thread_in_native, id=10216, stack(0x00000000218f0000,0x00000000219f0000)]
  0x000000001707d800 JavaThread "TCF Timer Dispatcher" daemon [_thread_blocked, id=17868, stack(0x00000000216f0000,0x00000000217f0000)]
  0x0000000016cec000 JavaThread "EMF Reference Cleaner" daemon [_thread_blocked, id=15676, stack(0x0000000019140000,0x0000000019240000)]
  0x0000000014f39800 JavaThread "Service Thread" daemon [_thread_blocked, id=15860, stack(0x00000000166b0000,0x00000000167b0000)]
  0x0000000014ed9800 JavaThread "C1 CompilerThread3" daemon [_thread_blocked, id=12676, stack(0x00000000165b0000,0x00000000166b0000)]
  0x0000000014ec8800 JavaThread "C2 CompilerThread2" daemon [_thread_blocked, id=12628, stack(0x00000000164b0000,0x00000000165b0000)]
  0x0000000014ebb800 JavaThread "C2 CompilerThread1" daemon [_thread_blocked, id=16608, stack(0x00000000163b0000,0x00000000164b0000)]
  0x0000000014eb6800 JavaThread "C2 CompilerThread0" daemon [_thread_blocked, id=12936, stack(0x00000000162b0000,0x00000000163b0000)]
  0x0000000014eb3800 JavaThread "Attach Listener" daemon [_thread_blocked, id=18400, stack(0x00000000161b0000,0x00000000162b0000)]
  0x0000000014eb2000 JavaThread "Signal Dispatcher" daemon [_thread_blocked, id=15208, stack(0x00000000160b0000,0x00000000161b0000)]
  0x0000000013cea000 JavaThread "Finalizer" daemon [_thread_blocked, id=14144, stack(0x0000000015fb0000,0x00000000160b0000)]
  0x0000000013ce3800 JavaThread "Reference Handler" daemon [_thread_blocked, id=14152, stack(0x0000000015eb0000,0x0000000015fb0000)]
  0x0000000002358800 JavaThread "main" [_thread_blocked, id=15848, stack(0x0000000000030000,0x0000000000130000)]

Other Threads:
=>0x0000000014e62800 VMThread [stack: 0x0000000015db0000,0x0000000015eb0000] [id=18152]

VM state:at safepoint (shutting down)

VM Mutex/Monitor currently owned by a thread:  ([mutex/lock_event])
[0x000000000036e8d0] Threads_lock - owner thread: 0x0000000014e62800

Heap:
 PSYoungGen      total 73728K, used 24296K [0x00000000f5580000, 0x00000000faf00000, 0x0000000100000000)
  eden space 57856K, 41% used [0x00000000f5580000,0x00000000f6d3a118,0x00000000f8e00000)
  from space 15872K, 0% used [0x00000000f8e00000,0x00000000f8e00000,0x00000000f9d80000)
  to   space 16896K, 0% used [0x00000000f9e80000,0x00000000f9e80000,0x00000000faf00000)
 ParOldGen       total 69632K, used 44098K [0x00000000e0000000, 0x00000000e4400000, 0x00000000f5580000)
  object space 69632K, 63% used [0x00000000e0000000,0x00000000e2b109a0,0x00000000e4400000)
 Metaspace       used 75887K, capacity 81730K, committed 82008K, reserved 1120256K
  class space    used 9431K, capacity 11314K, committed 11352K, reserved 1048576K

Card table byte_map: [0x00000000118f0000,0x0000000011a00000] byte_map_base: 0x00000000111f0000

Marking Bits: (ParMarkBitMap*) 0x00000000708ed490
 Begin Bits: [0x0000000012200000, 0x0000000012a00000)
 End Bits:   [0x0000000012a00000, 0x0000000013200000)

Polling page: 0x0000000000350000

CodeCache: size=245760Kb used=24755Kb max_used=24755Kb free=221004Kb
 bounds [0x0000000002530000, 0x0000000003d90000, 0x0000000011530000]
 total_blobs=7896 nmethods=7054 adapters=751
 compilation: enabled

Compilation events (10 events):
Event: 139.217 Thread 0x0000000014ed9800 nmethod 8461 0x00000000034b0990 code [0x00000000034b0ae0, 0x00000000034b0bf0]
Event: 139.217 Thread 0x0000000014ed9800 8462       1       org.eclipse.osgi.internal.loader.BundleLoaderProxy::getBundleData (5 bytes)
Event: 139.217 Thread 0x0000000014ed9800 nmethod 8462 0x0000000002e22750 code [0x0000000002e228a0, 0x0000000002e229b0]
Event: 139.247 Thread 0x0000000014ed9800 8464       3       java.io.File::list (33 bytes)
Event: 139.248 Thread 0x0000000014ed9800 nmethod 8464 0x0000000003d71b50 code [0x0000000003d71d20, 0x0000000003d72448]
Event: 139.266 Thread 0x0000000014ed9800 8465   !   3       org.eclipse.osgi.internal.baseadaptor.BaseStorage::compact (215 bytes)
Event: 139.267 Thread 0x0000000014ed9800 nmethod 8465 0x0000000003d85250 code [0x0000000003d85680, 0x0000000003d87ae8]
Event: 139.287 Thread 0x0000000014ebb800 8466       4       java.io.WinNTFileSystem::resolve (231 bytes)
Event: 139.290 Thread 0x0000000014ed9800 8467       3       org.eclipse.osgi.framework.internal.core.AbstractBundle::close (52 bytes)
Event: 139.290 Thread 0x0000000014ed9800 nmethod 8467 0x0000000003d75550 code [0x0000000003d75780, 0x0000000003d76468]

GC Heap History (10 events):
Event: 36.033 GC heap before
{Heap before GC invocations=22 (full 3):
 PSYoungGen      total 63488K, used 59549K [0x00000000f5580000, 0x00000000fa400000, 0x0000000100000000)
  eden space 47616K, 99% used [0x00000000f5580000,0x00000000f83fe208,0x00000000f8400000)
  from space 15872K, 75% used [0x00000000f9480000,0x00000000fa029380,0x00000000fa400000)
  to   space 16384K, 0% used [0x00000000f8400000,0x00000000f8400000,0x00000000f9400000)
 ParOldGen       total 69632K, used 30991K [0x00000000e0000000, 0x00000000e4400000, 0x00000000f5580000)
  object space 69632K, 44% used [0x00000000e0000000,0x00000000e1e43c88,0x00000000e4400000)
 Metaspace       used 72482K, capacity 78106K, committed 78168K, reserved 1116160K
  class space    used 9044K, capacity 10796K, committed 10840K, reserved 1048576K
Event: 36.045 GC heap after
Heap after GC invocations=22 (full 3):
 PSYoungGen      total 64000K, used 11063K [0x00000000f5580000, 0x00000000fae00000, 0x0000000100000000)
  eden space 47616K, 0% used [0x00000000f5580000,0x00000000f5580000,0x00000000f8400000)
  from space 16384K, 67% used [0x00000000f8400000,0x00000000f8ecdd30,0x00000000f9400000)
  to   space 16384K, 0% used [0x00000000f9e00000,0x00000000f9e00000,0x00000000fae00000)
 ParOldGen       total 69632K, used 39093K [0x00000000e0000000, 0x00000000e4400000, 0x00000000f5580000)
  object space 69632K, 56% used [0x00000000e0000000,0x00000000e262d4e0,0x00000000e4400000)
 Metaspace       used 72482K, capacity 78106K, committed 78168K, reserved 1116160K
  class space    used 9044K, capacity 10796K, committed 10840K, reserved 1048576K
}
Event: 73.160 GC heap before
{Heap before GC invocations=23 (full 3):
 PSYoungGen      total 64000K, used 56891K [0x00000000f5580000, 0x00000000fae00000, 0x0000000100000000)
  eden space 47616K, 96% used [0x00000000f5580000,0x00000000f8241118,0x00000000f8400000)
  from space 16384K, 67% used [0x00000000f8400000,0x00000000f8ecdd30,0x00000000f9400000)
  to   space 16384K, 0% used [0x00000000f9e00000,0x00000000f9e00000,0x00000000fae00000)
 ParOldGen       total 69632K, used 39093K [0x00000000e0000000, 0x00000000e4400000, 0x00000000f5580000)
  object space 69632K, 56% used [0x00000000e0000000,0x00000000e262d4e0,0x00000000e4400000)
 Metaspace       used 74359K, capacity 80280K, committed 80472K, reserved 1118208K
  class space    used 9259K, capacity 11089K, committed 11096K, reserved 1048576K
Event: 73.168 GC heap after
Heap after GC invocations=23 (full 3):
 PSYoungGen      total 73216K, used 7613K [0x00000000f5580000, 0x00000000fad00000, 0x0000000100000000)
  eden space 57856K, 0% used [0x00000000f5580000,0x00000000f5580000,0x00000000f8e00000)
  from space 15360K, 49% used [0x00000000f9e00000,0x00000000fa56f750,0x00000000fad00000)
  to   space 15872K, 0% used [0x00000000f8e00000,0x00000000f8e00000,0x00000000f9d80000)
 ParOldGen       total 69632K, used 39985K [0x00000000e0000000, 0x00000000e4400000, 0x00000000f5580000)
  object space 69632K, 57% used [0x00000000e0000000,0x00000000e270c598,0x00000000e4400000)
 Metaspace       used 74359K, capacity 80280K, committed 80472K, reserved 1118208K
  class space    used 9259K, capacity 11089K, committed 11096K, reserved 1048576K
}
Event: 73.168 GC heap before
{Heap before GC invocations=24 (full 4):
 PSYoungGen      total 73216K, used 7613K [0x00000000f5580000, 0x00000000fad00000, 0x0000000100000000)
  eden space 57856K, 0% used [0x00000000f5580000,0x00000000f5580000,0x00000000f8e00000)
  from space 15360K, 49% used [0x00000000f9e00000,0x00000000fa56f750,0x00000000fad00000)
  to   space 15872K, 0% used [0x00000000f8e00000,0x00000000f8e00000,0x00000000f9d80000)
 ParOldGen       total 69632K, used 39985K [0x00000000e0000000, 0x00000000e4400000, 0x00000000f5580000)
  object space 69632K, 57% used [0x00000000e0000000,0x00000000e270c598,0x00000000e4400000)
 Metaspace       used 74359K, capacity 80280K, committed 80472K, reserved 1118208K
  class space    used 9259K, capacity 11089K, committed 11096K, reserved 1048576K
Event: 73.503 GC heap after
Heap after GC invocations=24 (full 4):
 PSYoungGen      total 73216K, used 0K [0x00000000f5580000, 0x00000000fad00000, 0x0000000100000000)
  eden space 57856K, 0% used [0x00000000f5580000,0x00000000f5580000,0x00000000f8e00000)
  from space 15360K, 0% used [0x00000000f9e00000,0x00000000f9e00000,0x00000000fad00000)
  to   space 15872K, 0% used [0x00000000f8e00000,0x00000000f8e00000,0x00000000f9d80000)
 ParOldGen       total 69632K, used 45660K [0x00000000e0000000, 0x00000000e4400000, 0x00000000f5580000)
  object space 69632K, 65% used [0x00000000e0000000,0x00000000e2c972a0,0x00000000e4400000)
 Metaspace       used 74359K, capacity 80280K, committed 80472K, reserved 1118208K
  class space    used 9259K, capacity 11089K, committed 11096K, reserved 1048576K
}
Event: 133.173 GC heap before
{Heap before GC invocations=25 (full 4):
 PSYoungGen      total 73216K, used 4321K [0x00000000f5580000, 0x00000000fad00000, 0x0000000100000000)
  eden space 57856K, 7% used [0x00000000f5580000,0x00000000f59b87b8,0x00000000f8e00000)
  from space 15360K, 0% used [0x00000000f9e00000,0x00000000f9e00000,0x00000000fad00000)
  to   space 15872K, 0% used [0x00000000f8e00000,0x00000000f8e00000,0x00000000f9d80000)
 ParOldGen       total 69632K, used 45660K [0x00000000e0000000, 0x00000000e4400000, 0x00000000f5580000)
  object space 69632K, 65% used [0x00000000e0000000,0x00000000e2c972a0,0x00000000e4400000)
 Metaspace       used 74396K, capacity 80280K, committed 80472K, reserved 1118208K
  class space    used 9260K, capacity 11089K, committed 11096K, reserved 1048576K
Event: 133.175 GC heap after
Heap after GC invocations=25 (full 4):
 PSYoungGen      total 73728K, used 256K [0x00000000f5580000, 0x00000000faf00000, 0x0000000100000000)
  eden space 57856K, 0% used [0x00000000f5580000,0x00000000f5580000,0x00000000f8e00000)
  from space 15872K, 1% used [0x00000000f8e00000,0x00000000f8e40000,0x00000000f9d80000)
  to   space 16896K, 0% used [0x00000000f9e80000,0x00000000f9e80000,0x00000000faf00000)
 ParOldGen       total 69632K, used 45668K [0x00000000e0000000, 0x00000000e4400000, 0x00000000f5580000)
  object space 69632K, 65% used [0x00000000e0000000,0x00000000e2c992a0,0x00000000e4400000)
 Metaspace       used 74396K, capacity 80280K, committed 80472K, reserved 1118208K
  class space    used 9260K, capacity 11089K, committed 11096K, reserved 1048576K
}
Event: 133.175 GC heap before
{Heap before GC invocations=26 (full 5):
 PSYoungGen      total 73728K, used 256K [0x00000000f5580000, 0x00000000faf00000, 0x0000000100000000)
  eden space 57856K, 0% used [0x00000000f5580000,0x00000000f5580000,0x00000000f8e00000)
  from space 15872K, 1% used [0x00000000f8e00000,0x00000000f8e40000,0x00000000f9d80000)
  to   space 16896K, 0% used [0x00000000f9e80000,0x00000000f9e80000,0x00000000faf00000)
 ParOldGen       total 69632K, used 45668K [0x00000000e0000000, 0x00000000e4400000, 0x00000000f5580000)
  object space 69632K, 65% used [0x00000000e0000000,0x00000000e2c992a0,0x00000000e4400000)
 Metaspace       used 74396K, capacity 80280K, committed 80472K, reserved 1118208K
  class space    used 9260K, capacity 11089K, committed 11096K, reserved 1048576K
Event: 133.441 GC heap after
Heap after GC invocations=26 (full 5):
 PSYoungGen      total 73728K, used 0K [0x00000000f5580000, 0x00000000faf00000, 0x0000000100000000)
  eden space 57856K, 0% used [0x00000000f5580000,0x00000000f5580000,0x00000000f8e00000)
  from space 15872K, 0% used [0x00000000f8e00000,0x00000000f8e00000,0x00000000f9d80000)
  to   space 16896K, 0% used [0x00000000f9e80000,0x00000000f9e80000,0x00000000faf00000)
 ParOldGen       total 69632K, used 44098K [0x00000000e0000000, 0x00000000e4400000, 0x00000000f5580000)
  object space 69632K, 63% used [0x00000000e0000000,0x00000000e2b109a0,0x00000000e4400000)
 Metaspace       used 74396K, capacity 80280K, committed 80472K, reserved 1118208K
  class space    used 9260K, capacity 11089K, committed 11096K, reserved 1048576K
}

Deoptimization events (10 events):
Event: 138.228 Thread 0x0000000002358800 Uncommon trap: reason=class_check action=maybe_recompile pc=0x0000000002f63280 method=org.eclipse.emf.ecore.util.EcoreEList.contains(Ljava/lang/Object;)Z @ 53
Event: 138.265 Thread 0x0000000002358800 Uncommon trap: reason=unreached action=reinterpret pc=0x0000000003c64244 method=org.eclipse.swt.widgets.Composite._getChildren()[Lorg/eclipse/swt/widgets/Control; @ 76
Event: 138.417 Thread 0x0000000016dbc000 Uncommon trap: reason=bimorphic action=maybe_recompile pc=0x00000000030970e8 method=java.util.Properties.load0(Ljava/util/Properties$LineReader;)V @ 242
Event: 138.423 Thread 0x0000000016dbc000 Uncommon trap: reason=unreached action=reinterpret pc=0x0000000003cc2eec method=org.eclipse.swt.widgets.Display.isValidThread()Z @ 7
Event: 138.498 Thread 0x0000000002358800 Uncommon trap: reason=class_check action=maybe_recompile pc=0x0000000003aaeeb0 method=org.eclipse.emf.common.util.BasicEMap.ensureEntryDataExists()V @ 37
Event: 138.502 Thread 0x0000000002358800 Uncommon trap: reason=unreached action=reinterpret pc=0x0000000002f4f00c method=org.eclipse.e4.ui.model.application.ui.impl.UIElementImpl.eIsSet(I)Z @ 184
Event: 138.526 Thread 0x0000000002358800 Uncommon trap: reason=unreached action=reinterpret pc=0x0000000003d137a0 method=org.eclipse.e4.ui.model.application.commands.impl.CommandImpl.eIsSet(I)Z @ 139
Event: 138.533 Thread 0x0000000002358800 Uncommon trap: reason=bimorphic action=maybe_recompile pc=0x0000000003cecc24 method=org.eclipse.emf.ecore.impl.ETypedElementImpl.getEType()Lorg/eclipse/emf/ecore/EClassifier; @ 18
Event: 138.533 Thread 0x0000000002358800 Uncommon trap: reason=bimorphic action=maybe_recompile pc=0x0000000003cecc24 method=org.eclipse.emf.ecore.impl.ETypedElementImpl.getEType()Lorg/eclipse/emf/ecore/EClassifier; @ 18
Event: 139.164 Thread 0x0000000002358800 Uncommon trap: reason=null_check action=make_not_entrant pc=0x0000000002e0044c method=org.eclipse.core.runtime.internal.adaptor.EclipseLazyStarter.shouldActivateFor(Ljava/lang/String;Lorg/eclipse/osgi/baseadaptor/BaseData;Lorg/eclipse/core/runtime/internalºÎÑLGa@

Internal exceptions (10 events):
Event: 138.083 Thread 0x000000001d792000 Exception <a 'java/net/SocketException': Connection reset by peer: socket write error> (0x00000000f5a16230) thrown at [D:\re\workspace\8-2-build-windows-amd64-cygwin\jdk8u25\1677\hotspot\src\share\vm\prims\jni.cpp, line 742]
Event: 138.084 Thread 0x000000001d792000 Exception <a 'java/net/SocketException': Socket closed> (0x00000000f5a27250) thrown at [D:\re\workspace\8-2-build-windows-amd64-cygwin\jdk8u25\1677\hotspot\src\share\vm\prims\jni.cpp, line 742]
Event: 138.084 Thread 0x0000000017085000 Exception <a 'java/lang/InterruptedException'> (0x00000000f5a38260) thrown at [D:\re\workspace\8-2-build-windows-amd64-cygwin\jdk8u25\1677\hotspot\src\share\vm\runtime\objectMonitor.cpp, line 1682]
Event: 138.118 Thread 0x0000000002358800 Implicit null exception at 0x0000000003b91e8c to 0x0000000003b91ee9
Event: 138.604 Thread 0x0000000016dc1800 Exception <a 'java/lang/InterruptedException'> (0x00000000f6822330) thrown at [D:\re\workspace\8-2-build-windows-amd64-cygwin\jdk8u25\1677\hotspot\src\share\vm\runtime\objectMonitor.cpp, line 1682]
Event: 139.164 Thread 0x0000000002358800 Implicit null exception at 0x0000000002dfe8c7 to 0x0000000002e00441
Event: 139.219 Thread 0x0000000016dc7800 Exception <a 'java/lang/InterruptedException': sleep interrupted> (0x00000000f6b98818) thrown at [D:\re\workspace\8-2-build-windows-amd64-cygwin\jdk8u25\1677\hotspot\src\share\vm\prims\jvm.cpp, line 3141]
Event: 139.220 Thread 0x0000000017079800 Exception <a 'java/lang/InterruptedException'> (0x00000000f6a65eb0) thrown at [D:\re\workspace\8-2-build-windows-amd64-cygwin\jdk8u25\1677\hotspot\src\share\vm\runtime\objectMonitor.cpp, line 1682]
Event: 139.221 Thread 0x0000000016b17000 Exception <a 'java/lang/InterruptedException'> (0x00000000f6c29208) thrown at [D:\re\workspace\8-2-build-windows-amd64-cygwin\jdk8u25\1677\hotspot\src\share\vm\runtime\objectMonitor.cpp, line 1682]
Event: 139.290 Thread 0x00000000150ce800 Exception <a 'java/lang/InterruptedException'> (0x00000000f6b43e28) thrown at [D:\re\workspace\8-2-build-windows-amd64-cygwin\jdk8u25\1677\hotspot\src\share\vm\runtime\objectMonitor.cpp, line 1682]

Events (10 events):
Event: 139.290 loading class java/util/IdentityHashMap$KeyIterator done
Event: 139.290 Thread 0x0000000017079800 Thread added: 0x0000000017079800
Event: 139.290 Executing VM operation: RevokeBias
Event: 139.290 Executing VM operation: RevokeBias done
Event: 139.290 Executing VM operation: RevokeBias
Event: 139.290 Executing VM operation: RevokeBias done
Event: 139.291 Executing VM operation: RevokeBias
Event: 139.291 Executing VM operation: RevokeBias done
Event: 139.291 Thread 0x0000000017079800 Thread exited: 0x0000000017079800
Event: 139.291 Executing VM operation: Exit


Dynamic libraries:
0x0000000000400000 - 0x000000000044f000 	C:\Xilinx\SDK\2015.2\eclipse\win64.o\eclipse.exe
0x0000000077600000 - 0x00000000777ab000 	C:\windows\SYSTEM32\ntdll.dll
0x00000000774e0000 - 0x00000000775ff000 	C:\windows\system32\kernel32.dll
0x000007fefd5d0000 - 0x000007fefd63a000 	C:\windows\system32\KERNELBASE.dll
0x00000000773e0000 - 0x00000000774da000 	C:\windows\system32\USER32.dll
0x000007fefd700000 - 0x000007fefd767000 	C:\windows\system32\GDI32.dll
0x000007fefea10000 - 0x000007fefea1e000 	C:\windows\system32\LPK.dll
0x000007feff3f0000 - 0x000007feff4ba000 	C:\windows\system32\USP10.dll
0x000007fefeea0000 - 0x000007fefef3f000 	C:\windows\system32\msvcrt.dll
0x000007fefc440000 - 0x000007fefc634000 	C:\windows\WinSxS\amd64_microsoft.windows.common-controls_6595b64144ccf1df_6.0.7601.18837_none_fa3b1e3d17594757\COMCTL32.dll
0x000007feff780000 - 0x000007feff7f1000 	C:\windows\system32\SHLWAPI.dll
0x000007fefd770000 - 0x000007fefd79e000 	C:\windows\system32\IMM32.DLL
0x000007feff800000 - 0x000007feff909000 	C:\windows\system32\MSCTF.dll
0x000007fefd270000 - 0x000007fefd2a2000 	C:\windows\system32\nvinitx.dll
0x000007feff6a0000 - 0x000007feff77b000 	C:\windows\system32\ADVAPI32.dll
0x000007feff230000 - 0x000007feff24f000 	C:\windows\SYSTEM32\sechost.dll
0x000007fefd7a0000 - 0x000007fefd8cd000 	C:\windows\system32\RPCRT4.dll
0x0000000072000000 - 0x0000000072012000 	C:\Xilinx\SDK\2015.2\eclipse\win64.o\plugins\org.eclipse.equinox.launcher.win32.win32.x86_64_1.1.200.v20140116-2212\eclipse_1503.dll
0x000007fefbe10000 - 0x000007fefbe1c000 	C:\windows\system32\VERSION.dll
0x000007fefb890000 - 0x000007fefb8e6000 	C:\windows\system32\uxtheme.dll
0x0000000070fc0000 - 0x0000000070fcd000 	C:\Program Files (x86)\WinSplit Revolution\WinSplitHook64.DLL
0x000007fed6300000 - 0x000007fed6327000 	C:\Program Files (x86)\Raptr\ltc_help64-99265.dll
0x000007fefdc80000 - 0x000007fefea0c000 	C:\windows\system32\SHELL32.dll
0x000007fefd3a0000 - 0x000007fefd3db000 	C:\windows\system32\WINTRUST.dll
0x000007fefd3e0000 - 0x000007fefd54d000 	C:\windows\system32\CRYPT32.dll
0x000007fefd350000 - 0x000007fefd35f000 	C:\windows\system32\MSASN1.dll
0x000007fef1890000 - 0x000007fef18d8000 	C:\Program Files (x86)\TeamViewer\tv_x64.dll
0x000007fefd9d0000 - 0x000007fefdbd3000 	C:\windows\system32\ole32.dll
0x0000000070110000 - 0x000000007096a000 	C:\Xilinx\SDK\2015.2\tps\win64\jre\bin\server\jvm.dll
0x000007fef7ef0000 - 0x000007fef7ef9000 	C:\windows\system32\WSOCK32.dll
0x000007fefeb80000 - 0x000007fefebcd000 	C:\windows\system32\WS2_32.dll
0x000007feff250000 - 0x000007feff258000 	C:\windows\system32\NSI.dll
0x000007fefccb0000 - 0x000007fefcceb000 	C:\windows\system32\WINMM.dll
0x00000000777d0000 - 0x00000000777d7000 	C:\windows\system32\PSAPI.DLL
0x0000000073390000 - 0x0000000073462000 	C:\windows\system32\MSVCR100.dll
0x0000000052e80000 - 0x0000000052e8f000 	C:\Xilinx\SDK\2015.2\tps\win64\jre\bin\verify.dll
0x000000006d150000 - 0x000000006d178000 	C:\Xilinx\SDK\2015.2\tps\win64\jre\bin\java.dll
0x0000000070cb0000 - 0x0000000070cc6000 	C:\Xilinx\SDK\2015.2\tps\win64\jre\bin\zip.dll
0x000007fefd340000 - 0x000007fefd34f000 	C:\windows\system32\profapi.dll
0x000007fefce90000 - 0x000007fefcea8000 	C:\windows\system32\CRYPTSP.dll
0x000007fefc780000 - 0x000007fefc7c7000 	C:\windows\system32\rsaenh.dll
0x000007fefd360000 - 0x000007fefd37e000 	C:\windows\system32\USERENV.dll
0x000007fefd140000 - 0x000007fefd14f000 	C:\windows\system32\CRYPTBASE.dll
0x000000006f690000 - 0x000000006f6aa000 	C:\Xilinx\SDK\2015.2\tps\win64\jre\bin\net.dll
0x000007fefca20000 - 0x000007fefca75000 	C:\windows\system32\mswsock.dll
0x000007fefca10000 - 0x000007fefca17000 	C:\windows\System32\wship6.dll
0x000007fefa440000 - 0x000007fefa467000 	C:\windows\system32\IPHLPAPI.DLL
0x000007fefc000000 - 0x000007fefc00b000 	C:\windows\system32\WINNSI.DLL
0x000007fef9240000 - 0x000007fef9251000 	C:\windows\system32\dhcpcsvc6.DLL
0x000007fef9220000 - 0x000007fef9238000 	C:\windows\system32\dhcpcsvc.DLL
0x000000006ffc0000 - 0x000000006ffd1000 	C:\Xilinx\SDK\2015.2\tps\win64\jre\bin\nio.dll
0x000007fefc230000 - 0x000007fefc239000 	C:\Program Files\Synergy\synwinhk.DLL
0x000007fefbe40000 - 0x000007fefbe55000 	C:\windows\system32\NLAapi.dll
0x000007fef7f80000 - 0x000007fef7f95000 	C:\windows\system32\napinsp.dll
0x000007fef7fa0000 - 0x000007fef7fb9000 	C:\windows\system32\pnrpnsp.dll
0x000007fefc8a0000 - 0x000007fefc8fb000 	C:\windows\system32\DNSAPI.dll
0x000007fef7f70000 - 0x000007fef7f7b000 	C:\windows\System32\winrnr.dll
0x000007fef7f60000 - 0x000007fef7f70000 	C:\windows\system32\wshbth.dll
0x00000000735c0000 - 0x00000000735e6000 	C:\Program Files\Bonjour\mdnsNSP.dll
0x000007fefbcd0000 - 0x000007fefbcd7000 	C:\windows\System32\wshtcpip.dll
0x000007fef8610000 - 0x000007fef8618000 	C:\windows\system32\rasadhlp.dll
0x000007fef9180000 - 0x000007fef91d3000 	C:\windows\System32\fwpuclnt.dll
0x0000000018f40000 - 0x0000000018fe8000 	C:\Users\jmelber.GOECE\.Xilinx\SDK\2015.2\org.eclipse.osgi\bundles\287\1\.cp\swt-win32-4335.dll
0x000007fefeaa0000 - 0x000007fefeb78000 	C:\windows\system32\OLEAUT32.dll
0x000007fefd8d0000 - 0x000007fefd967000 	C:\windows\system32\comdlg32.dll
0x000007fef8830000 - 0x000007fef88a1000 	C:\windows\system32\WINSPOOL.DRV
0x000007fefef60000 - 0x000007feff225000 	C:\windows\system32\WININET.dll
0x000007fefd390000 - 0x000007fefd394000 	C:\windows\system32\api-ms-win-downlevel-user32-l1-1-0.dll
0x000007fefd550000 - 0x000007fefd554000 	C:\windows\system32\api-ms-win-downlevel-shlwapi-l1-1-0.dll
0x000007fefd380000 - 0x000007fefd384000 	C:\windows\system32\api-ms-win-downlevel-version-l1-1-0.dll
0x000007fefd560000 - 0x000007fefd563000 	C:\windows\system32\api-ms-win-downlevel-normaliz-l1-1-0.dll
0x00000000777c0000 - 0x00000000777c3000 	C:\windows\system32\normaliz.DLL
0x000007fefebd0000 - 0x000007fefee99000 	C:\windows\system32\iertutil.dll
0x000007fefd5b0000 - 0x000007fefd5b5000 	C:\windows\system32\api-ms-win-downlevel-advapi32-l1-1-0.dll
0x000007fefb330000 - 0x000007fefb348000 	C:\windows\system32\dwmapi.dll
0x000007fefb350000 - 0x000007fefb47c000 	C:\windows\system32\propsys.dll
0x000007fefdbe0000 - 0x000007fefdc79000 	C:\windows\system32\CLBCatQ.DLL
0x0000000017170000 - 0x000000001718e000 	C:\Users\jmelber.GOECE\.Xilinx\SDK\2015.2\org.eclipse.osgi\bundles\287\1\.cp\swt-gdip-win32-4335.dll
0x000007fefb670000 - 0x000007fefb886000 	C:\windows\WinSxS\amd64_microsoft.windows.gdiplus_6595b64144ccf1df_1.1.7601.23508_none_145555328b95eaaa\gdiplus.dll
0x000007fefaee0000 - 0x000007fefb041000 	C:\windows\system32\WindowsCodecs.dll
0x0000000180000000 - 0x0000000180012000 	C:\Users\jmelber.GOECE\.Xilinx\SDK\2015.2\org.eclipse.osgi\bundles\113\1\.cp\os\win32\x86_64\localfile_1_0_0.dll
0x000007fef9d30000 - 0x000007fef9d41000 	C:\Users\jmelber.GOECE\.Xilinx\SDK\2015.2\org.eclipse.osgi\bundles\116\1\.cp\jWinHttp-1.0.0.dll
0x000007fefa230000 - 0x000007fefa2a1000 	C:\windows\system32\WINHTTP.dll
0x000007fefa1c0000 - 0x000007fefa225000 	C:\windows\system32\webio.dll
0x000007fefd110000 - 0x000007fefd135000 	C:\windows\system32\SspiCli.dll
0x000007fefc640000 - 0x000007fefc64a000 	C:\windows\system32\credssp.dll
0x000007fefd570000 - 0x000007fefd5a6000 	C:\windows\system32\CFGMGR32.dll
0x000007fed6a70000 - 0x000007fed6ac4000 	C:\windows\system32\oleacc.dll
0x000007fefd250000 - 0x000007fefd264000 	C:\windows\system32\RpcRtRemote.dll
0x000007fefd1f0000 - 0x000007fefd247000 	C:\windows\system32\apphelp.dll
0x000007fef5de0000 - 0x000007fef5df0000 	C:\Xilinx\SDK\2015.2\lib\win64.o\librdi_repo_manager.dll
0x000007fed1170000 - 0x000007fed119a000 	C:\Xilinx\SDK\2015.2\lib\win64.o\libisl_sysinfo.dll
0x000007feeba20000 - 0x000007feebaf4000 	C:\windows\system32\MSVCR110.dll
0x000007fedf7c0000 - 0x000007fedf867000 	C:\windows\system32\MSVCP110.dll
0x000007feab580000 - 0x000007feabec3000 	C:\Xilinx\SDK\2015.2\lib\win64.o\librdi_common.dll
0x000007fead580000 - 0x000007fead828000 	C:\Xilinx\SDK\2015.2\lib\win64.o\libCOIN-all.dll
0x000007fead360000 - 0x000007fead580000 	C:\Xilinx\SDK\2015.2\lib\win64.o\libXil_lmgr11.dll
0x000007fefc130000 - 0x000007fefc146000 	C:\windows\system32\NETAPI32.dll
0x000007fefc6b0000 - 0x000007fefc6bc000 	C:\windows\system32\netutils.dll
0x000007fefd040000 - 0x000007fefd063000 	C:\windows\system32\srvcli.dll
0x000007fefc110000 - 0x000007fefc125000 	C:\windows\system32\wkscli.dll
0x000007fefa400000 - 0x000007fefa410000 	C:\Xilinx\SDK\2015.2\lib\win64.o\libboost_date_time.dll
0x000007fed2800000 - 0x000007fed2822000 	C:\Xilinx\SDK\2015.2\lib\win64.o\libboost_filesystem.dll
0x000007fef9d70000 - 0x000007fef9d79000 	C:\Xilinx\SDK\2015.2\lib\win64.o\libboost_system.dll
0x000007fed0ac0000 - 0x000007fed0b34000 	C:\Xilinx\SDK\2015.2\lib\win64.o\libboost_program_options.dll
0x000007fead260000 - 0x000007fead35a000 	C:\Xilinx\SDK\2015.2\lib\win64.o\libboost_regex.dll
0x000007fee47b0000 - 0x000007fee47c3000 	C:\Xilinx\SDK\2015.2\lib\win64.o\libboost_signals.dll
0x000007fedf320000 - 0x000007fedf33d000 	C:\Xilinx\SDK\2015.2\lib\win64.o\libboost_thread.dll
0x000007fef9d20000 - 0x000007fef9d2b000 	C:\Xilinx\SDK\2015.2\lib\win64.o\libboost_chrono.dll
0x000007fed2600000 - 0x000007fed2680000 	C:\Xilinx\SDK\2015.2\lib\win64.o\libhdlpsolve.dll
0x000007fed0a20000 - 0x000007fed0aba000 	C:\Xilinx\SDK\2015.2\lib\win64.o\libhdxml.dll
0x000007feac210000 - 0x000007feac81a200 	C:\Xilinx\SDK\2015.2\lib\win64.o\libisl_iostreams.dll
0x000007fedeae0000 - 0x000007fedeaf6000 	C:\Xilinx\SDK\2015.2\lib\win64.o\libboost_iostreams.dll
0x000007fed25d0000 - 0x000007fed25f3000 	C:\Xilinx\SDK\2015.2\lib\win64.o\librdizlib.dll
0x000007fed1720000 - 0x000007fed1743000 	C:\Xilinx\SDK\2015.2\lib\win64.o\libisl_iosutils.dll
0x000007fef96c0000 - 0x000007fef96d5000 	C:\Xilinx\SDK\2015.2\lib\win64.o\pthreadVC2.dll
0x000007fed0940000 - 0x000007fed0994000 	C:\Xilinx\SDK\2015.2\lib\win64.o\librdi_commonxillic.dll
0x000007feac0e0000 - 0x000007feac210000 	C:\Xilinx\SDK\2015.2\lib\win64.o\librdi_curl.dll
0x000007fed5eb0000 - 0x000007fed5ec8000 	C:\Xilinx\SDK\2015.2\lib\win64.o\librdiconfig.dll
0x0000000024080000 - 0x00000000241a7000 	C:\Xilinx\SDK\2015.2\lib\win64.o\tcl85t.dll
0x00000000241b0000 - 0x0000000024413000 	C:\Xilinx\SDK\2015.2\lib\win64.o\xerces-c_3_1.dll
0x000007feff260000 - 0x000007feff3e6000 	C:\windows\system32\urlmon.dll
0x000007fefd5c0000 - 0x000007fefd5c4000 	C:\windows\system32\api-ms-win-downlevel-ole32-l1-1-0.dll
0x000007fef1770000 - 0x000007fef1793000 	C:\windows\system32\VCOMP110.DLL
0x000007feabef0000 - 0x000007feac0d8000 	C:\Xilinx\SDK\2015.2\lib\win64.o\librdi_hsm.dll
0x000007fed08f0000 - 0x000007fed0933000 	C:\Xilinx\SDK\2015.2\lib\win64.o\librdi_hdf.dll
0x000007feaa400000 - 0x000007feaa5ba000 	C:\Xilinx\SDK\2015.2\lib\win64.o\librdi_ippcw.dll
0x000007fed1700000 - 0x000007fed171c000 	C:\Xilinx\SDK\2015.2\lib\win64.o\librdi_hw_platform.dll

VM Arguments:
jvm_args: -Dcom.xilinx.sdk.args.hwspec=C:/000_HLS/H05-lab3/project_1.sdk/design_1_wrapper.hdf -Xms64m -Xmx512m & 
java_command: <unknown>
java_class_path (initial): C:\Xilinx\SDK\2015.2\eclipse\win64.o\\plugins/org.eclipse.equinox.launcher_1.3.0.v20130327-1440.jar
Launcher Type: generic

Environment Variables:
USERNAME=jmelber
OS=Windows_NT
PROCESSOR_IDENTIFIER=Intel64 Family 6 Model 60 Stepping 3, GenuineIntel



---------------  S Y S T E M  ---------------

OS: Windows 7 , 64 bit Build 7601 Service Pack 1

CPU:total 8 (4 cores per cpu, 2 threads per core) family 6 model 60 stepping 3, cmov, cx8, fxsr, mmx, sse, sse2, sse3, ssse3, sse4.1, sse4.2, popcnt, avx, avx2, aes, clmul, erms, lzcnt, ht, tsc, tscinvbit, bmi1, bmi2

Memory: 4k page, physical 20877484k(8124292k free), swap 41753108k(25790592k free)

vm_info: Java HotSpot(TM) 64-Bit Server VM (25.25-b02) for windows-amd64 JRE (1.8.0_25-b18), built on Oct  7 2014 14:25:37 by "java_re" with MS VC++ 10.0 (VS2010)

time: Wed Sep 28 09:34:54 2016
elapsed time: 139 seconds (0d 0h 2m 19s)

