#
# A fatal error has been detected by the Java Runtime Environment:
#
#  Internal Error (0xc000000d), pid=19708, tid=21380
#
# JRE version: Java(TM) SE Runtime Environment (8.0_25-b18) (build 1.8.0_25-b18)
# Java VM: Java HotSpot(TM) 64-Bit Server VM (25.25-b02 mixed mode windows-amd64 compressed oops)
# Problematic frame:
# C  [ntdll.dll+0xfe5ec]
#
# Failed to write core dump. Minidumps are not enabled by default on client versions of Windows
#
# If you would like to submit a bug report, please visit:
#   http://bugreport.sun.com/bugreport/crash.jsp
#

---------------  T H R E A D  ---------------

Current thread (0x0000000004b96800):  VMThread [stack: 0x0000000005c30000,0x0000000005d30000] [id=21380]

siginfo: ExceptionCode=0xc000000d

Registers:
RAX=0x000000001e269170, RBX=0xfffffffffffffffe, RCX=0x0000000000000001, RDX=0x0000000007124e90
RSP=0x0000000005d2f470, RBP=0x00007ff870a07408, RSI=0x0000000000000000, RDI=0x000000000000068c
R8 =0x0000000000000700, R9 =0x000000000014f7b0, R10=0x00007ff892737c1f, R11=0x0000000007124f30
R12=0x0000000006f558e0, R13=0x0000000024d77760, R14=0x0000000006f559e8, R15=0x0000000005d2f5e8
RIP=0x00007ff89282e5ec, EFLAGS=0x0000000000000202

Top of Stack: (sp=0x0000000005d2f470)
0x0000000005d2f470:   0000000000000057 fffffffffffffffe
0x0000000005d2f480:   0000000000000000 000000000000068c
0x0000000005d2f490:   00000000c000000d 0000000000000000
0x0000000005d2f4a0:   00007ff89282e5ec 0000000000000000
0x0000000005d2f4b0:   0000000000000000 0000000000000000
0x0000000005d2f4c0:   0000000000000000 0000000000000000
0x0000000005d2f4d0:   0000000000000000 0000000000000000
0x0000000005d2f4e0:   0000000000000000 0000000000000000
0x0000000005d2f4f0:   0000000000000000 0000000000000000
0x0000000005d2f500:   0000000000000000 0000000000000000
0x0000000005d2f510:   0000000000000000 0000000000000000
0x0000000005d2f520:   0000000000000000 0000000000000000
0x0000000005d2f530:   0000f2d2748071f1 0000000000000000
0x0000000005d2f540:   0000000000000000 00007ff8927f06af
0x0000000005d2f550:   0000000000000000 0000000000000000
0x0000000005d2f560:   0000000000000000 0000000000000000 

Instructions: (pc=0x00007ff89282e5ec)
0x00007ff89282e5cc:   d1 fa ff c7 44 24 20 0d 00 00 c0 b9 57 00 00 00
0x00007ff89282e5dc:   e8 9f 0f f6 ff 90 48 8d 4c 24 20 e8 24 bb f4 ff
0x00007ff89282e5ec:   eb 00 48 8b 8c 24 c0 00 00 00 48 33 cc e8 62 70
0x00007ff89282e5fc:   f9 ff 48 81 c4 d8 00 00 00 c3 40 55 48 83 ec 20 


Register to memory mapping:

RAX=0x000000001e269170 is an unknown value
RBX=0xfffffffffffffffe is an unknown value
RCX=0x0000000000000001 is an unknown value
RDX=0x0000000007124e90 is an unknown value
RSP=0x0000000005d2f470 is an unknown value
RBP=0x00007ff870a07408 is an unknown value
RSI=0x0000000000000000 is an unknown value
RDI=0x000000000000068c is an unknown value
R8 =0x0000000000000700 is an unknown value
R9 =0x000000000014f7b0 is pointing into the stack for thread: 0x000000000275e000
R10=0x00007ff892737c1f is an unknown value
R11=0x0000000007124f30 is an unknown value
R12=0x0000000006f558e0 is an unknown value
R13=0x0000000024d77760 is an unknown value
R14=0x0000000006f559e8 is an unknown value
R15=0x0000000005d2f5e8 is an unknown value


Stack: [0x0000000005c30000,0x0000000005d30000],  sp=0x0000000005d2f470,  free space=1021k
Native frames: (J=compiled Java code, j=interpreted, Vv=VM code, C=native code)
C  [ntdll.dll+0xfe5ec]
C  [ntdll.dll+0xc06af]
C  [KERNEL32.DLL+0x1fbba]
C  [MSVCR110.dll+0x752d]
C  [MSVCR110.dll+0x14cde]
C  [MSVCR110.dll+0x13edc]
C  [MSVCR110.dll+0x239e]
C  [MSVCR110.dll+0xaf9e]
C  [MSVCP110.dll+0x397b9]
C  [librdi_common.dll+0x135d02]
C  [librdi_common.dll+0x13447b]
C  0x00007ff885e12400
C  0x00007ff885e12682
C  [ntdll.dll+0x29d9f]
C  [ntdll.dll+0x806b]
C  [ntdll.dll+0x7d94]
C  [KERNEL32.DLL+0x1ce6a]
C  [MSVCR100.dll+0x20ccd]
V  [jvm.dll+0x1f9c55]
V  [jvm.dll+0x2325e7]
V  [jvm.dll+0x231826]
V  [jvm.dll+0x231cc1]
V  [jvm.dll+0x231ede]
V  [jvm.dll+0x2852fa]
C  [MSVCR100.dll+0x21d9f]
C  [MSVCR100.dll+0x21e3b]
C  [KERNEL32.DLL+0x8364]
C  [ntdll.dll+0x65e91]

VM_Operation (0x000000000014f500): Exit, mode: safepoint, requested by thread 0x000000000275e000


---------------  P R O C E S S  ---------------

Java Threads: ( => current thread )
  0x000000000d79d000 JavaThread "Spawner Reaper" daemon [_thread_in_native, id=30548, stack(0x0000000038a60000,0x0000000038b60000)]
  0x000000000d797800 JavaThread "pool-1-thread-9" [_thread_blocked, id=30432, stack(0x0000000038960000,0x0000000038a60000)]
  0x000000000d79a800 JavaThread "pool-1-thread-8" [_thread_blocked, id=23880, stack(0x0000000034070000,0x0000000034170000)]
  0x000000000a586800 JavaThread "pool-1-thread-7" [_thread_blocked, id=19960, stack(0x000000007f420000,0x000000007f520000)]
  0x000000000d7a4800 JavaThread "pool-1-thread-6" [_thread_blocked, id=20376, stack(0x000000007c720000,0x000000007c820000)]
  0x0000000008575800 JavaThread "pool-1-thread-5" [_thread_blocked, id=3968, stack(0x0000000079120000,0x0000000079220000)]
  0x000000001ea74800 JavaThread "pool-1-thread-4" [_thread_blocked, id=6628, stack(0x0000000075d20000,0x0000000075e20000)]
  0x000000000d79c000 JavaThread "pool-1-thread-3" [_thread_blocked, id=30096, stack(0x0000000073020000,0x0000000073120000)]
  0x000000001ea6e800 JavaThread "pool-1-thread-2" [_thread_blocked, id=28144, stack(0x0000000058860000,0x0000000058960000)]
  0x0000000008572800 JavaThread "pool-1-thread-1" [_thread_blocked, id=14332, stack(0x0000000055260000,0x0000000055360000)]
  0x000000000d79d800 JavaThread "Thread-401" daemon [_thread_blocked, id=10976, stack(0x0000000055060000,0x0000000055160000)]
  0x0000000008568800 JavaThread "TCF Locator DNS Lookup" daemon [_thread_blocked, id=7736, stack(0x00000000200e0000,0x00000000201e0000)]
  0x000000000856e800 JavaThread "TCF Timer Dispatcher" daemon [_thread_blocked, id=26584, stack(0x000000001fce0000,0x000000001fde0000)]
  0x0000000007af0000 JavaThread "EMF Reference Cleaner" daemon [_thread_blocked, id=25316, stack(0x0000000009690000,0x0000000009790000)]
  0x0000000006450800 JavaThread "Service Thread" daemon [_thread_blocked, id=14648, stack(0x0000000006830000,0x0000000006930000)]
  0x0000000004bd5800 JavaThread "C1 CompilerThread2" daemon [_thread_blocked, id=27244, stack(0x0000000006330000,0x0000000006430000)]
  0x0000000004bd3800 JavaThread "C2 CompilerThread1" daemon [_thread_blocked, id=19212, stack(0x0000000006230000,0x0000000006330000)]
  0x0000000004bcf800 JavaThread "C2 CompilerThread0" daemon [_thread_blocked, id=14188, stack(0x0000000006130000,0x0000000006230000)]
  0x0000000004bce800 JavaThread "Attach Listener" daemon [_thread_blocked, id=28168, stack(0x0000000006030000,0x0000000006130000)]
  0x0000000002855000 JavaThread "Finalizer" daemon [_thread_blocked, id=8144, stack(0x0000000005e30000,0x0000000005f30000)]
  0x000000000284d000 JavaThread "Reference Handler" daemon [_thread_blocked, id=25572, stack(0x0000000005d30000,0x0000000005e30000)]
  0x000000000275e000 JavaThread "main" [_thread_blocked, id=24704, stack(0x0000000000050000,0x0000000000150000)]

Other Threads:
=>0x0000000004b96800 VMThread [stack: 0x0000000005c30000,0x0000000005d30000] [id=21380]

VM state:at safepoint (shutting down)

VM Mutex/Monitor currently owned by a thread:  ([mutex/lock_event])
[0x000000000275de80] Threads_lock - owner thread: 0x0000000004b96800

Heap:
 PSYoungGen      total 48640K, used 5698K [0x00000000f5580000, 0x00000000f8c00000, 0x0000000100000000)
  eden space 42496K, 5% used [0x00000000f5580000,0x00000000f57a45d0,0x00000000f7f00000)
  from space 6144K, 57% used [0x00000000f7f00000,0x00000000f826c5b8,0x00000000f8500000)
  to   space 6144K, 0% used [0x00000000f8600000,0x00000000f8600000,0x00000000f8c00000)
 ParOldGen       total 85504K, used 57954K [0x00000000e0000000, 0x00000000e5380000, 0x00000000f5580000)
  object space 85504K, 67% used [0x00000000e0000000,0x00000000e3898858,0x00000000e5380000)
 Metaspace       used 97630K, capacity 104052K, committed 104152K, reserved 1140736K
  class space    used 11320K, capacity 13222K, committed 13272K, reserved 1048576K

Card table byte_map: [0x0000000002c20000,0x0000000002d30000] byte_map_base: 0x0000000002520000

Marking Bits: (ParMarkBitMap*) 0x0000000069fcd490
 Begin Bits: [0x0000000003130000, 0x0000000003930000)
 End Bits:   [0x0000000003930000, 0x0000000004130000)

Polling page: 0x0000000000490000

CodeCache: size=245760Kb used=74109Kb max_used=74109Kb free=171650Kb
 bounds [0x000000000f010000, 0x0000000013900000, 0x000000001e010000]
 total_blobs=19290 nmethods=18425 adapters=771
 compilation: enabled

Compilation events (10 events):
Event: 22753.677 Thread 0x0000000004bd5800 25366       3       org.eclipse.osgi.baseadaptor.bundlefile.BundleFile::setMruIndex (6 bytes)
Event: 22753.678 Thread 0x0000000004bd5800 nmethod 25366 0x00000000138f4010 code [0x00000000138f4160, 0x00000000138f42b0]
Event: 22753.877 Thread 0x0000000004bd5800 25367       1       org.eclipse.osgi.framework.eventmgr.CopyOnWriteIdentityMap::empty (4 bytes)
Event: 22753.878 Thread 0x0000000004bd5800 nmethod 25367 0x00000000138f3d50 code [0x00000000138f3ea0, 0x00000000138f3f90]
Event: 22760.510 Thread 0x0000000004bd3800 25368       4       java.io.File::isDirectory (43 bytes)
Event: 22760.517 Thread 0x0000000004bd3800 nmethod 25368 0x00000000138f37d0 code [0x00000000138f3940, 0x00000000138f3b68]
Event: 22764.373 Thread 0x0000000004bd5800 25369   !   3       org.eclipse.osgi.internal.baseadaptor.BaseStorage::compact (215 bytes)
Event: 22764.380 Thread 0x0000000004bd5800 nmethod 25369 0x00000000138f9610 code [0x00000000138f9a40, 0x00000000138fbea8]
Event: 22765.776 Thread 0x0000000004bd5800 25370       3       org.eclipse.osgi.framework.internal.core.AbstractBundle::close (52 bytes)
Event: 22765.780 Thread 0x0000000004bd5800 nmethod 25370 0x00000000138f8190 code [0x00000000138f83c0, 0x00000000138f90a8]

GC Heap History (10 events):
Event: 22709.918 GC heap before
{Heap before GC invocations=189 (full 38):
 PSYoungGen      total 47616K, used 44839K [0x00000000f5580000, 0x00000000f8a80000, 0x0000000100000000)
  eden space 40960K, 100% used [0x00000000f5580000,0x00000000f7d80000,0x00000000f7d80000)
  from space 6656K, 58% used [0x00000000f8400000,0x00000000f87c9d90,0x00000000f8a80000)
  to   space 6656K, 0% used [0x00000000f7d80000,0x00000000f7d80000,0x00000000f8400000)
 ParOldGen       total 85504K, used 57706K [0x00000000e0000000, 0x00000000e5380000, 0x00000000f5580000)
  object space 85504K, 67% used [0x00000000e0000000,0x00000000e385a858,0x00000000e5380000)
 Metaspace       used 96994K, capacity 103126K, committed 103384K, reserved 1138688K
  class space    used 11260K, capacity 13216K, committed 13272K, reserved 1048576K
Event: 22709.924 GC heap after
Heap after GC invocations=189 (full 38):
 PSYoungGen      total 47616K, used 4026K [0x00000000f5580000, 0x00000000f8b80000, 0x0000000100000000)
  eden space 40960K, 0% used [0x00000000f5580000,0x00000000f5580000,0x00000000f7d80000)
  from space 6656K, 60% used [0x00000000f7d80000,0x00000000f816e8a0,0x00000000f8400000)
  to   space 6656K, 0% used [0x00000000f8500000,0x00000000f8500000,0x00000000f8b80000)
 ParOldGen       total 85504K, used 57778K [0x00000000e0000000, 0x00000000e5380000, 0x00000000f5580000)
  object space 85504K, 67% used [0x00000000e0000000,0x00000000e386c858,0x00000000e5380000)
 Metaspace       used 96994K, capacity 103126K, committed 103384K, reserved 1138688K
  class space    used 11260K, capacity 13216K, committed 13272K, reserved 1048576K
}
Event: 22715.060 GC heap before
{Heap before GC invocations=190 (full 38):
 PSYoungGen      total 47616K, used 44986K [0x00000000f5580000, 0x00000000f8b80000, 0x0000000100000000)
  eden space 40960K, 100% used [0x00000000f5580000,0x00000000f7d80000,0x00000000f7d80000)
  from space 6656K, 60% used [0x00000000f7d80000,0x00000000f816e8a0,0x00000000f8400000)
  to   space 6656K, 0% used [0x00000000f8500000,0x00000000f8500000,0x00000000f8b80000)
 ParOldGen       total 85504K, used 57778K [0x00000000e0000000, 0x00000000e5380000, 0x00000000f5580000)
  object space 85504K, 67% used [0x00000000e0000000,0x00000000e386c858,0x00000000e5380000)
 Metaspace       used 97012K, capacity 103202K, committed 103384K, reserved 1138688K
  class space    used 11261K, capacity 13218K, committed 13272K, reserved 1048576K
Event: 22715.065 GC heap after
Heap after GC invocations=190 (full 38):
 PSYoungGen      total 46592K, used 3800K [0x00000000f5580000, 0x00000000f8a00000, 0x0000000100000000)
  eden space 41472K, 0% used [0x00000000f5580000,0x00000000f5580000,0x00000000f7e00000)
  from space 5120K, 74% used [0x00000000f8500000,0x00000000f88b6008,0x00000000f8a00000)
  to   space 6144K, 0% used [0x00000000f7e00000,0x00000000f7e00000,0x00000000f8400000)
 ParOldGen       total 85504K, used 57818K [0x00000000e0000000, 0x00000000e5380000, 0x00000000f5580000)
  object space 85504K, 67% used [0x00000000e0000000,0x00000000e3876858,0x00000000e5380000)
 Metaspace       used 97012K, capacity 103202K, committed 103384K, reserved 1138688K
  class space    used 11261K, capacity 13218K, committed 13272K, reserved 1048576K
}
Event: 22715.988 GC heap before
{Heap before GC invocations=191 (full 38):
 PSYoungGen      total 46592K, used 45272K [0x00000000f5580000, 0x00000000f8a00000, 0x0000000100000000)
  eden space 41472K, 100% used [0x00000000f5580000,0x00000000f7e00000,0x00000000f7e00000)
  from space 5120K, 74% used [0x00000000f8500000,0x00000000f88b6008,0x00000000f8a00000)
  to   space 6144K, 0% used [0x00000000f7e00000,0x00000000f7e00000,0x00000000f8400000)
 ParOldGen       total 85504K, used 57818K [0x00000000e0000000, 0x00000000e5380000, 0x00000000f5580000)
  object space 85504K, 67% used [0x00000000e0000000,0x00000000e3876858,0x00000000e5380000)
 Metaspace       used 97039K, capacity 103202K, committed 103384K, reserved 1138688K
  class space    used 11261K, capacity 13218K, committed 13272K, reserved 1048576K
Event: 22715.994 GC heap after
Heap after GC invocations=191 (full 38):
 PSYoungGen      total 47616K, used 4089K [0x00000000f5580000, 0x00000000f8b00000, 0x0000000100000000)
  eden space 41472K, 0% used [0x00000000f5580000,0x00000000f5580000,0x00000000f7e00000)
  from space 6144K, 66% used [0x00000000f7e00000,0x00000000f81fe4d0,0x00000000f8400000)
  to   space 6144K, 0% used [0x00000000f8500000,0x00000000f8500000,0x00000000f8b00000)
 ParOldGen       total 85504K, used 57874K [0x00000000e0000000, 0x00000000e5380000, 0x00000000f5580000)
  object space 85504K, 67% used [0x00000000e0000000,0x00000000e3884858,0x00000000e5380000)
 Metaspace       used 97039K, capacity 103202K, committed 103384K, reserved 1138688K
  class space    used 11261K, capacity 13218K, committed 13272K, reserved 1048576K
}
Event: 22720.743 GC heap before
{Heap before GC invocations=192 (full 38):
 PSYoungGen      total 47616K, used 45561K [0x00000000f5580000, 0x00000000f8b00000, 0x0000000100000000)
  eden space 41472K, 100% used [0x00000000f5580000,0x00000000f7e00000,0x00000000f7e00000)
  from space 6144K, 66% used [0x00000000f7e00000,0x00000000f81fe4d0,0x00000000f8400000)
  to   space 6144K, 0% used [0x00000000f8500000,0x00000000f8500000,0x00000000f8b00000)
 ParOldGen       total 85504K, used 57874K [0x00000000e0000000, 0x00000000e5380000, 0x00000000f5580000)
  object space 85504K, 67% used [0x00000000e0000000,0x00000000e3884858,0x00000000e5380000)
 Metaspace       used 97077K, capacity 103266K, committed 103384K, reserved 1138688K
  class space    used 11261K, capacity 13218K, committed 13272K, reserved 1048576K
Event: 22720.750 GC heap after
Heap after GC invocations=192 (full 38):
 PSYoungGen      total 48640K, used 4281K [0x00000000f5580000, 0x00000000f8b00000, 0x0000000100000000)
  eden space 42496K, 0% used [0x00000000f5580000,0x00000000f5580000,0x00000000f7f00000)
  from space 6144K, 69% used [0x00000000f8500000,0x00000000f892e490,0x00000000f8b00000)
  to   space 6144K, 0% used [0x00000000f7f00000,0x00000000f7f00000,0x00000000f8500000)
 ParOldGen       total 85504K, used 57922K [0x00000000e0000000, 0x00000000e5380000, 0x00000000f5580000)
  object space 85504K, 67% used [0x00000000e0000000,0x00000000e3890858,0x00000000e5380000)
 Metaspace       used 97077K, capacity 103266K, committed 103384K, reserved 1138688K
  class space    used 11261K, capacity 13218K, committed 13272K, reserved 1048576K
}
Event: 22751.373 GC heap before
{Heap before GC invocations=193 (full 38):
 PSYoungGen      total 48640K, used 46777K [0x00000000f5580000, 0x00000000f8b00000, 0x0000000100000000)
  eden space 42496K, 100% used [0x00000000f5580000,0x00000000f7f00000,0x00000000f7f00000)
  from space 6144K, 69% used [0x00000000f8500000,0x00000000f892e490,0x00000000f8b00000)
  to   space 6144K, 0% used [0x00000000f7f00000,0x00000000f7f00000,0x00000000f8500000)
 ParOldGen       total 85504K, used 57922K [0x00000000e0000000, 0x00000000e5380000, 0x00000000f5580000)
  object space 85504K, 67% used [0x00000000e0000000,0x00000000e3890858,0x00000000e5380000)
 Metaspace       used 97545K, capacity 103988K, committed 104152K, reserved 1140736K
  class space    used 11314K, capacity 13222K, committed 13272K, reserved 1048576K
Event: 22751.383 GC heap after
Heap after GC invocations=193 (full 38):
 PSYoungGen      total 48640K, used 3505K [0x00000000f5580000, 0x00000000f8c00000, 0x0000000100000000)
  eden space 42496K, 0% used [0x00000000f5580000,0x00000000f5580000,0x00000000f7f00000)
  from space 6144K, 57% used [0x00000000f7f00000,0x00000000f826c5b8,0x00000000f8500000)
  to   space 6144K, 0% used [0x00000000f8600000,0x00000000f8600000,0x00000000f8c00000)
 ParOldGen       total 85504K, used 57954K [0x00000000e0000000, 0x00000000e5380000, 0x00000000f5580000)
  object space 85504K, 67% used [0x00000000e0000000,0x00000000e3898858,0x00000000e5380000)
 Metaspace       used 97545K, capacity 103988K, committed 104152K, reserved 1140736K
  class space    used 11314K, capacity 13222K, committed 13272K, reserved 1048576K
}

Deoptimization events (10 events):
Event: 22752.146 Thread 0x000000001ea78800 Uncommon trap: reason=unreached action=reinterpret pc=0x0000000013718418 method=org.eclipse.core.internal.jobs.WorkerPool.startJob(Lorg/eclipse/core/internal/jobs/Worker;)Lorg/eclipse/core/internal/jobs/InternalJob; @ 185
Event: 22752.147 Thread 0x000000001ea71800 Uncommon trap: reason=unreached action=reinterpret pc=0x0000000013718418 method=org.eclipse.core.internal.jobs.WorkerPool.startJob(Lorg/eclipse/core/internal/jobs/Worker;)Lorg/eclipse/core/internal/jobs/InternalJob; @ 185
Event: 22752.147 Thread 0x000000000a579000 Uncommon trap: reason=unreached action=reinterpret pc=0x0000000013718418 method=org.eclipse.core.internal.jobs.WorkerPool.startJob(Lorg/eclipse/core/internal/jobs/Worker;)Lorg/eclipse/core/internal/jobs/InternalJob; @ 185
Event: 22752.147 Thread 0x000000001ea6a800 Uncommon trap: reason=unreached action=reinterpret pc=0x0000000013718418 method=org.eclipse.core.internal.jobs.WorkerPool.startJob(Lorg/eclipse/core/internal/jobs/Worker;)Lorg/eclipse/core/internal/jobs/InternalJob; @ 185
Event: 22752.148 Thread 0x0000000008574800 Uncommon trap: reason=unreached action=reinterpret pc=0x0000000013718418 method=org.eclipse.core.internal.jobs.WorkerPool.startJob(Lorg/eclipse/core/internal/jobs/Worker;)Lorg/eclipse/core/internal/jobs/InternalJob; @ 185
Event: 22752.148 Thread 0x000000001ea6d800 Uncommon trap: reason=unreached action=reinterpret pc=0x0000000013718418 method=org.eclipse.core.internal.jobs.WorkerPool.startJob(Lorg/eclipse/core/internal/jobs/Worker;)Lorg/eclipse/core/internal/jobs/InternalJob; @ 185
Event: 22752.148 Thread 0x000000001ea79000 Uncommon trap: reason=unreached action=reinterpret pc=0x0000000013718418 method=org.eclipse.core.internal.jobs.WorkerPool.startJob(Lorg/eclipse/core/internal/jobs/Worker;)Lorg/eclipse/core/internal/jobs/InternalJob; @ 185
Event: 22755.436 Thread 0x000000000856a000 Uncommon trap: reason=unloaded action=reinterpret pc=0x0000000010454e44 method=org.eclipse.tcf.EventQueue.invokeLater(Ljava/lang/Runnable;)V @ 25
Event: 22761.739 Thread 0x0000000008569800 Uncommon trap: reason=unloaded action=reinterpret pc=0x0000000012104618 method=org.eclipse.tcf.EventQueue.invokeLater(Ljava/lang/Runnable;)V @ 25
Event: 22765.777 Thread 0x000000000275e000 Uncommon trap: reason=unreached action=reinterpret pc=0x000000000fdeed10 method=sun.reflect.UnsafeStaticObjectFieldAccessorImpl.set(Ljava/lang/Object;Ljava/lang/Object;)V @ 13

Internal exceptions (10 events):
Event: 22744.038 Thread 0x000000001ea75800 Exception <a 'java/net/SocketException': Socket closed> (0x00000000f76e2468) thrown at [D:\re\workspace\8-2-build-windows-amd64-cygwin\jdk8u25\1677\hotspot\src\share\vm\prims\jni.cpp, line 742]
Event: 22744.172 Thread 0x000000000856b800 Exception <a 'java/lang/InterruptedException'> (0x00000000f770e200) thrown at [D:\re\workspace\8-2-build-windows-amd64-cygwin\jdk8u25\1677\hotspot\src\share\vm\runtime\objectMonitor.cpp, line 1682]
Event: 22745.036 Thread 0x000000000275e000 Implicit null exception at 0x000000001304d35f to 0x000000001304e0d9
Event: 22746.671 Thread 0x000000000a585000 Exception <a 'java/lang/InterruptedException'> (0x00000000f7d0ccd0) thrown at [D:\re\workspace\8-2-build-windows-amd64-cygwin\jdk8u25\1677\hotspot\src\share\vm\runtime\objectMonitor.cpp, line 1682]
Event: 22750.464 Thread 0x000000000275e000 Implicit null exception at 0x000000000f60e347 to 0x000000000f60f631
Event: 22753.799 Thread 0x0000000007310800 Exception <a 'java/lang/InterruptedException': sleep interrupted> (0x00000000f56652f0) thrown at [D:\re\workspace\8-2-build-windows-amd64-cygwin\jdk8u25\1677\hotspot\src\share\vm\prims\jvm.cpp, line 3141]
Event: 22753.878 Thread 0x0000000006518800 Exception <a 'java/lang/InterruptedException'> (0x00000000f5665ab8) thrown at [D:\re\workspace\8-2-build-windows-amd64-cygwin\jdk8u25\1677\hotspot\src\share\vm\runtime\objectMonitor.cpp, line 1682]
Event: 22753.903 Thread 0x0000000006626800 Exception <a 'java/lang/InterruptedException'> (0x00000000f566ea78) thrown at [D:\re\workspace\8-2-build-windows-amd64-cygwin\jdk8u25\1677\hotspot\src\share\vm\runtime\objectMonitor.cpp, line 1682]
Event: 22765.777 Thread 0x00000000077d3000 Exception <a 'java/lang/InterruptedException'> (0x00000000f5664520) thrown at [D:\re\workspace\8-2-build-windows-amd64-cygwin\jdk8u25\1677\hotspot\src\share\vm\runtime\objectMonitor.cpp, line 1682]
Event: 22765.777 Thread 0x000000000275e000 Implicit null exception at 0x000000000fdee87b to 0x000000000fdeed01

Events (10 events):
Event: 22765.943 Thread 0x000000001ea70800 Thread added: 0x000000001ea70800
Event: 22765.943 Executing VM operation: RevokeBias
Event: 22765.944 Executing VM operation: RevokeBias done
Event: 22765.944 Executing VM operation: RevokeBias
Event: 22765.944 Executing VM operation: RevokeBias done
Event: 22765.945 Executing VM operation: RevokeBias
Event: 22765.945 Executing VM operation: RevokeBias done
Event: 22765.945 Thread 0x000000001ea70800 Thread exited: 0x000000001ea70800
Event: 22765.968 Thread 0x0000000004bcd800 Thread exited: 0x0000000004bcd800
Event: 22765.975 Executing VM operation: Exit


Dynamic libraries:
0x0000000000400000 - 0x000000000044f000 	C:\Xilinx\SDK\2015.2\eclipse\win64.o\eclipse.exe
0x00007ff892730000 - 0x00007ff892901000 	C:\WINDOWS\SYSTEM32\ntdll.dll
0x00007ff892390000 - 0x00007ff89243b000 	C:\WINDOWS\System32\KERNEL32.DLL
0x00007ff88f0c0000 - 0x00007ff88f2dd000 	C:\WINDOWS\System32\KERNELBASE.dll
0x00007ff891b10000 - 0x00007ff891c75000 	C:\WINDOWS\System32\USER32.dll
0x00007ff88ed70000 - 0x00007ff88ed8e000 	C:\WINDOWS\System32\win32u.dll
0x00007ff890190000 - 0x00007ff8901c4000 	C:\WINDOWS\System32\GDI32.dll
0x00007ff88f3e0000 - 0x00007ff88f562000 	C:\WINDOWS\System32\gdi32full.dll
0x00007ff892440000 - 0x00007ff8924de000 	C:\WINDOWS\System32\msvcrt.dll
0x00007ff88b160000 - 0x00007ff88b3d9000 	C:\WINDOWS\WinSxS\amd64_microsoft.windows.common-controls_6595b64144ccf1df_6.0.14393.447_none_42191651c6827bb3\COMCTL32.dll
0x00007ff8920b0000 - 0x00007ff892377000 	C:\WINDOWS\System32\combase.dll
0x00007ff88f2e0000 - 0x00007ff88f3d5000 	C:\WINDOWS\System32\ucrtbase.dll
0x00007ff8919e0000 - 0x00007ff891b01000 	C:\WINDOWS\System32\RPCRT4.dll
0x00007ff88f570000 - 0x00007ff88f5da000 	C:\WINDOWS\System32\bcryptPrimitives.dll
0x00007ff88fe60000 - 0x00007ff88fe8e000 	C:\WINDOWS\System32\IMM32.DLL
0x00007ff88ea90000 - 0x00007ff88eac1000 	C:\WINDOWS\system32\nvinitx.dll
0x00007ff8901d0000 - 0x00007ff890272000 	C:\WINDOWS\System32\ADVAPI32.dll
0x00007ff890470000 - 0x00007ff8904c9000 	C:\WINDOWS\System32\sechost.dll
0x00007ff88ea80000 - 0x00007ff88ea8a000 	C:\WINDOWS\SYSTEM32\VERSION.dll
0x000000000f000000 - 0x000000000f006000 	C:\Program Files\NVIDIA Corporation\CoProcManager\_etoured.dll
0x00007ff88c350000 - 0x00007ff88c382000 	C:\Program Files\NVIDIA Corporation\CoProcManager\nvd3d9wrapx.dll
0x00007ff891c80000 - 0x00007ff8920a9000 	C:\WINDOWS\System32\SETUPAPI.dll
0x00007ff88ed90000 - 0x00007ff88edd2000 	C:\WINDOWS\System32\cfgmgr32.dll
0x00007ff88c320000 - 0x00007ff88c342000 	C:\Program Files\NVIDIA Corporation\CoProcManager\nvdxgiwrapx.dll
0x0000000072000000 - 0x0000000072012000 	C:\Xilinx\SDK\2015.2\eclipse\win64.o\plugins\org.eclipse.equinox.launcher.win32.win32.x86_64_1.1.200.v20140116-2212\eclipse_1503.dll
0x00007ff88d0c0000 - 0x00007ff88d155000 	C:\WINDOWS\system32\uxtheme.dll
0x00007ff890280000 - 0x00007ff8903db000 	C:\WINDOWS\System32\MSCTF.dll
0x00007ff88fda0000 - 0x00007ff88fe5f000 	C:\WINDOWS\System32\OLEAUT32.dll
0x00007ff88ec20000 - 0x00007ff88ecbc000 	C:\WINDOWS\System32\msvcp_win.dll
0x00000000697f0000 - 0x000000006a04a000 	C:\Xilinx\SDK\2015.2\tps\win64\jre\bin\server\jvm.dll
0x00007ff892380000 - 0x00007ff892388000 	C:\WINDOWS\System32\PSAPI.DLL
0x00007ff88ad40000 - 0x00007ff88ad49000 	C:\WINDOWS\SYSTEM32\WSOCK32.dll
0x00007ff88cee0000 - 0x00007ff88cf03000 	C:\WINDOWS\SYSTEM32\WINMM.dll
0x00007ff8903e0000 - 0x00007ff89044a000 	C:\WINDOWS\System32\WS2_32.dll
0x00000000695e0000 - 0x00000000696b2000 	C:\Xilinx\SDK\2015.2\tps\win64\jre\bin\MSVCR100.dll
0x00007ff88ce80000 - 0x00007ff88ceab000 	C:\WINDOWS\SYSTEM32\WINMMBASE.dll
0x00000000695d0000 - 0x00000000695df000 	C:\Xilinx\SDK\2015.2\tps\win64\jre\bin\verify.dll
0x00000000695a0000 - 0x00000000695c8000 	C:\Xilinx\SDK\2015.2\tps\win64\jre\bin\java.dll
0x0000000069580000 - 0x0000000069596000 	C:\Xilinx\SDK\2015.2\tps\win64\jre\bin\zip.dll
0x00007ff8904d0000 - 0x00007ff8919d9000 	C:\WINDOWS\System32\SHELL32.dll
0x00007ff88f5e0000 - 0x00007ff88fcba000 	C:\WINDOWS\System32\windows.storage.dll
0x00007ff88ebd0000 - 0x00007ff88ec1c000 	C:\WINDOWS\System32\powrprof.dll
0x00007ff88fd40000 - 0x00007ff88fd92000 	C:\WINDOWS\System32\shlwapi.dll
0x00007ff88eb90000 - 0x00007ff88eb9f000 	C:\WINDOWS\System32\kernel.appcore.dll
0x00007ff88ede0000 - 0x00007ff88ee89000 	C:\WINDOWS\System32\shcore.dll
0x00007ff88eba0000 - 0x00007ff88ebb4000 	C:\WINDOWS\System32\profapi.dll
0x00007ff88e5c0000 - 0x00007ff88e5d7000 	C:\WINDOWS\SYSTEM32\CRYPTSP.dll
0x00007ff88e4c0000 - 0x00007ff88e4f3000 	C:\WINDOWS\system32\rsaenh.dll
0x00007ff88ead0000 - 0x00007ff88eafb000 	C:\WINDOWS\SYSTEM32\bcrypt.dll
0x00007ff88e140000 - 0x00007ff88e15f000 	C:\WINDOWS\SYSTEM32\USERENV.dll
0x00007ff88e5b0000 - 0x00007ff88e5bb000 	C:\WINDOWS\SYSTEM32\CRYPTBASE.dll
0x0000000069560000 - 0x000000006957a000 	C:\Xilinx\SDK\2015.2\tps\win64\jre\bin\net.dll
0x00007ff88e2c0000 - 0x00007ff88e31c000 	C:\WINDOWS\system32\mswsock.dll
0x00007ff88e050000 - 0x00007ff88e088000 	C:\WINDOWS\SYSTEM32\IPHLPAPI.DLL
0x00007ff88fd30000 - 0x00007ff88fd38000 	C:\WINDOWS\System32\NSI.dll
0x00007ff8863a0000 - 0x00007ff8863b6000 	C:\WINDOWS\SYSTEM32\dhcpcsvc6.DLL
0x00007ff888a30000 - 0x00007ff888a4a000 	C:\WINDOWS\SYSTEM32\dhcpcsvc.DLL
0x0000000069540000 - 0x0000000069551000 	C:\Xilinx\SDK\2015.2\tps\win64\jre\bin\nio.dll
0x00007ff87c800000 - 0x00007ff87c816000 	C:\WINDOWS\system32\napinsp.dll
0x00007ff87c710000 - 0x00007ff87c72a000 	C:\WINDOWS\system32\pnrpnsp.dll
0x00007ff889bf0000 - 0x00007ff889c08000 	C:\WINDOWS\system32\NLAapi.dll
0x00007ff88e090000 - 0x00007ff88e130000 	C:\WINDOWS\SYSTEM32\DNSAPI.dll
0x00007ff87d270000 - 0x00007ff87d27e000 	C:\WINDOWS\System32\winrnr.dll
0x00007ff87d2f0000 - 0x00007ff87d305000 	C:\WINDOWS\System32\wshbth.dll
0x00007ff880be0000 - 0x00007ff880bea000 	C:\Windows\System32\rasadhlp.dll
0x00007ff886500000 - 0x00007ff88656a000 	C:\WINDOWS\System32\fwpuclnt.dll
0x0000000009390000 - 0x0000000009438000 	C:\Users\sunny\.Xilinx\SDK\2015.2\org.eclipse.osgi\bundles\287\1\.cp\swt-win32-4335.dll
0x00007ff892550000 - 0x00007ff892687000 	C:\WINDOWS\System32\ole32.dll
0x00007ff890090000 - 0x00007ff89018a000 	C:\WINDOWS\System32\comdlg32.dll
0x0000000009790000 - 0x0000000009959000 	C:\WINDOWS\System32\CRYPT32.dll
0x00007ff88c220000 - 0x00007ff88c239000 	C:\WINDOWS\SYSTEM32\USP10.dll
0x00007ff88a510000 - 0x00007ff88a595000 	C:\WINDOWS\SYSTEM32\WINSPOOL.DRV
0x00007ff88ebc0000 - 0x00007ff88ebd0000 	C:\WINDOWS\System32\MSASN1.dll
0x00007ff883e50000 - 0x00007ff8840e3000 	C:\WINDOWS\SYSTEM32\WININET.dll
0x00007ff88c7f0000 - 0x00007ff88c816000 	C:\WINDOWS\system32\dwmapi.dll
0x00007ff88c630000 - 0x00007ff88c7b5000 	C:\WINDOWS\SYSTEM32\propsys.dll
0x00007ff892690000 - 0x00007ff89272f000 	C:\WINDOWS\System32\clbcatq.dll
0x0000000002730000 - 0x000000000274e000 	C:\Users\sunny\.Xilinx\SDK\2015.2\org.eclipse.osgi\bundles\287\1\.cp\swt-gdip-win32-4335.dll
0x00007ff88a5c0000 - 0x00007ff88a75a000 	C:\WINDOWS\WinSxS\amd64_microsoft.windows.gdiplus_6595b64144ccf1df_1.1.14393.321_none_72fe05dd211a5fae\gdiplus.dll
0x00007ff88a760000 - 0x00007ff88a908000 	C:\WINDOWS\SYSTEM32\WindowsCodecs.dll
0x0000000180000000 - 0x0000000180012000 	C:\Users\sunny\.Xilinx\SDK\2015.2\org.eclipse.osgi\bundles\113\1\.cp\os\win32\x86_64\localfile_1_0_0.dll
0x00007ff88ab30000 - 0x00007ff88ab41000 	C:\Users\sunny\.Xilinx\SDK\2015.2\org.eclipse.osgi\bundles\116\1\.cp\jWinHttp-1.0.0.dll
0x00007ff88a9a0000 - 0x00007ff88aa6d000 	C:\WINDOWS\SYSTEM32\WINHTTP.dll
0x00007ff88a410000 - 0x00007ff88a475000 	C:\WINDOWS\SYSTEM32\oleacc.dll
0x00007ff88ac30000 - 0x00007ff88ac40000 	C:\Xilinx\SDK\2015.2\lib\win64.o\librdi_repo_manager.dll
0x00007ff87bc70000 - 0x00007ff87bc9a000 	C:\Xilinx\SDK\2015.2\lib\win64.o\libisl_sysinfo.dll
0x00007ff844e30000 - 0x00007ff845773000 	C:\Xilinx\SDK\2015.2\lib\win64.o\librdi_common.dll
0x00007ff870ae0000 - 0x00007ff870b87000 	C:\WINDOWS\SYSTEM32\MSVCP110.dll
0x00007ff870a00000 - 0x00007ff870ad4000 	C:\WINDOWS\SYSTEM32\MSVCR110.dll
0x00007ff86e830000 - 0x00007ff86ea18000 	C:\Xilinx\SDK\2015.2\lib\win64.o\librdi_hsm.dll
0x00007ff875d60000 - 0x00007ff876008000 	C:\Xilinx\SDK\2015.2\lib\win64.o\libCOIN-all.dll
0x00007ff876010000 - 0x00007ff876230000 	C:\Xilinx\SDK\2015.2\lib\win64.o\libXil_lmgr11.dll
0x00007ff88ee90000 - 0x00007ff88eee5000 	C:\WINDOWS\System32\WINTRUST.dll
0x00007ff8852f0000 - 0x00007ff885312000 	C:\Xilinx\SDK\2015.2\lib\win64.o\libboost_filesystem.dll
0x00007ff885320000 - 0x00007ff885394000 	C:\Xilinx\SDK\2015.2\lib\win64.o\libboost_program_options.dll
0x00007ff8895e0000 - 0x00007ff8895f0000 	C:\Xilinx\SDK\2015.2\lib\win64.o\libboost_date_time.dll
0x00007ff8848b0000 - 0x00007ff8849aa000 	C:\Xilinx\SDK\2015.2\lib\win64.o\libboost_regex.dll
0x00007ff8852d0000 - 0x00007ff8852e3000 	C:\Xilinx\SDK\2015.2\lib\win64.o\libboost_signals.dll
0x00007ff888ca0000 - 0x00007ff888ca9000 	C:\Xilinx\SDK\2015.2\lib\win64.o\libboost_system.dll
0x00007ff87ead0000 - 0x00007ff87eaed000 	C:\Xilinx\SDK\2015.2\lib\win64.o\libboost_thread.dll
0x00007ff87cfe0000 - 0x00007ff87d060000 	C:\Xilinx\SDK\2015.2\lib\win64.o\libhdlpsolve.dll
0x00007ff87bcd0000 - 0x00007ff87bd6a000 	C:\Xilinx\SDK\2015.2\lib\win64.o\libhdxml.dll
0x00007ff84a900000 - 0x00007ff84af0a200 	C:\Xilinx\SDK\2015.2\lib\win64.o\libisl_iostreams.dll
0x00007ff88b730000 - 0x00007ff88b745000 	C:\Xilinx\SDK\2015.2\lib\win64.o\pthreadVC2.dll
0x00007ff87bc10000 - 0x00007ff87bc64000 	C:\Xilinx\SDK\2015.2\lib\win64.o\librdi_commonxillic.dll
0x00007ff87bbf0000 - 0x00007ff87bc08000 	C:\Xilinx\SDK\2015.2\lib\win64.o\librdiconfig.dll
0x00007ff87ba90000 - 0x00007ff87bab3000 	C:\Xilinx\SDK\2015.2\lib\win64.o\librdizlib.dll
0x00007ff87bca0000 - 0x00007ff87bcc3000 	C:\Xilinx\SDK\2015.2\lib\win64.o\libisl_iosutils.dll
0x00000000696c0000 - 0x00000000697e7000 	C:\Xilinx\SDK\2015.2\lib\win64.o\tcl85t.dll
0x00007ff8841a0000 - 0x00007ff884362000 	C:\WINDOWS\SYSTEM32\urlmon.dll
0x0000000021ec0000 - 0x0000000022123000 	C:\Xilinx\SDK\2015.2\lib\win64.o\xerces-c_3_1.dll
0x00007ff86e4f0000 - 0x00007ff86e513000 	C:\WINDOWS\SYSTEM32\VCOMP110.DLL
0x00007ff8794d0000 - 0x00007ff879513000 	C:\Xilinx\SDK\2015.2\lib\win64.o\librdi_hdf.dll
0x00007ff849fe0000 - 0x00007ff84a19a000 	C:\Xilinx\SDK\2015.2\lib\win64.o\librdi_ippcw.dll
0x00007ff87f440000 - 0x00007ff87f458000 	C:\WINDOWS\SYSTEM32\NETAPI32.dll
0x00007ff8852c0000 - 0x00007ff8852cb000 	C:\Xilinx\SDK\2015.2\lib\win64.o\libboost_chrono.dll
0x00007ff875c30000 - 0x00007ff875d60000 	C:\Xilinx\SDK\2015.2\lib\win64.o\librdi_curl.dll
0x00007ff884370000 - 0x00007ff884613000 	C:\WINDOWS\SYSTEM32\iertutil.dll
0x00007ff87bbd0000 - 0x00007ff87bbe6000 	C:\Xilinx\SDK\2015.2\lib\win64.o\libboost_iostreams.dll
0x00007ff888be0000 - 0x00007ff888bfc000 	C:\Xilinx\SDK\2015.2\lib\win64.o\librdi_hw_platform.dll
0x00007ff88cf40000 - 0x00007ff88cf47000 	C:\WINDOWS\SYSTEM32\msimg32.dll
0x00007ff87a380000 - 0x00007ff87a3c2000 	C:\WINDOWS\SYSTEM32\edputil.dll
0x00007ff86dea0000 - 0x00007ff86e2aa000 	C:\Xilinx\SDK\2015.2\lib\win64.o\librdi_commontasks.dll
0x00007ff844620000 - 0x00007ff844e30000 	C:\Xilinx\SDK\2015.2\lib\win64.o\libXil_lmgr11FNP.dll
0x00007ff889c30000 - 0x00007ff889c3c000 	C:\WINDOWS\SYSTEM32\snmpapi.dll
0x00007ff88e7b0000 - 0x00007ff88e7dc000 	C:\WINDOWS\SYSTEM32\SspiCli.dll
0x00007ff88d5a0000 - 0x00007ff88d5c8000 	C:\WINDOWS\SYSTEM32\DEVOBJ.dll
0x00007ff888da0000 - 0x00007ff888dab000 	C:\WINDOWS\SYSTEM32\WINNSI.DLL

VM Arguments:
jvm_args: -Dcom.xilinx.sdk.args.hwspec=C:/Users/sunny/Google_Drive/CMU/Courses/CMU/18643/vivado_projects/H05-lab3-1/project_1.sdk/design_1_wrapper.hdf -Xms64m -Xmx512m & 
java_command: <unknown>
java_class_path (initial): C:\Xilinx\SDK\2015.2\eclipse\win64.o\\plugins/org.eclipse.equinox.launcher_1.3.0.v20130327-1440.jar
Launcher Type: generic

Environment Variables:
PATH=C:/Xilinx/SDK/2015.2/tps/win64/jre/bin/server;C:/Xilinx/SDK/2015.2/tps/win64/jre/bin;C:/Xilinx/SDK/2015.2/tps/win64/jre/lib/amd64;C:\Xilinx\SDK\2015.2\gnuwin\bin;C:\Xilinx\SDK\2015.2\gnu\microblaze\nt\bin;C:\Xilinx\SDK\2015.2\gnu\microblaze\linux_toolchain\nt64_le\bin;C:\Xilinx\SDK\2015.2\gnu\microblaze\linux_toolchain\nt64_be\bin;C:\Xilinx\SDK\2015.2\gnu\arm\nt\bin;C:\Xilinx\SDK\2015.2\gnu\aarch64\nt\aarch64-none\bin;C:\Xilinx\SDK\2015.2\gnu\aarch64\nt\aarch64-linux\bin;C:\Xilinx\SDK\2015.2\gnu\armr5\nt\gcc-arm-none-eabi\bin;C:\Xilinx\SDK\2015.2\gnu\aarch32\nt\gcc-arm-none-eabi\bin;C:\Xilinx\SDK\2015.2\gnu\aarch32\nt\gcc-arm-linux-gnueabi\bin;C:\Xilinx\SDK\2015.2\bin;C:\Xilinx\SDK\2015.2\lib\win64.o;C:\Xilinx\SDK\2015.2\tps\win64\jre\bin\server;C:\Xilinx\SDK\2015.2\tps\win64\jre\bin;C:\Xilinx\SDK\2015.2\bin;C:\Xilinx\SDK\2015.2\bin;C:\Xilinx\Vivado\2015.2\ids_lite\ISE\bin\nt64;C:\Xilinx\Vivado\2015.2\ids_lite\ISE\lib\nt64;C:\Xilinx\Vivado\2015.2\bin;C:\Xilinx\Vivado\2015.2\lib\win64.o;C:\Xilinx\Vivado\2015.2\tps\win64\jre\bin\server;C:\Xilinx\Vivado\2015.2\tps\win64\jre\bin;C:\Xilinx\SDK\2015.2\bin;C:\Xilinx\Vivado\2015.2\ids_lite\ISE\bin\nt64;C:\Xilinx\Vivado\2015.2\ids_lite\ISE\lib\nt64;C:\Xilinx\Vivado_HLS\2015.2\bin;C:\ProgramData\Oracle\Java\javapath;C:\WINDOWS\system32;C:\WINDOWS;C:\WINDOWS\System32\Wbem;C:\WINDOWS\System32\WindowsPowerShell\v1.0\;C:\Program Files (x86)\SSH Communications Security\SSH Tectia\SSH Tectia AUX;C:\Program Files (x86)\SSH Communications Security\SSH Tectia\SSH Tectia AUX\Support binaries;C:\Program Files (x86)\SSH Communications Security\SSH Tectia\SSH Tectia Broker;C:\Program Files (x86)\SSH Communications Security\SSH Tectia\SSH Tectia Client;C:\Program Files\Git\cmd;C:\Users\sunny\Anaconda2;C:\Users\sunny\Anaconda2\Scripts;C:\Users\sunny\Anaconda2\Library\bin;C:\Users\sunny\AppData\Local\Microsoft\WindowsApps;;c:\Users\sunny\Google_Drive\CMU\Courses\CMU\18643\vivado_projects\H05-lab3-1;
USERNAME=sunny
OS=Windows_NT
PROCESSOR_IDENTIFIER=Intel64 Family 6 Model 42 Stepping 7, GenuineIntel



---------------  S Y S T E M  ---------------

OS: Windows 8 , 64 bit Build 9200 

CPU:total 4 (2 cores per cpu, 2 threads per core) family 6 model 42 stepping 7, cmov, cx8, fxsr, mmx, sse, sse2, sse3, ssse3, sse4.1, sse4.2, popcnt, avx, aes, clmul, ht, tsc, tscinvbit

Memory: 4k page, physical 4085928k(757752k free), swap 11829780k(1907068k free)

vm_info: Java HotSpot(TM) 64-Bit Server VM (25.25-b02) for windows-amd64 JRE (1.8.0_25-b18), built on Oct  7 2014 14:25:37 by "java_re" with MS VC++ 10.0 (VS2010)

time: Tue Nov 29 09:09:41 2016
elapsed time: 22776 seconds (0d 6h 19m 36s)

