#
# A fatal error has been detected by the Java Runtime Environment:
#
#  Internal Error (0xc000000d), pid=11116, tid=20908
#
# JRE version: Java(TM) SE Runtime Environment (8.0_25-b18) (build 1.8.0_25-b18)
# Java VM: Java HotSpot(TM) 64-Bit Server VM (25.25-b02 mixed mode windows-amd64 compressed oops)
# Problematic frame:
# C  [ntdll.dll+0xfe5ec]
#
# Failed to write core dump. Minidumps are not enabled by default on client versions of Windows
#
# If you would like to submit a bug report, please visit:
#   http://bugreport.sun.com/bugreport/crash.jsp
#

---------------  T H R E A D  ---------------

Current thread (0x0000000004af6800):  VMThread [stack: 0x0000000005b90000,0x0000000005c90000] [id=20908]

siginfo: ExceptionCode=0xc000000d

Registers:
RAX=0x00000000064fe190, RBX=0xfffffffffffffffe, RCX=0x00000000064fe200, RDX=0x00000000064fe260
RSP=0x0000000005c8f470, RBP=0x00007ff870a07408, RSI=0x0000000000000000, RDI=0x0000000000000ccc
R8 =0x00000000064fe6c0, R9 =0x000000000014f7b0, R10=0x00007ff892737c1f, R11=0x00000000064fe800
R12=0x000000002471b110, R13=0x00000000247239f0, R14=0x000000002471b218, R15=0x0000000005c8f5e8
RIP=0x00007ff89282e5ec, EFLAGS=0x0000000000000206

Top of Stack: (sp=0x0000000005c8f470)
0x0000000005c8f470:   0000000000000057 fffffffffffffffe
0x0000000005c8f480:   0000000000000000 0000000000000ccc
0x0000000005c8f490:   00000000c000000d 0000000000000000
0x0000000005c8f4a0:   00007ff89282e5ec 0000000000000000
0x0000000005c8f4b0:   0000000000000000 0000000000000000
0x0000000005c8f4c0:   0000000000000000 0000000000000000
0x0000000005c8f4d0:   0000000000000000 0000000000000000
0x0000000005c8f4e0:   0000000000000000 0000000000000000
0x0000000005c8f4f0:   0000000000000000 0000000000000000
0x0000000005c8f500:   0000000000000000 0000000000000000
0x0000000005c8f510:   0000000000000000 0000000000000000
0x0000000005c8f520:   0000000000000000 0000000000000000
0x0000000005c8f530:   0000311b2500a3db 0000000000000000
0x0000000005c8f540:   0000000000000000 00007ff8927f06af
0x0000000005c8f550:   0000000000000000 0000000000000000
0x0000000005c8f560:   0000000000000000 0000000000000000 

Instructions: (pc=0x00007ff89282e5ec)
0x00007ff89282e5cc:   d1 fa ff c7 44 24 20 0d 00 00 c0 b9 57 00 00 00
0x00007ff89282e5dc:   e8 9f 0f f6 ff 90 48 8d 4c 24 20 e8 24 bb f4 ff
0x00007ff89282e5ec:   eb 00 48 8b 8c 24 c0 00 00 00 48 33 cc e8 62 70
0x00007ff89282e5fc:   f9 ff 48 81 c4 d8 00 00 00 c3 40 55 48 83 ec 20 


Register to memory mapping:

RAX=0x00000000064fe190 is an unknown value
RBX=0xfffffffffffffffe is an unknown value
RCX=0x00000000064fe200 is an unknown value
RDX=0x00000000064fe260 is an unknown value
RSP=0x0000000005c8f470 is an unknown value
RBP=0x00007ff870a07408 is an unknown value
RSI=0x0000000000000000 is an unknown value
RDI=0x0000000000000ccc is an unknown value
R8 =0x00000000064fe6c0 is an unknown value
R9 =0x000000000014f7b0 is pointing into the stack for thread: 0x000000000270e000
R10=0x00007ff892737c1f is an unknown value
R11=0x00000000064fe800 is an unknown value
R12=0x000000002471b110 is an unknown value
R13=0x00000000247239f0 is an unknown value
R14=0x000000002471b218 is an unknown value
R15=0x0000000005c8f5e8 is an unknown value


Stack: [0x0000000005b90000,0x0000000005c90000],  sp=0x0000000005c8f470,  free space=1021k
Native frames: (J=compiled Java code, j=interpreted, Vv=VM code, C=native code)
C  [ntdll.dll+0xfe5ec]
C  [ntdll.dll+0xc06af]
C  [KERNEL32.DLL+0x1fbba]
C  [MSVCR110.dll+0x752d]
C  [MSVCR110.dll+0x14cde]
C  [MSVCR110.dll+0x13edc]
C  [MSVCR110.dll+0x239e]
C  [MSVCR110.dll+0xaf9e]
C  [MSVCP110.dll+0x397b9]
C  [librdi_common.dll+0x135d02]
C  [librdi_common.dll+0x13447b]
C  0x00007ff885e12400
C  0x00007ff885e12682
C  [ntdll.dll+0x29d9f]
C  [ntdll.dll+0x806b]
C  [ntdll.dll+0x7d94]
C  [KERNEL32.DLL+0x1ce6a]
C  [MSVCR100.dll+0x20ccd]
V  [jvm.dll+0x1f9c55]
V  [jvm.dll+0x2325e7]
V  [jvm.dll+0x231826]
V  [jvm.dll+0x231cc1]
V  [jvm.dll+0x231ede]
V  [jvm.dll+0x2852fa]
C  [MSVCR100.dll+0x21d9f]
C  [MSVCR100.dll+0x21e3b]
C  [KERNEL32.DLL+0x8364]
C  [ntdll.dll+0x65e91]

VM_Operation (0x000000000014f500): Exit, mode: safepoint, requested by thread 0x000000000270e000


---------------  P R O C E S S  ---------------

Java Threads: ( => current thread )
  0x000000000c137000 JavaThread "Spawner Reaper" daemon [_thread_in_native, id=19676, stack(0x0000000034ee0000,0x0000000034fe0000)]
  0x0000000006546800 JavaThread "pool-1-thread-10" [_thread_blocked, id=11436, stack(0x0000000061230000,0x0000000061330000)]
  0x000000000654d800 JavaThread "pool-1-thread-9" [_thread_blocked, id=20460, stack(0x000000005e330000,0x000000005e430000)]
  0x000000000c138800 JavaThread "pool-1-thread-8" [_thread_blocked, id=20004, stack(0x000000005d330000,0x000000005d430000)]
  0x000000000c136800 JavaThread "pool-1-thread-7" [_thread_blocked, id=17608, stack(0x000000005c430000,0x000000005c530000)]
  0x000000000c135000 JavaThread "pool-1-thread-6" [_thread_blocked, id=17472, stack(0x0000000055430000,0x0000000055530000)]
  0x000000000c12b000 JavaThread "pool-1-thread-5" [_thread_blocked, id=14104, stack(0x000000004b230000,0x000000004b330000)]
  0x000000000654c800 JavaThread "pool-1-thread-4" [_thread_blocked, id=17236, stack(0x0000000048530000,0x0000000048630000)]
  0x0000000006552000 JavaThread "pool-1-thread-3" [_thread_blocked, id=18008, stack(0x0000000046e30000,0x0000000046f30000)]
  0x0000000007118000 JavaThread "pool-1-thread-2" [_thread_blocked, id=20408, stack(0x0000000041030000,0x0000000041130000)]
  0x0000000006550800 JavaThread "pool-1-thread-1" [_thread_blocked, id=19604, stack(0x000000003fe30000,0x000000003ff30000)]
  0x0000000006548000 JavaThread "Thread-107" daemon [_thread_blocked, id=16148, stack(0x000000003e630000,0x000000003e730000)]
  0x0000000006543800 JavaThread "TCF Locator DNS Lookup" daemon [_thread_blocked, id=18832, stack(0x0000000020310000,0x0000000020410000)]
  0x0000000006546000 JavaThread "TCF Locator Timer" daemon [_thread_blocked, id=20292, stack(0x0000000020210000,0x0000000020310000)]
  0x0000000007116800 JavaThread "TCF Timer Dispatcher" daemon [_thread_blocked, id=20456, stack(0x000000001fb10000,0x000000001fc10000)]
  0x0000000007b9b800 JavaThread "EMF Reference Cleaner" daemon [_thread_blocked, id=10096, stack(0x000000000a3a0000,0x000000000a4a0000)]
  0x0000000004b8e800 JavaThread "Service Thread" daemon [_thread_blocked, id=5828, stack(0x0000000006790000,0x0000000006890000)]
  0x0000000004b35800 JavaThread "C1 CompilerThread2" daemon [_thread_blocked, id=19512, stack(0x0000000006290000,0x0000000006390000)]
  0x0000000004b33800 JavaThread "C2 CompilerThread1" daemon [_thread_blocked, id=17952, stack(0x0000000006190000,0x0000000006290000)]
  0x0000000004b2f800 JavaThread "C2 CompilerThread0" daemon [_thread_blocked, id=5408, stack(0x0000000006090000,0x0000000006190000)]
  0x0000000004b2e800 JavaThread "Attach Listener" daemon [_thread_blocked, id=6360, stack(0x0000000005f90000,0x0000000006090000)]
  0x0000000004b2d800 JavaThread "Signal Dispatcher" daemon [_thread_blocked, id=16192, stack(0x0000000005e90000,0x0000000005f90000)]
  0x00000000026c4000 JavaThread "Finalizer" daemon [_thread_blocked, id=21072, stack(0x0000000005d90000,0x0000000005e90000)]
  0x00000000026bd000 JavaThread "Reference Handler" daemon [_thread_blocked, id=21284, stack(0x0000000005c90000,0x0000000005d90000)]
  0x000000000270e000 JavaThread "main" [_thread_blocked, id=15528, stack(0x0000000000050000,0x0000000000150000)]

Other Threads:
=>0x0000000004af6800 VMThread [stack: 0x0000000005b90000,0x0000000005c90000] [id=20908]

VM state:at safepoint (shutting down)

VM Mutex/Monitor currently owned by a thread:  ([mutex/lock_event])
[0x000000000270d870] Threads_lock - owner thread: 0x0000000004af6800

Heap:
 PSYoungGen      total 27648K, used 26423K [0x00000000f5580000, 0x00000000f7480000, 0x0000000100000000)
  eden space 23552K, 99% used [0x00000000f5580000,0x00000000f6c4cf70,0x00000000f6c80000)
  from space 4096K, 75% used [0x00000000f7080000,0x00000000f7380e30,0x00000000f7480000)
  to   space 4096K, 0% used [0x00000000f6c80000,0x00000000f6c80000,0x00000000f7080000)
 ParOldGen       total 68608K, used 52241K [0x00000000e0000000, 0x00000000e4300000, 0x00000000f5580000)
  object space 68608K, 76% used [0x00000000e0000000,0x00000000e33044d0,0x00000000e4300000)
 Metaspace       used 96636K, capacity 103062K, committed 103256K, reserved 1138688K
  class space    used 11252K, capacity 13346K, committed 13400K, reserved 1048576K

Card table byte_map: [0x0000000002ad0000,0x0000000002be0000] byte_map_base: 0x00000000023d0000

Marking Bits: (ParMarkBitMap*) 0x0000000069fcd490
 Begin Bits: [0x0000000003090000, 0x0000000003890000)
 End Bits:   [0x0000000003890000, 0x0000000004090000)

Polling page: 0x0000000000480000

CodeCache: size=245760Kb used=72383Kb max_used=72402Kb free=173376Kb
 bounds [0x000000000f010000, 0x0000000013760000, 0x000000001e010000]
 total_blobs=19111 nmethods=18248 adapters=769
 compilation: enabled

Compilation events (10 events):
Event: 14412.209 Thread 0x0000000004b35800 23849       3       org.eclipse.osgi.framework.internal.core.BundleHost::refresh (83 bytes)
Event: 14412.212 Thread 0x0000000004b35800 nmethod 23849 0x00000000101a3750 code [0x00000000101a39a0, 0x00000000101a4738]
Event: 14412.237 Thread 0x0000000004b35800 23850       3       org.eclipse.osgi.internal.loader.BundleLoader::closeBundleLoader (38 bytes)
Event: 14412.237 Thread 0x0000000004b35800 nmethod 23850 0x000000000f8ad410 code [0x000000000f8ad5a0, 0x000000000f8ada48]
Event: 14412.303 Thread 0x0000000004b35800 23851       3       org.eclipse.osgi.baseadaptor.bundlefile.BundleFile::setMruIndex (6 bytes)
Event: 14412.304 Thread 0x0000000004b35800 nmethod 23851 0x00000000110c9250 code [0x00000000110c93a0, 0x00000000110c94f0]
Event: 14415.412 Thread 0x0000000004b35800 23852   !   3       org.eclipse.osgi.internal.baseadaptor.BaseStorage::compact (215 bytes)
Event: 14415.419 Thread 0x0000000004b35800 nmethod 23852 0x00000000137564d0 code [0x0000000013756900, 0x0000000013758d68]
Event: 14416.335 Thread 0x0000000004b35800 23853       3       org.eclipse.osgi.framework.internal.core.AbstractBundle::close (52 bytes)
Event: 14416.339 Thread 0x0000000004b35800 nmethod 23853 0x0000000010f87b90 code [0x0000000010f87dc0, 0x0000000010f88aa8]

GC Heap History (10 events):
Event: 14315.048 GC heap before
{Heap before GC invocations=169 (full 19):
 PSYoungGen      total 27648K, used 26451K [0x00000000f5580000, 0x00000000f7480000, 0x0000000100000000)
  eden space 23552K, 99% used [0x00000000f5580000,0x00000000f6c7ff50,0x00000000f6c80000)
  from space 4096K, 70% used [0x00000000f6c80000,0x00000000f6f54e40,0x00000000f7080000)
  to   space 4096K, 0% used [0x00000000f7080000,0x00000000f7080000,0x00000000f7480000)
 ParOldGen       total 68608K, used 52201K [0x00000000e0000000, 0x00000000e4300000, 0x00000000f5580000)
  object space 68608K, 76% used [0x00000000e0000000,0x00000000e32fa4d0,0x00000000e4300000)
 Metaspace       used 95999K, capacity 102532K, committed 102744K, reserved 1138688K
  class space    used 11188K, capacity 13279K, committed 13400K, reserved 1048576K
Event: 14315.054 GC heap after
Heap after GC invocations=169 (full 19):
 PSYoungGen      total 27648K, used 2739K [0x00000000f5580000, 0x00000000f7480000, 0x0000000100000000)
  eden space 23552K, 0% used [0x00000000f5580000,0x00000000f5580000,0x00000000f6c80000)
  from space 4096K, 66% used [0x00000000f7080000,0x00000000f732ce40,0x00000000f7480000)
  to   space 4096K, 0% used [0x00000000f6c80000,0x00000000f6c80000,0x00000000f7080000)
 ParOldGen       total 68608K, used 52209K [0x00000000e0000000, 0x00000000e4300000, 0x00000000f5580000)
  object space 68608K, 76% used [0x00000000e0000000,0x00000000e32fc4d0,0x00000000e4300000)
 Metaspace       used 95999K, capacity 102532K, committed 102744K, reserved 1138688K
  class space    used 11188K, capacity 13279K, committed 13400K, reserved 1048576K
}
Event: 14356.925 GC heap before
{Heap before GC invocations=170 (full 19):
 PSYoungGen      total 27648K, used 26291K [0x00000000f5580000, 0x00000000f7480000, 0x0000000100000000)
  eden space 23552K, 100% used [0x00000000f5580000,0x00000000f6c80000,0x00000000f6c80000)
  from space 4096K, 66% used [0x00000000f7080000,0x00000000f732ce40,0x00000000f7480000)
  to   space 4096K, 0% used [0x00000000f6c80000,0x00000000f6c80000,0x00000000f7080000)
 ParOldGen       total 68608K, used 52209K [0x00000000e0000000, 0x00000000e4300000, 0x00000000f5580000)
  object space 68608K, 76% used [0x00000000e0000000,0x00000000e32fc4d0,0x00000000e4300000)
 Metaspace       used 96017K, capacity 102532K, committed 102744K, reserved 1138688K
  class space    used 11189K, capacity 13279K, committed 13400K, reserved 1048576K
Event: 14356.945 GC heap after
Heap after GC invocations=170 (full 19):
 PSYoungGen      total 27648K, used 2919K [0x00000000f5580000, 0x00000000f7480000, 0x0000000100000000)
  eden space 23552K, 0% used [0x00000000f5580000,0x00000000f5580000,0x00000000f6c80000)
  from space 4096K, 71% used [0x00000000f6c80000,0x00000000f6f59c60,0x00000000f7080000)
  to   space 4096K, 0% used [0x00000000f7080000,0x00000000f7080000,0x00000000f7480000)
 ParOldGen       total 68608K, used 52209K [0x00000000e0000000, 0x00000000e4300000, 0x00000000f5580000)
  object space 68608K, 76% used [0x00000000e0000000,0x00000000e32fc4d0,0x00000000e4300000)
 Metaspace       used 96017K, capacity 102532K, committed 102744K, reserved 1138688K
  class space    used 11189K, capacity 13279K, committed 13400K, reserved 1048576K
}
Event: 14372.814 GC heap before
{Heap before GC invocations=171 (full 19):
 PSYoungGen      total 27648K, used 26466K [0x00000000f5580000, 0x00000000f7480000, 0x0000000100000000)
  eden space 23552K, 99% used [0x00000000f5580000,0x00000000f6c7ef98,0x00000000f6c80000)
  from space 4096K, 71% used [0x00000000f6c80000,0x00000000f6f59c60,0x00000000f7080000)
  to   space 4096K, 0% used [0x00000000f7080000,0x00000000f7080000,0x00000000f7480000)
 ParOldGen       total 68608K, used 52209K [0x00000000e0000000, 0x00000000e4300000, 0x00000000f5580000)
  object space 68608K, 76% used [0x00000000e0000000,0x00000000e32fc4d0,0x00000000e4300000)
 Metaspace       used 96041K, capacity 102660K, committed 103000K, reserved 1138688K
  class space    used 11191K, capacity 13279K, committed 13400K, reserved 1048576K
Event: 14372.830 GC heap after
Heap after GC invocations=171 (full 19):
 PSYoungGen      total 27648K, used 2903K [0x00000000f5580000, 0x00000000f7480000, 0x0000000100000000)
  eden space 23552K, 0% used [0x00000000f5580000,0x00000000f5580000,0x00000000f6c80000)
  from space 4096K, 70% used [0x00000000f7080000,0x00000000f7355c70,0x00000000f7480000)
  to   space 4096K, 0% used [0x00000000f6c80000,0x00000000f6c80000,0x00000000f7080000)
 ParOldGen       total 68608K, used 52217K [0x00000000e0000000, 0x00000000e4300000, 0x00000000f5580000)
  object space 68608K, 76% used [0x00000000e0000000,0x00000000e32fe4d0,0x00000000e4300000)
 Metaspace       used 96041K, capacity 102660K, committed 103000K, reserved 1138688K
  class space    used 11191K, capacity 13279K, committed 13400K, reserved 1048576K
}
Event: 14381.873 GC heap before
{Heap before GC invocations=172 (full 19):
 PSYoungGen      total 27648K, used 26455K [0x00000000f5580000, 0x00000000f7480000, 0x0000000100000000)
  eden space 23552K, 100% used [0x00000000f5580000,0x00000000f6c80000,0x00000000f6c80000)
  from space 4096K, 70% used [0x00000000f7080000,0x00000000f7355c70,0x00000000f7480000)
  to   space 4096K, 0% used [0x00000000f6c80000,0x00000000f6c80000,0x00000000f7080000)
 ParOldGen       total 68608K, used 52217K [0x00000000e0000000, 0x00000000e4300000, 0x00000000f5580000)
  object space 68608K, 76% used [0x00000000e0000000,0x00000000e32fe4d0,0x00000000e4300000)
 Metaspace       used 96055K, capacity 102660K, committed 103000K, reserved 1138688K
  class space    used 11191K, capacity 13279K, committed 13400K, reserved 1048576K
Event: 14381.890 GC heap after
Heap after GC invocations=172 (full 19):
 PSYoungGen      total 27648K, used 3027K [0x00000000f5580000, 0x00000000f7480000, 0x0000000100000000)
  eden space 23552K, 0% used [0x00000000f5580000,0x00000000f5580000,0x00000000f6c80000)
  from space 4096K, 73% used [0x00000000f6c80000,0x00000000f6f74e40,0x00000000f7080000)
  to   space 4096K, 0% used [0x00000000f7080000,0x00000000f7080000,0x00000000f7480000)
 ParOldGen       total 68608K, used 52225K [0x00000000e0000000, 0x00000000e4300000, 0x00000000f5580000)
  object space 68608K, 76% used [0x00000000e0000000,0x00000000e33004d0,0x00000000e4300000)
 Metaspace       used 96055K, capacity 102660K, committed 103000K, reserved 1138688K
  class space    used 11191K, capacity 13279K, committed 13400K, reserved 1048576K
}
Event: 14400.625 GC heap before
{Heap before GC invocations=173 (full 19):
 PSYoungGen      total 27648K, used 26579K [0x00000000f5580000, 0x00000000f7480000, 0x0000000100000000)
  eden space 23552K, 100% used [0x00000000f5580000,0x00000000f6c80000,0x00000000f6c80000)
  from space 4096K, 73% used [0x00000000f6c80000,0x00000000f6f74e40,0x00000000f7080000)
  to   space 4096K, 0% used [0x00000000f7080000,0x00000000f7080000,0x00000000f7480000)
 ParOldGen       total 68608K, used 52225K [0x00000000e0000000, 0x00000000e4300000, 0x00000000f5580000)
  object space 68608K, 76% used [0x00000000e0000000,0x00000000e33004d0,0x00000000e4300000)
 Metaspace       used 96170K, capacity 102820K, committed 103000K, reserved 1138688K
  class space    used 11204K, capacity 13311K, committed 13400K, reserved 1048576K
Event: 14400.731 GC heap after
Heap after GC invocations=173 (full 19):
 PSYoungGen      total 27648K, used 3075K [0x00000000f5580000, 0x00000000f7480000, 0x0000000100000000)
  eden space 23552K, 0% used [0x00000000f5580000,0x00000000f5580000,0x00000000f6c80000)
  from space 4096K, 75% used [0x00000000f7080000,0x00000000f7380e30,0x00000000f7480000)
  to   space 4096K, 0% used [0x00000000f6c80000,0x00000000f6c80000,0x00000000f7080000)
 ParOldGen       total 68608K, used 52241K [0x00000000e0000000, 0x00000000e4300000, 0x00000000f5580000)
  object space 68608K, 76% used [0x00000000e0000000,0x00000000e33044d0,0x00000000e4300000)
 Metaspace       used 96170K, capacity 102820K, committed 103000K, reserved 1138688K
  class space    used 11204K, capacity 13311K, committed 13400K, reserved 1048576K
}

Deoptimization events (10 events):
Event: 14411.711 Thread 0x0000000007116000 Uncommon trap: reason=unreached action=reinterpret pc=0x00000000102a8810 method=org.eclipse.core.internal.jobs.WorkerPool.startJob(Lorg/eclipse/core/internal/jobs/Worker;)Lorg/eclipse/core/internal/jobs/InternalJob; @ 185
Event: 14411.711 Thread 0x000000000c12d800 Uncommon trap: reason=unreached action=reinterpret pc=0x00000000102a8810 method=org.eclipse.core.internal.jobs.WorkerPool.startJob(Lorg/eclipse/core/internal/jobs/Worker;)Lorg/eclipse/core/internal/jobs/InternalJob; @ 185
Event: 14411.712 Thread 0x0000000007119800 Uncommon trap: reason=unreached action=reinterpret pc=0x00000000102a8810 method=org.eclipse.core.internal.jobs.WorkerPool.startJob(Lorg/eclipse/core/internal/jobs/Worker;)Lorg/eclipse/core/internal/jobs/InternalJob; @ 185
Event: 14411.712 Thread 0x000000000c13a000 Uncommon trap: reason=unreached action=reinterpret pc=0x00000000102a8810 method=org.eclipse.core.internal.jobs.WorkerPool.startJob(Lorg/eclipse/core/internal/jobs/Worker;)Lorg/eclipse/core/internal/jobs/InternalJob; @ 185
Event: 14411.713 Thread 0x000000000711b000 Uncommon trap: reason=unreached action=reinterpret pc=0x00000000102a8810 method=org.eclipse.core.internal.jobs.WorkerPool.startJob(Lorg/eclipse/core/internal/jobs/Worker;)Lorg/eclipse/core/internal/jobs/InternalJob; @ 185
Event: 14411.713 Thread 0x000000000711a800 Uncommon trap: reason=unreached action=reinterpret pc=0x00000000102a8810 method=org.eclipse.core.internal.jobs.WorkerPool.startJob(Lorg/eclipse/core/internal/jobs/Worker;)Lorg/eclipse/core/internal/jobs/InternalJob; @ 185
Event: 14411.714 Thread 0x0000000007c2d000 Uncommon trap: reason=unreached action=reinterpret pc=0x00000000102a8810 method=org.eclipse.core.internal.jobs.WorkerPool.startJob(Lorg/eclipse/core/internal/jobs/Worker;)Lorg/eclipse/core/internal/jobs/InternalJob; @ 185
Event: 14411.714 Thread 0x000000000c12c000 Uncommon trap: reason=unreached action=reinterpret pc=0x00000000102a8810 method=org.eclipse.core.internal.jobs.WorkerPool.startJob(Lorg/eclipse/core/internal/jobs/Worker;)Lorg/eclipse/core/internal/jobs/InternalJob; @ 185
Event: 14411.714 Thread 0x000000000c12f000 Uncommon trap: reason=unreached action=reinterpret pc=0x00000000102a8810 method=org.eclipse.core.internal.jobs.WorkerPool.startJob(Lorg/eclipse/core/internal/jobs/Worker;)Lorg/eclipse/core/internal/jobs/InternalJob; @ 185
Event: 14413.923 Thread 0x000000000654a800 Uncommon trap: reason=unloaded action=reinterpret pc=0x00000000125cb144 method=org.eclipse.tcf.EventQueue.invokeLater(Ljava/lang/Runnable;)V @ 25

Internal exceptions (10 events):
Event: 14405.689 Thread 0x000000000270e000 Implicit null exception at 0x000000001316b073 to 0x000000001316bcc5
Event: 14407.871 Thread 0x0000000007c33000 Exception <a 'java/lang/InterruptedException'> (0x00000000f68759a0) thrown at [D:\re\workspace\8-2-build-windows-amd64-cygwin\jdk8u25\1677\hotspot\src\share\vm\runtime\objectMonitor.cpp, line 1682]
Event: 14407.955 Thread 0x000000000711a800 Implicit null exception at 0x0000000010d50724 to 0x0000000010d51e3d
Event: 14410.501 Thread 0x000000000270e000 Implicit null exception at 0x000000000f992113 to 0x000000000f99301d
Event: 14411.055 Thread 0x000000000270e000 Exception <a 'java/lang/NullPointerException'> (0x00000000e02165b8) thrown at [D:\re\workspace\8-2-build-windows-amd64-cygwin\jdk8u25\1677\hotspot\src\share\vm\prims\jvm.cpp, line 1316]
Event: 14411.459 Thread 0x0000000006e4d800 Implicit null exception at 0x0000000013744cc2 to 0x0000000013744e59
Event: 14412.409 Thread 0x0000000006e39000 Exception <a 'java/lang/InterruptedException': sleep interrupted> (0x00000000f55fbf90) thrown at [D:\re\workspace\8-2-build-windows-amd64-cygwin\jdk8u25\1677\hotspot\src\share\vm\prims\jvm.cpp, line 3141]
Event: 14412.621 Thread 0x000000000711c000 Exception <a 'java/lang/InterruptedException'> (0x00000000f6b9ad10) thrown at [D:\re\workspace\8-2-build-windows-amd64-cygwin\jdk8u25\1677\hotspot\src\share\vm\runtime\objectMonitor.cpp, line 1682]
Event: 14412.656 Thread 0x0000000006ec9000 Exception <a 'java/lang/InterruptedException'> (0x00000000f6ba6990) thrown at [D:\re\workspace\8-2-build-windows-amd64-cygwin\jdk8u25\1677\hotspot\src\share\vm\runtime\objectMonitor.cpp, line 1682]
Event: 14416.336 Thread 0x0000000006e4d800 Exception <a 'java/lang/InterruptedException'> (0x00000000f6b58be0) thrown at [D:\re\workspace\8-2-build-windows-amd64-cygwin\jdk8u25\1677\hotspot\src\share\vm\runtime\objectMonitor.cpp, line 1682]

Events (10 events):
Event: 14416.467 loading class java/util/IdentityHashMap$KeyIterator done
Event: 14416.468 Thread 0x000000000c132800 Thread added: 0x000000000c132800
Event: 14416.495 Executing VM operation: RevokeBias
Event: 14416.495 Executing VM operation: RevokeBias done
Event: 14416.495 Executing VM operation: RevokeBias
Event: 14416.496 Executing VM operation: RevokeBias done
Event: 14416.497 Executing VM operation: RevokeBias
Event: 14416.497 Executing VM operation: RevokeBias done
Event: 14416.497 Thread 0x000000000c132800 Thread exited: 0x000000000c132800
Event: 14416.560 Executing VM operation: Exit


Dynamic libraries:
0x0000000000400000 - 0x000000000044f000 	C:\Xilinx\SDK\2015.2\eclipse\win64.o\eclipse.exe
0x00007ff892730000 - 0x00007ff892901000 	C:\WINDOWS\SYSTEM32\ntdll.dll
0x00007ff892390000 - 0x00007ff89243b000 	C:\WINDOWS\System32\KERNEL32.DLL
0x00007ff88f0c0000 - 0x00007ff88f2dd000 	C:\WINDOWS\System32\KERNELBASE.dll
0x00007ff891b10000 - 0x00007ff891c75000 	C:\WINDOWS\System32\USER32.dll
0x00007ff88ed70000 - 0x00007ff88ed8e000 	C:\WINDOWS\System32\win32u.dll
0x00007ff890190000 - 0x00007ff8901c4000 	C:\WINDOWS\System32\GDI32.dll
0x00007ff88f3e0000 - 0x00007ff88f562000 	C:\WINDOWS\System32\gdi32full.dll
0x00007ff892440000 - 0x00007ff8924de000 	C:\WINDOWS\System32\msvcrt.dll
0x00007ff88b160000 - 0x00007ff88b3d9000 	C:\WINDOWS\WinSxS\amd64_microsoft.windows.common-controls_6595b64144ccf1df_6.0.14393.447_none_42191651c6827bb3\COMCTL32.dll
0x00007ff8920b0000 - 0x00007ff892377000 	C:\WINDOWS\System32\combase.dll
0x00007ff88f2e0000 - 0x00007ff88f3d5000 	C:\WINDOWS\System32\ucrtbase.dll
0x00007ff8919e0000 - 0x00007ff891b01000 	C:\WINDOWS\System32\RPCRT4.dll
0x00007ff88f570000 - 0x00007ff88f5da000 	C:\WINDOWS\System32\bcryptPrimitives.dll
0x00007ff88fe60000 - 0x00007ff88fe8e000 	C:\WINDOWS\System32\IMM32.DLL
0x00007ff88ea90000 - 0x00007ff88eac1000 	C:\WINDOWS\system32\nvinitx.dll
0x00007ff8901d0000 - 0x00007ff890272000 	C:\WINDOWS\System32\ADVAPI32.dll
0x00007ff890470000 - 0x00007ff8904c9000 	C:\WINDOWS\System32\sechost.dll
0x00007ff88ea80000 - 0x00007ff88ea8a000 	C:\WINDOWS\SYSTEM32\VERSION.dll
0x000000000f000000 - 0x000000000f006000 	C:\Program Files\NVIDIA Corporation\CoProcManager\_etoured.dll
0x00007ff88c350000 - 0x00007ff88c382000 	C:\Program Files\NVIDIA Corporation\CoProcManager\nvd3d9wrapx.dll
0x00007ff891c80000 - 0x00007ff8920a9000 	C:\WINDOWS\System32\SETUPAPI.dll
0x00007ff88ed90000 - 0x00007ff88edd2000 	C:\WINDOWS\System32\cfgmgr32.dll
0x00007ff88c320000 - 0x00007ff88c342000 	C:\Program Files\NVIDIA Corporation\CoProcManager\nvdxgiwrapx.dll
0x0000000072000000 - 0x0000000072012000 	C:\Xilinx\SDK\2015.2\eclipse\win64.o\plugins\org.eclipse.equinox.launcher.win32.win32.x86_64_1.1.200.v20140116-2212\eclipse_1503.dll
0x00007ff88d0c0000 - 0x00007ff88d155000 	C:\WINDOWS\system32\uxtheme.dll
0x00007ff890280000 - 0x00007ff8903db000 	C:\WINDOWS\System32\MSCTF.dll
0x00007ff88fda0000 - 0x00007ff88fe5f000 	C:\WINDOWS\System32\OLEAUT32.dll
0x00007ff88ec20000 - 0x00007ff88ecbc000 	C:\WINDOWS\System32\msvcp_win.dll
0x00000000697f0000 - 0x000000006a04a000 	C:\Xilinx\SDK\2015.2\tps\win64\jre\bin\server\jvm.dll
0x00007ff892380000 - 0x00007ff892388000 	C:\WINDOWS\System32\PSAPI.DLL
0x00007ff88cee0000 - 0x00007ff88cf03000 	C:\WINDOWS\SYSTEM32\WINMM.dll
0x00007ff88ad40000 - 0x00007ff88ad49000 	C:\WINDOWS\SYSTEM32\WSOCK32.dll
0x00007ff8903e0000 - 0x00007ff89044a000 	C:\WINDOWS\System32\WS2_32.dll
0x00000000695e0000 - 0x00000000696b2000 	C:\Xilinx\SDK\2015.2\tps\win64\jre\bin\MSVCR100.dll
0x00007ff88ce80000 - 0x00007ff88ceab000 	C:\WINDOWS\SYSTEM32\WINMMBASE.dll
0x00000000695d0000 - 0x00000000695df000 	C:\Xilinx\SDK\2015.2\tps\win64\jre\bin\verify.dll
0x00000000695a0000 - 0x00000000695c8000 	C:\Xilinx\SDK\2015.2\tps\win64\jre\bin\java.dll
0x0000000069580000 - 0x0000000069596000 	C:\Xilinx\SDK\2015.2\tps\win64\jre\bin\zip.dll
0x00007ff8904d0000 - 0x00007ff8919d9000 	C:\WINDOWS\System32\SHELL32.dll
0x00007ff88f5e0000 - 0x00007ff88fcba000 	C:\WINDOWS\System32\windows.storage.dll
0x00007ff88ebd0000 - 0x00007ff88ec1c000 	C:\WINDOWS\System32\powrprof.dll
0x00007ff88fd40000 - 0x00007ff88fd92000 	C:\WINDOWS\System32\shlwapi.dll
0x00007ff88eb90000 - 0x00007ff88eb9f000 	C:\WINDOWS\System32\kernel.appcore.dll
0x00007ff88ede0000 - 0x00007ff88ee89000 	C:\WINDOWS\System32\shcore.dll
0x00007ff88eba0000 - 0x00007ff88ebb4000 	C:\WINDOWS\System32\profapi.dll
0x00007ff88e5c0000 - 0x00007ff88e5d7000 	C:\WINDOWS\SYSTEM32\CRYPTSP.dll
0x00007ff88e4c0000 - 0x00007ff88e4f3000 	C:\WINDOWS\system32\rsaenh.dll
0x00007ff88ead0000 - 0x00007ff88eafb000 	C:\WINDOWS\SYSTEM32\bcrypt.dll
0x00007ff88e140000 - 0x00007ff88e15f000 	C:\WINDOWS\SYSTEM32\USERENV.dll
0x00007ff88e5b0000 - 0x00007ff88e5bb000 	C:\WINDOWS\SYSTEM32\CRYPTBASE.dll
0x0000000069560000 - 0x000000006957a000 	C:\Xilinx\SDK\2015.2\tps\win64\jre\bin\net.dll
0x00007ff88e2c0000 - 0x00007ff88e31c000 	C:\WINDOWS\system32\mswsock.dll
0x00007ff88e050000 - 0x00007ff88e088000 	C:\WINDOWS\SYSTEM32\IPHLPAPI.DLL
0x00007ff88fd30000 - 0x00007ff88fd38000 	C:\WINDOWS\System32\NSI.dll
0x00007ff8863a0000 - 0x00007ff8863b6000 	C:\WINDOWS\SYSTEM32\dhcpcsvc6.DLL
0x00007ff888a30000 - 0x00007ff888a4a000 	C:\WINDOWS\SYSTEM32\dhcpcsvc.DLL
0x0000000069540000 - 0x0000000069551000 	C:\Xilinx\SDK\2015.2\tps\win64\jre\bin\nio.dll
0x00007ff87c800000 - 0x00007ff87c816000 	C:\WINDOWS\system32\napinsp.dll
0x00007ff87c710000 - 0x00007ff87c72a000 	C:\WINDOWS\system32\pnrpnsp.dll
0x00007ff889bf0000 - 0x00007ff889c08000 	C:\WINDOWS\system32\NLAapi.dll
0x00007ff88e090000 - 0x00007ff88e130000 	C:\WINDOWS\SYSTEM32\DNSAPI.dll
0x00007ff87d270000 - 0x00007ff87d27e000 	C:\WINDOWS\System32\winrnr.dll
0x00007ff87d2f0000 - 0x00007ff87d305000 	C:\WINDOWS\System32\wshbth.dll
0x00007ff880be0000 - 0x00007ff880bea000 	C:\Windows\System32\rasadhlp.dll
0x00007ff886500000 - 0x00007ff88656a000 	C:\WINDOWS\System32\fwpuclnt.dll
0x0000000008df0000 - 0x0000000008e98000 	C:\Users\sunny\.Xilinx\SDK\2015.2\org.eclipse.osgi\bundles\287\1\.cp\swt-win32-4335.dll
0x00007ff892550000 - 0x00007ff892687000 	C:\WINDOWS\System32\ole32.dll
0x00007ff890090000 - 0x00007ff89018a000 	C:\WINDOWS\System32\comdlg32.dll
0x000000000a730000 - 0x000000000a8f9000 	C:\WINDOWS\System32\CRYPT32.dll
0x00007ff88a510000 - 0x00007ff88a595000 	C:\WINDOWS\SYSTEM32\WINSPOOL.DRV
0x00007ff88ebc0000 - 0x00007ff88ebd0000 	C:\WINDOWS\System32\MSASN1.dll
0x00007ff88c220000 - 0x00007ff88c239000 	C:\WINDOWS\SYSTEM32\USP10.dll
0x00007ff883e50000 - 0x00007ff8840e3000 	C:\WINDOWS\SYSTEM32\WININET.dll
0x00007ff88c7f0000 - 0x00007ff88c816000 	C:\WINDOWS\system32\dwmapi.dll
0x00007ff88c630000 - 0x00007ff88c7b5000 	C:\WINDOWS\SYSTEM32\propsys.dll
0x00007ff892690000 - 0x00007ff89272f000 	C:\WINDOWS\System32\clbcatq.dll
0x0000000008ea0000 - 0x0000000008ebe000 	C:\Users\sunny\.Xilinx\SDK\2015.2\org.eclipse.osgi\bundles\287\1\.cp\swt-gdip-win32-4335.dll
0x00007ff88a5c0000 - 0x00007ff88a75a000 	C:\WINDOWS\WinSxS\amd64_microsoft.windows.gdiplus_6595b64144ccf1df_1.1.14393.321_none_72fe05dd211a5fae\gdiplus.dll
0x00007ff88a760000 - 0x00007ff88a908000 	C:\WINDOWS\SYSTEM32\WindowsCodecs.dll
0x0000000180000000 - 0x0000000180012000 	C:\Users\sunny\.Xilinx\SDK\2015.2\org.eclipse.osgi\bundles\113\1\.cp\os\win32\x86_64\localfile_1_0_0.dll
0x00007ff88ab30000 - 0x00007ff88ab41000 	C:\Users\sunny\.Xilinx\SDK\2015.2\org.eclipse.osgi\bundles\116\1\.cp\jWinHttp-1.0.0.dll
0x00007ff88a9a0000 - 0x00007ff88aa6d000 	C:\WINDOWS\SYSTEM32\WINHTTP.dll
0x00007ff88a410000 - 0x00007ff88a475000 	C:\WINDOWS\SYSTEM32\oleacc.dll
0x00007ff882d40000 - 0x00007ff882d89000 	C:\WINDOWS\system32\dataexchange.dll
0x00007ff88c820000 - 0x00007ff88c971000 	C:\WINDOWS\system32\dcomp.dll
0x00007ff88bcf0000 - 0x00007ff88bfa6000 	C:\WINDOWS\system32\d3d11.dll
0x00007ff88d800000 - 0x00007ff88d89f000 	C:\WINDOWS\system32\dxgi.dll
0x00007ff88d260000 - 0x00007ff88d37c000 	C:\WINDOWS\system32\twinapi.appcore.dll
0x00007ff87cfa0000 - 0x00007ff87cfdf000 	C:\WINDOWS\system32\mlang.dll
0x00007ff88ac30000 - 0x00007ff88ac40000 	C:\Xilinx\SDK\2015.2\lib\win64.o\librdi_repo_manager.dll
0x00007ff87bc70000 - 0x00007ff87bc9a000 	C:\Xilinx\SDK\2015.2\lib\win64.o\libisl_sysinfo.dll
0x00007ff844e30000 - 0x00007ff845773000 	C:\Xilinx\SDK\2015.2\lib\win64.o\librdi_common.dll
0x00007ff870ae0000 - 0x00007ff870b87000 	C:\WINDOWS\SYSTEM32\MSVCP110.dll
0x00007ff870a00000 - 0x00007ff870ad4000 	C:\WINDOWS\SYSTEM32\MSVCR110.dll
0x00007ff86e830000 - 0x00007ff86ea18000 	C:\Xilinx\SDK\2015.2\lib\win64.o\librdi_hsm.dll
0x00007ff875d60000 - 0x00007ff876008000 	C:\Xilinx\SDK\2015.2\lib\win64.o\libCOIN-all.dll
0x00007ff876010000 - 0x00007ff876230000 	C:\Xilinx\SDK\2015.2\lib\win64.o\libXil_lmgr11.dll
0x00007ff88ee90000 - 0x00007ff88eee5000 	C:\WINDOWS\System32\WINTRUST.dll
0x00007ff885320000 - 0x00007ff885394000 	C:\Xilinx\SDK\2015.2\lib\win64.o\libboost_program_options.dll
0x00007ff8852f0000 - 0x00007ff885312000 	C:\Xilinx\SDK\2015.2\lib\win64.o\libboost_filesystem.dll
0x00007ff8895e0000 - 0x00007ff8895f0000 	C:\Xilinx\SDK\2015.2\lib\win64.o\libboost_date_time.dll
0x00007ff8848b0000 - 0x00007ff8849aa000 	C:\Xilinx\SDK\2015.2\lib\win64.o\libboost_regex.dll
0x00007ff8852d0000 - 0x00007ff8852e3000 	C:\Xilinx\SDK\2015.2\lib\win64.o\libboost_signals.dll
0x00007ff87ead0000 - 0x00007ff87eaed000 	C:\Xilinx\SDK\2015.2\lib\win64.o\libboost_thread.dll
0x00007ff87cfe0000 - 0x00007ff87d060000 	C:\Xilinx\SDK\2015.2\lib\win64.o\libhdlpsolve.dll
0x00007ff87bcd0000 - 0x00007ff87bd6a000 	C:\Xilinx\SDK\2015.2\lib\win64.o\libhdxml.dll
0x00007ff84a900000 - 0x00007ff84af0a200 	C:\Xilinx\SDK\2015.2\lib\win64.o\libisl_iostreams.dll
0x00007ff87bca0000 - 0x00007ff87bcc3000 	C:\Xilinx\SDK\2015.2\lib\win64.o\libisl_iosutils.dll
0x00007ff87bc10000 - 0x00007ff87bc64000 	C:\Xilinx\SDK\2015.2\lib\win64.o\librdi_commonxillic.dll
0x00007ff875c30000 - 0x00007ff875d60000 	C:\Xilinx\SDK\2015.2\lib\win64.o\librdi_curl.dll
0x00007ff87bbf0000 - 0x00007ff87bc08000 	C:\Xilinx\SDK\2015.2\lib\win64.o\librdiconfig.dll
0x00007ff87ba90000 - 0x00007ff87bab3000 	C:\Xilinx\SDK\2015.2\lib\win64.o\librdizlib.dll
0x00000000696c0000 - 0x00000000697e7000 	C:\Xilinx\SDK\2015.2\lib\win64.o\tcl85t.dll
0x00007ff8841a0000 - 0x00007ff884362000 	C:\WINDOWS\SYSTEM32\urlmon.dll
0x0000000021d90000 - 0x0000000021ff3000 	C:\Xilinx\SDK\2015.2\lib\win64.o\xerces-c_3_1.dll
0x00007ff86e4f0000 - 0x00007ff86e513000 	C:\WINDOWS\SYSTEM32\VCOMP110.DLL
0x00007ff888ca0000 - 0x00007ff888ca9000 	C:\Xilinx\SDK\2015.2\lib\win64.o\libboost_system.dll
0x00007ff8794d0000 - 0x00007ff879513000 	C:\Xilinx\SDK\2015.2\lib\win64.o\librdi_hdf.dll
0x00007ff849fe0000 - 0x00007ff84a19a000 	C:\Xilinx\SDK\2015.2\lib\win64.o\librdi_ippcw.dll
0x00007ff87f440000 - 0x00007ff87f458000 	C:\WINDOWS\SYSTEM32\NETAPI32.dll
0x00007ff8852c0000 - 0x00007ff8852cb000 	C:\Xilinx\SDK\2015.2\lib\win64.o\libboost_chrono.dll
0x00007ff87bbd0000 - 0x00007ff87bbe6000 	C:\Xilinx\SDK\2015.2\lib\win64.o\libboost_iostreams.dll
0x00007ff88b730000 - 0x00007ff88b745000 	C:\Xilinx\SDK\2015.2\lib\win64.o\pthreadVC2.dll
0x00007ff884370000 - 0x00007ff884613000 	C:\WINDOWS\SYSTEM32\iertutil.dll
0x00007ff88cf40000 - 0x00007ff88cf47000 	C:\WINDOWS\SYSTEM32\msimg32.dll
0x00007ff888be0000 - 0x00007ff888bfc000 	C:\Xilinx\SDK\2015.2\lib\win64.o\librdi_hw_platform.dll
0x00007ff87a380000 - 0x00007ff87a3c2000 	C:\WINDOWS\SYSTEM32\edputil.dll

VM Arguments:
jvm_args: -Dcom.xilinx.sdk.args.hwspec=C:/Users/sunny/Google_Drive/CMU/Courses/CMU/18643/vivado_projects/H05-lab3/project_1.sdk/design_1_wrapper.hdf -Xms64m -Xmx512m & 
java_command: <unknown>
java_class_path (initial): C:\Xilinx\SDK\2015.2\eclipse\win64.o\\plugins/org.eclipse.equinox.launcher_1.3.0.v20130327-1440.jar
Launcher Type: generic

Environment Variables:
PATH=C:/Xilinx/SDK/2015.2/tps/win64/jre/bin/server;C:/Xilinx/SDK/2015.2/tps/win64/jre/bin;C:/Xilinx/SDK/2015.2/tps/win64/jre/lib/amd64;C:\Xilinx\SDK\2015.2\gnuwin\bin;C:\Xilinx\SDK\2015.2\gnu\microblaze\nt\bin;C:\Xilinx\SDK\2015.2\gnu\microblaze\linux_toolchain\nt64_le\bin;C:\Xilinx\SDK\2015.2\gnu\microblaze\linux_toolchain\nt64_be\bin;C:\Xilinx\SDK\2015.2\gnu\arm\nt\bin;C:\Xilinx\SDK\2015.2\gnu\aarch64\nt\aarch64-none\bin;C:\Xilinx\SDK\2015.2\gnu\aarch64\nt\aarch64-linux\bin;C:\Xilinx\SDK\2015.2\gnu\armr5\nt\gcc-arm-none-eabi\bin;C:\Xilinx\SDK\2015.2\gnu\aarch32\nt\gcc-arm-none-eabi\bin;C:\Xilinx\SDK\2015.2\gnu\aarch32\nt\gcc-arm-linux-gnueabi\bin;C:\Xilinx\SDK\2015.2\bin;C:\Xilinx\SDK\2015.2\lib\win64.o;C:\Xilinx\SDK\2015.2\tps\win64\jre\bin\server;C:\Xilinx\SDK\2015.2\tps\win64\jre\bin;C:\Xilinx\SDK\2015.2\bin;C:\Xilinx\SDK\2015.2\bin;C:\Xilinx\Vivado\2015.2\ids_lite\ISE\bin\nt64;C:\Xilinx\Vivado\2015.2\ids_lite\ISE\lib\nt64;C:\Xilinx\Vivado\2015.2\bin;C:\Xilinx\Vivado\2015.2\lib\win64.o;C:\Xilinx\Vivado\2015.2\tps\win64\jre\bin\server;C:\Xilinx\Vivado\2015.2\tps\win64\jre\bin;C:\Xilinx\SDK\2015.2\bin;C:\Xilinx\Vivado\2015.2\ids_lite\ISE\bin\nt64;C:\Xilinx\Vivado\2015.2\ids_lite\ISE\lib\nt64;C:\Xilinx\Vivado_HLS\2015.2\bin;C:\ProgramData\Oracle\Java\javapath;C:\WINDOWS\system32;C:\WINDOWS;C:\WINDOWS\System32\Wbem;C:\WINDOWS\System32\WindowsPowerShell\v1.0\;C:\Program Files (x86)\SSH Communications Security\SSH Tectia\SSH Tectia AUX;C:\Program Files (x86)\SSH Communications Security\SSH Tectia\SSH Tectia AUX\Support binaries;C:\Program Files (x86)\SSH Communications Security\SSH Tectia\SSH Tectia Broker;C:\Program Files (x86)\SSH Communications Security\SSH Tectia\SSH Tectia Client;C:\Program Files\Git\cmd;C:\Users\sunny\Anaconda2;C:\Users\sunny\Anaconda2\Scripts;C:\Users\sunny\Anaconda2\Library\bin;C:\Users\sunny\AppData\Local\Microsoft\WindowsApps;;c:\Users\sunny\Google_Drive\CMU\Courses\CMU\18643\vivado_projects\H05-lab3;
USERNAME=sunny
OS=Windows_NT
PROCESSOR_IDENTIFIER=Intel64 Family 6 Model 42 Stepping 7, GenuineIntel



---------------  S Y S T E M  ---------------

OS: Windows 8 , 64 bit Build 9200 

CPU:total 4 (2 cores per cpu, 2 threads per core) family 6 model 42 stepping 7, cmov, cx8, fxsr, mmx, sse, sse2, sse3, ssse3, sse4.1, sse4.2, popcnt, avx, aes, clmul, ht, tsc, tscinvbit

Memory: 4k page, physical 4085928k(805720k free), swap 10824092k(1866516k free)

vm_info: Java HotSpot(TM) 64-Bit Server VM (25.25-b02) for windows-amd64 JRE (1.8.0_25-b18), built on Oct  7 2014 14:25:37 by "java_re" with MS VC++ 10.0 (VS2010)

time: Mon Nov 28 18:04:23 2016
elapsed time: 14421 seconds (0d 4h 0m 21s)

