#-----------------------------------------------------------
# Vivado v2015.2 (64-bit)
# SW Build 1266856 on Fri Jun 26 16:35:25 MDT 2015
# IP Build 1264090 on Wed Jun 24 14:22:01 MDT 2015
# Start of session at: Wed Sep 28 09:31:50 2016
# Process ID: 15168
# Log file: C:/000_HLS/H05-lab3/vivado.log
# Journal file: C:/000_HLS/H05-lab3\vivado.jou
#-----------------------------------------------------------
start_gui
open_project C:/000_HLS/H05-lab3/project_1.xpr
Scanning sources...
Finished scanning sources
INFO: [IP_Flow 19-234] Refreshing IP repositories
INFO: [IP_Flow 19-1700] Loaded user IP repository 'c:/18643/H04-lab2/H04-lab2'.
INFO: [IP_Flow 19-2313] Loaded Vivado IP repository 'C:/Xilinx/Vivado/2015.2/data/ip'.
open_project: Time (s): cpu = 00:00:19 ; elapsed = 00:00:24 . Memory (MB): peak = 797.957 ; gain = 210.840
launch_sdk -workspace C:/000_HLS/H05-lab3/project_1.sdk -hwspec C:/000_HLS/H05-lab3/project_1.sdk/design_1_wrapper.hdf
INFO: [Vivado 12-393] Launching SDK...
INFO: [Vivado 12-417] Running xsdk -workspace C:/000_HLS/H05-lab3/project_1.sdk -hwspec C:/000_HLS/H05-lab3/project_1.sdk/design_1_wrapper.hdf
INFO: [Vivado 12-3157] SDK launch initiated. Please check console for any further messages.
exit
INFO: [Common 17-206] Exiting Vivado at Wed Sep 28 09:34:57 2016...
