#-----------------------------------------------------------
# Vivado v2015.2 (64-bit)
# SW Build 1266856 on Fri Jun 26 16:35:25 MDT 2015
# IP Build 1264090 on Wed Jun 24 14:22:01 MDT 2015
# Start of session at: Fri Oct 28 04:52:18 2016
# Process ID: 6544
# Log file: C:/Users/sunny/GDrive/CMU/Courses/CMU/18643/Labs/Lab3/H05-lab3/H05-lab3/vivado.log
# Journal file: C:/Users/sunny/GDrive/CMU/Courses/CMU/18643/Labs/Lab3/H05-lab3/H05-lab3\vivado.jou
#-----------------------------------------------------------
start_gui
open_project C:/Users/sunny/GDrive/CMU/Courses/CMU/18643/Labs/Lab3/H05-lab3/H05-lab3/project_1.xpr
INFO: [Project 1-313] Project file moved from 'C:/000_HLS/H05-lab3' since last save.
Scanning sources...
Finished scanning sources
WARNING: [filemgmt 56-2] IP Repository Path: Could not find the directory 'C:/Users/sunny/GDrive/CMU/Courses/CMU/18643/Labs/Lab3/18643/H04-lab2/H04-lab2', nor could it be found using path 'C:/18643/H04-lab2/H04-lab2'.
INFO: [IP_Flow 19-234] Refreshing IP repositories
WARNING: [IP_Flow 19-2248] Failed to load user IP repository 'c:/Users/sunny/GDrive/CMU/Courses/CMU/18643/Labs/Lab3/18643/H04-lab2/H04-lab2'; Can't find the specified path.
If this directory should no longer be in your list of user repositories, go to the IP Settings dialog and remove it.
INFO: [IP_Flow 19-2313] Loaded Vivado IP repository 'C:/Xilinx/Vivado/2015.2/data/ip'.
WARNING: [BD 41-1661] One or more IPs have been locked in the design 'design_1.bd'. Please run report_ip_status for more details and recommendations on how to fix this issue.
List of locked IPs:
design_1_matrix_mult_0_0

open_project: Time (s): cpu = 00:00:24 ; elapsed = 00:00:41 . Memory (MB): peak = 584.141 ; gain = 178.250
open_bd_design {C:/Users/sunny/GDrive/CMU/Courses/CMU/18643/Labs/Lab3/H05-lab3/H05-lab3/project_1.srcs/sources_1/bd/design_1/design_1.bd}
Adding component instance block -- xilinx.com:ip:processing_system7:5.5 - processing_system7_0
Adding component instance block -- xilinx.com:ip:proc_sys_reset:5.0 - rst_processing_system7_0_100M
Adding component instance block -- xilinx.com:hls:matrix_mult:1.0 - matrix_mult_0
Adding component instance block -- xilinx.com:ip:axi_bram_ctrl:4.0 - axi_bram_ctrl_0
Adding component instance block -- xilinx.com:ip:axi_cdma:4.1 - axi_cdma_0
Adding component instance block -- xilinx.com:ip:blk_mem_gen:8.2 - blk_mem_gen_0
Adding component instance block -- xilinx.com:ip:axi_crossbar:2.1 - xbar
Adding component instance block -- xilinx.com:ip:axi_dwidth_converter:2.1 - auto_ds
Adding component instance block -- xilinx.com:ip:axi_protocol_converter:2.1 - auto_pc
Adding component instance block -- xilinx.com:ip:axi_dwidth_converter:2.1 - auto_us
Adding component instance block -- xilinx.com:ip:axi_bram_ctrl:4.0 - axi_bram_ctrl_0
Adding component instance block -- xilinx.com:ip:axi_cdma:4.1 - axi_cdma_0
Adding component instance block -- xilinx.com:ip:blk_mem_gen:8.2 - blk_mem_gen_0
Adding component instance block -- xilinx.com:ip:axi_crossbar:2.1 - xbar
Adding component instance block -- xilinx.com:ip:axi_dwidth_converter:2.1 - auto_ds
Adding component instance block -- xilinx.com:ip:axi_protocol_converter:2.1 - auto_pc
Adding component instance block -- xilinx.com:ip:axi_dwidth_converter:2.1 - auto_us
Adding component instance block -- xilinx.com:ip:axi_bram_ctrl:4.0 - axi_bram_ctrl_0
Adding component instance block -- xilinx.com:ip:axi_cdma:4.1 - axi_cdma_0
Adding component instance block -- xilinx.com:ip:blk_mem_gen:8.2 - blk_mem_gen_0
Adding component instance block -- xilinx.com:ip:axi_crossbar:2.1 - xbar
Adding component instance block -- xilinx.com:ip:axi_dwidth_converter:2.1 - auto_ds
Adding component instance block -- xilinx.com:ip:axi_protocol_converter:2.1 - auto_pc
Adding component instance block -- xilinx.com:ip:axi_dwidth_converter:2.1 - auto_us
Adding component instance block -- xilinx.com:ip:axi_crossbar:2.1 - xbar
Adding component instance block -- xilinx.com:ip:axi_protocol_converter:2.1 - auto_pc
Successfully read diagram <design_1> from BD file <C:/Users/sunny/GDrive/CMU/Courses/CMU/18643/Labs/Lab3/H05-lab3/H05-lab3/project_1.srcs/sources_1/bd/design_1/design_1.bd>
open_bd_design: Time (s): cpu = 00:00:12 ; elapsed = 00:00:17 . Memory (MB): peak = 664.816 ; gain = 80.676
set_property  ip_repo_paths  {} [current_project]
update_ip_catalog
INFO: [IP_Flow 19-234] Refreshing IP repositories
INFO: [IP_Flow 19-1704] No user IP repositories specified
set_property  ip_repo_paths  C:/Users/sunny/GDrive/CMU/Courses/CMU/18643/Labs/Lab3/lab2-opt/mmm1/mmm1/solution1/impl/ip [current_project]
update_ip_catalog
INFO: [IP_Flow 19-234] Refreshing IP repositories
INFO: [IP_Flow 19-1700] Loaded user IP repository 'c:/Users/sunny/GDrive/CMU/Courses/CMU/18643/Labs/Lab3/lab2-opt/mmm1/mmm1/solution1/impl/ip'.
startgroup
create_bd_cell -type ip -vlnv xilinx.com:hls:matrix_mult:1.0 matrix_mult_1
endgroup
startgroup
apply_bd_automation -rule xilinx.com:bd_rule:axi4 -config {Master "/processing_system7_0/M_AXI_GP0" Clk "Auto" }  [get_bd_intf_pins matrix_mult_1/s_axi_control]
</matrix_mult_1/s_axi_control/Reg> is being mapped into </processing_system7_0/Data> at <0x43C10000[ 64K ]>
apply_bd_automation -rule xilinx.com:bd_rule:bram_cntlr -config {BRAM "New Blk_Mem_Gen" }  [get_bd_intf_pins matrix_mult_1/a_PORTA]
apply_bd_automation -rule xilinx.com:bd_rule:bram_cntlr -config {BRAM "New Blk_Mem_Gen" }  [get_bd_intf_pins matrix_mult_1/a_PORTB]
apply_bd_automation -rule xilinx.com:bd_rule:bram_cntlr -config {BRAM "New Blk_Mem_Gen" }  [get_bd_intf_pins matrix_mult_1/b_PORTA]
apply_bd_automation -rule xilinx.com:bd_rule:bram_cntlr -config {BRAM "New Blk_Mem_Gen" }  [get_bd_intf_pins matrix_mult_1/b_PORTB]
apply_bd_automation -rule xilinx.com:bd_rule:bram_cntlr -config {BRAM "New Blk_Mem_Gen" }  [get_bd_intf_pins matrix_mult_1/prod_PORTA]
endgroup
delete_bd_objs [get_bd_intf_nets matrix_mult_1_b_PORTA] [get_bd_cells matrix_mult_1_bram_1]
delete_bd_objs [get_bd_intf_nets matrix_mult_1_prod_PORTA] [get_bd_cells matrix_mult_1_bram_3]
delete_bd_objs [get_bd_intf_nets matrix_mult_1_a_PORTA] [get_bd_cells matrix_mult_1_bram]
delete_bd_objs [get_bd_intf_nets matrix_mult_1_a_PORTB] [get_bd_cells matrix_mult_1_bram_0]
delete_bd_objs [get_bd_intf_nets matrix_mult_1_b_PORTB] [get_bd_cells matrix_mult_1_bram_2]
WARNING: [IP_Flow 19-4318] IP-XACT file does not exist: c:/Users/sunny/GDrive/CMU/Courses/CMU/18643/Labs/Lab3/lab2-opt/mmm1/mmm1/solution1/impl/ip/component.xml. It will be created.
update_ip_catalog -rebuild -scan_changes
INFO: [IP_Flow 19-234] Refreshing IP repositories
INFO: [IP_Flow 19-1700] Loaded user IP repository 'c:/Users/sunny/GDrive/CMU/Courses/CMU/18643/Labs/Lab3/lab2-opt/mmm1/mmm1/solution1/impl/ip'.
