

================================================================
== Vivado HLS Report for 'feature_extractor_maxpool'
================================================================
* Date:           Mon Nov 21 06:15:02 2016

* Version:        2015.2 (Build 1266856 on Fri Jun 26 16:57:37 PM 2015)
* Project:        cnn_filter
* Solution:       solution1
* Product family: zynq
* Target device:  xc7z020clg484-1


================================================================
== Performance Estimates
================================================================
+ Timing (ns): 
    * Summary: 
    +--------+-------+----------+------------+
    |  Clock | Target| Estimated| Uncertainty|
    +--------+-------+----------+------------+
    |ap_clk  |  10.00|      8.16|        1.25|
    +--------+-------+----------+------------+

+ Latency (clock cycles): 
    * Summary: 
    +------+------+------+------+---------+
    |   Latency   |   Interval  | Pipeline|
    |  min |  max |  min |  max |   Type  |
    +------+------+------+------+---------+
    |  5497|  5497|  5497|  5497|   none  |
    +------+------+------+------+---------+

    + Detail: 
        * Instance: 
        N/A

        * Loop: 
        +---------------------+------+------+----------+-----------+-----------+------+----------+
        |                     |   Latency   | Iteration|  Initiation Interval  | Trip |          |
        |      Loop Name      |  min |  max |  Latency |  achieved |   target  | Count| Pipelined|
        +---------------------+------+------+----------+-----------+-----------+------+----------+
        |- Loop 1             |  5496|  5496|       458|          -|          -|    12|    no    |
        | + Loop 1.1          |   456|   456|        38|          -|          -|    12|    no    |
        |  ++ Loop 1.1.1      |    36|    36|        18|          -|          -|     2|    no    |
        |   +++ Loop 1.1.1.1  |    16|    16|         8|          -|          -|     2|    no    |
        +---------------------+------+------+----------+-----------+-----------+------+----------+



================================================================
== Utilization Estimates
================================================================
* Summary: 
+-----------------+---------+-------+--------+-------+
|       Name      | BRAM_18K| DSP48E|   FF   |  LUT  |
+-----------------+---------+-------+--------+-------+
|Expression       |        -|      -|       -|      -|
|FIFO             |        -|      -|       -|      -|
|Instance         |        -|      -|       -|      -|
|Memory           |        -|      -|       -|      -|
|Multiplexer      |        -|      -|       -|      -|
|Register         |        -|      -|       -|      -|
+-----------------+---------+-------+--------+-------+
|Total            |        0|      0|       0|      0|
+-----------------+---------+-------+--------+-------+
|Available        |      280|    220|  106400|  53200|
+-----------------+---------+-------+--------+-------+
|Utilization (%)  |        0|      0|       0|      0|
+-----------------+---------+-------+--------+-------+

+ Detail: 
    * Instance: 
    N/A

    * Memory: 
    N/A

    * FIFO: 
    N/A

    * Expression: 
    N/A

    * Multiplexer: 
    N/A

    * Register: 
    N/A



================================================================
== Interface
================================================================
* Summary: 
N/A

============================================================
+ Verbose Summary: Synthesis Manager
============================================================
InlineROM: 1
ExposeGlobal: 0
============================================================
+ Verbose Summary: CDFG Model
============================================================
IsTopModel: 0
ResetActiveHigh: 1
IsCombinational: 0
IsDatapathOnly: 0
HasWiredReturn: 1
HasMFsm: 0
HasVarLatency: 1
IsPipeline: 0
IsRtlPipelined: 0
IsInstanceOverlapped: 0
IsDontTouch: 0
HasImplIP: 0
IsGatedGlobalClock: 0


============================================================
+ Verbose Summary: Schedule
============================================================
* Number of FSM states: 12
* Pipeline: 0
* Dataflow Pipeline: 0

* FSM state transitions: 
1 --> 
	2  / true
2 --> 
	3  / (!exitcond3)
3 --> 
	2  / (exitcond2)
	4  / (!exitcond2)
4 --> 
	5  / (!exitcond1)
	3  / (exitcond1)
5 --> 
	4  / (exitcond)
	6  / (!exitcond)
6 --> 
	7  / true
7 --> 
	8  / true
8 --> 
	9  / true
9 --> 
	10  / true
10 --> 
	11  / true
11 --> 
	12  / true
12 --> 
	5  / true
* FSM state operations: 

 <State 1>: 1.72ns
ST_1: tmp_41_read [1/1] 0.00ns
:0  %tmp_41_read = call i3 @_ssdm_op_Read.ap_auto.i3(i3 %tmp_41)

ST_1: tmp_4_read [1/1] 0.00ns
:1  %tmp_4_read = call i3 @_ssdm_op_Read.ap_auto.i3(i3 %tmp_4)

ST_1: tmp_s [1/1] 0.00ns
:2  %tmp_s = call i8 @_ssdm_op_BitConcatenate.i8.i3.i5(i3 %tmp_4_read, i5 0)

ST_1: p_shl9_cast [1/1] 0.00ns
:3  %p_shl9_cast = zext i8 %tmp_s to i9

ST_1: tmp_5 [1/1] 0.00ns
:4  %tmp_5 = call i6 @_ssdm_op_BitConcatenate.i6.i3.i3(i3 %tmp_4_read, i3 0)

ST_1: p_shl1_cast [1/1] 0.00ns
:5  %p_shl1_cast = zext i6 %tmp_5 to i9

ST_1: p_addr [1/1] 1.72ns
:6  %p_addr = sub i9 %p_shl9_cast, %p_shl1_cast

ST_1: p_addr_cast [1/1] 0.00ns
:7  %p_addr_cast = sext i9 %p_addr to i10

ST_1: tmp_9 [1/1] 0.00ns
:8  %tmp_9 = call i7 @_ssdm_op_BitConcatenate.i7.i3.i4(i3 %tmp_41_read, i4 0)

ST_1: p_shl_cast [1/1] 0.00ns
:9  %p_shl_cast = zext i7 %tmp_9 to i8

ST_1: tmp_14 [1/1] 0.00ns
:10  %tmp_14 = call i5 @_ssdm_op_BitConcatenate.i5.i3.i2(i3 %tmp_41_read, i2 0)

ST_1: p_shl8_cast [1/1] 0.00ns
:11  %p_shl8_cast = zext i5 %tmp_14 to i8

ST_1: p_addr4 [1/1] 1.72ns
:12  %p_addr4 = sub i8 %p_shl_cast, %p_shl8_cast

ST_1: p_addr4_cast [1/1] 0.00ns
:13  %p_addr4_cast = sext i8 %p_addr4 to i9

ST_1: stg_27 [1/1] 1.57ns
:14  br label %.loopexit


 <State 2>: 3.68ns
ST_2: i [1/1] 0.00ns
.loopexit:0  %i = phi i4 [ 0, %0 ], [ %i_2, %.preheader5 ]

ST_2: exitcond3 [1/1] 1.88ns
.loopexit:1  %exitcond3 = icmp eq i4 %i, -4

ST_2: empty [1/1] 0.00ns
.loopexit:2  %empty = call i32 (...)* @_ssdm_op_SpecLoopTripCount(i64 12, i64 12, i64 12)

ST_2: i_2 [1/1] 0.80ns
.loopexit:3  %i_2 = add i4 %i, 1

ST_2: stg_32 [1/1] 0.00ns
.loopexit:4  br i1 %exitcond3, label %2, label %.preheader5.preheader

ST_2: tmp [1/1] 0.00ns
.preheader5.preheader:0  %tmp = call i5 @_ssdm_op_BitConcatenate.i5.i4.i1(i4 %i, i1 false)

ST_2: tmp_trn_cast [1/1] 0.00ns
.preheader5.preheader:1  %tmp_trn_cast = zext i4 %i to i9

ST_2: p_addr5 [1/1] 1.72ns
.preheader5.preheader:2  %p_addr5 = add i9 %tmp_trn_cast, %p_addr4_cast

ST_2: tmp_15 [1/1] 0.00ns
.preheader5.preheader:3  %tmp_15 = call i13 @_ssdm_op_BitConcatenate.i13.i9.i4(i9 %p_addr5, i4 0)

ST_2: p_shl2 [1/1] 0.00ns
.preheader5.preheader:4  %p_shl2 = sext i13 %tmp_15 to i32

ST_2: tmp_16 [1/1] 0.00ns
.preheader5.preheader:5  %tmp_16 = call i11 @_ssdm_op_BitConcatenate.i11.i9.i2(i9 %p_addr5, i2 0)

ST_2: p_shl3 [1/1] 0.00ns
.preheader5.preheader:6  %p_shl3 = sext i11 %tmp_16 to i32

ST_2: p_addr6 [1/1] 1.96ns
.preheader5.preheader:7  %p_addr6 = sub i32 %p_shl2, %p_shl3

ST_2: stg_41 [1/1] 1.57ns
.preheader5.preheader:8  br label %.preheader5

ST_2: stg_42 [1/1] 0.00ns
:0  ret void


 <State 3>: 1.88ns
ST_3: j [1/1] 0.00ns
.preheader5:0  %j = phi i4 [ %j_2, %1 ], [ 0, %.preheader5.preheader ]

ST_3: exitcond2 [1/1] 1.88ns
.preheader5:1  %exitcond2 = icmp eq i4 %j, -4

ST_3: empty_24 [1/1] 0.00ns
.preheader5:2  %empty_24 = call i32 (...)* @_ssdm_op_SpecLoopTripCount(i64 12, i64 12, i64 12)

ST_3: j_2 [1/1] 0.80ns
.preheader5:3  %j_2 = add i4 %j, 1

ST_3: stg_47 [1/1] 0.00ns
.preheader5:4  br i1 %exitcond2, label %.loopexit, label %.preheader4.preheader

ST_3: tmp_1 [1/1] 0.00ns
.preheader4.preheader:0  %tmp_1 = call i5 @_ssdm_op_BitConcatenate.i5.i4.i1(i4 %j, i1 false)

ST_3: stg_49 [1/1] 1.57ns
.preheader4.preheader:1  br label %.preheader4


 <State 4>: 5.52ns
ST_4: max [1/1] 0.00ns
.preheader4:0  %max = phi i32 [ 0, %.preheader4.preheader ], [ %max_1, %.preheader ]

ST_4: k [1/1] 0.00ns
.preheader4:1  %k = phi i2 [ 0, %.preheader4.preheader ], [ %k_2, %.preheader ]

ST_4: k_cast3 [1/1] 0.00ns
.preheader4:2  %k_cast3 = zext i2 %k to i5

ST_4: exitcond1 [1/1] 1.36ns
.preheader4:3  %exitcond1 = icmp eq i2 %k, -2

ST_4: empty_25 [1/1] 0.00ns
.preheader4:4  %empty_25 = call i32 (...)* @_ssdm_op_SpecLoopTripCount(i64 2, i64 2, i64 2)

ST_4: k_2 [1/1] 0.80ns
.preheader4:5  %k_2 = add i2 %k, 1

ST_4: stg_56 [1/1] 0.00ns
.preheader4:6  br i1 %exitcond1, label %1, label %.preheader.preheader

ST_4: tmp_3 [1/1] 1.72ns
.preheader.preheader:0  %tmp_3 = add i5 %k_cast3, %tmp

ST_4: tmp_5_trn_cast [1/1] 0.00ns
.preheader.preheader:1  %tmp_5_trn_cast = zext i5 %tmp_3 to i10

ST_4: p_addr1 [1/1] 1.84ns
.preheader.preheader:2  %p_addr1 = add i10 %p_addr_cast, %tmp_5_trn_cast

ST_4: tmp_18 [1/1] 0.00ns
.preheader.preheader:3  %tmp_18 = call i15 @_ssdm_op_BitConcatenate.i15.i10.i5(i10 %p_addr1, i5 0)

ST_4: p_shl4 [1/1] 0.00ns
.preheader.preheader:4  %p_shl4 = sext i15 %tmp_18 to i32

ST_4: tmp_19 [1/1] 0.00ns
.preheader.preheader:5  %tmp_19 = call i13 @_ssdm_op_BitConcatenate.i13.i10.i3(i10 %p_addr1, i3 0)

ST_4: p_shl5 [1/1] 0.00ns
.preheader.preheader:6  %p_shl5 = sext i13 %tmp_19 to i32

ST_4: p_addr2 [1/1] 1.96ns
.preheader.preheader:7  %p_addr2 = sub i32 %p_shl4, %p_shl5

ST_4: stg_65 [1/1] 1.57ns
.preheader.preheader:8  br label %.preheader

ST_4: tmp_2_trn [1/1] 0.00ns
:0  %tmp_2_trn = zext i4 %j to i32

ST_4: p_addr7 [1/1] 1.96ns
:1  %p_addr7 = add i32 %p_addr6, %tmp_2_trn

ST_4: tmp_17 [1/1] 0.00ns
:2  %tmp_17 = zext i32 %p_addr7 to i64

ST_4: output_mat_addr [1/1] 0.00ns
:3  %output_mat_addr = getelementptr [864 x i32]* %output_mat, i64 0, i64 %tmp_17

ST_4: stg_70 [1/1] 2.71ns
:4  store i32 %max, i32* %output_mat_addr, align 4

ST_4: stg_71 [1/1] 0.00ns
:5  br label %.preheader5


 <State 5>: 6.41ns
ST_5: max_1 [1/1] 0.00ns
.preheader:0  %max_1 = phi i32 [ %max_2, %_ifconv ], [ %max, %.preheader.preheader ]

ST_5: l [1/1] 0.00ns
.preheader:1  %l = phi i2 [ %l_1, %_ifconv ], [ 0, %.preheader.preheader ]

ST_5: l_cast2 [1/1] 0.00ns
.preheader:2  %l_cast2 = zext i2 %l to i5

ST_5: exitcond [1/1] 1.36ns
.preheader:3  %exitcond = icmp eq i2 %l, -2

ST_5: empty_26 [1/1] 0.00ns
.preheader:4  %empty_26 = call i32 (...)* @_ssdm_op_SpecLoopTripCount(i64 2, i64 2, i64 2)

ST_5: l_1 [1/1] 0.80ns
.preheader:5  %l_1 = add i2 %l, 1

ST_5: stg_78 [1/1] 0.00ns
.preheader:6  br i1 %exitcond, label %.preheader4, label %_ifconv

ST_5: tmp_6 [1/1] 1.72ns
_ifconv:0  %tmp_6 = add i5 %l_cast2, %tmp_1

ST_5: tmp_7_trn [1/1] 0.00ns
_ifconv:1  %tmp_7_trn = zext i5 %tmp_6 to i32

ST_5: p_addr3 [1/1] 1.96ns
_ifconv:2  %p_addr3 = add i32 %p_addr2, %tmp_7_trn

ST_5: tmp_8 [6/6] 6.41ns
_ifconv:6  %tmp_8 = sitofp i32 %max_1 to float


 <State 6>: 6.41ns
ST_6: tmp_8 [5/6] 6.41ns
_ifconv:6  %tmp_8 = sitofp i32 %max_1 to float


 <State 7>: 6.41ns
ST_7: tmp_8 [4/6] 6.41ns
_ifconv:6  %tmp_8 = sitofp i32 %max_1 to float


 <State 8>: 6.41ns
ST_8: tmp_8 [3/6] 6.41ns
_ifconv:6  %tmp_8 = sitofp i32 %max_1 to float


 <State 9>: 6.41ns
ST_9: tmp_20 [1/1] 0.00ns
_ifconv:3  %tmp_20 = zext i32 %p_addr3 to i64

ST_9: input_mat_addr [1/1] 0.00ns
_ifconv:4  %input_mat_addr = getelementptr [3456 x float]* %input_mat, i64 0, i64 %tmp_20

ST_9: input_mat_load [2/2] 2.71ns
_ifconv:5  %input_mat_load = load float* %input_mat_addr, align 4

ST_9: tmp_8 [2/6] 6.41ns
_ifconv:6  %tmp_8 = sitofp i32 %max_1 to float


 <State 10>: 6.41ns
ST_10: input_mat_load [1/2] 2.71ns
_ifconv:5  %input_mat_load = load float* %input_mat_addr, align 4

ST_10: tmp_8 [1/6] 6.41ns
_ifconv:6  %tmp_8 = sitofp i32 %max_1 to float


 <State 11>: 8.16ns
ST_11: p_Val2_5 [1/1] 0.00ns
_ifconv:7  %p_Val2_5 = bitcast float %input_mat_load to i32

ST_11: loc_V [1/1] 0.00ns
_ifconv:8  %loc_V = call i8 @_ssdm_op_PartSelect.i8.i32.i32.i32(i32 %p_Val2_5, i32 23, i32 30)

ST_11: loc_V_2 [1/1] 0.00ns
_ifconv:9  %loc_V_2 = trunc i32 %p_Val2_5 to i23

ST_11: tmp_8_to_int [1/1] 0.00ns
_ifconv:10  %tmp_8_to_int = bitcast float %tmp_8 to i32

ST_11: tmp_2 [1/1] 0.00ns
_ifconv:11  %tmp_2 = call i8 @_ssdm_op_PartSelect.i8.i32.i32.i32(i32 %tmp_8_to_int, i32 23, i32 30)

ST_11: tmp_22 [1/1] 0.00ns
_ifconv:12  %tmp_22 = trunc i32 %tmp_8_to_int to i23

ST_11: notlhs [1/1] 2.00ns
_ifconv:13  %notlhs = icmp ne i8 %loc_V, -1

ST_11: notrhs [1/1] 2.39ns
_ifconv:14  %notrhs = icmp eq i23 %loc_V_2, 0

ST_11: tmp_7 [1/1] 1.37ns
_ifconv:15  %tmp_7 = or i1 %notrhs, %notlhs

ST_11: notlhs1 [1/1] 2.00ns
_ifconv:16  %notlhs1 = icmp ne i8 %tmp_2, -1

ST_11: notrhs2 [1/1] 2.39ns
_ifconv:17  %notrhs2 = icmp eq i23 %tmp_22, 0

ST_11: tmp_10 [1/1] 1.37ns
_ifconv:18  %tmp_10 = or i1 %notrhs2, %notlhs1

ST_11: tmp_11 [1/1] 1.37ns
_ifconv:19  %tmp_11 = and i1 %tmp_7, %tmp_10

ST_11: tmp_12 [1/1] 6.79ns
_ifconv:20  %tmp_12 = fcmp ogt float %input_mat_load, %tmp_8

ST_11: tmp_13 [1/1] 1.37ns
_ifconv:21  %tmp_13 = and i1 %tmp_11, %tmp_12

ST_11: p_Result_s [1/1] 0.00ns
_ifconv:22  %p_Result_s = call i1 @_ssdm_op_BitSelect.i1.i32.i32(i32 %p_Val2_5, i32 31)

ST_11: p_Result_2 [1/1] 0.00ns
_ifconv:23  %p_Result_2 = call i24 @_ssdm_op_BitConcatenate.i24.i1.i23(i1 true, i23 %loc_V_2) nounwind

ST_11: tmp_i_i [1/1] 0.00ns
_ifconv:24  %tmp_i_i = zext i24 %p_Result_2 to i78

ST_11: tmp_i_i_i_cast1 [1/1] 0.00ns
_ifconv:25  %tmp_i_i_i_cast1 = zext i8 %loc_V to i9

ST_11: sh_assign [1/1] 1.72ns
_ifconv:26  %sh_assign = add i9 -127, %tmp_i_i_i_cast1

ST_11: isNeg [1/1] 0.00ns
_ifconv:27  %isNeg = call i1 @_ssdm_op_BitSelect.i1.i9.i32(i9 %sh_assign, i32 8)

ST_11: tmp_1_i_i [1/1] 1.72ns
_ifconv:28  %tmp_1_i_i = sub i8 127, %loc_V

ST_11: tmp_1_i_i_cast [1/1] 0.00ns
_ifconv:29  %tmp_1_i_i_cast = sext i8 %tmp_1_i_i to i9

ST_11: sh_assign_1 [1/1] 1.37ns
_ifconv:30  %sh_assign_1 = select i1 %isNeg, i9 %tmp_1_i_i_cast, i9 %sh_assign

ST_11: sh_assign_1_cast [1/1] 0.00ns
_ifconv:31  %sh_assign_1_cast = sext i9 %sh_assign_1 to i32

ST_11: sh_assign_1_cast_cast [1/1] 0.00ns
_ifconv:32  %sh_assign_1_cast_cast = sext i9 %sh_assign_1 to i24

ST_11: tmp_2_i_i [1/1] 0.00ns
_ifconv:33  %tmp_2_i_i = zext i32 %sh_assign_1_cast to i78

ST_11: tmp_3_i_i [1/1] 2.78ns
_ifconv:34  %tmp_3_i_i = lshr i24 %p_Result_2, %sh_assign_1_cast_cast

ST_11: tmp_5_i_i [1/1] 2.78ns
_ifconv:35  %tmp_5_i_i = shl i78 %tmp_i_i, %tmp_2_i_i

ST_11: tmp_25 [1/1] 0.00ns
_ifconv:36  %tmp_25 = call i1 @_ssdm_op_BitSelect.i1.i24.i32(i24 %tmp_3_i_i, i32 23)

ST_11: tmp_21 [1/1] 0.00ns
_ifconv:37  %tmp_21 = zext i1 %tmp_25 to i32

ST_11: tmp_23 [1/1] 0.00ns
_ifconv:38  %tmp_23 = call i32 @_ssdm_op_PartSelect.i32.i78.i32.i32(i78 %tmp_5_i_i, i32 23, i32 54)

ST_11: p_Val2_8 [1/1] 1.37ns
_ifconv:39  %p_Val2_8 = select i1 %isNeg, i32 %tmp_21, i32 %tmp_23


 <State 12>: 5.18ns
ST_12: p_Val2_7_i_i [1/1] 2.44ns
_ifconv:40  %p_Val2_7_i_i = sub i32 0, %p_Val2_8

ST_12: p_Val2_s [1/1] 1.37ns
_ifconv:41  %p_Val2_s = select i1 %p_Result_s, i32 %p_Val2_7_i_i, i32 %p_Val2_8

ST_12: max_2 [1/1] 1.37ns
_ifconv:42  %max_2 = select i1 %tmp_13, i32 %p_Val2_s, i32 %max_1

ST_12: stg_128 [1/1] 0.00ns
_ifconv:43  br label %.preheader



============================================================
+ Verbose Summary: Binding
============================================================
STG Binding: 
---------------- STG Properties BEGIN ----------------
- Is combinational: 0
- Is one-state seq: 0
- Is datapath-only: 0
- Is clock enabled: 0
- Is pipelined: 0
- Is top level: 0
Port [ Return ] is wired: 1; IO mode=ap_ctrl_hs:ce=0
Port [ input_mat]:  wired=1; compound=1; hidden=0; nouse=0; global=0; static=0; extern=0; dir=0; type=1; mode=0x7f14cbfa45a0; pingpong=0; private_global=0; MemPort=[13]; IO mode=ap_memory:ce=0
Port [ tmp_4]:  wired=1; compound=0; hidden=0; nouse=0; global=0; static=0; extern=0; dir=0; type=0; mode=0x7f14cbfa4b70; pingpong=0; private_global=0; IO mode=ap_none:ce=0
Port [ output_mat]:  wired=1; compound=1; hidden=0; nouse=0; global=0; static=0; extern=0; dir=1; type=1; mode=0x7f14cbfa5140; pingpong=0; private_global=0; MemPort=[03]; IO mode=ap_memory:ce=0
Port [ tmp_41]:  wired=1; compound=0; hidden=0; nouse=0; global=0; static=0; extern=0; dir=0; type=0; mode=0x7f14cbfa5710; pingpong=0; private_global=0; IO mode=ap_none:ce=0
---------------- STG Properties END ------------------

---------------- Datapath Model BEGIN ----------------

<LifeTime>
<method=bitvector/>
tmp_41_read           (read             ) [ 0000000000000]
tmp_4_read            (read             ) [ 0000000000000]
tmp_s                 (bitconcatenate   ) [ 0000000000000]
p_shl9_cast           (zext             ) [ 0000000000000]
tmp_5                 (bitconcatenate   ) [ 0000000000000]
p_shl1_cast           (zext             ) [ 0000000000000]
p_addr                (sub              ) [ 0000000000000]
p_addr_cast           (sext             ) [ 0011111111111]
tmp_9                 (bitconcatenate   ) [ 0000000000000]
p_shl_cast            (zext             ) [ 0000000000000]
tmp_14                (bitconcatenate   ) [ 0000000000000]
p_shl8_cast           (zext             ) [ 0000000000000]
p_addr4               (sub              ) [ 0000000000000]
p_addr4_cast          (sext             ) [ 0011111111111]
stg_27                (br               ) [ 0111111111111]
i                     (phi              ) [ 0010000000000]
exitcond3             (icmp             ) [ 0011111111111]
empty                 (speclooptripcount) [ 0000000000000]
i_2                   (add              ) [ 0111111111111]
stg_32                (br               ) [ 0000000000000]
tmp                   (bitconcatenate   ) [ 0001111111111]
tmp_trn_cast          (zext             ) [ 0000000000000]
p_addr5               (add              ) [ 0000000000000]
tmp_15                (bitconcatenate   ) [ 0000000000000]
p_shl2                (sext             ) [ 0000000000000]
tmp_16                (bitconcatenate   ) [ 0000000000000]
p_shl3                (sext             ) [ 0000000000000]
p_addr6               (sub              ) [ 0001111111111]
stg_41                (br               ) [ 0011111111111]
stg_42                (ret              ) [ 0000000000000]
j                     (phi              ) [ 0001111111111]
exitcond2             (icmp             ) [ 0011111111111]
empty_24              (speclooptripcount) [ 0000000000000]
j_2                   (add              ) [ 0011111111111]
stg_47                (br               ) [ 0111111111111]
tmp_1                 (bitconcatenate   ) [ 0000111111111]
stg_49                (br               ) [ 0011111111111]
max                   (phi              ) [ 0000111111111]
k                     (phi              ) [ 0000100000000]
k_cast3               (zext             ) [ 0000000000000]
exitcond1             (icmp             ) [ 0011111111111]
empty_25              (speclooptripcount) [ 0000000000000]
k_2                   (add              ) [ 0011111111111]
stg_56                (br               ) [ 0000000000000]
tmp_3                 (add              ) [ 0000000000000]
tmp_5_trn_cast        (zext             ) [ 0000000000000]
p_addr1               (add              ) [ 0000000000000]
tmp_18                (bitconcatenate   ) [ 0000000000000]
p_shl4                (sext             ) [ 0000000000000]
tmp_19                (bitconcatenate   ) [ 0000000000000]
p_shl5                (sext             ) [ 0000000000000]
p_addr2               (sub              ) [ 0000011111111]
stg_65                (br               ) [ 0011111111111]
tmp_2_trn             (zext             ) [ 0000000000000]
p_addr7               (add              ) [ 0000000000000]
tmp_17                (zext             ) [ 0000000000000]
output_mat_addr       (getelementptr    ) [ 0000000000000]
stg_70                (store            ) [ 0000000000000]
stg_71                (br               ) [ 0011111111111]
max_1                 (phi              ) [ 0011111111111]
l                     (phi              ) [ 0000010000000]
l_cast2               (zext             ) [ 0000000000000]
exitcond              (icmp             ) [ 0011111111111]
empty_26              (speclooptripcount) [ 0000000000000]
l_1                   (add              ) [ 0011111111111]
stg_78                (br               ) [ 0011111111111]
tmp_6                 (add              ) [ 0000000000000]
tmp_7_trn             (zext             ) [ 0000000000000]
p_addr3               (add              ) [ 0000001111000]
tmp_20                (zext             ) [ 0000000000000]
input_mat_addr        (getelementptr    ) [ 0000000000100]
input_mat_load        (load             ) [ 0000000000010]
tmp_8                 (sitofp           ) [ 0000000000010]
p_Val2_5              (bitcast          ) [ 0000000000000]
loc_V                 (partselect       ) [ 0000000000000]
loc_V_2               (trunc            ) [ 0000000000000]
tmp_8_to_int          (bitcast          ) [ 0000000000000]
tmp_2                 (partselect       ) [ 0000000000000]
tmp_22                (trunc            ) [ 0000000000000]
notlhs                (icmp             ) [ 0000000000000]
notrhs                (icmp             ) [ 0000000000000]
tmp_7                 (or               ) [ 0000000000000]
notlhs1               (icmp             ) [ 0000000000000]
notrhs2               (icmp             ) [ 0000000000000]
tmp_10                (or               ) [ 0000000000000]
tmp_11                (and              ) [ 0000000000000]
tmp_12                (fcmp             ) [ 0000000000000]
tmp_13                (and              ) [ 0000000000001]
p_Result_s            (bitselect        ) [ 0000000000001]
p_Result_2            (bitconcatenate   ) [ 0000000000000]
tmp_i_i               (zext             ) [ 0000000000000]
tmp_i_i_i_cast1       (zext             ) [ 0000000000000]
sh_assign             (add              ) [ 0000000000000]
isNeg                 (bitselect        ) [ 0000000000000]
tmp_1_i_i             (sub              ) [ 0000000000000]
tmp_1_i_i_cast        (sext             ) [ 0000000000000]
sh_assign_1           (select           ) [ 0000000000000]
sh_assign_1_cast      (sext             ) [ 0000000000000]
sh_assign_1_cast_cast (sext             ) [ 0000000000000]
tmp_2_i_i             (zext             ) [ 0000000000000]
tmp_3_i_i             (lshr             ) [ 0000000000000]
tmp_5_i_i             (shl              ) [ 0000000000000]
tmp_25                (bitselect        ) [ 0000000000000]
tmp_21                (zext             ) [ 0000000000000]
tmp_23                (partselect       ) [ 0000000000000]
p_Val2_8              (select           ) [ 0000000000001]
p_Val2_7_i_i          (sub              ) [ 0000000000000]
p_Val2_s              (select           ) [ 0000000000000]
max_2                 (select           ) [ 0011111111111]
stg_128               (br               ) [ 0011111111111]
</LifeTime>

<model>

<comp_list>
<comp id="0" class="1000" name="input_mat">
<pin_list>
<pin id="1" dir="1" index="0" bw="1" slack="0"/>
</pin_list>
<bind>
<StgValue><ssdm name="input_mat"/><MemPortTyVec>1 3 </MemPortTyVec>
</StgValue>
</bind>
</comp>

<comp id="2" class="1000" name="tmp_4">
<pin_list>
<pin id="3" dir="1" index="0" bw="1" slack="0"/>
</pin_list>
<bind>
<StgValue><ssdm name="tmp_4"/></StgValue>
</bind>
</comp>

<comp id="4" class="1000" name="output_mat">
<pin_list>
<pin id="5" dir="1" index="0" bw="1" slack="0"/>
</pin_list>
<bind>
<StgValue><ssdm name="output_mat"/><MemPortTyVec>0 3 </MemPortTyVec>
</StgValue>
</bind>
</comp>

<comp id="6" class="1000" name="tmp_41">
<pin_list>
<pin id="7" dir="1" index="0" bw="1" slack="0"/>
</pin_list>
<bind>
<StgValue><ssdm name="tmp_41"/></StgValue>
</bind>
</comp>

<comp id="8" class="1001" name="const_8">
<pin_list>
<pin id="9" dir="1" index="0" bw="1" slack="0"/>
</pin_list>
<bind>
<StgValue><ssdm name="_ssdm_op_Read.ap_auto.i3"/></StgValue>
</bind>
</comp>

<comp id="10" class="1001" name="const_10">
<pin_list>
<pin id="11" dir="1" index="0" bw="1" slack="0"/>
</pin_list>
<bind>
<StgValue><ssdm name="_ssdm_op_BitConcatenate.i8.i3.i5"/></StgValue>
</bind>
</comp>

<comp id="12" class="1001" name="const_12">
<pin_list>
<pin id="13" dir="1" index="0" bw="1" slack="0"/>
</pin_list>
<bind>
<StgValue><ssdm name=""/></StgValue>
</bind>
</comp>

<comp id="14" class="1001" name="const_14">
<pin_list>
<pin id="15" dir="1" index="0" bw="1" slack="0"/>
</pin_list>
<bind>
<StgValue><ssdm name="_ssdm_op_BitConcatenate.i6.i3.i3"/></StgValue>
</bind>
</comp>

<comp id="16" class="1001" name="const_16">
<pin_list>
<pin id="17" dir="1" index="0" bw="1" slack="0"/>
</pin_list>
<bind>
<StgValue><ssdm name=""/></StgValue>
</bind>
</comp>

<comp id="18" class="1001" name="const_18">
<pin_list>
<pin id="19" dir="1" index="0" bw="1" slack="0"/>
</pin_list>
<bind>
<StgValue><ssdm name="_ssdm_op_BitConcatenate.i7.i3.i4"/></StgValue>
</bind>
</comp>

<comp id="20" class="1001" name="const_20">
<pin_list>
<pin id="21" dir="1" index="0" bw="1" slack="0"/>
</pin_list>
<bind>
<StgValue><ssdm name=""/></StgValue>
</bind>
</comp>

<comp id="22" class="1001" name="const_22">
<pin_list>
<pin id="23" dir="1" index="0" bw="1" slack="0"/>
</pin_list>
<bind>
<StgValue><ssdm name="_ssdm_op_BitConcatenate.i5.i3.i2"/></StgValue>
</bind>
</comp>

<comp id="24" class="1001" name="const_24">
<pin_list>
<pin id="25" dir="1" index="0" bw="1" slack="0"/>
</pin_list>
<bind>
<StgValue><ssdm name=""/></StgValue>
</bind>
</comp>

<comp id="26" class="1001" name="const_26">
<pin_list>
<pin id="27" dir="1" index="0" bw="1" slack="0"/>
</pin_list>
<bind>
<StgValue><ssdm name=""/></StgValue>
</bind>
</comp>

<comp id="28" class="1001" name="const_28">
<pin_list>
<pin id="29" dir="1" index="0" bw="1" slack="2147483647"/>
</pin_list>
<bind>
<StgValue><ssdm name="_ssdm_op_SpecLoopTripCount"/></StgValue>
</bind>
</comp>

<comp id="30" class="1001" name="const_30">
<pin_list>
<pin id="31" dir="1" index="0" bw="1" slack="2147483647"/>
</pin_list>
<bind>
<StgValue><ssdm name=""/></StgValue>
</bind>
</comp>

<comp id="32" class="1001" name="const_32">
<pin_list>
<pin id="33" dir="1" index="0" bw="1" slack="0"/>
</pin_list>
<bind>
<StgValue><ssdm name=""/></StgValue>
</bind>
</comp>

<comp id="34" class="1001" name="const_34">
<pin_list>
<pin id="35" dir="1" index="0" bw="1" slack="0"/>
</pin_list>
<bind>
<StgValue><ssdm name="_ssdm_op_BitConcatenate.i5.i4.i1"/></StgValue>
</bind>
</comp>

<comp id="36" class="1001" name="const_36">
<pin_list>
<pin id="37" dir="1" index="0" bw="1" slack="0"/>
</pin_list>
<bind>
<StgValue><ssdm name=""/></StgValue>
</bind>
</comp>

<comp id="38" class="1001" name="const_38">
<pin_list>
<pin id="39" dir="1" index="0" bw="1" slack="0"/>
</pin_list>
<bind>
<StgValue><ssdm name="_ssdm_op_BitConcatenate.i13.i9.i4"/></StgValue>
</bind>
</comp>

<comp id="40" class="1001" name="const_40">
<pin_list>
<pin id="41" dir="1" index="0" bw="1" slack="0"/>
</pin_list>
<bind>
<StgValue><ssdm name="_ssdm_op_BitConcatenate.i11.i9.i2"/></StgValue>
</bind>
</comp>

<comp id="42" class="1001" name="const_42">
<pin_list>
<pin id="43" dir="1" index="0" bw="1" slack="0"/>
</pin_list>
<bind>
<StgValue><ssdm name=""/></StgValue>
</bind>
</comp>

<comp id="44" class="1001" name="const_44">
<pin_list>
<pin id="45" dir="1" index="0" bw="1" slack="0"/>
</pin_list>
<bind>
<StgValue><ssdm name=""/></StgValue>
</bind>
</comp>

<comp id="46" class="1001" name="const_46">
<pin_list>
<pin id="47" dir="1" index="0" bw="1" slack="2147483647"/>
</pin_list>
<bind>
<StgValue><ssdm name=""/></StgValue>
</bind>
</comp>

<comp id="48" class="1001" name="const_48">
<pin_list>
<pin id="49" dir="1" index="0" bw="1" slack="0"/>
</pin_list>
<bind>
<StgValue><ssdm name=""/></StgValue>
</bind>
</comp>

<comp id="50" class="1001" name="const_50">
<pin_list>
<pin id="51" dir="1" index="0" bw="1" slack="0"/>
</pin_list>
<bind>
<StgValue><ssdm name="_ssdm_op_BitConcatenate.i15.i10.i5"/></StgValue>
</bind>
</comp>

<comp id="52" class="1001" name="const_52">
<pin_list>
<pin id="53" dir="1" index="0" bw="1" slack="0"/>
</pin_list>
<bind>
<StgValue><ssdm name="_ssdm_op_BitConcatenate.i13.i10.i3"/></StgValue>
</bind>
</comp>

<comp id="54" class="1001" name="const_54">
<pin_list>
<pin id="55" dir="1" index="0" bw="1" slack="0"/>
</pin_list>
<bind>
<StgValue><ssdm name=""/></StgValue>
</bind>
</comp>

<comp id="56" class="1001" name="const_56">
<pin_list>
<pin id="57" dir="1" index="0" bw="1" slack="0"/>
</pin_list>
<bind>
<StgValue><ssdm name="_ssdm_op_PartSelect.i8.i32.i32.i32"/></StgValue>
</bind>
</comp>

<comp id="58" class="1001" name="const_58">
<pin_list>
<pin id="59" dir="1" index="0" bw="1" slack="0"/>
</pin_list>
<bind>
<StgValue><ssdm name=""/></StgValue>
</bind>
</comp>

<comp id="60" class="1001" name="const_60">
<pin_list>
<pin id="61" dir="1" index="0" bw="1" slack="0"/>
</pin_list>
<bind>
<StgValue><ssdm name=""/></StgValue>
</bind>
</comp>

<comp id="62" class="1001" name="const_62">
<pin_list>
<pin id="63" dir="1" index="0" bw="1" slack="0"/>
</pin_list>
<bind>
<StgValue><ssdm name=""/></StgValue>
</bind>
</comp>

<comp id="64" class="1001" name="const_64">
<pin_list>
<pin id="65" dir="1" index="0" bw="1" slack="0"/>
</pin_list>
<bind>
<StgValue><ssdm name=""/></StgValue>
</bind>
</comp>

<comp id="66" class="1001" name="const_66">
<pin_list>
<pin id="67" dir="1" index="0" bw="1" slack="0"/>
</pin_list>
<bind>
<StgValue><ssdm name="_ssdm_op_BitSelect.i1.i32.i32"/></StgValue>
</bind>
</comp>

<comp id="68" class="1001" name="const_68">
<pin_list>
<pin id="69" dir="1" index="0" bw="1" slack="0"/>
</pin_list>
<bind>
<StgValue><ssdm name=""/></StgValue>
</bind>
</comp>

<comp id="70" class="1001" name="const_70">
<pin_list>
<pin id="71" dir="1" index="0" bw="1" slack="0"/>
</pin_list>
<bind>
<StgValue><ssdm name="_ssdm_op_BitConcatenate.i24.i1.i23"/></StgValue>
</bind>
</comp>

<comp id="72" class="1001" name="const_72">
<pin_list>
<pin id="73" dir="1" index="0" bw="1" slack="0"/>
</pin_list>
<bind>
<StgValue><ssdm name=""/></StgValue>
</bind>
</comp>

<comp id="74" class="1001" name="const_74">
<pin_list>
<pin id="75" dir="1" index="0" bw="1" slack="0"/>
</pin_list>
<bind>
<StgValue><ssdm name=""/></StgValue>
</bind>
</comp>

<comp id="76" class="1001" name="const_76">
<pin_list>
<pin id="77" dir="1" index="0" bw="1" slack="0"/>
</pin_list>
<bind>
<StgValue><ssdm name="_ssdm_op_BitSelect.i1.i9.i32"/></StgValue>
</bind>
</comp>

<comp id="78" class="1001" name="const_78">
<pin_list>
<pin id="79" dir="1" index="0" bw="1" slack="0"/>
</pin_list>
<bind>
<StgValue><ssdm name=""/></StgValue>
</bind>
</comp>

<comp id="80" class="1001" name="const_80">
<pin_list>
<pin id="81" dir="1" index="0" bw="1" slack="0"/>
</pin_list>
<bind>
<StgValue><ssdm name=""/></StgValue>
</bind>
</comp>

<comp id="82" class="1001" name="const_82">
<pin_list>
<pin id="83" dir="1" index="0" bw="1" slack="0"/>
</pin_list>
<bind>
<StgValue><ssdm name="_ssdm_op_BitSelect.i1.i24.i32"/></StgValue>
</bind>
</comp>

<comp id="84" class="1001" name="const_84">
<pin_list>
<pin id="85" dir="1" index="0" bw="1" slack="0"/>
</pin_list>
<bind>
<StgValue><ssdm name="_ssdm_op_PartSelect.i32.i78.i32.i32"/></StgValue>
</bind>
</comp>

<comp id="86" class="1001" name="const_86">
<pin_list>
<pin id="87" dir="1" index="0" bw="1" slack="0"/>
</pin_list>
<bind>
<StgValue><ssdm name=""/></StgValue>
</bind>
</comp>

<comp id="88" class="1004" name="tmp_41_read_read_fu_88">
<pin_list>
<pin id="89" dir="0" index="0" bw="3" slack="0"/>
<pin id="90" dir="0" index="1" bw="3" slack="0"/>
<pin id="91" dir="1" index="2" bw="3" slack="0"/>
</pin_list>
<bind>
<opcode="read(1150) " fcode="read"/>
<opset="tmp_41_read/1 "/>
</bind>
</comp>

<comp id="94" class="1004" name="tmp_4_read_read_fu_94">
<pin_list>
<pin id="95" dir="0" index="0" bw="3" slack="0"/>
<pin id="96" dir="0" index="1" bw="3" slack="0"/>
<pin id="97" dir="1" index="2" bw="3" slack="0"/>
</pin_list>
<bind>
<opcode="read(1150) " fcode="read"/>
<opset="tmp_4_read/1 "/>
</bind>
</comp>

<comp id="100" class="1004" name="output_mat_addr_gep_fu_100">
<pin_list>
<pin id="101" dir="0" index="0" bw="32" slack="0"/>
<pin id="102" dir="0" index="1" bw="1" slack="0"/>
<pin id="103" dir="0" index="2" bw="16" slack="0"/>
<pin id="104" dir="1" index="3" bw="10" slack="0"/>
</pin_list>
<bind>
<opcode="getelementptr(29) " fcode="getelementptr"/>
<opset="output_mat_addr/4 "/>
</bind>
</comp>

<comp id="107" class="1004" name="stg_70_access_fu_107">
<pin_list>
<pin id="108" dir="0" index="0" bw="10" slack="0"/>
<pin id="109" dir="0" index="1" bw="32" slack="0"/>
<pin id="110" dir="1" index="2" bw="32" slack="2147483647"/>
</pin_list>
<bind>
<opcode="store(28) " fcode="store"/>
<opset="stg_70/4 "/>
</bind>
</comp>

<comp id="112" class="1004" name="input_mat_addr_gep_fu_112">
<pin_list>
<pin id="113" dir="0" index="0" bw="32" slack="0"/>
<pin id="114" dir="0" index="1" bw="1" slack="0"/>
<pin id="115" dir="0" index="2" bw="18" slack="0"/>
<pin id="116" dir="1" index="3" bw="12" slack="0"/>
</pin_list>
<bind>
<opcode="getelementptr(29) " fcode="getelementptr"/>
<opset="input_mat_addr/9 "/>
</bind>
</comp>

<comp id="119" class="1004" name="grp_access_fu_119">
<pin_list>
<pin id="120" dir="0" index="0" bw="12" slack="0"/>
<pin id="121" dir="0" index="1" bw="32" slack="2147483647"/>
<pin id="122" dir="1" index="2" bw="32" slack="1"/>
</pin_list>
<bind>
<opcode="load(27) " fcode="load"/>
<opset="input_mat_load/9 "/>
</bind>
</comp>

<comp id="124" class="1005" name="i_reg_124">
<pin_list>
<pin id="125" dir="0" index="0" bw="4" slack="1"/>
<pin id="126" dir="1" index="1" bw="4" slack="1"/>
</pin_list>
<bind>
<opset="i (phireg) "/>
</bind>
</comp>

<comp id="128" class="1004" name="i_phi_fu_128">
<pin_list>
<pin id="129" dir="0" index="0" bw="1" slack="1"/>
<pin id="130" dir="0" index="1" bw="0" slack="2147483647"/>
<pin id="131" dir="0" index="2" bw="4" slack="0"/>
<pin id="132" dir="0" index="3" bw="0" slack="2147483647"/>
<pin id="133" dir="1" index="4" bw="4" slack="0"/>
</pin_list>
<bind>
<opcode="phi(47) " fcode="phi"/>
<opset="i/2 "/>
</bind>
</comp>

<comp id="135" class="1005" name="j_reg_135">
<pin_list>
<pin id="136" dir="0" index="0" bw="4" slack="1"/>
<pin id="137" dir="1" index="1" bw="4" slack="1"/>
</pin_list>
<bind>
<opset="j (phireg) "/>
</bind>
</comp>

<comp id="139" class="1004" name="j_phi_fu_139">
<pin_list>
<pin id="140" dir="0" index="0" bw="4" slack="0"/>
<pin id="141" dir="0" index="1" bw="0" slack="2147483647"/>
<pin id="142" dir="0" index="2" bw="1" slack="1"/>
<pin id="143" dir="0" index="3" bw="0" slack="2147483647"/>
<pin id="144" dir="1" index="4" bw="4" slack="0"/>
</pin_list>
<bind>
<opcode="phi(47) " fcode="phi"/>
<opset="j/3 "/>
</bind>
</comp>

<comp id="147" class="1005" name="max_reg_147">
<pin_list>
<pin id="148" dir="0" index="0" bw="32" slack="1"/>
<pin id="149" dir="1" index="1" bw="32" slack="1"/>
</pin_list>
<bind>
<opset="max (phireg) "/>
</bind>
</comp>

<comp id="151" class="1004" name="max_phi_fu_151">
<pin_list>
<pin id="152" dir="0" index="0" bw="1" slack="1"/>
<pin id="153" dir="0" index="1" bw="0" slack="2147483647"/>
<pin id="154" dir="0" index="2" bw="32" slack="1"/>
<pin id="155" dir="0" index="3" bw="0" slack="2147483647"/>
<pin id="156" dir="1" index="4" bw="32" slack="0"/>
</pin_list>
<bind>
<opcode="phi(47) " fcode="phi"/>
<opset="max/4 "/>
</bind>
</comp>

<comp id="160" class="1005" name="k_reg_160">
<pin_list>
<pin id="161" dir="0" index="0" bw="2" slack="1"/>
<pin id="162" dir="1" index="1" bw="2" slack="1"/>
</pin_list>
<bind>
<opset="k (phireg) "/>
</bind>
</comp>

<comp id="164" class="1004" name="k_phi_fu_164">
<pin_list>
<pin id="165" dir="0" index="0" bw="1" slack="1"/>
<pin id="166" dir="0" index="1" bw="0" slack="2147483647"/>
<pin id="167" dir="0" index="2" bw="2" slack="0"/>
<pin id="168" dir="0" index="3" bw="0" slack="2147483647"/>
<pin id="169" dir="1" index="4" bw="2" slack="0"/>
</pin_list>
<bind>
<opcode="phi(47) " fcode="phi"/>
<opset="k/4 "/>
</bind>
</comp>

<comp id="171" class="1005" name="max_1_reg_171">
<pin_list>
<pin id="172" dir="0" index="0" bw="32" slack="1"/>
<pin id="173" dir="1" index="1" bw="32" slack="1"/>
</pin_list>
<bind>
<opset="max_1 (phireg) "/>
</bind>
</comp>

<comp id="175" class="1004" name="max_1_phi_fu_175">
<pin_list>
<pin id="176" dir="0" index="0" bw="32" slack="1"/>
<pin id="177" dir="0" index="1" bw="0" slack="2147483647"/>
<pin id="178" dir="0" index="2" bw="32" slack="1"/>
<pin id="179" dir="0" index="3" bw="0" slack="2147483647"/>
<pin id="180" dir="1" index="4" bw="32" slack="0"/>
</pin_list>
<bind>
<opcode="phi(47) " fcode="phi"/>
<opset="max_1/5 "/>
</bind>
</comp>

<comp id="183" class="1005" name="l_reg_183">
<pin_list>
<pin id="184" dir="0" index="0" bw="2" slack="1"/>
<pin id="185" dir="1" index="1" bw="2" slack="1"/>
</pin_list>
<bind>
<opset="l (phireg) "/>
</bind>
</comp>

<comp id="187" class="1004" name="l_phi_fu_187">
<pin_list>
<pin id="188" dir="0" index="0" bw="2" slack="0"/>
<pin id="189" dir="0" index="1" bw="0" slack="2147483647"/>
<pin id="190" dir="0" index="2" bw="1" slack="1"/>
<pin id="191" dir="0" index="3" bw="0" slack="2147483647"/>
<pin id="192" dir="1" index="4" bw="2" slack="0"/>
</pin_list>
<bind>
<opcode="phi(47) " fcode="phi"/>
<opset="l/5 "/>
</bind>
</comp>

<comp id="194" class="1004" name="grp_fu_194">
<pin_list>
<pin id="195" dir="0" index="0" bw="32" slack="0"/>
<pin id="196" dir="1" index="1" bw="32" slack="1"/>
</pin_list>
<bind>
<opcode="sitofp(39) " fcode="sitofp"/>
<opset="tmp_8/5 "/>
</bind>
</comp>

<comp id="198" class="1004" name="tmp_12_fu_198">
<pin_list>
<pin id="199" dir="0" index="0" bw="32" slack="1"/>
<pin id="200" dir="0" index="1" bw="32" slack="1"/>
<pin id="201" dir="1" index="2" bw="1" slack="0"/>
</pin_list>
<bind>
<opcode="fcmp(46) " fcode="fcmp"/>
<opset="tmp_12/11 "/>
</bind>
</comp>

<comp id="202" class="1004" name="tmp_s_fu_202">
<pin_list>
<pin id="203" dir="0" index="0" bw="8" slack="0"/>
<pin id="204" dir="0" index="1" bw="3" slack="0"/>
<pin id="205" dir="0" index="2" bw="1" slack="0"/>
<pin id="206" dir="1" index="3" bw="8" slack="0"/>
</pin_list>
<bind>
<opcode="bitconcatenate(1004) " fcode="bitconcatenate"/>
<opset="tmp_s/1 "/>
</bind>
</comp>

<comp id="210" class="1004" name="p_shl9_cast_fu_210">
<pin_list>
<pin id="211" dir="0" index="0" bw="8" slack="0"/>
<pin id="212" dir="1" index="1" bw="9" slack="0"/>
</pin_list>
<bind>
<opcode="zext(34) " fcode="zext"/>
<opset="p_shl9_cast/1 "/>
</bind>
</comp>

<comp id="214" class="1004" name="tmp_5_fu_214">
<pin_list>
<pin id="215" dir="0" index="0" bw="6" slack="0"/>
<pin id="216" dir="0" index="1" bw="3" slack="0"/>
<pin id="217" dir="0" index="2" bw="1" slack="0"/>
<pin id="218" dir="1" index="3" bw="6" slack="0"/>
</pin_list>
<bind>
<opcode="bitconcatenate(1004) " fcode="bitconcatenate"/>
<opset="tmp_5/1 "/>
</bind>
</comp>

<comp id="222" class="1004" name="p_shl1_cast_fu_222">
<pin_list>
<pin id="223" dir="0" index="0" bw="6" slack="0"/>
<pin id="224" dir="1" index="1" bw="9" slack="0"/>
</pin_list>
<bind>
<opcode="zext(34) " fcode="zext"/>
<opset="p_shl1_cast/1 "/>
</bind>
</comp>

<comp id="226" class="1004" name="p_addr_fu_226">
<pin_list>
<pin id="227" dir="0" index="0" bw="8" slack="0"/>
<pin id="228" dir="0" index="1" bw="6" slack="0"/>
<pin id="229" dir="1" index="2" bw="9" slack="0"/>
</pin_list>
<bind>
<opcode="sub(10) " fcode="sub"/>
<opset="p_addr/1 "/>
</bind>
</comp>

<comp id="232" class="1004" name="p_addr_cast_fu_232">
<pin_list>
<pin id="233" dir="0" index="0" bw="9" slack="0"/>
<pin id="234" dir="1" index="1" bw="10" slack="3"/>
</pin_list>
<bind>
<opcode="sext(35) " fcode="sext"/>
<opset="p_addr_cast/1 "/>
</bind>
</comp>

<comp id="236" class="1004" name="tmp_9_fu_236">
<pin_list>
<pin id="237" dir="0" index="0" bw="7" slack="0"/>
<pin id="238" dir="0" index="1" bw="3" slack="0"/>
<pin id="239" dir="0" index="2" bw="1" slack="0"/>
<pin id="240" dir="1" index="3" bw="7" slack="0"/>
</pin_list>
<bind>
<opcode="bitconcatenate(1004) " fcode="bitconcatenate"/>
<opset="tmp_9/1 "/>
</bind>
</comp>

<comp id="244" class="1004" name="p_shl_cast_fu_244">
<pin_list>
<pin id="245" dir="0" index="0" bw="7" slack="0"/>
<pin id="246" dir="1" index="1" bw="8" slack="0"/>
</pin_list>
<bind>
<opcode="zext(34) " fcode="zext"/>
<opset="p_shl_cast/1 "/>
</bind>
</comp>

<comp id="248" class="1004" name="tmp_14_fu_248">
<pin_list>
<pin id="249" dir="0" index="0" bw="5" slack="0"/>
<pin id="250" dir="0" index="1" bw="3" slack="0"/>
<pin id="251" dir="0" index="2" bw="1" slack="0"/>
<pin id="252" dir="1" index="3" bw="5" slack="0"/>
</pin_list>
<bind>
<opcode="bitconcatenate(1004) " fcode="bitconcatenate"/>
<opset="tmp_14/1 "/>
</bind>
</comp>

<comp id="256" class="1004" name="p_shl8_cast_fu_256">
<pin_list>
<pin id="257" dir="0" index="0" bw="5" slack="0"/>
<pin id="258" dir="1" index="1" bw="8" slack="0"/>
</pin_list>
<bind>
<opcode="zext(34) " fcode="zext"/>
<opset="p_shl8_cast/1 "/>
</bind>
</comp>

<comp id="260" class="1004" name="p_addr4_fu_260">
<pin_list>
<pin id="261" dir="0" index="0" bw="7" slack="0"/>
<pin id="262" dir="0" index="1" bw="5" slack="0"/>
<pin id="263" dir="1" index="2" bw="8" slack="0"/>
</pin_list>
<bind>
<opcode="sub(10) " fcode="sub"/>
<opset="p_addr4/1 "/>
</bind>
</comp>

<comp id="266" class="1004" name="p_addr4_cast_fu_266">
<pin_list>
<pin id="267" dir="0" index="0" bw="8" slack="0"/>
<pin id="268" dir="1" index="1" bw="9" slack="1"/>
</pin_list>
<bind>
<opcode="sext(35) " fcode="sext"/>
<opset="p_addr4_cast/1 "/>
</bind>
</comp>

<comp id="270" class="1004" name="exitcond3_fu_270">
<pin_list>
<pin id="271" dir="0" index="0" bw="4" slack="0"/>
<pin id="272" dir="0" index="1" bw="3" slack="0"/>
<pin id="273" dir="1" index="2" bw="1" slack="2147483647"/>
</pin_list>
<bind>
<opcode="icmp(45) " fcode="icmp"/>
<opset="exitcond3/2 "/>
</bind>
</comp>

<comp id="276" class="1004" name="i_2_fu_276">
<pin_list>
<pin id="277" dir="0" index="0" bw="4" slack="0"/>
<pin id="278" dir="0" index="1" bw="1" slack="0"/>
<pin id="279" dir="1" index="2" bw="4" slack="0"/>
</pin_list>
<bind>
<opcode="add(8) " fcode="add"/>
<opset="i_2/2 "/>
</bind>
</comp>

<comp id="282" class="1004" name="tmp_fu_282">
<pin_list>
<pin id="283" dir="0" index="0" bw="5" slack="0"/>
<pin id="284" dir="0" index="1" bw="4" slack="0"/>
<pin id="285" dir="0" index="2" bw="1" slack="0"/>
<pin id="286" dir="1" index="3" bw="5" slack="2"/>
</pin_list>
<bind>
<opcode="bitconcatenate(1004) " fcode="bitconcatenate"/>
<opset="tmp/2 "/>
</bind>
</comp>

<comp id="290" class="1004" name="tmp_trn_cast_fu_290">
<pin_list>
<pin id="291" dir="0" index="0" bw="4" slack="0"/>
<pin id="292" dir="1" index="1" bw="9" slack="0"/>
</pin_list>
<bind>
<opcode="zext(34) " fcode="zext"/>
<opset="tmp_trn_cast/2 "/>
</bind>
</comp>

<comp id="294" class="1004" name="p_addr5_fu_294">
<pin_list>
<pin id="295" dir="0" index="0" bw="4" slack="0"/>
<pin id="296" dir="0" index="1" bw="8" slack="1"/>
<pin id="297" dir="1" index="2" bw="9" slack="0"/>
</pin_list>
<bind>
<opcode="add(8) " fcode="add"/>
<opset="p_addr5/2 "/>
</bind>
</comp>

<comp id="299" class="1004" name="tmp_15_fu_299">
<pin_list>
<pin id="300" dir="0" index="0" bw="13" slack="0"/>
<pin id="301" dir="0" index="1" bw="9" slack="0"/>
<pin id="302" dir="0" index="2" bw="1" slack="0"/>
<pin id="303" dir="1" index="3" bw="13" slack="0"/>
</pin_list>
<bind>
<opcode="bitconcatenate(1004) " fcode="bitconcatenate"/>
<opset="tmp_15/2 "/>
</bind>
</comp>

<comp id="307" class="1004" name="p_shl2_fu_307">
<pin_list>
<pin id="308" dir="0" index="0" bw="13" slack="0"/>
<pin id="309" dir="1" index="1" bw="32" slack="0"/>
</pin_list>
<bind>
<opcode="sext(35) " fcode="sext"/>
<opset="p_shl2/2 "/>
</bind>
</comp>

<comp id="311" class="1004" name="tmp_16_fu_311">
<pin_list>
<pin id="312" dir="0" index="0" bw="11" slack="0"/>
<pin id="313" dir="0" index="1" bw="9" slack="0"/>
<pin id="314" dir="0" index="2" bw="1" slack="0"/>
<pin id="315" dir="1" index="3" bw="11" slack="0"/>
</pin_list>
<bind>
<opcode="bitconcatenate(1004) " fcode="bitconcatenate"/>
<opset="tmp_16/2 "/>
</bind>
</comp>

<comp id="319" class="1004" name="p_shl3_fu_319">
<pin_list>
<pin id="320" dir="0" index="0" bw="11" slack="0"/>
<pin id="321" dir="1" index="1" bw="32" slack="0"/>
</pin_list>
<bind>
<opcode="sext(35) " fcode="sext"/>
<opset="p_shl3/2 "/>
</bind>
</comp>

<comp id="323" class="1004" name="p_addr6_fu_323">
<pin_list>
<pin id="324" dir="0" index="0" bw="13" slack="0"/>
<pin id="325" dir="0" index="1" bw="11" slack="0"/>
<pin id="326" dir="1" index="2" bw="32" slack="2"/>
</pin_list>
<bind>
<opcode="sub(10) " fcode="sub"/>
<opset="p_addr6/2 "/>
</bind>
</comp>

<comp id="329" class="1004" name="exitcond2_fu_329">
<pin_list>
<pin id="330" dir="0" index="0" bw="4" slack="0"/>
<pin id="331" dir="0" index="1" bw="3" slack="0"/>
<pin id="332" dir="1" index="2" bw="1" slack="2147483647"/>
</pin_list>
<bind>
<opcode="icmp(45) " fcode="icmp"/>
<opset="exitcond2/3 "/>
</bind>
</comp>

<comp id="335" class="1004" name="j_2_fu_335">
<pin_list>
<pin id="336" dir="0" index="0" bw="4" slack="0"/>
<pin id="337" dir="0" index="1" bw="1" slack="0"/>
<pin id="338" dir="1" index="2" bw="4" slack="0"/>
</pin_list>
<bind>
<opcode="add(8) " fcode="add"/>
<opset="j_2/3 "/>
</bind>
</comp>

<comp id="341" class="1004" name="tmp_1_fu_341">
<pin_list>
<pin id="342" dir="0" index="0" bw="5" slack="0"/>
<pin id="343" dir="0" index="1" bw="4" slack="0"/>
<pin id="344" dir="0" index="2" bw="1" slack="0"/>
<pin id="345" dir="1" index="3" bw="5" slack="2"/>
</pin_list>
<bind>
<opcode="bitconcatenate(1004) " fcode="bitconcatenate"/>
<opset="tmp_1/3 "/>
</bind>
</comp>

<comp id="349" class="1004" name="k_cast3_fu_349">
<pin_list>
<pin id="350" dir="0" index="0" bw="2" slack="0"/>
<pin id="351" dir="1" index="1" bw="5" slack="0"/>
</pin_list>
<bind>
<opcode="zext(34) " fcode="zext"/>
<opset="k_cast3/4 "/>
</bind>
</comp>

<comp id="353" class="1004" name="exitcond1_fu_353">
<pin_list>
<pin id="354" dir="0" index="0" bw="2" slack="0"/>
<pin id="355" dir="0" index="1" bw="2" slack="0"/>
<pin id="356" dir="1" index="2" bw="1" slack="2147483647"/>
</pin_list>
<bind>
<opcode="icmp(45) " fcode="icmp"/>
<opset="exitcond1/4 "/>
</bind>
</comp>

<comp id="359" class="1004" name="k_2_fu_359">
<pin_list>
<pin id="360" dir="0" index="0" bw="2" slack="0"/>
<pin id="361" dir="0" index="1" bw="1" slack="0"/>
<pin id="362" dir="1" index="2" bw="2" slack="0"/>
</pin_list>
<bind>
<opcode="add(8) " fcode="add"/>
<opset="k_2/4 "/>
</bind>
</comp>

<comp id="365" class="1004" name="tmp_3_fu_365">
<pin_list>
<pin id="366" dir="0" index="0" bw="2" slack="0"/>
<pin id="367" dir="0" index="1" bw="5" slack="2"/>
<pin id="368" dir="1" index="2" bw="5" slack="0"/>
</pin_list>
<bind>
<opcode="add(8) " fcode="add"/>
<opset="tmp_3/4 "/>
</bind>
</comp>

<comp id="370" class="1004" name="tmp_5_trn_cast_fu_370">
<pin_list>
<pin id="371" dir="0" index="0" bw="5" slack="0"/>
<pin id="372" dir="1" index="1" bw="10" slack="0"/>
</pin_list>
<bind>
<opcode="zext(34) " fcode="zext"/>
<opset="tmp_5_trn_cast/4 "/>
</bind>
</comp>

<comp id="374" class="1004" name="p_addr1_fu_374">
<pin_list>
<pin id="375" dir="0" index="0" bw="9" slack="3"/>
<pin id="376" dir="0" index="1" bw="5" slack="0"/>
<pin id="377" dir="1" index="2" bw="10" slack="0"/>
</pin_list>
<bind>
<opcode="add(8) " fcode="add"/>
<opset="p_addr1/4 "/>
</bind>
</comp>

<comp id="379" class="1004" name="tmp_18_fu_379">
<pin_list>
<pin id="380" dir="0" index="0" bw="15" slack="0"/>
<pin id="381" dir="0" index="1" bw="10" slack="0"/>
<pin id="382" dir="0" index="2" bw="1" slack="0"/>
<pin id="383" dir="1" index="3" bw="15" slack="0"/>
</pin_list>
<bind>
<opcode="bitconcatenate(1004) " fcode="bitconcatenate"/>
<opset="tmp_18/4 "/>
</bind>
</comp>

<comp id="387" class="1004" name="p_shl4_fu_387">
<pin_list>
<pin id="388" dir="0" index="0" bw="15" slack="0"/>
<pin id="389" dir="1" index="1" bw="32" slack="0"/>
</pin_list>
<bind>
<opcode="sext(35) " fcode="sext"/>
<opset="p_shl4/4 "/>
</bind>
</comp>

<comp id="391" class="1004" name="tmp_19_fu_391">
<pin_list>
<pin id="392" dir="0" index="0" bw="13" slack="0"/>
<pin id="393" dir="0" index="1" bw="10" slack="0"/>
<pin id="394" dir="0" index="2" bw="1" slack="0"/>
<pin id="395" dir="1" index="3" bw="13" slack="0"/>
</pin_list>
<bind>
<opcode="bitconcatenate(1004) " fcode="bitconcatenate"/>
<opset="tmp_19/4 "/>
</bind>
</comp>

<comp id="399" class="1004" name="p_shl5_fu_399">
<pin_list>
<pin id="400" dir="0" index="0" bw="13" slack="0"/>
<pin id="401" dir="1" index="1" bw="32" slack="0"/>
</pin_list>
<bind>
<opcode="sext(35) " fcode="sext"/>
<opset="p_shl5/4 "/>
</bind>
</comp>

<comp id="403" class="1004" name="p_addr2_fu_403">
<pin_list>
<pin id="404" dir="0" index="0" bw="15" slack="0"/>
<pin id="405" dir="0" index="1" bw="13" slack="0"/>
<pin id="406" dir="1" index="2" bw="32" slack="1"/>
</pin_list>
<bind>
<opcode="sub(10) " fcode="sub"/>
<opset="p_addr2/4 "/>
</bind>
</comp>

<comp id="409" class="1004" name="tmp_2_trn_fu_409">
<pin_list>
<pin id="410" dir="0" index="0" bw="4" slack="1"/>
<pin id="411" dir="1" index="1" bw="32" slack="0"/>
</pin_list>
<bind>
<opcode="zext(34) " fcode="zext"/>
<opset="tmp_2_trn/4 "/>
</bind>
</comp>

<comp id="413" class="1004" name="p_addr7_fu_413">
<pin_list>
<pin id="414" dir="0" index="0" bw="14" slack="2"/>
<pin id="415" dir="0" index="1" bw="4" slack="0"/>
<pin id="416" dir="1" index="2" bw="32" slack="0"/>
</pin_list>
<bind>
<opcode="add(8) " fcode="add"/>
<opset="p_addr7/4 "/>
</bind>
</comp>

<comp id="418" class="1004" name="tmp_17_fu_418">
<pin_list>
<pin id="419" dir="0" index="0" bw="16" slack="0"/>
<pin id="420" dir="1" index="1" bw="64" slack="0"/>
</pin_list>
<bind>
<opcode="zext(34) " fcode="zext"/>
<opset="tmp_17/4 "/>
</bind>
</comp>

<comp id="423" class="1004" name="l_cast2_fu_423">
<pin_list>
<pin id="424" dir="0" index="0" bw="2" slack="0"/>
<pin id="425" dir="1" index="1" bw="5" slack="0"/>
</pin_list>
<bind>
<opcode="zext(34) " fcode="zext"/>
<opset="l_cast2/5 "/>
</bind>
</comp>

<comp id="427" class="1004" name="exitcond_fu_427">
<pin_list>
<pin id="428" dir="0" index="0" bw="2" slack="0"/>
<pin id="429" dir="0" index="1" bw="2" slack="0"/>
<pin id="430" dir="1" index="2" bw="1" slack="2147483647"/>
</pin_list>
<bind>
<opcode="icmp(45) " fcode="icmp"/>
<opset="exitcond/5 "/>
</bind>
</comp>

<comp id="433" class="1004" name="l_1_fu_433">
<pin_list>
<pin id="434" dir="0" index="0" bw="2" slack="0"/>
<pin id="435" dir="0" index="1" bw="1" slack="0"/>
<pin id="436" dir="1" index="2" bw="2" slack="0"/>
</pin_list>
<bind>
<opcode="add(8) " fcode="add"/>
<opset="l_1/5 "/>
</bind>
</comp>

<comp id="439" class="1004" name="tmp_6_fu_439">
<pin_list>
<pin id="440" dir="0" index="0" bw="2" slack="0"/>
<pin id="441" dir="0" index="1" bw="5" slack="2"/>
<pin id="442" dir="1" index="2" bw="5" slack="0"/>
</pin_list>
<bind>
<opcode="add(8) " fcode="add"/>
<opset="tmp_6/5 "/>
</bind>
</comp>

<comp id="444" class="1004" name="tmp_7_trn_fu_444">
<pin_list>
<pin id="445" dir="0" index="0" bw="5" slack="0"/>
<pin id="446" dir="1" index="1" bw="32" slack="0"/>
</pin_list>
<bind>
<opcode="zext(34) " fcode="zext"/>
<opset="tmp_7_trn/5 "/>
</bind>
</comp>

<comp id="448" class="1004" name="p_addr3_fu_448">
<pin_list>
<pin id="449" dir="0" index="0" bw="16" slack="1"/>
<pin id="450" dir="0" index="1" bw="5" slack="0"/>
<pin id="451" dir="1" index="2" bw="32" slack="4"/>
</pin_list>
<bind>
<opcode="add(8) " fcode="add"/>
<opset="p_addr3/5 "/>
</bind>
</comp>

<comp id="453" class="1004" name="tmp_20_fu_453">
<pin_list>
<pin id="454" dir="0" index="0" bw="18" slack="4"/>
<pin id="455" dir="1" index="1" bw="64" slack="0"/>
</pin_list>
<bind>
<opcode="zext(34) " fcode="zext"/>
<opset="tmp_20/9 "/>
</bind>
</comp>

<comp id="457" class="1004" name="p_Val2_5_fu_457">
<pin_list>
<pin id="458" dir="0" index="0" bw="32" slack="1"/>
<pin id="459" dir="1" index="1" bw="32" slack="0"/>
</pin_list>
<bind>
<opcode="bitcast(44) " fcode="bitcast"/>
<opset="p_Val2_5/11 "/>
</bind>
</comp>

<comp id="460" class="1004" name="loc_V_fu_460">
<pin_list>
<pin id="461" dir="0" index="0" bw="8" slack="0"/>
<pin id="462" dir="0" index="1" bw="32" slack="0"/>
<pin id="463" dir="0" index="2" bw="6" slack="0"/>
<pin id="464" dir="0" index="3" bw="6" slack="0"/>
<pin id="465" dir="1" index="4" bw="8" slack="0"/>
</pin_list>
<bind>
<opcode="partselect(1002) " fcode="partselect"/>
<opset="loc_V/11 "/>
</bind>
</comp>

<comp id="470" class="1004" name="loc_V_2_fu_470">
<pin_list>
<pin id="471" dir="0" index="0" bw="32" slack="0"/>
<pin id="472" dir="1" index="1" bw="23" slack="0"/>
</pin_list>
<bind>
<opcode="trunc(33) " fcode="trunc"/>
<opset="loc_V_2/11 "/>
</bind>
</comp>

<comp id="474" class="1004" name="tmp_8_to_int_fu_474">
<pin_list>
<pin id="475" dir="0" index="0" bw="32" slack="1"/>
<pin id="476" dir="1" index="1" bw="32" slack="0"/>
</pin_list>
<bind>
<opcode="bitcast(44) " fcode="bitcast"/>
<opset="tmp_8_to_int/11 "/>
</bind>
</comp>

<comp id="477" class="1004" name="tmp_2_fu_477">
<pin_list>
<pin id="478" dir="0" index="0" bw="8" slack="0"/>
<pin id="479" dir="0" index="1" bw="32" slack="0"/>
<pin id="480" dir="0" index="2" bw="6" slack="0"/>
<pin id="481" dir="0" index="3" bw="6" slack="0"/>
<pin id="482" dir="1" index="4" bw="8" slack="0"/>
</pin_list>
<bind>
<opcode="partselect(1002) " fcode="partselect"/>
<opset="tmp_2/11 "/>
</bind>
</comp>

<comp id="487" class="1004" name="tmp_22_fu_487">
<pin_list>
<pin id="488" dir="0" index="0" bw="32" slack="0"/>
<pin id="489" dir="1" index="1" bw="23" slack="0"/>
</pin_list>
<bind>
<opcode="trunc(33) " fcode="trunc"/>
<opset="tmp_22/11 "/>
</bind>
</comp>

<comp id="491" class="1004" name="notlhs_fu_491">
<pin_list>
<pin id="492" dir="0" index="0" bw="8" slack="0"/>
<pin id="493" dir="0" index="1" bw="1" slack="0"/>
<pin id="494" dir="1" index="2" bw="1" slack="0"/>
</pin_list>
<bind>
<opcode="icmp(45) " fcode="icmp"/>
<opset="notlhs/11 "/>
</bind>
</comp>

<comp id="497" class="1004" name="notrhs_fu_497">
<pin_list>
<pin id="498" dir="0" index="0" bw="23" slack="0"/>
<pin id="499" dir="0" index="1" bw="1" slack="0"/>
<pin id="500" dir="1" index="2" bw="1" slack="0"/>
</pin_list>
<bind>
<opcode="icmp(45) " fcode="icmp"/>
<opset="notrhs/11 "/>
</bind>
</comp>

<comp id="503" class="1004" name="tmp_7_fu_503">
<pin_list>
<pin id="504" dir="0" index="0" bw="1" slack="0"/>
<pin id="505" dir="0" index="1" bw="1" slack="0"/>
<pin id="506" dir="1" index="2" bw="1" slack="0"/>
</pin_list>
<bind>
<opcode="or(24) " fcode="or"/>
<opset="tmp_7/11 "/>
</bind>
</comp>

<comp id="509" class="1004" name="notlhs1_fu_509">
<pin_list>
<pin id="510" dir="0" index="0" bw="8" slack="0"/>
<pin id="511" dir="0" index="1" bw="1" slack="0"/>
<pin id="512" dir="1" index="2" bw="1" slack="0"/>
</pin_list>
<bind>
<opcode="icmp(45) " fcode="icmp"/>
<opset="notlhs1/11 "/>
</bind>
</comp>

<comp id="515" class="1004" name="notrhs2_fu_515">
<pin_list>
<pin id="516" dir="0" index="0" bw="23" slack="0"/>
<pin id="517" dir="0" index="1" bw="1" slack="0"/>
<pin id="518" dir="1" index="2" bw="1" slack="0"/>
</pin_list>
<bind>
<opcode="icmp(45) " fcode="icmp"/>
<opset="notrhs2/11 "/>
</bind>
</comp>

<comp id="521" class="1004" name="tmp_10_fu_521">
<pin_list>
<pin id="522" dir="0" index="0" bw="1" slack="0"/>
<pin id="523" dir="0" index="1" bw="1" slack="0"/>
<pin id="524" dir="1" index="2" bw="1" slack="0"/>
</pin_list>
<bind>
<opcode="or(24) " fcode="or"/>
<opset="tmp_10/11 "/>
</bind>
</comp>

<comp id="527" class="1004" name="tmp_11_fu_527">
<pin_list>
<pin id="528" dir="0" index="0" bw="1" slack="0"/>
<pin id="529" dir="0" index="1" bw="1" slack="0"/>
<pin id="530" dir="1" index="2" bw="1" slack="0"/>
</pin_list>
<bind>
<opcode="and(23) " fcode="and"/>
<opset="tmp_11/11 "/>
</bind>
</comp>

<comp id="533" class="1004" name="tmp_13_fu_533">
<pin_list>
<pin id="534" dir="0" index="0" bw="1" slack="0"/>
<pin id="535" dir="0" index="1" bw="1" slack="0"/>
<pin id="536" dir="1" index="2" bw="1" slack="1"/>
</pin_list>
<bind>
<opcode="and(23) " fcode="and"/>
<opset="tmp_13/11 "/>
</bind>
</comp>

<comp id="539" class="1004" name="p_Result_s_fu_539">
<pin_list>
<pin id="540" dir="0" index="0" bw="1" slack="0"/>
<pin id="541" dir="0" index="1" bw="32" slack="0"/>
<pin id="542" dir="0" index="2" bw="6" slack="0"/>
<pin id="543" dir="1" index="3" bw="1" slack="1"/>
</pin_list>
<bind>
<opcode="bitselect(1000) " fcode="bitselect"/>
<opset="p_Result_s/11 "/>
</bind>
</comp>

<comp id="547" class="1004" name="p_Result_2_fu_547">
<pin_list>
<pin id="548" dir="0" index="0" bw="24" slack="0"/>
<pin id="549" dir="0" index="1" bw="1" slack="0"/>
<pin id="550" dir="0" index="2" bw="23" slack="0"/>
<pin id="551" dir="1" index="3" bw="24" slack="0"/>
</pin_list>
<bind>
<opcode="bitconcatenate(1004) " fcode="bitconcatenate"/>
<opset="p_Result_2/11 "/>
</bind>
</comp>

<comp id="555" class="1004" name="tmp_i_i_fu_555">
<pin_list>
<pin id="556" dir="0" index="0" bw="24" slack="0"/>
<pin id="557" dir="1" index="1" bw="78" slack="0"/>
</pin_list>
<bind>
<opcode="zext(34) " fcode="zext"/>
<opset="tmp_i_i/11 "/>
</bind>
</comp>

<comp id="559" class="1004" name="tmp_i_i_i_cast1_fu_559">
<pin_list>
<pin id="560" dir="0" index="0" bw="8" slack="0"/>
<pin id="561" dir="1" index="1" bw="9" slack="0"/>
</pin_list>
<bind>
<opcode="zext(34) " fcode="zext"/>
<opset="tmp_i_i_i_cast1/11 "/>
</bind>
</comp>

<comp id="563" class="1004" name="sh_assign_fu_563">
<pin_list>
<pin id="564" dir="0" index="0" bw="8" slack="0"/>
<pin id="565" dir="0" index="1" bw="8" slack="0"/>
<pin id="566" dir="1" index="2" bw="9" slack="0"/>
</pin_list>
<bind>
<opcode="add(8) " fcode="add"/>
<opset="sh_assign/11 "/>
</bind>
</comp>

<comp id="569" class="1004" name="isNeg_fu_569">
<pin_list>
<pin id="570" dir="0" index="0" bw="1" slack="0"/>
<pin id="571" dir="0" index="1" bw="9" slack="0"/>
<pin id="572" dir="0" index="2" bw="5" slack="0"/>
<pin id="573" dir="1" index="3" bw="1" slack="0"/>
</pin_list>
<bind>
<opcode="bitselect(1000) " fcode="bitselect"/>
<opset="isNeg/11 "/>
</bind>
</comp>

<comp id="577" class="1004" name="tmp_1_i_i_fu_577">
<pin_list>
<pin id="578" dir="0" index="0" bw="8" slack="0"/>
<pin id="579" dir="0" index="1" bw="8" slack="0"/>
<pin id="580" dir="1" index="2" bw="8" slack="0"/>
</pin_list>
<bind>
<opcode="sub(10) " fcode="sub"/>
<opset="tmp_1_i_i/11 "/>
</bind>
</comp>

<comp id="583" class="1004" name="tmp_1_i_i_cast_fu_583">
<pin_list>
<pin id="584" dir="0" index="0" bw="8" slack="0"/>
<pin id="585" dir="1" index="1" bw="9" slack="0"/>
</pin_list>
<bind>
<opcode="sext(35) " fcode="sext"/>
<opset="tmp_1_i_i_cast/11 "/>
</bind>
</comp>

<comp id="587" class="1004" name="sh_assign_1_fu_587">
<pin_list>
<pin id="588" dir="0" index="0" bw="1" slack="0"/>
<pin id="589" dir="0" index="1" bw="8" slack="0"/>
<pin id="590" dir="0" index="2" bw="9" slack="0"/>
<pin id="591" dir="1" index="3" bw="9" slack="0"/>
</pin_list>
<bind>
<opcode="select(49) " fcode="select"/>
<opset="sh_assign_1/11 "/>
</bind>
</comp>

<comp id="595" class="1004" name="sh_assign_1_cast_fu_595">
<pin_list>
<pin id="596" dir="0" index="0" bw="9" slack="0"/>
<pin id="597" dir="1" index="1" bw="32" slack="0"/>
</pin_list>
<bind>
<opcode="sext(35) " fcode="sext"/>
<opset="sh_assign_1_cast/11 "/>
</bind>
</comp>

<comp id="599" class="1004" name="sh_assign_1_cast_cast_fu_599">
<pin_list>
<pin id="600" dir="0" index="0" bw="9" slack="0"/>
<pin id="601" dir="1" index="1" bw="24" slack="0"/>
</pin_list>
<bind>
<opcode="sext(35) " fcode="sext"/>
<opset="sh_assign_1_cast_cast/11 "/>
</bind>
</comp>

<comp id="603" class="1004" name="tmp_2_i_i_fu_603">
<pin_list>
<pin id="604" dir="0" index="0" bw="9" slack="0"/>
<pin id="605" dir="1" index="1" bw="78" slack="0"/>
</pin_list>
<bind>
<opcode="zext(34) " fcode="zext"/>
<opset="tmp_2_i_i/11 "/>
</bind>
</comp>

<comp id="607" class="1004" name="tmp_3_i_i_fu_607">
<pin_list>
<pin id="608" dir="0" index="0" bw="24" slack="0"/>
<pin id="609" dir="0" index="1" bw="9" slack="0"/>
<pin id="610" dir="1" index="2" bw="24" slack="0"/>
</pin_list>
<bind>
<opcode="lshr(21) " fcode="lshr"/>
<opset="tmp_3_i_i/11 "/>
</bind>
</comp>

<comp id="613" class="1004" name="tmp_5_i_i_fu_613">
<pin_list>
<pin id="614" dir="0" index="0" bw="24" slack="0"/>
<pin id="615" dir="0" index="1" bw="32" slack="0"/>
<pin id="616" dir="1" index="2" bw="78" slack="0"/>
</pin_list>
<bind>
<opcode="shl(20) " fcode="shl"/>
<opset="tmp_5_i_i/11 "/>
</bind>
</comp>

<comp id="619" class="1004" name="tmp_25_fu_619">
<pin_list>
<pin id="620" dir="0" index="0" bw="1" slack="0"/>
<pin id="621" dir="0" index="1" bw="24" slack="0"/>
<pin id="622" dir="0" index="2" bw="6" slack="0"/>
<pin id="623" dir="1" index="3" bw="1" slack="0"/>
</pin_list>
<bind>
<opcode="bitselect(1000) " fcode="bitselect"/>
<opset="tmp_25/11 "/>
</bind>
</comp>

<comp id="627" class="1004" name="tmp_21_fu_627">
<pin_list>
<pin id="628" dir="0" index="0" bw="1" slack="0"/>
<pin id="629" dir="1" index="1" bw="32" slack="0"/>
</pin_list>
<bind>
<opcode="zext(34) " fcode="zext"/>
<opset="tmp_21/11 "/>
</bind>
</comp>

<comp id="631" class="1004" name="tmp_23_fu_631">
<pin_list>
<pin id="632" dir="0" index="0" bw="32" slack="0"/>
<pin id="633" dir="0" index="1" bw="78" slack="0"/>
<pin id="634" dir="0" index="2" bw="6" slack="0"/>
<pin id="635" dir="0" index="3" bw="7" slack="0"/>
<pin id="636" dir="1" index="4" bw="32" slack="0"/>
</pin_list>
<bind>
<opcode="partselect(1002) " fcode="partselect"/>
<opset="tmp_23/11 "/>
</bind>
</comp>

<comp id="641" class="1004" name="p_Val2_8_fu_641">
<pin_list>
<pin id="642" dir="0" index="0" bw="1" slack="0"/>
<pin id="643" dir="0" index="1" bw="1" slack="0"/>
<pin id="644" dir="0" index="2" bw="32" slack="0"/>
<pin id="645" dir="1" index="3" bw="32" slack="1"/>
</pin_list>
<bind>
<opcode="select(49) " fcode="select"/>
<opset="p_Val2_8/11 "/>
</bind>
</comp>

<comp id="649" class="1004" name="p_Val2_7_i_i_fu_649">
<pin_list>
<pin id="650" dir="0" index="0" bw="1" slack="0"/>
<pin id="651" dir="0" index="1" bw="32" slack="1"/>
<pin id="652" dir="1" index="2" bw="32" slack="0"/>
</pin_list>
<bind>
<opcode="sub(10) " fcode="sub"/>
<opset="p_Val2_7_i_i/12 "/>
</bind>
</comp>

<comp id="654" class="1004" name="p_Val2_s_fu_654">
<pin_list>
<pin id="655" dir="0" index="0" bw="1" slack="1"/>
<pin id="656" dir="0" index="1" bw="32" slack="0"/>
<pin id="657" dir="0" index="2" bw="32" slack="1"/>
<pin id="658" dir="1" index="3" bw="32" slack="0"/>
</pin_list>
<bind>
<opcode="select(49) " fcode="select"/>
<opset="p_Val2_s/12 "/>
</bind>
</comp>

<comp id="660" class="1004" name="max_2_fu_660">
<pin_list>
<pin id="661" dir="0" index="0" bw="1" slack="1"/>
<pin id="662" dir="0" index="1" bw="32" slack="0"/>
<pin id="663" dir="0" index="2" bw="32" slack="7"/>
<pin id="664" dir="1" index="3" bw="32" slack="1"/>
</pin_list>
<bind>
<opcode="select(49) " fcode="select"/>
<opset="max_2/12 "/>
</bind>
</comp>

<comp id="667" class="1005" name="p_addr_cast_reg_667">
<pin_list>
<pin id="668" dir="0" index="0" bw="10" slack="3"/>
<pin id="669" dir="1" index="1" bw="10" slack="3"/>
</pin_list>
<bind>
<opset="p_addr_cast "/>
</bind>
</comp>

<comp id="672" class="1005" name="p_addr4_cast_reg_672">
<pin_list>
<pin id="673" dir="0" index="0" bw="9" slack="1"/>
<pin id="674" dir="1" index="1" bw="9" slack="1"/>
</pin_list>
<bind>
<opset="p_addr4_cast "/>
</bind>
</comp>

<comp id="680" class="1005" name="i_2_reg_680">
<pin_list>
<pin id="681" dir="0" index="0" bw="4" slack="0"/>
<pin id="682" dir="1" index="1" bw="4" slack="0"/>
</pin_list>
<bind>
<opset="i_2 "/>
</bind>
</comp>

<comp id="685" class="1005" name="tmp_reg_685">
<pin_list>
<pin id="686" dir="0" index="0" bw="5" slack="2"/>
<pin id="687" dir="1" index="1" bw="5" slack="2"/>
</pin_list>
<bind>
<opset="tmp "/>
</bind>
</comp>

<comp id="690" class="1005" name="p_addr6_reg_690">
<pin_list>
<pin id="691" dir="0" index="0" bw="32" slack="2"/>
<pin id="692" dir="1" index="1" bw="32" slack="2"/>
</pin_list>
<bind>
<opset="p_addr6 "/>
</bind>
</comp>

<comp id="698" class="1005" name="j_2_reg_698">
<pin_list>
<pin id="699" dir="0" index="0" bw="4" slack="0"/>
<pin id="700" dir="1" index="1" bw="4" slack="0"/>
</pin_list>
<bind>
<opset="j_2 "/>
</bind>
</comp>

<comp id="703" class="1005" name="tmp_1_reg_703">
<pin_list>
<pin id="704" dir="0" index="0" bw="5" slack="2"/>
<pin id="705" dir="1" index="1" bw="5" slack="2"/>
</pin_list>
<bind>
<opset="tmp_1 "/>
</bind>
</comp>

<comp id="711" class="1005" name="k_2_reg_711">
<pin_list>
<pin id="712" dir="0" index="0" bw="2" slack="0"/>
<pin id="713" dir="1" index="1" bw="2" slack="0"/>
</pin_list>
<bind>
<opset="k_2 "/>
</bind>
</comp>

<comp id="716" class="1005" name="p_addr2_reg_716">
<pin_list>
<pin id="717" dir="0" index="0" bw="32" slack="1"/>
<pin id="718" dir="1" index="1" bw="32" slack="1"/>
</pin_list>
<bind>
<opset="p_addr2 "/>
</bind>
</comp>

<comp id="724" class="1005" name="l_1_reg_724">
<pin_list>
<pin id="725" dir="0" index="0" bw="2" slack="0"/>
<pin id="726" dir="1" index="1" bw="2" slack="0"/>
</pin_list>
<bind>
<opset="l_1 "/>
</bind>
</comp>

<comp id="729" class="1005" name="p_addr3_reg_729">
<pin_list>
<pin id="730" dir="0" index="0" bw="32" slack="4"/>
<pin id="731" dir="1" index="1" bw="32" slack="4"/>
</pin_list>
<bind>
<opset="p_addr3 "/>
</bind>
</comp>

<comp id="734" class="1005" name="input_mat_addr_reg_734">
<pin_list>
<pin id="735" dir="0" index="0" bw="12" slack="1"/>
<pin id="736" dir="1" index="1" bw="12" slack="1"/>
</pin_list>
<bind>
<opset="input_mat_addr "/>
</bind>
</comp>

<comp id="739" class="1005" name="input_mat_load_reg_739">
<pin_list>
<pin id="740" dir="0" index="0" bw="32" slack="1"/>
<pin id="741" dir="1" index="1" bw="32" slack="1"/>
</pin_list>
<bind>
<opset="input_mat_load "/>
</bind>
</comp>

<comp id="745" class="1005" name="tmp_8_reg_745">
<pin_list>
<pin id="746" dir="0" index="0" bw="32" slack="1"/>
<pin id="747" dir="1" index="1" bw="32" slack="1"/>
</pin_list>
<bind>
<opset="tmp_8 "/>
</bind>
</comp>

<comp id="751" class="1005" name="tmp_13_reg_751">
<pin_list>
<pin id="752" dir="0" index="0" bw="1" slack="1"/>
<pin id="753" dir="1" index="1" bw="1" slack="1"/>
</pin_list>
<bind>
<opset="tmp_13 "/>
</bind>
</comp>

<comp id="756" class="1005" name="p_Result_s_reg_756">
<pin_list>
<pin id="757" dir="0" index="0" bw="1" slack="1"/>
<pin id="758" dir="1" index="1" bw="1" slack="1"/>
</pin_list>
<bind>
<opset="p_Result_s "/>
</bind>
</comp>

<comp id="761" class="1005" name="p_Val2_8_reg_761">
<pin_list>
<pin id="762" dir="0" index="0" bw="32" slack="1"/>
<pin id="763" dir="1" index="1" bw="32" slack="1"/>
</pin_list>
<bind>
<opset="p_Val2_8 "/>
</bind>
</comp>

<comp id="767" class="1005" name="max_2_reg_767">
<pin_list>
<pin id="768" dir="0" index="0" bw="32" slack="1"/>
<pin id="769" dir="1" index="1" bw="32" slack="1"/>
</pin_list>
<bind>
<opset="max_2 "/>
</bind>
</comp>

</comp_list>

<net_list>
<net id="92"><net_src comp="8" pin="0"/><net_sink comp="88" pin=0"/></net>

<net id="93"><net_src comp="6" pin="0"/><net_sink comp="88" pin=1"/></net>

<net id="98"><net_src comp="8" pin="0"/><net_sink comp="94" pin=0"/></net>

<net id="99"><net_src comp="2" pin="0"/><net_sink comp="94" pin=1"/></net>

<net id="105"><net_src comp="4" pin="0"/><net_sink comp="100" pin=0"/></net>

<net id="106"><net_src comp="54" pin="0"/><net_sink comp="100" pin=1"/></net>

<net id="111"><net_src comp="100" pin="3"/><net_sink comp="107" pin=0"/></net>

<net id="117"><net_src comp="0" pin="0"/><net_sink comp="112" pin=0"/></net>

<net id="118"><net_src comp="54" pin="0"/><net_sink comp="112" pin=1"/></net>

<net id="123"><net_src comp="112" pin="3"/><net_sink comp="119" pin=0"/></net>

<net id="127"><net_src comp="20" pin="0"/><net_sink comp="124" pin=0"/></net>

<net id="134"><net_src comp="124" pin="1"/><net_sink comp="128" pin=0"/></net>

<net id="138"><net_src comp="20" pin="0"/><net_sink comp="135" pin=0"/></net>

<net id="145"><net_src comp="135" pin="1"/><net_sink comp="139" pin=2"/></net>

<net id="146"><net_src comp="139" pin="4"/><net_sink comp="135" pin=0"/></net>

<net id="150"><net_src comp="42" pin="0"/><net_sink comp="147" pin=0"/></net>

<net id="157"><net_src comp="147" pin="1"/><net_sink comp="151" pin=0"/></net>

<net id="158"><net_src comp="151" pin="4"/><net_sink comp="107" pin=1"/></net>

<net id="159"><net_src comp="151" pin="4"/><net_sink comp="147" pin=0"/></net>

<net id="163"><net_src comp="24" pin="0"/><net_sink comp="160" pin=0"/></net>

<net id="170"><net_src comp="160" pin="1"/><net_sink comp="164" pin=0"/></net>

<net id="174"><net_src comp="171" pin="1"/><net_sink comp="151" pin=2"/></net>

<net id="181"><net_src comp="147" pin="1"/><net_sink comp="175" pin=2"/></net>

<net id="182"><net_src comp="175" pin="4"/><net_sink comp="171" pin=0"/></net>

<net id="186"><net_src comp="24" pin="0"/><net_sink comp="183" pin=0"/></net>

<net id="193"><net_src comp="183" pin="1"/><net_sink comp="187" pin=2"/></net>

<net id="197"><net_src comp="175" pin="4"/><net_sink comp="194" pin=0"/></net>

<net id="207"><net_src comp="10" pin="0"/><net_sink comp="202" pin=0"/></net>

<net id="208"><net_src comp="94" pin="2"/><net_sink comp="202" pin=1"/></net>

<net id="209"><net_src comp="12" pin="0"/><net_sink comp="202" pin=2"/></net>

<net id="213"><net_src comp="202" pin="3"/><net_sink comp="210" pin=0"/></net>

<net id="219"><net_src comp="14" pin="0"/><net_sink comp="214" pin=0"/></net>

<net id="220"><net_src comp="94" pin="2"/><net_sink comp="214" pin=1"/></net>

<net id="221"><net_src comp="16" pin="0"/><net_sink comp="214" pin=2"/></net>

<net id="225"><net_src comp="214" pin="3"/><net_sink comp="222" pin=0"/></net>

<net id="230"><net_src comp="210" pin="1"/><net_sink comp="226" pin=0"/></net>

<net id="231"><net_src comp="222" pin="1"/><net_sink comp="226" pin=1"/></net>

<net id="235"><net_src comp="226" pin="2"/><net_sink comp="232" pin=0"/></net>

<net id="241"><net_src comp="18" pin="0"/><net_sink comp="236" pin=0"/></net>

<net id="242"><net_src comp="88" pin="2"/><net_sink comp="236" pin=1"/></net>

<net id="243"><net_src comp="20" pin="0"/><net_sink comp="236" pin=2"/></net>

<net id="247"><net_src comp="236" pin="3"/><net_sink comp="244" pin=0"/></net>

<net id="253"><net_src comp="22" pin="0"/><net_sink comp="248" pin=0"/></net>

<net id="254"><net_src comp="88" pin="2"/><net_sink comp="248" pin=1"/></net>

<net id="255"><net_src comp="24" pin="0"/><net_sink comp="248" pin=2"/></net>

<net id="259"><net_src comp="248" pin="3"/><net_sink comp="256" pin=0"/></net>

<net id="264"><net_src comp="244" pin="1"/><net_sink comp="260" pin=0"/></net>

<net id="265"><net_src comp="256" pin="1"/><net_sink comp="260" pin=1"/></net>

<net id="269"><net_src comp="260" pin="2"/><net_sink comp="266" pin=0"/></net>

<net id="274"><net_src comp="128" pin="4"/><net_sink comp="270" pin=0"/></net>

<net id="275"><net_src comp="26" pin="0"/><net_sink comp="270" pin=1"/></net>

<net id="280"><net_src comp="128" pin="4"/><net_sink comp="276" pin=0"/></net>

<net id="281"><net_src comp="32" pin="0"/><net_sink comp="276" pin=1"/></net>

<net id="287"><net_src comp="34" pin="0"/><net_sink comp="282" pin=0"/></net>

<net id="288"><net_src comp="128" pin="4"/><net_sink comp="282" pin=1"/></net>

<net id="289"><net_src comp="36" pin="0"/><net_sink comp="282" pin=2"/></net>

<net id="293"><net_src comp="128" pin="4"/><net_sink comp="290" pin=0"/></net>

<net id="298"><net_src comp="290" pin="1"/><net_sink comp="294" pin=0"/></net>

<net id="304"><net_src comp="38" pin="0"/><net_sink comp="299" pin=0"/></net>

<net id="305"><net_src comp="294" pin="2"/><net_sink comp="299" pin=1"/></net>

<net id="306"><net_src comp="20" pin="0"/><net_sink comp="299" pin=2"/></net>

<net id="310"><net_src comp="299" pin="3"/><net_sink comp="307" pin=0"/></net>

<net id="316"><net_src comp="40" pin="0"/><net_sink comp="311" pin=0"/></net>

<net id="317"><net_src comp="294" pin="2"/><net_sink comp="311" pin=1"/></net>

<net id="318"><net_src comp="24" pin="0"/><net_sink comp="311" pin=2"/></net>

<net id="322"><net_src comp="311" pin="3"/><net_sink comp="319" pin=0"/></net>

<net id="327"><net_src comp="307" pin="1"/><net_sink comp="323" pin=0"/></net>

<net id="328"><net_src comp="319" pin="1"/><net_sink comp="323" pin=1"/></net>

<net id="333"><net_src comp="139" pin="4"/><net_sink comp="329" pin=0"/></net>

<net id="334"><net_src comp="26" pin="0"/><net_sink comp="329" pin=1"/></net>

<net id="339"><net_src comp="139" pin="4"/><net_sink comp="335" pin=0"/></net>

<net id="340"><net_src comp="32" pin="0"/><net_sink comp="335" pin=1"/></net>

<net id="346"><net_src comp="34" pin="0"/><net_sink comp="341" pin=0"/></net>

<net id="347"><net_src comp="139" pin="4"/><net_sink comp="341" pin=1"/></net>

<net id="348"><net_src comp="36" pin="0"/><net_sink comp="341" pin=2"/></net>

<net id="352"><net_src comp="164" pin="4"/><net_sink comp="349" pin=0"/></net>

<net id="357"><net_src comp="164" pin="4"/><net_sink comp="353" pin=0"/></net>

<net id="358"><net_src comp="44" pin="0"/><net_sink comp="353" pin=1"/></net>

<net id="363"><net_src comp="164" pin="4"/><net_sink comp="359" pin=0"/></net>

<net id="364"><net_src comp="48" pin="0"/><net_sink comp="359" pin=1"/></net>

<net id="369"><net_src comp="349" pin="1"/><net_sink comp="365" pin=0"/></net>

<net id="373"><net_src comp="365" pin="2"/><net_sink comp="370" pin=0"/></net>

<net id="378"><net_src comp="370" pin="1"/><net_sink comp="374" pin=1"/></net>

<net id="384"><net_src comp="50" pin="0"/><net_sink comp="379" pin=0"/></net>

<net id="385"><net_src comp="374" pin="2"/><net_sink comp="379" pin=1"/></net>

<net id="386"><net_src comp="12" pin="0"/><net_sink comp="379" pin=2"/></net>

<net id="390"><net_src comp="379" pin="3"/><net_sink comp="387" pin=0"/></net>

<net id="396"><net_src comp="52" pin="0"/><net_sink comp="391" pin=0"/></net>

<net id="397"><net_src comp="374" pin="2"/><net_sink comp="391" pin=1"/></net>

<net id="398"><net_src comp="16" pin="0"/><net_sink comp="391" pin=2"/></net>

<net id="402"><net_src comp="391" pin="3"/><net_sink comp="399" pin=0"/></net>

<net id="407"><net_src comp="387" pin="1"/><net_sink comp="403" pin=0"/></net>

<net id="408"><net_src comp="399" pin="1"/><net_sink comp="403" pin=1"/></net>

<net id="412"><net_src comp="135" pin="1"/><net_sink comp="409" pin=0"/></net>

<net id="417"><net_src comp="409" pin="1"/><net_sink comp="413" pin=1"/></net>

<net id="421"><net_src comp="413" pin="2"/><net_sink comp="418" pin=0"/></net>

<net id="422"><net_src comp="418" pin="1"/><net_sink comp="100" pin=2"/></net>

<net id="426"><net_src comp="187" pin="4"/><net_sink comp="423" pin=0"/></net>

<net id="431"><net_src comp="187" pin="4"/><net_sink comp="427" pin=0"/></net>

<net id="432"><net_src comp="44" pin="0"/><net_sink comp="427" pin=1"/></net>

<net id="437"><net_src comp="187" pin="4"/><net_sink comp="433" pin=0"/></net>

<net id="438"><net_src comp="48" pin="0"/><net_sink comp="433" pin=1"/></net>

<net id="443"><net_src comp="423" pin="1"/><net_sink comp="439" pin=0"/></net>

<net id="447"><net_src comp="439" pin="2"/><net_sink comp="444" pin=0"/></net>

<net id="452"><net_src comp="444" pin="1"/><net_sink comp="448" pin=1"/></net>

<net id="456"><net_src comp="453" pin="1"/><net_sink comp="112" pin=2"/></net>

<net id="466"><net_src comp="56" pin="0"/><net_sink comp="460" pin=0"/></net>

<net id="467"><net_src comp="457" pin="1"/><net_sink comp="460" pin=1"/></net>

<net id="468"><net_src comp="58" pin="0"/><net_sink comp="460" pin=2"/></net>

<net id="469"><net_src comp="60" pin="0"/><net_sink comp="460" pin=3"/></net>

<net id="473"><net_src comp="457" pin="1"/><net_sink comp="470" pin=0"/></net>

<net id="483"><net_src comp="56" pin="0"/><net_sink comp="477" pin=0"/></net>

<net id="484"><net_src comp="474" pin="1"/><net_sink comp="477" pin=1"/></net>

<net id="485"><net_src comp="58" pin="0"/><net_sink comp="477" pin=2"/></net>

<net id="486"><net_src comp="60" pin="0"/><net_sink comp="477" pin=3"/></net>

<net id="490"><net_src comp="474" pin="1"/><net_sink comp="487" pin=0"/></net>

<net id="495"><net_src comp="460" pin="4"/><net_sink comp="491" pin=0"/></net>

<net id="496"><net_src comp="62" pin="0"/><net_sink comp="491" pin=1"/></net>

<net id="501"><net_src comp="470" pin="1"/><net_sink comp="497" pin=0"/></net>

<net id="502"><net_src comp="64" pin="0"/><net_sink comp="497" pin=1"/></net>

<net id="507"><net_src comp="497" pin="2"/><net_sink comp="503" pin=0"/></net>

<net id="508"><net_src comp="491" pin="2"/><net_sink comp="503" pin=1"/></net>

<net id="513"><net_src comp="477" pin="4"/><net_sink comp="509" pin=0"/></net>

<net id="514"><net_src comp="62" pin="0"/><net_sink comp="509" pin=1"/></net>

<net id="519"><net_src comp="487" pin="1"/><net_sink comp="515" pin=0"/></net>

<net id="520"><net_src comp="64" pin="0"/><net_sink comp="515" pin=1"/></net>

<net id="525"><net_src comp="515" pin="2"/><net_sink comp="521" pin=0"/></net>

<net id="526"><net_src comp="509" pin="2"/><net_sink comp="521" pin=1"/></net>

<net id="531"><net_src comp="503" pin="2"/><net_sink comp="527" pin=0"/></net>

<net id="532"><net_src comp="521" pin="2"/><net_sink comp="527" pin=1"/></net>

<net id="537"><net_src comp="527" pin="2"/><net_sink comp="533" pin=0"/></net>

<net id="538"><net_src comp="198" pin="2"/><net_sink comp="533" pin=1"/></net>

<net id="544"><net_src comp="66" pin="0"/><net_sink comp="539" pin=0"/></net>

<net id="545"><net_src comp="457" pin="1"/><net_sink comp="539" pin=1"/></net>

<net id="546"><net_src comp="68" pin="0"/><net_sink comp="539" pin=2"/></net>

<net id="552"><net_src comp="70" pin="0"/><net_sink comp="547" pin=0"/></net>

<net id="553"><net_src comp="72" pin="0"/><net_sink comp="547" pin=1"/></net>

<net id="554"><net_src comp="470" pin="1"/><net_sink comp="547" pin=2"/></net>

<net id="558"><net_src comp="547" pin="3"/><net_sink comp="555" pin=0"/></net>

<net id="562"><net_src comp="460" pin="4"/><net_sink comp="559" pin=0"/></net>

<net id="567"><net_src comp="74" pin="0"/><net_sink comp="563" pin=0"/></net>

<net id="568"><net_src comp="559" pin="1"/><net_sink comp="563" pin=1"/></net>

<net id="574"><net_src comp="76" pin="0"/><net_sink comp="569" pin=0"/></net>

<net id="575"><net_src comp="563" pin="2"/><net_sink comp="569" pin=1"/></net>

<net id="576"><net_src comp="78" pin="0"/><net_sink comp="569" pin=2"/></net>

<net id="581"><net_src comp="80" pin="0"/><net_sink comp="577" pin=0"/></net>

<net id="582"><net_src comp="460" pin="4"/><net_sink comp="577" pin=1"/></net>

<net id="586"><net_src comp="577" pin="2"/><net_sink comp="583" pin=0"/></net>

<net id="592"><net_src comp="569" pin="3"/><net_sink comp="587" pin=0"/></net>

<net id="593"><net_src comp="583" pin="1"/><net_sink comp="587" pin=1"/></net>

<net id="594"><net_src comp="563" pin="2"/><net_sink comp="587" pin=2"/></net>

<net id="598"><net_src comp="587" pin="3"/><net_sink comp="595" pin=0"/></net>

<net id="602"><net_src comp="587" pin="3"/><net_sink comp="599" pin=0"/></net>

<net id="606"><net_src comp="595" pin="1"/><net_sink comp="603" pin=0"/></net>

<net id="611"><net_src comp="547" pin="3"/><net_sink comp="607" pin=0"/></net>

<net id="612"><net_src comp="599" pin="1"/><net_sink comp="607" pin=1"/></net>

<net id="617"><net_src comp="555" pin="1"/><net_sink comp="613" pin=0"/></net>

<net id="618"><net_src comp="603" pin="1"/><net_sink comp="613" pin=1"/></net>

<net id="624"><net_src comp="82" pin="0"/><net_sink comp="619" pin=0"/></net>

<net id="625"><net_src comp="607" pin="2"/><net_sink comp="619" pin=1"/></net>

<net id="626"><net_src comp="58" pin="0"/><net_sink comp="619" pin=2"/></net>

<net id="630"><net_src comp="619" pin="3"/><net_sink comp="627" pin=0"/></net>

<net id="637"><net_src comp="84" pin="0"/><net_sink comp="631" pin=0"/></net>

<net id="638"><net_src comp="613" pin="2"/><net_sink comp="631" pin=1"/></net>

<net id="639"><net_src comp="58" pin="0"/><net_sink comp="631" pin=2"/></net>

<net id="640"><net_src comp="86" pin="0"/><net_sink comp="631" pin=3"/></net>

<net id="646"><net_src comp="569" pin="3"/><net_sink comp="641" pin=0"/></net>

<net id="647"><net_src comp="627" pin="1"/><net_sink comp="641" pin=1"/></net>

<net id="648"><net_src comp="631" pin="4"/><net_sink comp="641" pin=2"/></net>

<net id="653"><net_src comp="42" pin="0"/><net_sink comp="649" pin=0"/></net>

<net id="659"><net_src comp="649" pin="2"/><net_sink comp="654" pin=1"/></net>

<net id="665"><net_src comp="654" pin="3"/><net_sink comp="660" pin=1"/></net>

<net id="666"><net_src comp="171" pin="1"/><net_sink comp="660" pin=2"/></net>

<net id="670"><net_src comp="232" pin="1"/><net_sink comp="667" pin=0"/></net>

<net id="671"><net_src comp="667" pin="1"/><net_sink comp="374" pin=0"/></net>

<net id="675"><net_src comp="266" pin="1"/><net_sink comp="672" pin=0"/></net>

<net id="676"><net_src comp="672" pin="1"/><net_sink comp="294" pin=1"/></net>

<net id="683"><net_src comp="276" pin="2"/><net_sink comp="680" pin=0"/></net>

<net id="684"><net_src comp="680" pin="1"/><net_sink comp="128" pin=2"/></net>

<net id="688"><net_src comp="282" pin="3"/><net_sink comp="685" pin=0"/></net>

<net id="689"><net_src comp="685" pin="1"/><net_sink comp="365" pin=1"/></net>

<net id="693"><net_src comp="323" pin="2"/><net_sink comp="690" pin=0"/></net>

<net id="694"><net_src comp="690" pin="1"/><net_sink comp="413" pin=0"/></net>

<net id="701"><net_src comp="335" pin="2"/><net_sink comp="698" pin=0"/></net>

<net id="702"><net_src comp="698" pin="1"/><net_sink comp="139" pin=0"/></net>

<net id="706"><net_src comp="341" pin="3"/><net_sink comp="703" pin=0"/></net>

<net id="707"><net_src comp="703" pin="1"/><net_sink comp="439" pin=1"/></net>

<net id="714"><net_src comp="359" pin="2"/><net_sink comp="711" pin=0"/></net>

<net id="715"><net_src comp="711" pin="1"/><net_sink comp="164" pin=2"/></net>

<net id="719"><net_src comp="403" pin="2"/><net_sink comp="716" pin=0"/></net>

<net id="720"><net_src comp="716" pin="1"/><net_sink comp="448" pin=0"/></net>

<net id="727"><net_src comp="433" pin="2"/><net_sink comp="724" pin=0"/></net>

<net id="728"><net_src comp="724" pin="1"/><net_sink comp="187" pin=0"/></net>

<net id="732"><net_src comp="448" pin="2"/><net_sink comp="729" pin=0"/></net>

<net id="733"><net_src comp="729" pin="1"/><net_sink comp="453" pin=0"/></net>

<net id="737"><net_src comp="112" pin="3"/><net_sink comp="734" pin=0"/></net>

<net id="738"><net_src comp="734" pin="1"/><net_sink comp="119" pin=0"/></net>

<net id="742"><net_src comp="119" pin="2"/><net_sink comp="739" pin=0"/></net>

<net id="743"><net_src comp="739" pin="1"/><net_sink comp="457" pin=0"/></net>

<net id="744"><net_src comp="739" pin="1"/><net_sink comp="198" pin=0"/></net>

<net id="748"><net_src comp="194" pin="1"/><net_sink comp="745" pin=0"/></net>

<net id="749"><net_src comp="745" pin="1"/><net_sink comp="474" pin=0"/></net>

<net id="750"><net_src comp="745" pin="1"/><net_sink comp="198" pin=1"/></net>

<net id="754"><net_src comp="533" pin="2"/><net_sink comp="751" pin=0"/></net>

<net id="755"><net_src comp="751" pin="1"/><net_sink comp="660" pin=0"/></net>

<net id="759"><net_src comp="539" pin="3"/><net_sink comp="756" pin=0"/></net>

<net id="760"><net_src comp="756" pin="1"/><net_sink comp="654" pin=0"/></net>

<net id="764"><net_src comp="641" pin="3"/><net_sink comp="761" pin=0"/></net>

<net id="765"><net_src comp="761" pin="1"/><net_sink comp="649" pin=1"/></net>

<net id="766"><net_src comp="761" pin="1"/><net_sink comp="654" pin=2"/></net>

<net id="770"><net_src comp="660" pin="3"/><net_sink comp="767" pin=0"/></net>

<net id="771"><net_src comp="767" pin="1"/><net_sink comp="175" pin=0"/></net>

</net_list>

</model> 
---------------- Datapath Model END ------------------

* FSMD analyzer results:
  - Output states:
  - Chain level:
	State 1
		p_shl9_cast : 1
		p_shl1_cast : 1
		p_addr : 2
		p_addr_cast : 3
		p_shl_cast : 1
		p_shl8_cast : 1
		p_addr4 : 2
		p_addr4_cast : 3
	State 2
		exitcond3 : 1
		i_2 : 1
		stg_32 : 2
		tmp : 1
		tmp_trn_cast : 1
		p_addr5 : 2
		tmp_15 : 3
		p_shl2 : 4
		tmp_16 : 3
		p_shl3 : 4
		p_addr6 : 5
	State 3
		exitcond2 : 1
		j_2 : 1
		stg_47 : 2
		tmp_1 : 1
	State 4
		k_cast3 : 1
		exitcond1 : 1
		k_2 : 1
		stg_56 : 2
		tmp_3 : 2
		tmp_5_trn_cast : 3
		p_addr1 : 4
		tmp_18 : 5
		p_shl4 : 6
		tmp_19 : 5
		p_shl5 : 6
		p_addr2 : 7
		p_addr7 : 1
		tmp_17 : 2
		output_mat_addr : 3
		stg_70 : 4
	State 5
		l_cast2 : 1
		exitcond : 1
		l_1 : 1
		stg_78 : 2
		tmp_6 : 2
		tmp_7_trn : 3
		p_addr3 : 4
		tmp_8 : 1
	State 6
	State 7
	State 8
	State 9
		input_mat_addr : 1
		input_mat_load : 2
	State 10
	State 11
		loc_V : 1
		loc_V_2 : 1
		tmp_2 : 1
		tmp_22 : 1
		notlhs : 2
		notrhs : 2
		tmp_7 : 3
		notlhs1 : 2
		notrhs2 : 2
		tmp_10 : 3
		tmp_11 : 3
		tmp_13 : 3
		p_Result_s : 1
		p_Result_2 : 2
		tmp_i_i : 3
		tmp_i_i_i_cast1 : 2
		sh_assign : 3
		isNeg : 4
		tmp_1_i_i : 2
		tmp_1_i_i_cast : 3
		sh_assign_1 : 5
		sh_assign_1_cast : 6
		sh_assign_1_cast_cast : 6
		tmp_2_i_i : 7
		tmp_3_i_i : 7
		tmp_5_i_i : 8
		tmp_25 : 8
		tmp_21 : 9
		tmp_23 : 9
		p_Val2_8 : 10
	State 12
		p_Val2_s : 1
		max_2 : 2


============================================================
+ Verbose Summary: Datapath Resource usage 
============================================================

* Functional unit list:
|----------|------------------------------|---------|---------|---------|
| Operation|        Functional Unit       |  DSP48E |    FF   |   LUT   |
|----------|------------------------------|---------|---------|---------|
|  sitofp  |          grp_fu_194          |    0    |   340   |   554   |
|----------|------------------------------|---------|---------|---------|
|   fcmp   |         tmp_12_fu_198        |    0    |    66   |   239   |
|----------|------------------------------|---------|---------|---------|
|          |      sh_assign_1_fu_587      |    0    |    0    |    9    |
|  select  |        p_Val2_8_fu_641       |    0    |    0    |    32   |
|          |        p_Val2_s_fu_654       |    0    |    0    |    32   |
|          |         max_2_fu_660         |    0    |    0    |    32   |
|----------|------------------------------|---------|---------|---------|
|    shl   |       tmp_5_i_i_fu_613       |    0    |    0    |    88   |
|----------|------------------------------|---------|---------|---------|
|          |         p_addr_fu_226        |    0    |    0    |    8    |
|          |        p_addr4_fu_260        |    0    |    0    |    7    |
|    sub   |        p_addr6_fu_323        |    0    |    0    |    13   |
|          |        p_addr2_fu_403        |    0    |    0    |    15   |
|          |       tmp_1_i_i_fu_577       |    0    |    0    |    8    |
|          |      p_Val2_7_i_i_fu_649     |    0    |    0    |    32   |
|----------|------------------------------|---------|---------|---------|
|          |          i_2_fu_276          |    0    |    0    |    4    |
|          |        p_addr5_fu_294        |    0    |    0    |    8    |
|          |          j_2_fu_335          |    0    |    0    |    4    |
|          |          k_2_fu_359          |    0    |    0    |    2    |
|          |         tmp_3_fu_365         |    0    |    0    |    5    |
|    add   |        p_addr1_fu_374        |    0    |    0    |    9    |
|          |        p_addr7_fu_413        |    0    |    0    |    14   |
|          |          l_1_fu_433          |    0    |    0    |    2    |
|          |         tmp_6_fu_439         |    0    |    0    |    5    |
|          |        p_addr3_fu_448        |    0    |    0    |    16   |
|          |       sh_assign_fu_563       |    0    |    0    |    8    |
|----------|------------------------------|---------|---------|---------|
|   lshr   |       tmp_3_i_i_fu_607       |    0    |    0    |    63   |
|----------|------------------------------|---------|---------|---------|
|          |       exitcond3_fu_270       |    0    |    0    |    2    |
|          |       exitcond2_fu_329       |    0    |    0    |    2    |
|          |       exitcond1_fu_353       |    0    |    0    |    1    |
|   icmp   |        exitcond_fu_427       |    0    |    0    |    1    |
|          |         notlhs_fu_491        |    0    |    0    |    3    |
|          |         notrhs_fu_497        |    0    |    0    |    8    |
|          |        notlhs1_fu_509        |    0    |    0    |    3    |
|          |        notrhs2_fu_515        |    0    |    0    |    8    |
|----------|------------------------------|---------|---------|---------|
|    or    |         tmp_7_fu_503         |    0    |    0    |    1    |
|          |         tmp_10_fu_521        |    0    |    0    |    1    |
|----------|------------------------------|---------|---------|---------|
|    and   |         tmp_11_fu_527        |    0    |    0    |    1    |
|          |         tmp_13_fu_533        |    0    |    0    |    1    |
|----------|------------------------------|---------|---------|---------|
|   read   |    tmp_41_read_read_fu_88    |    0    |    0    |    0    |
|          |     tmp_4_read_read_fu_94    |    0    |    0    |    0    |
|----------|------------------------------|---------|---------|---------|
|          |         tmp_s_fu_202         |    0    |    0    |    0    |
|          |         tmp_5_fu_214         |    0    |    0    |    0    |
|          |         tmp_9_fu_236         |    0    |    0    |    0    |
|          |         tmp_14_fu_248        |    0    |    0    |    0    |
|          |          tmp_fu_282          |    0    |    0    |    0    |
|bitconcatenate|         tmp_15_fu_299        |    0    |    0    |    0    |
|          |         tmp_16_fu_311        |    0    |    0    |    0    |
|          |         tmp_1_fu_341         |    0    |    0    |    0    |
|          |         tmp_18_fu_379        |    0    |    0    |    0    |
|          |         tmp_19_fu_391        |    0    |    0    |    0    |
|          |       p_Result_2_fu_547      |    0    |    0    |    0    |
|----------|------------------------------|---------|---------|---------|
|          |      p_shl9_cast_fu_210      |    0    |    0    |    0    |
|          |      p_shl1_cast_fu_222      |    0    |    0    |    0    |
|          |       p_shl_cast_fu_244      |    0    |    0    |    0    |
|          |      p_shl8_cast_fu_256      |    0    |    0    |    0    |
|          |      tmp_trn_cast_fu_290     |    0    |    0    |    0    |
|          |        k_cast3_fu_349        |    0    |    0    |    0    |
|          |     tmp_5_trn_cast_fu_370    |    0    |    0    |    0    |
|   zext   |       tmp_2_trn_fu_409       |    0    |    0    |    0    |
|          |         tmp_17_fu_418        |    0    |    0    |    0    |
|          |        l_cast2_fu_423        |    0    |    0    |    0    |
|          |       tmp_7_trn_fu_444       |    0    |    0    |    0    |
|          |         tmp_20_fu_453        |    0    |    0    |    0    |
|          |        tmp_i_i_fu_555        |    0    |    0    |    0    |
|          |    tmp_i_i_i_cast1_fu_559    |    0    |    0    |    0    |
|          |       tmp_2_i_i_fu_603       |    0    |    0    |    0    |
|          |         tmp_21_fu_627        |    0    |    0    |    0    |
|----------|------------------------------|---------|---------|---------|
|          |      p_addr_cast_fu_232      |    0    |    0    |    0    |
|          |      p_addr4_cast_fu_266     |    0    |    0    |    0    |
|          |         p_shl2_fu_307        |    0    |    0    |    0    |
|          |         p_shl3_fu_319        |    0    |    0    |    0    |
|   sext   |         p_shl4_fu_387        |    0    |    0    |    0    |
|          |         p_shl5_fu_399        |    0    |    0    |    0    |
|          |     tmp_1_i_i_cast_fu_583    |    0    |    0    |    0    |
|          |    sh_assign_1_cast_fu_595   |    0    |    0    |    0    |
|          | sh_assign_1_cast_cast_fu_599 |    0    |    0    |    0    |
|----------|------------------------------|---------|---------|---------|
|          |         loc_V_fu_460         |    0    |    0    |    0    |
|partselect|         tmp_2_fu_477         |    0    |    0    |    0    |
|          |         tmp_23_fu_631        |    0    |    0    |    0    |
|----------|------------------------------|---------|---------|---------|
|   trunc  |        loc_V_2_fu_470        |    0    |    0    |    0    |
|          |         tmp_22_fu_487        |    0    |    0    |    0    |
|----------|------------------------------|---------|---------|---------|
|          |       p_Result_s_fu_539      |    0    |    0    |    0    |
| bitselect|         isNeg_fu_569         |    0    |    0    |    0    |
|          |         tmp_25_fu_619        |    0    |    0    |    0    |
|----------|------------------------------|---------|---------|---------|
|   Total  |                              |    0    |   406   |   1241  |
|----------|------------------------------|---------|---------|---------|

Memories:
N/A

* Register list:
+----------------------+--------+
|                      |   FF   |
+----------------------+--------+
|      i_2_reg_680     |    4   |
|       i_reg_124      |    4   |
|input_mat_addr_reg_734|   12   |
|input_mat_load_reg_739|   32   |
|      j_2_reg_698     |    4   |
|       j_reg_135      |    4   |
|      k_2_reg_711     |    2   |
|       k_reg_160      |    2   |
|      l_1_reg_724     |    2   |
|       l_reg_183      |    2   |
|     max_1_reg_171    |   32   |
|     max_2_reg_767    |   32   |
|      max_reg_147     |   32   |
|  p_Result_s_reg_756  |    1   |
|   p_Val2_8_reg_761   |   32   |
|    p_addr2_reg_716   |   32   |
|    p_addr3_reg_729   |   32   |
| p_addr4_cast_reg_672 |    9   |
|    p_addr6_reg_690   |   32   |
|  p_addr_cast_reg_667 |   10   |
|    tmp_13_reg_751    |    1   |
|     tmp_1_reg_703    |    5   |
|     tmp_8_reg_745    |   32   |
|      tmp_reg_685     |    5   |
+----------------------+--------+
|         Total        |   355  |
+----------------------+--------+

* Multiplexer (MUX) list: 
|-------------------|------|------|------|--------||---------||---------|
|        Comp       |  Pin | Size |  BW  | S x BW ||  Delay  ||   LUT   |
|-------------------|------|------|------|--------||---------||---------|
| grp_access_fu_119 |  p0  |   2  |  12  |   24   ||    12   |
|     j_reg_135     |  p0  |   2  |   4  |    8   ||    4    |
|    max_reg_147    |  p0  |   2  |  32  |   64   ||    32   |
|-------------------|------|------|------|--------||---------||---------|
|       Total       |      |      |      |   96   ||  4.713  ||    48   |
|-------------------|------|------|------|--------||---------||---------|



* Summary:
+-----------+--------+--------+--------+--------+
|           | DSP48E |  Delay |   FF   |   LUT  |
+-----------+--------+--------+--------+--------+
|  Function |    0   |    -   |   406  |  1241  |
|   Memory  |    -   |    -   |    -   |    -   |
|Multiplexer|    -   |    4   |    -   |   48   |
|  Register |    -   |    -   |   355  |    -   |
+-----------+--------+--------+--------+--------+
|   Total   |    0   |    4   |   761  |  1289  |
+-----------+--------+--------+--------+--------+
