

================================================================
== Vivado HLS Report for 'feature_extractor_convolve'
================================================================
* Date:           Mon Nov 21 06:15:03 2016

* Version:        2015.2 (Build 1266856 on Fri Jun 26 16:57:37 PM 2015)
* Project:        cnn_filter
* Solution:       solution1
* Product family: zynq
* Target device:  xc7z020clg484-1


================================================================
== Performance Estimates
================================================================
+ Timing (ns): 
    * Summary: 
    +--------+-------+----------+------------+
    |  Clock | Target| Estimated| Uncertainty|
    +--------+-------+----------+------------+
    |ap_clk  |  10.00|      8.41|        1.25|
    +--------+-------+----------+------------+

+ Latency (clock cycles): 
    * Summary: 
    +--------+--------+--------+--------+---------+
    |     Latency     |     Interval    | Pipeline|
    |   min  |   max  |   min  |   max  |   Type  |
    +--------+--------+--------+--------+---------+
    |  266786|  266786|  266786|  266786|   none  |
    +--------+--------+--------+--------+---------+

    + Detail: 
        * Instance: 
        N/A

        * Loop: 
        +---------------------+--------+--------+----------+-----------+-----------+------+----------+
        |                     |     Latency     | Iteration|  Initiation Interval  | Trip |          |
        |      Loop Name      |   min  |   max  |  Latency |  achieved |   target  | Count| Pipelined|
        +---------------------+--------+--------+----------+-----------+-----------+------+----------+
        |- Loop 1             |     624|     624|        26|          -|          -|    24|    no    |
        | + Loop 1.1          |      24|      24|         1|          -|          -|    24|    no    |
        |- Loop 2             |  266160|  266160|     11090|          -|          -|    24|    no    |
        | + Loop 2.1          |   11088|   11088|       462|          -|          -|    24|    no    |
        |  ++ Loop 2.1.1      |     460|     460|        92|          -|          -|     5|    no    |
        |   +++ Loop 2.1.1.1  |      90|      90|        18|          -|          -|     5|    no    |
        +---------------------+--------+--------+----------+-----------+-----------+------+----------+



================================================================
== Utilization Estimates
================================================================
* Summary: 
+-----------------+---------+-------+--------+-------+
|       Name      | BRAM_18K| DSP48E|   FF   |  LUT  |
+-----------------+---------+-------+--------+-------+
|Expression       |        -|      -|       0|    314|
|FIFO             |        -|      -|       -|      -|
|Instance         |        -|      5|     688|   1265|
|Memory           |        -|      -|       -|      -|
|Multiplexer      |        -|      -|       -|     91|
|Register         |        -|      -|     388|      -|
+-----------------+---------+-------+--------+-------+
|Total            |        0|      5|    1076|   1670|
+-----------------+---------+-------+--------+-------+
|Available        |      280|    220|  106400|  53200|
+-----------------+---------+-------+--------+-------+
|Utilization (%)  |        0|      2|       1|      3|
+-----------------+---------+-------+--------+-------+

+ Detail: 
    * Instance: 
    +---------------------------------------------------+------------------------------------------------+---------+-------+-----+-----+
    |                      Instance                     |                     Module                     | BRAM_18K| DSP48E|  FF | LUT |
    +---------------------------------------------------+------------------------------------------------+---------+-------+-----+-----+
    |feature_extractor_fadd_32ns_32ns_32_5_full_dsp_U1  |feature_extractor_fadd_32ns_32ns_32_5_full_dsp  |        0|      2|  205|  390|
    |feature_extractor_fmul_32ns_32ns_32_4_max_dsp_U2   |feature_extractor_fmul_32ns_32ns_32_4_max_dsp   |        0|      3|  143|  321|
    |feature_extractor_sitofp_32ns_32_6_U3              |feature_extractor_sitofp_32ns_32_6              |        0|      0|  340|  554|
    +---------------------------------------------------+------------------------------------------------+---------+-------+-----+-----+
    |Total                                              |                                                |        0|      5|  688| 1265|
    +---------------------------------------------------+------------------------------------------------+---------+-------+-----+-----+

    * Memory: 
    N/A

    * FIFO: 
    N/A

    * Expression: 
    +---------------------+----------+-------+---+----+------------+------------+
    |    Variable Name    | Operation| DSP48E| FF| LUT| Bitwidth P0| Bitwidth P1|
    +---------------------+----------+-------+---+----+------------+------------+
    |i_2_fu_402_p2        |     +    |      0|  0|   5|           5|           1|
    |j_2_fu_494_p2        |     +    |      0|  0|   5|           5|           1|
    |k_2_fu_418_p2        |     +    |      0|  0|   3|           3|           1|
    |l_1_fu_510_p2        |     +    |      0|  0|   3|           3|           1|
    |p_addr10_fu_244_p2   |     +    |      0|  0|  10|          10|          10|
    |p_addr12_fu_315_p2   |     +    |      0|  0|  32|          32|          32|
    |p_addr1_fu_525_p2    |     +    |      0|  0|  12|          12|          12|
    |p_addr2_fu_293_p2    |     +    |      0|  0|   6|           6|           6|
    |p_addr3_fu_467_p2    |     +    |      0|  0|   6|           6|           6|
    |p_addr4_fu_488_p2    |     +    |      0|  0|  32|          32|          32|
    |p_addr5_fu_543_p2    |     +    |      0|  0|  32|          32|          32|
    |p_addr7_fu_341_p2    |     +    |      0|  0|  10|          10|          10|
    |p_addr9_fu_392_p2    |     +    |      0|  0|  32|          32|          32|
    |s_1_fu_234_p2        |     +    |      0|  0|   5|           5|           1|
    |t_1_fu_305_p2        |     +    |      0|  0|   5|           5|           1|
    |tmp_6_fu_331_p2      |     +    |      0|  0|   5|           5|           3|
    |tmp_s_fu_382_p2      |     +    |      0|  0|   5|           5|           3|
    |x_fu_424_p2          |     +    |      0|  0|   5|           5|           5|
    |y_fu_516_p2          |     +    |      0|  0|   5|           5|           5|
    |p_addr11_fu_273_p2   |     -    |      0|  0|  32|          32|          32|
    |p_addr6_fu_218_p2    |     -    |      0|  0|   9|           9|           9|
    |p_addr8_fu_370_p2    |     -    |      0|  0|  32|          32|          32|
    |p_addr_fu_453_p2     |     -    |      0|  0|  11|          11|          11|
    |exitcond1_fu_412_p2  |   icmp   |      0|  0|   2|           3|           3|
    |exitcond2_fu_376_p2  |   icmp   |      0|  0|   2|           5|           4|
    |exitcond3_fu_325_p2  |   icmp   |      0|  0|   2|           5|           4|
    |exitcond4_fu_299_p2  |   icmp   |      0|  0|   2|           5|           5|
    |exitcond5_fu_228_p2  |   icmp   |      0|  0|   2|           5|           5|
    |exitcond_fu_504_p2   |   icmp   |      0|  0|   2|           3|           3|
    +---------------------+----------+-------+---+----+------------+------------+
    |Total                |          |      0|  0| 314|         328|         302|
    +---------------------+----------+-------+---+----+------------+------------+

    * Multiplexer: 
    +---------------+----+-----------+-----+-----------+
    |      Name     | LUT| Input Size| Bits| Total Bits|
    +---------------+----+-----------+-----+-----------+
    |ap_NS_fsm      |  21|         25|    1|         25|
    |conv_address0  |  12|          3|   12|         36|
    |conv_d0        |  32|          3|   32|         96|
    |i_reg_136      |   5|          2|    5|         10|
    |j_reg_148      |   5|          2|    5|         10|
    |k_reg_160      |   3|          2|    3|          6|
    |l_reg_171      |   3|          2|    3|          6|
    |s_reg_114      |   5|          2|    5|         10|
    |t_reg_125      |   5|          2|    5|         10|
    +---------------+----+-----------+-----+-----------+
    |Total          |  91|         43|   71|        209|
    +---------------+----+-----------+-----+-----------+

    * Register: 
    +-----------------------+----+----+-----+-----------+
    |          Name         | FF | LUT| Bits| Const Bits|
    +-----------------------+----+----+-----+-----------+
    |A_load_reg_662         |  32|   0|   32|          0|
    |ap_CS_fsm              |  24|   0|   24|          0|
    |conv_addr_1_reg_611    |  12|   0|   12|          0|
    |conv_load_reg_687      |  32|   0|   32|          0|
    |i_reg_136              |   5|   0|    5|          0|
    |j_reg_148              |   5|   0|    5|          0|
    |k_2_reg_624            |   3|   0|    3|          0|
    |k_reg_160              |   3|   0|    3|          0|
    |l_1_reg_647            |   3|   0|    3|          0|
    |l_reg_171              |   3|   0|    3|          0|
    |p_addr10_cast_reg_558  |   7|   0|   10|          3|
    |p_addr11_reg_572       |  29|   0|   32|          3|
    |p_addr2_reg_577        |   6|   0|    6|          0|
    |p_addr4_reg_634        |  32|   0|   32|          0|
    |p_addr5_reg_657        |  32|   0|   32|          0|
    |p_addr8_reg_598        |  29|   0|   32|          3|
    |p_addr_cast_reg_629    |  10|   0|   12|          2|
    |s_1_reg_567            |   5|   0|    5|          0|
    |s_reg_114              |   5|   0|    5|          0|
    |t_reg_125              |   5|   0|    5|          0|
    |tmp_10_reg_682         |  32|   0|   32|          0|
    |tmp_11_reg_692         |  32|   0|   32|          0|
    |tmp_5_reg_667          |  32|   0|   32|          0|
    |tmp_6_reg_593          |   5|   0|    5|          0|
    |tmp_s_reg_606          |   5|   0|    5|          0|
    +-----------------------+----+----+-----+-----------+
    |Total                  | 388|   0|  399|         11|
    +-----------------------+----+----+-----+-----------+



================================================================
== Interface
================================================================
* Summary: 
+---------------+-----+-----+------------+----------------------------+--------------+
|   RTL Ports   | Dir | Bits|  Protocol  |        Source Object       |    C Type    |
+---------------+-----+-----+------------+----------------------------+--------------+
|ap_clk         |  in |    1| ap_ctrl_hs | feature_extractor_convolve | return value |
|ap_rst         |  in |    1| ap_ctrl_hs | feature_extractor_convolve | return value |
|ap_start       |  in |    1| ap_ctrl_hs | feature_extractor_convolve | return value |
|ap_done        | out |    1| ap_ctrl_hs | feature_extractor_convolve | return value |
|ap_idle        | out |    1| ap_ctrl_hs | feature_extractor_convolve | return value |
|ap_ready       | out |    1| ap_ctrl_hs | feature_extractor_convolve | return value |
|A_address0     | out |   10|  ap_memory |              A             |     array    |
|A_ce0          | out |    1|  ap_memory |              A             |     array    |
|A_q0           |  in |   32|  ap_memory |              A             |     array    |
|B_address0     | out |    8|  ap_memory |              B             |     array    |
|B_ce0          | out |    1|  ap_memory |              B             |     array    |
|B_q0           |  in |   32|  ap_memory |              B             |     array    |
|tmp            |  in |    3|   ap_none  |             tmp            |    scalar    |
|conv_address0  | out |   12|  ap_memory |            conv            |     array    |
|conv_ce0       | out |    1|  ap_memory |            conv            |     array    |
|conv_we0       | out |    1|  ap_memory |            conv            |     array    |
|conv_d0        | out |   32|  ap_memory |            conv            |     array    |
|conv_q0        |  in |   32|  ap_memory |            conv            |     array    |
|tmp1           |  in |    3|   ap_none  |            tmp1            |    scalar    |
+---------------+-----+-----+------------+----------------------------+--------------+

============================================================
+ Verbose Summary: Synthesis Manager
============================================================
InlineROM: 1
ExposeGlobal: 0
============================================================
+ Verbose Summary: CDFG Model
============================================================
IsTopModel: 0
ResetActiveHigh: 1
IsCombinational: 2
IsDatapathOnly: 2
HasWiredReturn: 1
HasMFsm: 0
HasVarLatency: 1
IsPipeline: 0
IsRtlPipelined: 0
IsInstanceOverlapped: 0
IsDontTouch: 0
HasImplIP: 0
IsGatedGlobalClock: 0


============================================================
+ Verbose Summary: Schedule
============================================================
* Number of FSM states: 24
* Pipeline: 0
* Dataflow Pipeline: 0

* FSM state transitions: 
1 --> 
	2  / true
2 --> 
	3  / (!exitcond5)
	4  / (exitcond5)
3 --> 
	2  / (exitcond4)
	3  / (!exitcond4)
4 --> 
	5  / (!exitcond3)
5 --> 
	6  / (!exitcond2)
	4  / (exitcond2)
6 --> 
	7  / (!exitcond1)
	5  / (exitcond1)
7 --> 
	6  / (exitcond)
	8  / (!exitcond)
8 --> 
	9  / true
9 --> 
	10  / true
10 --> 
	11  / true
11 --> 
	12  / true
12 --> 
	13  / true
13 --> 
	14  / true
14 --> 
	15  / true
15 --> 
	16  / true
16 --> 
	17  / true
17 --> 
	18  / true
18 --> 
	19  / true
19 --> 
	20  / true
20 --> 
	21  / true
21 --> 
	22  / true
22 --> 
	23  / true
23 --> 
	24  / true
24 --> 
	7  / true
* FSM state operations: 

 <State 1>: 1.72ns
ST_1: tmp1_read [1/1] 0.00ns
:0  %tmp1_read = call i3 @_ssdm_op_Read.ap_auto.i3(i3 %tmp1)

ST_1: tmp_read [1/1] 0.00ns
:1  %tmp_read = call i3 @_ssdm_op_Read.ap_auto.i3(i3 %tmp)

ST_1: tmp_24 [1/1] 0.00ns
:2  %tmp_24 = call i8 @_ssdm_op_BitConcatenate.i8.i3.i5(i3 %tmp1_read, i5 0)

ST_1: p_shl_cast [1/1] 0.00ns
:3  %p_shl_cast = zext i8 %tmp_24 to i9

ST_1: tmp_25 [1/1] 0.00ns
:4  %tmp_25 = call i6 @_ssdm_op_BitConcatenate.i6.i3.i3(i3 %tmp1_read, i3 0)

ST_1: p_shl6_cast [1/1] 0.00ns
:5  %p_shl6_cast = zext i6 %tmp_25 to i9

ST_1: p_addr6 [1/1] 1.72ns
:6  %p_addr6 = sub i9 %p_shl_cast, %p_shl6_cast

ST_1: p_addr10_cast [1/1] 0.00ns
:7  %p_addr10_cast = sext i9 %p_addr6 to i10

ST_1: stg_33 [1/1] 1.57ns
:8  br label %.loopexit


 <State 2>: 3.80ns
ST_2: s [1/1] 0.00ns
.loopexit:0  %s = phi i5 [ 0, %0 ], [ %s_1, %.preheader9 ]

ST_2: exitcond5 [1/1] 1.91ns
.loopexit:1  %exitcond5 = icmp eq i5 %s, -8

ST_2: empty [1/1] 0.00ns
.loopexit:2  %empty = call i32 (...)* @_ssdm_op_SpecLoopTripCount(i64 24, i64 24, i64 24)

ST_2: s_1 [1/1] 1.72ns
.loopexit:3  %s_1 = add i5 %s, 1

ST_2: stg_38 [1/1] 0.00ns
.loopexit:4  br i1 %exitcond5, label %.preheader8.preheader, label %.preheader9.preheader

ST_2: tmp2_trn_cast [1/1] 0.00ns
.preheader9.preheader:0  %tmp2_trn_cast = zext i5 %s to i10

ST_2: p_addr10 [1/1] 1.84ns
.preheader9.preheader:1  %p_addr10 = add i10 %p_addr10_cast, %tmp2_trn_cast

ST_2: tmp_27 [1/1] 0.00ns
.preheader9.preheader:2  %tmp_27 = call i15 @_ssdm_op_BitConcatenate.i15.i10.i5(i10 %p_addr10, i5 0)

ST_2: p_shl [1/1] 0.00ns
.preheader9.preheader:3  %p_shl = sext i15 %tmp_27 to i32

ST_2: tmp_28 [1/1] 0.00ns
.preheader9.preheader:4  %tmp_28 = call i13 @_ssdm_op_BitConcatenate.i13.i10.i3(i10 %p_addr10, i3 0)

ST_2: p_shl1 [1/1] 0.00ns
.preheader9.preheader:5  %p_shl1 = sext i13 %tmp_28 to i32

ST_2: p_addr11 [1/1] 1.96ns
.preheader9.preheader:6  %p_addr11 = sub i32 %p_shl, %p_shl1

ST_2: stg_46 [1/1] 1.57ns
.preheader9.preheader:7  br label %.preheader9

ST_2: tmp_cast_trn_cast [1/1] 0.00ns
.preheader8.preheader:0  %tmp_cast_trn_cast = zext i3 %tmp_read to i6

ST_2: tmp_26 [1/1] 0.00ns
.preheader8.preheader:1  %tmp_26 = call i5 @_ssdm_op_BitConcatenate.i5.i3.i2(i3 %tmp_read, i2 0)

ST_2: p_shl9_cast [1/1] 0.00ns
.preheader8.preheader:2  %p_shl9_cast = zext i5 %tmp_26 to i6

ST_2: p_addr2 [1/1] 1.72ns
.preheader8.preheader:3  %p_addr2 = add i6 %tmp_cast_trn_cast, %p_shl9_cast

ST_2: stg_51 [1/1] 1.57ns
.preheader8.preheader:4  br label %.preheader8


 <State 3>: 4.67ns
ST_3: t [1/1] 0.00ns
.preheader9:0  %t = phi i5 [ %t_1, %1 ], [ 0, %.preheader9.preheader ]

ST_3: exitcond4 [1/1] 1.91ns
.preheader9:1  %exitcond4 = icmp eq i5 %t, -8

ST_3: empty_27 [1/1] 0.00ns
.preheader9:2  %empty_27 = call i32 (...)* @_ssdm_op_SpecLoopTripCount(i64 24, i64 24, i64 24)

ST_3: t_1 [1/1] 1.72ns
.preheader9:3  %t_1 = add i5 %t, 1

ST_3: stg_56 [1/1] 0.00ns
.preheader9:4  br i1 %exitcond4, label %.loopexit, label %1

ST_3: tmp_9_trn [1/1] 0.00ns
:0  %tmp_9_trn = zext i5 %t to i32

ST_3: p_addr12 [1/1] 1.96ns
:1  %p_addr12 = add i32 %p_addr11, %tmp_9_trn

ST_3: tmp_31 [1/1] 0.00ns
:2  %tmp_31 = zext i32 %p_addr12 to i64

ST_3: conv_addr [1/1] 0.00ns
:3  %conv_addr = getelementptr [3456 x float]* %conv, i64 0, i64 %tmp_31

ST_3: stg_61 [1/1] 2.71ns
:4  store float 0.000000e+00, float* %conv_addr, align 4

ST_3: stg_62 [1/1] 0.00ns
:5  br label %.preheader9


 <State 4>: 5.52ns
ST_4: i [1/1] 0.00ns
.preheader8:0  %i = phi i5 [ %i_2, %4 ], [ 2, %.preheader8.preheader ]

ST_4: exitcond3 [1/1] 1.91ns
.preheader8:1  %exitcond3 = icmp eq i5 %i, -6

ST_4: empty_28 [1/1] 0.00ns
.preheader8:2  %empty_28 = call i32 (...)* @_ssdm_op_SpecLoopTripCount(i64 24, i64 24, i64 24)

ST_4: stg_66 [1/1] 0.00ns
.preheader8:3  br i1 %exitcond3, label %5, label %.preheader7.preheader

ST_4: tmp_6 [1/1] 1.72ns
.preheader7.preheader:0  %tmp_6 = add i5 %i, -2

ST_4: tmp_7_trn_cast [1/1] 0.00ns
.preheader7.preheader:1  %tmp_7_trn_cast = zext i5 %tmp_6 to i10

ST_4: p_addr7 [1/1] 1.84ns
.preheader7.preheader:2  %p_addr7 = add i10 %p_addr10_cast, %tmp_7_trn_cast

ST_4: tmp_29 [1/1] 0.00ns
.preheader7.preheader:3  %tmp_29 = call i15 @_ssdm_op_BitConcatenate.i15.i10.i5(i10 %p_addr7, i5 0)

ST_4: p_shl2 [1/1] 0.00ns
.preheader7.preheader:4  %p_shl2 = sext i15 %tmp_29 to i32

ST_4: tmp_30 [1/1] 0.00ns
.preheader7.preheader:5  %tmp_30 = call i13 @_ssdm_op_BitConcatenate.i13.i10.i3(i10 %p_addr7, i3 0)

ST_4: p_shl3 [1/1] 0.00ns
.preheader7.preheader:6  %p_shl3 = sext i13 %tmp_30 to i32

ST_4: p_addr8 [1/1] 1.96ns
.preheader7.preheader:7  %p_addr8 = sub i32 %p_shl2, %p_shl3

ST_4: stg_75 [1/1] 1.57ns
.preheader7.preheader:8  br label %.preheader7

ST_4: stg_76 [1/1] 0.00ns
:0  ret void


 <State 5>: 3.68ns
ST_5: j [1/1] 0.00ns
.preheader7:0  %j = phi i5 [ %j_2, %3 ], [ 2, %.preheader7.preheader ]

ST_5: exitcond2 [1/1] 1.91ns
.preheader7:1  %exitcond2 = icmp eq i5 %j, -6

ST_5: empty_29 [1/1] 0.00ns
.preheader7:2  %empty_29 = call i32 (...)* @_ssdm_op_SpecLoopTripCount(i64 24, i64 24, i64 24)

ST_5: stg_80 [1/1] 0.00ns
.preheader7:3  br i1 %exitcond2, label %4, label %.preheader6.preheader

ST_5: tmp_s [1/1] 1.72ns
.preheader6.preheader:0  %tmp_s = add i5 %j, -2

ST_5: tmp_1_trn [1/1] 0.00ns
.preheader6.preheader:1  %tmp_1_trn = zext i5 %tmp_s to i32

ST_5: p_addr9 [1/1] 1.96ns
.preheader6.preheader:2  %p_addr9 = add i32 %p_addr8, %tmp_1_trn

ST_5: tmp_32 [1/1] 0.00ns
.preheader6.preheader:3  %tmp_32 = zext i32 %p_addr9 to i64

ST_5: conv_addr_1 [1/1] 0.00ns
.preheader6.preheader:4  %conv_addr_1 = getelementptr [3456 x float]* %conv, i64 0, i64 %tmp_32

ST_5: stg_86 [1/1] 1.57ns
.preheader6.preheader:5  br label %.preheader6

ST_5: i_2 [1/1] 1.72ns
:0  %i_2 = add i5 %i, 1

ST_5: stg_88 [1/1] 0.00ns
:1  br label %.preheader8


 <State 6>: 3.56ns
ST_6: k [1/1] 0.00ns
.preheader6:0  %k = phi i3 [ 0, %.preheader6.preheader ], [ %k_2, %.preheader ]

ST_6: k_cast4 [1/1] 0.00ns
.preheader6:1  %k_cast4 = zext i3 %k to i5

ST_6: exitcond1 [1/1] 1.62ns
.preheader6:2  %exitcond1 = icmp eq i3 %k, -3

ST_6: empty_30 [1/1] 0.00ns
.preheader6:3  %empty_30 = call i32 (...)* @_ssdm_op_SpecLoopTripCount(i64 5, i64 5, i64 5)

ST_6: k_2 [1/1] 0.80ns
.preheader6:4  %k_2 = add i3 %k, 1

ST_6: stg_94 [1/1] 0.00ns
.preheader6:5  br i1 %exitcond1, label %3, label %.preheader.preheader

ST_6: x [1/1] 1.72ns
.preheader.preheader:0  %x = add i5 %k_cast4, %tmp_6

ST_6: tmp_33 [1/1] 0.00ns
.preheader.preheader:1  %tmp_33 = call i10 @_ssdm_op_BitConcatenate.i10.i5.i5(i5 %x, i5 0)

ST_6: p_shl14_cast [1/1] 0.00ns
.preheader.preheader:2  %p_shl14_cast = zext i10 %tmp_33 to i11

ST_6: tmp_34 [1/1] 0.00ns
.preheader.preheader:3  %tmp_34 = call i7 @_ssdm_op_BitConcatenate.i7.i5.i2(i5 %x, i2 0)

ST_6: p_shl15_cast [1/1] 0.00ns
.preheader.preheader:4  %p_shl15_cast = zext i7 %tmp_34 to i11

ST_6: p_addr [1/1] 1.84ns
.preheader.preheader:5  %p_addr = sub i11 %p_shl14_cast, %p_shl15_cast

ST_6: p_addr_cast [1/1] 0.00ns
.preheader.preheader:6  %p_addr_cast = sext i11 %p_addr to i12

ST_6: tmp_3_trn_cast [1/1] 0.00ns
.preheader.preheader:7  %tmp_3_trn_cast = zext i3 %k to i6

ST_6: p_addr3 [1/1] 1.72ns
.preheader.preheader:8  %p_addr3 = add i6 %p_addr2, %tmp_3_trn_cast

ST_6: p_addr3_cast [1/1] 0.00ns
.preheader.preheader:9  %p_addr3_cast = zext i6 %p_addr3 to i32

ST_6: tmp_35 [1/1] 0.00ns
.preheader.preheader:10  %tmp_35 = call i8 @_ssdm_op_BitConcatenate.i8.i6.i2(i6 %p_addr3, i2 0)

ST_6: p_shl4 [1/1] 0.00ns
.preheader.preheader:11  %p_shl4 = zext i8 %tmp_35 to i32

ST_6: p_addr4 [1/1] 1.72ns
.preheader.preheader:12  %p_addr4 = add i32 %p_addr3_cast, %p_shl4

ST_6: stg_108 [1/1] 1.57ns
.preheader.preheader:13  br label %.preheader

ST_6: j_2 [1/1] 1.72ns
:0  %j_2 = add i5 %j, 1

ST_6: stg_110 [1/1] 0.00ns
:1  br label %.preheader7


 <State 7>: 6.27ns
ST_7: l [1/1] 0.00ns
.preheader:0  %l = phi i3 [ %l_1, %2 ], [ 0, %.preheader.preheader ]

ST_7: l_cast2 [1/1] 0.00ns
.preheader:1  %l_cast2 = zext i3 %l to i5

ST_7: exitcond [1/1] 1.62ns
.preheader:2  %exitcond = icmp eq i3 %l, -3

ST_7: empty_31 [1/1] 0.00ns
.preheader:3  %empty_31 = call i32 (...)* @_ssdm_op_SpecLoopTripCount(i64 5, i64 5, i64 5)

ST_7: l_1 [1/1] 0.80ns
.preheader:4  %l_1 = add i3 %l, 1

ST_7: stg_116 [1/1] 0.00ns
.preheader:5  br i1 %exitcond, label %.preheader6, label %2

ST_7: y [1/1] 1.72ns
:0  %y = add i5 %tmp_s, %l_cast2

ST_7: tmp_4_trn_cast [1/1] 0.00ns
:1  %tmp_4_trn_cast = zext i5 %y to i12

ST_7: p_addr1 [1/1] 1.84ns
:2  %p_addr1 = add i12 %tmp_4_trn_cast, %p_addr_cast

ST_7: p_addr1_cast [1/1] 0.00ns
:3  %p_addr1_cast = sext i12 %p_addr1 to i32

ST_7: tmp_36 [1/1] 0.00ns
:4  %tmp_36 = zext i32 %p_addr1_cast to i64

ST_7: A_addr [1/1] 0.00ns
:5  %A_addr = getelementptr [784 x i32]* %A, i64 0, i64 %tmp_36

ST_7: A_load [2/2] 2.71ns
:6  %A_load = load i32* %A_addr, align 4

ST_7: tmp_8_trn [1/1] 0.00ns
:8  %tmp_8_trn = zext i3 %l to i32

ST_7: p_addr5 [1/1] 1.84ns
:9  %p_addr5 = add i32 %tmp_8_trn, %p_addr4


 <State 8>: 2.71ns
ST_8: A_load [1/2] 2.71ns
:6  %A_load = load i32* %A_addr, align 4


 <State 9>: 6.41ns
ST_9: tmp_5 [6/6] 6.41ns
:7  %tmp_5 = sitofp i32 %A_load to float


 <State 10>: 6.41ns
ST_10: tmp_5 [5/6] 6.41ns
:7  %tmp_5 = sitofp i32 %A_load to float


 <State 11>: 6.41ns
ST_11: tmp_5 [4/6] 6.41ns
:7  %tmp_5 = sitofp i32 %A_load to float


 <State 12>: 6.41ns
ST_12: tmp_5 [3/6] 6.41ns
:7  %tmp_5 = sitofp i32 %A_load to float


 <State 13>: 6.41ns
ST_13: tmp_5 [2/6] 6.41ns
:7  %tmp_5 = sitofp i32 %A_load to float


 <State 14>: 6.41ns
ST_14: tmp_5 [1/6] 6.41ns
:7  %tmp_5 = sitofp i32 %A_load to float

ST_14: tmp_37 [1/1] 0.00ns
:10  %tmp_37 = zext i32 %p_addr5 to i64

ST_14: B_addr [1/1] 0.00ns
:11  %B_addr = getelementptr [150 x float]* %B, i64 0, i64 %tmp_37

ST_14: B_load [2/2] 2.71ns
:12  %B_load = load float* %B_addr, align 4


 <State 15>: 8.41ns
ST_15: B_load [1/2] 2.71ns
:12  %B_load = load float* %B_addr, align 4

ST_15: tmp_10 [4/4] 5.70ns
:13  %tmp_10 = fmul float %tmp_5, %B_load


 <State 16>: 5.70ns
ST_16: tmp_10 [3/4] 5.70ns
:13  %tmp_10 = fmul float %tmp_5, %B_load


 <State 17>: 5.70ns
ST_17: tmp_10 [2/4] 5.70ns
:13  %tmp_10 = fmul float %tmp_5, %B_load

ST_17: conv_load [2/2] 2.71ns
:14  %conv_load = load float* %conv_addr_1, align 4


 <State 18>: 5.70ns
ST_18: tmp_10 [1/4] 5.70ns
:13  %tmp_10 = fmul float %tmp_5, %B_load

ST_18: conv_load [1/2] 2.71ns
:14  %conv_load = load float* %conv_addr_1, align 4


 <State 19>: 7.26ns
ST_19: tmp_11 [5/5] 7.26ns
:15  %tmp_11 = fadd float %conv_load, %tmp_10


 <State 20>: 7.26ns
ST_20: tmp_11 [4/5] 7.26ns
:15  %tmp_11 = fadd float %conv_load, %tmp_10


 <State 21>: 7.26ns
ST_21: tmp_11 [3/5] 7.26ns
:15  %tmp_11 = fadd float %conv_load, %tmp_10


 <State 22>: 7.26ns
ST_22: tmp_11 [2/5] 7.26ns
:15  %tmp_11 = fadd float %conv_load, %tmp_10


 <State 23>: 7.26ns
ST_23: tmp_11 [1/5] 7.26ns
:15  %tmp_11 = fadd float %conv_load, %tmp_10


 <State 24>: 2.71ns
ST_24: stg_148 [1/1] 2.71ns
:16  store float %tmp_11, float* %conv_addr_1, align 4

ST_24: stg_149 [1/1] 0.00ns
:17  br label %.preheader



============================================================
+ Verbose Summary: Binding
============================================================
STG Binding: 
---------------- STG Properties BEGIN ----------------
- Is combinational: 0
- Is one-state seq: 0
- Is datapath-only: 0
- Is clock enabled: 0
- Is pipelined: 0
- Is top level: 0
Port [ Return ] is wired: 1; IO mode=ap_ctrl_hs:ce=0
Port [ A]:  wired=1; compound=1; hidden=0; nouse=0; global=0; static=0; extern=0; dir=0; type=1; mode=0x7f14cbfa5ce0; pingpong=0; private_global=0; MemPort=[13]; IO mode=ap_memory:ce=0
Port [ B]:  wired=1; compound=1; hidden=0; nouse=0; global=0; static=0; extern=0; dir=0; type=1; mode=0x7f14cbfa62b0; pingpong=0; private_global=0; MemPort=[13]; IO mode=ap_memory:ce=0
Port [ tmp]:  wired=1; compound=0; hidden=0; nouse=0; global=0; static=0; extern=0; dir=0; type=0; mode=0x7f14cbfa6880; pingpong=0; private_global=0; IO mode=ap_none:ce=0
Port [ conv]:  wired=1; compound=1; hidden=0; nouse=0; global=0; static=0; extern=0; dir=2; type=1; mode=0x7f14cbfa6e50; pingpong=0; private_global=0; MemPort=[23]; IO mode=ap_memory:ce=0
Port [ tmp1]:  wired=1; compound=0; hidden=0; nouse=0; global=0; static=0; extern=0; dir=0; type=0; mode=0x7f14cbfa7420; pingpong=0; private_global=0; IO mode=ap_none:ce=0
---------------- STG Properties END ------------------

---------------- Datapath Model BEGIN ----------------

<LifeTime>
<method=bitvector/>
tmp1_read         (read             ) [ 0000000000000000000000000]
tmp_read          (read             ) [ 0011000000000000000000000]
tmp_24            (bitconcatenate   ) [ 0000000000000000000000000]
p_shl_cast        (zext             ) [ 0000000000000000000000000]
tmp_25            (bitconcatenate   ) [ 0000000000000000000000000]
p_shl6_cast       (zext             ) [ 0000000000000000000000000]
p_addr6           (sub              ) [ 0000000000000000000000000]
p_addr10_cast     (sext             ) [ 0011111111111111111111111]
stg_33            (br               ) [ 0111000000000000000000000]
s                 (phi              ) [ 0010000000000000000000000]
exitcond5         (icmp             ) [ 0011000000000000000000000]
empty             (speclooptripcount) [ 0000000000000000000000000]
s_1               (add              ) [ 0111000000000000000000000]
stg_38            (br               ) [ 0000000000000000000000000]
tmp2_trn_cast     (zext             ) [ 0000000000000000000000000]
p_addr10          (add              ) [ 0000000000000000000000000]
tmp_27            (bitconcatenate   ) [ 0000000000000000000000000]
p_shl             (sext             ) [ 0000000000000000000000000]
tmp_28            (bitconcatenate   ) [ 0000000000000000000000000]
p_shl1            (sext             ) [ 0000000000000000000000000]
p_addr11          (sub              ) [ 0001000000000000000000000]
stg_46            (br               ) [ 0011000000000000000000000]
tmp_cast_trn_cast (zext             ) [ 0000000000000000000000000]
tmp_26            (bitconcatenate   ) [ 0000000000000000000000000]
p_shl9_cast       (zext             ) [ 0000000000000000000000000]
p_addr2           (add              ) [ 0000111111111111111111111]
stg_51            (br               ) [ 0011111111111111111111111]
t                 (phi              ) [ 0001000000000000000000000]
exitcond4         (icmp             ) [ 0011000000000000000000000]
empty_27          (speclooptripcount) [ 0000000000000000000000000]
t_1               (add              ) [ 0011000000000000000000000]
stg_56            (br               ) [ 0111000000000000000000000]
tmp_9_trn         (zext             ) [ 0000000000000000000000000]
p_addr12          (add              ) [ 0000000000000000000000000]
tmp_31            (zext             ) [ 0000000000000000000000000]
conv_addr         (getelementptr    ) [ 0000000000000000000000000]
stg_61            (store            ) [ 0000000000000000000000000]
stg_62            (br               ) [ 0011000000000000000000000]
i                 (phi              ) [ 0000111111111111111111111]
exitcond3         (icmp             ) [ 0000111111111111111111111]
empty_28          (speclooptripcount) [ 0000000000000000000000000]
stg_66            (br               ) [ 0000000000000000000000000]
tmp_6             (add              ) [ 0000011111111111111111111]
tmp_7_trn_cast    (zext             ) [ 0000000000000000000000000]
p_addr7           (add              ) [ 0000000000000000000000000]
tmp_29            (bitconcatenate   ) [ 0000000000000000000000000]
p_shl2            (sext             ) [ 0000000000000000000000000]
tmp_30            (bitconcatenate   ) [ 0000000000000000000000000]
p_shl3            (sext             ) [ 0000000000000000000000000]
p_addr8           (sub              ) [ 0000011111111111111111111]
stg_75            (br               ) [ 0000111111111111111111111]
stg_76            (ret              ) [ 0000000000000000000000000]
j                 (phi              ) [ 0000011111111111111111111]
exitcond2         (icmp             ) [ 0000111111111111111111111]
empty_29          (speclooptripcount) [ 0000000000000000000000000]
stg_80            (br               ) [ 0000000000000000000000000]
tmp_s             (add              ) [ 0000001111111111111111111]
tmp_1_trn         (zext             ) [ 0000000000000000000000000]
p_addr9           (add              ) [ 0000000000000000000000000]
tmp_32            (zext             ) [ 0000000000000000000000000]
conv_addr_1       (getelementptr    ) [ 0000001111111111111111111]
stg_86            (br               ) [ 0000111111111111111111111]
i_2               (add              ) [ 0010111111111111111111111]
stg_88            (br               ) [ 0010111111111111111111111]
k                 (phi              ) [ 0000001000000000000000000]
k_cast4           (zext             ) [ 0000000000000000000000000]
exitcond1         (icmp             ) [ 0000111111111111111111111]
empty_30          (speclooptripcount) [ 0000000000000000000000000]
k_2               (add              ) [ 0000111111111111111111111]
stg_94            (br               ) [ 0000000000000000000000000]
x                 (add              ) [ 0000000000000000000000000]
tmp_33            (bitconcatenate   ) [ 0000000000000000000000000]
p_shl14_cast      (zext             ) [ 0000000000000000000000000]
tmp_34            (bitconcatenate   ) [ 0000000000000000000000000]
p_shl15_cast      (zext             ) [ 0000000000000000000000000]
p_addr            (sub              ) [ 0000000000000000000000000]
p_addr_cast       (sext             ) [ 0000000111111111111111111]
tmp_3_trn_cast    (zext             ) [ 0000000000000000000000000]
p_addr3           (add              ) [ 0000000000000000000000000]
p_addr3_cast      (zext             ) [ 0000000000000000000000000]
tmp_35            (bitconcatenate   ) [ 0000000000000000000000000]
p_shl4            (zext             ) [ 0000000000000000000000000]
p_addr4           (add              ) [ 0000000111111111111111111]
stg_108           (br               ) [ 0000111111111111111111111]
j_2               (add              ) [ 0000111111111111111111111]
stg_110           (br               ) [ 0000111111111111111111111]
l                 (phi              ) [ 0000000100000000000000000]
l_cast2           (zext             ) [ 0000000000000000000000000]
exitcond          (icmp             ) [ 0000111111111111111111111]
empty_31          (speclooptripcount) [ 0000000000000000000000000]
l_1               (add              ) [ 0000111111111111111111111]
stg_116           (br               ) [ 0000111111111111111111111]
y                 (add              ) [ 0000000000000000000000000]
tmp_4_trn_cast    (zext             ) [ 0000000000000000000000000]
p_addr1           (add              ) [ 0000000000000000000000000]
p_addr1_cast      (sext             ) [ 0000000000000000000000000]
tmp_36            (zext             ) [ 0000000000000000000000000]
A_addr            (getelementptr    ) [ 0000000010000000000000000]
tmp_8_trn         (zext             ) [ 0000000000000000000000000]
p_addr5           (add              ) [ 0000000011111110000000000]
A_load            (load             ) [ 0000000001111110000000000]
tmp_5             (sitofp           ) [ 0000000000000001111000000]
tmp_37            (zext             ) [ 0000000000000000000000000]
B_addr            (getelementptr    ) [ 0000000000000001000000000]
B_load            (load             ) [ 0000000000000000111000000]
tmp_10            (fmul             ) [ 0000000000000000000111110]
conv_load         (load             ) [ 0000000000000000000111110]
tmp_11            (fadd             ) [ 0000000000000000000000001]
stg_148           (store            ) [ 0000000000000000000000000]
stg_149           (br               ) [ 0000111111111111111111111]
</LifeTime>

<model>

<comp_list>
<comp id="0" class="1000" name="A">
<pin_list>
<pin id="1" dir="1" index="0" bw="1" slack="0"/>
</pin_list>
<bind>
<StgValue><ssdm name="A"/><MemPortTyVec>1 3 </MemPortTyVec>
</StgValue>
</bind>
</comp>

<comp id="2" class="1000" name="B">
<pin_list>
<pin id="3" dir="1" index="0" bw="1" slack="0"/>
</pin_list>
<bind>
<StgValue><ssdm name="B"/><MemPortTyVec>1 3 </MemPortTyVec>
</StgValue>
</bind>
</comp>

<comp id="4" class="1000" name="tmp">
<pin_list>
<pin id="5" dir="1" index="0" bw="1" slack="0"/>
</pin_list>
<bind>
<StgValue><ssdm name="tmp"/></StgValue>
</bind>
</comp>

<comp id="6" class="1000" name="conv">
<pin_list>
<pin id="7" dir="1" index="0" bw="1" slack="0"/>
</pin_list>
<bind>
<StgValue><ssdm name="conv"/><MemPortTyVec>2 3 </MemPortTyVec>
</StgValue>
</bind>
</comp>

<comp id="8" class="1000" name="tmp1">
<pin_list>
<pin id="9" dir="1" index="0" bw="1" slack="0"/>
</pin_list>
<bind>
<StgValue><ssdm name="tmp1"/></StgValue>
</bind>
</comp>

<comp id="10" class="1001" name="const_10">
<pin_list>
<pin id="11" dir="1" index="0" bw="1" slack="0"/>
</pin_list>
<bind>
<StgValue><ssdm name="_ssdm_op_Read.ap_auto.i3"/></StgValue>
</bind>
</comp>

<comp id="12" class="1001" name="const_12">
<pin_list>
<pin id="13" dir="1" index="0" bw="1" slack="0"/>
</pin_list>
<bind>
<StgValue><ssdm name="_ssdm_op_BitConcatenate.i8.i3.i5"/></StgValue>
</bind>
</comp>

<comp id="14" class="1001" name="const_14">
<pin_list>
<pin id="15" dir="1" index="0" bw="1" slack="0"/>
</pin_list>
<bind>
<StgValue><ssdm name=""/></StgValue>
</bind>
</comp>

<comp id="16" class="1001" name="const_16">
<pin_list>
<pin id="17" dir="1" index="0" bw="1" slack="0"/>
</pin_list>
<bind>
<StgValue><ssdm name="_ssdm_op_BitConcatenate.i6.i3.i3"/></StgValue>
</bind>
</comp>

<comp id="18" class="1001" name="const_18">
<pin_list>
<pin id="19" dir="1" index="0" bw="1" slack="0"/>
</pin_list>
<bind>
<StgValue><ssdm name=""/></StgValue>
</bind>
</comp>

<comp id="20" class="1001" name="const_20">
<pin_list>
<pin id="21" dir="1" index="0" bw="1" slack="0"/>
</pin_list>
<bind>
<StgValue><ssdm name=""/></StgValue>
</bind>
</comp>

<comp id="22" class="1001" name="const_22">
<pin_list>
<pin id="23" dir="1" index="0" bw="1" slack="2147483647"/>
</pin_list>
<bind>
<StgValue><ssdm name="_ssdm_op_SpecLoopTripCount"/></StgValue>
</bind>
</comp>

<comp id="24" class="1001" name="const_24">
<pin_list>
<pin id="25" dir="1" index="0" bw="1" slack="2147483647"/>
</pin_list>
<bind>
<StgValue><ssdm name=""/></StgValue>
</bind>
</comp>

<comp id="26" class="1001" name="const_26">
<pin_list>
<pin id="27" dir="1" index="0" bw="1" slack="0"/>
</pin_list>
<bind>
<StgValue><ssdm name=""/></StgValue>
</bind>
</comp>

<comp id="28" class="1001" name="const_28">
<pin_list>
<pin id="29" dir="1" index="0" bw="1" slack="0"/>
</pin_list>
<bind>
<StgValue><ssdm name="_ssdm_op_BitConcatenate.i15.i10.i5"/></StgValue>
</bind>
</comp>

<comp id="30" class="1001" name="const_30">
<pin_list>
<pin id="31" dir="1" index="0" bw="1" slack="0"/>
</pin_list>
<bind>
<StgValue><ssdm name="_ssdm_op_BitConcatenate.i13.i10.i3"/></StgValue>
</bind>
</comp>

<comp id="32" class="1001" name="const_32">
<pin_list>
<pin id="33" dir="1" index="0" bw="1" slack="0"/>
</pin_list>
<bind>
<StgValue><ssdm name="_ssdm_op_BitConcatenate.i5.i3.i2"/></StgValue>
</bind>
</comp>

<comp id="34" class="1001" name="const_34">
<pin_list>
<pin id="35" dir="1" index="0" bw="1" slack="0"/>
</pin_list>
<bind>
<StgValue><ssdm name=""/></StgValue>
</bind>
</comp>

<comp id="36" class="1001" name="const_36">
<pin_list>
<pin id="37" dir="1" index="0" bw="1" slack="0"/>
</pin_list>
<bind>
<StgValue><ssdm name=""/></StgValue>
</bind>
</comp>

<comp id="38" class="1001" name="const_38">
<pin_list>
<pin id="39" dir="1" index="0" bw="1" slack="0"/>
</pin_list>
<bind>
<StgValue><ssdm name=""/></StgValue>
</bind>
</comp>

<comp id="40" class="1001" name="const_40">
<pin_list>
<pin id="41" dir="1" index="0" bw="1" slack="1"/>
</pin_list>
<bind>
<StgValue><ssdm name=""/></StgValue>
</bind>
</comp>

<comp id="42" class="1001" name="const_42">
<pin_list>
<pin id="43" dir="1" index="0" bw="1" slack="0"/>
</pin_list>
<bind>
<StgValue><ssdm name=""/></StgValue>
</bind>
</comp>

<comp id="44" class="1001" name="const_44">
<pin_list>
<pin id="45" dir="1" index="0" bw="1" slack="0"/>
</pin_list>
<bind>
<StgValue><ssdm name=""/></StgValue>
</bind>
</comp>

<comp id="46" class="1001" name="const_46">
<pin_list>
<pin id="47" dir="1" index="0" bw="1" slack="0"/>
</pin_list>
<bind>
<StgValue><ssdm name=""/></StgValue>
</bind>
</comp>

<comp id="48" class="1001" name="const_48">
<pin_list>
<pin id="49" dir="1" index="0" bw="1" slack="2147483647"/>
</pin_list>
<bind>
<StgValue><ssdm name=""/></StgValue>
</bind>
</comp>

<comp id="50" class="1001" name="const_50">
<pin_list>
<pin id="51" dir="1" index="0" bw="1" slack="0"/>
</pin_list>
<bind>
<StgValue><ssdm name=""/></StgValue>
</bind>
</comp>

<comp id="52" class="1001" name="const_52">
<pin_list>
<pin id="53" dir="1" index="0" bw="1" slack="0"/>
</pin_list>
<bind>
<StgValue><ssdm name="_ssdm_op_BitConcatenate.i10.i5.i5"/></StgValue>
</bind>
</comp>

<comp id="54" class="1001" name="const_54">
<pin_list>
<pin id="55" dir="1" index="0" bw="1" slack="0"/>
</pin_list>
<bind>
<StgValue><ssdm name="_ssdm_op_BitConcatenate.i7.i5.i2"/></StgValue>
</bind>
</comp>

<comp id="56" class="1001" name="const_56">
<pin_list>
<pin id="57" dir="1" index="0" bw="1" slack="0"/>
</pin_list>
<bind>
<StgValue><ssdm name="_ssdm_op_BitConcatenate.i8.i6.i2"/></StgValue>
</bind>
</comp>

<comp id="58" class="1004" name="tmp1_read_read_fu_58">
<pin_list>
<pin id="59" dir="0" index="0" bw="3" slack="0"/>
<pin id="60" dir="0" index="1" bw="3" slack="0"/>
<pin id="61" dir="1" index="2" bw="3" slack="0"/>
</pin_list>
<bind>
<opcode="read(1150) " fcode="read"/>
<opset="tmp1_read/1 "/>
</bind>
</comp>

<comp id="64" class="1004" name="tmp_read_read_fu_64">
<pin_list>
<pin id="65" dir="0" index="0" bw="3" slack="0"/>
<pin id="66" dir="0" index="1" bw="3" slack="0"/>
<pin id="67" dir="1" index="2" bw="3" slack="1"/>
</pin_list>
<bind>
<opcode="read(1150) " fcode="read"/>
<opset="tmp_read/1 "/>
</bind>
</comp>

<comp id="70" class="1004" name="conv_addr_gep_fu_70">
<pin_list>
<pin id="71" dir="0" index="0" bw="32" slack="0"/>
<pin id="72" dir="0" index="1" bw="1" slack="0"/>
<pin id="73" dir="0" index="2" bw="18" slack="0"/>
<pin id="74" dir="1" index="3" bw="12" slack="0"/>
</pin_list>
<bind>
<opcode="getelementptr(29) " fcode="getelementptr"/>
<opset="conv_addr/3 "/>
</bind>
</comp>

<comp id="77" class="1004" name="grp_access_fu_77">
<pin_list>
<pin id="78" dir="0" index="0" bw="12" slack="0"/>
<pin id="79" dir="0" index="1" bw="32" slack="0"/>
<pin id="80" dir="1" index="2" bw="32" slack="1"/>
</pin_list>
<bind>
<opcode="load(27) store(28) " fcode="store"/>
<opset="stg_61/3 conv_load/17 stg_148/24 "/>
</bind>
</comp>

<comp id="83" class="1004" name="conv_addr_1_gep_fu_83">
<pin_list>
<pin id="84" dir="0" index="0" bw="32" slack="0"/>
<pin id="85" dir="0" index="1" bw="1" slack="0"/>
<pin id="86" dir="0" index="2" bw="18" slack="0"/>
<pin id="87" dir="1" index="3" bw="12" slack="12"/>
</pin_list>
<bind>
<opcode="getelementptr(29) " fcode="getelementptr"/>
<opset="conv_addr_1/5 "/>
</bind>
</comp>

<comp id="90" class="1004" name="A_addr_gep_fu_90">
<pin_list>
<pin id="91" dir="0" index="0" bw="32" slack="0"/>
<pin id="92" dir="0" index="1" bw="1" slack="0"/>
<pin id="93" dir="0" index="2" bw="32" slack="0"/>
<pin id="94" dir="1" index="3" bw="10" slack="0"/>
</pin_list>
<bind>
<opcode="getelementptr(29) " fcode="getelementptr"/>
<opset="A_addr/7 "/>
</bind>
</comp>

<comp id="97" class="1004" name="grp_access_fu_97">
<pin_list>
<pin id="98" dir="0" index="0" bw="10" slack="0"/>
<pin id="99" dir="0" index="1" bw="32" slack="2147483647"/>
<pin id="100" dir="1" index="2" bw="32" slack="1"/>
</pin_list>
<bind>
<opcode="load(27) " fcode="load"/>
<opset="A_load/7 "/>
</bind>
</comp>

<comp id="102" class="1004" name="B_addr_gep_fu_102">
<pin_list>
<pin id="103" dir="0" index="0" bw="32" slack="0"/>
<pin id="104" dir="0" index="1" bw="1" slack="0"/>
<pin id="105" dir="0" index="2" bw="10" slack="0"/>
<pin id="106" dir="1" index="3" bw="8" slack="0"/>
</pin_list>
<bind>
<opcode="getelementptr(29) " fcode="getelementptr"/>
<opset="B_addr/14 "/>
</bind>
</comp>

<comp id="109" class="1004" name="grp_access_fu_109">
<pin_list>
<pin id="110" dir="0" index="0" bw="8" slack="0"/>
<pin id="111" dir="0" index="1" bw="32" slack="2147483647"/>
<pin id="112" dir="1" index="2" bw="32" slack="0"/>
</pin_list>
<bind>
<opcode="load(27) " fcode="load"/>
<opset="B_load/14 "/>
</bind>
</comp>

<comp id="114" class="1005" name="s_reg_114">
<pin_list>
<pin id="115" dir="0" index="0" bw="5" slack="1"/>
<pin id="116" dir="1" index="1" bw="5" slack="1"/>
</pin_list>
<bind>
<opset="s (phireg) "/>
</bind>
</comp>

<comp id="118" class="1004" name="s_phi_fu_118">
<pin_list>
<pin id="119" dir="0" index="0" bw="1" slack="1"/>
<pin id="120" dir="0" index="1" bw="0" slack="2147483647"/>
<pin id="121" dir="0" index="2" bw="5" slack="0"/>
<pin id="122" dir="0" index="3" bw="0" slack="2147483647"/>
<pin id="123" dir="1" index="4" bw="5" slack="0"/>
</pin_list>
<bind>
<opcode="phi(47) " fcode="phi"/>
<opset="s/2 "/>
</bind>
</comp>

<comp id="125" class="1005" name="t_reg_125">
<pin_list>
<pin id="126" dir="0" index="0" bw="5" slack="1"/>
<pin id="127" dir="1" index="1" bw="5" slack="1"/>
</pin_list>
<bind>
<opset="t (phireg) "/>
</bind>
</comp>

<comp id="129" class="1004" name="t_phi_fu_129">
<pin_list>
<pin id="130" dir="0" index="0" bw="5" slack="0"/>
<pin id="131" dir="0" index="1" bw="0" slack="2147483647"/>
<pin id="132" dir="0" index="2" bw="1" slack="1"/>
<pin id="133" dir="0" index="3" bw="0" slack="2147483647"/>
<pin id="134" dir="1" index="4" bw="5" slack="0"/>
</pin_list>
<bind>
<opcode="phi(47) " fcode="phi"/>
<opset="t/3 "/>
</bind>
</comp>

<comp id="136" class="1005" name="i_reg_136">
<pin_list>
<pin id="137" dir="0" index="0" bw="5" slack="1"/>
<pin id="138" dir="1" index="1" bw="5" slack="1"/>
</pin_list>
<bind>
<opset="i (phireg) "/>
</bind>
</comp>

<comp id="140" class="1004" name="i_phi_fu_140">
<pin_list>
<pin id="141" dir="0" index="0" bw="5" slack="1"/>
<pin id="142" dir="0" index="1" bw="0" slack="2147483647"/>
<pin id="143" dir="0" index="2" bw="3" slack="1"/>
<pin id="144" dir="0" index="3" bw="0" slack="2147483647"/>
<pin id="145" dir="1" index="4" bw="5" slack="0"/>
</pin_list>
<bind>
<opcode="phi(47) " fcode="phi"/>
<opset="i/4 "/>
</bind>
</comp>

<comp id="148" class="1005" name="j_reg_148">
<pin_list>
<pin id="149" dir="0" index="0" bw="5" slack="1"/>
<pin id="150" dir="1" index="1" bw="5" slack="1"/>
</pin_list>
<bind>
<opset="j (phireg) "/>
</bind>
</comp>

<comp id="152" class="1004" name="j_phi_fu_152">
<pin_list>
<pin id="153" dir="0" index="0" bw="5" slack="1"/>
<pin id="154" dir="0" index="1" bw="0" slack="2147483647"/>
<pin id="155" dir="0" index="2" bw="3" slack="1"/>
<pin id="156" dir="0" index="3" bw="0" slack="2147483647"/>
<pin id="157" dir="1" index="4" bw="5" slack="0"/>
</pin_list>
<bind>
<opcode="phi(47) " fcode="phi"/>
<opset="j/5 "/>
</bind>
</comp>

<comp id="160" class="1005" name="k_reg_160">
<pin_list>
<pin id="161" dir="0" index="0" bw="3" slack="1"/>
<pin id="162" dir="1" index="1" bw="3" slack="1"/>
</pin_list>
<bind>
<opset="k (phireg) "/>
</bind>
</comp>

<comp id="164" class="1004" name="k_phi_fu_164">
<pin_list>
<pin id="165" dir="0" index="0" bw="1" slack="1"/>
<pin id="166" dir="0" index="1" bw="0" slack="2147483647"/>
<pin id="167" dir="0" index="2" bw="3" slack="0"/>
<pin id="168" dir="0" index="3" bw="0" slack="2147483647"/>
<pin id="169" dir="1" index="4" bw="3" slack="0"/>
</pin_list>
<bind>
<opcode="phi(47) " fcode="phi"/>
<opset="k/6 "/>
</bind>
</comp>

<comp id="171" class="1005" name="l_reg_171">
<pin_list>
<pin id="172" dir="0" index="0" bw="3" slack="1"/>
<pin id="173" dir="1" index="1" bw="3" slack="1"/>
</pin_list>
<bind>
<opset="l (phireg) "/>
</bind>
</comp>

<comp id="175" class="1004" name="l_phi_fu_175">
<pin_list>
<pin id="176" dir="0" index="0" bw="3" slack="0"/>
<pin id="177" dir="0" index="1" bw="0" slack="2147483647"/>
<pin id="178" dir="0" index="2" bw="1" slack="1"/>
<pin id="179" dir="0" index="3" bw="0" slack="2147483647"/>
<pin id="180" dir="1" index="4" bw="3" slack="0"/>
</pin_list>
<bind>
<opcode="phi(47) " fcode="phi"/>
<opset="l/7 "/>
</bind>
</comp>

<comp id="182" class="1004" name="grp_fu_182">
<pin_list>
<pin id="183" dir="0" index="0" bw="32" slack="1"/>
<pin id="184" dir="0" index="1" bw="32" slack="1"/>
<pin id="185" dir="1" index="2" bw="32" slack="1"/>
</pin_list>
<bind>
<opcode="fadd(9) " fcode="fadd"/>
<opset="tmp_11/19 "/>
</bind>
</comp>

<comp id="186" class="1004" name="grp_fu_186">
<pin_list>
<pin id="187" dir="0" index="0" bw="32" slack="1"/>
<pin id="188" dir="0" index="1" bw="32" slack="0"/>
<pin id="189" dir="1" index="2" bw="32" slack="1"/>
</pin_list>
<bind>
<opcode="fmul(13) " fcode="fmul"/>
<opset="tmp_10/15 "/>
</bind>
</comp>

<comp id="191" class="1004" name="grp_fu_191">
<pin_list>
<pin id="192" dir="0" index="0" bw="32" slack="1"/>
<pin id="193" dir="1" index="1" bw="32" slack="1"/>
</pin_list>
<bind>
<opcode="sitofp(39) " fcode="sitofp"/>
<opset="tmp_5/9 "/>
</bind>
</comp>

<comp id="194" class="1004" name="tmp_24_fu_194">
<pin_list>
<pin id="195" dir="0" index="0" bw="8" slack="0"/>
<pin id="196" dir="0" index="1" bw="3" slack="0"/>
<pin id="197" dir="0" index="2" bw="1" slack="0"/>
<pin id="198" dir="1" index="3" bw="8" slack="0"/>
</pin_list>
<bind>
<opcode="bitconcatenate(1004) " fcode="bitconcatenate"/>
<opset="tmp_24/1 "/>
</bind>
</comp>

<comp id="202" class="1004" name="p_shl_cast_fu_202">
<pin_list>
<pin id="203" dir="0" index="0" bw="8" slack="0"/>
<pin id="204" dir="1" index="1" bw="9" slack="0"/>
</pin_list>
<bind>
<opcode="zext(34) " fcode="zext"/>
<opset="p_shl_cast/1 "/>
</bind>
</comp>

<comp id="206" class="1004" name="tmp_25_fu_206">
<pin_list>
<pin id="207" dir="0" index="0" bw="6" slack="0"/>
<pin id="208" dir="0" index="1" bw="3" slack="0"/>
<pin id="209" dir="0" index="2" bw="1" slack="0"/>
<pin id="210" dir="1" index="3" bw="6" slack="0"/>
</pin_list>
<bind>
<opcode="bitconcatenate(1004) " fcode="bitconcatenate"/>
<opset="tmp_25/1 "/>
</bind>
</comp>

<comp id="214" class="1004" name="p_shl6_cast_fu_214">
<pin_list>
<pin id="215" dir="0" index="0" bw="6" slack="0"/>
<pin id="216" dir="1" index="1" bw="9" slack="0"/>
</pin_list>
<bind>
<opcode="zext(34) " fcode="zext"/>
<opset="p_shl6_cast/1 "/>
</bind>
</comp>

<comp id="218" class="1004" name="p_addr6_fu_218">
<pin_list>
<pin id="219" dir="0" index="0" bw="8" slack="0"/>
<pin id="220" dir="0" index="1" bw="6" slack="0"/>
<pin id="221" dir="1" index="2" bw="9" slack="0"/>
</pin_list>
<bind>
<opcode="sub(10) " fcode="sub"/>
<opset="p_addr6/1 "/>
</bind>
</comp>

<comp id="224" class="1004" name="p_addr10_cast_fu_224">
<pin_list>
<pin id="225" dir="0" index="0" bw="9" slack="0"/>
<pin id="226" dir="1" index="1" bw="10" slack="1"/>
</pin_list>
<bind>
<opcode="sext(35) " fcode="sext"/>
<opset="p_addr10_cast/1 "/>
</bind>
</comp>

<comp id="228" class="1004" name="exitcond5_fu_228">
<pin_list>
<pin id="229" dir="0" index="0" bw="5" slack="0"/>
<pin id="230" dir="0" index="1" bw="5" slack="0"/>
<pin id="231" dir="1" index="2" bw="1" slack="2147483647"/>
</pin_list>
<bind>
<opcode="icmp(45) " fcode="icmp"/>
<opset="exitcond5/2 "/>
</bind>
</comp>

<comp id="234" class="1004" name="s_1_fu_234">
<pin_list>
<pin id="235" dir="0" index="0" bw="5" slack="0"/>
<pin id="236" dir="0" index="1" bw="1" slack="0"/>
<pin id="237" dir="1" index="2" bw="5" slack="0"/>
</pin_list>
<bind>
<opcode="add(8) " fcode="add"/>
<opset="s_1/2 "/>
</bind>
</comp>

<comp id="240" class="1004" name="tmp2_trn_cast_fu_240">
<pin_list>
<pin id="241" dir="0" index="0" bw="5" slack="0"/>
<pin id="242" dir="1" index="1" bw="10" slack="0"/>
</pin_list>
<bind>
<opcode="zext(34) " fcode="zext"/>
<opset="tmp2_trn_cast/2 "/>
</bind>
</comp>

<comp id="244" class="1004" name="p_addr10_fu_244">
<pin_list>
<pin id="245" dir="0" index="0" bw="9" slack="1"/>
<pin id="246" dir="0" index="1" bw="5" slack="0"/>
<pin id="247" dir="1" index="2" bw="10" slack="0"/>
</pin_list>
<bind>
<opcode="add(8) " fcode="add"/>
<opset="p_addr10/2 "/>
</bind>
</comp>

<comp id="249" class="1004" name="tmp_27_fu_249">
<pin_list>
<pin id="250" dir="0" index="0" bw="15" slack="0"/>
<pin id="251" dir="0" index="1" bw="10" slack="0"/>
<pin id="252" dir="0" index="2" bw="1" slack="0"/>
<pin id="253" dir="1" index="3" bw="15" slack="0"/>
</pin_list>
<bind>
<opcode="bitconcatenate(1004) " fcode="bitconcatenate"/>
<opset="tmp_27/2 "/>
</bind>
</comp>

<comp id="257" class="1004" name="p_shl_fu_257">
<pin_list>
<pin id="258" dir="0" index="0" bw="15" slack="0"/>
<pin id="259" dir="1" index="1" bw="32" slack="0"/>
</pin_list>
<bind>
<opcode="sext(35) " fcode="sext"/>
<opset="p_shl/2 "/>
</bind>
</comp>

<comp id="261" class="1004" name="tmp_28_fu_261">
<pin_list>
<pin id="262" dir="0" index="0" bw="13" slack="0"/>
<pin id="263" dir="0" index="1" bw="10" slack="0"/>
<pin id="264" dir="0" index="2" bw="1" slack="0"/>
<pin id="265" dir="1" index="3" bw="13" slack="0"/>
</pin_list>
<bind>
<opcode="bitconcatenate(1004) " fcode="bitconcatenate"/>
<opset="tmp_28/2 "/>
</bind>
</comp>

<comp id="269" class="1004" name="p_shl1_fu_269">
<pin_list>
<pin id="270" dir="0" index="0" bw="13" slack="0"/>
<pin id="271" dir="1" index="1" bw="32" slack="0"/>
</pin_list>
<bind>
<opcode="sext(35) " fcode="sext"/>
<opset="p_shl1/2 "/>
</bind>
</comp>

<comp id="273" class="1004" name="p_addr11_fu_273">
<pin_list>
<pin id="274" dir="0" index="0" bw="15" slack="0"/>
<pin id="275" dir="0" index="1" bw="13" slack="0"/>
<pin id="276" dir="1" index="2" bw="32" slack="1"/>
</pin_list>
<bind>
<opcode="sub(10) " fcode="sub"/>
<opset="p_addr11/2 "/>
</bind>
</comp>

<comp id="279" class="1004" name="tmp_cast_trn_cast_fu_279">
<pin_list>
<pin id="280" dir="0" index="0" bw="3" slack="1"/>
<pin id="281" dir="1" index="1" bw="6" slack="0"/>
</pin_list>
<bind>
<opcode="zext(34) " fcode="zext"/>
<opset="tmp_cast_trn_cast/2 "/>
</bind>
</comp>

<comp id="282" class="1004" name="tmp_26_fu_282">
<pin_list>
<pin id="283" dir="0" index="0" bw="5" slack="0"/>
<pin id="284" dir="0" index="1" bw="3" slack="1"/>
<pin id="285" dir="0" index="2" bw="1" slack="0"/>
<pin id="286" dir="1" index="3" bw="5" slack="0"/>
</pin_list>
<bind>
<opcode="bitconcatenate(1004) " fcode="bitconcatenate"/>
<opset="tmp_26/2 "/>
</bind>
</comp>

<comp id="289" class="1004" name="p_shl9_cast_fu_289">
<pin_list>
<pin id="290" dir="0" index="0" bw="5" slack="0"/>
<pin id="291" dir="1" index="1" bw="6" slack="0"/>
</pin_list>
<bind>
<opcode="zext(34) " fcode="zext"/>
<opset="p_shl9_cast/2 "/>
</bind>
</comp>

<comp id="293" class="1004" name="p_addr2_fu_293">
<pin_list>
<pin id="294" dir="0" index="0" bw="3" slack="0"/>
<pin id="295" dir="0" index="1" bw="5" slack="0"/>
<pin id="296" dir="1" index="2" bw="6" slack="3"/>
</pin_list>
<bind>
<opcode="add(8) " fcode="add"/>
<opset="p_addr2/2 "/>
</bind>
</comp>

<comp id="299" class="1004" name="exitcond4_fu_299">
<pin_list>
<pin id="300" dir="0" index="0" bw="5" slack="0"/>
<pin id="301" dir="0" index="1" bw="5" slack="0"/>
<pin id="302" dir="1" index="2" bw="1" slack="2147483647"/>
</pin_list>
<bind>
<opcode="icmp(45) " fcode="icmp"/>
<opset="exitcond4/3 "/>
</bind>
</comp>

<comp id="305" class="1004" name="t_1_fu_305">
<pin_list>
<pin id="306" dir="0" index="0" bw="5" slack="0"/>
<pin id="307" dir="0" index="1" bw="1" slack="0"/>
<pin id="308" dir="1" index="2" bw="5" slack="0"/>
</pin_list>
<bind>
<opcode="add(8) " fcode="add"/>
<opset="t_1/3 "/>
</bind>
</comp>

<comp id="311" class="1004" name="tmp_9_trn_fu_311">
<pin_list>
<pin id="312" dir="0" index="0" bw="5" slack="0"/>
<pin id="313" dir="1" index="1" bw="32" slack="0"/>
</pin_list>
<bind>
<opcode="zext(34) " fcode="zext"/>
<opset="tmp_9_trn/3 "/>
</bind>
</comp>

<comp id="315" class="1004" name="p_addr12_fu_315">
<pin_list>
<pin id="316" dir="0" index="0" bw="16" slack="1"/>
<pin id="317" dir="0" index="1" bw="5" slack="0"/>
<pin id="318" dir="1" index="2" bw="32" slack="0"/>
</pin_list>
<bind>
<opcode="add(8) " fcode="add"/>
<opset="p_addr12/3 "/>
</bind>
</comp>

<comp id="320" class="1004" name="tmp_31_fu_320">
<pin_list>
<pin id="321" dir="0" index="0" bw="18" slack="0"/>
<pin id="322" dir="1" index="1" bw="64" slack="0"/>
</pin_list>
<bind>
<opcode="zext(34) " fcode="zext"/>
<opset="tmp_31/3 "/>
</bind>
</comp>

<comp id="325" class="1004" name="exitcond3_fu_325">
<pin_list>
<pin id="326" dir="0" index="0" bw="5" slack="0"/>
<pin id="327" dir="0" index="1" bw="5" slack="0"/>
<pin id="328" dir="1" index="2" bw="1" slack="2147483647"/>
</pin_list>
<bind>
<opcode="icmp(45) " fcode="icmp"/>
<opset="exitcond3/4 "/>
</bind>
</comp>

<comp id="331" class="1004" name="tmp_6_fu_331">
<pin_list>
<pin id="332" dir="0" index="0" bw="5" slack="0"/>
<pin id="333" dir="0" index="1" bw="2" slack="0"/>
<pin id="334" dir="1" index="2" bw="5" slack="0"/>
</pin_list>
<bind>
<opcode="add(8) " fcode="add"/>
<opset="tmp_6/4 "/>
</bind>
</comp>

<comp id="337" class="1004" name="tmp_7_trn_cast_fu_337">
<pin_list>
<pin id="338" dir="0" index="0" bw="5" slack="0"/>
<pin id="339" dir="1" index="1" bw="10" slack="0"/>
</pin_list>
<bind>
<opcode="zext(34) " fcode="zext"/>
<opset="tmp_7_trn_cast/4 "/>
</bind>
</comp>

<comp id="341" class="1004" name="p_addr7_fu_341">
<pin_list>
<pin id="342" dir="0" index="0" bw="9" slack="2"/>
<pin id="343" dir="0" index="1" bw="5" slack="0"/>
<pin id="344" dir="1" index="2" bw="10" slack="0"/>
</pin_list>
<bind>
<opcode="add(8) " fcode="add"/>
<opset="p_addr7/4 "/>
</bind>
</comp>

<comp id="346" class="1004" name="tmp_29_fu_346">
<pin_list>
<pin id="347" dir="0" index="0" bw="15" slack="0"/>
<pin id="348" dir="0" index="1" bw="10" slack="0"/>
<pin id="349" dir="0" index="2" bw="1" slack="0"/>
<pin id="350" dir="1" index="3" bw="15" slack="0"/>
</pin_list>
<bind>
<opcode="bitconcatenate(1004) " fcode="bitconcatenate"/>
<opset="tmp_29/4 "/>
</bind>
</comp>

<comp id="354" class="1004" name="p_shl2_fu_354">
<pin_list>
<pin id="355" dir="0" index="0" bw="15" slack="0"/>
<pin id="356" dir="1" index="1" bw="32" slack="0"/>
</pin_list>
<bind>
<opcode="sext(35) " fcode="sext"/>
<opset="p_shl2/4 "/>
</bind>
</comp>

<comp id="358" class="1004" name="tmp_30_fu_358">
<pin_list>
<pin id="359" dir="0" index="0" bw="13" slack="0"/>
<pin id="360" dir="0" index="1" bw="10" slack="0"/>
<pin id="361" dir="0" index="2" bw="1" slack="0"/>
<pin id="362" dir="1" index="3" bw="13" slack="0"/>
</pin_list>
<bind>
<opcode="bitconcatenate(1004) " fcode="bitconcatenate"/>
<opset="tmp_30/4 "/>
</bind>
</comp>

<comp id="366" class="1004" name="p_shl3_fu_366">
<pin_list>
<pin id="367" dir="0" index="0" bw="13" slack="0"/>
<pin id="368" dir="1" index="1" bw="32" slack="0"/>
</pin_list>
<bind>
<opcode="sext(35) " fcode="sext"/>
<opset="p_shl3/4 "/>
</bind>
</comp>

<comp id="370" class="1004" name="p_addr8_fu_370">
<pin_list>
<pin id="371" dir="0" index="0" bw="15" slack="0"/>
<pin id="372" dir="0" index="1" bw="13" slack="0"/>
<pin id="373" dir="1" index="2" bw="32" slack="1"/>
</pin_list>
<bind>
<opcode="sub(10) " fcode="sub"/>
<opset="p_addr8/4 "/>
</bind>
</comp>

<comp id="376" class="1004" name="exitcond2_fu_376">
<pin_list>
<pin id="377" dir="0" index="0" bw="5" slack="0"/>
<pin id="378" dir="0" index="1" bw="5" slack="0"/>
<pin id="379" dir="1" index="2" bw="1" slack="2147483647"/>
</pin_list>
<bind>
<opcode="icmp(45) " fcode="icmp"/>
<opset="exitcond2/5 "/>
</bind>
</comp>

<comp id="382" class="1004" name="tmp_s_fu_382">
<pin_list>
<pin id="383" dir="0" index="0" bw="5" slack="0"/>
<pin id="384" dir="0" index="1" bw="2" slack="0"/>
<pin id="385" dir="1" index="2" bw="5" slack="0"/>
</pin_list>
<bind>
<opcode="add(8) " fcode="add"/>
<opset="tmp_s/5 "/>
</bind>
</comp>

<comp id="388" class="1004" name="tmp_1_trn_fu_388">
<pin_list>
<pin id="389" dir="0" index="0" bw="5" slack="0"/>
<pin id="390" dir="1" index="1" bw="32" slack="0"/>
</pin_list>
<bind>
<opcode="zext(34) " fcode="zext"/>
<opset="tmp_1_trn/5 "/>
</bind>
</comp>

<comp id="392" class="1004" name="p_addr9_fu_392">
<pin_list>
<pin id="393" dir="0" index="0" bw="16" slack="1"/>
<pin id="394" dir="0" index="1" bw="5" slack="0"/>
<pin id="395" dir="1" index="2" bw="32" slack="0"/>
</pin_list>
<bind>
<opcode="add(8) " fcode="add"/>
<opset="p_addr9/5 "/>
</bind>
</comp>

<comp id="397" class="1004" name="tmp_32_fu_397">
<pin_list>
<pin id="398" dir="0" index="0" bw="18" slack="0"/>
<pin id="399" dir="1" index="1" bw="64" slack="0"/>
</pin_list>
<bind>
<opcode="zext(34) " fcode="zext"/>
<opset="tmp_32/5 "/>
</bind>
</comp>

<comp id="402" class="1004" name="i_2_fu_402">
<pin_list>
<pin id="403" dir="0" index="0" bw="5" slack="1"/>
<pin id="404" dir="0" index="1" bw="1" slack="0"/>
<pin id="405" dir="1" index="2" bw="5" slack="1"/>
</pin_list>
<bind>
<opcode="add(8) " fcode="add"/>
<opset="i_2/5 "/>
</bind>
</comp>

<comp id="408" class="1004" name="k_cast4_fu_408">
<pin_list>
<pin id="409" dir="0" index="0" bw="3" slack="0"/>
<pin id="410" dir="1" index="1" bw="5" slack="0"/>
</pin_list>
<bind>
<opcode="zext(34) " fcode="zext"/>
<opset="k_cast4/6 "/>
</bind>
</comp>

<comp id="412" class="1004" name="exitcond1_fu_412">
<pin_list>
<pin id="413" dir="0" index="0" bw="3" slack="0"/>
<pin id="414" dir="0" index="1" bw="3" slack="0"/>
<pin id="415" dir="1" index="2" bw="1" slack="2147483647"/>
</pin_list>
<bind>
<opcode="icmp(45) " fcode="icmp"/>
<opset="exitcond1/6 "/>
</bind>
</comp>

<comp id="418" class="1004" name="k_2_fu_418">
<pin_list>
<pin id="419" dir="0" index="0" bw="3" slack="0"/>
<pin id="420" dir="0" index="1" bw="1" slack="0"/>
<pin id="421" dir="1" index="2" bw="3" slack="0"/>
</pin_list>
<bind>
<opcode="add(8) " fcode="add"/>
<opset="k_2/6 "/>
</bind>
</comp>

<comp id="424" class="1004" name="x_fu_424">
<pin_list>
<pin id="425" dir="0" index="0" bw="3" slack="0"/>
<pin id="426" dir="0" index="1" bw="5" slack="2"/>
<pin id="427" dir="1" index="2" bw="5" slack="0"/>
</pin_list>
<bind>
<opcode="add(8) " fcode="add"/>
<opset="x/6 "/>
</bind>
</comp>

<comp id="429" class="1004" name="tmp_33_fu_429">
<pin_list>
<pin id="430" dir="0" index="0" bw="10" slack="0"/>
<pin id="431" dir="0" index="1" bw="5" slack="0"/>
<pin id="432" dir="0" index="2" bw="1" slack="0"/>
<pin id="433" dir="1" index="3" bw="10" slack="0"/>
</pin_list>
<bind>
<opcode="bitconcatenate(1004) " fcode="bitconcatenate"/>
<opset="tmp_33/6 "/>
</bind>
</comp>

<comp id="437" class="1004" name="p_shl14_cast_fu_437">
<pin_list>
<pin id="438" dir="0" index="0" bw="10" slack="0"/>
<pin id="439" dir="1" index="1" bw="11" slack="0"/>
</pin_list>
<bind>
<opcode="zext(34) " fcode="zext"/>
<opset="p_shl14_cast/6 "/>
</bind>
</comp>

<comp id="441" class="1004" name="tmp_34_fu_441">
<pin_list>
<pin id="442" dir="0" index="0" bw="7" slack="0"/>
<pin id="443" dir="0" index="1" bw="5" slack="0"/>
<pin id="444" dir="0" index="2" bw="1" slack="0"/>
<pin id="445" dir="1" index="3" bw="7" slack="0"/>
</pin_list>
<bind>
<opcode="bitconcatenate(1004) " fcode="bitconcatenate"/>
<opset="tmp_34/6 "/>
</bind>
</comp>

<comp id="449" class="1004" name="p_shl15_cast_fu_449">
<pin_list>
<pin id="450" dir="0" index="0" bw="7" slack="0"/>
<pin id="451" dir="1" index="1" bw="11" slack="0"/>
</pin_list>
<bind>
<opcode="zext(34) " fcode="zext"/>
<opset="p_shl15_cast/6 "/>
</bind>
</comp>

<comp id="453" class="1004" name="p_addr_fu_453">
<pin_list>
<pin id="454" dir="0" index="0" bw="10" slack="0"/>
<pin id="455" dir="0" index="1" bw="7" slack="0"/>
<pin id="456" dir="1" index="2" bw="11" slack="0"/>
</pin_list>
<bind>
<opcode="sub(10) " fcode="sub"/>
<opset="p_addr/6 "/>
</bind>
</comp>

<comp id="459" class="1004" name="p_addr_cast_fu_459">
<pin_list>
<pin id="460" dir="0" index="0" bw="11" slack="0"/>
<pin id="461" dir="1" index="1" bw="12" slack="1"/>
</pin_list>
<bind>
<opcode="sext(35) " fcode="sext"/>
<opset="p_addr_cast/6 "/>
</bind>
</comp>

<comp id="463" class="1004" name="tmp_3_trn_cast_fu_463">
<pin_list>
<pin id="464" dir="0" index="0" bw="3" slack="0"/>
<pin id="465" dir="1" index="1" bw="6" slack="0"/>
</pin_list>
<bind>
<opcode="zext(34) " fcode="zext"/>
<opset="tmp_3_trn_cast/6 "/>
</bind>
</comp>

<comp id="467" class="1004" name="p_addr3_fu_467">
<pin_list>
<pin id="468" dir="0" index="0" bw="6" slack="3"/>
<pin id="469" dir="0" index="1" bw="3" slack="0"/>
<pin id="470" dir="1" index="2" bw="6" slack="0"/>
</pin_list>
<bind>
<opcode="add(8) " fcode="add"/>
<opset="p_addr3/6 "/>
</bind>
</comp>

<comp id="472" class="1004" name="p_addr3_cast_fu_472">
<pin_list>
<pin id="473" dir="0" index="0" bw="6" slack="0"/>
<pin id="474" dir="1" index="1" bw="32" slack="0"/>
</pin_list>
<bind>
<opcode="zext(34) " fcode="zext"/>
<opset="p_addr3_cast/6 "/>
</bind>
</comp>

<comp id="476" class="1004" name="tmp_35_fu_476">
<pin_list>
<pin id="477" dir="0" index="0" bw="8" slack="0"/>
<pin id="478" dir="0" index="1" bw="6" slack="0"/>
<pin id="479" dir="0" index="2" bw="1" slack="0"/>
<pin id="480" dir="1" index="3" bw="8" slack="0"/>
</pin_list>
<bind>
<opcode="bitconcatenate(1004) " fcode="bitconcatenate"/>
<opset="tmp_35/6 "/>
</bind>
</comp>

<comp id="484" class="1004" name="p_shl4_fu_484">
<pin_list>
<pin id="485" dir="0" index="0" bw="8" slack="0"/>
<pin id="486" dir="1" index="1" bw="32" slack="0"/>
</pin_list>
<bind>
<opcode="zext(34) " fcode="zext"/>
<opset="p_shl4/6 "/>
</bind>
</comp>

<comp id="488" class="1004" name="p_addr4_fu_488">
<pin_list>
<pin id="489" dir="0" index="0" bw="6" slack="0"/>
<pin id="490" dir="0" index="1" bw="8" slack="0"/>
<pin id="491" dir="1" index="2" bw="32" slack="1"/>
</pin_list>
<bind>
<opcode="add(8) " fcode="add"/>
<opset="p_addr4/6 "/>
</bind>
</comp>

<comp id="494" class="1004" name="j_2_fu_494">
<pin_list>
<pin id="495" dir="0" index="0" bw="5" slack="1"/>
<pin id="496" dir="0" index="1" bw="1" slack="0"/>
<pin id="497" dir="1" index="2" bw="5" slack="1"/>
</pin_list>
<bind>
<opcode="add(8) " fcode="add"/>
<opset="j_2/6 "/>
</bind>
</comp>

<comp id="500" class="1004" name="l_cast2_fu_500">
<pin_list>
<pin id="501" dir="0" index="0" bw="3" slack="0"/>
<pin id="502" dir="1" index="1" bw="5" slack="0"/>
</pin_list>
<bind>
<opcode="zext(34) " fcode="zext"/>
<opset="l_cast2/7 "/>
</bind>
</comp>

<comp id="504" class="1004" name="exitcond_fu_504">
<pin_list>
<pin id="505" dir="0" index="0" bw="3" slack="0"/>
<pin id="506" dir="0" index="1" bw="3" slack="0"/>
<pin id="507" dir="1" index="2" bw="1" slack="2147483647"/>
</pin_list>
<bind>
<opcode="icmp(45) " fcode="icmp"/>
<opset="exitcond/7 "/>
</bind>
</comp>

<comp id="510" class="1004" name="l_1_fu_510">
<pin_list>
<pin id="511" dir="0" index="0" bw="3" slack="0"/>
<pin id="512" dir="0" index="1" bw="1" slack="0"/>
<pin id="513" dir="1" index="2" bw="3" slack="0"/>
</pin_list>
<bind>
<opcode="add(8) " fcode="add"/>
<opset="l_1/7 "/>
</bind>
</comp>

<comp id="516" class="1004" name="y_fu_516">
<pin_list>
<pin id="517" dir="0" index="0" bw="5" slack="2"/>
<pin id="518" dir="0" index="1" bw="3" slack="0"/>
<pin id="519" dir="1" index="2" bw="5" slack="0"/>
</pin_list>
<bind>
<opcode="add(8) " fcode="add"/>
<opset="y/7 "/>
</bind>
</comp>

<comp id="521" class="1004" name="tmp_4_trn_cast_fu_521">
<pin_list>
<pin id="522" dir="0" index="0" bw="5" slack="0"/>
<pin id="523" dir="1" index="1" bw="12" slack="0"/>
</pin_list>
<bind>
<opcode="zext(34) " fcode="zext"/>
<opset="tmp_4_trn_cast/7 "/>
</bind>
</comp>

<comp id="525" class="1004" name="p_addr1_fu_525">
<pin_list>
<pin id="526" dir="0" index="0" bw="5" slack="0"/>
<pin id="527" dir="0" index="1" bw="11" slack="1"/>
<pin id="528" dir="1" index="2" bw="12" slack="0"/>
</pin_list>
<bind>
<opcode="add(8) " fcode="add"/>
<opset="p_addr1/7 "/>
</bind>
</comp>

<comp id="530" class="1004" name="p_addr1_cast_fu_530">
<pin_list>
<pin id="531" dir="0" index="0" bw="12" slack="0"/>
<pin id="532" dir="1" index="1" bw="32" slack="0"/>
</pin_list>
<bind>
<opcode="sext(35) " fcode="sext"/>
<opset="p_addr1_cast/7 "/>
</bind>
</comp>

<comp id="534" class="1004" name="tmp_36_fu_534">
<pin_list>
<pin id="535" dir="0" index="0" bw="12" slack="0"/>
<pin id="536" dir="1" index="1" bw="64" slack="0"/>
</pin_list>
<bind>
<opcode="zext(34) " fcode="zext"/>
<opset="tmp_36/7 "/>
</bind>
</comp>

<comp id="539" class="1004" name="tmp_8_trn_fu_539">
<pin_list>
<pin id="540" dir="0" index="0" bw="3" slack="0"/>
<pin id="541" dir="1" index="1" bw="32" slack="0"/>
</pin_list>
<bind>
<opcode="zext(34) " fcode="zext"/>
<opset="tmp_8_trn/7 "/>
</bind>
</comp>

<comp id="543" class="1004" name="p_addr5_fu_543">
<pin_list>
<pin id="544" dir="0" index="0" bw="3" slack="0"/>
<pin id="545" dir="0" index="1" bw="9" slack="1"/>
<pin id="546" dir="1" index="2" bw="32" slack="7"/>
</pin_list>
<bind>
<opcode="add(8) " fcode="add"/>
<opset="p_addr5/7 "/>
</bind>
</comp>

<comp id="548" class="1004" name="tmp_37_fu_548">
<pin_list>
<pin id="549" dir="0" index="0" bw="10" slack="7"/>
<pin id="550" dir="1" index="1" bw="64" slack="0"/>
</pin_list>
<bind>
<opcode="zext(34) " fcode="zext"/>
<opset="tmp_37/14 "/>
</bind>
</comp>

<comp id="552" class="1005" name="tmp_read_reg_552">
<pin_list>
<pin id="553" dir="0" index="0" bw="3" slack="1"/>
<pin id="554" dir="1" index="1" bw="3" slack="1"/>
</pin_list>
<bind>
<opset="tmp_read "/>
</bind>
</comp>

<comp id="558" class="1005" name="p_addr10_cast_reg_558">
<pin_list>
<pin id="559" dir="0" index="0" bw="10" slack="1"/>
<pin id="560" dir="1" index="1" bw="10" slack="1"/>
</pin_list>
<bind>
<opset="p_addr10_cast "/>
</bind>
</comp>

<comp id="567" class="1005" name="s_1_reg_567">
<pin_list>
<pin id="568" dir="0" index="0" bw="5" slack="0"/>
<pin id="569" dir="1" index="1" bw="5" slack="0"/>
</pin_list>
<bind>
<opset="s_1 "/>
</bind>
</comp>

<comp id="572" class="1005" name="p_addr11_reg_572">
<pin_list>
<pin id="573" dir="0" index="0" bw="32" slack="1"/>
<pin id="574" dir="1" index="1" bw="32" slack="1"/>
</pin_list>
<bind>
<opset="p_addr11 "/>
</bind>
</comp>

<comp id="577" class="1005" name="p_addr2_reg_577">
<pin_list>
<pin id="578" dir="0" index="0" bw="6" slack="3"/>
<pin id="579" dir="1" index="1" bw="6" slack="3"/>
</pin_list>
<bind>
<opset="p_addr2 "/>
</bind>
</comp>

<comp id="585" class="1005" name="t_1_reg_585">
<pin_list>
<pin id="586" dir="0" index="0" bw="5" slack="0"/>
<pin id="587" dir="1" index="1" bw="5" slack="0"/>
</pin_list>
<bind>
<opset="t_1 "/>
</bind>
</comp>

<comp id="593" class="1005" name="tmp_6_reg_593">
<pin_list>
<pin id="594" dir="0" index="0" bw="5" slack="2"/>
<pin id="595" dir="1" index="1" bw="5" slack="2"/>
</pin_list>
<bind>
<opset="tmp_6 "/>
</bind>
</comp>

<comp id="598" class="1005" name="p_addr8_reg_598">
<pin_list>
<pin id="599" dir="0" index="0" bw="32" slack="1"/>
<pin id="600" dir="1" index="1" bw="32" slack="1"/>
</pin_list>
<bind>
<opset="p_addr8 "/>
</bind>
</comp>

<comp id="606" class="1005" name="tmp_s_reg_606">
<pin_list>
<pin id="607" dir="0" index="0" bw="5" slack="2"/>
<pin id="608" dir="1" index="1" bw="5" slack="2"/>
</pin_list>
<bind>
<opset="tmp_s "/>
</bind>
</comp>

<comp id="611" class="1005" name="conv_addr_1_reg_611">
<pin_list>
<pin id="612" dir="0" index="0" bw="12" slack="12"/>
<pin id="613" dir="1" index="1" bw="12" slack="12"/>
</pin_list>
<bind>
<opset="conv_addr_1 "/>
</bind>
</comp>

<comp id="616" class="1005" name="i_2_reg_616">
<pin_list>
<pin id="617" dir="0" index="0" bw="5" slack="1"/>
<pin id="618" dir="1" index="1" bw="5" slack="1"/>
</pin_list>
<bind>
<opset="i_2 "/>
</bind>
</comp>

<comp id="624" class="1005" name="k_2_reg_624">
<pin_list>
<pin id="625" dir="0" index="0" bw="3" slack="0"/>
<pin id="626" dir="1" index="1" bw="3" slack="0"/>
</pin_list>
<bind>
<opset="k_2 "/>
</bind>
</comp>

<comp id="629" class="1005" name="p_addr_cast_reg_629">
<pin_list>
<pin id="630" dir="0" index="0" bw="12" slack="1"/>
<pin id="631" dir="1" index="1" bw="12" slack="1"/>
</pin_list>
<bind>
<opset="p_addr_cast "/>
</bind>
</comp>

<comp id="634" class="1005" name="p_addr4_reg_634">
<pin_list>
<pin id="635" dir="0" index="0" bw="32" slack="1"/>
<pin id="636" dir="1" index="1" bw="32" slack="1"/>
</pin_list>
<bind>
<opset="p_addr4 "/>
</bind>
</comp>

<comp id="639" class="1005" name="j_2_reg_639">
<pin_list>
<pin id="640" dir="0" index="0" bw="5" slack="1"/>
<pin id="641" dir="1" index="1" bw="5" slack="1"/>
</pin_list>
<bind>
<opset="j_2 "/>
</bind>
</comp>

<comp id="647" class="1005" name="l_1_reg_647">
<pin_list>
<pin id="648" dir="0" index="0" bw="3" slack="0"/>
<pin id="649" dir="1" index="1" bw="3" slack="0"/>
</pin_list>
<bind>
<opset="l_1 "/>
</bind>
</comp>

<comp id="652" class="1005" name="A_addr_reg_652">
<pin_list>
<pin id="653" dir="0" index="0" bw="10" slack="1"/>
<pin id="654" dir="1" index="1" bw="10" slack="1"/>
</pin_list>
<bind>
<opset="A_addr "/>
</bind>
</comp>

<comp id="657" class="1005" name="p_addr5_reg_657">
<pin_list>
<pin id="658" dir="0" index="0" bw="32" slack="7"/>
<pin id="659" dir="1" index="1" bw="32" slack="7"/>
</pin_list>
<bind>
<opset="p_addr5 "/>
</bind>
</comp>

<comp id="662" class="1005" name="A_load_reg_662">
<pin_list>
<pin id="663" dir="0" index="0" bw="32" slack="1"/>
<pin id="664" dir="1" index="1" bw="32" slack="1"/>
</pin_list>
<bind>
<opset="A_load "/>
</bind>
</comp>

<comp id="667" class="1005" name="tmp_5_reg_667">
<pin_list>
<pin id="668" dir="0" index="0" bw="32" slack="1"/>
<pin id="669" dir="1" index="1" bw="32" slack="1"/>
</pin_list>
<bind>
<opset="tmp_5 "/>
</bind>
</comp>

<comp id="672" class="1005" name="B_addr_reg_672">
<pin_list>
<pin id="673" dir="0" index="0" bw="8" slack="1"/>
<pin id="674" dir="1" index="1" bw="8" slack="1"/>
</pin_list>
<bind>
<opset="B_addr "/>
</bind>
</comp>

<comp id="677" class="1005" name="B_load_reg_677">
<pin_list>
<pin id="678" dir="0" index="0" bw="32" slack="1"/>
<pin id="679" dir="1" index="1" bw="32" slack="1"/>
</pin_list>
<bind>
<opset="B_load "/>
</bind>
</comp>

<comp id="682" class="1005" name="tmp_10_reg_682">
<pin_list>
<pin id="683" dir="0" index="0" bw="32" slack="1"/>
<pin id="684" dir="1" index="1" bw="32" slack="1"/>
</pin_list>
<bind>
<opset="tmp_10 "/>
</bind>
</comp>

<comp id="687" class="1005" name="conv_load_reg_687">
<pin_list>
<pin id="688" dir="0" index="0" bw="32" slack="1"/>
<pin id="689" dir="1" index="1" bw="32" slack="1"/>
</pin_list>
<bind>
<opset="conv_load "/>
</bind>
</comp>

<comp id="692" class="1005" name="tmp_11_reg_692">
<pin_list>
<pin id="693" dir="0" index="0" bw="32" slack="1"/>
<pin id="694" dir="1" index="1" bw="32" slack="1"/>
</pin_list>
<bind>
<opset="tmp_11 "/>
</bind>
</comp>

</comp_list>

<net_list>
<net id="62"><net_src comp="10" pin="0"/><net_sink comp="58" pin=0"/></net>

<net id="63"><net_src comp="8" pin="0"/><net_sink comp="58" pin=1"/></net>

<net id="68"><net_src comp="10" pin="0"/><net_sink comp="64" pin=0"/></net>

<net id="69"><net_src comp="4" pin="0"/><net_sink comp="64" pin=1"/></net>

<net id="75"><net_src comp="6" pin="0"/><net_sink comp="70" pin=0"/></net>

<net id="76"><net_src comp="36" pin="0"/><net_sink comp="70" pin=1"/></net>

<net id="81"><net_src comp="38" pin="0"/><net_sink comp="77" pin=1"/></net>

<net id="82"><net_src comp="70" pin="3"/><net_sink comp="77" pin=0"/></net>

<net id="88"><net_src comp="6" pin="0"/><net_sink comp="83" pin=0"/></net>

<net id="89"><net_src comp="36" pin="0"/><net_sink comp="83" pin=1"/></net>

<net id="95"><net_src comp="0" pin="0"/><net_sink comp="90" pin=0"/></net>

<net id="96"><net_src comp="36" pin="0"/><net_sink comp="90" pin=1"/></net>

<net id="101"><net_src comp="90" pin="3"/><net_sink comp="97" pin=0"/></net>

<net id="107"><net_src comp="2" pin="0"/><net_sink comp="102" pin=0"/></net>

<net id="108"><net_src comp="36" pin="0"/><net_sink comp="102" pin=1"/></net>

<net id="113"><net_src comp="102" pin="3"/><net_sink comp="109" pin=0"/></net>

<net id="117"><net_src comp="14" pin="0"/><net_sink comp="114" pin=0"/></net>

<net id="124"><net_src comp="114" pin="1"/><net_sink comp="118" pin=0"/></net>

<net id="128"><net_src comp="14" pin="0"/><net_sink comp="125" pin=0"/></net>

<net id="135"><net_src comp="125" pin="1"/><net_sink comp="129" pin=2"/></net>

<net id="139"><net_src comp="40" pin="0"/><net_sink comp="136" pin=0"/></net>

<net id="146"><net_src comp="136" pin="1"/><net_sink comp="140" pin=2"/></net>

<net id="147"><net_src comp="140" pin="4"/><net_sink comp="136" pin=0"/></net>

<net id="151"><net_src comp="40" pin="0"/><net_sink comp="148" pin=0"/></net>

<net id="158"><net_src comp="148" pin="1"/><net_sink comp="152" pin=2"/></net>

<net id="159"><net_src comp="152" pin="4"/><net_sink comp="148" pin=0"/></net>

<net id="163"><net_src comp="18" pin="0"/><net_sink comp="160" pin=0"/></net>

<net id="170"><net_src comp="160" pin="1"/><net_sink comp="164" pin=0"/></net>

<net id="174"><net_src comp="18" pin="0"/><net_sink comp="171" pin=0"/></net>

<net id="181"><net_src comp="171" pin="1"/><net_sink comp="175" pin=2"/></net>

<net id="190"><net_src comp="109" pin="2"/><net_sink comp="186" pin=1"/></net>

<net id="199"><net_src comp="12" pin="0"/><net_sink comp="194" pin=0"/></net>

<net id="200"><net_src comp="58" pin="2"/><net_sink comp="194" pin=1"/></net>

<net id="201"><net_src comp="14" pin="0"/><net_sink comp="194" pin=2"/></net>

<net id="205"><net_src comp="194" pin="3"/><net_sink comp="202" pin=0"/></net>

<net id="211"><net_src comp="16" pin="0"/><net_sink comp="206" pin=0"/></net>

<net id="212"><net_src comp="58" pin="2"/><net_sink comp="206" pin=1"/></net>

<net id="213"><net_src comp="18" pin="0"/><net_sink comp="206" pin=2"/></net>

<net id="217"><net_src comp="206" pin="3"/><net_sink comp="214" pin=0"/></net>

<net id="222"><net_src comp="202" pin="1"/><net_sink comp="218" pin=0"/></net>

<net id="223"><net_src comp="214" pin="1"/><net_sink comp="218" pin=1"/></net>

<net id="227"><net_src comp="218" pin="2"/><net_sink comp="224" pin=0"/></net>

<net id="232"><net_src comp="118" pin="4"/><net_sink comp="228" pin=0"/></net>

<net id="233"><net_src comp="20" pin="0"/><net_sink comp="228" pin=1"/></net>

<net id="238"><net_src comp="118" pin="4"/><net_sink comp="234" pin=0"/></net>

<net id="239"><net_src comp="26" pin="0"/><net_sink comp="234" pin=1"/></net>

<net id="243"><net_src comp="118" pin="4"/><net_sink comp="240" pin=0"/></net>

<net id="248"><net_src comp="240" pin="1"/><net_sink comp="244" pin=1"/></net>

<net id="254"><net_src comp="28" pin="0"/><net_sink comp="249" pin=0"/></net>

<net id="255"><net_src comp="244" pin="2"/><net_sink comp="249" pin=1"/></net>

<net id="256"><net_src comp="14" pin="0"/><net_sink comp="249" pin=2"/></net>

<net id="260"><net_src comp="249" pin="3"/><net_sink comp="257" pin=0"/></net>

<net id="266"><net_src comp="30" pin="0"/><net_sink comp="261" pin=0"/></net>

<net id="267"><net_src comp="244" pin="2"/><net_sink comp="261" pin=1"/></net>

<net id="268"><net_src comp="18" pin="0"/><net_sink comp="261" pin=2"/></net>

<net id="272"><net_src comp="261" pin="3"/><net_sink comp="269" pin=0"/></net>

<net id="277"><net_src comp="257" pin="1"/><net_sink comp="273" pin=0"/></net>

<net id="278"><net_src comp="269" pin="1"/><net_sink comp="273" pin=1"/></net>

<net id="287"><net_src comp="32" pin="0"/><net_sink comp="282" pin=0"/></net>

<net id="288"><net_src comp="34" pin="0"/><net_sink comp="282" pin=2"/></net>

<net id="292"><net_src comp="282" pin="3"/><net_sink comp="289" pin=0"/></net>

<net id="297"><net_src comp="279" pin="1"/><net_sink comp="293" pin=0"/></net>

<net id="298"><net_src comp="289" pin="1"/><net_sink comp="293" pin=1"/></net>

<net id="303"><net_src comp="129" pin="4"/><net_sink comp="299" pin=0"/></net>

<net id="304"><net_src comp="20" pin="0"/><net_sink comp="299" pin=1"/></net>

<net id="309"><net_src comp="129" pin="4"/><net_sink comp="305" pin=0"/></net>

<net id="310"><net_src comp="26" pin="0"/><net_sink comp="305" pin=1"/></net>

<net id="314"><net_src comp="129" pin="4"/><net_sink comp="311" pin=0"/></net>

<net id="319"><net_src comp="311" pin="1"/><net_sink comp="315" pin=1"/></net>

<net id="323"><net_src comp="315" pin="2"/><net_sink comp="320" pin=0"/></net>

<net id="324"><net_src comp="320" pin="1"/><net_sink comp="70" pin=2"/></net>

<net id="329"><net_src comp="140" pin="4"/><net_sink comp="325" pin=0"/></net>

<net id="330"><net_src comp="42" pin="0"/><net_sink comp="325" pin=1"/></net>

<net id="335"><net_src comp="140" pin="4"/><net_sink comp="331" pin=0"/></net>

<net id="336"><net_src comp="44" pin="0"/><net_sink comp="331" pin=1"/></net>

<net id="340"><net_src comp="331" pin="2"/><net_sink comp="337" pin=0"/></net>

<net id="345"><net_src comp="337" pin="1"/><net_sink comp="341" pin=1"/></net>

<net id="351"><net_src comp="28" pin="0"/><net_sink comp="346" pin=0"/></net>

<net id="352"><net_src comp="341" pin="2"/><net_sink comp="346" pin=1"/></net>

<net id="353"><net_src comp="14" pin="0"/><net_sink comp="346" pin=2"/></net>

<net id="357"><net_src comp="346" pin="3"/><net_sink comp="354" pin=0"/></net>

<net id="363"><net_src comp="30" pin="0"/><net_sink comp="358" pin=0"/></net>

<net id="364"><net_src comp="341" pin="2"/><net_sink comp="358" pin=1"/></net>

<net id="365"><net_src comp="18" pin="0"/><net_sink comp="358" pin=2"/></net>

<net id="369"><net_src comp="358" pin="3"/><net_sink comp="366" pin=0"/></net>

<net id="374"><net_src comp="354" pin="1"/><net_sink comp="370" pin=0"/></net>

<net id="375"><net_src comp="366" pin="1"/><net_sink comp="370" pin=1"/></net>

<net id="380"><net_src comp="152" pin="4"/><net_sink comp="376" pin=0"/></net>

<net id="381"><net_src comp="42" pin="0"/><net_sink comp="376" pin=1"/></net>

<net id="386"><net_src comp="152" pin="4"/><net_sink comp="382" pin=0"/></net>

<net id="387"><net_src comp="44" pin="0"/><net_sink comp="382" pin=1"/></net>

<net id="391"><net_src comp="382" pin="2"/><net_sink comp="388" pin=0"/></net>

<net id="396"><net_src comp="388" pin="1"/><net_sink comp="392" pin=1"/></net>

<net id="400"><net_src comp="392" pin="2"/><net_sink comp="397" pin=0"/></net>

<net id="401"><net_src comp="397" pin="1"/><net_sink comp="83" pin=2"/></net>

<net id="406"><net_src comp="136" pin="1"/><net_sink comp="402" pin=0"/></net>

<net id="407"><net_src comp="26" pin="0"/><net_sink comp="402" pin=1"/></net>

<net id="411"><net_src comp="164" pin="4"/><net_sink comp="408" pin=0"/></net>

<net id="416"><net_src comp="164" pin="4"/><net_sink comp="412" pin=0"/></net>

<net id="417"><net_src comp="46" pin="0"/><net_sink comp="412" pin=1"/></net>

<net id="422"><net_src comp="164" pin="4"/><net_sink comp="418" pin=0"/></net>

<net id="423"><net_src comp="50" pin="0"/><net_sink comp="418" pin=1"/></net>

<net id="428"><net_src comp="408" pin="1"/><net_sink comp="424" pin=0"/></net>

<net id="434"><net_src comp="52" pin="0"/><net_sink comp="429" pin=0"/></net>

<net id="435"><net_src comp="424" pin="2"/><net_sink comp="429" pin=1"/></net>

<net id="436"><net_src comp="14" pin="0"/><net_sink comp="429" pin=2"/></net>

<net id="440"><net_src comp="429" pin="3"/><net_sink comp="437" pin=0"/></net>

<net id="446"><net_src comp="54" pin="0"/><net_sink comp="441" pin=0"/></net>

<net id="447"><net_src comp="424" pin="2"/><net_sink comp="441" pin=1"/></net>

<net id="448"><net_src comp="34" pin="0"/><net_sink comp="441" pin=2"/></net>

<net id="452"><net_src comp="441" pin="3"/><net_sink comp="449" pin=0"/></net>

<net id="457"><net_src comp="437" pin="1"/><net_sink comp="453" pin=0"/></net>

<net id="458"><net_src comp="449" pin="1"/><net_sink comp="453" pin=1"/></net>

<net id="462"><net_src comp="453" pin="2"/><net_sink comp="459" pin=0"/></net>

<net id="466"><net_src comp="164" pin="4"/><net_sink comp="463" pin=0"/></net>

<net id="471"><net_src comp="463" pin="1"/><net_sink comp="467" pin=1"/></net>

<net id="475"><net_src comp="467" pin="2"/><net_sink comp="472" pin=0"/></net>

<net id="481"><net_src comp="56" pin="0"/><net_sink comp="476" pin=0"/></net>

<net id="482"><net_src comp="467" pin="2"/><net_sink comp="476" pin=1"/></net>

<net id="483"><net_src comp="34" pin="0"/><net_sink comp="476" pin=2"/></net>

<net id="487"><net_src comp="476" pin="3"/><net_sink comp="484" pin=0"/></net>

<net id="492"><net_src comp="472" pin="1"/><net_sink comp="488" pin=0"/></net>

<net id="493"><net_src comp="484" pin="1"/><net_sink comp="488" pin=1"/></net>

<net id="498"><net_src comp="148" pin="1"/><net_sink comp="494" pin=0"/></net>

<net id="499"><net_src comp="26" pin="0"/><net_sink comp="494" pin=1"/></net>

<net id="503"><net_src comp="175" pin="4"/><net_sink comp="500" pin=0"/></net>

<net id="508"><net_src comp="175" pin="4"/><net_sink comp="504" pin=0"/></net>

<net id="509"><net_src comp="46" pin="0"/><net_sink comp="504" pin=1"/></net>

<net id="514"><net_src comp="175" pin="4"/><net_sink comp="510" pin=0"/></net>

<net id="515"><net_src comp="50" pin="0"/><net_sink comp="510" pin=1"/></net>

<net id="520"><net_src comp="500" pin="1"/><net_sink comp="516" pin=1"/></net>

<net id="524"><net_src comp="516" pin="2"/><net_sink comp="521" pin=0"/></net>

<net id="529"><net_src comp="521" pin="1"/><net_sink comp="525" pin=0"/></net>

<net id="533"><net_src comp="525" pin="2"/><net_sink comp="530" pin=0"/></net>

<net id="537"><net_src comp="530" pin="1"/><net_sink comp="534" pin=0"/></net>

<net id="538"><net_src comp="534" pin="1"/><net_sink comp="90" pin=2"/></net>

<net id="542"><net_src comp="175" pin="4"/><net_sink comp="539" pin=0"/></net>

<net id="547"><net_src comp="539" pin="1"/><net_sink comp="543" pin=0"/></net>

<net id="551"><net_src comp="548" pin="1"/><net_sink comp="102" pin=2"/></net>

<net id="555"><net_src comp="64" pin="2"/><net_sink comp="552" pin=0"/></net>

<net id="556"><net_src comp="552" pin="1"/><net_sink comp="279" pin=0"/></net>

<net id="557"><net_src comp="552" pin="1"/><net_sink comp="282" pin=1"/></net>

<net id="561"><net_src comp="224" pin="1"/><net_sink comp="558" pin=0"/></net>

<net id="562"><net_src comp="558" pin="1"/><net_sink comp="244" pin=0"/></net>

<net id="563"><net_src comp="558" pin="1"/><net_sink comp="341" pin=0"/></net>

<net id="570"><net_src comp="234" pin="2"/><net_sink comp="567" pin=0"/></net>

<net id="571"><net_src comp="567" pin="1"/><net_sink comp="118" pin=2"/></net>

<net id="575"><net_src comp="273" pin="2"/><net_sink comp="572" pin=0"/></net>

<net id="576"><net_src comp="572" pin="1"/><net_sink comp="315" pin=0"/></net>

<net id="580"><net_src comp="293" pin="2"/><net_sink comp="577" pin=0"/></net>

<net id="581"><net_src comp="577" pin="1"/><net_sink comp="467" pin=0"/></net>

<net id="588"><net_src comp="305" pin="2"/><net_sink comp="585" pin=0"/></net>

<net id="589"><net_src comp="585" pin="1"/><net_sink comp="129" pin=0"/></net>

<net id="596"><net_src comp="331" pin="2"/><net_sink comp="593" pin=0"/></net>

<net id="597"><net_src comp="593" pin="1"/><net_sink comp="424" pin=1"/></net>

<net id="601"><net_src comp="370" pin="2"/><net_sink comp="598" pin=0"/></net>

<net id="602"><net_src comp="598" pin="1"/><net_sink comp="392" pin=0"/></net>

<net id="609"><net_src comp="382" pin="2"/><net_sink comp="606" pin=0"/></net>

<net id="610"><net_src comp="606" pin="1"/><net_sink comp="516" pin=0"/></net>

<net id="614"><net_src comp="83" pin="3"/><net_sink comp="611" pin=0"/></net>

<net id="615"><net_src comp="611" pin="1"/><net_sink comp="77" pin=0"/></net>

<net id="619"><net_src comp="402" pin="2"/><net_sink comp="616" pin=0"/></net>

<net id="620"><net_src comp="616" pin="1"/><net_sink comp="140" pin=0"/></net>

<net id="627"><net_src comp="418" pin="2"/><net_sink comp="624" pin=0"/></net>

<net id="628"><net_src comp="624" pin="1"/><net_sink comp="164" pin=2"/></net>

<net id="632"><net_src comp="459" pin="1"/><net_sink comp="629" pin=0"/></net>

<net id="633"><net_src comp="629" pin="1"/><net_sink comp="525" pin=1"/></net>

<net id="637"><net_src comp="488" pin="2"/><net_sink comp="634" pin=0"/></net>

<net id="638"><net_src comp="634" pin="1"/><net_sink comp="543" pin=1"/></net>

<net id="642"><net_src comp="494" pin="2"/><net_sink comp="639" pin=0"/></net>

<net id="643"><net_src comp="639" pin="1"/><net_sink comp="152" pin=0"/></net>

<net id="650"><net_src comp="510" pin="2"/><net_sink comp="647" pin=0"/></net>

<net id="651"><net_src comp="647" pin="1"/><net_sink comp="175" pin=0"/></net>

<net id="655"><net_src comp="90" pin="3"/><net_sink comp="652" pin=0"/></net>

<net id="656"><net_src comp="652" pin="1"/><net_sink comp="97" pin=0"/></net>

<net id="660"><net_src comp="543" pin="2"/><net_sink comp="657" pin=0"/></net>

<net id="661"><net_src comp="657" pin="1"/><net_sink comp="548" pin=0"/></net>

<net id="665"><net_src comp="97" pin="2"/><net_sink comp="662" pin=0"/></net>

<net id="666"><net_src comp="662" pin="1"/><net_sink comp="191" pin=0"/></net>

<net id="670"><net_src comp="191" pin="1"/><net_sink comp="667" pin=0"/></net>

<net id="671"><net_src comp="667" pin="1"/><net_sink comp="186" pin=0"/></net>

<net id="675"><net_src comp="102" pin="3"/><net_sink comp="672" pin=0"/></net>

<net id="676"><net_src comp="672" pin="1"/><net_sink comp="109" pin=0"/></net>

<net id="680"><net_src comp="109" pin="2"/><net_sink comp="677" pin=0"/></net>

<net id="681"><net_src comp="677" pin="1"/><net_sink comp="186" pin=1"/></net>

<net id="685"><net_src comp="186" pin="2"/><net_sink comp="682" pin=0"/></net>

<net id="686"><net_src comp="682" pin="1"/><net_sink comp="182" pin=1"/></net>

<net id="690"><net_src comp="77" pin="2"/><net_sink comp="687" pin=0"/></net>

<net id="691"><net_src comp="687" pin="1"/><net_sink comp="182" pin=0"/></net>

<net id="695"><net_src comp="182" pin="2"/><net_sink comp="692" pin=0"/></net>

<net id="696"><net_src comp="692" pin="1"/><net_sink comp="77" pin=1"/></net>

</net_list>

</model> 
---------------- Datapath Model END ------------------

* FSMD analyzer results:
  - Output states:
	Port: A | {}
	Port: B | {}
  - Chain level:
	State 1
		p_shl_cast : 1
		p_shl6_cast : 1
		p_addr6 : 2
		p_addr10_cast : 3
	State 2
		exitcond5 : 1
		s_1 : 1
		stg_38 : 2
		tmp2_trn_cast : 1
		p_addr10 : 2
		tmp_27 : 3
		p_shl : 4
		tmp_28 : 3
		p_shl1 : 4
		p_addr11 : 5
		p_shl9_cast : 1
		p_addr2 : 2
	State 3
		exitcond4 : 1
		t_1 : 1
		stg_56 : 2
		tmp_9_trn : 1
		p_addr12 : 2
		tmp_31 : 3
		conv_addr : 4
		stg_61 : 5
	State 4
		exitcond3 : 1
		stg_66 : 2
		tmp_6 : 1
		tmp_7_trn_cast : 2
		p_addr7 : 3
		tmp_29 : 4
		p_shl2 : 5
		tmp_30 : 4
		p_shl3 : 5
		p_addr8 : 6
	State 5
		exitcond2 : 1
		stg_80 : 2
		tmp_s : 1
		tmp_1_trn : 2
		p_addr9 : 3
		tmp_32 : 4
		conv_addr_1 : 5
	State 6
		k_cast4 : 1
		exitcond1 : 1
		k_2 : 1
		stg_94 : 2
		x : 2
		tmp_33 : 3
		p_shl14_cast : 4
		tmp_34 : 3
		p_shl15_cast : 4
		p_addr : 5
		p_addr_cast : 6
		tmp_3_trn_cast : 1
		p_addr3 : 2
		p_addr3_cast : 3
		tmp_35 : 3
		p_shl4 : 4
		p_addr4 : 5
	State 7
		l_cast2 : 1
		exitcond : 1
		l_1 : 1
		stg_116 : 2
		y : 2
		tmp_4_trn_cast : 3
		p_addr1 : 4
		p_addr1_cast : 5
		tmp_36 : 6
		A_addr : 7
		A_load : 8
		tmp_8_trn : 1
		p_addr5 : 2
	State 8
	State 9
	State 10
	State 11
	State 12
	State 13
	State 14
		B_addr : 1
		B_load : 2
	State 15
		tmp_10 : 1
	State 16
	State 17
	State 18
	State 19
	State 20
	State 21
	State 22
	State 23
	State 24


============================================================
+ Verbose Summary: Datapath Resource usage 
============================================================

* Functional unit list:
|----------|--------------------------|---------|---------|---------|
| Operation|      Functional Unit     |  DSP48E |    FF   |   LUT   |
|----------|--------------------------|---------|---------|---------|
|  sitofp  |        grp_fu_191        |    0    |   340   |   554   |
|----------|--------------------------|---------|---------|---------|
|   fadd   |        grp_fu_182        |    2    |   205   |   390   |
|----------|--------------------------|---------|---------|---------|
|   fmul   |        grp_fu_186        |    3    |   143   |   321   |
|----------|--------------------------|---------|---------|---------|
|          |        s_1_fu_234        |    0    |    0    |    5    |
|          |      p_addr10_fu_244     |    0    |    0    |    9    |
|          |      p_addr2_fu_293      |    0    |    0    |    5    |
|          |        t_1_fu_305        |    0    |    0    |    5    |
|          |      p_addr12_fu_315     |    0    |    0    |    16   |
|          |       tmp_6_fu_331       |    0    |    0    |    5    |
|          |      p_addr7_fu_341      |    0    |    0    |    9    |
|          |       tmp_s_fu_382       |    0    |    0    |    5    |
|          |      p_addr9_fu_392      |    0    |    0    |    16   |
|    add   |        i_2_fu_402        |    0    |    0    |    5    |
|          |        k_2_fu_418        |    0    |    0    |    3    |
|          |         x_fu_424         |    0    |    0    |    5    |
|          |      p_addr3_fu_467      |    0    |    0    |    6    |
|          |      p_addr4_fu_488      |    0    |    0    |    8    |
|          |        j_2_fu_494        |    0    |    0    |    5    |
|          |        l_1_fu_510        |    0    |    0    |    3    |
|          |         y_fu_516         |    0    |    0    |    5    |
|          |      p_addr1_fu_525      |    0    |    0    |    11   |
|          |      p_addr5_fu_543      |    0    |    0    |    9    |
|----------|--------------------------|---------|---------|---------|
|          |      p_addr6_fu_218      |    0    |    0    |    8    |
|    sub   |      p_addr11_fu_273     |    0    |    0    |    15   |
|          |      p_addr8_fu_370      |    0    |    0    |    15   |
|          |       p_addr_fu_453      |    0    |    0    |    10   |
|----------|--------------------------|---------|---------|---------|
|          |     exitcond5_fu_228     |    0    |    0    |    2    |
|          |     exitcond4_fu_299     |    0    |    0    |    2    |
|   icmp   |     exitcond3_fu_325     |    0    |    0    |    2    |
|          |     exitcond2_fu_376     |    0    |    0    |    2    |
|          |     exitcond1_fu_412     |    0    |    0    |    2    |
|          |      exitcond_fu_504     |    0    |    0    |    2    |
|----------|--------------------------|---------|---------|---------|
|   read   |   tmp1_read_read_fu_58   |    0    |    0    |    0    |
|          |    tmp_read_read_fu_64   |    0    |    0    |    0    |
|----------|--------------------------|---------|---------|---------|
|          |       tmp_24_fu_194      |    0    |    0    |    0    |
|          |       tmp_25_fu_206      |    0    |    0    |    0    |
|          |       tmp_27_fu_249      |    0    |    0    |    0    |
|          |       tmp_28_fu_261      |    0    |    0    |    0    |
|bitconcatenate|       tmp_26_fu_282      |    0    |    0    |    0    |
|          |       tmp_29_fu_346      |    0    |    0    |    0    |
|          |       tmp_30_fu_358      |    0    |    0    |    0    |
|          |       tmp_33_fu_429      |    0    |    0    |    0    |
|          |       tmp_34_fu_441      |    0    |    0    |    0    |
|          |       tmp_35_fu_476      |    0    |    0    |    0    |
|----------|--------------------------|---------|---------|---------|
|          |     p_shl_cast_fu_202    |    0    |    0    |    0    |
|          |    p_shl6_cast_fu_214    |    0    |    0    |    0    |
|          |   tmp2_trn_cast_fu_240   |    0    |    0    |    0    |
|          | tmp_cast_trn_cast_fu_279 |    0    |    0    |    0    |
|          |    p_shl9_cast_fu_289    |    0    |    0    |    0    |
|          |     tmp_9_trn_fu_311     |    0    |    0    |    0    |
|          |       tmp_31_fu_320      |    0    |    0    |    0    |
|          |   tmp_7_trn_cast_fu_337  |    0    |    0    |    0    |
|          |     tmp_1_trn_fu_388     |    0    |    0    |    0    |
|          |       tmp_32_fu_397      |    0    |    0    |    0    |
|   zext   |      k_cast4_fu_408      |    0    |    0    |    0    |
|          |    p_shl14_cast_fu_437   |    0    |    0    |    0    |
|          |    p_shl15_cast_fu_449   |    0    |    0    |    0    |
|          |   tmp_3_trn_cast_fu_463  |    0    |    0    |    0    |
|          |    p_addr3_cast_fu_472   |    0    |    0    |    0    |
|          |       p_shl4_fu_484      |    0    |    0    |    0    |
|          |      l_cast2_fu_500      |    0    |    0    |    0    |
|          |   tmp_4_trn_cast_fu_521  |    0    |    0    |    0    |
|          |       tmp_36_fu_534      |    0    |    0    |    0    |
|          |     tmp_8_trn_fu_539     |    0    |    0    |    0    |
|          |       tmp_37_fu_548      |    0    |    0    |    0    |
|----------|--------------------------|---------|---------|---------|
|          |   p_addr10_cast_fu_224   |    0    |    0    |    0    |
|          |       p_shl_fu_257       |    0    |    0    |    0    |
|          |       p_shl1_fu_269      |    0    |    0    |    0    |
|   sext   |       p_shl2_fu_354      |    0    |    0    |    0    |
|          |       p_shl3_fu_366      |    0    |    0    |    0    |
|          |    p_addr_cast_fu_459    |    0    |    0    |    0    |
|          |    p_addr1_cast_fu_530   |    0    |    0    |    0    |
|----------|--------------------------|---------|---------|---------|
|   Total  |                          |    5    |   688   |   1460  |
|----------|--------------------------|---------|---------|---------|

Memories:
N/A

* Register list:
+---------------------+--------+
|                     |   FF   |
+---------------------+--------+
|    A_addr_reg_652   |   10   |
|    A_load_reg_662   |   32   |
|    B_addr_reg_672   |    8   |
|    B_load_reg_677   |   32   |
| conv_addr_1_reg_611 |   12   |
|  conv_load_reg_687  |   32   |
|     i_2_reg_616     |    5   |
|      i_reg_136      |    5   |
|     j_2_reg_639     |    5   |
|      j_reg_148      |    5   |
|     k_2_reg_624     |    3   |
|      k_reg_160      |    3   |
|     l_1_reg_647     |    3   |
|      l_reg_171      |    3   |
|p_addr10_cast_reg_558|   10   |
|   p_addr11_reg_572  |   32   |
|   p_addr2_reg_577   |    6   |
|   p_addr4_reg_634   |   32   |
|   p_addr5_reg_657   |   32   |
|   p_addr8_reg_598   |   32   |
| p_addr_cast_reg_629 |   12   |
|     s_1_reg_567     |    5   |
|      s_reg_114      |    5   |
|     t_1_reg_585     |    5   |
|      t_reg_125      |    5   |
|    tmp_10_reg_682   |   32   |
|    tmp_11_reg_692   |   32   |
|    tmp_5_reg_667    |   32   |
|    tmp_6_reg_593    |    5   |
|   tmp_read_reg_552  |    3   |
|    tmp_s_reg_606    |    5   |
+---------------------+--------+
|        Total        |   443  |
+---------------------+--------+

* Multiplexer (MUX) list: 
|-------------------|------|------|------|--------||---------||---------|
|        Comp       |  Pin | Size |  BW  | S x BW ||  Delay  ||   LUT   |
|-------------------|------|------|------|--------||---------||---------|
|  grp_access_fu_77 |  p0  |   2  |  12  |   24   ||    12   |
|  grp_access_fu_77 |  p1  |   2  |  32  |   64   ||    32   |
|  grp_access_fu_97 |  p0  |   2  |  10  |   20   ||    10   |
| grp_access_fu_109 |  p0  |   2  |   8  |   16   ||    8    |
|     i_reg_136     |  p0  |   2  |   5  |   10   ||    5    |
|     j_reg_148     |  p0  |   2  |   5  |   10   ||    5    |
|     grp_fu_186    |  p1  |   2  |  32  |   64   ||    32   |
|-------------------|------|------|------|--------||---------||---------|
|       Total       |      |      |      |   208  ||  10.997 ||   104   |
|-------------------|------|------|------|--------||---------||---------|



* Summary:
+-----------+--------+--------+--------+--------+
|           | DSP48E |  Delay |   FF   |   LUT  |
+-----------+--------+--------+--------+--------+
|  Function |    5   |    -   |   688  |  1460  |
|   Memory  |    -   |    -   |    -   |    -   |
|Multiplexer|    -   |   10   |    -   |   104  |
|  Register |    -   |    -   |   443  |    -   |
+-----------+--------+--------+--------+--------+
|   Total   |    5   |   10   |  1131  |  1564  |
+-----------+--------+--------+--------+--------+
