

================================================================
== Vivado HLS Report for 'obj_detector_fmax'
================================================================
* Date:           Sat Dec 03 21:40:19 2016

* Version:        2015.2 (Build 1266856 on Fri Jun 26 16:57:37 PM 2015)
* Project:        proj3_hls
* Solution:       solution1
* Product family: zynq
* Target device:  xc7z020clg484-1


================================================================
== Performance Estimates
================================================================
+ Timing (ns): 
    * Summary: 
    +--------+-------+----------+------------+
    |  Clock | Target| Estimated| Uncertainty|
    +--------+-------+----------+------------+
    |ap_clk  |  10.00|      8.22|        1.25|
    +--------+-------+----------+------------+

+ Latency (clock cycles): 
    * Summary: 
    +-----+-----+-----+-----+----------+
    |  Latency  |  Interval | Pipeline |
    | min | max | min | max |   Type   |
    +-----+-----+-----+-----+----------+
    |    2|    2|    1|    1| function |
    +-----+-----+-----+-----+----------+

    + Detail: 
        * Instance: 
        N/A

        * Loop: 
        N/A



================================================================
== Utilization Estimates
================================================================
* Summary: 
+-----------------+---------+-------+--------+-------+
|       Name      | BRAM_18K| DSP48E|   FF   |  LUT  |
+-----------------+---------+-------+--------+-------+
|Expression       |        -|      -|       0|    460|
|FIFO             |        -|      -|       -|      -|
|Instance         |        -|      0|     130|    469|
|Memory           |        -|      -|       -|      -|
|Multiplexer      |        -|      -|       -|      -|
|Register         |        -|      -|     369|      -|
+-----------------+---------+-------+--------+-------+
|Total            |        0|      0|     499|    929|
+-----------------+---------+-------+--------+-------+
|Available        |      280|    220|  106400|  53200|
+-----------------+---------+-------+--------+-------+
|Utilization (%)  |        0|      0|   ~0   |      1|
+-----------------+---------+-------+--------+-------+

+ Detail: 
    * Instance: 
    +-------------------------------------+---------------------------------+---------+-------+-----+-----+
    |               Instance              |              Module             | BRAM_18K| DSP48E|  FF | LUT |
    +-------------------------------------+---------------------------------+---------+-------+-----+-----+
    |obj_detector_dcmp_64ns_64ns_1_1_U28  |obj_detector_dcmp_64ns_64ns_1_1  |        0|      0|  130|  469|
    +-------------------------------------+---------------------------------+---------+-------+-----+-----+
    |Total                                |                                 |        0|      0|  130|  469|
    +-------------------------------------+---------------------------------+---------+-------+-----+-----+

    * Memory: 
    N/A

    * FIFO: 
    N/A

    * Expression: 
    +-----------------------------+----------+-------+---+----+------------+------------+
    |        Variable Name        | Operation| DSP48E| FF| LUT| Bitwidth P0| Bitwidth P1|
    +-----------------------------+----------+-------+---+----+------------+------------+
    |ap_return                    |  Select  |      0|  0|  64|           1|          64|
    |res_2_fu_196_p3              |  Select  |      0|  0|  64|           1|          64|
    |res_3_fu_204_p3              |  Select  |      0|  0|  64|           1|          64|
    |res_4_fu_225_p3              |  Select  |      0|  0|  64|           1|          64|
    |res_fu_164_p3                |  Select  |      0|  0|  64|           1|          64|
    |or_cond2_i_fu_124_p2         |    and   |      0|  0|   1|           1|           1|
    |sel_tmp2_fu_191_p2           |    and   |      0|  0|   1|           1|           1|
    |sel_tmp3_fu_237_p2           |    and   |      0|  0|   1|           1|           1|
    |sel_tmp8_fu_220_p2           |    and   |      0|  0|   1|           1|           1|
    |tmp1_fu_118_p2               |    and   |      0|  0|   1|           1|           1|
    |tmp_8_fu_154_p2              |    and   |      0|  0|   1|           1|           1|
    |tmp_fu_112_p2                |    and   |      0|  0|   1|           1|           1|
    |tmp_s_fu_158_p2              |    and   |      0|  0|   1|           1|           1|
    |tmp_1_i_fu_100_p2            |   icmp   |      0|  0|   4|          11|           1|
    |tmp_2_i_fu_106_p2            |   icmp   |      0|  0|  18|          52|           1|
    |tmp_3_i_fu_130_p2            |   icmp   |      0|  0|   4|          11|           2|
    |tmp_4_i_fu_142_p2            |   icmp   |      0|  0|   4|          11|           2|
    |tmp_i_7_fu_94_p2             |   icmp   |      0|  0|  18|          52|           1|
    |tmp_i_fu_88_p2               |   icmp   |      0|  0|   4|          11|           1|
    |or_cond3_i_fu_136_p2         |    or    |      0|  0|   1|           1|           1|
    |or_cond4_i_fu_148_p2         |    or    |      0|  0|   1|           1|           1|
    |sel_tmp7_demorgan_fu_210_p2  |    or    |      0|  0|   1|           1|           1|
    |x_fp_sig_V_fu_169_p2         |    or    |      0|  0|  72|          52|          53|
    |sel_tmp1_fu_187_p2           |    xor   |      0|  0|   1|           1|           1|
    |sel_tmp7_fu_214_p2           |    xor   |      0|  0|   2|           1|           2|
    |sel_tmp_fu_232_p2            |    xor   |      0|  0|   2|           1|           2|
    +-----------------------------+----------+-------+---+----+------------+------------+
    |Total                        |          |      0|  0| 460|         219|         397|
    +-----------------------------+----------+-------+---+----+------------+------------+

    * Multiplexer: 
    N/A

    * Register: 
    +-----------------------------------------+----+----+-----+-----------+
    |                   Name                  | FF | LUT| Bits| Const Bits|
    +-----------------------------------------+----+----+-----+-----------+
    |ap_reg_ppstg_loc_V_1_reg_270_pp0_it1     |  52|   0|   52|          0|
    |ap_reg_ppstg_or_cond2_i_reg_275_pp0_it1  |   1|   0|    1|          0|
    |ap_reg_ppstg_or_cond3_i_reg_282_pp0_it1  |   1|   0|    1|          0|
    |ap_reg_ppstg_or_cond4_i_reg_289_pp0_it1  |   1|   0|    1|          0|
    |ap_reg_ppstg_p_Result_6_reg_265_pp0_it1  |   1|   0|    1|          0|
    |ap_reg_ppstg_x_read_reg_258_pp0_it1      |  64|   0|   64|          0|
    |ap_reg_ppstg_y_read_reg_250_pp0_it1      |  64|   0|   64|          0|
    |loc_V_1_reg_270                          |  52|   0|   52|          0|
    |or_cond2_i_reg_275                       |   1|   0|    1|          0|
    |or_cond3_i_reg_282                       |   1|   0|    1|          0|
    |or_cond4_i_reg_289                       |   1|   0|    1|          0|
    |p_Result_6_reg_265                       |   1|   0|    1|          0|
    |tmp_s_reg_297                            |   1|   0|    1|          0|
    |x_read_reg_258                           |  64|   0|   64|          0|
    |y_read_reg_250                           |  64|   0|   64|          0|
    +-----------------------------------------+----+----+-----+-----------+
    |Total                                    | 369|   0|  369|          0|
    +-----------------------------------------+----+----+-----+-----------+



================================================================
== Interface
================================================================
* Summary: 
+-----------+-----+-----+------------+-------------------+--------------+
| RTL Ports | Dir | Bits|  Protocol  |   Source Object   |    C Type    |
+-----------+-----+-----+------------+-------------------+--------------+
|ap_clk     |  in |    1| ap_ctrl_hs | obj_detector_fmax | return value |
|ap_rst     |  in |    1| ap_ctrl_hs | obj_detector_fmax | return value |
|ap_return  | out |   64| ap_ctrl_hs | obj_detector_fmax | return value |
|x          |  in |   64|   ap_none  |         x         |    scalar    |
|y          |  in |   64|   ap_none  |         y         |    scalar    |
+-----------+-----+-----+------------+-------------------+--------------+

