

================================================================
== Vivado HLS Report for 'obj_detector_maxpool'
================================================================
* Date:           Sat Dec 03 21:40:21 2016

* Version:        2015.2 (Build 1266856 on Fri Jun 26 16:57:37 PM 2015)
* Project:        proj3_hls
* Solution:       solution1
* Product family: zynq
* Target device:  xc7z020clg484-1


================================================================
== Performance Estimates
================================================================
+ Timing (ns): 
    * Summary: 
    +--------+-------+----------+------------+
    |  Clock | Target| Estimated| Uncertainty|
    +--------+-------+----------+------------+
    |ap_clk  |  10.00|      8.54|        1.25|
    +--------+-------+----------+------------+

+ Latency (clock cycles): 
    * Summary: 
    +-----+-----+-----+-----+---------+
    |  Latency  |  Interval | Pipeline|
    | min | max | min | max |   Type  |
    +-----+-----+-----+-----+---------+
    |  300|  300|  300|  300|   none  |
    +-----+-----+-----+-----+---------+

    + Detail: 
        * Instance: 
        +------------------------------+-------------------+-----+-----+-----+-----+----------+
        |                              |                   |  Latency  |  Interval | Pipeline |
        |           Instance           |       Module      | min | max | min | max |   Type   |
        +------------------------------+-------------------+-----+-----+-----+-----+----------+
        |grp_obj_detector_fmax_fu_688  |obj_detector_fmax  |    2|    2|    1|    1| function |
        |grp_obj_detector_fmax_fu_694  |obj_detector_fmax  |    2|    2|    1|    1| function |
        +------------------------------+-------------------+-----+-----+-----+-----+----------+

        * Loop: 
        +------------------+-----+-----+----------+-----------+-----------+------+----------+
        |                  |  Latency  | Iteration|  Initiation Interval  | Trip |          |
        |     Loop Name    | min | max |  Latency |  achieved |   target  | Count| Pipelined|
        +------------------+-----+-----+----------+-----------+-----------+------+----------+
        |- maxpool_label6  |  298|  298|        35|         24|          1|    12|    yes   |
        +------------------+-----+-----+----------+-----------+-----------+------+----------+



================================================================
== Utilization Estimates
================================================================
* Summary: 
+-----------------+---------+-------+--------+-------+
|       Name      | BRAM_18K| DSP48E|   FF   |  LUT  |
+-----------------+---------+-------+--------+-------+
|Expression       |        -|      -|       0|   1859|
|FIFO             |        -|      -|       -|      -|
|Instance         |        -|      0|    1554|   2826|
|Memory           |        -|      -|       -|      -|
|Multiplexer      |        -|      -|       -|    549|
|Register         |        -|      -|     702|      -|
+-----------------+---------+-------+--------+-------+
|Total            |        0|      0|    2256|   5234|
+-----------------+---------+-------+--------+-------+
|Available        |      280|    220|  106400|  53200|
+-----------------+---------+-------+--------+-------+
|Utilization (%)  |        0|      0|       2|      9|
+-----------------+---------+-------+--------+-------+

+ Detail: 
    * Instance: 
    +------------------------------------+--------------------------------+---------+-------+-----+-----+
    |              Instance              |             Module             | BRAM_18K| DSP48E|  FF | LUT |
    +------------------------------------+--------------------------------+---------+-------+-----+-----+
    |grp_obj_detector_fmax_fu_688        |obj_detector_fmax               |        0|      0|  499|  929|
    |grp_obj_detector_fmax_fu_694        |obj_detector_fmax               |        0|      0|  499|  929|
    |obj_detector_fpext_32ns_64_1_U33    |obj_detector_fpext_32ns_64_1    |        0|      0|  100|  138|
    |obj_detector_fpext_32ns_64_1_U34    |obj_detector_fpext_32ns_64_1    |        0|      0|  100|  138|
    |obj_detector_fpext_32ns_64_1_U35    |obj_detector_fpext_32ns_64_1    |        0|      0|  100|  138|
    |obj_detector_fptrunc_64ns_32_1_U31  |obj_detector_fptrunc_64ns_32_1  |        0|      0|  128|  277|
    |obj_detector_fptrunc_64ns_32_1_U32  |obj_detector_fptrunc_64ns_32_1  |        0|      0|  128|  277|
    +------------------------------------+--------------------------------+---------+-------+-----+-----+
    |Total                               |                                |        0|      0| 1554| 2826|
    +------------------------------------+--------------------------------+---------+-------+-----+-----+

    * Memory: 
    N/A

    * FIFO: 
    N/A

    * Expression: 
    +---------------------+----------+-------+---+----+------------+------------+
    |    Variable Name    | Operation| DSP48E| FF| LUT| Bitwidth P0| Bitwidth P1|
    +---------------------+----------+-------+---+----+------------+------------+
    |i_6_fu_862_p2        |     +    |      0|  0|   4|           4|           1|
    |p_addr13_fu_886_p2   |     +    |      0|  0|  10|          10|          10|
    |p_addr14_fu_1418_p2  |     +    |      0|  0|  32|          32|           5|
    |p_addr17_fu_941_p2   |     +    |      0|  0|  10|          10|          10|
    |p_addr20_fu_1408_p2  |     +    |      0|  0|  32|          32|           5|
    |p_addr21_fu_950_p2   |     +    |      0|  0|   9|           9|           9|
    |p_addr26_fu_1398_p2  |     +    |      0|  0|  32|          32|           5|
    |p_addr32_fu_1388_p2  |     +    |      0|  0|  32|          32|           5|
    |p_addr38_fu_1378_p2  |     +    |      0|  0|  32|          32|           5|
    |p_addr39_fu_1139_p2  |     +    |      0|  0|  32|          32|           4|
    |p_addr3_fu_1438_p2   |     +    |      0|  0|  32|          32|           5|
    |p_addr40_fu_1149_p2  |     +    |      0|  0|  32|          32|           4|
    |p_addr43_fu_1179_p2  |     +    |      0|  0|  32|          32|           4|
    |p_addr44_fu_1368_p2  |     +    |      0|  0|  32|          32|           5|
    |p_addr45_fu_1189_p2  |     +    |      0|  0|  32|          32|           4|
    |p_addr48_fu_1219_p2  |     +    |      0|  0|  32|          32|           4|
    |p_addr49_fu_1229_p2  |     +    |      0|  0|  32|          32|           4|
    |p_addr50_fu_1358_p2  |     +    |      0|  0|  32|          32|           5|
    |p_addr53_fu_1268_p2  |     +    |      0|  0|  32|          32|           4|
    |p_addr54_fu_1278_p2  |     +    |      0|  0|  32|          32|           4|
    |p_addr55_fu_1288_p2  |     +    |      0|  0|  32|          32|           5|
    |p_addr56_fu_1348_p2  |     +    |      0|  0|  32|          32|           5|
    |p_addr57_fu_1298_p2  |     +    |      0|  0|  32|          32|           5|
    |p_addr58_fu_1308_p2  |     +    |      0|  0|  32|          32|           5|
    |p_addr59_fu_1318_p2  |     +    |      0|  0|  32|          32|           5|
    |p_addr60_fu_1328_p2  |     +    |      0|  0|  32|          32|           5|
    |p_addr61_fu_1338_p2  |     +    |      0|  0|  32|          32|           5|
    |p_addr9_fu_1428_p2   |     +    |      0|  0|  32|          32|           5|
    |p_addr12_fu_846_p2   |     -    |      0|  0|   8|           8|           8|
    |p_addr15_fu_915_p2   |     -    |      0|  0|  32|          32|          32|
    |p_addr18_fu_977_p2   |     -    |      0|  0|  32|          32|          32|
    |p_addr_fu_812_p2     |     -    |      0|  0|   9|           9|           9|
    |exitcond1_fu_856_p2  |   icmp   |      0|  0|   2|           4|           4|
    |p_addr16_fu_926_p2   |    or    |      0|  0|  44|          32|           1|
    |p_addr19_fu_988_p2   |    or    |      0|  0|  44|          32|           1|
    |p_addr22_fu_999_p2   |    or    |      0|  0|  44|          32|           2|
    |p_addr23_fu_1009_p2  |    or    |      0|  0|  44|          32|           2|
    |p_addr24_fu_1019_p2  |    or    |      0|  0|  44|          32|           2|
    |p_addr25_fu_1029_p2  |    or    |      0|  0|  44|          32|           2|
    |p_addr27_fu_1039_p2  |    or    |      0|  0|  44|          32|           3|
    |p_addr28_fu_1049_p2  |    or    |      0|  0|  44|          32|           3|
    |p_addr29_fu_1059_p2  |    or    |      0|  0|  44|          32|           3|
    |p_addr30_fu_1069_p2  |    or    |      0|  0|  44|          32|           3|
    |p_addr31_fu_1079_p2  |    or    |      0|  0|  44|          32|           3|
    |p_addr33_fu_1089_p2  |    or    |      0|  0|  44|          32|           3|
    |p_addr34_fu_1099_p2  |    or    |      0|  0|  44|          32|           3|
    |p_addr35_fu_1109_p2  |    or    |      0|  0|  44|          32|           3|
    |p_addr36_fu_1119_p2  |    or    |      0|  0|  44|          32|           4|
    |p_addr37_fu_1129_p2  |    or    |      0|  0|  44|          32|           4|
    |p_addr41_fu_1159_p2  |    or    |      0|  0|  44|          32|           4|
    |p_addr42_fu_1169_p2  |    or    |      0|  0|  44|          32|           4|
    |p_addr46_fu_1199_p2  |    or    |      0|  0|  44|          32|           4|
    |p_addr47_fu_1209_p2  |    or    |      0|  0|  44|          32|           4|
    |p_addr51_fu_1248_p2  |    or    |      0|  0|  44|          32|           4|
    |p_addr52_fu_1258_p2  |    or    |      0|  0|  44|          32|           4|
    |tmp_12_fu_876_p2     |    or    |      0|  0|   7|           5|           1|
    +---------------------+----------+-------+---+----+------------+------------+
    |Total                |          |      0|  0|1859|        1595|         294|
    +---------------------+----------+-------+---+----+------------+------------+

    * Multiplexer: 
    +--------------------------------+----+-----------+-----+-----------+
    |              Name              | LUT| Input Size| Bits| Total Bits|
    +--------------------------------+----+-----------+-----+-----------+
    |ap_NS_fsm                       |  21|         27|    1|         27|
    |grp_fu_706_p0                   |  32|          5|   32|        160|
    |grp_fu_710_p0                   |  32|          3|   32|         96|
    |grp_fu_715_p0                   |  32|          4|   32|        128|
    |grp_obj_detector_fmax_fu_688_x  |  64|          3|   64|        192|
    |grp_obj_detector_fmax_fu_688_y  |  64|          4|   64|        256|
    |grp_obj_detector_fmax_fu_694_x  |  64|          4|   64|        256|
    |grp_obj_detector_fmax_fu_694_y  |  64|          3|   64|        192|
    |i_phi_fu_681_p4                 |   4|          2|    4|          8|
    |i_reg_677                       |   4|          2|    4|          8|
    |inp_address0                    |  84|         25|   12|        300|
    |inp_address1                    |  84|         25|   12|        300|
    +--------------------------------+----+-----------+-----+-----------+
    |Total                           | 549|        107|  385|       1923|
    +--------------------------------+----+-----------+-----+-----------+

    * Register: 
    +-----------------------------------------+----+----+-----+-----------+
    |                   Name                  | FF | LUT| Bits| Const Bits|
    +-----------------------------------------+----+----+-----+-----------+
    |ap_CS_fsm                                |  26|   0|   26|          0|
    |ap_reg_ppiten_pp0_it0                    |   1|   0|    1|          0|
    |ap_reg_ppiten_pp0_it1                    |   1|   0|    1|          0|
    |ap_reg_ppstg_exitcond1_reg_1459_pp0_it1  |   1|   0|    1|          0|
    |exitcond1_reg_1459                       |   1|   0|    1|          0|
    |i_6_reg_1463                             |   4|   0|    4|          0|
    |i_reg_677                                |   4|   0|    4|          0|
    |p_addr12_cast_reg_1454                   |   7|   0|    9|          2|
    |p_addr15_reg_1468                        |  28|   0|   32|          4|
    |p_addr17_reg_1504                        |   9|   0|   10|          1|
    |p_addr18_reg_1515                        |  28|   0|   32|          4|
    |p_addr21_reg_1510                        |   9|   0|    9|          0|
    |p_addr_cast_reg_1448                     |   7|   0|   10|          3|
    |reg_719                                  |  64|   0|   64|          0|
    |reg_724                                  |  64|   0|   64|          0|
    |reg_731                                  |  64|   0|   64|          0|
    |reg_736                                  |  32|   0|   32|          0|
    |reg_750                                  |  64|   0|   64|          0|
    |reg_757                                  |  64|   0|   64|          0|
    |reg_763                                  |  64|   0|   64|          0|
    |reg_768                                  |  32|   0|   32|          0|
    |reg_777                                  |  32|   0|   32|          0|
    |reg_783                                  |  64|   0|   64|          0|
    |tmp_36_reg_1671                          |  32|   0|   64|         32|
    +-----------------------------------------+----+----+-----+-----------+
    |Total                                    | 702|   0|  748|         46|
    +-----------------------------------------+----+----+-----+-----------+



================================================================
== Interface
================================================================
* Summary: 
+-----------------+-----+-----+------------+----------------------+--------------+
|    RTL Ports    | Dir | Bits|  Protocol  |     Source Object    |    C Type    |
+-----------------+-----+-----+------------+----------------------+--------------+
|ap_clk           |  in |    1| ap_ctrl_hs | obj_detector_maxpool | return value |
|ap_rst           |  in |    1| ap_ctrl_hs | obj_detector_maxpool | return value |
|ap_start         |  in |    1| ap_ctrl_hs | obj_detector_maxpool | return value |
|ap_done          | out |    1| ap_ctrl_hs | obj_detector_maxpool | return value |
|ap_idle          | out |    1| ap_ctrl_hs | obj_detector_maxpool | return value |
|ap_ready         | out |    1| ap_ctrl_hs | obj_detector_maxpool | return value |
|inp_address0     | out |   12|  ap_memory |          inp         |     array    |
|inp_ce0          | out |    1|  ap_memory |          inp         |     array    |
|inp_q0           |  in |   32|  ap_memory |          inp         |     array    |
|inp_address1     | out |   12|  ap_memory |          inp         |     array    |
|inp_ce1          | out |    1|  ap_memory |          inp         |     array    |
|inp_q1           |  in |   32|  ap_memory |          inp         |     array    |
|tmp_24           |  in |    3|   ap_none  |        tmp_24        |    scalar    |
|out_0_address0   | out |    7|  ap_memory |         out_0        |     array    |
|out_0_ce0        | out |    1|  ap_memory |         out_0        |     array    |
|out_0_we0        | out |    1|  ap_memory |         out_0        |     array    |
|out_0_d0         | out |   32|  ap_memory |         out_0        |     array    |
|out_1_address0   | out |    7|  ap_memory |         out_1        |     array    |
|out_1_ce0        | out |    1|  ap_memory |         out_1        |     array    |
|out_1_we0        | out |    1|  ap_memory |         out_1        |     array    |
|out_1_d0         | out |   32|  ap_memory |         out_1        |     array    |
|out_2_address0   | out |    7|  ap_memory |         out_2        |     array    |
|out_2_ce0        | out |    1|  ap_memory |         out_2        |     array    |
|out_2_we0        | out |    1|  ap_memory |         out_2        |     array    |
|out_2_d0         | out |   32|  ap_memory |         out_2        |     array    |
|out_3_address0   | out |    7|  ap_memory |         out_3        |     array    |
|out_3_ce0        | out |    1|  ap_memory |         out_3        |     array    |
|out_3_we0        | out |    1|  ap_memory |         out_3        |     array    |
|out_3_d0         | out |   32|  ap_memory |         out_3        |     array    |
|out_4_address0   | out |    7|  ap_memory |         out_4        |     array    |
|out_4_ce0        | out |    1|  ap_memory |         out_4        |     array    |
|out_4_we0        | out |    1|  ap_memory |         out_4        |     array    |
|out_4_d0         | out |   32|  ap_memory |         out_4        |     array    |
|out_5_address0   | out |    7|  ap_memory |         out_5        |     array    |
|out_5_ce0        | out |    1|  ap_memory |         out_5        |     array    |
|out_5_we0        | out |    1|  ap_memory |         out_5        |     array    |
|out_5_d0         | out |   32|  ap_memory |         out_5        |     array    |
|out_6_address0   | out |    7|  ap_memory |         out_6        |     array    |
|out_6_ce0        | out |    1|  ap_memory |         out_6        |     array    |
|out_6_we0        | out |    1|  ap_memory |         out_6        |     array    |
|out_6_d0         | out |   32|  ap_memory |         out_6        |     array    |
|out_7_address0   | out |    7|  ap_memory |         out_7        |     array    |
|out_7_ce0        | out |    1|  ap_memory |         out_7        |     array    |
|out_7_we0        | out |    1|  ap_memory |         out_7        |     array    |
|out_7_d0         | out |   32|  ap_memory |         out_7        |     array    |
|out_8_address0   | out |    7|  ap_memory |         out_8        |     array    |
|out_8_ce0        | out |    1|  ap_memory |         out_8        |     array    |
|out_8_we0        | out |    1|  ap_memory |         out_8        |     array    |
|out_8_d0         | out |   32|  ap_memory |         out_8        |     array    |
|out_9_address0   | out |    7|  ap_memory |         out_9        |     array    |
|out_9_ce0        | out |    1|  ap_memory |         out_9        |     array    |
|out_9_we0        | out |    1|  ap_memory |         out_9        |     array    |
|out_9_d0         | out |   32|  ap_memory |         out_9        |     array    |
|out_10_address0  | out |    7|  ap_memory |        out_10        |     array    |
|out_10_ce0       | out |    1|  ap_memory |        out_10        |     array    |
|out_10_we0       | out |    1|  ap_memory |        out_10        |     array    |
|out_10_d0        | out |   32|  ap_memory |        out_10        |     array    |
|out_11_address0  | out |    7|  ap_memory |        out_11        |     array    |
|out_11_ce0       | out |    1|  ap_memory |        out_11        |     array    |
|out_11_we0       | out |    1|  ap_memory |        out_11        |     array    |
|out_11_d0        | out |   32|  ap_memory |        out_11        |     array    |
|tmp_241          |  in |    3|   ap_none  |        tmp_241       |    scalar    |
+-----------------+-----+-----+------------+----------------------+--------------+

