@I [HLS-0] Workspace /home/littlefoot/18643_project/Hardware-Accel/HW/cnn_layer_2/solution1 opened at Fri Nov 25 03:53:26 EST 2016
@I [HLS-100] Command "config_clock -quiet -name default -period 10 -default=false "
@I [SYN-201] Setting up clock 'default' with a period of 10ns.
@I [HLS-100] Command 'config_clock' returned 0; elapsed 7e-05Total elapsed time: 3.115 sec.
@I [HLS-100] Command "open_platform DefaultPlatform "
@I [HLS-100] Command 'open_platform' returned 0; elapsed 3.6e-05Total elapsed time: 3.116 sec.
@I [HLS-100] Command "import_lib /home/littlefoot/vivado/Vivado_HLS/2015.2/common/technology/xilinx/zynq/zynq "
@I [HLS-100] Command "source /home/littlefoot/vivado/Vivado_HLS/2015.2/common/technology/xilinx/common/xilinx.lib "
@I [HLS-100] Command "source /home/littlefoot/vivado/Vivado_HLS/2015.2/common/technology/xilinx/interface/xilinx_interface.lib "
@I [HLS-100] Command "source /home/littlefoot/vivado/Vivado_HLS/2015.2/common/technology/xilinx/interface/plb46.lib "
@I [HLS-100] Command 'ap_source' returned 0; elapsed 0.000288Total elapsed time: 3.116 sec.
@I [HLS-100] Command "source /home/littlefoot/vivado/Vivado_HLS/2015.2/common/technology/xilinx/interface/fsl.lib "
@I [HLS-100] Command 'ap_source' returned 0; elapsed 0.000124Total elapsed time: 3.116 sec.
@I [HLS-100] Command "source /home/littlefoot/vivado/Vivado_HLS/2015.2/common/technology/xilinx/interface/axi4.lib "
@I [HLS-100] Command 'ap_source' returned 0; elapsed 0.000189Total elapsed time: 3.117 sec.
@I [HLS-100] Command "source /home/littlefoot/vivado/Vivado_HLS/2015.2/common/technology/xilinx/interface/maxi.lib "
@I [HLS-100] Command 'ap_source' returned 0; elapsed 0.000181Total elapsed time: 3.117 sec.
@I [HLS-100] Command "source /home/littlefoot/vivado/Vivado_HLS/2015.2/common/technology/xilinx/interface/saxilite.lib "
@I [HLS-100] Command 'ap_source' returned 0; elapsed 0.000102Total elapsed time: 3.117 sec.
@I [HLS-100] Command 'ap_source' returned 0; elapsed 0.001184Total elapsed time: 3.117 sec.
@I [HLS-100] Command "source /home/littlefoot/vivado/Vivado_HLS/2015.2/common/technology/xilinx/common/dsp48.lib "
@I [HLS-100] Command 'ap_source' returned 0; elapsed 8.9e-05Total elapsed time: 3.117 sec.
@I [HLS-100] Command "source /home/littlefoot/vivado/Vivado_HLS/2015.2/common/technology/xilinx/ip/xfft.lib "
@I [HLS-100] Command 'ap_source' returned 0; elapsed 6.7e-05Total elapsed time: 3.117 sec.
@I [HLS-100] Command "source /home/littlefoot/vivado/Vivado_HLS/2015.2/common/technology/xilinx/ip/dds_compiler.lib "
@I [HLS-100] Command 'ap_source' returned 0; elapsed 5.7e-05Total elapsed time: 3.117 sec.
@I [HLS-100] Command "source /home/littlefoot/vivado/Vivado_HLS/2015.2/common/technology/xilinx/ip/xfir.lib "
@I [HLS-100] Command 'ap_source' returned 0; elapsed 5.1e-05Total elapsed time: 3.117 sec.
@I [HLS-100] Command 'ap_source' returned 0; elapsed 0.003522Total elapsed time: 3.119 sec.
@I [HLS-100] Command "source /home/littlefoot/vivado/Vivado_HLS/2015.2/common/technology/xilinx/common/xilinx_old.lib "
@I [HLS-100] Command 'ap_source' returned 0; elapsed 0.000621Total elapsed time: 3.121 sec.
@I [HLS-100] Command "source /home/littlefoot/vivado/Vivado_HLS/2015.2/common/technology/xilinx/common/xilinx_vivado.lib "
@I [HLS-100] Command 'ap_source' returned 0; elapsed 0.000512Total elapsed time: 3.121 sec.
@I [HLS-100] Command "source /home/littlefoot/vivado/Vivado_HLS/2015.2/common/technology/xilinx/common/xilinx.hlp "
@I [HLS-100] Command "source /home/littlefoot/vivado/Vivado_HLS/2015.2/common/technology/xilinx/common/target_info.tcl "
@I [HLS-100] Command 'ap_source' returned 0; elapsed 0.000106Total elapsed time: 3.124 sec.
@I [HLS-100] Command "source /home/littlefoot/vivado/Vivado_HLS/2015.2/common/technology/xilinx/interface/xilinx_interface.hlp "
@I [HLS-100] Command "source /home/littlefoot/vivado/Vivado_HLS/2015.2/common/technology/xilinx/interface/maxi.hlp "
@I [HLS-100] Command 'ap_source' returned 0; elapsed 7e-05Total elapsed time: 3.124 sec.
@I [HLS-100] Command "source /home/littlefoot/vivado/Vivado_HLS/2015.2/common/technology/xilinx/interface/saxilite.hlp "
@I [HLS-100] Command 'ap_source' returned 0; elapsed 7.2e-05Total elapsed time: 3.124 sec.
@I [HLS-100] Command 'ap_source' returned 0; elapsed 0.00028Total elapsed time: 3.124 sec.
@I [HLS-100] Command "source /home/littlefoot/vivado/Vivado_HLS/2015.2/common/technology/xilinx/common/dsp48.hlp "
@I [HLS-100] Command 'ap_source' returned 0; elapsed 0.000504Total elapsed time: 3.125 sec.
@I [HLS-100] Command 'ap_source' returned 0; elapsed 0.001813Total elapsed time: 3.125 sec.
@I [HLS-100] Command "source /home/littlefoot/vivado/Vivado_HLS/2015.2/common/technology/xilinx/zynq/dsp48e1.hlp "
@I [HLS-100] Command 'ap_source' returned 0; elapsed 6.4e-05Total elapsed time: 3.125 sec.
@I [HLS-100] Command "get_default_platform "
@I [HLS-100] Command 'get_default_platform' returned 0; elapsed 7e-06Total elapsed time: 3.125 sec.
@I [HLS-100] Command "config_chip_info -quiet -resource  {SLICE 13300}  {LUT 53200}     {FF 106400} {DSP48E 220}   {BRAM 280}  "
@I [HLS-100] Command 'config_chip_info' returned 0; elapsed 1.8e-05Total elapsed time: 3.125 sec.
@I [HLS-100] Command "config_chip_info -quiet -speed medium "
@I [HLS-100] Command 'config_chip_info' returned 0; elapsed 4e-06Total elapsed time: 3.125 sec.
@I [HLS-100] Command 'import_lib' returned 0; elapsed 0.011141Total elapsed time: 3.127 sec.
@I [HLS-100] Command "source /home/littlefoot/vivado/Vivado_HLS/2015.2/common/technology/xilinx/zynq/zynq.gen "
@I [HLS-100] Command "source /home/littlefoot/vivado/Vivado_HLS/2015.2/common/technology/xilinx/common/virtex.gen "
@I [HLS-100] Command "source /home/littlefoot/vivado/Vivado_HLS/2015.2/common/technology/xilinx/common/xilinx.gen "
@I [HLS-100] Command "source /home/littlefoot/vivado/Vivado_HLS/2015.2/common/technology/xilinx/interface/plb46.gen "
@I [HLS-100] Command 'ap_source' returned 0; elapsed 0.000944Total elapsed time: 3.128 sec.
@I [HLS-100] Command "source /home/littlefoot/vivado/Vivado_HLS/2015.2/common/technology/xilinx/interface/fsl.gen "
@I [HLS-100] Command 'ap_source' returned 0; elapsed 0.000395Total elapsed time: 3.129 sec.
@I [HLS-100] Command "source /home/littlefoot/vivado/Vivado_HLS/2015.2/common/technology/xilinx/interface/axi4.gen "
@I [HLS-100] Command 'ap_source' returned 0; elapsed 0.00192Total elapsed time: 3.131 sec.
@I [HLS-100] Command "source /home/littlefoot/vivado/Vivado_HLS/2015.2/common/technology/xilinx/interface/nativeAXI4.gen "
@I [HLS-100] Command "source /home/littlefoot/vivado/Vivado_HLS/2015.2/common/technology/xilinx/interface/saxilite.gen "
@I [HLS-100] Command 'ap_source' returned 0; elapsed 0.002835Total elapsed time: 3.134 sec.
@I [HLS-100] Command "source /home/littlefoot/vivado/Vivado_HLS/2015.2/common/technology/xilinx/interface/maxi.gen "
@I [HLS-100] Command 'ap_source' returned 0; elapsed 0.005803Total elapsed time: 3.139 sec.
@I [HLS-100] Command 'ap_source' returned 0; elapsed 0.008821Total elapsed time: 3.139 sec.
@I [HLS-100] Command "source /home/littlefoot/vivado/Vivado_HLS/2015.2/common/technology/xilinx/scripts/xilinxcoregen.gen "
@I [HLS-100] Command 'ap_source' returned 0; elapsed 0.007967Total elapsed time: 3.147 sec.
@I [HLS-100] Command "source /home/littlefoot/vivado/Vivado_HLS/2015.2/common/technology/xilinx/interface/XilEDKCoreGen.gen "
@I [HLS-100] Command 'ap_source' returned 0; elapsed 0.007177Total elapsed time: 3.155 sec.
@I [HLS-100] Command "source /home/littlefoot/vivado/Vivado_HLS/2015.2/common/technology/xilinx/ip/xfft.gen "
@I [HLS-100] Command 'ap_source' returned 0; elapsed 0.091626Total elapsed time: 3.247 sec.
@I [HLS-100] Command "source /home/littlefoot/vivado/Vivado_HLS/2015.2/common/technology/xilinx/ip/util.gen "
@I [HLS-100] Command 'ap_source' returned 0; elapsed 0.000132Total elapsed time: 3.247 sec.
@I [HLS-100] Command "source /home/littlefoot/vivado/Vivado_HLS/2015.2/common/technology/xilinx/ip/xfir.gen "
@I [HLS-100] Command "source /home/littlefoot/vivado/Vivado_HLS/2015.2/tps/tcl/tcllib1.11.1/struct/list.tcl "
@I [HLS-100] Command "source /home/littlefoot/vivado/Vivado_HLS/2015.2/tps/tcl/tcllib1.11.1/cmdline/cmdline.tcl "
@I [HLS-100] Command 'ap_source' returned 0; elapsed 0.000561Total elapsed time: 3.260 sec.
@I [HLS-100] Command 'ap_source' returned 0; elapsed 0.001314Total elapsed time: 3.261 sec.
@I [HLS-100] Command "source /home/littlefoot/vivado/Vivado_HLS/2015.2/tps/tcl/tcllib1.11.1/math/bignum.tcl "
@I [HLS-100] Command 'ap_source' returned 0; elapsed 0.000468Total elapsed time: 3.269 sec.
@I [HLS-100] Command 'ap_source' returned 0; elapsed 0.028055Total elapsed time: 3.275 sec.
@I [HLS-100] Command "source /home/littlefoot/vivado/Vivado_HLS/2015.2/common/technology/xilinx/ip/dds_compiler.gen "
@I [HLS-100] Command 'ap_source' returned 0; elapsed 0.002814Total elapsed time: 3.278 sec.
@I [HLS-100] Command 'ap_source' returned 0; elapsed 0.150516Total elapsed time: 3.278 sec.
@I [HLS-100] Command "source /home/littlefoot/vivado/Vivado_HLS/2015.2/common/technology/xilinx/common/dsp48.gen "
@I [HLS-100] Command 'ap_source' returned 0; elapsed 8.6e-05Total elapsed time: 3.279 sec.
@I [HLS-100] Command 'ap_source' returned 0; elapsed 0.152035Total elapsed time: 3.279 sec.
@I [HLS-100] Command 'ap_source' returned 0; elapsed 0.152143Total elapsed time: 3.279 sec.
@I [HLS-100] Command "open_platform DefaultPlatform "
@I [HLS-100] Command 'open_platform' returned 0; elapsed 7e-06Total elapsed time: 3.279 sec.
@I [HLS-100] Command "import_lib /home/littlefoot/vivado/Vivado_HLS/2015.2/common/technology/xilinx/zynq/zynq_fpv6 "
@I [HLS-100] Command "source /home/littlefoot/vivado/Vivado_HLS/2015.2/common/technology/xilinx/common/xilinx_fpv7.lib "
@I [HLS-100] Command 'ap_source' returned 0; elapsed 0.002315Total elapsed time: 3.282 sec.
@I [HLS-100] Command "source /home/littlefoot/vivado/Vivado_HLS/2015.2/common/technology/xilinx/common/xilinx_fpv.hlp "
@I [HLS-100] Command "source /home/littlefoot/vivado/Vivado_HLS/2015.2/common/technology/xilinx/common/xilinx.hlp "
@I [HLS-100] Command "source /home/littlefoot/vivado/Vivado_HLS/2015.2/common/technology/xilinx/common/target_info.tcl "
@I [HLS-100] Command 'ap_source' returned 0; elapsed 0.000168Total elapsed time: 3.287 sec.
@I [HLS-100] Command "source /home/littlefoot/vivado/Vivado_HLS/2015.2/common/technology/xilinx/interface/xilinx_interface.hlp "
@I [HLS-100] Command "source /home/littlefoot/vivado/Vivado_HLS/2015.2/common/technology/xilinx/interface/maxi.hlp "
@I [HLS-100] Command 'ap_source' returned 0; elapsed 8.2e-05Total elapsed time: 3.287 sec.
@I [HLS-100] Command "source /home/littlefoot/vivado/Vivado_HLS/2015.2/common/technology/xilinx/interface/saxilite.hlp "
@I [HLS-100] Command 'ap_source' returned 0; elapsed 7.1e-05Total elapsed time: 3.287 sec.
@I [HLS-100] Command 'ap_source' returned 0; elapsed 0.000264Total elapsed time: 3.287 sec.
@I [HLS-100] Command "source /home/littlefoot/vivado/Vivado_HLS/2015.2/common/technology/xilinx/common/dsp48.hlp "
@I [HLS-100] Command 'ap_source' returned 0; elapsed 0.000436Total elapsed time: 3.288 sec.
@I [HLS-100] Command 'ap_source' returned 0; elapsed 0.001832Total elapsed time: 3.289 sec.
@I [HLS-100] Command 'ap_source' returned 0; elapsed 0.002322Total elapsed time: 3.289 sec.
@I [HLS-100] Command 'import_lib' returned 0; elapsed 0.013577Total elapsed time: 3.293 sec.
@I [HLS-100] Command "source /home/littlefoot/vivado/Vivado_HLS/2015.2/common/technology/xilinx/zynq/zynq_fpv6.gen "
@I [HLS-100] Command "source /home/littlefoot/vivado/Vivado_HLS/2015.2/common/technology/xilinx/common/xilinx_fpv6.gen "
@I [HLS-100] Command 'ap_source' returned 0; elapsed 0.001223Total elapsed time: 3.294 sec.
@I [HLS-100] Command 'ap_source' returned 0; elapsed 0.001321Total elapsed time: 3.294 sec.
@I [HLS-100] Command "set_part xc7z020clg484-1 "
@I [HLS-100] Command "add_library xilinx/zynq/zynq:xc7z020:clg484:-1 "
@I [HLS-100] Command "get_default_platform "
@I [HLS-100] Command 'get_default_platform' returned 0; elapsed 5e-06Total elapsed time: 3.297 sec.
@I [HLS-100] Command "license_exists VIVADO_HLS "
@I [HLS-100] Command 'license_exists' returned 1; elapsed 0.003328Total elapsed time: 3.636 sec.
@I [HLS-100] Command "license_exists ap_opencl "
@I [HLS-100] Command 'license_exists' returned 1; elapsed 0.003355Total elapsed time: 3.951 sec.
@I [HLS-100] Command "license_exists ap_sdsoc "
@I [HLS-100] Command 'license_exists' returned 1; elapsed 0.003217Total elapsed time: 4.287 sec.
@I [HLS-100] Command "license_exists AUTOESL_NI "
@I [HLS-100] Command 'license_exists' returned 1; elapsed 0.003119Total elapsed time: 4.492 sec.
@I [HLS-100] Command "license_exists HLS "
@I [HLS-100] Command 'license_exists' returned 0; elapsed 1.2e-05Total elapsed time: 4.493 sec.
@I [HLS-100] Command "get_default_platform "
@I [HLS-100] Command 'get_default_platform' returned 0; elapsed 1.7e-05Total elapsed time: 4.494 sec.
@I [HLS-100] Command "config_chip_info -quiet -resource  {SLICE 13300}  {LUT 53200}     {FF 106400} {DSP48E 220}   {BRAM 280}  "
@I [HLS-100] Command 'config_chip_info' returned 0; elapsed 1.8e-05Total elapsed time: 4.494 sec.
@I [HLS-100] Command "config_chip_info -quiet -speed slow "
@I [HLS-100] Command 'config_chip_info' returned 0; elapsed 5e-06Total elapsed time: 4.494 sec.
@I [HLS-100] Command 'add_library' returned 0; elapsed 0.016656Total elapsed time: 4.495 sec.
@I [HLS-100] Command "add_library xilinx/zynq/zynq_fpv6 "
@I [HLS-100] Command "get_default_platform "
@I [HLS-100] Command 'get_default_platform' returned 0; elapsed 4e-06Total elapsed time: 4.496 sec.
@I [HLS-100] Command "license_exists VIVADO_HLS "
@I [HLS-100] Command 'license_exists' returned 1; elapsed 0.002957Total elapsed time: 4.716 sec.
@I [HLS-100] Command "license_exists ap_opencl "
@I [HLS-100] Command 'license_exists' returned 1; elapsed 0.003044Total elapsed time: 4.975 sec.
@I [HLS-100] Command "license_exists ap_sdsoc "
@I [HLS-100] Command 'license_exists' returned 1; elapsed 0.003089Total elapsed time: 5.200 sec.
@I [HLS-100] Command "license_exists AUTOESL_NI "
@I [HLS-100] Command 'license_exists' returned 1; elapsed 0.00308Total elapsed time: 5.582 sec.
@I [HLS-100] Command "license_exists HLS "
@I [HLS-100] Command 'license_exists' returned 0; elapsed 1e-05Total elapsed time: 5.582 sec.
@I [HLS-100] Command 'add_library' returned 0; elapsed 0.014481Total elapsed time: 5.583 sec.
@I [HLS-10] Setting target device to 'xc7z020clg484-1'
@I [HLS-100] Command 'set_part' returned 0; elapsed 0.033616Total elapsed time: 5.583 sec.
@I [HLS-100] Command "get_default_platform "
@I [HLS-100] Command 'get_default_platform' returned 0; elapsed 6e-06Total elapsed time: 5.583 sec.
@I [HLS-100] Command "config_chip_info -quiet -resource  {SLICE 13300}  {LUT 53200}     {FF 106400} {DSP48E 220}   {BRAM 280}  "
@I [HLS-100] Command 'config_chip_info' returned 0; elapsed 1.7e-05Total elapsed time: 5.583 sec.
@I [HLS-100] Command "config_chip_info -quiet -speed slow "
@I [HLS-100] Command 'config_chip_info' returned 0; elapsed 5e-06Total elapsed time: 5.583 sec.
@I [HLS-100] Command 'open_solution' returned 0; elapsed 0.220562Total elapsed time: 5.584 sec.
@I [HLS-100] Command "set_part xc7z020clg484-1 "
@I [HLS-100] Command "add_library xilinx/zynq/zynq:xc7z020:clg484:-1 "
@I [HLS-100] Command "get_default_platform "
@I [HLS-100] Command 'get_default_platform' returned 0; elapsed 6e-06Total elapsed time: 5.585 sec.
@I [HLS-100] Command "license_exists VIVADO_HLS "
@I [HLS-100] Command 'license_exists' returned 1; elapsed 0.003517Total elapsed time: 5.897 sec.
@I [HLS-100] Command "license_exists ap_opencl "
@I [HLS-100] Command 'license_exists' returned 1; elapsed 0.003189Total elapsed time: 6.130 sec.
@I [HLS-100] Command "license_exists ap_sdsoc "
@I [HLS-100] Command 'license_exists' returned 1; elapsed 0.003195Total elapsed time: 6.345 sec.
@I [HLS-100] Command "license_exists AUTOESL_NI "
@I [HLS-100] Command 'license_exists' returned 1; elapsed 0.003369Total elapsed time: 6.591 sec.
@I [HLS-100] Command "license_exists HLS "
@I [HLS-100] Command 'license_exists' returned 0; elapsed 1e-05Total elapsed time: 6.592 sec.
@I [HLS-100] Command "get_default_platform "
@I [HLS-100] Command 'get_default_platform' returned 0; elapsed 6e-06Total elapsed time: 6.592 sec.
@I [HLS-100] Command "config_chip_info -quiet -resource  {SLICE 13300}  {LUT 53200}     {FF 106400} {DSP48E 220}   {BRAM 280}  "
@I [HLS-100] Command 'config_chip_info' returned 0; elapsed 2e-05Total elapsed time: 6.593 sec.
@I [HLS-100] Command "config_chip_info -quiet -speed slow "
@I [HLS-100] Command 'config_chip_info' returned 0; elapsed 4e-06Total elapsed time: 6.593 sec.
@I [HLS-100] Command 'add_library' returned 0; elapsed 0.016195Total elapsed time: 6.593 sec.
@I [HLS-100] Command "add_library xilinx/zynq/zynq_fpv6 "
@I [HLS-100] Command "get_default_platform "
@I [HLS-100] Command 'get_default_platform' returned 0; elapsed 3e-06Total elapsed time: 6.594 sec.
@I [HLS-100] Command "license_exists VIVADO_HLS "
@I [HLS-100] Command 'license_exists' returned 1; elapsed 0.003118Total elapsed time: 6.828 sec.
@I [HLS-100] Command "license_exists ap_opencl "
@I [HLS-100] Command 'license_exists' returned 1; elapsed 0.003111Total elapsed time: 7.67 sec.
@I [HLS-100] Command "license_exists ap_sdsoc "
@I [HLS-100] Command 'license_exists' returned 1; elapsed 0.003278Total elapsed time: 7.297 sec.
@I [HLS-100] Command "license_exists AUTOESL_NI "
@I [HLS-100] Command 'license_exists' returned 1; elapsed 0.003117Total elapsed time: 7.523 sec.
@I [HLS-100] Command "license_exists HLS "
@I [HLS-100] Command 'license_exists' returned 0; elapsed 1e-05Total elapsed time: 7.523 sec.
@I [HLS-100] Command 'add_library' returned 0; elapsed 0.014525Total elapsed time: 7.524 sec.
@I [HLS-100] Command 'set_part' returned 0; elapsed 0.032032Total elapsed time: 7.524 sec.
@I [HLS-100] Command "create_clock -period 10 -name default "
@I [HLS-100] Command 'create_clock' returned 0; elapsed 0.000946Total elapsed time: 7.525 sec.
@I [HLS-100] Command "csynth_design "
@I [HLS-100] Command "elaborate -effort=medium -skip_syncheck=0 -lm=0 -skip_cdt=0 -skip_transform=0 -ng=0 -g=0 -opt_fp=0 "
@I [HLS-10] Analyzing design file 'cnn_layer_2/.settings/feature_descriminator.c' ... 
@0 [HLS-0] Analyzing design file 'cnn_layer_2/.settings/feature_descriminator.c' ... 
@I [HLS-0] Compiling one TU...
@I [HLS-0] 
Checking before pre-process: exec clang -fno-limit-debug-info -gcc-toolchain "/home/littlefoot/vivado/Vivado_HLS/2015.2/lnx64/tools/gcc" -hls    -fno-math-errno -c -emit-llvm -O0  -mllvm -disable-llvm-optzns -std=gnu89   -DAESL_SYN -D__SYNTHESIS__ -D__HLS_SYN__ -I "/home/littlefoot/vivado/Vivado_HLS/2015.2/common/technology/autopilot" -I "/home/littlefoot/vivado/Vivado_HLS/2015.2/common/technology/autopilot/ap_sysc" -include etc/autopilot_ssdm_op.h  "cnn_layer_2/.settings/feature_descriminator.c"  -o "/home/littlefoot/18643_project/Hardware-Accel/HW/cnn_layer_2/solution1/.autopilot/db/feature_descriminator.pp.00.o"

@I [HLS-100] Command "is_encrypted /home/littlefoot/18643_project/Hardware-Accel/HW/cnn_layer_2/solution1/.autopilot/db/feature_descriminator.pp.00.o "
@I [HLS-100] Command 'is_encrypted' returned 0; elapsed 9.5e-05Total elapsed time: 7.601 sec.
@I [HLS-0] Syntax Checker time: 0 seconds per iteration
@I [HLS-0] 
Source preprocessing: exec clang -fno-limit-debug-info -gcc-toolchain "/home/littlefoot/vivado/Vivado_HLS/2015.2/lnx64/tools/gcc" -hls -fno-exceptions  -D__llvm__  -CC -E "cnn_layer_2/.settings/feature_descriminator.c"     -fno-math-errno -c -emit-llvm -O0  -mllvm -disable-llvm-optzns -std=gnu89   -DAESL_SYN -D__SYNTHESIS__ -D__HLS_SYN__ -I "/home/littlefoot/vivado/Vivado_HLS/2015.2/common/technology/autopilot" -I "/home/littlefoot/vivado/Vivado_HLS/2015.2/common/technology/autopilot/ap_sysc" -include etc/autopilot_ssdm_op.h  -o "/home/littlefoot/18643_project/Hardware-Accel/HW/cnn_layer_2/solution1/.autopilot/db/feature_descriminator.pp.0.c"

@I [HLS-0] GCC PP time: 0 seconds per iteration
@I [HLS-100] Command "list_core -type functional_unit "
@I [HLS-100] Command 'list_core' returned 0; elapsed 9e-05Total elapsed time: 7.655 sec.
@I [HLS-0] Marker-Pragma convertor: /home/littlefoot/18643_project/Hardware-Accel/HW/cnn_layer_2/solution1/.autopilot/db/feature_descriminator.pp.0.c /home/littlefoot/18643_project/Hardware-Accel/HW/cnn_layer_2/solution1/.autopilot/db/feature_descriminator.pp.0.c.ap-line.c /home/littlefoot/18643_project/Hardware-Accel/HW/cnn_layer_2/solution1/.autopilot/db/feature_descriminator.pp.0.c.ap-line.c.CXX 1
@I [HLS-0] 
Source processor: exec /home/littlefoot/vivado/Vivado_HLS/2015.2/tps/lnx64/jre/bin/java -Xmx512m -classpath   "/home/littlefoot/vivado/Vivado_HLS/2015.2/lib/classes/autopilot.sourceprocessor.jar:/home/littlefoot/vivado/Vivado_HLS/2015.2/lib/classes/org.eclipse.cdt.core_5.3.0.xilinx_patch.jar:/home/littlefoot/vivado/Vivado_HLS/2015.2/lib/classes/org.eclipse.core.runtime_3.7.0.v20110110.jar:/home/littlefoot/vivado/Vivado_HLS/2015.2/lib/classes/org.eclipse.equinox.common_3.6.0.v20110523.jar:/home/littlefoot/vivado/Vivado_HLS/2015.2/lib/classes/com.ibm.icu_4.4.2.v20110208.jar:/home/littlefoot/vivado/Vivado_HLS/2015.2/lib/classes/jargs.jar:/home/littlefoot/vivado/Vivado_HLS/2015.2/lnx64/tools/eclipse/plugins/org.eclipse.emf.common_2.10.0.v20140514-1158.jar:/home/littlefoot/vivado/Vivado_HLS/2015.2/lnx64/tools/eclipse/plugins/org.eclipse.emf.ecore_2.10.0.v20140514-1158.jar:/home/littlefoot/vivado/Vivado_HLS/2015.2/lnx64/tools/eclipse/plugins/org.eclipse.emf.ecore.xmi_2.10.0.v20140514-1158.jar:/home/littlefoot/vivado/Vivado_HLS/2015.2/lnx64/tools/eclipse/plugins/com.autoesl.autopilot.ui.directiveFileModel_1.0.0.jar:/home/littlefoot/vivado/Vivado_HLS/2015.2/lnx64/tools/eclipse/plugins/com.autoesl.autopilot.ui.common_1.0.0.jar"  autopilot.sourceprocessor.CParser  "/home/littlefoot/18643_project/Hardware-Accel/HW/cnn_layer_2/solution1/.autopilot/db/feature_descriminator.pp.0.c.ap-line.c"  -m "feature_extractor" -o "/home/littlefoot/18643_project/Hardware-Accel/HW/cnn_layer_2/solution1/.autopilot/db/feature_descriminator.pp.0.c.ap-cdt.c" -c --pp --directive /home/littlefoot/18643_project/Hardware-Accel/HW/cnn_layer_2/solution1/solution1.directive --source /home/littlefoot/18643_project/Hardware-Accel/HW/cnn_layer_2/.settings/feature_descriminator.c --error /home/littlefoot/18643_project/Hardware-Accel/HW/cnn_layer_2/solution1/.autopilot/db --funcunit "AddSub AddSub_DSP AddSubnS DAddSub_fulldsp DAddSub_nodsp DDiv DExp_fulldsp DExp_meddsp DExp_nodsp DLog_fulldsp DLog_meddsp DLog_nodsp DMul_fulldsp DMul_maxdsp DMul_meddsp DMul_nodsp DRSqrt DRecip DSqrt DivnS FAddSub_fulldsp FAddSub_nodsp FDiv FExp_fulldsp FExp_meddsp FExp_nodsp FLog_fulldsp FLog_meddsp FLog_nodsp FMul_fulldsp FMul_maxdsp FMul_meddsp FMul_nodsp FRSqrt_fulldsp FRSqrt_nodsp FRecip_fulldsp FRecip_nodsp FSqrt Mul Mul2S Mul3S Mul4S Mul5S Mul6S MulnS MuxnS" --ca --gf --df --pd --p2d /home/littlefoot/18643_project/Hardware-Accel/HW/cnn_layer_2/solution1/.autopilot/db --sd --scff /home/littlefoot/18643_project/Hardware-Accel/HW/cnn_layer_2/solution1/.autopilot/db/.systemc_flag --ad

@I [HLS-0] Marker-Pragma convertor: /home/littlefoot/18643_project/Hardware-Accel/HW/cnn_layer_2/solution1/.autopilot/db/feature_descriminator.pp.0.c.ap-cdt.c /home/littlefoot/18643_project/Hardware-Accel/HW/cnn_layer_2/solution1/.autopilot/db/feature_descriminator.pragma.0.c /home/littlefoot/18643_project/Hardware-Accel/HW/cnn_layer_2/solution1/.autopilot/db/feature_descriminator.pragma.0.c.ap-line.CXX 0
@I [HLS-100] Command "source /home/littlefoot/18643_project/Hardware-Accel/HW/cnn_layer_2/solution1/.autopilot/db/pragma.status.tcl "
@I [HLS-100] Command 'ap_source' returned 0; elapsed 6.4e-05Total elapsed time: 8.921 sec.
@I [HLS-0] CDT processor time: 1 seconds per iteration
@I [HLS-0] Pragma handling time: 0 seconds per iteration
@I [HLS-0] 
Source preprocessing: exec clang -fno-limit-debug-info -gcc-toolchain "/home/littlefoot/vivado/Vivado_HLS/2015.2/lnx64/tools/gcc" -hls -fno-exceptions  -D__llvm__  -CC -E "/home/littlefoot/18643_project/Hardware-Accel/HW/cnn_layer_2/solution1/.autopilot/db/feature_descriminator.pragma.1.c"     -fno-math-errno -c -emit-llvm -O0  -mllvm -disable-llvm-optzns -std=gnu89   -DAESL_SYN -D__SYNTHESIS__ -D__HLS_SYN__ -I "/home/littlefoot/vivado/Vivado_HLS/2015.2/common/technology/autopilot" -I "/home/littlefoot/vivado/Vivado_HLS/2015.2/common/technology/autopilot/ap_sysc" -include etc/autopilot_ssdm_op.h  -o "/home/littlefoot/18643_project/Hardware-Accel/HW/cnn_layer_2/solution1/.autopilot/db/feature_descriminator.pragma.2.c"

@I [HLS-0] exec clang -fno-limit-debug-info -gcc-toolchain /home/littlefoot/vivado/Vivado_HLS/2015.2/lnx64/tools/gcc -hls -hls-analyze-label -hls-analyze-pragma -fno-exceptions  -D__llvm__  -w  "/home/littlefoot/18643_project/Hardware-Accel/HW/cnn_layer_2/solution1/.autopilot/db/feature_descriminator.pragma.2.c"    -fno-math-errno -c -emit-llvm -O0  -mllvm -disable-llvm-optzns -std=gnu89  -DAESL_SYN -D__SYNTHESIS__ -D__HLS_SYN__ -I "/home/littlefoot/vivado/Vivado_HLS/2015.2/common/technology/autopilot" -I "/home/littlefoot/vivado/Vivado_HLS/2015.2/common/technology/autopilot/ap_sysc" -include etc/autopilot_ssdm_op.h -g -o "/home/littlefoot/18643_project/Hardware-Accel/HW/cnn_layer_2/solution1/.autopilot/db/feature_descriminator.g.bc"
@I [HLS-10] Validating synthesis directives ...
@0 [HLS-0] Validating synthesis directives ...
@I [HLS-100] Command "source /home/littlefoot/18643_project/Hardware-Accel/HW/cnn_layer_2/solution1/.autopilot/db/pragma.status.tcl "
@I [HLS-100] Command 'ap_source' returned 0; elapsed 8.4e-05Total elapsed time: 9.81 sec.
@I [HLS-0] Linking all ...
@I [HLS-0] exec llvm-ld  "/home/littlefoot/18643_project/Hardware-Accel/HW/cnn_layer_2/solution1/.autopilot/db/feature_descriminator.bc"  -disable-opt  -L/home/littlefoot/vivado/Vivado_HLS/2015.2/lnx64/lib -lm_basic -o "/home/littlefoot/18643_project/Hardware-Accel/HW/cnn_layer_2/solution1/.autopilot/db/a.o.pre"
@I [HLS-0] Link time: 0 seconds per iteration
@I [HLS-0] Linking all ...
@I [HLS-0] exec llvm-ld  "/home/littlefoot/18643_project/Hardware-Accel/HW/cnn_layer_2/solution1/.autopilot/db/feature_descriminator.g.bc"  -disable-opt  -L/home/littlefoot/vivado/Vivado_HLS/2015.2/lnx64/lib -lm_basic -o "/home/littlefoot/18643_project/Hardware-Accel/HW/cnn_layer_2/solution1/.autopilot/db/a.g.pre"
@I [HLS-0] Link time: 0 seconds per iteration
@I [HLS-100] Command "opt_and_import_c a -opt_level=2 -skip_syncheck=0 -ng=0 "
@I [HLS-100] Command "cleanup_all_models "
@I [HLS-100] Command 'cleanup_all_models' returned 0; elapsed 1.2e-05Total elapsed time: 9.188 sec.
@I [HLS-10] Starting code transformations ...
@0 [HLS-0] Starting code transformations ...
@I [HLS-0] std xform: transform -hls -share-std-xform -always-inline -promote-dbg-pointer  -interface-preproc  -scalarrepl -mem2reg -keep-read-access -instcombine -dce  -promote-dbg-pointer  -bitop-raise  -indvars -loop-simplify -xunroll  -constprop -instcombine -simplifycfg -indvars  -simplifycfg -dce -globaldce  -basicaa  -simplifycfg -mem2reg -globalopt  -global-constprop -deadargelim -instcombine -simplifycfg  -prune-eh -simplifycfg  -scalarrepl -instcombine -reassociate -licm  -simplifycfg -loop-simplify -indvars -instcombine  -simplifycfg -mem2reg -loop-simplify -indvars -instcombine  -gvn -gvn -instcombine -adce  -break-crit-edges  -simplifycfg -loop-delete  -global-array-opt -dce -dse -adce  -find-syn-modules -top feature_extractor  -deadargelim  -mem2reg -instcombine -dce  -presyn-prepare -auto-rom-infer  -interface-preproc  -syn-check -check-rec-only  -find-region -simplifycfg -func-extr -function-inline  -globaldce -mem2reg -instcombine -dce   -gvn -globaldce -adce -adse  -constprop -instcombine -bit-constprop  -instcombine -dce -simplifycfg -bitop-raise  -simplifycfg -dce -loop-delete -reassociate  -globalopt -global-privatize -mem2reg -dce  -global-constprop -pointer-simplify -constprop -dce  -func-inst -deadargelim  -promote-dbg-pointer  -norm-name   /home/littlefoot/18643_project/Hardware-Accel/HW/cnn_layer_2/solution1/.autopilot/db/a.g.0.bc -o /home/littlefoot/18643_project/Hardware-Accel/HW/cnn_layer_2/solution1/.autopilot/db/a.g.1.bc -f  -phase std-opt
@I [XFORM-603] Inlining function 'max' into 'relu' (cnn_layer_2/.settings/feature_descriminator.c:61).
@I [XFORM-603] Inlining function 'ap_fixed_base<78, 55, false, (ap_q_mode)5, (ap_o_mode)3, 0>::operator<<' into 'hls::cast_IEEE754<int, float>' (/wrk/buildscratch/2015.2/continuous/20150626163259/src/products/hls/hls_lib/src/hls/hls_round.h:371).
@I [XFORM-603] Inlining function 'ap_fixed_base<1, 33, false, (ap_q_mode)5, (ap_o_mode)0, 0>::overflow_adjust' into 'ap_fixed_base<1, 33, false, (ap_q_mode)5, (ap_o_mode)0, 0>::ap_fixed_base<55, 55, false, (ap_q_mode)5, (ap_o_mode)3, 0>' ().
@I [HLS-0] Std xform time: 1 seconds per iteration
@I [HLS-100] Command "is_encrypted /home/littlefoot/18643_project/Hardware-Accel/HW/cnn_layer_2/solution1/.autopilot/db/a.g.1.bc "
@I [HLS-100] Command 'is_encrypted' returned 0; elapsed 8.7e-05Total elapsed time: 11.985 sec.
@I [HLS-10] Checking synthesizability ...
@0 [HLS-0] Checking synthesizability ...
@I [HLS-0] syn check 1/2: transform -hls -syn-check -check-rec-only -disaggr -scalarrepl -norm-name -dce  -mem2reg -instcombine  -function-uniquify -directive-preproc -mem2reg -dse -dce -auto-rom-infer -dce  -array-normalize -instcombine -dce  -array-seg-normalize -instcombine -dce  -array-flatten -instcombine -dce  -array-burst -dce  -deadargelim -promote-global-argument  -function-inline -globaldce -dce  -doublePtrSimplify -doublePtrElim -dce  -doublePtrSimplify -promote-dbg-pointer  -dce -scalarrepl -dse -adse -instcombine  -ptrLegalization  -simplifycfg -dce -instcombine  -pointer-simplify -ptrArgReplace -dce -instcombine   -disaggr -scalarrepl -norm-name -dce  -mem2reg -instcombine -ptrLegalization   -simplifycfg -deadargelim  -instcombine -dce -inst-simplify  -function-uniquify -directive-preproc -mem2reg -dse -dce  -globaldce    /home/littlefoot/18643_project/Hardware-Accel/HW/cnn_layer_2/solution1/.autopilot/db/a.g.1.bc -o /home/littlefoot/18643_project/Hardware-Accel/HW/cnn_layer_2/solution1/.autopilot/db/a.g.2.prechk.bc -f
@I [XFORM-602] Inlining function 'fp_struct<float>::mantissa' into 'hls::cast_IEEE754<int, float>' (/wrk/buildscratch/2015.2/continuous/20150626163259/src/products/hls/hls_lib/src/hls/hls_round.h:368) automatically.
@I [XFORM-602] Inlining function 'fp_struct<float>::expv' into 'hls::cast_IEEE754<int, float>' (/wrk/buildscratch/2015.2/continuous/20150626163259/src/products/hls/hls_lib/src/hls/hls_round.h:371) automatically.
@I [XFORM-602] Inlining function 'fp_struct<float>::__signbit' into 'hls::cast_IEEE754<int, float>' (/wrk/buildscratch/2015.2/continuous/20150626163259/src/products/hls/hls_lib/src/hls/hls_round.h:383) automatically.
@I [XFORM-602] Inlining function '__hls_fptosi_float_i32' into 'maxpool' (cnn_layer_2/.settings/feature_descriminator.c:76) automatically.
@I [XFORM-602] Inlining function 'relu' into 'feature_extractor' (cnn_layer_2/.settings/feature_descriminator.c:26) automatically.
@I [HLS-0] Syn check 1/2 time: 0 seconds per iteration
@I [HLS-0] syn check 2/2: transform -syn-check   /home/littlefoot/18643_project/Hardware-Accel/HW/cnn_layer_2/solution1/.autopilot/db/a.g.2.prechk.bc -o /home/littlefoot/18643_project/Hardware-Accel/HW/cnn_layer_2/solution1/.autopilot/db/a.g.2.bc -f  -phase syn-check
@I [HLS-0] Syn check 2/2 time: 0 seconds per iteration
@I [HLS-0] Compiler optimizing ...
@I [HLS-0] Share syncheck's 1.bc for syn flow: copy /home/littlefoot/18643_project/Hardware-Accel/HW/cnn_layer_2/solution1/.autopilot/db/a.g.1.bc to /home/littlefoot/18643_project/Hardware-Accel/HW/cnn_layer_2/solution1/.autopilot/db/a.o.1.bc
@I [HLS-0] presyn 1: transform -hls -tmp /home/littlefoot/18643_project/Hardware-Accel/HW/cnn_layer_2/solution1/.autopilot/db -type-info  -function-uniquify -directive-preproc -mem2reg -dse -dce  -disaggr -scalarrepl -norm-name -deadargelim  -mem2reg -instcombine -dce -auto-rom-infer -dce -function-uniquify  -clib-intrinsic-prepare -dce  -func-buffer -dce -array-normalize  -func-legal -instcombine -gvn -constprop -dce   -ptrArgReplace -mem2reg -instcombine -dce  -array-seg-normalize -deadargelim  -instcombine -dce  -pointer-simplify -dce  -port-alignment -dce  -interface-preproc  -data-pack -instcombine -dce   -basicaa -aggr-aa -aggrmodref-aa -aggr-aa -gvn -gvn  -basicaa -aggr-aa -aggrmodref-aa -aggr-aa -dse -adse -adce  -loop-simplify -indvars -instcombine  -gvn -loop-simplify -mem2reg -dce -simplifycfg  -find-region -instcombine  -auto-loop-pipeline  -inst-simplify  -interface-preproc  -indvars -auto-loop-unroll -loop-simplify -loop-bound -xunroll  -constprop -instcombine -simplifycfg -indvars  -simplifycfg -dce -globaldce  -attach-range  -gvn -disable-agg-range -inst-simplify  -constprop -simplifycfg -dce  -pointer-simplify -dce  -globalopt -constprop -dce  -array-promote -constprop -instcombine -dce  -ptrArgReplace -mem2reg  -instcombine -simplifycfg -dce  -auto-par -instcombine -dce  -array-transform-check  -array-reshape -instcombine -simplifycfg -dce  -ptrArgReplace -deadargelim -mem2reg  -instcombine -simplifycfg -dce   -array-partition -instcombine -simplifycfg -dce  -ptrArgReplace -global-constprop -deadargelim -mem2reg  -func-legal -instcombine -dce -global-constprop -deadargelim -mem2reg  -instcombine -simplifycfg -dce   -globalopt -constprop -dce  -array-promote -constprop -instcombine -dce  -ptrArgReplace -mem2reg  -instcombine -simplifycfg -dce   -mem-intrinsic-preproc -dce  -global-privatize  -mem2reg -globaldce  -promote-global-argument  -ptrArgReplace -mem2reg -instcombine -dce  -globalopt -mergereturn -simplify-global-access -mem2reg -dce  -pointer-simplify -dce  -functionattrs  -basicaa -aggr-aa -aggrmodref-aa -aggr-aa -gvn -gvn  -basicaa -aggr-aa -aggrmodref-aa -aggr-aa -dse -adse -adce  -inst-simplify -dce -norm-name  -function-inline -globaldce  -func-inst -constprop -instcombine -simplifycfg -dce  -func-legal -dce   -loop-bound  -arraycheck -bitwidthmin -on-by-dataflow  -loop-delete -instcombine -simplifycfg -dce -loop-simplify -clean-region -simplifycfg -loop-stream -instcombine -simplifycfg -dce -globaldce  -stream-intrinsic-preproc -dce  -check-ap-stream -check-dataflow-syntax  -legalize-stream-variable -legalize-global -legalize-global-1  -extract-subproc -scalar-propagation -globaldce -mem2reg  -check-dataflow-channels -function-stream -dce -globaldce  -prop-fifo-spec -internal-stream-gen  -array-streaming -instcombine -simplifycfg -dce    -function-uniquify -directive-preproc -mem2reg -dse -dce  -group-axi-access    -simplifycfg -dce -loop-delete  -norm-name  /home/littlefoot/18643_project/Hardware-Accel/HW/cnn_layer_2/solution1/.autopilot/db/a.o.1.bc -o /home/littlefoot/18643_project/Hardware-Accel/HW/cnn_layer_2/solution1/.autopilot/db/a.o.1.tmp.bc -f
@I [XFORM-602] Inlining function 'fp_struct<float>::mantissa' into 'hls::cast_IEEE754<int, float>' (/wrk/buildscratch/2015.2/continuous/20150626163259/src/products/hls/hls_lib/src/hls/hls_round.h:368) automatically.
@I [XFORM-602] Inlining function 'fp_struct<float>::expv' into 'hls::cast_IEEE754<int, float>' (/wrk/buildscratch/2015.2/continuous/20150626163259/src/products/hls/hls_lib/src/hls/hls_round.h:371) automatically.
@I [XFORM-602] Inlining function 'fp_struct<float>::__signbit' into 'hls::cast_IEEE754<int, float>' (/wrk/buildscratch/2015.2/continuous/20150626163259/src/products/hls/hls_lib/src/hls/hls_round.h:383) automatically.
@I [XFORM-602] Inlining function 'hls::cast_IEEE754<int, float>' into '__hls_fptosi_float_i32' (/wrk/buildscratch/2015.2/continuous/20150626163259/src/products/hls/hls_lib/src/lib_floatconversion.cpp:39) automatically.
@I [XFORM-602] Inlining function '__hls_fptosi_float_i32' into 'maxpool' (cnn_layer_2/.settings/feature_descriminator.c:76) automatically.
@I [XFORM-602] Inlining function 'relu' into 'feature_extractor' (cnn_layer_2/.settings/feature_descriminator.c:26) automatically.
@I [HLS-0] Presyn 1 time: 0 seconds per iteration
@I [HLS-0] presyn 2: transform -hls -keep-callgraph -scalarrepl -mem2reg  -port-alignment -attach-range -dce  -pipe-mux-gen  -indvars -loop-bound  -inst-simplify -instcombine -dce  -merge-array-access -mem2reg -dce  -clean-region -mergereturn -if-conv  -instcombine -dce -constprop  -basicaa -aggr-aa -aggrmodref-aa -aggr-aa -gvn -gvn  -basicaa -aggr-aa -aggrmodref-aa -aggr-aa -dse -adse -adce  -scalarrepl -mem2reg  -global-constprop -deadargelim -deadargelim  -instcombine -dce -simplifycfg    -ptrArgReplace -mem2reg -function-inline  -globaldce -mem2reg -instcombine -dce -expr-balance  -instcombine -dce  -bitwidthmin  -directive-preproc  -inst-rectify -instcombine -dce  -functionattrs  -constprop -instcombine -bit-constprop  -simplify-global-access  -globalopt -globaldce  -inst-simplify -instcombine -elimdeaddata -dce  -loop-delete -simplifycfg   -norm-name /home/littlefoot/18643_project/Hardware-Accel/HW/cnn_layer_2/solution1/.autopilot/db/a.o.1.tmp.bc -o /home/littlefoot/18643_project/Hardware-Accel/HW/cnn_layer_2/solution1/.autopilot/db/a.o.2.bc -f  -phase presyn
@I [XFORM-401] Performing if-conversion on hyperblock from (cnn_layer_2/.settings/feature_descriminator.c:75:11) to (cnn_layer_2/.settings/feature_descriminator.c:74:28) in function 'maxpool'... converting 6 basic blocks.
@I [HLS-0] Presyn 2 time: 0 seconds per iteration
@I [HLS-100] Command "is_encrypted /home/littlefoot/18643_project/Hardware-Accel/HW/cnn_layer_2/solution1/.autopilot/db/a.o.2.bc "
@I [HLS-100] Command 'is_encrypted' returned 0; elapsed 6.1e-05Total elapsed time: 15.126 sec.
@I [HLS-0] build ssdm: transform -hls -function-uniquify -auto-function-inline -globaldce  -ptrArgReplace -mem2reg -instcombine -dce  -loop-simplify -indvars -licm -loop-dep  -loop-bound -licm -loop-simplify -flattenloopnest  -array-flatten -gvn -instcombine -dce  -array-map -dce -func-legal  -gvn -adce -instcombine -cfgopt -simplifycfg -loop-simplify   -array-burst -promote-global-argument -dce  -axi4-lower -array-seg-normalize  -basicaa -aggrmodref-aa -globalsmodref-aa -aggr-aa -gvn -gvn  -basicaa -aggrmodref-aa -globalsmodref-aa -aggr-aa -dse -adse -adce -licm  -inst-simplify -dce  -globaldce -array-streaming -instcombine  -dce   -deadargelim -doublePtrSimplify  -doublePtrElim -dce -doublePtrSimplify -promote-dbg-pointer  -dce -scalarrepl -mem2reg -disaggr -norm-name -mem2reg  -instcombine  -dse -adse -adce -ptrLegalization -dce -auto-rom-infer -array-flatten -dce -instcombine  -loop-rot -constprop -cfgopt -simplifycfg -loop-simplify -indvars -pointer-simplify -dce -loop-bound  -loop-simplify -loop-preproc  -constprop -global-constprop -gvn -mem2reg -instcombine -dce  -loop-merge -dce  -bitwidthmin  -scalar-propagation -globaldce -mem2reg  -interface-preproc -interface-gen  -deadargelim -directive-preproc -inst-simplify -dce  -gvn -mem2reg -instcombine -dce -adse  -loop-bound  -instcombine -cfgopt -simplifycfg -loop-simplify  -clean-region -io-protocol  -find-region -mem2reg  -bitop-raise  -inst-simplify -inst-rectify -instcombine -adce -deadargelim  -loop-simplify -phi-opt -bitop-raise  -cfgopt -simplifycfg -strip-dead-prototypes  -interface-lower -bitop-lower -intrinsic-lower -auto-function-inline  -basicaa -aggrmodref-aa -globalsmodref-aa -aggr-aa  -inst-simplify -simplifycfg   -mergereturn -inst-simplify -inst-rectify  -dce -bitop-lower  -loop-rewind -pointer-simplify -dce -cfgopt  -norm-name -legalize -read-loop-dep -dce -bitwidth   -cdfg-build  /home/littlefoot/18643_project/Hardware-Accel/HW/cnn_layer_2/solution1/.autopilot/db/a.o.2.bc -o /home/littlefoot/18643_project/Hardware-Accel/HW/cnn_layer_2/solution1/.autopilot/db/a.o.3.bc -f  -phase build-ssdm
@I [HLS-0] Build ssdm time: 1 seconds per iteration
@I [HLS-100] Command "is_encrypted /home/littlefoot/18643_project/Hardware-Accel/HW/cnn_layer_2/solution1/.autopilot/db/a.o.3.bc "
@I [HLS-100] Command 'is_encrypted' returned 0; elapsed 6.3e-05Total elapsed time: 18.66 sec.
@I [HLS-0] Finish building internal data model.
@I [HLS-100] Command 'opt_and_import_c' returned 0; elapsed 5.50908Total elapsed time: 18.490 sec.
@I [HLS-111] Elapsed time: 6.14857 seconds; current memory usage: 288 MB.
@I [HLS-100] Command 'elaborate' returned 0; elapsed 5.68204Total elapsed time: 18.496 sec.
@I [HLS-100] Command "autosyn "
@I [HLS-10] Starting hardware synthesis ...
@0 [HLS-0] Starting hardware synthesis ...
@I [HLS-0] Synthesizing C/C++ design ...
@I [HLS-10] Synthesizing 'feature_extractor' ...
@0 [HLS-0] Synthesizing 'feature_extractor' ...
@I [HLS-100] Command "ap_set_top_model feature_extractor "
@I [HLS-100] Command 'ap_set_top_model' returned 0; elapsed 0.00011Total elapsed time: 18.497 sec.
@I [HLS-100] Command "get_model_list feature_extractor -filter all-wo-channel -topdown "
@I [HLS-100] Command 'get_model_list' returned 0; elapsed 3.4e-05Total elapsed time: 18.497 sec.
@I [HLS-100] Command "preproc_iomode -model feature_extractor "
@I [HLS-100] Command 'preproc_iomode' returned 0; elapsed 5.1e-05Total elapsed time: 18.497 sec.
@I [HLS-100] Command "preproc_iomode -model feature_extractor_maxpool "
@I [HLS-100] Command 'preproc_iomode' returned 0; elapsed 1.8e-05Total elapsed time: 18.497 sec.
@I [HLS-100] Command "preproc_iomode -model feature_extractor_convolve "
@I [HLS-100] Command 'preproc_iomode' returned 0; elapsed 1.6e-05Total elapsed time: 18.497 sec.
@I [HLS-100] Command "get_model_list feature_extractor -filter all-wo-channel "
@I [HLS-100] Command 'get_model_list' returned 0; elapsed 1.9e-05Total elapsed time: 18.497 sec.
@I [HLS-0] Model list for configure: feature_extractor_convolve feature_extractor_maxpool feature_extractor
@I [HLS-0] Configuring Module : feature_extractor_convolve ...
@I [HLS-100] Command "set_default_model feature_extractor_convolve "
@I [HLS-100] Command 'set_default_model' returned 0; elapsed 1.6e-05Total elapsed time: 18.497 sec.
@I [HLS-100] Command "apply_spec_resource_limit feature_extractor_convolve "
@I [HLS-100] Command 'apply_spec_resource_limit' returned 0; elapsed 2.4e-05Total elapsed time: 18.497 sec.
@I [HLS-0] Configuring Module : feature_extractor_maxpool ...
@I [HLS-100] Command "set_default_model feature_extractor_maxpool "
@I [HLS-100] Command 'set_default_model' returned 0; elapsed 7e-06Total elapsed time: 18.497 sec.
@I [HLS-100] Command "apply_spec_resource_limit feature_extractor_maxpool "
@I [HLS-100] Command 'apply_spec_resource_limit' returned 0; elapsed 1.6e-05Total elapsed time: 18.497 sec.
@I [HLS-0] Configuring Module : feature_extractor ...
@I [HLS-100] Command "set_default_model feature_extractor "
@I [HLS-100] Command 'set_default_model' returned 0; elapsed 6e-06Total elapsed time: 18.497 sec.
@I [HLS-100] Command "apply_spec_resource_limit feature_extractor "
@I [HLS-100] Command 'apply_spec_resource_limit' returned 0; elapsed 1.3e-05Total elapsed time: 18.497 sec.
@I [HLS-0] Model list for preprocess: feature_extractor_convolve feature_extractor_maxpool feature_extractor
@I [HLS-0] Preprocessing Module: feature_extractor_convolve ...
@I [HLS-100] Command "set_default_model feature_extractor_convolve "
@I [HLS-100] Command 'set_default_model' returned 0; elapsed 5e-06Total elapsed time: 18.498 sec.
@I [HLS-100] Command "cdfg_preprocess -model feature_extractor_convolve "
@I [HLS-100] Command 'cdfg_preprocess' returned 0; elapsed 0.000661Total elapsed time: 18.498 sec.
@I [HLS-100] Command "rtl_gen_preprocess feature_extractor_convolve "
@I [HLS-100] Command 'rtl_gen_preprocess' returned 0; elapsed 0.000648Total elapsed time: 18.499 sec.
@I [HLS-0] Preprocessing Module: feature_extractor_maxpool ...
@I [HLS-100] Command "set_default_model feature_extractor_maxpool "
@I [HLS-100] Command 'set_default_model' returned 0; elapsed 8e-06Total elapsed time: 18.499 sec.
@I [HLS-100] Command "cdfg_preprocess -model feature_extractor_maxpool "
@I [HLS-100] Command 'cdfg_preprocess' returned 0; elapsed 0.000445Total elapsed time: 18.499 sec.
@I [HLS-100] Command "rtl_gen_preprocess feature_extractor_maxpool "
@I [HLS-100] Command 'rtl_gen_preprocess' returned 0; elapsed 0.000449Total elapsed time: 18.500 sec.
@I [HLS-0] Preprocessing Module: feature_extractor ...
@I [HLS-100] Command "set_default_model feature_extractor "
@I [HLS-100] Command 'set_default_model' returned 0; elapsed 7e-06Total elapsed time: 18.500 sec.
@I [HLS-100] Command "cdfg_preprocess -model feature_extractor "
@I [HLS-100] Command 'cdfg_preprocess' returned 0; elapsed 0.000373Total elapsed time: 18.500 sec.
@I [HLS-100] Command "rtl_gen_preprocess feature_extractor "
@I [HLS-100] Command 'rtl_gen_preprocess' returned 0; elapsed 0.000559Total elapsed time: 18.501 sec.
@I [HLS-0] Model list for synthesis: feature_extractor_convolve feature_extractor_maxpool feature_extractor
@I [HLS-10] ----------------------------------------------------------------
@0 [HLS-0] ----------------------------------------------------------------
@I [HLS-10] -- Scheduling module 'feature_extractor_convolve' 
@0 [HLS-0] -- Scheduling module 'feature_extractor_convolve' 
@I [HLS-10] ----------------------------------------------------------------
@0 [HLS-0] ----------------------------------------------------------------
@I [HLS-100] Command "set_default_model feature_extractor_convolve "
@I [HLS-100] Command 'set_default_model' returned 0; elapsed 1e-05Total elapsed time: 18.501 sec.
@I [HLS-100] Command "schedule -model feature_extractor_convolve "
@I [SCHED-11] Starting scheduling ...
@I [SCHED-11] Finished scheduling.
@I [HLS-100] Command 'schedule' returned 0; elapsed 0.058246Total elapsed time: 18.695 sec.
@I [HLS-111] Elapsed time: 0.068322 seconds; current memory usage: 289 MB.
@I [HLS-100] Command "report -o /home/littlefoot/18643_project/Hardware-Accel/HW/cnn_layer_2/solution1/.autopilot/db/feature_extractor_convolve.verbose.sched.rpt -verbose -f "
@I [HLS-100] Command 'report' returned 0; elapsed 0.006121Total elapsed time: 18.774 sec.
@I [HLS-100] Command "db_write -o /home/littlefoot/18643_project/Hardware-Accel/HW/cnn_layer_2/solution1/.autopilot/db/feature_extractor_convolve.sched.adb -f "
@I [HLS-100] Command 'db_write' returned 0; elapsed 0.006647Total elapsed time: 18.781 sec.
@I [HLS-0] Finish scheduling feature_extractor_convolve.
@I [HLS-10] ----------------------------------------------------------------
@0 [HLS-0] ----------------------------------------------------------------
@I [HLS-10] -- Exploring micro-architecture for module 'feature_extractor_convolve' 
@0 [HLS-0] -- Exploring micro-architecture for module 'feature_extractor_convolve' 
@I [HLS-10] ----------------------------------------------------------------
@0 [HLS-0] ----------------------------------------------------------------
@I [HLS-100] Command "set_default_model feature_extractor_convolve "
@I [HLS-100] Command 'set_default_model' returned 0; elapsed 1.6e-05Total elapsed time: 18.782 sec.
@I [HLS-100] Command "bind -model feature_extractor_convolve "
@I [BIND-110] clear=
@I [BIND-110] debug=
@I [BIND-110] drf=
@I [BIND-110] effort=
@I [BIND-110] fast_refine=
@I [BIND-110] fu_weight=[ 0.0 -- 1.0 ]
@I [BIND-110] global_opt=
@I [BIND-110] gsearch=
@I [BIND-110] help=
@I [BIND-110] help-hidden=
@I [BIND-110] min_mem_port=
@I [BIND-110] min_op=
@I [BIND-110] minreg=
@I [BIND-110] ml=
@I [BIND-110] model=feature_extractor_convolve
@I [BIND-110] no_false_path=
@I [BIND-110] no_min_op=
@I [BIND-110] normalize=
@I [BIND-110] quiet=
@I [BIND-110] refine=
@I [BIND-110] reg_weight=[ 0.0 -- 1.0 ]
@I [BIND-110] search=
@I [BIND-110] tight_delay=
@I [BIND-110] verbose=
@I [BIND-110] wFF=
@I [BIND-110] wFU=
@I [BIND-110] wMUX=
@I [BIND-110] wNET=
@I [BIND-100] Starting micro-architecture generation ...
@I [BIND-101] Performing variable lifetime analysis.
@I [BIND-101] Exploring resource sharing.
@I [BIND-101] Binding ...
@I [BIND-100] Finished micro-architecture generation.
@I [HLS-100] Command 'bind' returned 0; elapsed 0.012127Total elapsed time: 18.794 sec.
@I [HLS-111] Elapsed time: 0.030685 seconds; current memory usage: 289 MB.
@I [HLS-100] Command "report -o /home/littlefoot/18643_project/Hardware-Accel/HW/cnn_layer_2/solution1/.autopilot/db/feature_extractor_convolve.verbose.bind.rpt -verbose -f "
@I [HLS-100] Command 'report' returned 0; elapsed 0.024014Total elapsed time: 18.824 sec.
@I [HLS-100] Command "db_write -o /home/littlefoot/18643_project/Hardware-Accel/HW/cnn_layer_2/solution1/.autopilot/db/feature_extractor_convolve.bind.adb -f "
@I [HLS-100] Command 'db_write' returned 0; elapsed 0.009161Total elapsed time: 18.833 sec.
@I [HLS-0] Finish binding feature_extractor_convolve.
@I [HLS-10] ----------------------------------------------------------------
@0 [HLS-0] ----------------------------------------------------------------
@I [HLS-10] -- Scheduling module 'feature_extractor_maxpool' 
@0 [HLS-0] -- Scheduling module 'feature_extractor_maxpool' 
@I [HLS-10] ----------------------------------------------------------------
@0 [HLS-0] ----------------------------------------------------------------
@I [HLS-100] Command "set_default_model feature_extractor_maxpool "
@I [HLS-100] Command 'set_default_model' returned 0; elapsed 1.7e-05Total elapsed time: 18.833 sec.
@I [HLS-100] Command "schedule -model feature_extractor_maxpool "
@I [SCHED-11] Starting scheduling ...
@I [SCHED-11] Finished scheduling.
@I [HLS-100] Command 'schedule' returned 0; elapsed 0.035829Total elapsed time: 18.870 sec.
@I [HLS-111] Elapsed time: 0.073601 seconds; current memory usage: 290 MB.
@I [HLS-100] Command "report -o /home/littlefoot/18643_project/Hardware-Accel/HW/cnn_layer_2/solution1/.autopilot/db/feature_extractor_maxpool.verbose.sched.rpt -verbose -f "
@I [HLS-100] Command 'report' returned 0; elapsed 0.003899Total elapsed time: 18.878 sec.
@I [HLS-100] Command "db_write -o /home/littlefoot/18643_project/Hardware-Accel/HW/cnn_layer_2/solution1/.autopilot/db/feature_extractor_maxpool.sched.adb -f "
@I [HLS-100] Command 'db_write' returned 0; elapsed 0.006345Total elapsed time: 18.884 sec.
@I [HLS-0] Finish scheduling feature_extractor_maxpool.
@I [HLS-10] ----------------------------------------------------------------
@0 [HLS-0] ----------------------------------------------------------------
@I [HLS-10] -- Exploring micro-architecture for module 'feature_extractor_maxpool' 
@0 [HLS-0] -- Exploring micro-architecture for module 'feature_extractor_maxpool' 
@I [HLS-10] ----------------------------------------------------------------
@0 [HLS-0] ----------------------------------------------------------------
@I [HLS-100] Command "set_default_model feature_extractor_maxpool "
@I [HLS-100] Command 'set_default_model' returned 0; elapsed 1.8e-05Total elapsed time: 18.885 sec.
@I [HLS-100] Command "bind -model feature_extractor_maxpool "
@I [BIND-110] clear=
@I [BIND-110] debug=
@I [BIND-110] drf=
@I [BIND-110] effort=
@I [BIND-110] fast_refine=
@I [BIND-110] fu_weight=[ 0.0 -- 1.0 ]
@I [BIND-110] global_opt=
@I [BIND-110] gsearch=
@I [BIND-110] help=
@I [BIND-110] help-hidden=
@I [BIND-110] min_mem_port=
@I [BIND-110] min_op=
@I [BIND-110] minreg=
@I [BIND-110] ml=
@I [BIND-110] model=feature_extractor_maxpool
@I [BIND-110] no_false_path=
@I [BIND-110] no_min_op=
@I [BIND-110] normalize=
@I [BIND-110] quiet=
@I [BIND-110] refine=
@I [BIND-110] reg_weight=[ 0.0 -- 1.0 ]
@I [BIND-110] search=
@I [BIND-110] tight_delay=
@I [BIND-110] verbose=
@I [BIND-110] wFF=
@I [BIND-110] wFU=
@I [BIND-110] wMUX=
@I [BIND-110] wNET=
@I [BIND-100] Starting micro-architecture generation ...
@I [BIND-101] Performing variable lifetime analysis.
@I [BIND-101] Exploring resource sharing.
@I [BIND-101] Binding ...
@I [BIND-100] Finished micro-architecture generation.
@I [HLS-100] Command 'bind' returned 0; elapsed 0.015286Total elapsed time: 18.900 sec.
@I [HLS-111] Elapsed time: 0.030632 seconds; current memory usage: 290 MB.
@I [HLS-100] Command "report -o /home/littlefoot/18643_project/Hardware-Accel/HW/cnn_layer_2/solution1/.autopilot/db/feature_extractor_maxpool.verbose.bind.rpt -verbose -f "
@I [HLS-100] Command 'report' returned 0; elapsed 0.028924Total elapsed time: 18.934 sec.
@I [HLS-100] Command "db_write -o /home/littlefoot/18643_project/Hardware-Accel/HW/cnn_layer_2/solution1/.autopilot/db/feature_extractor_maxpool.bind.adb -f "
@I [HLS-100] Command 'db_write' returned 0; elapsed 0.008091Total elapsed time: 18.942 sec.
@I [HLS-0] Finish binding feature_extractor_maxpool.
@I [HLS-10] ----------------------------------------------------------------
@0 [HLS-0] ----------------------------------------------------------------
@I [HLS-10] -- Scheduling module 'feature_extractor' 
@0 [HLS-0] -- Scheduling module 'feature_extractor' 
@I [HLS-10] ----------------------------------------------------------------
@0 [HLS-0] ----------------------------------------------------------------
@I [HLS-100] Command "set_default_model feature_extractor "
@I [HLS-100] Command 'set_default_model' returned 0; elapsed 1.7e-05Total elapsed time: 18.943 sec.
@I [HLS-100] Command "schedule -model feature_extractor "
@I [SCHED-11] Starting scheduling ...
@I [SCHED-11] Finished scheduling.
@I [HLS-100] Command 'schedule' returned 0; elapsed 0.026538Total elapsed time: 18.969 sec.
@I [HLS-111] Elapsed time: 0.068388 seconds; current memory usage: 290 MB.
@I [HLS-100] Command "report -o /home/littlefoot/18643_project/Hardware-Accel/HW/cnn_layer_2/solution1/.autopilot/db/feature_extractor.verbose.sched.rpt -verbose -f "
@I [HLS-100] Command 'report' returned 0; elapsed 0.003161Total elapsed time: 18.977 sec.
@I [HLS-100] Command "db_write -o /home/littlefoot/18643_project/Hardware-Accel/HW/cnn_layer_2/solution1/.autopilot/db/feature_extractor.sched.adb -f "
@I [HLS-100] Command 'db_write' returned 0; elapsed 0.004708Total elapsed time: 18.982 sec.
@I [HLS-0] Finish scheduling feature_extractor.
@I [HLS-10] ----------------------------------------------------------------
@0 [HLS-0] ----------------------------------------------------------------
@I [HLS-10] -- Exploring micro-architecture for module 'feature_extractor' 
@0 [HLS-0] -- Exploring micro-architecture for module 'feature_extractor' 
@I [HLS-10] ----------------------------------------------------------------
@0 [HLS-0] ----------------------------------------------------------------
@I [HLS-100] Command "set_default_model feature_extractor "
@I [HLS-100] Command 'set_default_model' returned 0; elapsed 1.3e-05Total elapsed time: 18.982 sec.
@I [HLS-100] Command "bind -model feature_extractor "
@I [BIND-110] clear=
@I [BIND-110] debug=
@I [BIND-110] drf=
@I [BIND-110] effort=
@I [BIND-110] fast_refine=
@I [BIND-110] fu_weight=[ 0.0 -- 1.0 ]
@I [BIND-110] global_opt=
@I [BIND-110] gsearch=
@I [BIND-110] help=
@I [BIND-110] help-hidden=
@I [BIND-110] min_mem_port=
@I [BIND-110] min_op=
@I [BIND-110] minreg=
@I [BIND-110] ml=
@I [BIND-110] model=feature_extractor
@I [BIND-110] no_false_path=
@I [BIND-110] no_min_op=
@I [BIND-110] normalize=
@I [BIND-110] quiet=
@I [BIND-110] refine=
@I [BIND-110] reg_weight=[ 0.0 -- 1.0 ]
@I [BIND-110] search=
@I [BIND-110] tight_delay=
@I [BIND-110] verbose=
@I [BIND-110] wFF=
@I [BIND-110] wFU=
@I [BIND-110] wMUX=
@I [BIND-110] wNET=
@I [BIND-100] Starting micro-architecture generation ...
@I [BIND-101] Performing variable lifetime analysis.
@I [BIND-101] Exploring resource sharing.
@I [BIND-101] Binding ...
@I [BIND-100] Finished micro-architecture generation.
@I [HLS-100] Command 'bind' returned 0; elapsed 0.038676Total elapsed time: 19.21 sec.
@I [HLS-111] Elapsed time: 0.051035 seconds; current memory usage: 291 MB.
@I [HLS-100] Command "report -o /home/littlefoot/18643_project/Hardware-Accel/HW/cnn_layer_2/solution1/.autopilot/db/feature_extractor.verbose.bind.rpt -verbose -f "
@I [HLS-100] Command 'report' returned 0; elapsed 0.060105Total elapsed time: 19.86 sec.
@I [HLS-100] Command "db_write -o /home/littlefoot/18643_project/Hardware-Accel/HW/cnn_layer_2/solution1/.autopilot/db/feature_extractor.bind.adb -f "
@I [HLS-100] Command 'db_write' returned 0; elapsed 0.005897Total elapsed time: 19.92 sec.
@I [HLS-0] Finish binding feature_extractor.
@I [HLS-100] Command "get_model_list feature_extractor -filter all-wo-channel "
@I [HLS-100] Command 'get_model_list' returned 0; elapsed 5.1e-05Total elapsed time: 19.92 sec.
@I [HLS-0] Preprocessing for RTLGen ...
@I [HLS-100] Command "rtl_gen_preprocess feature_extractor_convolve "
@I [HLS-100] Command 'rtl_gen_preprocess' returned 0; elapsed 0.000521Total elapsed time: 19.93 sec.
@I [HLS-100] Command "rtl_gen_preprocess feature_extractor_maxpool "
@I [HLS-100] Command 'rtl_gen_preprocess' returned 0; elapsed 0.000414Total elapsed time: 19.93 sec.
@I [HLS-100] Command "rtl_gen_preprocess feature_extractor "
@I [HLS-100] Command 'rtl_gen_preprocess' returned 0; elapsed 0.000419Total elapsed time: 19.94 sec.
@I [HLS-0] Model list for RTL generation: feature_extractor_convolve feature_extractor_maxpool feature_extractor
@I [HLS-10] ----------------------------------------------------------------
@0 [HLS-0] ----------------------------------------------------------------
@I [HLS-10] -- Generating RTL for module 'feature_extractor_convolve' 
@0 [HLS-0] -- Generating RTL for module 'feature_extractor_convolve' 
@I [HLS-10] ----------------------------------------------------------------
@0 [HLS-0] ----------------------------------------------------------------
@I [HLS-100] Command "create_rtl_model feature_extractor_convolve -vendor xilinx -mg_file /home/littlefoot/18643_project/Hardware-Accel/HW/cnn_layer_2/solution1/.autopilot/db/feature_extractor_convolve.compgen.tcl "
@I [RTGEN-100] Generating core module 'feature_extractor_fadd_32ns_32ns_32_5_full_dsp': 1 instance(s).
@I [RTGEN-100] Generating core module 'feature_extractor_fmul_32ns_32ns_32_4_max_dsp': 1 instance(s).
@I [RTGEN-100] Generating core module 'feature_extractor_sitofp_32ns_32_6': 1 instance(s).
@I [RTGEN-100] Finished creating RTL model for 'feature_extractor_convolve'.
@I [HLS-100] Command 'create_rtl_model' returned 0; elapsed 0.027181Total elapsed time: 19.170 sec.
@I [HLS-111] Elapsed time: 0.099983 seconds; current memory usage: 291 MB.
@I [HLS-100] Command "source /home/littlefoot/18643_project/Hardware-Accel/HW/cnn_layer_2/solution1/.autopilot/db/feature_extractor.rtl_wrap.cfg.tcl "
@I [HLS-100] Command 'ap_source' returned 0; elapsed 0.000335Total elapsed time: 19.176 sec.
@I [HLS-100] Command "gen_rtl feature_extractor_convolve -style xilinx -tracefl mytrace -tracefmt vcd -traceopt all -f -lang sc -o /home/littlefoot/18643_project/Hardware-Accel/HW/cnn_layer_2/solution1/syn/systemc/feature_extractor_convolve -synmodules feature_extractor_convolve feature_extractor_maxpool feature_extractor "
@I [HLS-100] Command 'gen_rtl' returned 0; elapsed 0.003018Total elapsed time: 19.182 sec.
@I [HLS-100] Command "gen_rtl feature_extractor_convolve -style xilinx -f -lang vhdl -o /home/littlefoot/18643_project/Hardware-Accel/HW/cnn_layer_2/solution1/syn/vhdl/feature_extractor_convolve "
@I [HLS-100] Command 'gen_rtl' returned 0; elapsed 0.002313Total elapsed time: 19.186 sec.
@I [HLS-100] Command "gen_rtl feature_extractor_convolve -style xilinx -f -lang vlog -o /home/littlefoot/18643_project/Hardware-Accel/HW/cnn_layer_2/solution1/syn/verilog/feature_extractor_convolve "
@I [HLS-100] Command 'gen_rtl' returned 0; elapsed 0.001939Total elapsed time: 19.188 sec.
@I [HLS-100] Command "gen_tb_info feature_extractor_convolve -o /home/littlefoot/18643_project/Hardware-Accel/HW/cnn_layer_2/solution1/.autopilot/db/feature_extractor_convolve -p /home/littlefoot/18643_project/Hardware-Accel/HW/cnn_layer_2/solution1/.autopilot/db "
@I [HLS-100] Command 'gen_tb_info' returned 0; elapsed 0.000201Total elapsed time: 19.188 sec.
@I [HLS-100] Command "report -model feature_extractor_convolve -o /home/littlefoot/18643_project/Hardware-Accel/HW/cnn_layer_2/solution1/syn/report/feature_extractor_convolve_csynth.rpt -f "
@I [HLS-100] Command 'report' returned 0; elapsed 0.010593Total elapsed time: 19.199 sec.
@I [HLS-100] Command "report -model feature_extractor_convolve -o /home/littlefoot/18643_project/Hardware-Accel/HW/cnn_layer_2/solution1/syn/report/feature_extractor_convolve_csynth.xml -f -x "
@I [HLS-100] Command 'report' returned 0; elapsed 0.007126Total elapsed time: 19.206 sec.
@I [HLS-100] Command "report -model feature_extractor_convolve -o /home/littlefoot/18643_project/Hardware-Accel/HW/cnn_layer_2/solution1/.autopilot/db/feature_extractor_convolve.verbose.rpt -verbose -f "
@I [HLS-100] Command 'report' returned 0; elapsed 0.035128Total elapsed time: 19.242 sec.
@I [HLS-100] Command "db_write -model feature_extractor_convolve -o /home/littlefoot/18643_project/Hardware-Accel/HW/cnn_layer_2/solution1/.autopilot/db/feature_extractor_convolve.adb -f "
@I [HLS-100] Command 'db_write' returned 0; elapsed 0.017416Total elapsed time: 19.259 sec.
@I [HLS-10] ----------------------------------------------------------------
@0 [HLS-0] ----------------------------------------------------------------
@I [HLS-10] -- Generating RTL for module 'feature_extractor_maxpool' 
@0 [HLS-0] -- Generating RTL for module 'feature_extractor_maxpool' 
@I [HLS-10] ----------------------------------------------------------------
@0 [HLS-0] ----------------------------------------------------------------
@I [HLS-100] Command "create_rtl_model feature_extractor_maxpool -vendor xilinx -mg_file /home/littlefoot/18643_project/Hardware-Accel/HW/cnn_layer_2/solution1/.autopilot/db/feature_extractor_maxpool.compgen.tcl "
@I [RTGEN-100] Generating core module 'feature_extractor_fcmp_32ns_32ns_1_1': 1 instance(s).
@I [RTGEN-100] Generating core module 'feature_extractor_sitofp_32ns_32_6': 1 instance(s).
@I [RTGEN-100] Finished creating RTL model for 'feature_extractor_maxpool'.
@I [HLS-100] Command 'create_rtl_model' returned 0; elapsed 0.019613Total elapsed time: 19.302 sec.
@I [HLS-111] Elapsed time: 0.125631 seconds; current memory usage: 293 MB.
@I [HLS-100] Command "source /home/littlefoot/18643_project/Hardware-Accel/HW/cnn_layer_2/solution1/.autopilot/db/feature_extractor.rtl_wrap.cfg.tcl "
@I [HLS-100] Command 'ap_source' returned 0; elapsed 0.00022Total elapsed time: 19.305 sec.
@I [HLS-100] Command "gen_rtl feature_extractor_maxpool -style xilinx -tracefl mytrace -tracefmt vcd -traceopt all -f -lang sc -o /home/littlefoot/18643_project/Hardware-Accel/HW/cnn_layer_2/solution1/syn/systemc/feature_extractor_maxpool -synmodules feature_extractor_convolve feature_extractor_maxpool feature_extractor "
@I [HLS-100] Command 'gen_rtl' returned 0; elapsed 0.001614Total elapsed time: 19.307 sec.
@I [HLS-100] Command "gen_rtl feature_extractor_maxpool -style xilinx -f -lang vhdl -o /home/littlefoot/18643_project/Hardware-Accel/HW/cnn_layer_2/solution1/syn/vhdl/feature_extractor_maxpool "
@I [HLS-100] Command 'gen_rtl' returned 0; elapsed 0.001162Total elapsed time: 19.309 sec.
@I [HLS-100] Command "gen_rtl feature_extractor_maxpool -style xilinx -f -lang vlog -o /home/littlefoot/18643_project/Hardware-Accel/HW/cnn_layer_2/solution1/syn/verilog/feature_extractor_maxpool "
@I [HLS-100] Command 'gen_rtl' returned 0; elapsed 0.001615Total elapsed time: 19.310 sec.
@I [HLS-100] Command "gen_tb_info feature_extractor_maxpool -o /home/littlefoot/18643_project/Hardware-Accel/HW/cnn_layer_2/solution1/.autopilot/db/feature_extractor_maxpool -p /home/littlefoot/18643_project/Hardware-Accel/HW/cnn_layer_2/solution1/.autopilot/db "
@I [HLS-100] Command 'gen_tb_info' returned 0; elapsed 0.000243Total elapsed time: 19.311 sec.
@I [HLS-100] Command "report -model feature_extractor_maxpool -o /home/littlefoot/18643_project/Hardware-Accel/HW/cnn_layer_2/solution1/syn/report/feature_extractor_maxpool_csynth.rpt -f "
@I [HLS-100] Command 'report' returned 0; elapsed 0.011678Total elapsed time: 19.322 sec.
@I [HLS-100] Command "report -model feature_extractor_maxpool -o /home/littlefoot/18643_project/Hardware-Accel/HW/cnn_layer_2/solution1/syn/report/feature_extractor_maxpool_csynth.xml -f -x "
@I [HLS-100] Command 'report' returned 0; elapsed 0.009469Total elapsed time: 19.332 sec.
@I [HLS-100] Command "report -model feature_extractor_maxpool -o /home/littlefoot/18643_project/Hardware-Accel/HW/cnn_layer_2/solution1/.autopilot/db/feature_extractor_maxpool.verbose.rpt -verbose -f "
@I [HLS-100] Command 'report' returned 0; elapsed 0.038619Total elapsed time: 19.371 sec.
@I [HLS-100] Command "db_write -model feature_extractor_maxpool -o /home/littlefoot/18643_project/Hardware-Accel/HW/cnn_layer_2/solution1/.autopilot/db/feature_extractor_maxpool.adb -f "
@I [HLS-100] Command 'db_write' returned 0; elapsed 0.020238Total elapsed time: 19.391 sec.
@I [HLS-10] ----------------------------------------------------------------
@0 [HLS-0] ----------------------------------------------------------------
@I [HLS-10] -- Generating RTL for module 'feature_extractor' 
@0 [HLS-0] -- Generating RTL for module 'feature_extractor' 
@I [HLS-10] ----------------------------------------------------------------
@0 [HLS-0] ----------------------------------------------------------------
@I [HLS-100] Command "create_rtl_model feature_extractor -vendor xilinx -mg_file /home/littlefoot/18643_project/Hardware-Accel/HW/cnn_layer_2/solution1/.autopilot/db/feature_extractor.compgen.tcl "
@I [RTGEN-500] Setting interface mode on port 'feature_extractor/A' to 'ap_memory'.
@I [RTGEN-500] Setting interface mode on port 'feature_extractor/W' to 'ap_memory'.
@I [RTGEN-500] Setting interface mode on port 'feature_extractor/feature' to 'ap_memory'.
@I [RTGEN-500] Setting interface mode on function 'feature_extractor' to 'ap_ctrl_hs'.
@I [RTGEN-100] Generating core module 'feature_extractor_fcmp_32ns_32ns_1_1': 1 instance(s).
@I [RTGEN-100] Finished creating RTL model for 'feature_extractor'.
@I [HLS-100] Command 'create_rtl_model' returned 0; elapsed 0.015163Total elapsed time: 19.427 sec.
@I [HLS-111] Elapsed time: 0.124497 seconds; current memory usage: 296 MB.
@I [HLS-100] Command "source /home/littlefoot/18643_project/Hardware-Accel/HW/cnn_layer_2/solution1/.autopilot/db/feature_extractor.rtl_wrap.cfg.tcl "
@I [HLS-100] Command 'ap_source' returned 0; elapsed 0.000225Total elapsed time: 19.430 sec.
@I [HLS-100] Command "gen_rtl feature_extractor -istop -style xilinx -tracefl mytrace -tracefmt vcd -traceopt all -f -lang sc -o /home/littlefoot/18643_project/Hardware-Accel/HW/cnn_layer_2/solution1/syn/systemc/feature_extractor -synmodules feature_extractor_convolve feature_extractor_maxpool feature_extractor "
@I [HLS-100] Command 'gen_rtl' returned 0; elapsed 0.001791Total elapsed time: 19.432 sec.
@I [HLS-100] Command "gen_rtl feature_extractor -istop -style xilinx -f -lang vhdl -o /home/littlefoot/18643_project/Hardware-Accel/HW/cnn_layer_2/solution1/syn/vhdl/feature_extractor "
@I [HLS-100] Command 'gen_rtl' returned 0; elapsed 0.010181Total elapsed time: 19.443 sec.
@I [HLS-100] Command "gen_rtl feature_extractor -istop -style xilinx -f -lang vlog -o /home/littlefoot/18643_project/Hardware-Accel/HW/cnn_layer_2/solution1/syn/verilog/feature_extractor "
@I [HLS-100] Command 'gen_rtl' returned 0; elapsed 0.009093Total elapsed time: 19.452 sec.
@I [HLS-100] Command "export_constraint_db -o /home/littlefoot/18643_project/Hardware-Accel/HW/cnn_layer_2/solution1/.autopilot/db/feature_extractor.constraint.tcl -f -tool general "
@I [HLS-100] Command 'export_constraint_db' returned 0; elapsed 0.0001Total elapsed time: 19.453 sec.
@I [HLS-100] Command "report -model feature_extractor -o /home/littlefoot/18643_project/Hardware-Accel/HW/cnn_layer_2/solution1/.autopilot/db/feature_extractor.design.xml -verbose -f -dv "
@I [HLS-100] Command 'report' returned 0; elapsed 0.048905Total elapsed time: 19.502 sec.
@I [HLS-100] Command "gen_tb_info feature_extractor -o /home/littlefoot/18643_project/Hardware-Accel/HW/cnn_layer_2/solution1/.autopilot/db/feature_extractor -p /home/littlefoot/18643_project/Hardware-Accel/HW/cnn_layer_2/solution1/.autopilot/db "
@I [HLS-100] Command 'gen_tb_info' returned 0; elapsed 0.000344Total elapsed time: 19.502 sec.
@I [HLS-100] Command "report -model feature_extractor -o /home/littlefoot/18643_project/Hardware-Accel/HW/cnn_layer_2/solution1/syn/report/feature_extractor_csynth.rpt -f "
@I [HLS-100] Command 'report' returned 0; elapsed 0.009234Total elapsed time: 19.512 sec.
@I [HLS-100] Command "report -model feature_extractor -o /home/littlefoot/18643_project/Hardware-Accel/HW/cnn_layer_2/solution1/syn/report/feature_extractor_csynth.xml -f -x "
@I [HLS-100] Command 'report' returned 0; elapsed 0.006793Total elapsed time: 19.519 sec.
@I [HLS-100] Command "report -model feature_extractor -o /home/littlefoot/18643_project/Hardware-Accel/HW/cnn_layer_2/solution1/.autopilot/db/feature_extractor.verbose.rpt -verbose -f "
@I [HLS-100] Command 'report' returned 0; elapsed 0.067548Total elapsed time: 19.587 sec.
@I [HLS-100] Command "db_write -model feature_extractor -o /home/littlefoot/18643_project/Hardware-Accel/HW/cnn_layer_2/solution1/.autopilot/db/feature_extractor.adb -f "
@I [HLS-100] Command 'db_write' returned 0; elapsed 0.014351Total elapsed time: 19.601 sec.
@I [HLS-100] Command "sc_get_clocks feature_extractor "
@I [HLS-100] Command 'sc_get_clocks' returned 0; elapsed 5e-06Total elapsed time: 19.617 sec.
@I [HLS-100] Command "sc_get_portdomain feature_extractor "
@I [HLS-100] Command 'sc_get_portdomain' returned 0; elapsed 3e-06Total elapsed time: 19.617 sec.
@I [HLS-0] Model list for RTL component generation: feature_extractor_convolve feature_extractor_maxpool feature_extractor
@I [HLS-0] Handling components in module [feature_extractor_convolve] ... 
@I [HLS-100] Command "source /home/littlefoot/18643_project/Hardware-Accel/HW/cnn_layer_2/solution1/.autopilot/db/feature_extractor_convolve.compgen.tcl "
@I [HLS-0] Found component feature_extractor_fadd_32ns_32ns_32_5_full_dsp.
@I [HLS-0] Append model feature_extractor_fadd_32ns_32ns_32_5_full_dsp
@I [HLS-0] Found component feature_extractor_fmul_32ns_32ns_32_4_max_dsp.
@I [HLS-0] Append model feature_extractor_fmul_32ns_32ns_32_4_max_dsp
@I [HLS-0] Found component feature_extractor_sitofp_32ns_32_6.
@I [HLS-0] Append model feature_extractor_sitofp_32ns_32_6
@I [HLS-100] Command 'ap_source' returned 0; elapsed 0.000457Total elapsed time: 19.618 sec.
@I [HLS-0] Handling components in module [feature_extractor_maxpool] ... 
@I [HLS-100] Command "source /home/littlefoot/18643_project/Hardware-Accel/HW/cnn_layer_2/solution1/.autopilot/db/feature_extractor_maxpool.compgen.tcl "
@I [HLS-0] Found component feature_extractor_fcmp_32ns_32ns_1_1.
@I [HLS-0] Append model feature_extractor_fcmp_32ns_32ns_1_1
@I [HLS-100] Command 'ap_source' returned 0; elapsed 0.000209Total elapsed time: 19.618 sec.
@I [HLS-0] Handling components in module [feature_extractor] ... 
@I [HLS-100] Command "source /home/littlefoot/18643_project/Hardware-Accel/HW/cnn_layer_2/solution1/.autopilot/db/feature_extractor.compgen.tcl "
@I [HLS-0] Found component feature_extractor_C.
@I [HLS-0] Append model feature_extractor_C
@I [HLS-100] Command 'ap_source' returned 0; elapsed 0.000211Total elapsed time: 19.619 sec.
@I [HLS-0] Append model feature_extractor_convolve
@I [HLS-0] Append model feature_extractor_maxpool
@I [HLS-0] Append model feature_extractor
@I [HLS-0] Generating RTL model list ...
@I [HLS-0] All models in this session: feature_extractor_fadd_32ns_32ns_32_5_full_dsp feature_extractor_fmul_32ns_32ns_32_4_max_dsp feature_extractor_sitofp_32ns_32_6 feature_extractor_fcmp_32ns_32ns_1_1 feature_extractor_C feature_extractor_convolve feature_extractor_maxpool feature_extractor
@I [HLS-0] To file: write model feature_extractor_fadd_32ns_32ns_32_5_full_dsp
@I [HLS-0] To file: write model feature_extractor_fmul_32ns_32ns_32_4_max_dsp
@I [HLS-0] To file: write model feature_extractor_sitofp_32ns_32_6
@I [HLS-0] To file: write model feature_extractor_fcmp_32ns_32ns_1_1
@I [HLS-0] To file: write model feature_extractor_C
@I [HLS-0] To file: write model feature_extractor_convolve
@I [HLS-0] To file: write model feature_extractor_maxpool
@I [HLS-0] To file: write model feature_extractor
@I [HLS-0] Finished generating RTL model list.


@I [HLS-0] RTL Generation done.
@I [HLS-0] CAS Generation done.
@I [HLS-0] CBC Generation done.
@I [HLS-100] Command "export_ssdm /home/littlefoot/18643_project/Hardware-Accel/HW/cnn_layer_2/solution1/.autopilot/db/a.export.ll "
@I [HLS-100] Command 'export_ssdm' returned 0; elapsed 0.000433Total elapsed time: 19.620 sec.
@I [HLS-100] Command "source /home/littlefoot/18643_project/Hardware-Accel/HW/cnn_layer_2/solution1/.autopilot/db/global.setting.tcl "
@I [HLS-100] Command 'ap_source' returned 0; elapsed 0.000144Total elapsed time: 19.622 sec.
@I [HLS-100] Command "source /home/littlefoot/vivado/Vivado_HLS/2015.2/common/technology/generic/autopilot/common.gen "
@I [HLS-100] Command "source /home/littlefoot/vivado/Vivado_HLS/2015.2/common/technology/generic/autopilot/APCoreGen.gen "
@I [HLS-100] Command 'ap_source' returned 0; elapsed 0.001187Total elapsed time: 19.675 sec.
@I [HLS-100] Command 'ap_source' returned 0; elapsed 0.002252Total elapsed time: 19.676 sec.
@I [HLS-100] Command "source /home/littlefoot/vivado/Vivado_HLS/2015.2/common/technology/generic/autopilot/op.gen "
@I [HLS-100] Command 'ap_source' returned 0; elapsed 0.000672Total elapsed time: 19.693 sec.
@I [HLS-100] Command "source /home/littlefoot/vivado/Vivado_HLS/2015.2/common/technology/generic/autopilot/op_simcore.gen "
@I [HLS-100] Command 'ap_source' returned 0; elapsed 0.001336Total elapsed time: 19.695 sec.
@I [HLS-100] Command "source /home/littlefoot/vivado/Vivado_HLS/2015.2/common/technology/generic/autopilot/interface.gen "
@I [HLS-100] Command 'ap_source' returned 0; elapsed 0.000149Total elapsed time: 19.696 sec.
@I [HLS-100] Command "source /home/littlefoot/18643_project/Hardware-Accel/HW/cnn_layer_2/solution1/.autopilot/db/global.setting.tcl "
@I [HLS-100] Command 'ap_source' returned 0; elapsed 0.000213Total elapsed time: 19.696 sec.
@I [HLS-100] Command "source /home/littlefoot/vivado/Vivado_HLS/2015.2/common/technology/xilinx/zynq/zynq.gen "
@I [HLS-100] Command "source /home/littlefoot/vivado/Vivado_HLS/2015.2/common/technology/xilinx/common/virtex.gen "
@I [HLS-100] Command "source /home/littlefoot/vivado/Vivado_HLS/2015.2/common/technology/xilinx/common/xilinx.gen "
@I [HLS-100] Command "source /home/littlefoot/vivado/Vivado_HLS/2015.2/common/technology/xilinx/interface/plb46.gen "
@I [HLS-100] Command 'ap_source' returned 0; elapsed 0.001592Total elapsed time: 19.699 sec.
@I [HLS-100] Command "source /home/littlefoot/vivado/Vivado_HLS/2015.2/common/technology/xilinx/interface/fsl.gen "
@I [HLS-100] Command 'ap_source' returned 0; elapsed 0.00063Total elapsed time: 19.699 sec.
@I [HLS-100] Command "source /home/littlefoot/vivado/Vivado_HLS/2015.2/common/technology/xilinx/interface/axi4.gen "
@I [HLS-100] Command 'ap_source' returned 0; elapsed 0.00295Total elapsed time: 19.702 sec.
@I [HLS-100] Command "source /home/littlefoot/vivado/Vivado_HLS/2015.2/common/technology/xilinx/interface/nativeAXI4.gen "
@I [HLS-100] Command "source /home/littlefoot/vivado/Vivado_HLS/2015.2/common/technology/xilinx/interface/saxilite.gen "
@I [HLS-100] Command 'ap_source' returned 0; elapsed 0.004131Total elapsed time: 19.707 sec.
@I [HLS-100] Command "source /home/littlefoot/vivado/Vivado_HLS/2015.2/common/technology/xilinx/interface/maxi.gen "
@I [HLS-100] Command 'ap_source' returned 0; elapsed 0.006426Total elapsed time: 19.713 sec.
@I [HLS-100] Command 'ap_source' returned 0; elapsed 0.010766Total elapsed time: 19.713 sec.
@I [HLS-100] Command "source /home/littlefoot/vivado/Vivado_HLS/2015.2/common/technology/xilinx/scripts/xilinxcoregen.gen "
@I [HLS-100] Command 'ap_source' returned 0; elapsed 0.00793Total elapsed time: 19.721 sec.
@I [HLS-100] Command "source /home/littlefoot/vivado/Vivado_HLS/2015.2/common/technology/xilinx/interface/XilEDKCoreGen.gen "
@I [HLS-100] Command 'ap_source' returned 0; elapsed 0.006769Total elapsed time: 19.728 sec.
@I [HLS-100] Command "source /home/littlefoot/vivado/Vivado_HLS/2015.2/common/technology/xilinx/ip/xfft.gen "
@I [HLS-100] Command 'ap_source' returned 0; elapsed 0.087438Total elapsed time: 19.816 sec.
@I [HLS-100] Command "source /home/littlefoot/vivado/Vivado_HLS/2015.2/common/technology/xilinx/ip/util.gen "
@I [HLS-100] Command 'ap_source' returned 0; elapsed 0.000174Total elapsed time: 19.817 sec.
@I [HLS-100] Command "source /home/littlefoot/vivado/Vivado_HLS/2015.2/common/technology/xilinx/ip/xfir.gen "
@I [HLS-100] Command 'ap_source' returned 0; elapsed 0.026461Total elapsed time: 19.843 sec.
@I [HLS-100] Command "source /home/littlefoot/vivado/Vivado_HLS/2015.2/common/technology/xilinx/ip/dds_compiler.gen "
@I [HLS-100] Command 'ap_source' returned 0; elapsed 0.002964Total elapsed time: 19.846 sec.
@I [HLS-100] Command 'ap_source' returned 0; elapsed 0.148465Total elapsed time: 19.846 sec.
@I [HLS-100] Command "source /home/littlefoot/vivado/Vivado_HLS/2015.2/common/technology/xilinx/common/dsp48.gen "
@I [HLS-100] Command 'ap_source' returned 0; elapsed 9e-05Total elapsed time: 19.848 sec.
@I [HLS-100] Command 'ap_source' returned 0; elapsed 0.150225Total elapsed time: 19.848 sec.
@I [HLS-100] Command 'ap_source' returned 0; elapsed 0.150357Total elapsed time: 19.848 sec.
@I [HLS-100] Command "source /home/littlefoot/vivado/Vivado_HLS/2015.2/common/technology/xilinx/zynq/zynq_fpv6.gen "
@I [HLS-100] Command "source /home/littlefoot/vivado/Vivado_HLS/2015.2/common/technology/xilinx/common/xilinx_fpv6.gen "
@I [HLS-100] Command 'ap_source' returned 0; elapsed 0.001345Total elapsed time: 19.849 sec.
@I [HLS-100] Command 'ap_source' returned 0; elapsed 0.001439Total elapsed time: 19.849 sec.
@I [HLS-100] Command "source /home/littlefoot/18643_project/Hardware-Accel/HW/cnn_layer_2/solution1/.autopilot/db/global.setting.tcl "
@I [HLS-100] Command 'ap_source' returned 0; elapsed 0.000126Total elapsed time: 19.850 sec.
@I [HLS-100] Command "source /home/littlefoot/18643_project/Hardware-Accel/HW/cnn_layer_2/solution1/.autopilot/db/global.setting.tcl "
@I [HLS-100] Command 'ap_source' returned 0; elapsed 0.000117Total elapsed time: 19.850 sec.
@I [HLS-100] Command "source /home/littlefoot/18643_project/Hardware-Accel/HW/cnn_layer_2/solution1/.autopilot/db/global.setting.tcl "
@I [HLS-100] Command 'ap_source' returned 0; elapsed 0.000111Total elapsed time: 19.851 sec.
@I [HLS-100] Command "source /home/littlefoot/18643_project/Hardware-Accel/HW/cnn_layer_2/solution1/.autopilot/db/global.setting.tcl "
@I [HLS-100] Command 'ap_source' returned 0; elapsed 0.000106Total elapsed time: 19.851 sec.
@I [HLS-100] Command "source /home/littlefoot/18643_project/Hardware-Accel/HW/cnn_layer_2/solution1/.autopilot/db/feature_extractor_convolve.compgen.tcl "
@I [HLS-100] Command 'ap_source' returned 0; elapsed 0.037019Total elapsed time: 19.905 sec.
@I [HLS-100] Command "source /home/littlefoot/18643_project/Hardware-Accel/HW/cnn_layer_2/solution1/.autopilot/db/feature_extractor_maxpool.compgen.tcl "
@I [HLS-100] Command 'ap_source' returned 0; elapsed 0.008504Total elapsed time: 19.914 sec.
@I [HLS-100] Command "source /home/littlefoot/18643_project/Hardware-Accel/HW/cnn_layer_2/solution1/.autopilot/db/feature_extractor.compgen.tcl "
@I [RTMG-278] Implementing memory 'feature_extractor_C_ram' using block RAMs.
@I [HLS-100] Command 'ap_source' returned 0; elapsed 0.009153Total elapsed time: 19.924 sec.
@I [HLS-10] Finished generating all RTL models.
@0 [HLS-0] Finished generating all RTL models.
@I [WSYSC-301] Generating RTL SystemC for 'feature_extractor'.
@I [WVHDL-304] Generating RTL VHDL for 'feature_extractor'.
@I [WVLOG-307] Generating RTL Verilog for 'feature_extractor'.
@I [HLS-100] Command 'autosyn' returned 0; elapsed 1.08441Total elapsed time: 19.930 sec.
@I [HLS-100] Command 'csynth_design' returned 0; elapsed 6.76665Total elapsed time: 19.930 sec.
@I [HLS-100] Command 'ap_source' returned 0; elapsed 7.02759Total elapsed time: 19.930 sec.
@I [HLS-100] Command "cleanup_all "
@I [HLS-100] Command 'cleanup_all' returned 0; elapsed 0.01349Total elapsed time: 19.944 sec.
