

================================================================
== Vivado HLS Report for 'splitter'
================================================================
* Date:           Sat Nov 26 12:05:58 2016

* Version:        2015.2 (Build 1266856 on Fri Jun 26 16:57:37 PM 2015)
* Project:        fifo_splitter
* Solution:       solution1
* Product family: zynq
* Target device:  xc7z020clg484-1


================================================================
== Performance Estimates
================================================================
+ Timing (ns): 
    * Summary: 
    +--------+-------+----------+------------+
    |  Clock | Target| Estimated| Uncertainty|
    +--------+-------+----------+------------+
    |ap_clk  |  10.00|      8.75|        1.25|
    +--------+-------+----------+------------+

+ Latency (clock cycles): 
    * Summary: 
    +-----+-----+-----+-----+----------+
    |  Latency  |  Interval | Pipeline |
    | min | max | min | max |   Type   |
    +-----+-----+-----+-----+----------+
    |  786|  786|  787|  787| dataflow |
    +-----+-----+-----+-----+----------+

    + Detail: 
        * Instance: 
        N/A

        * Loop: 
        N/A



================================================================
== Utilization Estimates
================================================================
* Summary: 
+-----------------+---------+-------+--------+-------+
|       Name      | BRAM_18K| DSP48E|   FF   |  LUT  |
+-----------------+---------+-------+--------+-------+
|Expression       |        -|      -|       -|      -|
|FIFO             |        -|      -|       -|      -|
|Instance         |        -|      -|       -|      -|
|Memory           |        -|      -|       -|      -|
|Multiplexer      |        -|      -|       -|      -|
|Register         |        -|      -|       -|      -|
+-----------------+---------+-------+--------+-------+
|Total            |        0|      0|       0|      0|
+-----------------+---------+-------+--------+-------+
|Available        |      280|    220|  106400|  53200|
+-----------------+---------+-------+--------+-------+
|Utilization (%)  |        0|      0|       0|      0|
+-----------------+---------+-------+--------+-------+

+ Detail: 
    * Instance: 
    N/A

    * Memory: 
    N/A

    * FIFO: 
    N/A

    * Expression: 
    N/A

    * Multiplexer: 
    N/A

    * Register: 
    N/A



================================================================
== Interface
================================================================
* Summary: 
N/A

============================================================
+ Verbose Summary: Synthesis Manager
============================================================
InlineROM: 1
ExposeGlobal: 0
============================================================
+ Verbose Summary: CDFG Model
============================================================
IsTopModel: 1
ResetActiveHigh: 1
IsCombinational: 2
IsDatapathOnly: 0
HasWiredReturn: 1
HasMFsm: 0
HasVarLatency: 1
IsPipeline: 0
IsRtlPipelined: 0
IsInstanceOverlapped: 0
IsDontTouch: 0
HasImplIP: 0
IsGatedGlobalClock: 0


============================================================
+ Verbose Summary: Schedule
============================================================
* Number of FSM states: 2
* Pipeline: 0
* Dataflow Pipeline: 1
  DF-Pipeline-0: Size = 2, States = { 1 2 }

* FSM state transitions: 
1 --> 
	2  / true
2 --> 
* FSM state operations: 

 <State 1>: 0.00ns
ST_1: stg_3 [2/2] 0.00ns
codeRepl:16  call fastcc void @splitter_Loop_1_proc(i8* %input_V, i8* %output_0_V, i8* %output_1_V, i8* %output_2_V, i8* %output_3_V, i8* %output_4_V, i8* %output_5_V)


 <State 2>: 0.00ns
ST_2: stg_4 [1/1] 0.00ns
codeRepl:0  call void (...)* @_ssdm_op_SpecDataflowPipeline(i32 -1, [1 x i8]* @p_str) nounwind

ST_2: empty [1/1] 0.00ns
codeRepl:1  %empty = call i32 (...)* @_ssdm_op_SpecInterface(i8* %output_5_V, [8 x i8]* @ap_fifo_str, i32 0, i32 0, i32 0, i32 0, [1 x i8]* @p_str, [1 x i8]* @p_str, [8 x i8]* @ap_fifo_str)

ST_2: empty_3 [1/1] 0.00ns
codeRepl:2  %empty_3 = call i32 (...)* @_ssdm_op_SpecInterface(i8* %output_4_V, [8 x i8]* @ap_fifo_str, i32 0, i32 0, i32 0, i32 0, [1 x i8]* @p_str, [1 x i8]* @p_str, [8 x i8]* @ap_fifo_str)

ST_2: empty_4 [1/1] 0.00ns
codeRepl:3  %empty_4 = call i32 (...)* @_ssdm_op_SpecInterface(i8* %output_3_V, [8 x i8]* @ap_fifo_str, i32 0, i32 0, i32 0, i32 0, [1 x i8]* @p_str, [1 x i8]* @p_str, [8 x i8]* @ap_fifo_str)

ST_2: empty_5 [1/1] 0.00ns
codeRepl:4  %empty_5 = call i32 (...)* @_ssdm_op_SpecInterface(i8* %output_2_V, [8 x i8]* @ap_fifo_str, i32 0, i32 0, i32 0, i32 0, [1 x i8]* @p_str, [1 x i8]* @p_str, [8 x i8]* @ap_fifo_str)

ST_2: empty_6 [1/1] 0.00ns
codeRepl:5  %empty_6 = call i32 (...)* @_ssdm_op_SpecInterface(i8* %output_1_V, [8 x i8]* @ap_fifo_str, i32 0, i32 0, i32 0, i32 0, [1 x i8]* @p_str, [1 x i8]* @p_str, [8 x i8]* @ap_fifo_str)

ST_2: empty_7 [1/1] 0.00ns
codeRepl:6  %empty_7 = call i32 (...)* @_ssdm_op_SpecInterface(i8* %output_0_V, [8 x i8]* @ap_fifo_str, i32 0, i32 0, i32 0, i32 0, [1 x i8]* @p_str, [1 x i8]* @p_str, [8 x i8]* @ap_fifo_str)

ST_2: empty_8 [1/1] 0.00ns
codeRepl:7  %empty_8 = call i32 (...)* @_ssdm_op_SpecInterface(i8* %input_V, [8 x i8]* @ap_fifo_str, i32 0, i32 0, i32 0, i32 0, [1 x i8]* @p_str, [1 x i8]* @p_str, [8 x i8]* @ap_fifo_str)

ST_2: stg_12 [1/1] 0.00ns
codeRepl:8  call void (...)* @_ssdm_op_SpecBitsMap(i8* %output_5_V), !map !0

ST_2: stg_13 [1/1] 0.00ns
codeRepl:9  call void (...)* @_ssdm_op_SpecBitsMap(i8* %output_4_V), !map !6

ST_2: stg_14 [1/1] 0.00ns
codeRepl:10  call void (...)* @_ssdm_op_SpecBitsMap(i8* %output_3_V), !map !12

ST_2: stg_15 [1/1] 0.00ns
codeRepl:11  call void (...)* @_ssdm_op_SpecBitsMap(i8* %output_2_V), !map !18

ST_2: stg_16 [1/1] 0.00ns
codeRepl:12  call void (...)* @_ssdm_op_SpecBitsMap(i8* %output_1_V), !map !24

ST_2: stg_17 [1/1] 0.00ns
codeRepl:13  call void (...)* @_ssdm_op_SpecBitsMap(i8* %output_0_V), !map !30

ST_2: stg_18 [1/1] 0.00ns
codeRepl:14  call void (...)* @_ssdm_op_SpecBitsMap(i8* %input_V), !map !36

ST_2: stg_19 [1/1] 0.00ns
codeRepl:15  call void (...)* @_ssdm_op_SpecTopModule([9 x i8]* @splitter_str) nounwind

ST_2: stg_20 [1/2] 0.00ns
codeRepl:16  call fastcc void @splitter_Loop_1_proc(i8* %input_V, i8* %output_0_V, i8* %output_1_V, i8* %output_2_V, i8* %output_3_V, i8* %output_4_V, i8* %output_5_V)

ST_2: stg_21 [1/1] 0.00ns
codeRepl:17  ret void



============================================================
+ Verbose Summary: Binding
============================================================
STG Binding: 
---------------- STG Properties BEGIN ----------------
- Is combinational: 0
- Is one-state seq: 0
- Is datapath-only: 0
- Is clock enabled: 0
- Is pipelined: 0
- Is top level: 1
Port [ Return ] is wired: 1; IO mode=ap_ctrl_hs:ce=0
Port [ input_V]:  wired=1; compound=1; hidden=0; nouse=0; global=0; static=0; extern=0; dir=0; type=3; mode=0x7fdddeaee3a0; pingpong=0; private_global=0; IO mode=ap_fifo:ce=0
Port [ output_0_V]:  wired=1; compound=1; hidden=0; nouse=0; global=0; static=0; extern=0; dir=1; type=3; mode=0x7fdddeba70d0; pingpong=0; private_global=0; IO mode=ap_fifo:ce=0
Port [ output_1_V]:  wired=1; compound=1; hidden=0; nouse=0; global=0; static=0; extern=0; dir=1; type=3; mode=0x7fdddeb61170; pingpong=0; private_global=0; IO mode=ap_fifo:ce=0
Port [ output_2_V]:  wired=1; compound=1; hidden=0; nouse=0; global=0; static=0; extern=0; dir=1; type=3; mode=0x7fddded11dd0; pingpong=0; private_global=0; IO mode=ap_fifo:ce=0
Port [ output_3_V]:  wired=1; compound=1; hidden=0; nouse=0; global=0; static=0; extern=0; dir=1; type=3; mode=0x7fddde70db20; pingpong=0; private_global=0; IO mode=ap_fifo:ce=0
Port [ output_4_V]:  wired=1; compound=1; hidden=0; nouse=0; global=0; static=0; extern=0; dir=1; type=3; mode=0x7fdddeb60ff0; pingpong=0; private_global=0; IO mode=ap_fifo:ce=0
Port [ output_5_V]:  wired=1; compound=1; hidden=0; nouse=0; global=0; static=0; extern=0; dir=1; type=3; mode=0x7fdddecc7fe0; pingpong=0; private_global=0; IO mode=ap_fifo:ce=0
---------------- STG Properties END ------------------

---------------- Datapath Model BEGIN ----------------

<LifeTime>
<method=bitvector/>
stg_4   (specdataflowpipeline) [ 000]
empty   (specinterface       ) [ 000]
empty_3 (specinterface       ) [ 000]
empty_4 (specinterface       ) [ 000]
empty_5 (specinterface       ) [ 000]
empty_6 (specinterface       ) [ 000]
empty_7 (specinterface       ) [ 000]
empty_8 (specinterface       ) [ 000]
stg_12  (specbitsmap         ) [ 000]
stg_13  (specbitsmap         ) [ 000]
stg_14  (specbitsmap         ) [ 000]
stg_15  (specbitsmap         ) [ 000]
stg_16  (specbitsmap         ) [ 000]
stg_17  (specbitsmap         ) [ 000]
stg_18  (specbitsmap         ) [ 000]
stg_19  (spectopmodule       ) [ 000]
stg_20  (call                ) [ 000]
stg_21  (ret                 ) [ 000]
</LifeTime>

<model>

<comp_list>
<comp id="0" class="1000" name="input_V">
<pin_list>
<pin id="1" dir="1" index="0" bw="1" slack="0"/>
</pin_list>
<bind>
<StgValue><ssdm name="input_V"/></StgValue>
</bind>
</comp>

<comp id="2" class="1000" name="output_0_V">
<pin_list>
<pin id="3" dir="1" index="0" bw="1" slack="0"/>
</pin_list>
<bind>
<StgValue><ssdm name="output_0_V"/></StgValue>
</bind>
</comp>

<comp id="4" class="1000" name="output_1_V">
<pin_list>
<pin id="5" dir="1" index="0" bw="1" slack="0"/>
</pin_list>
<bind>
<StgValue><ssdm name="output_1_V"/></StgValue>
</bind>
</comp>

<comp id="6" class="1000" name="output_2_V">
<pin_list>
<pin id="7" dir="1" index="0" bw="1" slack="0"/>
</pin_list>
<bind>
<StgValue><ssdm name="output_2_V"/></StgValue>
</bind>
</comp>

<comp id="8" class="1000" name="output_3_V">
<pin_list>
<pin id="9" dir="1" index="0" bw="1" slack="0"/>
</pin_list>
<bind>
<StgValue><ssdm name="output_3_V"/></StgValue>
</bind>
</comp>

<comp id="10" class="1000" name="output_4_V">
<pin_list>
<pin id="11" dir="1" index="0" bw="1" slack="0"/>
</pin_list>
<bind>
<StgValue><ssdm name="output_4_V"/></StgValue>
</bind>
</comp>

<comp id="12" class="1000" name="output_5_V">
<pin_list>
<pin id="13" dir="1" index="0" bw="1" slack="0"/>
</pin_list>
<bind>
<StgValue><ssdm name="output_5_V"/></StgValue>
</bind>
</comp>

<comp id="14" class="1001" name="const_14">
<pin_list>
<pin id="15" dir="1" index="0" bw="1" slack="0"/>
</pin_list>
<bind>
<StgValue><ssdm name="splitter_Loop_1_proc"/></StgValue>
</bind>
</comp>

<comp id="16" class="1001" name="const_16">
<pin_list>
<pin id="17" dir="1" index="0" bw="1" slack="2147483647"/>
</pin_list>
<bind>
<StgValue><ssdm name="_ssdm_op_SpecDataflowPipeline"/></StgValue>
</bind>
</comp>

<comp id="18" class="1001" name="const_18">
<pin_list>
<pin id="19" dir="1" index="0" bw="1" slack="2147483647"/>
</pin_list>
<bind>
<StgValue><ssdm name=""/></StgValue>
</bind>
</comp>

<comp id="20" class="1001" name="const_20">
<pin_list>
<pin id="21" dir="1" index="0" bw="1" slack="2147483647"/>
</pin_list>
<bind>
<StgValue><ssdm name="p_str"/></StgValue>
</bind>
</comp>

<comp id="22" class="1001" name="const_22">
<pin_list>
<pin id="23" dir="1" index="0" bw="1" slack="2147483647"/>
</pin_list>
<bind>
<StgValue><ssdm name="_ssdm_op_SpecInterface"/></StgValue>
</bind>
</comp>

<comp id="24" class="1001" name="const_24">
<pin_list>
<pin id="25" dir="1" index="0" bw="1" slack="2147483647"/>
</pin_list>
<bind>
<StgValue><ssdm name="ap_fifo_str"/></StgValue>
</bind>
</comp>

<comp id="26" class="1001" name="const_26">
<pin_list>
<pin id="27" dir="1" index="0" bw="1" slack="2147483647"/>
</pin_list>
<bind>
<StgValue><ssdm name=""/></StgValue>
</bind>
</comp>

<comp id="28" class="1001" name="const_28">
<pin_list>
<pin id="29" dir="1" index="0" bw="1" slack="2147483647"/>
</pin_list>
<bind>
<StgValue><ssdm name="_ssdm_op_SpecBitsMap"/></StgValue>
</bind>
</comp>

<comp id="30" class="1001" name="const_30">
<pin_list>
<pin id="31" dir="1" index="0" bw="1" slack="2147483647"/>
</pin_list>
<bind>
<StgValue><ssdm name="_ssdm_op_SpecTopModule"/></StgValue>
</bind>
</comp>

<comp id="32" class="1001" name="const_32">
<pin_list>
<pin id="33" dir="1" index="0" bw="1" slack="2147483647"/>
</pin_list>
<bind>
<StgValue><ssdm name="splitter_str"/></StgValue>
</bind>
</comp>

<comp id="34" class="1004" name="grp_splitter_Loop_1_proc_fu_34">
<pin_list>
<pin id="35" dir="0" index="0" bw="0" slack="0"/>
<pin id="36" dir="0" index="1" bw="8" slack="0"/>
<pin id="37" dir="0" index="2" bw="8" slack="0"/>
<pin id="38" dir="0" index="3" bw="8" slack="0"/>
<pin id="39" dir="0" index="4" bw="8" slack="0"/>
<pin id="40" dir="0" index="5" bw="8" slack="0"/>
<pin id="41" dir="0" index="6" bw="8" slack="0"/>
<pin id="42" dir="0" index="7" bw="8" slack="0"/>
<pin id="43" dir="1" index="8" bw="0" slack="2147483647"/>
</pin_list>
<bind>
<opcode="call(48) " fcode="call"/>
<opset="stg_3/1 "/>
</bind>
</comp>

</comp_list>

<net_list>
<net id="44"><net_src comp="14" pin="0"/><net_sink comp="34" pin=0"/></net>

<net id="45"><net_src comp="0" pin="0"/><net_sink comp="34" pin=1"/></net>

<net id="46"><net_src comp="2" pin="0"/><net_sink comp="34" pin=2"/></net>

<net id="47"><net_src comp="4" pin="0"/><net_sink comp="34" pin=3"/></net>

<net id="48"><net_src comp="6" pin="0"/><net_sink comp="34" pin=4"/></net>

<net id="49"><net_src comp="8" pin="0"/><net_sink comp="34" pin=5"/></net>

<net id="50"><net_src comp="10" pin="0"/><net_sink comp="34" pin=6"/></net>

<net id="51"><net_src comp="12" pin="0"/><net_sink comp="34" pin=7"/></net>

</net_list>

</model> 
---------------- Datapath Model END ------------------

* FSMD analyzer results:
  - Output states:
	Port: output_0_V | {1 2 }
	Port: output_1_V | {1 2 }
	Port: output_2_V | {1 2 }
	Port: output_3_V | {1 2 }
	Port: output_4_V | {1 2 }
	Port: output_5_V | {1 2 }
  - Chain level:
	State 1
	State 2


============================================================
+ Verbose Summary: Datapath Resource usage 
============================================================

* Functional unit list:
|----------|--------------------------------|---------|---------|
| Operation|         Functional Unit        |    FF   |   LUT   |
|----------|--------------------------------|---------|---------|
|   call   | grp_splitter_Loop_1_proc_fu_34 |    21   |    14   |
|----------|--------------------------------|---------|---------|
|   Total  |                                |    21   |    14   |
|----------|--------------------------------|---------|---------|

Memories:
N/A

* Register list:
N/A

* Multiplexer (MUX) list: 
|--------|------|------|------|--------|
|  Comp  |  Pin | Size |  BW  | S x BW |
|--------|------|------|------|--------|
|  Total |      |      |      |    0   |
|--------|------|------|------|--------|



* Summary:
+-----------+--------+--------+
|           |   FF   |   LUT  |
+-----------+--------+--------+
|  Function |   21   |   14   |
|   Memory  |    -   |    -   |
|Multiplexer|    -   |    -   |
|  Register |    -   |    -   |
+-----------+--------+--------+
|   Total   |   21   |   14   |
+-----------+--------+--------+
