

================================================================
== Vivado HLS Report for 'splitter'
================================================================
* Date:           Wed Nov 30 17:14:55 2016

* Version:        2015.2 (Build 1266856 on Fri Jun 26 16:57:37 PM 2015)
* Project:        fifo_splitter
* Solution:       solution1
* Product family: zynq
* Target device:  xc7z020clg484-1


================================================================
== Performance Estimates
================================================================
+ Timing (ns): 
    * Summary: 
    +--------+-------+----------+------------+
    |  Clock | Target| Estimated| Uncertainty|
    +--------+-------+----------+------------+
    |ap_clk  |  10.00|      3.44|        1.25|
    +--------+-------+----------+------------+

+ Latency (clock cycles): 
    * Summary: 
    +-----+-----+-----+-----+----------+
    |  Latency  |  Interval | Pipeline |
    | min | max | min | max |   Type   |
    +-----+-----+-----+-----+----------+
    |  786|  786|  787|  787| dataflow |
    +-----+-----+-----+-----+----------+

    + Detail: 
        * Instance: 
        +--------------------------------+----------------------+-----+-----+-----+-----+---------+
        |                                |                      |  Latency  |  Interval | Pipeline|
        |            Instance            |        Module        | min | max | min | max |   Type  |
        +--------------------------------+----------------------+-----+-----+-----+-----+---------+
        |grp_splitter_Loop_1_proc_fu_34  |splitter_Loop_1_proc  |  786|  786|  786|  786|   none  |
        +--------------------------------+----------------------+-----+-----+-----+-----+---------+

        * Loop: 
        N/A



================================================================
== Utilization Estimates
================================================================
* Summary: 
+-----------------+---------+-------+--------+-------+
|       Name      | BRAM_18K| DSP48E|   FF   |  LUT  |
+-----------------+---------+-------+--------+-------+
|Expression       |        -|      -|       -|      -|
|FIFO             |        -|      -|       -|      -|
|Instance         |        -|      -|      31|     40|
|Memory           |        -|      -|       -|      -|
|Multiplexer      |        -|      -|       -|      -|
|Register         |        -|      -|       2|      -|
+-----------------+---------+-------+--------+-------+
|Total            |        0|      0|      33|     40|
+-----------------+---------+-------+--------+-------+
|Available        |      280|    220|  106400|  53200|
+-----------------+---------+-------+--------+-------+
|Utilization (%)  |        0|      0|   ~0   |   ~0  |
+-----------------+---------+-------+--------+-------+

+ Detail: 
    * Instance: 
    +-------------------------+----------------------+---------+-------+----+----+
    |         Instance        |        Module        | BRAM_18K| DSP48E| FF | LUT|
    +-------------------------+----------------------+---------+-------+----+----+
    |splitter_Loop_1_proc_U0  |splitter_Loop_1_proc  |        0|      0|  31|  40|
    +-------------------------+----------------------+---------+-------+----+----+
    |Total                    |                      |        0|      0|  31|  40|
    +-------------------------+----------------------+---------+-------+----+----+

    * Memory: 
    N/A

    * FIFO: 
    N/A

    * Expression: 
    N/A

    * Multiplexer: 
    N/A

    * Register: 
    +-----------------------------------------+---+----+-----+-----------+
    |                   Name                  | FF| LUT| Bits| Const Bits|
    +-----------------------------------------+---+----+-----+-----------+
    |ap_CS                                    |  1|   0|    1|          0|
    |ap_reg_procdone_splitter_Loop_1_proc_U0  |  1|   0|    1|          0|
    +-----------------------------------------+---+----+-----+-----------+
    |Total                                    |  2|   0|    2|          0|
    +-----------------------------------------+---+----+-----+-----------+



================================================================
== Interface
================================================================
* Summary: 
+-------------------+-----+-----+------------+--------------+--------------+
|     RTL Ports     | Dir | Bits|  Protocol  | Source Object|    C Type    |
+-------------------+-----+-----+------------+--------------+--------------+
|input_V_TDATA      |  in |    8|    axis    |    input_V   |    pointer   |
|input_V_TVALID     |  in |    1|    axis    |    input_V   |    pointer   |
|input_V_TREADY     | out |    1|    axis    |    input_V   |    pointer   |
|output_0_V_TDATA   | out |    8|    axis    |  output_0_V  |    pointer   |
|output_0_V_TVALID  | out |    1|    axis    |  output_0_V  |    pointer   |
|output_0_V_TREADY  |  in |    1|    axis    |  output_0_V  |    pointer   |
|output_1_V_TDATA   | out |    8|    axis    |  output_1_V  |    pointer   |
|output_1_V_TVALID  | out |    1|    axis    |  output_1_V  |    pointer   |
|output_1_V_TREADY  |  in |    1|    axis    |  output_1_V  |    pointer   |
|output_2_V_TDATA   | out |    8|    axis    |  output_2_V  |    pointer   |
|output_2_V_TVALID  | out |    1|    axis    |  output_2_V  |    pointer   |
|output_2_V_TREADY  |  in |    1|    axis    |  output_2_V  |    pointer   |
|output_3_V_TDATA   | out |    8|    axis    |  output_3_V  |    pointer   |
|output_3_V_TVALID  | out |    1|    axis    |  output_3_V  |    pointer   |
|output_3_V_TREADY  |  in |    1|    axis    |  output_3_V  |    pointer   |
|output_4_V_TDATA   | out |    8|    axis    |  output_4_V  |    pointer   |
|output_4_V_TVALID  | out |    1|    axis    |  output_4_V  |    pointer   |
|output_4_V_TREADY  |  in |    1|    axis    |  output_4_V  |    pointer   |
|output_5_V_TDATA   | out |    8|    axis    |  output_5_V  |    pointer   |
|output_5_V_TVALID  | out |    1|    axis    |  output_5_V  |    pointer   |
|output_5_V_TREADY  |  in |    1|    axis    |  output_5_V  |    pointer   |
|ap_clk             |  in |    1| ap_ctrl_hs |   splitter   | return value |
|ap_rst_n           |  in |    1| ap_ctrl_hs |   splitter   | return value |
|ap_done            | out |    1| ap_ctrl_hs |   splitter   | return value |
|ap_start           |  in |    1| ap_ctrl_hs |   splitter   | return value |
|ap_idle            | out |    1| ap_ctrl_hs |   splitter   | return value |
|ap_ready           | out |    1| ap_ctrl_hs |   splitter   | return value |
+-------------------+-----+-----+------------+--------------+--------------+

============================================================
+ Verbose Summary: Synthesis Manager
============================================================
InlineROM: 1
ExposeGlobal: 0
============================================================
+ Verbose Summary: CDFG Model
============================================================
IsTopModel: 1
ResetActiveHigh: 1
IsCombinational: 2
IsDatapathOnly: 2
HasWiredReturn: 1
HasMFsm: 0
HasVarLatency: 1
IsPipeline: 0
IsRtlPipelined: 0
IsInstanceOverlapped: 0
IsDontTouch: 0
HasImplIP: 0
IsGatedGlobalClock: 0


============================================================
+ Verbose Summary: Schedule
============================================================
* Number of FSM states: 2
* Pipeline: 0
* Dataflow Pipeline: 1
  DF-Pipeline-0: Size = 2, States = { 1 2 }

* FSM state transitions: 
1 --> 
	2  / true
2 --> 
* FSM state operations: 

 <State 1>: 0.00ns
ST_1: stg_3 [2/2] 0.00ns
codeRepl:16  call fastcc void @splitter_Loop_1_proc(i8* %input_V, i8* %output_0_V, i8* %output_1_V, i8* %output_2_V, i8* %output_3_V, i8* %output_4_V, i8* %output_5_V)


 <State 2>: 0.00ns
ST_2: stg_4 [1/1] 0.00ns
codeRepl:0  call void (...)* @_ssdm_op_SpecDataflowPipeline(i32 -1, [1 x i8]* @p_str) nounwind

ST_2: stg_5 [1/1] 0.00ns
codeRepl:1  call void (...)* @_ssdm_op_SpecBitsMap(i8* %output_5_V), !map !0

ST_2: stg_6 [1/1] 0.00ns
codeRepl:2  call void (...)* @_ssdm_op_SpecBitsMap(i8* %output_4_V), !map !6

ST_2: stg_7 [1/1] 0.00ns
codeRepl:3  call void (...)* @_ssdm_op_SpecBitsMap(i8* %output_3_V), !map !12

ST_2: stg_8 [1/1] 0.00ns
codeRepl:4  call void (...)* @_ssdm_op_SpecBitsMap(i8* %output_2_V), !map !18

ST_2: stg_9 [1/1] 0.00ns
codeRepl:5  call void (...)* @_ssdm_op_SpecBitsMap(i8* %output_1_V), !map !24

ST_2: stg_10 [1/1] 0.00ns
codeRepl:6  call void (...)* @_ssdm_op_SpecBitsMap(i8* %output_0_V), !map !30

ST_2: stg_11 [1/1] 0.00ns
codeRepl:7  call void (...)* @_ssdm_op_SpecBitsMap(i8* %input_V), !map !36

ST_2: stg_12 [1/1] 0.00ns
codeRepl:8  call void (...)* @_ssdm_op_SpecTopModule([9 x i8]* @splitter_str) nounwind

ST_2: stg_13 [1/1] 0.00ns
codeRepl:9  call void (...)* @_ssdm_op_SpecInterface(i8* %input_V, [5 x i8]* @p_str1, i32 0, i32 0, i32 0, i32 0, [1 x i8]* @p_str, [1 x i8]* @p_str, [1 x i8]* @p_str) nounwind

ST_2: stg_14 [1/1] 0.00ns
codeRepl:10  call void (...)* @_ssdm_op_SpecInterface(i8* %output_0_V, [5 x i8]* @p_str1, i32 0, i32 0, i32 0, i32 0, [1 x i8]* @p_str, [1 x i8]* @p_str, [1 x i8]* @p_str)

ST_2: stg_15 [1/1] 0.00ns
codeRepl:11  call void (...)* @_ssdm_op_SpecInterface(i8* %output_1_V, [5 x i8]* @p_str1, i32 0, i32 0, i32 0, i32 0, [1 x i8]* @p_str, [1 x i8]* @p_str, [1 x i8]* @p_str)

ST_2: stg_16 [1/1] 0.00ns
codeRepl:12  call void (...)* @_ssdm_op_SpecInterface(i8* %output_2_V, [5 x i8]* @p_str1, i32 0, i32 0, i32 0, i32 0, [1 x i8]* @p_str, [1 x i8]* @p_str, [1 x i8]* @p_str)

ST_2: stg_17 [1/1] 0.00ns
codeRepl:13  call void (...)* @_ssdm_op_SpecInterface(i8* %output_3_V, [5 x i8]* @p_str1, i32 0, i32 0, i32 0, i32 0, [1 x i8]* @p_str, [1 x i8]* @p_str, [1 x i8]* @p_str)

ST_2: stg_18 [1/1] 0.00ns
codeRepl:14  call void (...)* @_ssdm_op_SpecInterface(i8* %output_4_V, [5 x i8]* @p_str1, i32 0, i32 0, i32 0, i32 0, [1 x i8]* @p_str, [1 x i8]* @p_str, [1 x i8]* @p_str)

ST_2: stg_19 [1/1] 0.00ns
codeRepl:15  call void (...)* @_ssdm_op_SpecInterface(i8* %output_5_V, [5 x i8]* @p_str1, i32 0, i32 0, i32 0, i32 0, [1 x i8]* @p_str, [1 x i8]* @p_str, [1 x i8]* @p_str)

ST_2: stg_20 [1/2] 0.00ns
codeRepl:16  call fastcc void @splitter_Loop_1_proc(i8* %input_V, i8* %output_0_V, i8* %output_1_V, i8* %output_2_V, i8* %output_3_V, i8* %output_4_V, i8* %output_5_V)

ST_2: stg_21 [1/1] 0.00ns
codeRepl:17  ret void



============================================================
+ Verbose Summary: Binding
============================================================
STG Binding: 
---------------- STG Properties BEGIN ----------------
- Is combinational: 0
- Is one-state seq: 0
- Is datapath-only: 0
- Is clock enabled: 0
- Is pipelined: 0
- Is top level: 1
Port [ Return ] is wired: 1; IO mode=ap_ctrl_hs:ce=0
Port [ input_V]:  wired=1; compound=1; hidden=0; nouse=0; global=0; static=0; extern=0; dir=0; type=0; mode=0x7f699eb841f0; pingpong=0; private_global=0; IO mode=axis:ce=0
Port [ output_0_V]:  wired=1; compound=1; hidden=0; nouse=0; global=0; static=0; extern=0; dir=1; type=0; mode=0x7f699c80da30; pingpong=0; private_global=0; IO mode=axis:ce=0
Port [ output_1_V]:  wired=1; compound=1; hidden=0; nouse=0; global=0; static=0; extern=0; dir=1; type=0; mode=0x7f699ecee4a0; pingpong=0; private_global=0; IO mode=axis:ce=0
Port [ output_2_V]:  wired=1; compound=1; hidden=0; nouse=0; global=0; static=0; extern=0; dir=1; type=0; mode=0x7f699e723d10; pingpong=0; private_global=0; IO mode=axis:ce=0
Port [ output_3_V]:  wired=1; compound=1; hidden=0; nouse=0; global=0; static=0; extern=0; dir=1; type=0; mode=0x7f699ebec3c0; pingpong=0; private_global=0; IO mode=axis:ce=0
Port [ output_4_V]:  wired=1; compound=1; hidden=0; nouse=0; global=0; static=0; extern=0; dir=1; type=0; mode=0x7f699d4707a0; pingpong=0; private_global=0; IO mode=axis:ce=0
Port [ output_5_V]:  wired=1; compound=1; hidden=0; nouse=0; global=0; static=0; extern=0; dir=1; type=0; mode=0x7f699ec56f50; pingpong=0; private_global=0; IO mode=axis:ce=0
---------------- STG Properties END ------------------

---------------- Datapath Model BEGIN ----------------

<LifeTime>
<method=bitvector/>
stg_4  (specdataflowpipeline) [ 000]
stg_5  (specbitsmap         ) [ 000]
stg_6  (specbitsmap         ) [ 000]
stg_7  (specbitsmap         ) [ 000]
stg_8  (specbitsmap         ) [ 000]
stg_9  (specbitsmap         ) [ 000]
stg_10 (specbitsmap         ) [ 000]
stg_11 (specbitsmap         ) [ 000]
stg_12 (spectopmodule       ) [ 000]
stg_13 (specinterface       ) [ 000]
stg_14 (specinterface       ) [ 000]
stg_15 (specinterface       ) [ 000]
stg_16 (specinterface       ) [ 000]
stg_17 (specinterface       ) [ 000]
stg_18 (specinterface       ) [ 000]
stg_19 (specinterface       ) [ 000]
stg_20 (call                ) [ 000]
stg_21 (ret                 ) [ 000]
</LifeTime>

<model>

<comp_list>
<comp id="0" class="1000" name="input_V">
<pin_list>
<pin id="1" dir="1" index="0" bw="1" slack="0"/>
</pin_list>
<bind>
<StgValue><ssdm name="input_V"/></StgValue>
</bind>
</comp>

<comp id="2" class="1000" name="output_0_V">
<pin_list>
<pin id="3" dir="1" index="0" bw="1" slack="0"/>
</pin_list>
<bind>
<StgValue><ssdm name="output_0_V"/></StgValue>
</bind>
</comp>

<comp id="4" class="1000" name="output_1_V">
<pin_list>
<pin id="5" dir="1" index="0" bw="1" slack="0"/>
</pin_list>
<bind>
<StgValue><ssdm name="output_1_V"/></StgValue>
</bind>
</comp>

<comp id="6" class="1000" name="output_2_V">
<pin_list>
<pin id="7" dir="1" index="0" bw="1" slack="0"/>
</pin_list>
<bind>
<StgValue><ssdm name="output_2_V"/></StgValue>
</bind>
</comp>

<comp id="8" class="1000" name="output_3_V">
<pin_list>
<pin id="9" dir="1" index="0" bw="1" slack="0"/>
</pin_list>
<bind>
<StgValue><ssdm name="output_3_V"/></StgValue>
</bind>
</comp>

<comp id="10" class="1000" name="output_4_V">
<pin_list>
<pin id="11" dir="1" index="0" bw="1" slack="0"/>
</pin_list>
<bind>
<StgValue><ssdm name="output_4_V"/></StgValue>
</bind>
</comp>

<comp id="12" class="1000" name="output_5_V">
<pin_list>
<pin id="13" dir="1" index="0" bw="1" slack="0"/>
</pin_list>
<bind>
<StgValue><ssdm name="output_5_V"/></StgValue>
</bind>
</comp>

<comp id="14" class="1001" name="const_14">
<pin_list>
<pin id="15" dir="1" index="0" bw="1" slack="0"/>
</pin_list>
<bind>
<StgValue><ssdm name="splitter_Loop_1_proc"/></StgValue>
</bind>
</comp>

<comp id="16" class="1001" name="const_16">
<pin_list>
<pin id="17" dir="1" index="0" bw="1" slack="2147483647"/>
</pin_list>
<bind>
<StgValue><ssdm name="_ssdm_op_SpecDataflowPipeline"/></StgValue>
</bind>
</comp>

<comp id="18" class="1001" name="const_18">
<pin_list>
<pin id="19" dir="1" index="0" bw="1" slack="2147483647"/>
</pin_list>
<bind>
<StgValue><ssdm name=""/></StgValue>
</bind>
</comp>

<comp id="20" class="1001" name="const_20">
<pin_list>
<pin id="21" dir="1" index="0" bw="1" slack="2147483647"/>
</pin_list>
<bind>
<StgValue><ssdm name="p_str"/></StgValue>
</bind>
</comp>

<comp id="22" class="1001" name="const_22">
<pin_list>
<pin id="23" dir="1" index="0" bw="1" slack="2147483647"/>
</pin_list>
<bind>
<StgValue><ssdm name="_ssdm_op_SpecBitsMap"/></StgValue>
</bind>
</comp>

<comp id="24" class="1001" name="const_24">
<pin_list>
<pin id="25" dir="1" index="0" bw="1" slack="2147483647"/>
</pin_list>
<bind>
<StgValue><ssdm name="_ssdm_op_SpecTopModule"/></StgValue>
</bind>
</comp>

<comp id="26" class="1001" name="const_26">
<pin_list>
<pin id="27" dir="1" index="0" bw="1" slack="2147483647"/>
</pin_list>
<bind>
<StgValue><ssdm name="splitter_str"/></StgValue>
</bind>
</comp>

<comp id="28" class="1001" name="const_28">
<pin_list>
<pin id="29" dir="1" index="0" bw="1" slack="2147483647"/>
</pin_list>
<bind>
<StgValue><ssdm name="_ssdm_op_SpecInterface"/></StgValue>
</bind>
</comp>

<comp id="30" class="1001" name="const_30">
<pin_list>
<pin id="31" dir="1" index="0" bw="1" slack="2147483647"/>
</pin_list>
<bind>
<StgValue><ssdm name="p_str1"/></StgValue>
</bind>
</comp>

<comp id="32" class="1001" name="const_32">
<pin_list>
<pin id="33" dir="1" index="0" bw="1" slack="2147483647"/>
</pin_list>
<bind>
<StgValue><ssdm name=""/></StgValue>
</bind>
</comp>

<comp id="34" class="1004" name="grp_splitter_Loop_1_proc_fu_34">
<pin_list>
<pin id="35" dir="0" index="0" bw="0" slack="0"/>
<pin id="36" dir="0" index="1" bw="8" slack="0"/>
<pin id="37" dir="0" index="2" bw="8" slack="0"/>
<pin id="38" dir="0" index="3" bw="8" slack="0"/>
<pin id="39" dir="0" index="4" bw="8" slack="0"/>
<pin id="40" dir="0" index="5" bw="8" slack="0"/>
<pin id="41" dir="0" index="6" bw="8" slack="0"/>
<pin id="42" dir="0" index="7" bw="8" slack="0"/>
<pin id="43" dir="1" index="8" bw="0" slack="2147483647"/>
</pin_list>
<bind>
<opcode="call(48) " fcode="call"/>
<opset="stg_3/1 "/>
</bind>
</comp>

</comp_list>

<net_list>
<net id="44"><net_src comp="14" pin="0"/><net_sink comp="34" pin=0"/></net>

<net id="45"><net_src comp="0" pin="0"/><net_sink comp="34" pin=1"/></net>

<net id="46"><net_src comp="2" pin="0"/><net_sink comp="34" pin=2"/></net>

<net id="47"><net_src comp="4" pin="0"/><net_sink comp="34" pin=3"/></net>

<net id="48"><net_src comp="6" pin="0"/><net_sink comp="34" pin=4"/></net>

<net id="49"><net_src comp="8" pin="0"/><net_sink comp="34" pin=5"/></net>

<net id="50"><net_src comp="10" pin="0"/><net_sink comp="34" pin=6"/></net>

<net id="51"><net_src comp="12" pin="0"/><net_sink comp="34" pin=7"/></net>

</net_list>

</model> 
---------------- Datapath Model END ------------------

* FSMD analyzer results:
  - Output states:
	Port: output_0_V | {1 2 }
	Port: output_1_V | {1 2 }
	Port: output_2_V | {1 2 }
	Port: output_3_V | {1 2 }
	Port: output_4_V | {1 2 }
	Port: output_5_V | {1 2 }
  - Chain level:
	State 1
	State 2


============================================================
+ Verbose Summary: Datapath Resource usage 
============================================================

* Functional unit list:
|----------|--------------------------------|---------|---------|
| Operation|         Functional Unit        |    FF   |   LUT   |
|----------|--------------------------------|---------|---------|
|   call   | grp_splitter_Loop_1_proc_fu_34 |    29   |    14   |
|----------|--------------------------------|---------|---------|
|   Total  |                                |    29   |    14   |
|----------|--------------------------------|---------|---------|

Memories:
N/A

* Register list:
N/A

* Multiplexer (MUX) list: 
|--------|------|------|------|--------|
|  Comp  |  Pin | Size |  BW  | S x BW |
|--------|------|------|------|--------|
|  Total |      |      |      |    0   |
|--------|------|------|------|--------|



* Summary:
+-----------+--------+--------+
|           |   FF   |   LUT  |
+-----------+--------+--------+
|  Function |   29   |   14   |
|   Memory  |    -   |    -   |
|Multiplexer|    -   |    -   |
|  Register |    -   |    -   |
+-----------+--------+--------+
|   Total   |   29   |   14   |
+-----------+--------+--------+
