#-----------------------------------------------------------
# Webtalk v2015.2 (64-bit)
# SW Build 1266856 on Fri Jun 26 16:35:25 MDT 2015
# 
# Start of session at: Tue Nov 29 09:09:50 2016
# Process ID: 23476
# Log file: C:/Users/sunny/Google_Drive/CMU/Courses/CMU/18643/vivado_projects/H05-lab3-1/project_1.sdk/webtalk/webtalk.log
# Journal file: C:/Users/sunny/Google_Drive/CMU/Courses/CMU/18643/vivado_projects/H05-lab3-1/project_1.sdk/webtalk\webtalk.jou
#-----------------------------------------------------------
source sdk_webtalk.tcl
# webtalk_init -webtalk_dir C:\\Users\\sunny\\Google_Drive\\CMU\\Courses\\CMU\\18643\\vivado_projects\\H05-lab3-1\\project_1.sdk\\webtalk
# webtalk_register_client -client project
# webtalk_add_data -client project -key date_generated -value "Tue Nov 29 09:09:00 2016" -context "software_version_and_target_device"
# webtalk_add_data -client project -key product_version -value "SDK v2015.2" -context "software_version_and_target_device"
# webtalk_add_data -client project -key build_version -value "2015.2" -context "software_version_and_target_device"
# webtalk_add_data -client project -key os_platform -value "amd64" -context "software_version_and_target_device"
# webtalk_add_data -client project -key registration_id -value "" -context "software_version_and_target_device"
# webtalk_add_data -client project -key tool_flow -value "SDK" -context "software_version_and_target_device"
# webtalk_add_data -client project -key beta -value "false" -context "software_version_and_target_device"
# webtalk_add_data -client project -key route_design -value "NA" -context "software_version_and_target_device"
# webtalk_add_data -client project -key target_family -value "NA" -context "software_version_and_target_device"
# webtalk_add_data -client project -key target_device -value "NA" -context "software_version_and_target_device"
# webtalk_add_data -client project -key target_package -value "NA" -context "software_version_and_target_device"
# webtalk_add_data -client project -key target_speed -value "NA" -context "software_version_and_target_device"
# webtalk_add_data -client project -key random_id -value "jglvflou6l2f4is7agd874lhve" -context "software_version_and_target_device"
# webtalk_add_data -client project -key project_id -value "2015.2_9" -context "software_version_and_target_device"
# webtalk_add_data -client project -key project_iteration -value "9" -context "software_version_and_target_device"
# webtalk_add_data -client project -key os_name -value "" -context "user_environment"
# webtalk_add_data -client project -key os_release -value "" -context "user_environment"
# webtalk_add_data -client project -key cpu_name -value "" -context "user_environment"
# webtalk_add_data -client project -key cpu_speed -value "" -context "user_environment"
# webtalk_add_data -client project -key total_processors -value "" -context "user_environment"
# webtalk_add_data -client project -key system_ram -value "" -context "user_environment"
# webtalk_register_client -client sdk
# webtalk_add_data -client sdk -key uid -value "1480407109426" -context "sdk\\\\bsp/1480407109426"
# webtalk_add_data -client sdk -key hwid -value "1480405448838" -context "sdk\\\\bsp/1480407109426"
# webtalk_add_data -client sdk -key os -value "standalone" -context "sdk\\\\bsp/1480407109426"
# webtalk_add_data -client sdk -key apptemplate -value "empty_application" -context "sdk\\\\bsp/1480407109426"
# webtalk_add_data -client sdk -key uid -value "1480407112420" -context "sdk\\\\application/1480407112420"
# webtalk_add_data -client sdk -key hwid -value "1480405448838" -context "sdk\\\\application/1480407112420"
# webtalk_add_data -client sdk -key bspid -value "1480407109426" -context "sdk\\\\application/1480407112420"
# webtalk_add_data -client sdk -key newbsp -value "true" -context "sdk\\\\application/1480407112420"
# webtalk_add_data -client sdk -key os -value "standalone" -context "sdk\\\\application/1480407112420"
# webtalk_add_data -client sdk -key apptemplate -value "empty_application" -context "sdk\\\\application/1480407112420"
# webtalk_transmit -clientid 3731917158 -regid "" -xml C:\\Users\\sunny\\Google_Drive\\CMU\\Courses\\CMU\\18643\\vivado_projects\\H05-lab3-1\\project_1.sdk\\webtalk\\usage_statistics_ext_sdk.xml -html C:\\Users\\sunny\\Google_Drive\\CMU\\Courses\\CMU\\18643\\vivado_projects\\H05-lab3-1\\project_1.sdk\\webtalk\\usage_statistics_ext_sdk.html -wdm C:\\Users\\sunny\\Google_Drive\\CMU\\Courses\\CMU\\18643\\vivado_projects\\H05-lab3-1\\project_1.sdk\\webtalk\\sdk_webtalk.wdm -intro "<H3>SDK Usage Report</H3><BR>"

    while executing
"webtalk_transmit -clientid 3731917158 -regid "" -xml C:\\Users\\sunny\\Google_Drive\\CMU\\Courses\\CMU\\18643\\vivado_projects\\H05-lab3-1\\project_1...."
    (file "sdk_webtalk.tcl" line 35)
INFO: [Common 17-206] Exiting Webtalk at Tue Nov 29 09:09:50 2016...
