#-----------------------------------------------------------
# Webtalk v2015.2 (64-bit)
# SW Build 1266856 on Fri Jun 26 16:35:25 MDT 2015
# 
# Start of session at: Tue Nov 29 02:49:58 2016
# Process ID: 27616
# Log file: C:/Users/sunny/Google_Drive/CMU/Courses/CMU/18643/vivado_projects/H05-lab3-1/project_1.sdk/webtalk/webtalk.log
# Journal file: C:/Users/sunny/Google_Drive/CMU/Courses/CMU/18643/vivado_projects/H05-lab3-1/project_1.sdk/webtalk\webtalk.jou
#-----------------------------------------------------------
source sdk_webtalk.tcl
# webtalk_init -webtalk_dir C:\\Users\\sunny\\Google_Drive\\CMU\\Courses\\CMU\\18643\\vivado_projects\\H05-lab3-1\\project_1.sdk\\webtalk
# webtalk_register_client -client project
# webtalk_add_data -client project -key date_generated -value "Tue Nov 29 02:49:55 2016" -context "software_version_and_target_device"
# webtalk_add_data -client project -key product_version -value "SDK v2015.2" -context "software_version_and_target_device"
# webtalk_add_data -client project -key build_version -value "2015.2" -context "software_version_and_target_device"
# webtalk_add_data -client project -key os_platform -value "amd64" -context "software_version_and_target_device"
# webtalk_add_data -client project -key registration_id -value "" -context "software_version_and_target_device"
# webtalk_add_data -client project -key tool_flow -value "SDK" -context "software_version_and_target_device"
# webtalk_add_data -client project -key beta -value "false" -context "software_version_and_target_device"
# webtalk_add_data -client project -key route_design -value "NA" -context "software_version_and_target_device"
# webtalk_add_data -client project -key target_family -value "NA" -context "software_version_and_target_device"
# webtalk_add_data -client project -key target_device -value "NA" -context "software_version_and_target_device"
# webtalk_add_data -client project -key target_package -value "NA" -context "software_version_and_target_device"
# webtalk_add_data -client project -key target_speed -value "NA" -context "software_version_and_target_device"
# webtalk_add_data -client project -key random_id -value "97qr49b349ur22l90qtfg56qmq" -context "software_version_and_target_device"
# webtalk_add_data -client project -key project_id -value "2015.2_8" -context "software_version_and_target_device"
# webtalk_add_data -client project -key project_iteration -value "8" -context "software_version_and_target_device"
# webtalk_add_data -client project -key os_name -value "" -context "user_environment"
# webtalk_add_data -client project -key os_release -value "" -context "user_environment"
# webtalk_add_data -client project -key cpu_name -value "" -context "user_environment"
# webtalk_add_data -client project -key cpu_speed -value "" -context "user_environment"
# webtalk_add_data -client project -key total_processors -value "" -context "user_environment"
# webtalk_add_data -client project -key system_ram -value "" -context "user_environment"
# webtalk_register_client -client sdk
# webtalk_add_data -client sdk -key uid -value "1480405448838" -context "sdk\\\\hardware/1480405448838"
# webtalk_add_data -client sdk -key isZynq -value "true" -context "sdk\\\\hardware/1480405448838"
# webtalk_add_data -client sdk -key Processors -value "2" -context "sdk\\\\hardware/1480405448838"
# webtalk_add_data -client sdk -key VivadoVersion -value "2015.2" -context "sdk\\\\hardware/1480405448838"
# webtalk_add_data -client sdk -key Arch -value "zynq" -context "sdk\\\\hardware/1480405448838"
# webtalk_add_data -client sdk -key Device -value "7z020" -context "sdk\\\\hardware/1480405448838"
# webtalk_add_data -client sdk -key IsHandoff -value "true" -context "sdk\\\\hardware/1480405448838"
# webtalk_transmit -clientid 1327343723 -regid "" -xml C:\\Users\\sunny\\Google_Drive\\CMU\\Courses\\CMU\\18643\\vivado_projects\\H05-lab3-1\\project_1.sdk\\webtalk\\usage_statistics_ext_sdk.xml -html C:\\Users\\sunny\\Google_Drive\\CMU\\Courses\\CMU\\18643\\vivado_projects\\H05-lab3-1\\project_1.sdk\\webtalk\\usage_statistics_ext_sdk.html -wdm C:\\Users\\sunny\\Google_Drive\\CMU\\Courses\\CMU\\18643\\vivado_projects\\H05-lab3-1\\project_1.sdk\\webtalk\\sdk_webtalk.wdm -intro "<H3>SDK Usage Report</H3><BR>"

    while executing
"webtalk_transmit -clientid 1327343723 -regid "" -xml C:\\Users\\sunny\\Google_Drive\\CMU\\Courses\\CMU\\18643\\vivado_projects\\H05-lab3-1\\project_1...."
    (file "sdk_webtalk.tcl" line 32)
INFO: [Common 17-206] Exiting Webtalk at Tue Nov 29 02:50:02 2016...
