#-----------------------------------------------------------
# Vivado v2015.2 (64-bit)
# SW Build 1266856 on Fri Jun 26 16:35:25 MDT 2015
# IP Build 1264090 on Wed Jun 24 14:22:01 MDT 2015
# Start of session at: Sat Dec 03 21:56:21 2016
# Process ID: 7248
# Log file: C:/Users/sunny/Google_Drive/CMU/Courses/CMU/18643/vivado_projects/proj3_hls/solution1/impl/ip/vivado.log
# Journal file: C:/Users/sunny/Google_Drive/CMU/Courses/CMU/18643/vivado_projects/proj3_hls/solution1/impl/ip\vivado.jou
#-----------------------------------------------------------
source run_ippack.tcl -notrace
INFO: [ProjectBase 1-489] The host OS only allows 260 characters in a normal path. The project is stored in a path with more than 80 characters. If you experience issues with IP, Block Designs, or files not being found, please consider moving the project to a location with a shorter path. Alternately consider using the OS subst command to map part of the path to a drive letter.
Current project path is 'C:/Users/sunny/Google_Drive/CMU/Courses/CMU/18643/vivado_projects/proj3_hls/solution1/impl/ip'
INFO: [IP_Flow 19-234] Refreshing IP repositories
INFO: [IP_Flow 19-1704] No user IP repositories specified
INFO: [IP_Flow 19-2313] Loaded Vivado IP repository 'C:/Xilinx/Vivado/2015.2/data/ip'.
create_ip: Time (s): cpu = 00:00:02 ; elapsed = 00:00:10 . Memory (MB): peak = 229.668 ; gain = 19.770
INFO: [IP_Flow 19-1686] Generating 'Synthesis' target for IP 'obj_detector_ap_dadd_3_full_dsp_64'...
INFO: [IP_Flow 19-1686] Generating 'Simulation' target for IP 'obj_detector_ap_dadd_3_full_dsp_64'...
INFO: [IP_Flow 19-1686] Generating 'Synthesis' target for IP 'obj_detector_ap_dcmp_0_no_dsp_64'...
INFO: [IP_Flow 19-1686] Generating 'Simulation' target for IP 'obj_detector_ap_dcmp_0_no_dsp_64'...
INFO: [IP_Flow 19-1686] Generating 'Synthesis' target for IP 'obj_detector_ap_ddiv_29_no_dsp_64'...
INFO: [IP_Flow 19-1686] Generating 'Simulation' target for IP 'obj_detector_ap_ddiv_29_no_dsp_64'...
INFO: [IP_Flow 19-1686] Generating 'Synthesis' target for IP 'obj_detector_ap_dexp_16_full_dsp_64'...
INFO: [IP_Flow 19-1686] Generating 'Simulation' target for IP 'obj_detector_ap_dexp_16_full_dsp_64'...
INFO: [IP_Flow 19-1686] Generating 'Synthesis' target for IP 'obj_detector_ap_fadd_3_full_dsp_32'...
INFO: [IP_Flow 19-1686] Generating 'Simulation' target for IP 'obj_detector_ap_fadd_3_full_dsp_32'...
INFO: [IP_Flow 19-1686] Generating 'Synthesis' target for IP 'obj_detector_ap_fcmp_0_no_dsp_32'...
INFO: [IP_Flow 19-1686] Generating 'Simulation' target for IP 'obj_detector_ap_fcmp_0_no_dsp_32'...
INFO: [IP_Flow 19-1686] Generating 'Synthesis' target for IP 'obj_detector_ap_fdiv_14_no_dsp_32'...
INFO: [IP_Flow 19-1686] Generating 'Simulation' target for IP 'obj_detector_ap_fdiv_14_no_dsp_32'...
INFO: [IP_Flow 19-1686] Generating 'Synthesis' target for IP 'obj_detector_ap_fmul_2_max_dsp_32'...
INFO: [IP_Flow 19-1686] Generating 'Simulation' target for IP 'obj_detector_ap_fmul_2_max_dsp_32'...
INFO: [IP_Flow 19-1686] Generating 'Synthesis' target for IP 'obj_detector_ap_fpext_0_no_dsp_32'...
INFO: [IP_Flow 19-1686] Generating 'Simulation' target for IP 'obj_detector_ap_fpext_0_no_dsp_32'...
INFO: [IP_Flow 19-1686] Generating 'Synthesis' target for IP 'obj_detector_ap_fptrunc_0_no_dsp_64'...
INFO: [IP_Flow 19-1686] Generating 'Simulation' target for IP 'obj_detector_ap_fptrunc_0_no_dsp_64'...
****** Webtalk v2015.2 (64-bit)
  **** SW Build 1266856 on Fri Jun 26 16:35:25 MDT 2015
  **** IP Build 1264090 on Wed Jun 24 14:22:01 MDT 2015
    ** Copyright 1986-2015 Xilinx, Inc. All Rights Reserved.

source C:/Users/sunny/Google_Drive/CMU/Courses/CMU/18643/vivado_projects/proj3_hls/solution1/impl/ip/tmp.hw/webtalk/labtool_webtalk.tcl -notrace
INFO: [Common 17-186] 'C:/Users/sunny/Google_Drive/CMU/Courses/CMU/18643/vivado_projects/proj3_hls/solution1/impl/ip/tmp.hw/webtalk/usage_statistics_ext_labtool.xml' has been successfully sent to Xilinx on Sat Dec 03 21:57:19 2016. For additional details about this file, please refer to the WebTalk help file at C:/Xilinx/Vivado/2015.2/doc/webtalk_introduction.html.
INFO: [Common 17-206] Exiting Webtalk at Sat Dec 03 21:57:19 2016...
INFO: [IP_Flow 19-234] Refreshing IP repositories
INFO: [IP_Flow 19-1704] No user IP repositories specified
INFO: [IP_Flow 19-2313] Loaded Vivado IP repository 'C:/Xilinx/Vivado/2015.2/data/ip'.
INFO: [Common 17-206] Exiting Vivado at Sat Dec 03 21:57:24 2016...
