Copyright 1986-2015 Xilinx, Inc. All Rights Reserved.
------------------------------------------------------------------------------------
| Tool Version : Vivado v.2015.2 (win64) Build 1266856 Fri Jun 26 16:35:25 MDT 2015
| Date         : Fri Dec 02 20:29:46 2016
| Host         : Arani running 64-bit major release  (build 9200)
| Command      : report_drc
------------------------------------------------------------------------------------

Report DRC

Table of Contents
-----------------
1. REPORT SUMMARY
2. REPORT DETAILS

1. REPORT SUMMARY
-----------------
            Netlist: netlist
          Floorplan: design_1
      Design limits: <entire design considered>
           Ruledeck: default
             Max violations: <unlimited>
             Violations found: 105

2. REPORT DETAILS
-----------------
DPIP-1#1 Warning
Input pipelining  
DSP design_1_i/softmax_0/inst/softmax_dadd_64ns_64ns_64_5_full_dsp_U4/softmax_ap_dadd_3_full_dsp_64_u/U0/i_synth/ADDSUB_OP.ADDSUB/SPEED_OP.LOGIC.OP/ALIGN_BLK/FRAC_ADDSUB/DSP_ADD.FRAC_ADDSUB/DSP48E1_ADD.DSP48E1_ADD/DSP input A B C is not pipelined. Pipelining DSP48 input will improve performance.
Related violations: <none>

DPIP-1#2 Warning
Input pipelining  
DSP design_1_i/softmax_0/inst/softmax_dadd_64ns_64ns_64_5_full_dsp_U4/softmax_ap_dadd_3_full_dsp_64_u/U0/i_synth/ADDSUB_OP.ADDSUB/SPEED_OP.LOGIC.OP/ALIGN_BLK/FRAC_ADDSUB/DSP_ADD.FRAC_ADDSUB/DSP48E1_GEN.DSP48E1_DEL/DSP input A B is not pipelined. Pipelining DSP48 input will improve performance.
Related violations: <none>

DPIP-1#3 Warning
Input pipelining  
DSP design_1_i/softmax_0/inst/softmax_dadd_64ns_64ns_64_5_full_dsp_U4/softmax_ap_dadd_3_full_dsp_64_u/U0/i_synth/ADDSUB_OP.ADDSUB/SPEED_OP.LOGIC.OP/NORM/ROUND/DSP48_E1.DSP48E1_ADD.DSP48E1_ADD/DSP input B C is not pipelined. Pipelining DSP48 input will improve performance.
Related violations: <none>

DPIP-1#4 Warning
Input pipelining  
DSP design_1_i/softmax_0/inst/softmax_dexp_64ns_64ns_64_18_full_dsp_U6/softmax_ap_dexp_16_full_dsp_64_u/U0/i_synth/EXP_OP.OP/g_Fr_other.i_calculate_Fr/dsp_extra_fabric_adder.mult_with_add_low/use_prim.appDSP48[0].bppDSP48[0].use_dsp.use_dsp48e1.iDSP48E1 input A B is not pipelined. Pipelining DSP48 input will improve performance.
Related violations: <none>

DPIP-1#5 Warning
Input pipelining  
DSP design_1_i/softmax_0/inst/softmax_dexp_64ns_64ns_64_18_full_dsp_U6/softmax_ap_dexp_16_full_dsp_64_u/U0/i_synth/EXP_OP.OP/g_Fr_other.i_calculate_Fr/dsp_extra_fabric_adder.mult_with_add_low/use_prim.appDSP48[0].bppDSP48[1].use_dsp.use_dsp48e1.iDSP48E1 input B C is not pipelined. Pipelining DSP48 input will improve performance.
Related violations: <none>

DPIP-1#6 Warning
Input pipelining  
DSP design_1_i/softmax_0/inst/softmax_dexp_64ns_64ns_64_18_full_dsp_U6/softmax_ap_dexp_16_full_dsp_64_u/U0/i_synth/EXP_OP.OP/g_Fr_other.i_calculate_Fr/dsp_extra_fabric_adder.mult_with_add_low/use_prim.appDSP48[0].bppDSP48[2].use_dsp.use_dsp48e1.iDSP48E1 input C is not pipelined. Pipelining DSP48 input will improve performance.
Related violations: <none>

DPIP-1#7 Warning
Input pipelining  
DSP design_1_i/softmax_0/inst/softmax_dexp_64ns_64ns_64_18_full_dsp_U6/softmax_ap_dexp_16_full_dsp_64_u/U0/i_synth/EXP_OP.OP/g_Fr_other.i_calculate_Fr/dsp_extra_fabric_adder.mult_with_add_low/use_prim.appDSP48[1].bppDSP48[0].use_dsp.use_dsp48e1.iDSP48E1 input C is not pipelined. Pipelining DSP48 input will improve performance.
Related violations: <none>

DPIP-1#8 Warning
Input pipelining  
DSP design_1_i/softmax_0/inst/softmax_dexp_64ns_64ns_64_18_full_dsp_U6/softmax_ap_dexp_16_full_dsp_64_u/U0/i_synth/EXP_OP.OP/g_Fr_other.i_calculate_Fr/dsp_extra_fabric_adder.mult_with_add_low/use_prim.appDSP48[1].bppDSP48[1].use_dsp.use_dsp48e1.iDSP48E1 input C is not pipelined. Pipelining DSP48 input will improve performance.
Related violations: <none>

DPIP-1#9 Warning
Input pipelining  
DSP design_1_i/softmax_0/inst/softmax_dexp_64ns_64ns_64_18_full_dsp_U6/softmax_ap_dexp_16_full_dsp_64_u/U0/i_synth/EXP_OP.OP/g_Fr_other.i_calculate_Fr/dsp_extra_fabric_adder.mult_with_add_low/use_prim.appDSP48[1].bppDSP48[2].use_dsp.use_dsp48e1.iDSP48E1 input C is not pipelined. Pipelining DSP48 input will improve performance.
Related violations: <none>

DPIP-1#10 Warning
Input pipelining  
DSP design_1_i/softmax_0/inst/softmax_dexp_64ns_64ns_64_18_full_dsp_U6/softmax_ap_dexp_16_full_dsp_64_u/U0/i_synth/EXP_OP.OP/g_Fr_other.i_calculate_Fr/dsp_extra_fabric_adder.mult_with_add_low/use_prim.appDSP48[2].bppDSP48[0].use_dsp.use_dsp48e1.iDSP48E1 input C is not pipelined. Pipelining DSP48 input will improve performance.
Related violations: <none>

DPIP-1#11 Warning
Input pipelining  
DSP design_1_i/softmax_0/inst/softmax_dexp_64ns_64ns_64_18_full_dsp_U6/softmax_ap_dexp_16_full_dsp_64_u/U0/i_synth/EXP_OP.OP/g_Fr_other.i_calculate_Fr/dsp_extra_fabric_adder.mult_with_add_low/use_prim.appDSP48[2].bppDSP48[1].use_dsp.use_dsp48e1.iDSP48E1 input C is not pipelined. Pipelining DSP48 input will improve performance.
Related violations: <none>

DPIP-1#12 Warning
Input pipelining  
DSP design_1_i/softmax_0/inst/softmax_dexp_64ns_64ns_64_18_full_dsp_U6/softmax_ap_dexp_16_full_dsp_64_u/U0/i_synth/EXP_OP.OP/g_Fr_other.i_calculate_Fr/dsp_extra_fabric_adder.mult_with_add_low/use_prim.appDSP48[2].bppDSP48[2].use_dsp.use_dsp48e1.iDSP48E1 input C is not pipelined. Pipelining DSP48 input will improve performance.
Related violations: <none>

DPIP-1#13 Warning
Input pipelining  
DSP design_1_i/softmax_0/inst/softmax_dexp_64ns_64ns_64_18_full_dsp_U6/softmax_ap_dexp_16_full_dsp_64_u/U0/i_synth/EXP_OP.OP/i_calculate_Xf/dsp.two.dsp48e1_add_hi/DSP input B C is not pipelined. Pipelining DSP48 input will improve performance.
Related violations: <none>

DPIP-1#14 Warning
Input pipelining  
DSP design_1_i/softmax_0/inst/softmax_dexp_64ns_64ns_64_18_full_dsp_U6/softmax_ap_dexp_16_full_dsp_64_u/U0/i_synth/EXP_OP.OP/i_calculate_Xf/dsp.two.dsp48e1_add_lo/DSP input A B C is not pipelined. Pipelining DSP48 input will improve performance.
Related violations: <none>

DPIP-1#15 Warning
Input pipelining  
DSP design_1_i/softmax_0/inst/softmax_dexp_64ns_64ns_64_18_full_dsp_U6/softmax_ap_dexp_16_full_dsp_64_u/U0/i_synth/EXP_OP.OP/i_calculate_e2zmzm1/g_dp.i_polyomial/g_struct.multadd_1.madd/dsp_extra_fabric_adder.mult_with_add_low/use_prim.appDSP48[0].bppDSP48[0].use_dsp.use_dsp48e1.iDSP48E1 input A B C is not pipelined. Pipelining DSP48 input will improve performance.
Related violations: <none>

DPIP-1#16 Warning
Input pipelining  
DSP design_1_i/softmax_0/inst/softmax_dexp_64ns_64ns_64_18_full_dsp_U6/softmax_ap_dexp_16_full_dsp_64_u/U0/i_synth/EXP_OP.OP/i_calculate_e2zmzm1/g_dp.i_polyomial/g_struct.multadd_1.madd/dsp_extra_fabric_adder.mult_with_add_low/use_prim.appDSP48[0].bppDSP48[1].use_dsp.use_dsp48e1.iDSP48E1 input B C is not pipelined. Pipelining DSP48 input will improve performance.
Related violations: <none>

DPIP-1#17 Warning
Input pipelining  
DSP design_1_i/softmax_0/inst/softmax_dexp_64ns_64ns_64_18_full_dsp_U6/softmax_ap_dexp_16_full_dsp_64_u/U0/i_synth/EXP_OP.OP/i_calculate_e2zmzm1/g_dp.i_polyomial/g_struct.multadd_2.madd/dsp_extra_fabric_adder.mult_with_add_low/use_prim.appDSP48[0].bppDSP48[0].use_dsp.use_dsp48e1.iDSP48E1 input C is not pipelined. Pipelining DSP48 input will improve performance.
Related violations: <none>

DPIP-1#18 Warning
Input pipelining  
DSP design_1_i/softmax_0/inst/softmax_dexp_64ns_64ns_64_18_full_dsp_U6/softmax_ap_dexp_16_full_dsp_64_u/U0/i_synth/EXP_OP.OP/i_calculate_e2zmzm1/g_dp.i_polyomial/g_struct.multadd_2.madd/dsp_extra_fabric_adder.mult_with_add_low/use_prim.appDSP48[0].bppDSP48[1].use_dsp.use_dsp48e1.iDSP48E1 input C is not pipelined. Pipelining DSP48 input will improve performance.
Related violations: <none>

DPIP-1#19 Warning
Input pipelining  
DSP design_1_i/softmax_0/inst/softmax_dexp_64ns_64ns_64_18_full_dsp_U6/softmax_ap_dexp_16_full_dsp_64_u/U0/i_synth/EXP_OP.OP/i_calculate_e2zmzm1/g_dp.i_polyomial/g_struct.multadd_2.madd/dsp_extra_fabric_adder.mult_with_add_low/use_prim.appDSP48[1].bppDSP48[0].use_dsp.use_dsp48e1.iDSP48E1 input C is not pipelined. Pipelining DSP48 input will improve performance.
Related violations: <none>

DPIP-1#20 Warning
Input pipelining  
DSP design_1_i/softmax_0/inst/softmax_dexp_64ns_64ns_64_18_full_dsp_U6/softmax_ap_dexp_16_full_dsp_64_u/U0/i_synth/EXP_OP.OP/i_calculate_e2zmzm1/g_dp.i_polyomial/g_struct.multadd_2.madd/dsp_extra_fabric_adder.mult_with_add_low/use_prim.appDSP48[1].bppDSP48[1].use_dsp.use_dsp48e1.iDSP48E1 input C is not pipelined. Pipelining DSP48 input will improve performance.
Related violations: <none>

DPIP-1#21 Warning
Input pipelining  
DSP design_1_i/softmax_0/inst/softmax_dexp_64ns_64ns_64_18_full_dsp_U6/softmax_ap_dexp_16_full_dsp_64_u/U0/i_synth/EXP_OP.OP/i_ccm_ln2/g_tables[0].i_addsub/dsp.two.dsp48e1_add_hi/DSP input B is not pipelined. Pipelining DSP48 input will improve performance.
Related violations: <none>

DPIP-1#22 Warning
Input pipelining  
DSP design_1_i/softmax_0/inst/softmax_dexp_64ns_64ns_64_18_full_dsp_U6/softmax_ap_dexp_16_full_dsp_64_u/U0/i_synth/EXP_OP.OP/i_ccm_ln2/g_tables[0].i_addsub/dsp.two.dsp48e1_add_lo/DSP input A B is not pipelined. Pipelining DSP48 input will improve performance.
Related violations: <none>

DPIP-1#23 Warning
Input pipelining  
DSP design_1_i/softmax_0/inst/softmax_dexp_64ns_64ns_64_18_full_dsp_U6/softmax_ap_dexp_16_full_dsp_64_u/U0/i_synth/EXP_OP.OP/i_ccm_ln2/g_tables[1].i_addsub/dsp.two.dsp48e1_add_hi/DSP input A B C is not pipelined. Pipelining DSP48 input will improve performance.
Related violations: <none>

DPIP-1#24 Warning
Input pipelining  
DSP design_1_i/softmax_0/inst/softmax_dexp_64ns_64ns_64_18_full_dsp_U6/softmax_ap_dexp_16_full_dsp_64_u/U0/i_synth/EXP_OP.OP/i_ccm_ln2/g_tables[1].i_addsub/dsp.two.dsp48e1_add_lo/DSP input A B C is not pipelined. Pipelining DSP48 input will improve performance.
Related violations: <none>

DPIP-1#25 Warning
Input pipelining  
DSP design_1_i/softmax_0/inst/softmax_dexp_64ns_64ns_64_18_full_dsp_U6/softmax_ap_dexp_16_full_dsp_64_u/U0/i_synth/EXP_OP.OP/i_ccm_recip_ln2/g_tables[0].i_addsub/dsp.one.dsp48e1_add/DSP input B is not pipelined. Pipelining DSP48 input will improve performance.
Related violations: <none>

DPIP-1#26 Warning
Input pipelining  
DSP design_1_i/softmax_0/inst/softmax_dexp_64ns_64ns_64_18_full_dsp_U6/softmax_ap_dexp_16_full_dsp_64_u/U0/i_synth/EXP_OP.OP/i_ccm_recip_ln2/g_tables[2].i_addsub/dsp.one.dsp48e1_add/DSP input A B C is not pipelined. Pipelining DSP48 input will improve performance.
Related violations: <none>

DPIP-1#27 Warning
Input pipelining  
DSP design_1_i/softmax_0/inst/softmax_dexp_64ns_64ns_64_18_full_dsp_U6/softmax_ap_dexp_16_full_dsp_64_u/U0/i_synth/EXP_OP.OP/i_renorm_and_round/DSP48_E1.DSP48E1_ADD.DSP48E1_ADD/DSP input B C is not pipelined. Pipelining DSP48 input will improve performance.
Related violations: <none>

DPIP-1#28 Warning
Input pipelining  
DSP design_1_i/softmax_0/inst/softmax_fadd_32ns_32ns_32_5_full_dsp_U0/softmax_ap_fadd_3_full_dsp_32_u/U0/i_synth/ADDSUB_OP.ADDSUB/SPEED_OP.DSP.OP/DSP48E1_BODY.ALIGN_ADD/DSP2/DSP input A B C is not pipelined. Pipelining DSP48 input will improve performance.
Related violations: <none>

DPIP-1#29 Warning
Input pipelining  
DSP design_1_i/softmax_0/inst/softmax_fadd_32ns_32ns_32_5_full_dsp_U0/softmax_ap_fadd_3_full_dsp_32_u/U0/i_synth/ADDSUB_OP.ADDSUB/SPEED_OP.DSP.OP/DSP48E1_BODY.NORM_RND/SHIFT_RND/DSP input C is not pipelined. Pipelining DSP48 input will improve performance.
Related violations: <none>

DPOP-1#1 Warning
Output pipelining  
DSP design_1_i/softmax_0/inst/softmax_dadd_64ns_64ns_64_5_full_dsp_U4/softmax_ap_dadd_3_full_dsp_64_u/U0/i_synth/ADDSUB_OP.ADDSUB/SPEED_OP.LOGIC.OP/ALIGN_BLK/FRAC_ADDSUB/DSP_ADD.FRAC_ADDSUB/DSP48E1_ADD.DSP48E1_ADD/DSP output P is not pipelined. Pipelining DSP48 output will improve performance. Both multiplier/adder output can be pipelined.
Related violations: <none>

DPOP-1#2 Warning
Output pipelining  
DSP design_1_i/softmax_0/inst/softmax_dadd_64ns_64ns_64_5_full_dsp_U4/softmax_ap_dadd_3_full_dsp_64_u/U0/i_synth/ADDSUB_OP.ADDSUB/SPEED_OP.LOGIC.OP/ALIGN_BLK/FRAC_ADDSUB/DSP_ADD.FRAC_ADDSUB/DSP48E1_GEN.DSP48E1_DEL/DSP output P is not pipelined. Pipelining DSP48 output will improve performance. Both multiplier/adder output can be pipelined.
Related violations: <none>

DPOP-1#3 Warning
Output pipelining  
DSP design_1_i/softmax_0/inst/softmax_dadd_64ns_64ns_64_5_full_dsp_U4/softmax_ap_dadd_3_full_dsp_64_u/U0/i_synth/ADDSUB_OP.ADDSUB/SPEED_OP.LOGIC.OP/NORM/ROUND/DSP48_E1.DSP48E1_ADD.DSP48E1_ADD/DSP output P is not pipelined. Pipelining DSP48 output will improve performance. Both multiplier/adder output can be pipelined.
Related violations: <none>

DPOP-1#4 Warning
Output pipelining  
DSP design_1_i/softmax_0/inst/softmax_dexp_64ns_64ns_64_18_full_dsp_U6/softmax_ap_dexp_16_full_dsp_64_u/U0/i_synth/EXP_OP.OP/g_Fr_other.i_calculate_Fr/dsp_extra_fabric_adder.mult_with_add_low/use_prim.appDSP48[0].bppDSP48[0].use_dsp.use_dsp48e1.iDSP48E1 output P is not pipelined. Pipelining DSP48 output will improve performance. Both multiplier/adder output can be pipelined.
Related violations: <none>

DPOP-1#5 Warning
Output pipelining  
DSP design_1_i/softmax_0/inst/softmax_dexp_64ns_64ns_64_18_full_dsp_U6/softmax_ap_dexp_16_full_dsp_64_u/U0/i_synth/EXP_OP.OP/g_Fr_other.i_calculate_Fr/dsp_extra_fabric_adder.mult_with_add_low/use_prim.appDSP48[0].bppDSP48[1].use_dsp.use_dsp48e1.iDSP48E1 output P is not pipelined. Pipelining DSP48 output will improve performance. Both multiplier/adder output can be pipelined.
Related violations: <none>

DPOP-1#6 Warning
Output pipelining  
DSP design_1_i/softmax_0/inst/softmax_dexp_64ns_64ns_64_18_full_dsp_U6/softmax_ap_dexp_16_full_dsp_64_u/U0/i_synth/EXP_OP.OP/g_Fr_other.i_calculate_Fr/dsp_extra_fabric_adder.mult_with_add_low/use_prim.appDSP48[0].bppDSP48[2].use_dsp.use_dsp48e1.iDSP48E1 output P is not pipelined. Pipelining DSP48 output will improve performance. Both multiplier/adder output can be pipelined.
Related violations: <none>

DPOP-1#7 Warning
Output pipelining  
DSP design_1_i/softmax_0/inst/softmax_dexp_64ns_64ns_64_18_full_dsp_U6/softmax_ap_dexp_16_full_dsp_64_u/U0/i_synth/EXP_OP.OP/g_Fr_other.i_calculate_Fr/dsp_extra_fabric_adder.mult_with_add_low/use_prim.appDSP48[1].bppDSP48[0].use_dsp.use_dsp48e1.iDSP48E1 output P is not pipelined. Pipelining DSP48 output will improve performance. Both multiplier/adder output can be pipelined.
Related violations: <none>

DPOP-1#8 Warning
Output pipelining  
DSP design_1_i/softmax_0/inst/softmax_dexp_64ns_64ns_64_18_full_dsp_U6/softmax_ap_dexp_16_full_dsp_64_u/U0/i_synth/EXP_OP.OP/g_Fr_other.i_calculate_Fr/dsp_extra_fabric_adder.mult_with_add_low/use_prim.appDSP48[1].bppDSP48[1].use_dsp.use_dsp48e1.iDSP48E1 output P is not pipelined. Pipelining DSP48 output will improve performance. Both multiplier/adder output can be pipelined.
Related violations: <none>

DPOP-1#9 Warning
Output pipelining  
DSP design_1_i/softmax_0/inst/softmax_dexp_64ns_64ns_64_18_full_dsp_U6/softmax_ap_dexp_16_full_dsp_64_u/U0/i_synth/EXP_OP.OP/g_Fr_other.i_calculate_Fr/dsp_extra_fabric_adder.mult_with_add_low/use_prim.appDSP48[1].bppDSP48[2].use_dsp.use_dsp48e1.iDSP48E1 output P is not pipelined. Pipelining DSP48 output will improve performance. Both multiplier/adder output can be pipelined.
Related violations: <none>

DPOP-1#10 Warning
Output pipelining  
DSP design_1_i/softmax_0/inst/softmax_dexp_64ns_64ns_64_18_full_dsp_U6/softmax_ap_dexp_16_full_dsp_64_u/U0/i_synth/EXP_OP.OP/g_Fr_other.i_calculate_Fr/dsp_extra_fabric_adder.mult_with_add_low/use_prim.appDSP48[2].bppDSP48[0].use_dsp.use_dsp48e1.iDSP48E1 output P is not pipelined. Pipelining DSP48 output will improve performance. Both multiplier/adder output can be pipelined.
Related violations: <none>

DPOP-1#11 Warning
Output pipelining  
DSP design_1_i/softmax_0/inst/softmax_dexp_64ns_64ns_64_18_full_dsp_U6/softmax_ap_dexp_16_full_dsp_64_u/U0/i_synth/EXP_OP.OP/g_Fr_other.i_calculate_Fr/dsp_extra_fabric_adder.mult_with_add_low/use_prim.appDSP48[2].bppDSP48[1].use_dsp.use_dsp48e1.iDSP48E1 output P is not pipelined. Pipelining DSP48 output will improve performance. Both multiplier/adder output can be pipelined.
Related violations: <none>

DPOP-1#12 Warning
Output pipelining  
DSP design_1_i/softmax_0/inst/softmax_dexp_64ns_64ns_64_18_full_dsp_U6/softmax_ap_dexp_16_full_dsp_64_u/U0/i_synth/EXP_OP.OP/g_Fr_other.i_calculate_Fr/dsp_extra_fabric_adder.mult_with_add_low/use_prim.appDSP48[2].bppDSP48[2].use_dsp.use_dsp48e1.iDSP48E1 output P is not pipelined. Pipelining DSP48 output will improve performance. Both multiplier/adder output can be pipelined.
Related violations: <none>

DPOP-1#13 Warning
Output pipelining  
DSP design_1_i/softmax_0/inst/softmax_dexp_64ns_64ns_64_18_full_dsp_U6/softmax_ap_dexp_16_full_dsp_64_u/U0/i_synth/EXP_OP.OP/g_Fr_other.i_calculate_e2zm1/dsp.one.dsp48e1_add/DSP output P is not pipelined. Pipelining DSP48 output will improve performance. Both multiplier/adder output can be pipelined.
Related violations: <none>

DPOP-1#14 Warning
Output pipelining  
DSP design_1_i/softmax_0/inst/softmax_dexp_64ns_64ns_64_18_full_dsp_U6/softmax_ap_dexp_16_full_dsp_64_u/U0/i_synth/EXP_OP.OP/i_calculate_Xf/dsp.two.dsp48e1_add_hi/DSP output P is not pipelined. Pipelining DSP48 output will improve performance. Both multiplier/adder output can be pipelined.
Related violations: <none>

DPOP-1#15 Warning
Output pipelining  
DSP design_1_i/softmax_0/inst/softmax_dexp_64ns_64ns_64_18_full_dsp_U6/softmax_ap_dexp_16_full_dsp_64_u/U0/i_synth/EXP_OP.OP/i_calculate_Xf/dsp.two.dsp48e1_add_lo/DSP output P is not pipelined. Pipelining DSP48 output will improve performance. Both multiplier/adder output can be pipelined.
Related violations: <none>

DPOP-1#16 Warning
Output pipelining  
DSP design_1_i/softmax_0/inst/softmax_dexp_64ns_64ns_64_18_full_dsp_U6/softmax_ap_dexp_16_full_dsp_64_u/U0/i_synth/EXP_OP.OP/i_calculate_e2zmzm1/g_dp.i_polyomial/g_struct.multadd_1.madd/dsp_extra_fabric_adder.mult_with_add_low/use_prim.appDSP48[0].bppDSP48[0].use_dsp.use_dsp48e1.iDSP48E1 output P is not pipelined. Pipelining DSP48 output will improve performance. Both multiplier/adder output can be pipelined.
Related violations: <none>

DPOP-1#17 Warning
Output pipelining  
DSP design_1_i/softmax_0/inst/softmax_dexp_64ns_64ns_64_18_full_dsp_U6/softmax_ap_dexp_16_full_dsp_64_u/U0/i_synth/EXP_OP.OP/i_calculate_e2zmzm1/g_dp.i_polyomial/g_struct.multadd_1.madd/dsp_extra_fabric_adder.mult_with_add_low/use_prim.appDSP48[0].bppDSP48[1].use_dsp.use_dsp48e1.iDSP48E1 output P is not pipelined. Pipelining DSP48 output will improve performance. Both multiplier/adder output can be pipelined.
Related violations: <none>

DPOP-1#18 Warning
Output pipelining  
DSP design_1_i/softmax_0/inst/softmax_dexp_64ns_64ns_64_18_full_dsp_U6/softmax_ap_dexp_16_full_dsp_64_u/U0/i_synth/EXP_OP.OP/i_calculate_e2zmzm1/g_dp.i_polyomial/g_struct.multadd_2.madd/dsp_extra_fabric_adder.mult_with_add_low/use_prim.appDSP48[0].bppDSP48[0].use_dsp.use_dsp48e1.iDSP48E1 output P is not pipelined. Pipelining DSP48 output will improve performance. Both multiplier/adder output can be pipelined.
Related violations: <none>

DPOP-1#19 Warning
Output pipelining  
DSP design_1_i/softmax_0/inst/softmax_dexp_64ns_64ns_64_18_full_dsp_U6/softmax_ap_dexp_16_full_dsp_64_u/U0/i_synth/EXP_OP.OP/i_calculate_e2zmzm1/g_dp.i_polyomial/g_struct.multadd_2.madd/dsp_extra_fabric_adder.mult_with_add_low/use_prim.appDSP48[0].bppDSP48[1].use_dsp.use_dsp48e1.iDSP48E1 output P is not pipelined. Pipelining DSP48 output will improve performance. Both multiplier/adder output can be pipelined.
Related violations: <none>

DPOP-1#20 Warning
Output pipelining  
DSP design_1_i/softmax_0/inst/softmax_dexp_64ns_64ns_64_18_full_dsp_U6/softmax_ap_dexp_16_full_dsp_64_u/U0/i_synth/EXP_OP.OP/i_calculate_e2zmzm1/g_dp.i_polyomial/g_struct.multadd_2.madd/dsp_extra_fabric_adder.mult_with_add_low/use_prim.appDSP48[1].bppDSP48[0].use_dsp.use_dsp48e1.iDSP48E1 output P is not pipelined. Pipelining DSP48 output will improve performance. Both multiplier/adder output can be pipelined.
Related violations: <none>

DPOP-1#21 Warning
Output pipelining  
DSP design_1_i/softmax_0/inst/softmax_dexp_64ns_64ns_64_18_full_dsp_U6/softmax_ap_dexp_16_full_dsp_64_u/U0/i_synth/EXP_OP.OP/i_calculate_e2zmzm1/g_dp.i_polyomial/g_struct.multadd_2.madd/dsp_extra_fabric_adder.mult_with_add_low/use_prim.appDSP48[1].bppDSP48[1].use_dsp.use_dsp48e1.iDSP48E1 output P is not pipelined. Pipelining DSP48 output will improve performance. Both multiplier/adder output can be pipelined.
Related violations: <none>

DPOP-1#22 Warning
Output pipelining  
DSP design_1_i/softmax_0/inst/softmax_dexp_64ns_64ns_64_18_full_dsp_U6/softmax_ap_dexp_16_full_dsp_64_u/U0/i_synth/EXP_OP.OP/i_ccm_ln2/g_tables[0].i_addsub/dsp.two.dsp48e1_add_hi/DSP output P is not pipelined. Pipelining DSP48 output will improve performance. Both multiplier/adder output can be pipelined.
Related violations: <none>

DPOP-1#23 Warning
Output pipelining  
DSP design_1_i/softmax_0/inst/softmax_dexp_64ns_64ns_64_18_full_dsp_U6/softmax_ap_dexp_16_full_dsp_64_u/U0/i_synth/EXP_OP.OP/i_ccm_ln2/g_tables[0].i_addsub/dsp.two.dsp48e1_add_lo/DSP output P is not pipelined. Pipelining DSP48 output will improve performance. Both multiplier/adder output can be pipelined.
Related violations: <none>

DPOP-1#24 Warning
Output pipelining  
DSP design_1_i/softmax_0/inst/softmax_dexp_64ns_64ns_64_18_full_dsp_U6/softmax_ap_dexp_16_full_dsp_64_u/U0/i_synth/EXP_OP.OP/i_ccm_ln2/g_tables[1].i_addsub/dsp.two.dsp48e1_add_hi/DSP output P is not pipelined. Pipelining DSP48 output will improve performance. Both multiplier/adder output can be pipelined.
Related violations: <none>

DPOP-1#25 Warning
Output pipelining  
DSP design_1_i/softmax_0/inst/softmax_dexp_64ns_64ns_64_18_full_dsp_U6/softmax_ap_dexp_16_full_dsp_64_u/U0/i_synth/EXP_OP.OP/i_ccm_ln2/g_tables[1].i_addsub/dsp.two.dsp48e1_add_lo/DSP output P is not pipelined. Pipelining DSP48 output will improve performance. Both multiplier/adder output can be pipelined.
Related violations: <none>

DPOP-1#26 Warning
Output pipelining  
DSP design_1_i/softmax_0/inst/softmax_dexp_64ns_64ns_64_18_full_dsp_U6/softmax_ap_dexp_16_full_dsp_64_u/U0/i_synth/EXP_OP.OP/i_ccm_recip_ln2/g_tables[0].i_addsub/dsp.one.dsp48e1_add/DSP output P is not pipelined. Pipelining DSP48 output will improve performance. Both multiplier/adder output can be pipelined.
Related violations: <none>

DPOP-1#27 Warning
Output pipelining  
DSP design_1_i/softmax_0/inst/softmax_dexp_64ns_64ns_64_18_full_dsp_U6/softmax_ap_dexp_16_full_dsp_64_u/U0/i_synth/EXP_OP.OP/i_ccm_recip_ln2/g_tables[1].i_addsub/dsp.one.dsp48e1_add/DSP output P is not pipelined. Pipelining DSP48 output will improve performance. Both multiplier/adder output can be pipelined.
Related violations: <none>

DPOP-1#28 Warning
Output pipelining  
DSP design_1_i/softmax_0/inst/softmax_dexp_64ns_64ns_64_18_full_dsp_U6/softmax_ap_dexp_16_full_dsp_64_u/U0/i_synth/EXP_OP.OP/i_ccm_recip_ln2/g_tables[2].i_addsub/dsp.one.dsp48e1_add/DSP output P is not pipelined. Pipelining DSP48 output will improve performance. Both multiplier/adder output can be pipelined.
Related violations: <none>

DPOP-1#29 Warning
Output pipelining  
DSP design_1_i/softmax_0/inst/softmax_dexp_64ns_64ns_64_18_full_dsp_U6/softmax_ap_dexp_16_full_dsp_64_u/U0/i_synth/EXP_OP.OP/i_renorm_and_round/DSP48_E1.DSP48E1_ADD.DSP48E1_ADD/DSP output P is not pipelined. Pipelining DSP48 output will improve performance. Both multiplier/adder output can be pipelined.
Related violations: <none>

DPOP-1#30 Warning
Output pipelining  
DSP design_1_i/softmax_0/inst/softmax_fadd_32ns_32ns_32_5_full_dsp_U0/softmax_ap_fadd_3_full_dsp_32_u/U0/i_synth/ADDSUB_OP.ADDSUB/SPEED_OP.DSP.OP/DSP48E1_BODY.ALIGN_ADD/DSP2/DSP output P is not pipelined. Pipelining DSP48 output will improve performance. Both multiplier/adder output can be pipelined.
Related violations: <none>

DPOP-1#31 Warning
Output pipelining  
DSP design_1_i/softmax_0/inst/softmax_fadd_32ns_32ns_32_5_full_dsp_U0/softmax_ap_fadd_3_full_dsp_32_u/U0/i_synth/ADDSUB_OP.ADDSUB/SPEED_OP.DSP.OP/DSP48E1_BODY.NORM_RND/SHIFT_RND/DSP output P is not pipelined. Pipelining DSP48 output will improve performance. Both multiplier/adder output can be pipelined.
Related violations: <none>

PLIO-7#1 Warning
Placement Constraints Check for IO constraints  
An IO Bus FIXED_IO_mio[53:0] with more than one IO standard is found. Components associated with this bus are:  FIXED_IO_mio[53] of IOStandard LVCMOS18; FIXED_IO_mio[52] of IOStandard LVCMOS18; FIXED_IO_mio[51] of IOStandard LVCMOS18; FIXED_IO_mio[50] of IOStandard LVCMOS18; FIXED_IO_mio[49] of IOStandard LVCMOS18; FIXED_IO_mio[48] of IOStandard LVCMOS18; FIXED_IO_mio[47] of IOStandard LVCMOS18; FIXED_IO_mio[46] of IOStandard LVCMOS18; FIXED_IO_mio[45] of IOStandard LVCMOS18; FIXED_IO_mio[44] of IOStandard LVCMOS18; FIXED_IO_mio[43] of IOStandard LVCMOS18; FIXED_IO_mio[42] of IOStandard LVCMOS18; FIXED_IO_mio[41] of IOStandard LVCMOS18; FIXED_IO_mio[40] of IOStandard LVCMOS18; FIXED_IO_mio[39] of IOStandard LVCMOS18; FIXED_IO_mio[38] of IOStandard LVCMOS18; FIXED_IO_mio[37] of IOStandard LVCMOS18; FIXED_IO_mio[36] of IOStandard LVCMOS18; FIXED_IO_mio[35] of IOStandard LVCMOS18; FIXED_IO_mio[34] of IOStandard LVCMOS18; FIXED_IO_mio[33] of IOStandard LVCMOS18; FIXED_IO_mio[32] of IOStandard LVCMOS18; FIXED_IO_mio[31] of IOStandard LVCMOS18; FIXED_IO_mio[30] of IOStandard LVCMOS18; FIXED_IO_mio[29] of IOStandard LVCMOS18; FIXED_IO_mio[28] of IOStandard LVCMOS18; FIXED_IO_mio[27] of IOStandard LVCMOS18; FIXED_IO_mio[26] of IOStandard LVCMOS18; FIXED_IO_mio[25] of IOStandard LVCMOS18; FIXED_IO_mio[24] of IOStandard LVCMOS18; FIXED_IO_mio[23] of IOStandard LVCMOS18; FIXED_IO_mio[22] of IOStandard LVCMOS18; FIXED_IO_mio[21] of IOStandard LVCMOS18; FIXED_IO_mio[20] of IOStandard LVCMOS18; FIXED_IO_mio[19] of IOStandard LVCMOS18; FIXED_IO_mio[18] of IOStandard LVCMOS18; FIXED_IO_mio[17] of IOStandard LVCMOS18; FIXED_IO_mio[16] of IOStandard LVCMOS18; FIXED_IO_mio[15] of IOStandard LVCMOS33; FIXED_IO_mio[14] of IOStandard LVCMOS33; FIXED_IO_mio[13] of IOStandard LVCMOS33; FIXED_IO_mio[12] of IOStandard LVCMOS33; FIXED_IO_mio[11] of IOStandard LVCMOS33; FIXED_IO_mio[10] of IOStandard LVCMOS33; FIXED_IO_mio[9] of IOStandard LVCMOS33; FIXED_IO_mio[8] of IOStandard LVCMOS33; FIXED_IO_mio[7] of IOStandard LVCMOS33; FIXED_IO_mio[6] of IOStandard LVCMOS33; FIXED_IO_mio[5] of IOStandard LVCMOS33; FIXED_IO_mio[4] of IOStandard LVCMOS33; FIXED_IO_mio[3] of IOStandard LVCMOS33; FIXED_IO_mio[2] of IOStandard LVCMOS33; FIXED_IO_mio[1] of IOStandard LVCMOS33; FIXED_IO_mio[0] of IOStandard LVCMOS33;
Related violations: <none>

AVAL-4#1 Advisory
enum_USE_DPORT_FALSE_enum_DREG_ADREG_0_connects_CED_CEAD_RSTD_GND  
design_1_i/softmax_0/inst/softmax_dadd_64ns_64ns_64_5_full_dsp_U4/softmax_ap_dadd_3_full_dsp_64_u/U0/i_synth/ADDSUB_OP.ADDSUB/SPEED_OP.LOGIC.OP/ALIGN_BLK/FRAC_ADDSUB/DSP_ADD.FRAC_ADDSUB/DSP48E1_ADD.DSP48E1_ADD/DSP: DSP48E1 is not using the D port (USE_DPORT = FALSE). For improved power characteristics, set DREG and ADREG to '1', tie CED, CEAD, and RSTD to logic '0'.
Related violations: <none>

AVAL-4#2 Advisory
enum_USE_DPORT_FALSE_enum_DREG_ADREG_0_connects_CED_CEAD_RSTD_GND  
design_1_i/softmax_0/inst/softmax_dadd_64ns_64ns_64_5_full_dsp_U4/softmax_ap_dadd_3_full_dsp_64_u/U0/i_synth/ADDSUB_OP.ADDSUB/SPEED_OP.LOGIC.OP/ALIGN_BLK/FRAC_ADDSUB/DSP_ADD.FRAC_ADDSUB/DSP48E1_GEN.DSP48E1_DEL/DSP: DSP48E1 is not using the D port (USE_DPORT = FALSE). For improved power characteristics, set DREG and ADREG to '1', tie CED, CEAD, and RSTD to logic '0'.
Related violations: <none>

AVAL-4#3 Advisory
enum_USE_DPORT_FALSE_enum_DREG_ADREG_0_connects_CED_CEAD_RSTD_GND  
design_1_i/softmax_0/inst/softmax_dadd_64ns_64ns_64_5_full_dsp_U4/softmax_ap_dadd_3_full_dsp_64_u/U0/i_synth/ADDSUB_OP.ADDSUB/SPEED_OP.LOGIC.OP/NORM/ROUND/DSP48_E1.DSP48E1_ADD.DSP48E1_ADD/DSP: DSP48E1 is not using the D port (USE_DPORT = FALSE). For improved power characteristics, set DREG and ADREG to '1', tie CED, CEAD, and RSTD to logic '0'.
Related violations: <none>

AVAL-4#4 Advisory
enum_USE_DPORT_FALSE_enum_DREG_ADREG_0_connects_CED_CEAD_RSTD_GND  
design_1_i/softmax_0/inst/softmax_dexp_64ns_64ns_64_18_full_dsp_U6/softmax_ap_dexp_16_full_dsp_64_u/U0/i_synth/EXP_OP.OP/g_Fr_other.i_calculate_Fr/dsp_extra_fabric_adder.mult_with_add_low/use_prim.appDSP48[0].bppDSP48[0].use_dsp.use_dsp48e1.iDSP48E1: DSP48E1 is not using the D port (USE_DPORT = FALSE). For improved power characteristics, set DREG and ADREG to '1', tie CED, CEAD, and RSTD to logic '0'.
Related violations: <none>

AVAL-4#5 Advisory
enum_USE_DPORT_FALSE_enum_DREG_ADREG_0_connects_CED_CEAD_RSTD_GND  
design_1_i/softmax_0/inst/softmax_dexp_64ns_64ns_64_18_full_dsp_U6/softmax_ap_dexp_16_full_dsp_64_u/U0/i_synth/EXP_OP.OP/g_Fr_other.i_calculate_Fr/dsp_extra_fabric_adder.mult_with_add_low/use_prim.appDSP48[0].bppDSP48[1].use_dsp.use_dsp48e1.iDSP48E1: DSP48E1 is not using the D port (USE_DPORT = FALSE). For improved power characteristics, set DREG and ADREG to '1', tie CED, CEAD, and RSTD to logic '0'.
Related violations: <none>

AVAL-4#6 Advisory
enum_USE_DPORT_FALSE_enum_DREG_ADREG_0_connects_CED_CEAD_RSTD_GND  
design_1_i/softmax_0/inst/softmax_dexp_64ns_64ns_64_18_full_dsp_U6/softmax_ap_dexp_16_full_dsp_64_u/U0/i_synth/EXP_OP.OP/g_Fr_other.i_calculate_Fr/dsp_extra_fabric_adder.mult_with_add_low/use_prim.appDSP48[0].bppDSP48[2].use_dsp.use_dsp48e1.iDSP48E1: DSP48E1 is not using the D port (USE_DPORT = FALSE). For improved power characteristics, set DREG and ADREG to '1', tie CED, CEAD, and RSTD to logic '0'.
Related violations: <none>

AVAL-4#7 Advisory
enum_USE_DPORT_FALSE_enum_DREG_ADREG_0_connects_CED_CEAD_RSTD_GND  
design_1_i/softmax_0/inst/softmax_dexp_64ns_64ns_64_18_full_dsp_U6/softmax_ap_dexp_16_full_dsp_64_u/U0/i_synth/EXP_OP.OP/g_Fr_other.i_calculate_Fr/dsp_extra_fabric_adder.mult_with_add_low/use_prim.appDSP48[1].bppDSP48[0].use_dsp.use_dsp48e1.iDSP48E1: DSP48E1 is not using the D port (USE_DPORT = FALSE). For improved power characteristics, set DREG and ADREG to '1', tie CED, CEAD, and RSTD to logic '0'.
Related violations: <none>

AVAL-4#8 Advisory
enum_USE_DPORT_FALSE_enum_DREG_ADREG_0_connects_CED_CEAD_RSTD_GND  
design_1_i/softmax_0/inst/softmax_dexp_64ns_64ns_64_18_full_dsp_U6/softmax_ap_dexp_16_full_dsp_64_u/U0/i_synth/EXP_OP.OP/g_Fr_other.i_calculate_Fr/dsp_extra_fabric_adder.mult_with_add_low/use_prim.appDSP48[1].bppDSP48[1].use_dsp.use_dsp48e1.iDSP48E1: DSP48E1 is not using the D port (USE_DPORT = FALSE). For improved power characteristics, set DREG and ADREG to '1', tie CED, CEAD, and RSTD to logic '0'.
Related violations: <none>

AVAL-4#9 Advisory
enum_USE_DPORT_FALSE_enum_DREG_ADREG_0_connects_CED_CEAD_RSTD_GND  
design_1_i/softmax_0/inst/softmax_dexp_64ns_64ns_64_18_full_dsp_U6/softmax_ap_dexp_16_full_dsp_64_u/U0/i_synth/EXP_OP.OP/g_Fr_other.i_calculate_Fr/dsp_extra_fabric_adder.mult_with_add_low/use_prim.appDSP48[1].bppDSP48[2].use_dsp.use_dsp48e1.iDSP48E1: DSP48E1 is not using the D port (USE_DPORT = FALSE). For improved power characteristics, set DREG and ADREG to '1', tie CED, CEAD, and RSTD to logic '0'.
Related violations: <none>

AVAL-4#10 Advisory
enum_USE_DPORT_FALSE_enum_DREG_ADREG_0_connects_CED_CEAD_RSTD_GND  
design_1_i/softmax_0/inst/softmax_dexp_64ns_64ns_64_18_full_dsp_U6/softmax_ap_dexp_16_full_dsp_64_u/U0/i_synth/EXP_OP.OP/g_Fr_other.i_calculate_Fr/dsp_extra_fabric_adder.mult_with_add_low/use_prim.appDSP48[2].bppDSP48[0].use_dsp.use_dsp48e1.iDSP48E1: DSP48E1 is not using the D port (USE_DPORT = FALSE). For improved power characteristics, set DREG and ADREG to '1', tie CED, CEAD, and RSTD to logic '0'.
Related violations: <none>

AVAL-4#11 Advisory
enum_USE_DPORT_FALSE_enum_DREG_ADREG_0_connects_CED_CEAD_RSTD_GND  
design_1_i/softmax_0/inst/softmax_dexp_64ns_64ns_64_18_full_dsp_U6/softmax_ap_dexp_16_full_dsp_64_u/U0/i_synth/EXP_OP.OP/g_Fr_other.i_calculate_Fr/dsp_extra_fabric_adder.mult_with_add_low/use_prim.appDSP48[2].bppDSP48[2].use_dsp.use_dsp48e1.iDSP48E1: DSP48E1 is not using the D port (USE_DPORT = FALSE). For improved power characteristics, set DREG and ADREG to '1', tie CED, CEAD, and RSTD to logic '0'.
Related violations: <none>

AVAL-4#12 Advisory
enum_USE_DPORT_FALSE_enum_DREG_ADREG_0_connects_CED_CEAD_RSTD_GND  
design_1_i/softmax_0/inst/softmax_dexp_64ns_64ns_64_18_full_dsp_U6/softmax_ap_dexp_16_full_dsp_64_u/U0/i_synth/EXP_OP.OP/g_Fr_other.i_calculate_e2zm1/dsp.one.dsp48e1_add/DSP: DSP48E1 is not using the D port (USE_DPORT = FALSE). For improved power characteristics, set DREG and ADREG to '1', tie CED, CEAD, and RSTD to logic '0'.
Related violations: <none>

AVAL-4#13 Advisory
enum_USE_DPORT_FALSE_enum_DREG_ADREG_0_connects_CED_CEAD_RSTD_GND  
design_1_i/softmax_0/inst/softmax_dexp_64ns_64ns_64_18_full_dsp_U6/softmax_ap_dexp_16_full_dsp_64_u/U0/i_synth/EXP_OP.OP/i_calculate_Xf/dsp.two.dsp48e1_add_hi/DSP: DSP48E1 is not using the D port (USE_DPORT = FALSE). For improved power characteristics, set DREG and ADREG to '1', tie CED, CEAD, and RSTD to logic '0'.
Related violations: <none>

AVAL-4#14 Advisory
enum_USE_DPORT_FALSE_enum_DREG_ADREG_0_connects_CED_CEAD_RSTD_GND  
design_1_i/softmax_0/inst/softmax_dexp_64ns_64ns_64_18_full_dsp_U6/softmax_ap_dexp_16_full_dsp_64_u/U0/i_synth/EXP_OP.OP/i_calculate_Xf/dsp.two.dsp48e1_add_lo/DSP: DSP48E1 is not using the D port (USE_DPORT = FALSE). For improved power characteristics, set DREG and ADREG to '1', tie CED, CEAD, and RSTD to logic '0'.
Related violations: <none>

AVAL-4#15 Advisory
enum_USE_DPORT_FALSE_enum_DREG_ADREG_0_connects_CED_CEAD_RSTD_GND  
design_1_i/softmax_0/inst/softmax_dexp_64ns_64ns_64_18_full_dsp_U6/softmax_ap_dexp_16_full_dsp_64_u/U0/i_synth/EXP_OP.OP/i_calculate_e2zmzm1/g_dp.i_polyomial/g_struct.multadd_1.madd/dsp_extra_fabric_adder.mult_with_add_low/use_prim.appDSP48[0].bppDSP48[0].use_dsp.use_dsp48e1.iDSP48E1: DSP48E1 is not using the D port (USE_DPORT = FALSE). For improved power characteristics, set DREG and ADREG to '1', tie CED, CEAD, and RSTD to logic '0'.
Related violations: <none>

AVAL-4#16 Advisory
enum_USE_DPORT_FALSE_enum_DREG_ADREG_0_connects_CED_CEAD_RSTD_GND  
design_1_i/softmax_0/inst/softmax_dexp_64ns_64ns_64_18_full_dsp_U6/softmax_ap_dexp_16_full_dsp_64_u/U0/i_synth/EXP_OP.OP/i_calculate_e2zmzm1/g_dp.i_polyomial/g_struct.multadd_1.madd/dsp_extra_fabric_adder.mult_with_add_low/use_prim.appDSP48[0].bppDSP48[1].use_dsp.use_dsp48e1.iDSP48E1: DSP48E1 is not using the D port (USE_DPORT = FALSE). For improved power characteristics, set DREG and ADREG to '1', tie CED, CEAD, and RSTD to logic '0'.
Related violations: <none>

AVAL-4#17 Advisory
enum_USE_DPORT_FALSE_enum_DREG_ADREG_0_connects_CED_CEAD_RSTD_GND  
design_1_i/softmax_0/inst/softmax_dexp_64ns_64ns_64_18_full_dsp_U6/softmax_ap_dexp_16_full_dsp_64_u/U0/i_synth/EXP_OP.OP/i_calculate_e2zmzm1/g_dp.i_polyomial/g_struct.multadd_2.madd/dsp_extra_fabric_adder.mult_with_add_low/use_prim.appDSP48[0].bppDSP48[0].use_dsp.use_dsp48e1.iDSP48E1: DSP48E1 is not using the D port (USE_DPORT = FALSE). For improved power characteristics, set DREG and ADREG to '1', tie CED, CEAD, and RSTD to logic '0'.
Related violations: <none>

AVAL-4#18 Advisory
enum_USE_DPORT_FALSE_enum_DREG_ADREG_0_connects_CED_CEAD_RSTD_GND  
design_1_i/softmax_0/inst/softmax_dexp_64ns_64ns_64_18_full_dsp_U6/softmax_ap_dexp_16_full_dsp_64_u/U0/i_synth/EXP_OP.OP/i_calculate_e2zmzm1/g_dp.i_polyomial/g_struct.multadd_2.madd/dsp_extra_fabric_adder.mult_with_add_low/use_prim.appDSP48[0].bppDSP48[1].use_dsp.use_dsp48e1.iDSP48E1: DSP48E1 is not using the D port (USE_DPORT = FALSE). For improved power characteristics, set DREG and ADREG to '1', tie CED, CEAD, and RSTD to logic '0'.
Related violations: <none>

AVAL-4#19 Advisory
enum_USE_DPORT_FALSE_enum_DREG_ADREG_0_connects_CED_CEAD_RSTD_GND  
design_1_i/softmax_0/inst/softmax_dexp_64ns_64ns_64_18_full_dsp_U6/softmax_ap_dexp_16_full_dsp_64_u/U0/i_synth/EXP_OP.OP/i_calculate_e2zmzm1/g_dp.i_polyomial/g_struct.multadd_2.madd/dsp_extra_fabric_adder.mult_with_add_low/use_prim.appDSP48[1].bppDSP48[0].use_dsp.use_dsp48e1.iDSP48E1: DSP48E1 is not using the D port (USE_DPORT = FALSE). For improved power characteristics, set DREG and ADREG to '1', tie CED, CEAD, and RSTD to logic '0'.
Related violations: <none>

AVAL-4#20 Advisory
enum_USE_DPORT_FALSE_enum_DREG_ADREG_0_connects_CED_CEAD_RSTD_GND  
design_1_i/softmax_0/inst/softmax_dexp_64ns_64ns_64_18_full_dsp_U6/softmax_ap_dexp_16_full_dsp_64_u/U0/i_synth/EXP_OP.OP/i_calculate_e2zmzm1/g_dp.i_polyomial/g_struct.multadd_2.madd/dsp_extra_fabric_adder.mult_with_add_low/use_prim.appDSP48[1].bppDSP48[1].use_dsp.use_dsp48e1.iDSP48E1: DSP48E1 is not using the D port (USE_DPORT = FALSE). For improved power characteristics, set DREG and ADREG to '1', tie CED, CEAD, and RSTD to logic '0'.
Related violations: <none>

AVAL-4#21 Advisory
enum_USE_DPORT_FALSE_enum_DREG_ADREG_0_connects_CED_CEAD_RSTD_GND  
design_1_i/softmax_0/inst/softmax_dexp_64ns_64ns_64_18_full_dsp_U6/softmax_ap_dexp_16_full_dsp_64_u/U0/i_synth/EXP_OP.OP/i_ccm_ln2/g_tables[0].i_addsub/dsp.two.dsp48e1_add_hi/DSP: DSP48E1 is not using the D port (USE_DPORT = FALSE). For improved power characteristics, set DREG and ADREG to '1', tie CED, CEAD, and RSTD to logic '0'.
Related violations: <none>

AVAL-4#22 Advisory
enum_USE_DPORT_FALSE_enum_DREG_ADREG_0_connects_CED_CEAD_RSTD_GND  
design_1_i/softmax_0/inst/softmax_dexp_64ns_64ns_64_18_full_dsp_U6/softmax_ap_dexp_16_full_dsp_64_u/U0/i_synth/EXP_OP.OP/i_ccm_ln2/g_tables[0].i_addsub/dsp.two.dsp48e1_add_lo/DSP: DSP48E1 is not using the D port (USE_DPORT = FALSE). For improved power characteristics, set DREG and ADREG to '1', tie CED, CEAD, and RSTD to logic '0'.
Related violations: <none>

AVAL-4#23 Advisory
enum_USE_DPORT_FALSE_enum_DREG_ADREG_0_connects_CED_CEAD_RSTD_GND  
design_1_i/softmax_0/inst/softmax_dexp_64ns_64ns_64_18_full_dsp_U6/softmax_ap_dexp_16_full_dsp_64_u/U0/i_synth/EXP_OP.OP/i_ccm_ln2/g_tables[1].i_addsub/dsp.two.dsp48e1_add_hi/DSP: DSP48E1 is not using the D port (USE_DPORT = FALSE). For improved power characteristics, set DREG and ADREG to '1', tie CED, CEAD, and RSTD to logic '0'.
Related violations: <none>

AVAL-4#24 Advisory
enum_USE_DPORT_FALSE_enum_DREG_ADREG_0_connects_CED_CEAD_RSTD_GND  
design_1_i/softmax_0/inst/softmax_dexp_64ns_64ns_64_18_full_dsp_U6/softmax_ap_dexp_16_full_dsp_64_u/U0/i_synth/EXP_OP.OP/i_ccm_ln2/g_tables[1].i_addsub/dsp.two.dsp48e1_add_lo/DSP: DSP48E1 is not using the D port (USE_DPORT = FALSE). For improved power characteristics, set DREG and ADREG to '1', tie CED, CEAD, and RSTD to logic '0'.
Related violations: <none>

AVAL-4#25 Advisory
enum_USE_DPORT_FALSE_enum_DREG_ADREG_0_connects_CED_CEAD_RSTD_GND  
design_1_i/softmax_0/inst/softmax_dexp_64ns_64ns_64_18_full_dsp_U6/softmax_ap_dexp_16_full_dsp_64_u/U0/i_synth/EXP_OP.OP/i_ccm_recip_ln2/g_tables[0].i_addsub/dsp.one.dsp48e1_add/DSP: DSP48E1 is not using the D port (USE_DPORT = FALSE). For improved power characteristics, set DREG and ADREG to '1', tie CED, CEAD, and RSTD to logic '0'.
Related violations: <none>

AVAL-4#26 Advisory
enum_USE_DPORT_FALSE_enum_DREG_ADREG_0_connects_CED_CEAD_RSTD_GND  
design_1_i/softmax_0/inst/softmax_dexp_64ns_64ns_64_18_full_dsp_U6/softmax_ap_dexp_16_full_dsp_64_u/U0/i_synth/EXP_OP.OP/i_ccm_recip_ln2/g_tables[1].i_addsub/dsp.one.dsp48e1_add/DSP: DSP48E1 is not using the D port (USE_DPORT = FALSE). For improved power characteristics, set DREG and ADREG to '1', tie CED, CEAD, and RSTD to logic '0'.
Related violations: <none>

AVAL-4#27 Advisory
enum_USE_DPORT_FALSE_enum_DREG_ADREG_0_connects_CED_CEAD_RSTD_GND  
design_1_i/softmax_0/inst/softmax_dexp_64ns_64ns_64_18_full_dsp_U6/softmax_ap_dexp_16_full_dsp_64_u/U0/i_synth/EXP_OP.OP/i_ccm_recip_ln2/g_tables[2].i_addsub/dsp.one.dsp48e1_add/DSP: DSP48E1 is not using the D port (USE_DPORT = FALSE). For improved power characteristics, set DREG and ADREG to '1', tie CED, CEAD, and RSTD to logic '0'.
Related violations: <none>

AVAL-4#28 Advisory
enum_USE_DPORT_FALSE_enum_DREG_ADREG_0_connects_CED_CEAD_RSTD_GND  
design_1_i/softmax_0/inst/softmax_dexp_64ns_64ns_64_18_full_dsp_U6/softmax_ap_dexp_16_full_dsp_64_u/U0/i_synth/EXP_OP.OP/i_renorm_and_round/DSP48_E1.DSP48E1_ADD.DSP48E1_ADD/DSP: DSP48E1 is not using the D port (USE_DPORT = FALSE). For improved power characteristics, set DREG and ADREG to '1', tie CED, CEAD, and RSTD to logic '0'.
Related violations: <none>

AVAL-4#29 Advisory
enum_USE_DPORT_FALSE_enum_DREG_ADREG_0_connects_CED_CEAD_RSTD_GND  
design_1_i/softmax_0/inst/softmax_fadd_32ns_32ns_32_5_full_dsp_U0/softmax_ap_fadd_3_full_dsp_32_u/U0/i_synth/ADDSUB_OP.ADDSUB/SPEED_OP.DSP.OP/DSP48E1_BODY.ALIGN_ADD/DSP2/DSP: DSP48E1 is not using the D port (USE_DPORT = FALSE). For improved power characteristics, set DREG and ADREG to '1', tie CED, CEAD, and RSTD to logic '0'.
Related violations: <none>

AVAL-4#30 Advisory
enum_USE_DPORT_FALSE_enum_DREG_ADREG_0_connects_CED_CEAD_RSTD_GND  
design_1_i/softmax_0/inst/softmax_fadd_32ns_32ns_32_5_full_dsp_U0/softmax_ap_fadd_3_full_dsp_32_u/U0/i_synth/ADDSUB_OP.ADDSUB/SPEED_OP.DSP.OP/DSP48E1_BODY.NORM_RND/SHIFT_RND/DSP: DSP48E1 is not using the D port (USE_DPORT = FALSE). For improved power characteristics, set DREG and ADREG to '1', tie CED, CEAD, and RSTD to logic '0'.
Related violations: <none>

AVAL-5#1 Advisory
enum_USE_MULT_NONE_enum_DREG_ADREG_0_connects_CED_CEAD_RSTD_GND  
design_1_i/softmax_0/inst/softmax_dadd_64ns_64ns_64_5_full_dsp_U4/softmax_ap_dadd_3_full_dsp_64_u/U0/i_synth/ADDSUB_OP.ADDSUB/SPEED_OP.LOGIC.OP/ALIGN_BLK/FRAC_ADDSUB/DSP_ADD.FRAC_ADDSUB/DSP48E1_ADD.DSP48E1_ADD/DSP: DSP48E1 is not using the Multiplier (USE_MULT = NONE). For improved power characteristics, set DREG and ADREG to '1', tie CED, CEAD, and RSTD to logic '0'.
Related violations: <none>

AVAL-5#2 Advisory
enum_USE_MULT_NONE_enum_DREG_ADREG_0_connects_CED_CEAD_RSTD_GND  
design_1_i/softmax_0/inst/softmax_dadd_64ns_64ns_64_5_full_dsp_U4/softmax_ap_dadd_3_full_dsp_64_u/U0/i_synth/ADDSUB_OP.ADDSUB/SPEED_OP.LOGIC.OP/ALIGN_BLK/FRAC_ADDSUB/DSP_ADD.FRAC_ADDSUB/DSP48E1_GEN.DSP48E1_DEL/DSP: DSP48E1 is not using the Multiplier (USE_MULT = NONE). For improved power characteristics, set DREG and ADREG to '1', tie CED, CEAD, and RSTD to logic '0'.
Related violations: <none>

AVAL-5#3 Advisory
enum_USE_MULT_NONE_enum_DREG_ADREG_0_connects_CED_CEAD_RSTD_GND  
design_1_i/softmax_0/inst/softmax_dadd_64ns_64ns_64_5_full_dsp_U4/softmax_ap_dadd_3_full_dsp_64_u/U0/i_synth/ADDSUB_OP.ADDSUB/SPEED_OP.LOGIC.OP/NORM/ROUND/DSP48_E1.DSP48E1_ADD.DSP48E1_ADD/DSP: DSP48E1 is not using the Multiplier (USE_MULT = NONE). For improved power characteristics, set DREG and ADREG to '1', tie CED, CEAD, and RSTD to logic '0'.
Related violations: <none>

AVAL-5#4 Advisory
enum_USE_MULT_NONE_enum_DREG_ADREG_0_connects_CED_CEAD_RSTD_GND  
design_1_i/softmax_0/inst/softmax_dexp_64ns_64ns_64_18_full_dsp_U6/softmax_ap_dexp_16_full_dsp_64_u/U0/i_synth/EXP_OP.OP/g_Fr_other.i_calculate_e2zm1/dsp.one.dsp48e1_add/DSP: DSP48E1 is not using the Multiplier (USE_MULT = NONE). For improved power characteristics, set DREG and ADREG to '1', tie CED, CEAD, and RSTD to logic '0'.
Related violations: <none>

AVAL-5#5 Advisory
enum_USE_MULT_NONE_enum_DREG_ADREG_0_connects_CED_CEAD_RSTD_GND  
design_1_i/softmax_0/inst/softmax_dexp_64ns_64ns_64_18_full_dsp_U6/softmax_ap_dexp_16_full_dsp_64_u/U0/i_synth/EXP_OP.OP/i_calculate_Xf/dsp.two.dsp48e1_add_hi/DSP: DSP48E1 is not using the Multiplier (USE_MULT = NONE). For improved power characteristics, set DREG and ADREG to '1', tie CED, CEAD, and RSTD to logic '0'.
Related violations: <none>

AVAL-5#6 Advisory
enum_USE_MULT_NONE_enum_DREG_ADREG_0_connects_CED_CEAD_RSTD_GND  
design_1_i/softmax_0/inst/softmax_dexp_64ns_64ns_64_18_full_dsp_U6/softmax_ap_dexp_16_full_dsp_64_u/U0/i_synth/EXP_OP.OP/i_calculate_Xf/dsp.two.dsp48e1_add_lo/DSP: DSP48E1 is not using the Multiplier (USE_MULT = NONE). For improved power characteristics, set DREG and ADREG to '1', tie CED, CEAD, and RSTD to logic '0'.
Related violations: <none>

AVAL-5#7 Advisory
enum_USE_MULT_NONE_enum_DREG_ADREG_0_connects_CED_CEAD_RSTD_GND  
design_1_i/softmax_0/inst/softmax_dexp_64ns_64ns_64_18_full_dsp_U6/softmax_ap_dexp_16_full_dsp_64_u/U0/i_synth/EXP_OP.OP/i_ccm_ln2/g_tables[0].i_addsub/dsp.two.dsp48e1_add_hi/DSP: DSP48E1 is not using the Multiplier (USE_MULT = NONE). For improved power characteristics, set DREG and ADREG to '1', tie CED, CEAD, and RSTD to logic '0'.
Related violations: <none>

AVAL-5#8 Advisory
enum_USE_MULT_NONE_enum_DREG_ADREG_0_connects_CED_CEAD_RSTD_GND  
design_1_i/softmax_0/inst/softmax_dexp_64ns_64ns_64_18_full_dsp_U6/softmax_ap_dexp_16_full_dsp_64_u/U0/i_synth/EXP_OP.OP/i_ccm_ln2/g_tables[0].i_addsub/dsp.two.dsp48e1_add_lo/DSP: DSP48E1 is not using the Multiplier (USE_MULT = NONE). For improved power characteristics, set DREG and ADREG to '1', tie CED, CEAD, and RSTD to logic '0'.
Related violations: <none>

AVAL-5#9 Advisory
enum_USE_MULT_NONE_enum_DREG_ADREG_0_connects_CED_CEAD_RSTD_GND  
design_1_i/softmax_0/inst/softmax_dexp_64ns_64ns_64_18_full_dsp_U6/softmax_ap_dexp_16_full_dsp_64_u/U0/i_synth/EXP_OP.OP/i_ccm_ln2/g_tables[1].i_addsub/dsp.two.dsp48e1_add_hi/DSP: DSP48E1 is not using the Multiplier (USE_MULT = NONE). For improved power characteristics, set DREG and ADREG to '1', tie CED, CEAD, and RSTD to logic '0'.
Related violations: <none>

AVAL-5#10 Advisory
enum_USE_MULT_NONE_enum_DREG_ADREG_0_connects_CED_CEAD_RSTD_GND  
design_1_i/softmax_0/inst/softmax_dexp_64ns_64ns_64_18_full_dsp_U6/softmax_ap_dexp_16_full_dsp_64_u/U0/i_synth/EXP_OP.OP/i_ccm_ln2/g_tables[1].i_addsub/dsp.two.dsp48e1_add_lo/DSP: DSP48E1 is not using the Multiplier (USE_MULT = NONE). For improved power characteristics, set DREG and ADREG to '1', tie CED, CEAD, and RSTD to logic '0'.
Related violations: <none>

AVAL-5#11 Advisory
enum_USE_MULT_NONE_enum_DREG_ADREG_0_connects_CED_CEAD_RSTD_GND  
design_1_i/softmax_0/inst/softmax_dexp_64ns_64ns_64_18_full_dsp_U6/softmax_ap_dexp_16_full_dsp_64_u/U0/i_synth/EXP_OP.OP/i_ccm_recip_ln2/g_tables[0].i_addsub/dsp.one.dsp48e1_add/DSP: DSP48E1 is not using the Multiplier (USE_MULT = NONE). For improved power characteristics, set DREG and ADREG to '1', tie CED, CEAD, and RSTD to logic '0'.
Related violations: <none>

AVAL-5#12 Advisory
enum_USE_MULT_NONE_enum_DREG_ADREG_0_connects_CED_CEAD_RSTD_GND  
design_1_i/softmax_0/inst/softmax_dexp_64ns_64ns_64_18_full_dsp_U6/softmax_ap_dexp_16_full_dsp_64_u/U0/i_synth/EXP_OP.OP/i_ccm_recip_ln2/g_tables[1].i_addsub/dsp.one.dsp48e1_add/DSP: DSP48E1 is not using the Multiplier (USE_MULT = NONE). For improved power characteristics, set DREG and ADREG to '1', tie CED, CEAD, and RSTD to logic '0'.
Related violations: <none>

AVAL-5#13 Advisory
enum_USE_MULT_NONE_enum_DREG_ADREG_0_connects_CED_CEAD_RSTD_GND  
design_1_i/softmax_0/inst/softmax_dexp_64ns_64ns_64_18_full_dsp_U6/softmax_ap_dexp_16_full_dsp_64_u/U0/i_synth/EXP_OP.OP/i_ccm_recip_ln2/g_tables[2].i_addsub/dsp.one.dsp48e1_add/DSP: DSP48E1 is not using the Multiplier (USE_MULT = NONE). For improved power characteristics, set DREG and ADREG to '1', tie CED, CEAD, and RSTD to logic '0'.
Related violations: <none>

AVAL-5#14 Advisory
enum_USE_MULT_NONE_enum_DREG_ADREG_0_connects_CED_CEAD_RSTD_GND  
design_1_i/softmax_0/inst/softmax_dexp_64ns_64ns_64_18_full_dsp_U6/softmax_ap_dexp_16_full_dsp_64_u/U0/i_synth/EXP_OP.OP/i_renorm_and_round/DSP48_E1.DSP48E1_ADD.DSP48E1_ADD/DSP: DSP48E1 is not using the Multiplier (USE_MULT = NONE). For improved power characteristics, set DREG and ADREG to '1', tie CED, CEAD, and RSTD to logic '0'.
Related violations: <none>


