

================================================================
== Vivado HLS Report for 'convolve'
================================================================
* Date:           Wed Nov 30 17:10:27 2016

* Version:        2015.2 (Build 1266856 on Fri Jun 26 16:57:37 PM 2015)
* Project:        convolution_layer_1
* Solution:       solution1
* Product family: zynq
* Target device:  xc7z020clg484-1


================================================================
== Performance Estimates
================================================================
+ Timing (ns): 
    * Summary: 
    +--------+-------+----------+------------+
    |  Clock | Target| Estimated| Uncertainty|
    +--------+-------+----------+------------+
    |ap_clk  |  10.00|      8.20|        1.25|
    +--------+-------+----------+------------+

+ Latency (clock cycles): 
    * Summary: 
    +-------+-------+-------+-------+----------+
    |    Latency    |    Interval   | Pipeline |
    |  min  |  max  |  min  |  max  |   Type   |
    +-------+-------+-------+-------+----------+
    |  91881|  91881|  91882|  91882| dataflow |
    +-------+-------+-------+-------+----------+

    + Detail: 
        * Instance: 
        +-------------------------------------------+---------------------------------+-------+-------+-------+-------+---------+
        |                                           |                                 |    Latency    |    Interval   | Pipeline|
        |                  Instance                 |              Module             |  min  |  max  |  min  |  max  |   Type  |
        +-------------------------------------------+---------------------------------+-------+-------+-------+-------+---------+
        |grp_convolve_Loop_BUFFER_RESET_proc_fu_34  |convolve_Loop_BUFFER_RESET_proc  |  91881|  91881|  91881|  91881|   none  |
        |stg_15_convolve_Block_proc_fu_44           |convolve_Block_proc              |      0|      0|      0|      0|   none  |
        +-------------------------------------------+---------------------------------+-------+-------+-------+-------+---------+

        * Loop: 
        N/A



================================================================
== Utilization Estimates
================================================================
* Summary: 
+-----------------+---------+-------+--------+-------+
|       Name      | BRAM_18K| DSP48E|   FF   |  LUT  |
+-----------------+---------+-------+--------+-------+
|Expression       |        -|      -|       -|      -|
|FIFO             |        -|      -|       -|      -|
|Instance         |        1|      5|    3584|   4348|
|Memory           |        -|      -|       -|      -|
|Multiplexer      |        -|      -|       -|      -|
|Register         |        -|      -|       3|      -|
+-----------------+---------+-------+--------+-------+
|Total            |        1|      5|    3587|   4348|
+-----------------+---------+-------+--------+-------+
|Available        |      280|    220|  106400|  53200|
+-----------------+---------+-------+--------+-------+
|Utilization (%)  |    ~0   |      2|       3|      8|
+-----------------+---------+-------+--------+-------+

+ Detail: 
    * Instance: 
    +------------------------------------+---------------------------------+---------+-------+------+------+
    |              Instance              |              Module             | BRAM_18K| DSP48E|  FF  |  LUT |
    +------------------------------------+---------------------------------+---------+-------+------+------+
    |convolve_Block_proc_U0              |convolve_Block_proc              |        0|      0|     2|     1|
    |convolve_Loop_BUFFER_RESET_proc_U0  |convolve_Loop_BUFFER_RESET_proc  |        1|      5|  3582|  4347|
    +------------------------------------+---------------------------------+---------+-------+------+------+
    |Total                               |                                 |        1|      5|  3584|  4348|
    +------------------------------------+---------------------------------+---------+-------+------+------+

    * Memory: 
    N/A

    * FIFO: 
    N/A

    * Expression: 
    N/A

    * Multiplexer: 
    N/A

    * Register: 
    +----------------------------------------------------+---+----+-----+-----------+
    |                        Name                        | FF| LUT| Bits| Const Bits|
    +----------------------------------------------------+---+----+-----+-----------+
    |ap_CS                                               |  1|   0|    1|          0|
    |ap_reg_procdone_convolve_Block_proc_U0              |  1|   0|    1|          0|
    |ap_reg_procdone_convolve_Loop_BUFFER_RESET_proc_U0  |  1|   0|    1|          0|
    +----------------------------------------------------+---+----+-----+-----------+
    |Total                                               |  3|   0|    3|          0|
    +----------------------------------------------------+---+----+-----+-----------+



================================================================
== Interface
================================================================
* Summary: 
+----------------------+-----+-----+------------+---------------+--------------+
|       RTL Ports      | Dir | Bits|  Protocol  | Source Object |    C Type    |
+----------------------+-----+-----+------------+---------------+--------------+
|image_V_TDATA         |  in |    8|    axis    |    image_V    |    pointer   |
|image_V_TVALID        |  in |    1|    axis    |    image_V    |    pointer   |
|image_V_TREADY        | out |    1|    axis    |    image_V    |    pointer   |
|weights_Addr_A        | out |   32|    bram    |    weights    |     array    |
|weights_EN_A          | out |    1|    bram    |    weights    |     array    |
|weights_Din_A         | out |   32|    bram    |    weights    |     array    |
|weights_Dout_A        |  in |   32|    bram    |    weights    |     array    |
|weights_WEN_A         | out |    4|    bram    |    weights    |     array    |
|weights_Clk_A         | out |    1|    bram    |    weights    |     array    |
|weights_Rst_A         | out |    1|    bram    |    weights    |     array    |
|weights_Addr_B        | out |   32|    bram    |    weights    |     array    |
|weights_EN_B          | out |    1|    bram    |    weights    |     array    |
|weights_Din_B         | out |   32|    bram    |    weights    |     array    |
|weights_Dout_B        |  in |   32|    bram    |    weights    |     array    |
|weights_WEN_B         | out |    4|    bram    |    weights    |     array    |
|weights_Clk_B         | out |    1|    bram    |    weights    |     array    |
|weights_Rst_B         | out |    1|    bram    |    weights    |     array    |
|ap_clk                |  in |    1| ap_ctrl_hs |    convolve   | return value |
|ap_rst_n              |  in |    1| ap_ctrl_hs |    convolve   | return value |
|ap_done               | out |    1| ap_ctrl_hs |    convolve   | return value |
|ap_start              |  in |    1| ap_ctrl_hs |    convolve   | return value |
|ap_idle               | out |    1| ap_ctrl_hs |    convolve   | return value |
|ap_ready              | out |    1| ap_ctrl_hs |    convolve   | return value |
|conv_output_V_TDATA   | out |    8|    axis    | conv_output_V |    pointer   |
|conv_output_V_TVALID  | out |    1|    axis    | conv_output_V |    pointer   |
|conv_output_V_TREADY  |  in |    1|    axis    | conv_output_V |    pointer   |
|done                  | out |    1|   ap_none  |      done     |    pointer   |
+----------------------+-----+-----+------------+---------------+--------------+

