14:44:20 **** Build of project matrix_mult_bsp ****
make -k all 
"Running Make include in ps7_cortexa9_0/libsrc/axicdma_v3_0/src"
make -C ps7_cortexa9_0/libsrc/axicdma_v3_0/src -s include  "SHELL=CMD" "COMPILER=arm-xilinx-eabi-gcc" "ARCHIVER=arm-xilinx-eabi-ar" "COMPILER_FLAGS=  -O2 -c" "EXTRA_COMPILER_FLAGS=-g"
"Running Make include in ps7_cortexa9_0/libsrc/coresightps_dcc_v1_0/src"
make -C ps7_cortexa9_0/libsrc/coresightps_dcc_v1_0/src -s include  "SHELL=CMD" "COMPILER=arm-xilinx-eabi-gcc" "ARCHIVER=arm-xilinx-eabi-ar" "COMPILER_FLAGS=  -O2 -c" "EXTRA_COMPILER_FLAGS=-g"
"Running Make include in ps7_cortexa9_0/libsrc/cpu_cortexa9_v2_1/src"
make -C ps7_cortexa9_0/libsrc/cpu_cortexa9_v2_1/src -s include  "SHELL=CMD" "COMPILER=arm-xilinx-eabi-gcc" "ARCHIVER=arm-xilinx-eabi-ar" "COMPILER_FLAGS=  -O2 -c" "EXTRA_COMPILER_FLAGS=-g"
"Running Make include in ps7_cortexa9_0/libsrc/devcfg_v3_3/src"
make -C ps7_cortexa9_0/libsrc/devcfg_v3_3/src -s include  "SHELL=CMD" "COMPILER=arm-xilinx-eabi-gcc" "ARCHIVER=arm-xilinx-eabi-ar" "COMPILER_FLAGS=  -O2 -c" "EXTRA_COMPILER_FLAGS=-g"
"Running Make include in ps7_cortexa9_0/libsrc/dmaps_v2_1/src"
make -C ps7_cortexa9_0/libsrc/dmaps_v2_1/src -s include  "SHELL=CMD" "COMPILER=arm-xilinx-eabi-gcc" "ARCHIVER=arm-xilinx-eabi-ar" "COMPILER_FLAGS=  -O2 -c" "EXTRA_COMPILER_FLAGS=-g"
"Running Make include in ps7_cortexa9_0/libsrc/emacps_v3_0/src"
make -C ps7_cortexa9_0/libsrc/emacps_v3_0/src -s include  "SHELL=CMD" "COMPILER=arm-xilinx-eabi-gcc" "ARCHIVER=arm-xilinx-eabi-ar" "COMPILER_FLAGS=  -O2 -c" "EXTRA_COMPILER_FLAGS=-g"
"Running Make include in ps7_cortexa9_0/libsrc/gpiops_v3_0/src"
make -C ps7_cortexa9_0/libsrc/gpiops_v3_0/src -s include  "SHELL=CMD" "COMPILER=arm-xilinx-eabi-gcc" "ARCHIVER=arm-xilinx-eabi-ar" "COMPILER_FLAGS=  -O2 -c" "EXTRA_COMPILER_FLAGS=-g"
"Running Make include in ps7_cortexa9_0/libsrc/matrix_mult_v1_0/src"
make -C ps7_cortexa9_0/libsrc/matrix_mult_v1_0/src -s include  "SHELL=CMD" "COMPILER=arm-xilinx-eabi-gcc" "ARCHIVER=arm-xilinx-eabi-ar" "COMPILER_FLAGS=  -O2 -c" "EXTRA_COMPILER_FLAGS=-g"
"Running Make include in ps7_cortexa9_0/libsrc/qspips_v3_2/src"
make -C ps7_cortexa9_0/libsrc/qspips_v3_2/src -s include  "SHELL=CMD" "COMPILER=arm-xilinx-eabi-gcc" "ARCHIVER=arm-xilinx-eabi-ar" "COMPILER_FLAGS=  -O2 -c" "EXTRA_COMPILER_FLAGS=-g"
"Running Make include in ps7_cortexa9_0/libsrc/scugic_v3_0/src"
make -C ps7_cortexa9_0/libsrc/scugic_v3_0/src -s include  "SHELL=CMD" "COMPILER=arm-xilinx-eabi-gcc" "ARCHIVER=arm-xilinx-eabi-ar" "COMPILER_FLAGS=  -O2 -c" "EXTRA_COMPILER_FLAGS=-g"
"Running Make include in ps7_cortexa9_0/libsrc/scutimer_v2_1/src"
make -C ps7_cortexa9_0/libsrc/scutimer_v2_1/src -s include  "SHELL=CMD" "COMPILER=arm-xilinx-eabi-gcc" "ARCHIVER=arm-xilinx-eabi-ar" "COMPILER_FLAGS=  -O2 -c" "EXTRA_COMPILER_FLAGS=-g"
"Running Make include in ps7_cortexa9_0/libsrc/scuwdt_v2_1/src"
make -C ps7_cortexa9_0/libsrc/scuwdt_v2_1/src -s include  "SHELL=CMD" "COMPILER=arm-xilinx-eabi-gcc" "ARCHIVER=arm-xilinx-eabi-ar" "COMPILER_FLAGS=  -O2 -c" "EXTRA_COMPILER_FLAGS=-g"
"Running Make include in ps7_cortexa9_0/libsrc/sdps_v2_4/src"
make -C ps7_cortexa9_0/libsrc/sdps_v2_4/src -s include  "SHELL=CMD" "COMPILER=arm-xilinx-eabi-gcc" "ARCHIVER=arm-xilinx-eabi-ar" "COMPILER_FLAGS=  -O2 -c" "EXTRA_COMPILER_FLAGS=-g"
"Running Make include in ps7_cortexa9_0/libsrc/standalone_v5_1/src"
make -C ps7_cortexa9_0/libsrc/standalone_v5_1/src -s include  "SHELL=CMD" "COMPILER=arm-xilinx-eabi-gcc" "ARCHIVER=arm-xilinx-eabi-ar" "COMPILER_FLAGS=  -O2 -c" "EXTRA_COMPILER_FLAGS=-g"
"Running Make include in ps7_cortexa9_0/libsrc/ttcps_v3_0/src"
make -C ps7_cortexa9_0/libsrc/ttcps_v3_0/src -s include  "SHELL=CMD" "COMPILER=arm-xilinx-eabi-gcc" "ARCHIVER=arm-xilinx-eabi-ar" "COMPILER_FLAGS=  -O2 -c" "EXTRA_COMPILER_FLAGS=-g"
"Running Make include in ps7_cortexa9_0/libsrc/uartps_v3_0/src"
make -C ps7_cortexa9_0/libsrc/uartps_v3_0/src -s include  "SHELL=CMD" "COMPILER=arm-xilinx-eabi-gcc" "ARCHIVER=arm-xilinx-eabi-ar" "COMPILER_FLAGS=  -O2 -c" "EXTRA_COMPILER_FLAGS=-g"
"Running Make include in ps7_cortexa9_0/libsrc/usbps_v2_2/src"
make -C ps7_cortexa9_0/libsrc/usbps_v2_2/src -s include  "SHELL=CMD" "COMPILER=arm-xilinx-eabi-gcc" "ARCHIVER=arm-xilinx-eabi-ar" "COMPILER_FLAGS=  -O2 -c" "EXTRA_COMPILER_FLAGS=-g"
"Running Make include in ps7_cortexa9_0/libsrc/xadcps_v2_2/src"
make -C ps7_cortexa9_0/libsrc/xadcps_v2_2/src -s include  "SHELL=CMD" "COMPILER=arm-xilinx-eabi-gcc" "ARCHIVER=arm-xilinx-eabi-ar" "COMPILER_FLAGS=  -O2 -c" "EXTRA_COMPILER_FLAGS=-g"
"Running Make libs in ps7_cortexa9_0/libsrc/axicdma_v3_0/src"
make -C ps7_cortexa9_0/libsrc/axicdma_v3_0/src -s libs  "SHELL=CMD" "COMPILER=arm-xilinx-eabi-gcc" "ARCHIVER=arm-xilinx-eabi-ar" "COMPILER_FLAGS=  -O2 -c" "EXTRA_COMPILER_FLAGS=-g"
"Compiling axicdma"
arm-xilinx-eabi-ar: creating ../../../lib/libxil.a
"Running Make libs in ps7_cortexa9_0/libsrc/coresightps_dcc_v1_0/src"
make -C ps7_cortexa9_0/libsrc/coresightps_dcc_v1_0/src -s libs  "SHELL=CMD" "COMPILER=arm-xilinx-eabi-gcc" "ARCHIVER=arm-xilinx-eabi-ar" "COMPILER_FLAGS=  -O2 -c" "EXTRA_COMPILER_FLAGS=-g"
"Compiling coresightps_dcc"
"Running Make libs in ps7_cortexa9_0/libsrc/cpu_cortexa9_v2_1/src"
make -C ps7_cortexa9_0/libsrc/cpu_cortexa9_v2_1/src -s libs  "SHELL=CMD" "COMPILER=arm-xilinx-eabi-gcc" "ARCHIVER=arm-xilinx-eabi-ar" "COMPILER_FLAGS=  -O2 -c" "EXTRA_COMPILER_FLAGS=-g"
"Compiling cpu_cortexa9"
"Running Make libs in ps7_cortexa9_0/libsrc/devcfg_v3_3/src"
make -C ps7_cortexa9_0/libsrc/devcfg_v3_3/src -s libs  "SHELL=CMD" "COMPILER=arm-xilinx-eabi-gcc" "ARCHIVER=arm-xilinx-eabi-ar" "COMPILER_FLAGS=  -O2 -c" "EXTRA_COMPILER_FLAGS=-g"
"Compiling devcfg"
arm-xilinx-eabi-ar: unable to rename '../../../lib/libxil.a'; reason: Permission denied
make[1]: *** [xdevcfg_libs] Error 1
make[1]: Target `libs' not remade because of errors.
make: *** [ps7_cortexa9_0/libsrc/devcfg_v3_3/src/make.libs] Error 2
"Running Make libs in ps7_cortexa9_0/libsrc/dmaps_v2_1/src"
make -C ps7_cortexa9_0/libsrc/dmaps_v2_1/src -s libs  "SHELL=CMD" "COMPILER=arm-xilinx-eabi-gcc" "ARCHIVER=arm-xilinx-eabi-ar" "COMPILER_FLAGS=  -O2 -c" "EXTRA_COMPILER_FLAGS=-g"
"Compiling dmaps"
arm-xilinx-eabi-ar: creating ../../../lib/libxil.a
"Running Make libs in ps7_cortexa9_0/libsrc/emacps_v3_0/src"
make -C ps7_cortexa9_0/libsrc/emacps_v3_0/src -s libs  "SHELL=CMD" "COMPILER=arm-xilinx-eabi-gcc" "ARCHIVER=arm-xilinx-eabi-ar" "COMPILER_FLAGS=  -O2 -c" "EXTRA_COMPILER_FLAGS=-g"
"Compiling emacps"
"Running Make libs in ps7_cortexa9_0/libsrc/gpiops_v3_0/src"
make -C ps7_cortexa9_0/libsrc/gpiops_v3_0/src -s libs  "SHELL=CMD" "COMPILER=arm-xilinx-eabi-gcc" "ARCHIVER=arm-xilinx-eabi-ar" "COMPILER_FLAGS=  -O2 -c" "EXTRA_COMPILER_FLAGS=-g"
"Compiling gpiops"
"Running Make libs in ps7_cortexa9_0/libsrc/matrix_mult_v1_0/src"
make -C ps7_cortexa9_0/libsrc/matrix_mult_v1_0/src -s libs  "SHELL=CMD" "COMPILER=arm-xilinx-eabi-gcc" "ARCHIVER=arm-xilinx-eabi-ar" "COMPILER_FLAGS=  -O2 -c" "EXTRA_COMPILER_FLAGS=-g"
"Compiling matrix_mult"
"Running Make libs in ps7_cortexa9_0/libsrc/qspips_v3_2/src"
make -C ps7_cortexa9_0/libsrc/qspips_v3_2/src -s libs  "SHELL=CMD" "COMPILER=arm-xilinx-eabi-gcc" "ARCHIVER=arm-xilinx-eabi-ar" "COMPILER_FLAGS=  -O2 -c" "EXTRA_COMPILER_FLAGS=-g"
"Compiling qspips"
"Running Make libs in ps7_cortexa9_0/libsrc/scugic_v3_0/src"
make -C ps7_cortexa9_0/libsrc/scugic_v3_0/src -s libs  "SHELL=CMD" "COMPILER=arm-xilinx-eabi-gcc" "ARCHIVER=arm-xilinx-eabi-ar" "COMPILER_FLAGS=  -O2 -c" "EXTRA_COMPILER_FLAGS=-g"
"Compiling scugic"
"Running Make libs in ps7_cortexa9_0/libsrc/scutimer_v2_1/src"
make -C ps7_cortexa9_0/libsrc/scutimer_v2_1/src -s libs  "SHELL=CMD" "COMPILER=arm-xilinx-eabi-gcc" "ARCHIVER=arm-xilinx-eabi-ar" "COMPILER_FLAGS=  -O2 -c" "EXTRA_COMPILER_FLAGS=-g"
"Compiling scutimer"
arm-xilinx-eabi-ar: unable to rename '../../../lib/libxil.a'; reason: Permission denied
make[1]: *** [scutimer_libs] Error 1
make[1]: Target `libs' not remade because of errors.
make: *** [ps7_cortexa9_0/libsrc/scutimer_v2_1/src/make.libs] Error 2
"Running Make libs in ps7_cortexa9_0/libsrc/scuwdt_v2_1/src"
make -C ps7_cortexa9_0/libsrc/scuwdt_v2_1/src -s libs  "SHELL=CMD" "COMPILER=arm-xilinx-eabi-gcc" "ARCHIVER=arm-xilinx-eabi-ar" "COMPILER_FLAGS=  -O2 -c" "EXTRA_COMPILER_FLAGS=-g"
"Compiling scuwdt"
arm-xilinx-eabi-ar: creating ../../../lib/libxil.a
"Running Make libs in ps7_cortexa9_0/libsrc/sdps_v2_4/src"
make -C ps7_cortexa9_0/libsrc/sdps_v2_4/src -s libs  "SHELL=CMD" "COMPILER=arm-xilinx-eabi-gcc" "ARCHIVER=arm-xilinx-eabi-ar" "COMPILER_FLAGS=  -O2 -c" "EXTRA_COMPILER_FLAGS=-g"
"Compiling sdps"
"Running Make libs in ps7_cortexa9_0/libsrc/standalone_v5_1/src"
make -C ps7_cortexa9_0/libsrc/standalone_v5_1/src -s libs  "SHELL=CMD" "COMPILER=arm-xilinx-eabi-gcc" "ARCHIVER=arm-xilinx-eabi-ar" "COMPILER_FLAGS=  -O2 -c" "EXTRA_COMPILER_FLAGS=-g"
"Compiling standalone"
"Running Make libs in ps7_cortexa9_0/libsrc/ttcps_v3_0/src"
make -C ps7_cortexa9_0/libsrc/ttcps_v3_0/src -s libs  "SHELL=CMD" "COMPILER=arm-xilinx-eabi-gcc" "ARCHIVER=arm-xilinx-eabi-ar" "COMPILER_FLAGS=  -O2 -c" "EXTRA_COMPILER_FLAGS=-g"
"Compiling ttcps"
"Running Make libs in ps7_cortexa9_0/libsrc/uartps_v3_0/src"
make -C ps7_cortexa9_0/libsrc/uartps_v3_0/src -s libs  "SHELL=CMD" "COMPILER=arm-xilinx-eabi-gcc" "ARCHIVER=arm-xilinx-eabi-ar" "COMPILER_FLAGS=  -O2 -c" "EXTRA_COMPILER_FLAGS=-g"
"Compiling uartps"
"Running Make libs in ps7_cortexa9_0/libsrc/usbps_v2_2/src"
make -C ps7_cortexa9_0/libsrc/usbps_v2_2/src -s libs  "SHELL=CMD" "COMPILER=arm-xilinx-eabi-gcc" "ARCHIVER=arm-xilinx-eabi-ar" "COMPILER_FLAGS=  -O2 -c" "EXTRA_COMPILER_FLAGS=-g"
"Compiling usbps"
"Running Make libs in ps7_cortexa9_0/libsrc/xadcps_v2_2/src"
make -C ps7_cortexa9_0/libsrc/xadcps_v2_2/src -s libs  "SHELL=CMD" "COMPILER=arm-xilinx-eabi-gcc" "ARCHIVER=arm-xilinx-eabi-ar" "COMPILER_FLAGS=  -O2 -c" "EXTRA_COMPILER_FLAGS=-g"
"Compiling xadcps"
make: Target `all' not remade because of errors.

14:45:16 Build Finished (took 55s.604ms)

