14:28:17 **** Build of configuration Debug for project proj2 ****
make all 
'Building file: ../src/helloworld.c'
'Invoking: ARM gcc compiler'
arm-xilinx-eabi-gcc -Wall -O0 -g3 -I../../proj2_bsp/ps7_cortexa9_0/include -I"C:\Xilinx\SDK\2015.2\gnu\arm\nt\lib\gcc\arm-xilinx-eabi\4.9.1" -c -fmessage-length=0 -MT"src/helloworld.o" -MMD -MP -MF"src/helloworld.d" -MT"src/helloworld.d" -o "src/helloworld.o" "../src/helloworld.c"
'Finished building: ../src/helloworld.c'
' '
'Building file: ../src/platform.c'
'Invoking: ARM gcc compiler'
arm-xilinx-eabi-gcc -Wall -O0 -g3 -I../../proj2_bsp/ps7_cortexa9_0/include -I"C:\Xilinx\SDK\2015.2\gnu\arm\nt\lib\gcc\arm-xilinx-eabi\4.9.1" -c -fmessage-length=0 -MT"src/platform.o" -MMD -MP -MF"src/platform.d" -MT"src/platform.d" -o "src/platform.o" "../src/platform.c"
'Finished building: ../src/platform.c'
' '
'Building target: proj2.elf'
'Invoking: ARM gcc linker'
arm-xilinx-eabi-gcc -Wl,-T -Wl,../src/lscript.ld -L../../proj2_bsp/ps7_cortexa9_0/lib -o "proj2.elf"  ./src/helloworld.o ./src/platform.o   -Wl,--start-group,-lxil,-lgcc,-lc,--end-group
../../proj2_bsp/ps7_cortexa9_0/lib\libxil.a(xil-crt0.o): In function `_start':
C:\Users\sunny\Google_Drive\CMU\Courses\CMU\18643\vivado_projects\H05-lab3\project_1.sdk\proj2_bsp\ps7_cortexa9_0\libsrc\standalone_v5_1\src/xil-crt0.S:128: undefined reference to `main'
collect2.exe: error: ld returned 1 exit status
make: *** [proj2.elf] Error 1

14:28:18 Build Finished (took 905ms)

