

================================================================
== Vivado HLS Report for 'obj_detector_maxpool'
================================================================
* Date:           Sat Dec 03 21:39:12 2016

* Version:        2015.2 (Build 1266856 on Fri Jun 26 16:57:37 PM 2015)
* Project:        proj3_hls
* Solution:       solution1
* Product family: zynq
* Target device:  xc7z020clg484-1


================================================================
== Performance Estimates
================================================================
+ Timing (ns): 
    * Summary: 
    +--------+-------+----------+------------+
    |  Clock | Target| Estimated| Uncertainty|
    +--------+-------+----------+------------+
    |ap_clk  |  10.00|      8.26|        1.25|
    +--------+-------+----------+------------+

+ Latency (clock cycles): 
    * Summary: 
    +-----+-----+-----+-----+---------+
    |  Latency  |  Interval | Pipeline|
    | min | max | min | max |   Type  |
    +-----+-----+-----+-----+---------+
    |  300|  300|  300|  300|   none  |
    +-----+-----+-----+-----+---------+

    + Detail: 
        * Instance: 
        N/A

        * Loop: 
        +------------------+-----+-----+----------+-----------+-----------+------+----------+
        |                  |  Latency  | Iteration|  Initiation Interval  | Trip |          |
        |     Loop Name    | min | max |  Latency |  achieved |   target  | Count| Pipelined|
        +------------------+-----+-----+----------+-----------+-----------+------+----------+
        |- maxpool_label6  |  298|  298|        35|         24|          1|    12|    yes   |
        +------------------+-----+-----+----------+-----------+-----------+------+----------+



================================================================
== Utilization Estimates
================================================================
* Summary: 
+-----------------+---------+-------+--------+-------+
|       Name      | BRAM_18K| DSP48E|   FF   |  LUT  |
+-----------------+---------+-------+--------+-------+
|Expression       |        -|      -|       -|      -|
|FIFO             |        -|      -|       -|      -|
|Instance         |        -|      -|       -|      -|
|Memory           |        -|      -|       -|      -|
|Multiplexer      |        -|      -|       -|      -|
|Register         |        -|      -|       -|      -|
+-----------------+---------+-------+--------+-------+
|Total            |        0|      0|       0|      0|
+-----------------+---------+-------+--------+-------+
|Available        |      280|    220|  106400|  53200|
+-----------------+---------+-------+--------+-------+
|Utilization (%)  |        0|      0|       0|      0|
+-----------------+---------+-------+--------+-------+

+ Detail: 
    * Instance: 
    N/A

    * Memory: 
    N/A

    * FIFO: 
    N/A

    * Expression: 
    N/A

    * Multiplexer: 
    N/A

    * Register: 
    N/A



================================================================
== Interface
================================================================
* Summary: 
N/A

============================================================
+ Verbose Summary: Synthesis Manager
============================================================
InlineROM: 1
ExposeGlobal: 0
============================================================
+ Verbose Summary: CDFG Model
============================================================
IsTopModel: 0
ResetActiveHigh: 1
IsCombinational: 2
IsDatapathOnly: 0
HasWiredReturn: 1
HasMFsm: 0
HasVarLatency: 1
IsPipeline: 0
IsRtlPipelined: 0
IsInstanceOverlapped: 0
IsDontTouch: 0
HasImplIP: 0
IsGatedGlobalClock: 0

+ Individual pipeline summary: 
  * Pipeline-0: initiation interval (II) = 24, depth = 35


============================================================
+ Verbose Summary: Schedule
============================================================
* Number of FSM states: 37
* Pipeline: 1
  Pipeline-0: II = 24, D = 35, States = { 2 3 4 5 6 7 8 9 10 11 12 13 14 15 16 17 18 19 20 21 22 23 24 25 26 27 28 29 30 31 32 33 34 35 36 }
* Dataflow Pipeline: 0

* FSM state transitions: 
1 --> 
	2  / true
2 --> 
	37  / (exitcond1)
	3  / (!exitcond1)
3 --> 
	4  / true
4 --> 
	5  / true
5 --> 
	6  / true
6 --> 
	7  / true
7 --> 
	8  / true
8 --> 
	9  / true
9 --> 
	10  / true
10 --> 
	11  / true
11 --> 
	12  / true
12 --> 
	13  / true
13 --> 
	14  / true
14 --> 
	15  / true
15 --> 
	16  / true
16 --> 
	17  / true
17 --> 
	18  / true
18 --> 
	19  / true
19 --> 
	20  / true
20 --> 
	21  / true
21 --> 
	22  / true
22 --> 
	23  / true
23 --> 
	24  / true
24 --> 
	25  / true
25 --> 
	26  / true
26 --> 
	27  / true
27 --> 
	28  / true
28 --> 
	29  / true
29 --> 
	30  / true
30 --> 
	31  / true
31 --> 
	32  / true
32 --> 
	33  / true
33 --> 
	34  / true
34 --> 
	35  / true
35 --> 
	36  / true
36 --> 
	2  / true
37 --> 
* FSM state operations: 

 <State 1>: 1.72ns
ST_1: tmp_241_read [1/1] 0.00ns
:0  %tmp_241_read = call i3 @_ssdm_op_Read.ap_auto.i3(i3 %tmp_241)

ST_1: tmp_24_read [1/1] 0.00ns
:1  %tmp_24_read = call i3 @_ssdm_op_Read.ap_auto.i3(i3 %tmp_24)

ST_1: tmp_16 [1/1] 0.00ns
:2  %tmp_16 = call i8 @_ssdm_op_BitConcatenate.i8.i3.i5(i3 %tmp_24_read, i5 0)

ST_1: p_shl2_cast [1/1] 0.00ns
:3  %p_shl2_cast = zext i8 %tmp_16 to i9

ST_1: tmp_17 [1/1] 0.00ns
:4  %tmp_17 = call i6 @_ssdm_op_BitConcatenate.i6.i3.i3(i3 %tmp_24_read, i3 0)

ST_1: p_shl3_cast [1/1] 0.00ns
:5  %p_shl3_cast = zext i6 %tmp_17 to i9

ST_1: p_addr [1/1] 1.72ns
:6  %p_addr = sub i9 %p_shl2_cast, %p_shl3_cast

ST_1: p_addr_cast [1/1] 0.00ns
:7  %p_addr_cast = sext i9 %p_addr to i10

ST_1: tmp_18 [1/1] 0.00ns
:8  %tmp_18 = call i7 @_ssdm_op_BitConcatenate.i7.i3.i4(i3 %tmp_241_read, i4 0)

ST_1: p_shl_cast [1/1] 0.00ns
:9  %p_shl_cast = zext i7 %tmp_18 to i8

ST_1: tmp_19 [1/1] 0.00ns
:10  %tmp_19 = call i5 @_ssdm_op_BitConcatenate.i5.i3.i2(i3 %tmp_241_read, i2 0)

ST_1: p_shl4_cast [1/1] 0.00ns
:11  %p_shl4_cast = zext i5 %tmp_19 to i8

ST_1: p_addr12 [1/1] 1.72ns
:12  %p_addr12 = sub i8 %p_shl_cast, %p_shl4_cast

ST_1: p_addr12_cast [1/1] 0.00ns
:13  %p_addr12_cast = sext i8 %p_addr12 to i9

ST_1: stg_52 [1/1] 1.57ns
:14  br label %1


 <State 2>: 6.51ns
ST_2: i [1/1] 0.00ns
:0  %i = phi i4 [ 0, %0 ], [ %i_6, %2 ]

ST_2: exitcond1 [1/1] 1.88ns
:1  %exitcond1 = icmp eq i4 %i, -4

ST_2: i_6 [1/1] 0.80ns
:2  %i_6 = add i4 %i, 1

ST_2: stg_56 [1/1] 0.00ns
:3  br i1 %exitcond1, label %3, label %2

ST_2: tmp [1/1] 0.00ns
:4  %tmp = call i5 @_ssdm_op_BitConcatenate.i5.i4.i1(i4 %i, i1 false)

ST_2: tmp_12 [1/1] 0.00ns
:5  %tmp_12 = or i5 %tmp, 1

ST_2: tmp_trn_cast [1/1] 0.00ns
:6  %tmp_trn_cast = zext i5 %tmp to i10

ST_2: p_addr13 [1/1] 1.84ns
:7  %p_addr13 = add i10 %tmp_trn_cast, %p_addr_cast

ST_2: tmp_20 [1/1] 0.00ns
:8  %tmp_20 = call i15 @_ssdm_op_BitConcatenate.i15.i10.i5(i10 %p_addr13, i5 0)

ST_2: p_shl5 [1/1] 0.00ns
:9  %p_shl5 = sext i15 %tmp_20 to i32

ST_2: tmp_21 [1/1] 0.00ns
:10  %tmp_21 = call i13 @_ssdm_op_BitConcatenate.i13.i10.i3(i10 %p_addr13, i3 0)

ST_2: p_shl6 [1/1] 0.00ns
:11  %p_shl6 = sext i13 %tmp_21 to i32

ST_2: p_addr15 [1/1] 1.96ns
:12  %p_addr15 = sub i32 %p_shl5, %p_shl6

ST_2: tmp_22 [1/1] 0.00ns
:13  %tmp_22 = zext i32 %p_addr15 to i64

ST_2: inp_addr [1/1] 0.00ns
:14  %inp_addr = getelementptr [3456 x float]* %inp, i64 0, i64 %tmp_22

ST_2: inp_load [2/2] 2.71ns
:15  %inp_load = load float* %inp_addr, align 4

ST_2: p_addr16 [1/1] 0.00ns
:17  %p_addr16 = or i32 %p_addr15, 1

ST_2: tmp_23 [1/1] 0.00ns
:18  %tmp_23 = zext i32 %p_addr16 to i64

ST_2: inp_addr_1 [1/1] 0.00ns
:19  %inp_addr_1 = getelementptr [3456 x float]* %inp, i64 0, i64 %tmp_23

ST_2: inp_load_1 [2/2] 2.71ns
:20  %inp_load_1 = load float* %inp_addr_1, align 4

ST_2: tmp_27_trn_cast [1/1] 0.00ns
:24  %tmp_27_trn_cast = zext i5 %tmp_12 to i10

ST_2: p_addr17 [1/1] 1.84ns
:25  %p_addr17 = add i10 %tmp_27_trn_cast, %p_addr_cast

ST_2: tmp_28_trn_cast [1/1] 0.00ns
:46  %tmp_28_trn_cast = zext i4 %i to i9

ST_2: p_addr21 [1/1] 1.72ns
:47  %p_addr21 = add i9 %tmp_28_trn_cast, %p_addr12_cast


 <State 3>: 8.26ns
ST_3: inp_load [1/2] 2.71ns
:15  %inp_load = load float* %inp_addr, align 4

ST_3: tmp_13 [1/1] 5.55ns
:16  %tmp_13 = fpext float %inp_load to double

ST_3: inp_load_1 [1/2] 2.71ns
:20  %inp_load_1 = load float* %inp_addr_1, align 4

ST_3: tmp_14 [1/1] 5.55ns
:21  %tmp_14 = fpext float %inp_load_1 to double

ST_3: tmp_25 [1/1] 0.00ns
:26  %tmp_25 = call i15 @_ssdm_op_BitConcatenate.i15.i10.i5(i10 %p_addr17, i5 0)

ST_3: p_shl7 [1/1] 0.00ns
:27  %p_shl7 = sext i15 %tmp_25 to i32

ST_3: tmp_26 [1/1] 0.00ns
:28  %tmp_26 = call i13 @_ssdm_op_BitConcatenate.i13.i10.i3(i10 %p_addr17, i3 0)

ST_3: p_shl8 [1/1] 0.00ns
:29  %p_shl8 = sext i13 %tmp_26 to i32

ST_3: p_addr18 [1/1] 1.96ns
:30  %p_addr18 = sub i32 %p_shl7, %p_shl8

ST_3: tmp_27 [1/1] 0.00ns
:31  %tmp_27 = zext i32 %p_addr18 to i64

ST_3: inp_addr_2 [1/1] 0.00ns
:32  %inp_addr_2 = getelementptr [3456 x float]* %inp, i64 0, i64 %tmp_27

ST_3: inp_load_2 [2/2] 2.71ns
:33  %inp_load_2 = load float* %inp_addr_2, align 4

ST_3: p_addr19 [1/1] 0.00ns
:35  %p_addr19 = or i32 %p_addr18, 1

ST_3: tmp_29 [1/1] 0.00ns
:36  %tmp_29 = zext i32 %p_addr19 to i64

ST_3: inp_addr_3 [1/1] 0.00ns
:37  %inp_addr_3 = getelementptr [3456 x float]* %inp, i64 0, i64 %tmp_29

ST_3: inp_load_3 [2/2] 2.71ns
:38  %inp_load_3 = load float* %inp_addr_3, align 4


 <State 4>: 8.26ns
ST_4: tmp_15 [3/3] 7.60ns
:22  %tmp_15 = call fastcc double @obj_detector_fmax(double %tmp_13, double %tmp_14)

ST_4: inp_load_2 [1/2] 2.71ns
:33  %inp_load_2 = load float* %inp_addr_2, align 4

ST_4: tmp_28 [1/1] 5.55ns
:34  %tmp_28 = fpext float %inp_load_2 to double

ST_4: inp_load_3 [1/2] 2.71ns
:38  %inp_load_3 = load float* %inp_addr_3, align 4

ST_4: tmp_30 [1/1] 5.55ns
:39  %tmp_30 = fpext float %inp_load_3 to double

ST_4: p_addr22 [1/1] 0.00ns
:52  %p_addr22 = or i32 %p_addr15, 2

ST_4: tmp_37 [1/1] 0.00ns
:53  %tmp_37 = zext i32 %p_addr22 to i64

ST_4: inp_addr_4 [1/1] 0.00ns
:54  %inp_addr_4 = getelementptr [3456 x float]* %inp, i64 0, i64 %tmp_37

ST_4: inp_load_12 [2/2] 2.71ns
:55  %inp_load_12 = load float* %inp_addr_4, align 4

ST_4: p_addr23 [1/1] 0.00ns
:57  %p_addr23 = or i32 %p_addr15, 3

ST_4: tmp_38 [1/1] 0.00ns
:58  %tmp_38 = zext i32 %p_addr23 to i64

ST_4: inp_addr_5 [1/1] 0.00ns
:59  %inp_addr_5 = getelementptr [3456 x float]* %inp, i64 0, i64 %tmp_38

ST_4: inp_load_13 [2/2] 2.71ns
:60  %inp_load_13 = load float* %inp_addr_5, align 4


 <State 5>: 8.26ns
ST_5: tmp_15 [2/3] 8.22ns
:22  %tmp_15 = call fastcc double @obj_detector_fmax(double %tmp_13, double %tmp_14)

ST_5: tmp_31 [3/3] 7.60ns
:40  %tmp_31 = call fastcc double @obj_detector_fmax(double %tmp_28, double %tmp_30)

ST_5: inp_load_12 [1/2] 2.71ns
:55  %inp_load_12 = load float* %inp_addr_4, align 4

ST_5: tmp_41_1 [1/1] 5.55ns
:56  %tmp_41_1 = fpext float %inp_load_12 to double

ST_5: inp_load_13 [1/2] 2.71ns
:60  %inp_load_13 = load float* %inp_addr_5, align 4

ST_5: tmp_44_1 [1/1] 5.55ns
:61  %tmp_44_1 = fpext float %inp_load_13 to double

ST_5: p_addr24 [1/1] 0.00ns
:64  %p_addr24 = or i32 %p_addr18, 2

ST_5: tmp_39 [1/1] 0.00ns
:65  %tmp_39 = zext i32 %p_addr24 to i64

ST_5: inp_addr_6 [1/1] 0.00ns
:66  %inp_addr_6 = getelementptr [3456 x float]* %inp, i64 0, i64 %tmp_39

ST_5: inp_load_14 [2/2] 2.71ns
:67  %inp_load_14 = load float* %inp_addr_6, align 4

ST_5: p_addr25 [1/1] 0.00ns
:69  %p_addr25 = or i32 %p_addr18, 3

ST_5: tmp_40 [1/1] 0.00ns
:70  %tmp_40 = zext i32 %p_addr25 to i64

ST_5: inp_addr_7 [1/1] 0.00ns
:71  %inp_addr_7 = getelementptr [3456 x float]* %inp, i64 0, i64 %tmp_40

ST_5: inp_load_15 [2/2] 2.71ns
:72  %inp_load_15 = load float* %inp_addr_7, align 4


 <State 6>: 8.26ns
ST_6: tmp_15 [1/3] 8.22ns
:22  %tmp_15 = call fastcc double @obj_detector_fmax(double %tmp_13, double %tmp_14)

ST_6: tmp_31 [2/3] 8.22ns
:40  %tmp_31 = call fastcc double @obj_detector_fmax(double %tmp_28, double %tmp_30)

ST_6: tmp_45_1 [3/3] 7.60ns
:62  %tmp_45_1 = call fastcc double @obj_detector_fmax(double %tmp_41_1, double %tmp_44_1)

ST_6: inp_load_14 [1/2] 2.71ns
:67  %inp_load_14 = load float* %inp_addr_6, align 4

ST_6: tmp_46_1 [1/1] 5.55ns
:68  %tmp_46_1 = fpext float %inp_load_14 to double

ST_6: inp_load_15 [1/2] 2.71ns
:72  %inp_load_15 = load float* %inp_addr_7, align 4

ST_6: tmp_47_1 [1/1] 5.55ns
:73  %tmp_47_1 = fpext float %inp_load_15 to double

ST_6: p_addr27 [1/1] 0.00ns
:82  %p_addr27 = or i32 %p_addr15, 4

ST_6: tmp_41 [1/1] 0.00ns
:83  %tmp_41 = zext i32 %p_addr27 to i64

ST_6: inp_addr_8 [1/1] 0.00ns
:84  %inp_addr_8 = getelementptr [3456 x float]* %inp, i64 0, i64 %tmp_41

ST_6: inp_load_16 [2/2] 2.71ns
:85  %inp_load_16 = load float* %inp_addr_8, align 4

ST_6: p_addr28 [1/1] 0.00ns
:87  %p_addr28 = or i32 %p_addr15, 5

ST_6: tmp_42 [1/1] 0.00ns
:88  %tmp_42 = zext i32 %p_addr28 to i64

ST_6: inp_addr_9 [1/1] 0.00ns
:89  %inp_addr_9 = getelementptr [3456 x float]* %inp, i64 0, i64 %tmp_42

ST_6: inp_load_17 [2/2] 2.71ns
:90  %inp_load_17 = load float* %inp_addr_9, align 4


 <State 7>: 8.26ns
ST_7: max1 [1/1] 6.50ns
:23  %max1 = fptrunc double %tmp_15 to float

ST_7: tmp_31 [1/3] 8.22ns
:40  %tmp_31 = call fastcc double @obj_detector_fmax(double %tmp_28, double %tmp_30)

ST_7: tmp_45_1 [2/3] 8.22ns
:62  %tmp_45_1 = call fastcc double @obj_detector_fmax(double %tmp_41_1, double %tmp_44_1)

ST_7: tmp_48_1 [3/3] 7.60ns
:74  %tmp_48_1 = call fastcc double @obj_detector_fmax(double %tmp_46_1, double %tmp_47_1)

ST_7: inp_load_16 [1/2] 2.71ns
:85  %inp_load_16 = load float* %inp_addr_8, align 4

ST_7: tmp_41_2 [1/1] 5.55ns
:86  %tmp_41_2 = fpext float %inp_load_16 to double

ST_7: inp_load_17 [1/2] 2.71ns
:90  %inp_load_17 = load float* %inp_addr_9, align 4

ST_7: tmp_44_2 [1/1] 5.55ns
:91  %tmp_44_2 = fpext float %inp_load_17 to double

ST_7: p_addr29 [1/1] 0.00ns
:94  %p_addr29 = or i32 %p_addr18, 4

ST_7: tmp_43 [1/1] 0.00ns
:95  %tmp_43 = zext i32 %p_addr29 to i64

ST_7: inp_addr_10 [1/1] 0.00ns
:96  %inp_addr_10 = getelementptr [3456 x float]* %inp, i64 0, i64 %tmp_43

ST_7: inp_load_18 [2/2] 2.71ns
:97  %inp_load_18 = load float* %inp_addr_10, align 4

ST_7: p_addr30 [1/1] 0.00ns
:99  %p_addr30 = or i32 %p_addr18, 5

ST_7: tmp_44 [1/1] 0.00ns
:100  %tmp_44 = zext i32 %p_addr30 to i64

ST_7: inp_addr_11 [1/1] 0.00ns
:101  %inp_addr_11 = getelementptr [3456 x float]* %inp, i64 0, i64 %tmp_44

ST_7: inp_load_19 [2/2] 2.71ns
:102  %inp_load_19 = load float* %inp_addr_11, align 4


 <State 8>: 8.26ns
ST_8: max2 [1/1] 6.50ns
:41  %max2 = fptrunc double %tmp_31 to float

ST_8: tmp_32 [1/1] 5.55ns
:42  %tmp_32 = fpext float %max1 to double

ST_8: tmp_45_1 [1/3] 8.22ns
:62  %tmp_45_1 = call fastcc double @obj_detector_fmax(double %tmp_41_1, double %tmp_44_1)

ST_8: tmp_48_1 [2/3] 8.22ns
:74  %tmp_48_1 = call fastcc double @obj_detector_fmax(double %tmp_46_1, double %tmp_47_1)

ST_8: tmp_45_2 [3/3] 7.60ns
:92  %tmp_45_2 = call fastcc double @obj_detector_fmax(double %tmp_41_2, double %tmp_44_2)

ST_8: inp_load_18 [1/2] 2.71ns
:97  %inp_load_18 = load float* %inp_addr_10, align 4

ST_8: tmp_46_2 [1/1] 5.55ns
:98  %tmp_46_2 = fpext float %inp_load_18 to double

ST_8: inp_load_19 [1/2] 2.71ns
:102  %inp_load_19 = load float* %inp_addr_11, align 4

ST_8: tmp_47_2 [1/1] 5.55ns
:103  %tmp_47_2 = fpext float %inp_load_19 to double

ST_8: p_addr31 [1/1] 0.00ns
:112  %p_addr31 = or i32 %p_addr15, 6

ST_8: tmp_45 [1/1] 0.00ns
:113  %tmp_45 = zext i32 %p_addr31 to i64

ST_8: inp_addr_12 [1/1] 0.00ns
:114  %inp_addr_12 = getelementptr [3456 x float]* %inp, i64 0, i64 %tmp_45

ST_8: inp_load_20 [2/2] 2.71ns
:115  %inp_load_20 = load float* %inp_addr_12, align 4

ST_8: p_addr33 [1/1] 0.00ns
:117  %p_addr33 = or i32 %p_addr15, 7

ST_8: tmp_46 [1/1] 0.00ns
:118  %tmp_46 = zext i32 %p_addr33 to i64

ST_8: inp_addr_13 [1/1] 0.00ns
:119  %inp_addr_13 = getelementptr [3456 x float]* %inp, i64 0, i64 %tmp_46

ST_8: inp_load_21 [2/2] 2.71ns
:120  %inp_load_21 = load float* %inp_addr_13, align 4


 <State 9>: 8.26ns
ST_9: tmp_33 [1/1] 5.55ns
:43  %tmp_33 = fpext float %max2 to double

ST_9: max1_1 [1/1] 6.50ns
:63  %max1_1 = fptrunc double %tmp_45_1 to float

ST_9: tmp_48_1 [1/3] 8.22ns
:74  %tmp_48_1 = call fastcc double @obj_detector_fmax(double %tmp_46_1, double %tmp_47_1)

ST_9: tmp_45_2 [2/3] 8.22ns
:92  %tmp_45_2 = call fastcc double @obj_detector_fmax(double %tmp_41_2, double %tmp_44_2)

ST_9: tmp_48_2 [3/3] 7.60ns
:104  %tmp_48_2 = call fastcc double @obj_detector_fmax(double %tmp_46_2, double %tmp_47_2)

ST_9: inp_load_20 [1/2] 2.71ns
:115  %inp_load_20 = load float* %inp_addr_12, align 4

ST_9: tmp_41_3 [1/1] 5.55ns
:116  %tmp_41_3 = fpext float %inp_load_20 to double

ST_9: inp_load_21 [1/2] 2.71ns
:120  %inp_load_21 = load float* %inp_addr_13, align 4

ST_9: tmp_44_3 [1/1] 5.55ns
:121  %tmp_44_3 = fpext float %inp_load_21 to double

ST_9: p_addr34 [1/1] 0.00ns
:124  %p_addr34 = or i32 %p_addr18, 6

ST_9: tmp_47 [1/1] 0.00ns
:125  %tmp_47 = zext i32 %p_addr34 to i64

ST_9: inp_addr_14 [1/1] 0.00ns
:126  %inp_addr_14 = getelementptr [3456 x float]* %inp, i64 0, i64 %tmp_47

ST_9: inp_load_22 [2/2] 2.71ns
:127  %inp_load_22 = load float* %inp_addr_14, align 4

ST_9: p_addr35 [1/1] 0.00ns
:129  %p_addr35 = or i32 %p_addr18, 7

ST_9: tmp_48 [1/1] 0.00ns
:130  %tmp_48 = zext i32 %p_addr35 to i64

ST_9: inp_addr_15 [1/1] 0.00ns
:131  %inp_addr_15 = getelementptr [3456 x float]* %inp, i64 0, i64 %tmp_48

ST_9: inp_load_23 [2/2] 2.71ns
:132  %inp_load_23 = load float* %inp_addr_15, align 4


 <State 10>: 8.26ns
ST_10: tmp_34 [3/3] 7.60ns
:44  %tmp_34 = call fastcc double @obj_detector_fmax(double %tmp_32, double %tmp_33)

ST_10: max2_1 [1/1] 6.50ns
:75  %max2_1 = fptrunc double %tmp_48_1 to float

ST_10: tmp_49_1 [1/1] 5.55ns
:76  %tmp_49_1 = fpext float %max1_1 to double

ST_10: tmp_45_2 [1/3] 8.22ns
:92  %tmp_45_2 = call fastcc double @obj_detector_fmax(double %tmp_41_2, double %tmp_44_2)

ST_10: tmp_48_2 [2/3] 8.22ns
:104  %tmp_48_2 = call fastcc double @obj_detector_fmax(double %tmp_46_2, double %tmp_47_2)

ST_10: tmp_45_3 [3/3] 7.60ns
:122  %tmp_45_3 = call fastcc double @obj_detector_fmax(double %tmp_41_3, double %tmp_44_3)

ST_10: inp_load_22 [1/2] 2.71ns
:127  %inp_load_22 = load float* %inp_addr_14, align 4

ST_10: tmp_46_3 [1/1] 5.55ns
:128  %tmp_46_3 = fpext float %inp_load_22 to double

ST_10: inp_load_23 [1/2] 2.71ns
:132  %inp_load_23 = load float* %inp_addr_15, align 4

ST_10: tmp_47_3 [1/1] 5.55ns
:133  %tmp_47_3 = fpext float %inp_load_23 to double

ST_10: p_addr36 [1/1] 0.00ns
:142  %p_addr36 = or i32 %p_addr15, 8

ST_10: tmp_49 [1/1] 0.00ns
:143  %tmp_49 = zext i32 %p_addr36 to i64

ST_10: inp_addr_16 [1/1] 0.00ns
:144  %inp_addr_16 = getelementptr [3456 x float]* %inp, i64 0, i64 %tmp_49

ST_10: inp_load_4 [2/2] 2.71ns
:145  %inp_load_4 = load float* %inp_addr_16, align 4

ST_10: p_addr37 [1/1] 0.00ns
:147  %p_addr37 = or i32 %p_addr15, 9

ST_10: tmp_50 [1/1] 0.00ns
:148  %tmp_50 = zext i32 %p_addr37 to i64

ST_10: inp_addr_17 [1/1] 0.00ns
:149  %inp_addr_17 = getelementptr [3456 x float]* %inp, i64 0, i64 %tmp_50

ST_10: inp_load_24 [2/2] 2.71ns
:150  %inp_load_24 = load float* %inp_addr_17, align 4


 <State 11>: 8.26ns
ST_11: tmp_34 [2/3] 8.22ns
:44  %tmp_34 = call fastcc double @obj_detector_fmax(double %tmp_32, double %tmp_33)

ST_11: tmp_50_1 [1/1] 5.55ns
:77  %tmp_50_1 = fpext float %max2_1 to double

ST_11: max1_2 [1/1] 6.50ns
:93  %max1_2 = fptrunc double %tmp_45_2 to float

ST_11: tmp_48_2 [1/3] 8.22ns
:104  %tmp_48_2 = call fastcc double @obj_detector_fmax(double %tmp_46_2, double %tmp_47_2)

ST_11: tmp_45_3 [2/3] 8.22ns
:122  %tmp_45_3 = call fastcc double @obj_detector_fmax(double %tmp_41_3, double %tmp_44_3)

ST_11: tmp_48_3 [3/3] 7.60ns
:134  %tmp_48_3 = call fastcc double @obj_detector_fmax(double %tmp_46_3, double %tmp_47_3)

ST_11: inp_load_4 [1/2] 2.71ns
:145  %inp_load_4 = load float* %inp_addr_16, align 4

ST_11: tmp_41_4 [1/1] 5.55ns
:146  %tmp_41_4 = fpext float %inp_load_4 to double

ST_11: inp_load_24 [1/2] 2.71ns
:150  %inp_load_24 = load float* %inp_addr_17, align 4

ST_11: tmp_44_4 [1/1] 5.55ns
:151  %tmp_44_4 = fpext float %inp_load_24 to double

ST_11: p_addr39 [1/1] 1.96ns
:154  %p_addr39 = add i32 %p_addr18, 8

ST_11: tmp_51 [1/1] 0.00ns
:155  %tmp_51 = zext i32 %p_addr39 to i64

ST_11: inp_addr_18 [1/1] 0.00ns
:156  %inp_addr_18 = getelementptr [3456 x float]* %inp, i64 0, i64 %tmp_51

ST_11: inp_load_25 [2/2] 2.71ns
:157  %inp_load_25 = load float* %inp_addr_18, align 4

ST_11: p_addr40 [1/1] 1.96ns
:159  %p_addr40 = add i32 %p_addr18, 9

ST_11: tmp_52 [1/1] 0.00ns
:160  %tmp_52 = zext i32 %p_addr40 to i64

ST_11: inp_addr_19 [1/1] 0.00ns
:161  %inp_addr_19 = getelementptr [3456 x float]* %inp, i64 0, i64 %tmp_52

ST_11: inp_load_26 [2/2] 2.71ns
:162  %inp_load_26 = load float* %inp_addr_19, align 4


 <State 12>: 8.26ns
ST_12: tmp_34 [1/3] 8.22ns
:44  %tmp_34 = call fastcc double @obj_detector_fmax(double %tmp_32, double %tmp_33)

ST_12: tmp_51_1 [3/3] 7.60ns
:78  %tmp_51_1 = call fastcc double @obj_detector_fmax(double %tmp_49_1, double %tmp_50_1)

ST_12: max2_2 [1/1] 6.50ns
:105  %max2_2 = fptrunc double %tmp_48_2 to float

ST_12: tmp_49_2 [1/1] 5.55ns
:106  %tmp_49_2 = fpext float %max1_2 to double

ST_12: tmp_45_3 [1/3] 8.22ns
:122  %tmp_45_3 = call fastcc double @obj_detector_fmax(double %tmp_41_3, double %tmp_44_3)

ST_12: tmp_48_3 [2/3] 8.22ns
:134  %tmp_48_3 = call fastcc double @obj_detector_fmax(double %tmp_46_3, double %tmp_47_3)

ST_12: tmp_45_4 [3/3] 7.60ns
:152  %tmp_45_4 = call fastcc double @obj_detector_fmax(double %tmp_41_4, double %tmp_44_4)

ST_12: inp_load_25 [1/2] 2.71ns
:157  %inp_load_25 = load float* %inp_addr_18, align 4

ST_12: tmp_46_4 [1/1] 5.55ns
:158  %tmp_46_4 = fpext float %inp_load_25 to double

ST_12: inp_load_26 [1/2] 2.71ns
:162  %inp_load_26 = load float* %inp_addr_19, align 4

ST_12: tmp_47_4 [1/1] 5.55ns
:163  %tmp_47_4 = fpext float %inp_load_26 to double

ST_12: p_addr41 [1/1] 0.00ns
:172  %p_addr41 = or i32 %p_addr15, 10

ST_12: tmp_53 [1/1] 0.00ns
:173  %tmp_53 = zext i32 %p_addr41 to i64

ST_12: inp_addr_20 [1/1] 0.00ns
:174  %inp_addr_20 = getelementptr [3456 x float]* %inp, i64 0, i64 %tmp_53

ST_12: inp_load_5 [2/2] 2.71ns
:175  %inp_load_5 = load float* %inp_addr_20, align 4

ST_12: p_addr42 [1/1] 0.00ns
:177  %p_addr42 = or i32 %p_addr15, 11

ST_12: tmp_54 [1/1] 0.00ns
:178  %tmp_54 = zext i32 %p_addr42 to i64

ST_12: inp_addr_21 [1/1] 0.00ns
:179  %inp_addr_21 = getelementptr [3456 x float]* %inp, i64 0, i64 %tmp_54

ST_12: inp_load_27 [2/2] 2.71ns
:180  %inp_load_27 = load float* %inp_addr_21, align 4


 <State 13>: 8.26ns
ST_13: tmp_35 [1/1] 6.50ns
:45  %tmp_35 = fptrunc double %tmp_34 to float

ST_13: tmp_51_1 [2/3] 8.22ns
:78  %tmp_51_1 = call fastcc double @obj_detector_fmax(double %tmp_49_1, double %tmp_50_1)

ST_13: tmp_50_2 [1/1] 5.55ns
:107  %tmp_50_2 = fpext float %max2_2 to double

ST_13: max1_3 [1/1] 6.50ns
:123  %max1_3 = fptrunc double %tmp_45_3 to float

ST_13: tmp_48_3 [1/3] 8.22ns
:134  %tmp_48_3 = call fastcc double @obj_detector_fmax(double %tmp_46_3, double %tmp_47_3)

ST_13: tmp_45_4 [2/3] 8.22ns
:152  %tmp_45_4 = call fastcc double @obj_detector_fmax(double %tmp_41_4, double %tmp_44_4)

ST_13: tmp_48_4 [3/3] 7.60ns
:164  %tmp_48_4 = call fastcc double @obj_detector_fmax(double %tmp_46_4, double %tmp_47_4)

ST_13: inp_load_5 [1/2] 2.71ns
:175  %inp_load_5 = load float* %inp_addr_20, align 4

ST_13: tmp_41_5 [1/1] 5.55ns
:176  %tmp_41_5 = fpext float %inp_load_5 to double

ST_13: inp_load_27 [1/2] 2.71ns
:180  %inp_load_27 = load float* %inp_addr_21, align 4

ST_13: tmp_44_5 [1/1] 5.55ns
:181  %tmp_44_5 = fpext float %inp_load_27 to double

ST_13: p_addr43 [1/1] 1.96ns
:184  %p_addr43 = add i32 %p_addr18, 10

ST_13: tmp_55 [1/1] 0.00ns
:185  %tmp_55 = zext i32 %p_addr43 to i64

ST_13: inp_addr_22 [1/1] 0.00ns
:186  %inp_addr_22 = getelementptr [3456 x float]* %inp, i64 0, i64 %tmp_55

ST_13: inp_load_28 [2/2] 2.71ns
:187  %inp_load_28 = load float* %inp_addr_22, align 4

ST_13: p_addr45 [1/1] 1.96ns
:189  %p_addr45 = add i32 %p_addr18, 11

ST_13: tmp_56 [1/1] 0.00ns
:190  %tmp_56 = zext i32 %p_addr45 to i64

ST_13: inp_addr_23 [1/1] 0.00ns
:191  %inp_addr_23 = getelementptr [3456 x float]* %inp, i64 0, i64 %tmp_56

ST_13: inp_load_29 [2/2] 2.71ns
:192  %inp_load_29 = load float* %inp_addr_23, align 4


 <State 14>: 8.26ns
ST_14: tmp_51_1 [1/3] 8.22ns
:78  %tmp_51_1 = call fastcc double @obj_detector_fmax(double %tmp_49_1, double %tmp_50_1)

ST_14: tmp_51_2 [3/3] 7.60ns
:108  %tmp_51_2 = call fastcc double @obj_detector_fmax(double %tmp_49_2, double %tmp_50_2)

ST_14: max2_3 [1/1] 6.50ns
:135  %max2_3 = fptrunc double %tmp_48_3 to float

ST_14: tmp_49_3 [1/1] 5.55ns
:136  %tmp_49_3 = fpext float %max1_3 to double

ST_14: tmp_45_4 [1/3] 8.22ns
:152  %tmp_45_4 = call fastcc double @obj_detector_fmax(double %tmp_41_4, double %tmp_44_4)

ST_14: tmp_48_4 [2/3] 8.22ns
:164  %tmp_48_4 = call fastcc double @obj_detector_fmax(double %tmp_46_4, double %tmp_47_4)

ST_14: tmp_45_5 [3/3] 7.60ns
:182  %tmp_45_5 = call fastcc double @obj_detector_fmax(double %tmp_41_5, double %tmp_44_5)

ST_14: inp_load_28 [1/2] 2.71ns
:187  %inp_load_28 = load float* %inp_addr_22, align 4

ST_14: tmp_46_5 [1/1] 5.55ns
:188  %tmp_46_5 = fpext float %inp_load_28 to double

ST_14: inp_load_29 [1/2] 2.71ns
:192  %inp_load_29 = load float* %inp_addr_23, align 4

ST_14: tmp_47_5 [1/1] 5.55ns
:193  %tmp_47_5 = fpext float %inp_load_29 to double

ST_14: p_addr46 [1/1] 0.00ns
:202  %p_addr46 = or i32 %p_addr15, 12

ST_14: tmp_57 [1/1] 0.00ns
:203  %tmp_57 = zext i32 %p_addr46 to i64

ST_14: inp_addr_24 [1/1] 0.00ns
:204  %inp_addr_24 = getelementptr [3456 x float]* %inp, i64 0, i64 %tmp_57

ST_14: inp_load_6 [2/2] 2.71ns
:205  %inp_load_6 = load float* %inp_addr_24, align 4

ST_14: p_addr47 [1/1] 0.00ns
:207  %p_addr47 = or i32 %p_addr15, 13

ST_14: tmp_58 [1/1] 0.00ns
:208  %tmp_58 = zext i32 %p_addr47 to i64

ST_14: inp_addr_25 [1/1] 0.00ns
:209  %inp_addr_25 = getelementptr [3456 x float]* %inp, i64 0, i64 %tmp_58

ST_14: inp_load_30 [2/2] 2.71ns
:210  %inp_load_30 = load float* %inp_addr_25, align 4


 <State 15>: 8.26ns
ST_15: tmp_52_1 [1/1] 6.50ns
:79  %tmp_52_1 = fptrunc double %tmp_51_1 to float

ST_15: tmp_51_2 [2/3] 8.22ns
:108  %tmp_51_2 = call fastcc double @obj_detector_fmax(double %tmp_49_2, double %tmp_50_2)

ST_15: tmp_50_3 [1/1] 5.55ns
:137  %tmp_50_3 = fpext float %max2_3 to double

ST_15: max1_4 [1/1] 6.50ns
:153  %max1_4 = fptrunc double %tmp_45_4 to float

ST_15: tmp_48_4 [1/3] 8.22ns
:164  %tmp_48_4 = call fastcc double @obj_detector_fmax(double %tmp_46_4, double %tmp_47_4)

ST_15: tmp_45_5 [2/3] 8.22ns
:182  %tmp_45_5 = call fastcc double @obj_detector_fmax(double %tmp_41_5, double %tmp_44_5)

ST_15: tmp_48_5 [3/3] 7.60ns
:194  %tmp_48_5 = call fastcc double @obj_detector_fmax(double %tmp_46_5, double %tmp_47_5)

ST_15: inp_load_6 [1/2] 2.71ns
:205  %inp_load_6 = load float* %inp_addr_24, align 4

ST_15: tmp_41_6 [1/1] 5.55ns
:206  %tmp_41_6 = fpext float %inp_load_6 to double

ST_15: inp_load_30 [1/2] 2.71ns
:210  %inp_load_30 = load float* %inp_addr_25, align 4

ST_15: tmp_44_6 [1/1] 5.55ns
:211  %tmp_44_6 = fpext float %inp_load_30 to double

ST_15: p_addr48 [1/1] 1.96ns
:214  %p_addr48 = add i32 %p_addr18, 12

ST_15: tmp_59 [1/1] 0.00ns
:215  %tmp_59 = zext i32 %p_addr48 to i64

ST_15: inp_addr_26 [1/1] 0.00ns
:216  %inp_addr_26 = getelementptr [3456 x float]* %inp, i64 0, i64 %tmp_59

ST_15: inp_load_31 [2/2] 2.71ns
:217  %inp_load_31 = load float* %inp_addr_26, align 4

ST_15: p_addr49 [1/1] 1.96ns
:219  %p_addr49 = add i32 %p_addr18, 13

ST_15: tmp_60 [1/1] 0.00ns
:220  %tmp_60 = zext i32 %p_addr49 to i64

ST_15: inp_addr_27 [1/1] 0.00ns
:221  %inp_addr_27 = getelementptr [3456 x float]* %inp, i64 0, i64 %tmp_60

ST_15: inp_load_32 [2/2] 2.71ns
:222  %inp_load_32 = load float* %inp_addr_27, align 4


 <State 16>: 8.26ns
ST_16: p_addr21_cast [1/1] 0.00ns
:48  %p_addr21_cast = sext i9 %p_addr21 to i32

ST_16: tmp_36 [1/1] 0.00ns
:49  %tmp_36 = zext i32 %p_addr21_cast to i64

ST_16: out_0_addr [1/1] 0.00ns
:50  %out_0_addr = getelementptr [72 x float]* %out_0, i64 0, i64 %tmp_36

ST_16: stg_300 [1/1] 2.71ns
:51  store float %tmp_35, float* %out_0_addr, align 4

ST_16: out_1_addr [1/1] 0.00ns
:80  %out_1_addr = getelementptr [72 x float]* %out_1, i64 0, i64 %tmp_36

ST_16: stg_302 [1/1] 2.71ns
:81  store float %tmp_52_1, float* %out_1_addr, align 4

ST_16: tmp_51_2 [1/3] 8.22ns
:108  %tmp_51_2 = call fastcc double @obj_detector_fmax(double %tmp_49_2, double %tmp_50_2)

ST_16: tmp_51_3 [3/3] 7.60ns
:138  %tmp_51_3 = call fastcc double @obj_detector_fmax(double %tmp_49_3, double %tmp_50_3)

ST_16: max2_4 [1/1] 6.50ns
:165  %max2_4 = fptrunc double %tmp_48_4 to float

ST_16: tmp_49_4 [1/1] 5.55ns
:166  %tmp_49_4 = fpext float %max1_4 to double

ST_16: tmp_45_5 [1/3] 8.22ns
:182  %tmp_45_5 = call fastcc double @obj_detector_fmax(double %tmp_41_5, double %tmp_44_5)

ST_16: tmp_48_5 [2/3] 8.22ns
:194  %tmp_48_5 = call fastcc double @obj_detector_fmax(double %tmp_46_5, double %tmp_47_5)

ST_16: tmp_45_6 [3/3] 7.60ns
:212  %tmp_45_6 = call fastcc double @obj_detector_fmax(double %tmp_41_6, double %tmp_44_6)

ST_16: inp_load_31 [1/2] 2.71ns
:217  %inp_load_31 = load float* %inp_addr_26, align 4

ST_16: tmp_46_6 [1/1] 5.55ns
:218  %tmp_46_6 = fpext float %inp_load_31 to double

ST_16: inp_load_32 [1/2] 2.71ns
:222  %inp_load_32 = load float* %inp_addr_27, align 4

ST_16: tmp_47_6 [1/1] 5.55ns
:223  %tmp_47_6 = fpext float %inp_load_32 to double

ST_16: p_addr51 [1/1] 0.00ns
:232  %p_addr51 = or i32 %p_addr15, 14

ST_16: tmp_61 [1/1] 0.00ns
:233  %tmp_61 = zext i32 %p_addr51 to i64

ST_16: inp_addr_28 [1/1] 0.00ns
:234  %inp_addr_28 = getelementptr [3456 x float]* %inp, i64 0, i64 %tmp_61

ST_16: inp_load_7 [2/2] 2.71ns
:235  %inp_load_7 = load float* %inp_addr_28, align 4

ST_16: p_addr52 [1/1] 0.00ns
:237  %p_addr52 = or i32 %p_addr15, 15

ST_16: tmp_62 [1/1] 0.00ns
:238  %tmp_62 = zext i32 %p_addr52 to i64

ST_16: inp_addr_29 [1/1] 0.00ns
:239  %inp_addr_29 = getelementptr [3456 x float]* %inp, i64 0, i64 %tmp_62

ST_16: inp_load_33 [2/2] 2.71ns
:240  %inp_load_33 = load float* %inp_addr_29, align 4


 <State 17>: 8.26ns
ST_17: tmp_52_2 [1/1] 6.50ns
:109  %tmp_52_2 = fptrunc double %tmp_51_2 to float

ST_17: tmp_51_3 [2/3] 8.22ns
:138  %tmp_51_3 = call fastcc double @obj_detector_fmax(double %tmp_49_3, double %tmp_50_3)

ST_17: tmp_50_4 [1/1] 5.55ns
:167  %tmp_50_4 = fpext float %max2_4 to double

ST_17: max1_5 [1/1] 6.50ns
:183  %max1_5 = fptrunc double %tmp_45_5 to float

ST_17: tmp_48_5 [1/3] 8.22ns
:194  %tmp_48_5 = call fastcc double @obj_detector_fmax(double %tmp_46_5, double %tmp_47_5)

ST_17: tmp_45_6 [2/3] 8.22ns
:212  %tmp_45_6 = call fastcc double @obj_detector_fmax(double %tmp_41_6, double %tmp_44_6)

ST_17: tmp_48_6 [3/3] 7.60ns
:224  %tmp_48_6 = call fastcc double @obj_detector_fmax(double %tmp_46_6, double %tmp_47_6)

ST_17: inp_load_7 [1/2] 2.71ns
:235  %inp_load_7 = load float* %inp_addr_28, align 4

ST_17: tmp_41_7 [1/1] 5.55ns
:236  %tmp_41_7 = fpext float %inp_load_7 to double

ST_17: inp_load_33 [1/2] 2.71ns
:240  %inp_load_33 = load float* %inp_addr_29, align 4

ST_17: tmp_44_7 [1/1] 5.55ns
:241  %tmp_44_7 = fpext float %inp_load_33 to double

ST_17: p_addr53 [1/1] 1.96ns
:244  %p_addr53 = add i32 %p_addr18, 14

ST_17: tmp_63 [1/1] 0.00ns
:245  %tmp_63 = zext i32 %p_addr53 to i64

ST_17: inp_addr_30 [1/1] 0.00ns
:246  %inp_addr_30 = getelementptr [3456 x float]* %inp, i64 0, i64 %tmp_63

ST_17: inp_load_34 [2/2] 2.71ns
:247  %inp_load_34 = load float* %inp_addr_30, align 4

ST_17: p_addr54 [1/1] 1.96ns
:249  %p_addr54 = add i32 %p_addr18, 15

ST_17: tmp_64 [1/1] 0.00ns
:250  %tmp_64 = zext i32 %p_addr54 to i64

ST_17: inp_addr_31 [1/1] 0.00ns
:251  %inp_addr_31 = getelementptr [3456 x float]* %inp, i64 0, i64 %tmp_64

ST_17: inp_load_35 [2/2] 2.71ns
:252  %inp_load_35 = load float* %inp_addr_31, align 4


 <State 18>: 8.26ns
ST_18: out_2_addr [1/1] 0.00ns
:110  %out_2_addr = getelementptr [72 x float]* %out_2, i64 0, i64 %tmp_36

ST_18: stg_342 [1/1] 2.71ns
:111  store float %tmp_52_2, float* %out_2_addr, align 4

ST_18: tmp_51_3 [1/3] 8.22ns
:138  %tmp_51_3 = call fastcc double @obj_detector_fmax(double %tmp_49_3, double %tmp_50_3)

ST_18: tmp_51_4 [3/3] 7.60ns
:168  %tmp_51_4 = call fastcc double @obj_detector_fmax(double %tmp_49_4, double %tmp_50_4)

ST_18: max2_5 [1/1] 6.50ns
:195  %max2_5 = fptrunc double %tmp_48_5 to float

ST_18: tmp_49_5 [1/1] 5.55ns
:196  %tmp_49_5 = fpext float %max1_5 to double

ST_18: tmp_45_6 [1/3] 8.22ns
:212  %tmp_45_6 = call fastcc double @obj_detector_fmax(double %tmp_41_6, double %tmp_44_6)

ST_18: tmp_48_6 [2/3] 8.22ns
:224  %tmp_48_6 = call fastcc double @obj_detector_fmax(double %tmp_46_6, double %tmp_47_6)

ST_18: tmp_45_7 [3/3] 7.60ns
:242  %tmp_45_7 = call fastcc double @obj_detector_fmax(double %tmp_41_7, double %tmp_44_7)

ST_18: inp_load_34 [1/2] 2.71ns
:247  %inp_load_34 = load float* %inp_addr_30, align 4

ST_18: tmp_46_7 [1/1] 5.55ns
:248  %tmp_46_7 = fpext float %inp_load_34 to double

ST_18: inp_load_35 [1/2] 2.71ns
:252  %inp_load_35 = load float* %inp_addr_31, align 4

ST_18: tmp_47_7 [1/1] 5.55ns
:253  %tmp_47_7 = fpext float %inp_load_35 to double

ST_18: p_addr55 [1/1] 1.96ns
:262  %p_addr55 = add i32 %p_addr15, 16

ST_18: tmp_65 [1/1] 0.00ns
:263  %tmp_65 = zext i32 %p_addr55 to i64

ST_18: inp_addr_32 [1/1] 0.00ns
:264  %inp_addr_32 = getelementptr [3456 x float]* %inp, i64 0, i64 %tmp_65

ST_18: inp_load_8 [2/2] 2.71ns
:265  %inp_load_8 = load float* %inp_addr_32, align 4

ST_18: p_addr57 [1/1] 1.96ns
:267  %p_addr57 = add i32 %p_addr15, 17

ST_18: tmp_66 [1/1] 0.00ns
:268  %tmp_66 = zext i32 %p_addr57 to i64

ST_18: inp_addr_33 [1/1] 0.00ns
:269  %inp_addr_33 = getelementptr [3456 x float]* %inp, i64 0, i64 %tmp_66

ST_18: inp_load_36 [2/2] 2.71ns
:270  %inp_load_36 = load float* %inp_addr_33, align 4


 <State 19>: 8.26ns
ST_19: tmp_52_3 [1/1] 6.50ns
:139  %tmp_52_3 = fptrunc double %tmp_51_3 to float

ST_19: tmp_51_4 [2/3] 8.22ns
:168  %tmp_51_4 = call fastcc double @obj_detector_fmax(double %tmp_49_4, double %tmp_50_4)

ST_19: tmp_50_5 [1/1] 5.55ns
:197  %tmp_50_5 = fpext float %max2_5 to double

ST_19: max1_6 [1/1] 6.50ns
:213  %max1_6 = fptrunc double %tmp_45_6 to float

ST_19: tmp_48_6 [1/3] 8.22ns
:224  %tmp_48_6 = call fastcc double @obj_detector_fmax(double %tmp_46_6, double %tmp_47_6)

ST_19: tmp_45_7 [2/3] 8.22ns
:242  %tmp_45_7 = call fastcc double @obj_detector_fmax(double %tmp_41_7, double %tmp_44_7)

ST_19: tmp_48_7 [3/3] 7.60ns
:254  %tmp_48_7 = call fastcc double @obj_detector_fmax(double %tmp_46_7, double %tmp_47_7)

ST_19: inp_load_8 [1/2] 2.71ns
:265  %inp_load_8 = load float* %inp_addr_32, align 4

ST_19: tmp_41_8 [1/1] 5.55ns
:266  %tmp_41_8 = fpext float %inp_load_8 to double

ST_19: inp_load_36 [1/2] 2.71ns
:270  %inp_load_36 = load float* %inp_addr_33, align 4

ST_19: tmp_44_8 [1/1] 5.55ns
:271  %tmp_44_8 = fpext float %inp_load_36 to double

ST_19: p_addr58 [1/1] 1.96ns
:274  %p_addr58 = add i32 %p_addr18, 16

ST_19: tmp_67 [1/1] 0.00ns
:275  %tmp_67 = zext i32 %p_addr58 to i64

ST_19: inp_addr_34 [1/1] 0.00ns
:276  %inp_addr_34 = getelementptr [3456 x float]* %inp, i64 0, i64 %tmp_67

ST_19: inp_load_37 [2/2] 2.71ns
:277  %inp_load_37 = load float* %inp_addr_34, align 4

ST_19: p_addr59 [1/1] 1.96ns
:279  %p_addr59 = add i32 %p_addr18, 17

ST_19: tmp_68 [1/1] 0.00ns
:280  %tmp_68 = zext i32 %p_addr59 to i64

ST_19: inp_addr_35 [1/1] 0.00ns
:281  %inp_addr_35 = getelementptr [3456 x float]* %inp, i64 0, i64 %tmp_68

ST_19: inp_load_38 [2/2] 2.71ns
:282  %inp_load_38 = load float* %inp_addr_35, align 4


 <State 20>: 8.26ns
ST_20: out_3_addr [1/1] 0.00ns
:140  %out_3_addr = getelementptr [72 x float]* %out_3, i64 0, i64 %tmp_36

ST_20: stg_382 [1/1] 2.71ns
:141  store float %tmp_52_3, float* %out_3_addr, align 4

ST_20: tmp_51_4 [1/3] 8.22ns
:168  %tmp_51_4 = call fastcc double @obj_detector_fmax(double %tmp_49_4, double %tmp_50_4)

ST_20: tmp_51_5 [3/3] 7.60ns
:198  %tmp_51_5 = call fastcc double @obj_detector_fmax(double %tmp_49_5, double %tmp_50_5)

ST_20: max2_6 [1/1] 6.50ns
:225  %max2_6 = fptrunc double %tmp_48_6 to float

ST_20: tmp_49_6 [1/1] 5.55ns
:226  %tmp_49_6 = fpext float %max1_6 to double

ST_20: tmp_45_7 [1/3] 8.22ns
:242  %tmp_45_7 = call fastcc double @obj_detector_fmax(double %tmp_41_7, double %tmp_44_7)

ST_20: tmp_48_7 [2/3] 8.22ns
:254  %tmp_48_7 = call fastcc double @obj_detector_fmax(double %tmp_46_7, double %tmp_47_7)

ST_20: tmp_45_8 [3/3] 7.60ns
:272  %tmp_45_8 = call fastcc double @obj_detector_fmax(double %tmp_41_8, double %tmp_44_8)

ST_20: inp_load_37 [1/2] 2.71ns
:277  %inp_load_37 = load float* %inp_addr_34, align 4

ST_20: tmp_46_8 [1/1] 5.55ns
:278  %tmp_46_8 = fpext float %inp_load_37 to double

ST_20: inp_load_38 [1/2] 2.71ns
:282  %inp_load_38 = load float* %inp_addr_35, align 4

ST_20: tmp_47_8 [1/1] 5.55ns
:283  %tmp_47_8 = fpext float %inp_load_38 to double

ST_20: p_addr60 [1/1] 1.96ns
:292  %p_addr60 = add i32 %p_addr15, 18

ST_20: tmp_69 [1/1] 0.00ns
:293  %tmp_69 = zext i32 %p_addr60 to i64

ST_20: inp_addr_36 [1/1] 0.00ns
:294  %inp_addr_36 = getelementptr [3456 x float]* %inp, i64 0, i64 %tmp_69

ST_20: inp_load_9 [2/2] 2.71ns
:295  %inp_load_9 = load float* %inp_addr_36, align 4

ST_20: p_addr61 [1/1] 1.96ns
:297  %p_addr61 = add i32 %p_addr15, 19

ST_20: tmp_70 [1/1] 0.00ns
:298  %tmp_70 = zext i32 %p_addr61 to i64

ST_20: inp_addr_37 [1/1] 0.00ns
:299  %inp_addr_37 = getelementptr [3456 x float]* %inp, i64 0, i64 %tmp_70

ST_20: inp_load_39 [2/2] 2.71ns
:300  %inp_load_39 = load float* %inp_addr_37, align 4


 <State 21>: 8.26ns
ST_21: tmp_52_4 [1/1] 6.50ns
:169  %tmp_52_4 = fptrunc double %tmp_51_4 to float

ST_21: tmp_51_5 [2/3] 8.22ns
:198  %tmp_51_5 = call fastcc double @obj_detector_fmax(double %tmp_49_5, double %tmp_50_5)

ST_21: tmp_50_6 [1/1] 5.55ns
:227  %tmp_50_6 = fpext float %max2_6 to double

ST_21: max1_7 [1/1] 6.50ns
:243  %max1_7 = fptrunc double %tmp_45_7 to float

ST_21: tmp_48_7 [1/3] 8.22ns
:254  %tmp_48_7 = call fastcc double @obj_detector_fmax(double %tmp_46_7, double %tmp_47_7)

ST_21: tmp_45_8 [2/3] 8.22ns
:272  %tmp_45_8 = call fastcc double @obj_detector_fmax(double %tmp_41_8, double %tmp_44_8)

ST_21: tmp_48_8 [3/3] 7.60ns
:284  %tmp_48_8 = call fastcc double @obj_detector_fmax(double %tmp_46_8, double %tmp_47_8)

ST_21: inp_load_9 [1/2] 2.71ns
:295  %inp_load_9 = load float* %inp_addr_36, align 4

ST_21: tmp_41_9 [1/1] 5.55ns
:296  %tmp_41_9 = fpext float %inp_load_9 to double

ST_21: inp_load_39 [1/2] 2.71ns
:300  %inp_load_39 = load float* %inp_addr_37, align 4

ST_21: tmp_44_9 [1/1] 5.55ns
:301  %tmp_44_9 = fpext float %inp_load_39 to double

ST_21: p_addr56 [1/1] 1.96ns
:304  %p_addr56 = add i32 %p_addr18, 18

ST_21: tmp_71 [1/1] 0.00ns
:305  %tmp_71 = zext i32 %p_addr56 to i64

ST_21: inp_addr_38 [1/1] 0.00ns
:306  %inp_addr_38 = getelementptr [3456 x float]* %inp, i64 0, i64 %tmp_71

ST_21: inp_load_40 [2/2] 2.71ns
:307  %inp_load_40 = load float* %inp_addr_38, align 4

ST_21: p_addr50 [1/1] 1.96ns
:309  %p_addr50 = add i32 %p_addr18, 19

ST_21: tmp_72 [1/1] 0.00ns
:310  %tmp_72 = zext i32 %p_addr50 to i64

ST_21: inp_addr_39 [1/1] 0.00ns
:311  %inp_addr_39 = getelementptr [3456 x float]* %inp, i64 0, i64 %tmp_72

ST_21: inp_load_41 [2/2] 2.71ns
:312  %inp_load_41 = load float* %inp_addr_39, align 4


 <State 22>: 8.26ns
ST_22: out_4_addr [1/1] 0.00ns
:170  %out_4_addr = getelementptr [72 x float]* %out_4, i64 0, i64 %tmp_36

ST_22: stg_422 [1/1] 2.71ns
:171  store float %tmp_52_4, float* %out_4_addr, align 4

ST_22: tmp_51_5 [1/3] 8.22ns
:198  %tmp_51_5 = call fastcc double @obj_detector_fmax(double %tmp_49_5, double %tmp_50_5)

ST_22: tmp_51_6 [3/3] 7.60ns
:228  %tmp_51_6 = call fastcc double @obj_detector_fmax(double %tmp_49_6, double %tmp_50_6)

ST_22: max2_7 [1/1] 6.50ns
:255  %max2_7 = fptrunc double %tmp_48_7 to float

ST_22: tmp_49_7 [1/1] 5.55ns
:256  %tmp_49_7 = fpext float %max1_7 to double

ST_22: tmp_45_8 [1/3] 8.22ns
:272  %tmp_45_8 = call fastcc double @obj_detector_fmax(double %tmp_41_8, double %tmp_44_8)

ST_22: tmp_48_8 [2/3] 8.22ns
:284  %tmp_48_8 = call fastcc double @obj_detector_fmax(double %tmp_46_8, double %tmp_47_8)

ST_22: tmp_45_9 [3/3] 7.60ns
:302  %tmp_45_9 = call fastcc double @obj_detector_fmax(double %tmp_41_9, double %tmp_44_9)

ST_22: inp_load_40 [1/2] 2.71ns
:307  %inp_load_40 = load float* %inp_addr_38, align 4

ST_22: tmp_46_9 [1/1] 5.55ns
:308  %tmp_46_9 = fpext float %inp_load_40 to double

ST_22: inp_load_41 [1/2] 2.71ns
:312  %inp_load_41 = load float* %inp_addr_39, align 4

ST_22: tmp_47_9 [1/1] 5.55ns
:313  %tmp_47_9 = fpext float %inp_load_41 to double

ST_22: p_addr44 [1/1] 1.96ns
:322  %p_addr44 = add i32 %p_addr15, 20

ST_22: tmp_73 [1/1] 0.00ns
:323  %tmp_73 = zext i32 %p_addr44 to i64

ST_22: inp_addr_40 [1/1] 0.00ns
:324  %inp_addr_40 = getelementptr [3456 x float]* %inp, i64 0, i64 %tmp_73

ST_22: inp_load_10 [2/2] 2.71ns
:325  %inp_load_10 = load float* %inp_addr_40, align 4

ST_22: p_addr38 [1/1] 1.96ns
:327  %p_addr38 = add i32 %p_addr15, 21

ST_22: tmp_74 [1/1] 0.00ns
:328  %tmp_74 = zext i32 %p_addr38 to i64

ST_22: inp_addr_41 [1/1] 0.00ns
:329  %inp_addr_41 = getelementptr [3456 x float]* %inp, i64 0, i64 %tmp_74

ST_22: inp_load_42 [2/2] 2.71ns
:330  %inp_load_42 = load float* %inp_addr_41, align 4


 <State 23>: 8.26ns
ST_23: tmp_52_5 [1/1] 6.50ns
:199  %tmp_52_5 = fptrunc double %tmp_51_5 to float

ST_23: tmp_51_6 [2/3] 8.22ns
:228  %tmp_51_6 = call fastcc double @obj_detector_fmax(double %tmp_49_6, double %tmp_50_6)

ST_23: tmp_50_7 [1/1] 5.55ns
:257  %tmp_50_7 = fpext float %max2_7 to double

ST_23: max1_8 [1/1] 6.50ns
:273  %max1_8 = fptrunc double %tmp_45_8 to float

ST_23: tmp_48_8 [1/3] 8.22ns
:284  %tmp_48_8 = call fastcc double @obj_detector_fmax(double %tmp_46_8, double %tmp_47_8)

ST_23: tmp_45_9 [2/3] 8.22ns
:302  %tmp_45_9 = call fastcc double @obj_detector_fmax(double %tmp_41_9, double %tmp_44_9)

ST_23: tmp_48_9 [3/3] 7.60ns
:314  %tmp_48_9 = call fastcc double @obj_detector_fmax(double %tmp_46_9, double %tmp_47_9)

ST_23: inp_load_10 [1/2] 2.71ns
:325  %inp_load_10 = load float* %inp_addr_40, align 4

ST_23: tmp_41_s [1/1] 5.55ns
:326  %tmp_41_s = fpext float %inp_load_10 to double

ST_23: inp_load_42 [1/2] 2.71ns
:330  %inp_load_42 = load float* %inp_addr_41, align 4

ST_23: tmp_44_s [1/1] 5.55ns
:331  %tmp_44_s = fpext float %inp_load_42 to double

ST_23: p_addr32 [1/1] 1.96ns
:334  %p_addr32 = add i32 %p_addr18, 20

ST_23: tmp_75 [1/1] 0.00ns
:335  %tmp_75 = zext i32 %p_addr32 to i64

ST_23: inp_addr_42 [1/1] 0.00ns
:336  %inp_addr_42 = getelementptr [3456 x float]* %inp, i64 0, i64 %tmp_75

ST_23: inp_load_43 [2/2] 2.71ns
:337  %inp_load_43 = load float* %inp_addr_42, align 4

ST_23: p_addr26 [1/1] 1.96ns
:339  %p_addr26 = add i32 %p_addr18, 21

ST_23: tmp_76 [1/1] 0.00ns
:340  %tmp_76 = zext i32 %p_addr26 to i64

ST_23: inp_addr_43 [1/1] 0.00ns
:341  %inp_addr_43 = getelementptr [3456 x float]* %inp, i64 0, i64 %tmp_76

ST_23: inp_load_44 [2/2] 2.71ns
:342  %inp_load_44 = load float* %inp_addr_43, align 4


 <State 24>: 8.26ns
ST_24: out_5_addr [1/1] 0.00ns
:200  %out_5_addr = getelementptr [72 x float]* %out_5, i64 0, i64 %tmp_36

ST_24: stg_462 [1/1] 2.71ns
:201  store float %tmp_52_5, float* %out_5_addr, align 4

ST_24: tmp_51_6 [1/3] 8.22ns
:228  %tmp_51_6 = call fastcc double @obj_detector_fmax(double %tmp_49_6, double %tmp_50_6)

ST_24: tmp_51_7 [3/3] 7.60ns
:258  %tmp_51_7 = call fastcc double @obj_detector_fmax(double %tmp_49_7, double %tmp_50_7)

ST_24: max2_8 [1/1] 6.50ns
:285  %max2_8 = fptrunc double %tmp_48_8 to float

ST_24: tmp_49_8 [1/1] 5.55ns
:286  %tmp_49_8 = fpext float %max1_8 to double

ST_24: tmp_45_9 [1/3] 8.22ns
:302  %tmp_45_9 = call fastcc double @obj_detector_fmax(double %tmp_41_9, double %tmp_44_9)

ST_24: tmp_48_9 [2/3] 8.22ns
:314  %tmp_48_9 = call fastcc double @obj_detector_fmax(double %tmp_46_9, double %tmp_47_9)

ST_24: tmp_45_s [3/3] 7.60ns
:332  %tmp_45_s = call fastcc double @obj_detector_fmax(double %tmp_41_s, double %tmp_44_s)

ST_24: inp_load_43 [1/2] 2.71ns
:337  %inp_load_43 = load float* %inp_addr_42, align 4

ST_24: tmp_46_s [1/1] 5.55ns
:338  %tmp_46_s = fpext float %inp_load_43 to double

ST_24: inp_load_44 [1/2] 2.71ns
:342  %inp_load_44 = load float* %inp_addr_43, align 4

ST_24: tmp_47_s [1/1] 5.55ns
:343  %tmp_47_s = fpext float %inp_load_44 to double

ST_24: p_addr20 [1/1] 1.96ns
:352  %p_addr20 = add i32 %p_addr15, 22

ST_24: tmp_77 [1/1] 0.00ns
:353  %tmp_77 = zext i32 %p_addr20 to i64

ST_24: inp_addr_44 [1/1] 0.00ns
:354  %inp_addr_44 = getelementptr [3456 x float]* %inp, i64 0, i64 %tmp_77

ST_24: inp_load_11 [2/2] 2.71ns
:355  %inp_load_11 = load float* %inp_addr_44, align 4

ST_24: p_addr14 [1/1] 1.96ns
:357  %p_addr14 = add i32 %p_addr15, 23

ST_24: tmp_78 [1/1] 0.00ns
:358  %tmp_78 = zext i32 %p_addr14 to i64

ST_24: inp_addr_45 [1/1] 0.00ns
:359  %inp_addr_45 = getelementptr [3456 x float]* %inp, i64 0, i64 %tmp_78

ST_24: inp_load_45 [2/2] 2.71ns
:360  %inp_load_45 = load float* %inp_addr_45, align 4


 <State 25>: 8.26ns
ST_25: tmp_52_6 [1/1] 6.50ns
:229  %tmp_52_6 = fptrunc double %tmp_51_6 to float

ST_25: tmp_51_7 [2/3] 8.22ns
:258  %tmp_51_7 = call fastcc double @obj_detector_fmax(double %tmp_49_7, double %tmp_50_7)

ST_25: tmp_50_8 [1/1] 5.55ns
:287  %tmp_50_8 = fpext float %max2_8 to double

ST_25: max1_9 [1/1] 6.50ns
:303  %max1_9 = fptrunc double %tmp_45_9 to float

ST_25: tmp_48_9 [1/3] 8.22ns
:314  %tmp_48_9 = call fastcc double @obj_detector_fmax(double %tmp_46_9, double %tmp_47_9)

ST_25: tmp_45_s [2/3] 8.22ns
:332  %tmp_45_s = call fastcc double @obj_detector_fmax(double %tmp_41_s, double %tmp_44_s)

ST_25: tmp_48_s [3/3] 7.60ns
:344  %tmp_48_s = call fastcc double @obj_detector_fmax(double %tmp_46_s, double %tmp_47_s)

ST_25: inp_load_11 [1/2] 2.71ns
:355  %inp_load_11 = load float* %inp_addr_44, align 4

ST_25: tmp_41_10 [1/1] 5.55ns
:356  %tmp_41_10 = fpext float %inp_load_11 to double

ST_25: inp_load_45 [1/2] 2.71ns
:360  %inp_load_45 = load float* %inp_addr_45, align 4

ST_25: tmp_44_10 [1/1] 5.55ns
:361  %tmp_44_10 = fpext float %inp_load_45 to double

ST_25: p_addr9 [1/1] 1.96ns
:364  %p_addr9 = add i32 %p_addr18, 22

ST_25: tmp_79 [1/1] 0.00ns
:365  %tmp_79 = zext i32 %p_addr9 to i64

ST_25: inp_addr_46 [1/1] 0.00ns
:366  %inp_addr_46 = getelementptr [3456 x float]* %inp, i64 0, i64 %tmp_79

ST_25: inp_load_46 [2/2] 2.71ns
:367  %inp_load_46 = load float* %inp_addr_46, align 4

ST_25: p_addr3 [1/1] 1.96ns
:369  %p_addr3 = add i32 %p_addr18, 23

ST_25: tmp_80 [1/1] 0.00ns
:370  %tmp_80 = zext i32 %p_addr3 to i64

ST_25: inp_addr_47 [1/1] 0.00ns
:371  %inp_addr_47 = getelementptr [3456 x float]* %inp, i64 0, i64 %tmp_80

ST_25: inp_load_47 [2/2] 2.71ns
:372  %inp_load_47 = load float* %inp_addr_47, align 4


 <State 26>: 8.26ns
ST_26: out_6_addr [1/1] 0.00ns
:230  %out_6_addr = getelementptr [72 x float]* %out_6, i64 0, i64 %tmp_36

ST_26: stg_502 [1/1] 2.71ns
:231  store float %tmp_52_6, float* %out_6_addr, align 4

ST_26: tmp_51_7 [1/3] 8.22ns
:258  %tmp_51_7 = call fastcc double @obj_detector_fmax(double %tmp_49_7, double %tmp_50_7)

ST_26: tmp_51_8 [3/3] 7.60ns
:288  %tmp_51_8 = call fastcc double @obj_detector_fmax(double %tmp_49_8, double %tmp_50_8)

ST_26: max2_9 [1/1] 6.50ns
:315  %max2_9 = fptrunc double %tmp_48_9 to float

ST_26: tmp_49_9 [1/1] 5.55ns
:316  %tmp_49_9 = fpext float %max1_9 to double

ST_26: tmp_45_s [1/3] 8.22ns
:332  %tmp_45_s = call fastcc double @obj_detector_fmax(double %tmp_41_s, double %tmp_44_s)

ST_26: tmp_48_s [2/3] 8.22ns
:344  %tmp_48_s = call fastcc double @obj_detector_fmax(double %tmp_46_s, double %tmp_47_s)

ST_26: tmp_45_10 [3/3] 7.60ns
:362  %tmp_45_10 = call fastcc double @obj_detector_fmax(double %tmp_41_10, double %tmp_44_10)

ST_26: inp_load_46 [1/2] 2.71ns
:367  %inp_load_46 = load float* %inp_addr_46, align 4

ST_26: tmp_46_10 [1/1] 5.55ns
:368  %tmp_46_10 = fpext float %inp_load_46 to double

ST_26: inp_load_47 [1/2] 2.71ns
:372  %inp_load_47 = load float* %inp_addr_47, align 4

ST_26: tmp_47_10 [1/1] 5.55ns
:373  %tmp_47_10 = fpext float %inp_load_47 to double


 <State 27>: 8.22ns
ST_27: tmp_52_7 [1/1] 6.50ns
:259  %tmp_52_7 = fptrunc double %tmp_51_7 to float

ST_27: tmp_51_8 [2/3] 8.22ns
:288  %tmp_51_8 = call fastcc double @obj_detector_fmax(double %tmp_49_8, double %tmp_50_8)

ST_27: tmp_50_9 [1/1] 5.55ns
:317  %tmp_50_9 = fpext float %max2_9 to double

ST_27: max1_s [1/1] 6.50ns
:333  %max1_s = fptrunc double %tmp_45_s to float

ST_27: tmp_48_s [1/3] 8.22ns
:344  %tmp_48_s = call fastcc double @obj_detector_fmax(double %tmp_46_s, double %tmp_47_s)

ST_27: tmp_45_10 [2/3] 8.22ns
:362  %tmp_45_10 = call fastcc double @obj_detector_fmax(double %tmp_41_10, double %tmp_44_10)

ST_27: tmp_48_10 [3/3] 7.60ns
:374  %tmp_48_10 = call fastcc double @obj_detector_fmax(double %tmp_46_10, double %tmp_47_10)


 <State 28>: 8.22ns
ST_28: out_7_addr [1/1] 0.00ns
:260  %out_7_addr = getelementptr [72 x float]* %out_7, i64 0, i64 %tmp_36

ST_28: stg_522 [1/1] 2.71ns
:261  store float %tmp_52_7, float* %out_7_addr, align 4

ST_28: tmp_51_8 [1/3] 8.22ns
:288  %tmp_51_8 = call fastcc double @obj_detector_fmax(double %tmp_49_8, double %tmp_50_8)

ST_28: tmp_51_9 [3/3] 7.60ns
:318  %tmp_51_9 = call fastcc double @obj_detector_fmax(double %tmp_49_9, double %tmp_50_9)

ST_28: max2_s [1/1] 6.50ns
:345  %max2_s = fptrunc double %tmp_48_s to float

ST_28: tmp_49_s [1/1] 5.55ns
:346  %tmp_49_s = fpext float %max1_s to double

ST_28: tmp_45_10 [1/3] 8.22ns
:362  %tmp_45_10 = call fastcc double @obj_detector_fmax(double %tmp_41_10, double %tmp_44_10)

ST_28: tmp_48_10 [2/3] 8.22ns
:374  %tmp_48_10 = call fastcc double @obj_detector_fmax(double %tmp_46_10, double %tmp_47_10)


 <State 29>: 8.22ns
ST_29: tmp_52_8 [1/1] 6.50ns
:289  %tmp_52_8 = fptrunc double %tmp_51_8 to float

ST_29: tmp_51_9 [2/3] 8.22ns
:318  %tmp_51_9 = call fastcc double @obj_detector_fmax(double %tmp_49_9, double %tmp_50_9)

ST_29: tmp_50_s [1/1] 5.55ns
:347  %tmp_50_s = fpext float %max2_s to double

ST_29: max1_10 [1/1] 6.50ns
:363  %max1_10 = fptrunc double %tmp_45_10 to float

ST_29: tmp_48_10 [1/3] 8.22ns
:374  %tmp_48_10 = call fastcc double @obj_detector_fmax(double %tmp_46_10, double %tmp_47_10)


 <State 30>: 8.22ns
ST_30: out_8_addr [1/1] 0.00ns
:290  %out_8_addr = getelementptr [72 x float]* %out_8, i64 0, i64 %tmp_36

ST_30: stg_535 [1/1] 2.71ns
:291  store float %tmp_52_8, float* %out_8_addr, align 4

ST_30: tmp_51_9 [1/3] 8.22ns
:318  %tmp_51_9 = call fastcc double @obj_detector_fmax(double %tmp_49_9, double %tmp_50_9)

ST_30: tmp_51_s [3/3] 7.60ns
:348  %tmp_51_s = call fastcc double @obj_detector_fmax(double %tmp_49_s, double %tmp_50_s)

ST_30: max2_10 [1/1] 6.50ns
:375  %max2_10 = fptrunc double %tmp_48_10 to float

ST_30: tmp_49_10 [1/1] 5.55ns
:376  %tmp_49_10 = fpext float %max1_10 to double


 <State 31>: 8.22ns
ST_31: tmp_52_9 [1/1] 6.50ns
:319  %tmp_52_9 = fptrunc double %tmp_51_9 to float

ST_31: tmp_51_s [2/3] 8.22ns
:348  %tmp_51_s = call fastcc double @obj_detector_fmax(double %tmp_49_s, double %tmp_50_s)

ST_31: tmp_50_10 [1/1] 5.55ns
:377  %tmp_50_10 = fpext float %max2_10 to double


 <State 32>: 8.22ns
ST_32: out_9_addr [1/1] 0.00ns
:320  %out_9_addr = getelementptr [72 x float]* %out_9, i64 0, i64 %tmp_36

ST_32: stg_544 [1/1] 2.71ns
:321  store float %tmp_52_9, float* %out_9_addr, align 4

ST_32: tmp_51_s [1/3] 8.22ns
:348  %tmp_51_s = call fastcc double @obj_detector_fmax(double %tmp_49_s, double %tmp_50_s)

ST_32: tmp_51_10 [3/3] 7.60ns
:378  %tmp_51_10 = call fastcc double @obj_detector_fmax(double %tmp_49_10, double %tmp_50_10)


 <State 33>: 8.22ns
ST_33: tmp_52_s [1/1] 6.50ns
:349  %tmp_52_s = fptrunc double %tmp_51_s to float

ST_33: tmp_51_10 [2/3] 8.22ns
:378  %tmp_51_10 = call fastcc double @obj_detector_fmax(double %tmp_49_10, double %tmp_50_10)


 <State 34>: 8.22ns
ST_34: out_10_addr [1/1] 0.00ns
:350  %out_10_addr = getelementptr [72 x float]* %out_10, i64 0, i64 %tmp_36

ST_34: stg_550 [1/1] 2.71ns
:351  store float %tmp_52_s, float* %out_10_addr, align 4

ST_34: tmp_51_10 [1/3] 8.22ns
:378  %tmp_51_10 = call fastcc double @obj_detector_fmax(double %tmp_49_10, double %tmp_50_10)


 <State 35>: 6.50ns
ST_35: tmp_52_10 [1/1] 6.50ns
:379  %tmp_52_10 = fptrunc double %tmp_51_10 to float


 <State 36>: 2.71ns
ST_36: empty [1/1] 0.00ns
:0  %empty = call i32 (...)* @_ssdm_op_SpecLoopTripCount(i64 12, i64 12, i64 12)

ST_36: stg_554 [1/1] 0.00ns
:1  call void (...)* @_ssdm_op_SpecLoopName([15 x i8]* @p_str16) nounwind

ST_36: tmp_s [1/1] 0.00ns
:2  %tmp_s = call i32 (...)* @_ssdm_op_SpecRegionBegin([15 x i8]* @p_str16) nounwind

ST_36: stg_556 [1/1] 0.00ns
:3  call void (...)* @_ssdm_op_SpecPipeline(i32 1, i32 1, i32 1, i32 0, [1 x i8]* @p_str2) nounwind

ST_36: out_11_addr [1/1] 0.00ns
:380  %out_11_addr = getelementptr [72 x float]* %out_11, i64 0, i64 %tmp_36

ST_36: stg_558 [1/1] 2.71ns
:381  store float %tmp_52_10, float* %out_11_addr, align 4

ST_36: empty_20 [1/1] 0.00ns
:382  %empty_20 = call i32 (...)* @_ssdm_op_SpecRegionEnd([15 x i8]* @p_str16, i32 %tmp_s) nounwind

ST_36: stg_560 [1/1] 0.00ns
:383  br label %1


 <State 37>: 0.00ns
ST_37: stg_561 [1/1] 0.00ns
:0  ret void



============================================================
+ Verbose Summary: Binding
============================================================
N/A
* FSMD analyzer results:
  - Output states:
  - Chain level:
	State 1
	State 2
	State 3
	State 4
	State 5
	State 6
	State 7
	State 8
	State 9
	State 10
	State 11
	State 12
	State 13
	State 14
	State 15
	State 16
	State 17
	State 18
	State 19
	State 20
	State 21
	State 22
	State 23
	State 24
	State 25
	State 26
	State 27
	State 28
	State 29
	State 30
	State 31
	State 32
	State 33
	State 34
	State 35
	State 36
	State 37


============================================================
+ Verbose Summary: Datapath Resource usage 
============================================================
N/A
