@I [LIC-101] Checked out feature [HLS]
@I [HLS-10] Running '/home/littlefoot/vivado/Vivado_HLS/2015.2/bin/unwrapped/lnx64.o/vivado_hls'
            for user 'littlefoot' on host 'littlefoot-X550LC' (Linux_x86_64 version 4.4.0-51-generic) on Sun Dec 04 19:41:00 EST 2016
            in directory '/home/littlefoot/18643_project/Hardware-Accel/HW'
@I [HLS-10] Opening project '/home/littlefoot/18643_project/Hardware-Accel/HW/proj1_hls'.
@I [HLS-10] Opening solution '/home/littlefoot/18643_project/Hardware-Accel/HW/proj1_hls/solution1'.
@I [SYN-201] Setting up clock 'default' with a period of 20ns.
@I [HLS-10] Setting target device to 'xc7z020clg484-1'
make: 'csim.exe' is up to date.
0.987179 0.0128212   |
1 7.60145e-23   |
0.959316 0.0406845   |
0.974898 0.0251023   |
7.00649e-45 1   |
0.981998 0.0180019   |
2.41414e-33 1   |
0.372494 0.627506   |
0.999999 7.21968e-07   |
0.998674 0.00132643   |
0.99851 0.00148954   |
0.00207405 0.997926   |
0 -nan   |
0.34441 0.65559   |
1 2.85861e-10   |
0.00334798 0.996652   |
0.999996 3.87058e-06   |
0.774445 0.225555   |
0.999552 0.000448187   |
1 1.7404e-15   |
0.735631 0.264369   |
0.890615 0.109385   |
0.709101 0.290899   |
0.670889 0.329111   |
0.772705 0.227295   |
0.973763 0.0262371   |
0.799965 0.200035   |
0.910459 0.089541   |
0.823983 0.176017   |
0.790327 0.209673   |
0.652261 0.347739   |
0.853288 0.146712   |
0.736243 0.263757   |
0.852591 0.147409   |
0.699074 0.300926   |
0.89692 0.10308   |
0.918819 0.0811809   |
0.904693 0.0953074   |
0.719544 0.280456   |
0.751175 0.248825   |
time = 3.0662e-06
0.751175	0.248825-94.0665	4.68739TEST FAIL: 2 Results do not match!
@E Simulation failed: Function 'main' returns nonzero value '2'.
@E [SIM-1] 'csim_design' failed: nonzero return value.
4
    while executing
"source /home/littlefoot/18643_project/Hardware-Accel/HW/proj1_hls/solution1/csim.tcl"
    invoked from within
"hls::main /home/littlefoot/18643_project/Hardware-Accel/HW/proj1_hls/solution1/csim.tcl"
    ("uplevel" body line 1)
    invoked from within
"uplevel 1 hls::main {*}$args"
    (procedure "hls_proc" line 5)
    invoked from within
"hls_proc $argv"
@I [LIC-101] Checked in feature [HLS]
