INFO: [Common 17-701] A license check has taken more than 10 seconds to complete. This may indicate that there is a performance issue with one or more license servers listed in XILINXD_LICENSE_FILE or LM_LICENSE_FILE, or that the license servers are just not responding at all. Try setting the FLEXLM_DIAGNOSTICS environment variable to 3 and running Vivado again to get more information.
#-----------------------------------------------------------
# Vivado v2015.2 (64-bit)
# SW Build 1266856 on Fri Jun 26 16:35:25 MDT 2015
# IP Build 1264090 on Wed Jun 24 14:22:01 MDT 2015
# Start of session at: Sat Dec 03 05:18:43 2016
# Process ID: 6008
# Log file: C:/Users/AraniBasu/Documents/GitHub/Reconfig-project/Hardware-Accel/HW/H05-lab3-1/project_3/vivado.log
# Journal file: C:/Users/AraniBasu/Documents/GitHub/Reconfig-project/Hardware-Accel/HW/H05-lab3-1/project_3\vivado.jou
#-----------------------------------------------------------
start_gui
open_project C:/Users/AraniBasu/Documents/GitHub/Reconfig-project/Hardware-Accel/HW/H05-lab3-1/project_3/project_3.xpr
INFO: [ProjectBase 1-489] The host OS only allows 260 characters in a normal path. The project is stored in a path with more than 80 characters. If you experience issues with IP, Block Designs, or files not being found, please consider moving the project to a location with a shorter path. Alternately consider using the OS subst command to map part of the path to a drive letter.
Current project path is 'C:/Users/AraniBasu/Documents/GitHub/Reconfig-project/Hardware-Accel/HW/H05-lab3-1/project_3'
Scanning sources...
Finished scanning sources
INFO: [IP_Flow 19-234] Refreshing IP repositories
INFO: [IP_Flow 19-1700] Loaded user IP repository 'c:/Users/AraniBasu/Documents/GitHub/Reconfig-project/Hardware-Accel/HW/project_softmax/solution1/impl/ip'.
INFO: [IP_Flow 19-2313] Loaded Vivado IP repository 'C:/Xilinx/Vivado/2015.2/data/ip'.
open_project: Time (s): cpu = 00:00:39 ; elapsed = 00:00:55 . Memory (MB): peak = 778.805 ; gain = 211.344
launch_sdk -workspace C:/Users/AraniBasu/Documents/GitHub/Reconfig-project/Hardware-Accel/HW/H05-lab3-1/project_3/project_3.sdk -hwspec C:/Users/AraniBasu/Documents/GitHub/Reconfig-project/Hardware-Accel/HW/H05-lab3-1/project_3/project_3.sdk/design_1_wrapper.hdf
INFO: [Vivado 12-393] Launching SDK...
INFO: [Vivado 12-417] Running xsdk -workspace C:/Users/AraniBasu/Documents/GitHub/Reconfig-project/Hardware-Accel/HW/H05-lab3-1/project_3/project_3.sdk -hwspec C:/Users/AraniBasu/Documents/GitHub/Reconfig-project/Hardware-Accel/HW/H05-lab3-1/project_3/project_3.sdk/design_1_wrapper.hdf
INFO: [Vivado 12-3157] SDK launch initiated. Please check console for any further messages.
launch_sdk -workspace C:/Users/AraniBasu/Documents/GitHub/Reconfig-project/Hardware-Accel/HW/H05-lab3-1/project_3/project_3.sdk -hwspec C:/Users/AraniBasu/Documents/GitHub/Reconfig-project/Hardware-Accel/HW/H05-lab3-1/project_3/project_3.sdk/design_1_wrapper.hdf
INFO: [Vivado 12-393] Launching SDK...
INFO: [Vivado 12-417] Running xsdk -workspace C:/Users/AraniBasu/Documents/GitHub/Reconfig-project/Hardware-Accel/HW/H05-lab3-1/project_3/project_3.sdk -hwspec C:/Users/AraniBasu/Documents/GitHub/Reconfig-project/Hardware-Accel/HW/H05-lab3-1/project_3/project_3.sdk/design_1_wrapper.hdf
INFO: [Vivado 12-3157] SDK launch initiated. Please check console for any further messages.
exit
INFO: [Common 17-206] Exiting Vivado at Sat Dec 03 09:27:27 2016...
