#-----------------------------------------------------------
# Vivado v2015.2 (64-bit)
# SW Build 1266856 on Fri Jun 26 16:35:25 MDT 2015
# IP Build 1264090 on Wed Jun 24 14:22:01 MDT 2015
# Start of session at: Sun Dec 04 02:16:10 2016
# Process ID: 5644
# Log file: C:/Users/AraniBasu/Documents/GitHub/Reconfig-project/Hardware-Accel/HW/H05-lab3-1/project_3/vivado.log
# Journal file: C:/Users/AraniBasu/Documents/GitHub/Reconfig-project/Hardware-Accel/HW/H05-lab3-1/project_3\vivado.jou
#-----------------------------------------------------------
start_gui
open_project C:/Users/AraniBasu/Documents/GitHub/Reconfig-project/Hardware-Accel/HW/H05-lab3-1/project_3/project_3.xpr
INFO: [ProjectBase 1-489] The host OS only allows 260 characters in a normal path. The project is stored in a path with more than 80 characters. If you experience issues with IP, Block Designs, or files not being found, please consider moving the project to a location with a shorter path. Alternately consider using the OS subst command to map part of the path to a drive letter.
Current project path is 'C:/Users/AraniBasu/Documents/GitHub/Reconfig-project/Hardware-Accel/HW/H05-lab3-1/project_3'
SScanning sources...FFinished scanning sourcesIINFO: [IP_Flow 19-234] Refreshing IP repositoriesINFO: [IP_Flow 19-1700] Loaded user IP repository 'c:/Users/AraniBasu/Documents/GitHub/Reconfig-project/Hardware-Accel/HW/project_softmax/solution1/impl/ip'.
IINFO: [Common 17-41] Interrupt caught. Command should exit soon.IINFO: [IP_Flow 19-2313] Loaded Vivado IP repository 'C:/Xilinx/Vivado/2015.2/data/ip'.I****** Webtalk v2015.2 (64-bit)
  **** SW Build 12exit
INFO: [Common 17-206] Exiting Vivado at Sun Dec 04 02:18:44 2016...
24 14:22:01 MDT 2015
    ** Copyright 1986-2015 Xilinx, Inc. All Rights Reserved.

source C:/Users/AraniBasu/Documents/GitHub/Reconfig-project/Hardware-Accel/HW/H05-lab3-1/project_3/project_3.hw/webtaopen_project: Time (s): cpu = 00:00:42 ; elapsed = 00:01:16 . Memory (MB): peak = 762.633 ; gain = 185.973
open_bd_design {C:/Users/AraniBasu/Documents/GitHub/Reconfig-project/Hardware-Accel/HW/H05-lab3-1/project_3/project_3.srcs/sources_1/bd/design_1/design_1.bd}
Adding component instance block -- xilinx.com:ip:processing_system7:5.5 - processing_system7_0
Adding component instance block -- xilinx.com:hls:softmax:1.0 - softmax_0
Adding component instance block -- xilinx.com:ip:axi_bram_ctrl:4.0 - axi_bram_ctrl_0
Adding component instance block -- xilinx.com:ip:proc_sys_reset:5.0 - rst_processing_system7_0_100M
Adding component instance block -- xilinx.com:ip:blk_mem_gen:8.2 - softmax_0_bram
Adding component instance block -- xilinx.com:ip:blk_mem_gen:8.2 - softmax_0_bram_0
Adding component instance block -- xilinx.com:ip:axi_cdma:4.1 - axi_cdma_0
Adding component instance block -- xilinx.com:ip:axi_cdma:4.1 - axi_cdma_1
Adding component instance block -- xilinx.com:ip:axi_bram_ctrl:4.0 - axi_bram_ctrl_1
Adding component instance block -- xilinx.com:ip:axi_crossbar:2.1 - xbar
Adding component instance block -- xilinx.com:ip:axi_protocol_converter:2.1 - auto_pc
Adding component instance block -- xilinx.com:ip:axi_dwidth_converter:2.1 - auto_ds
Adding component instance block -- xilinx.com:ip:axi_dwidth_converter:2.1 - auto_us
Adding component instance block -- xilinx.com:ip:axi_crossbar:2.1 - xbar
Adding component instance block -- xilinx.com:ip:axi_protocol_converter:2.1 - auto_pc
Adding component instance block -- xilinx.com:ip:axi_dwidth_converter:2.1 - auto_ds
Adding component instance block -- xilinx.com:ip:axi_dwidth_converter:2.1 - auto_us
Adding component instance block -- xilinx.com:ip:axi_crossbar:2.1 - xbar
Adding component instance block -- xilinx.com:ip:axi_protocol_converter:2.1 - auto_pc
Successfully read diagram <design_1> from BD file <C:/Users/AraniBasu/Documents/GitHub/Reconfig-project/Hardware-Accel/HW/H05-lab3-1/project_3/project_3.srcs/sources_1/bd/design_1/design_1.bd>
open_bd_design: Time (s): cpu = 00:00:17 ; elapsed = 00:00:23 . Memory (MB): peak = 856.469 ; gain = 78.699
launch_sdk -workspace C:/Users/AraniBasu/Documents/GitHub/Reconfig-project/Hardware-Accel/HW/H05-lab3-1/project_3/project_3.sdk -hwspec C:/Users/AraniBasu/Documents/GitHub/Reconfig-project/Hardware-Accel/HW/H05-lab3-1/project_3/project_3.sdk/design_1_wrapper.hdf
INFO: [Vivado 12-393] Launching SDK...
INFO: [Vivado 12-417] Running xsdk -workspace C:/Users/AraniBasu/Documents/GitHub/Reconfig-project/Hardware-Accel/HW/H05-lab3-1/project_3/project_3.sdk -hwspec C:/Users/AraniBasu/Documents/GitHub/Reconfig-project/Hardware-Accel/HW/H05-lab3-1/project_3/project_3.sdk/design_1_wrapper.hdf
INFO: [Vivado 12-3157] SDK launch initiated. Please check console for any further messages.
exit
INFO: [Common 17-206] Exiting Vivado at Sun Dec 04 03:15:50 2016...
