#-----------------------------------------------------------
# Vivado v2015.2 (64-bit)
# SW Build 1266856 on Fri Jun 26 16:35:25 MDT 2015
# IP Build 1264090 on Wed Jun 24 14:22:01 MDT 2015
# Start of session at: Wed Nov 30 17:10:57 2016
# Process ID: 4426
# Log file: /home/littlefoot/18643_project/Hardware-Accel/HW/convolution_layer_1/solution1/impl/ip/vivado.log
# Journal file: /home/littlefoot/18643_project/Hardware-Accel/HW/convolution_layer_1/solution1/impl/ip/vivado.jou
#-----------------------------------------------------------
source run_ippack.tcl -notrace
INFO: [IP_Flow 19-234] Refreshing IP repositories
INFO: [IP_Flow 19-1704] No user IP repositories specified
INFO: [IP_Flow 19-2313] Loaded Vivado IP repository '/home/littlefoot/vivado/Vivado/2015.2/data/ip'.
INFO: [IP_Flow 19-1686] Generating 'Synthesis' target for IP 'convolve_ap_sitofp_4_no_dsp_32'...
INFO: [IP_Flow 19-1686] Generating 'Simulation' target for IP 'convolve_ap_sitofp_4_no_dsp_32'...
INFO: [IP_Flow 19-1686] Generating 'Synthesis' target for IP 'convolve_ap_fadd_3_full_dsp_32'...
INFO: [IP_Flow 19-1686] Generating 'Simulation' target for IP 'convolve_ap_fadd_3_full_dsp_32'...
INFO: [IP_Flow 19-1686] Generating 'Synthesis' target for IP 'convolve_ap_fcmp_0_no_dsp_32'...
INFO: [IP_Flow 19-1686] Generating 'Simulation' target for IP 'convolve_ap_fcmp_0_no_dsp_32'...
INFO: [IP_Flow 19-1686] Generating 'Synthesis' target for IP 'convolve_ap_fmul_2_max_dsp_32'...
INFO: [IP_Flow 19-1686] Generating 'Simulation' target for IP 'convolve_ap_fmul_2_max_dsp_32'...
****** Webtalk v2015.2 (64-bit)
  **** SW Build 1266856 on Fri Jun 26 16:35:25 MDT 2015
  **** IP Build 1264090 on Wed Jun 24 14:22:01 MDT 2015
    ** Copyright 1986-2015 Xilinx, Inc. All Rights Reserved.

source /home/littlefoot/18643_project/Hardware-Accel/HW/convolution_layer_1/solution1/impl/ip/tmp.hw/webtalk/labtool_webtalk.tcl -notrace
INFO: [Common 17-186] '/home/littlefoot/18643_project/Hardware-Accel/HW/convolution_layer_1/solution1/impl/ip/tmp.hw/webtalk/usage_statistics_ext_labtool.xml' has been successfully sent to Xilinx on Wed Nov 30 17:11:09 2016. For additional details about this file, please refer to the WebTalk help file at /home/littlefoot/vivado/Vivado/2015.2/doc/webtalk_introduction.html.
INFO: [Common 17-206] Exiting Webtalk at Wed Nov 30 17:11:09 2016...
INFO: [IP_Flow 19-234] Refreshing IP repositories
INFO: [IP_Flow 19-1704] No user IP repositories specified
INFO: [IP_Flow 19-2313] Loaded Vivado IP repository '/home/littlefoot/vivado/Vivado/2015.2/data/ip'.
INFO: [Common 17-206] Exiting Vivado at Wed Nov 30 17:11:09 2016...
