

================================================================
== Vivado HLS Report for 'feature_extractor_convolve'
================================================================
* Date:           Fri Nov 25 03:53:42 2016

* Version:        2015.2 (Build 1266856 on Fri Jun 26 16:57:37 PM 2015)
* Project:        cnn_layer_2
* Solution:       solution1
* Product family: zynq
* Target device:  xc7z020clg484-1


================================================================
== Performance Estimates
================================================================
+ Timing (ns): 
    * Summary: 
    +--------+-------+----------+------------+
    |  Clock | Target| Estimated| Uncertainty|
    +--------+-------+----------+------------+
    |ap_clk  |  10.00|      8.41|        1.25|
    +--------+-------+----------+------------+

+ Latency (clock cycles): 
    * Summary: 
    +-------+-------+-------+-------+---------+
    |    Latency    |    Interval   | Pipeline|
    |  min  |  max  |  min  |  max  |   Type  |
    +-------+-------+-------+-------+---------+
    |  29666|  29666|  29666|  29666|   none  |
    +-------+-------+-------+-------+---------+

    + Detail: 
        * Instance: 
        N/A

        * Loop: 
        +---------------------+-------+-------+----------+-----------+-----------+------+----------+
        |                     |    Latency    | Iteration|  Initiation Interval  | Trip |          |
        |      Loop Name      |  min  |  max  |  Latency |  achieved |   target  | Count| Pipelined|
        +---------------------+-------+-------+----------+-----------+-----------+------+----------+
        |- Loop 1             |     80|     80|        10|          -|          -|     8|    no    |
        | + Loop 1.1          |      8|      8|         1|          -|          -|     8|    no    |
        |- Loop 2             |  29584|  29584|      3698|          -|          -|     8|    no    |
        | + Loop 2.1          |   3696|   3696|       462|          -|          -|     8|    no    |
        |  ++ Loop 2.1.1      |    460|    460|        92|          -|          -|     5|    no    |
        |   +++ Loop 2.1.1.1  |     90|     90|        18|          -|          -|     5|    no    |
        +---------------------+-------+-------+----------+-----------+-----------+------+----------+



================================================================
== Utilization Estimates
================================================================
* Summary: 
+-----------------+---------+-------+--------+-------+
|       Name      | BRAM_18K| DSP48E|   FF   |  LUT  |
+-----------------+---------+-------+--------+-------+
|Expression       |        -|      -|       0|    179|
|FIFO             |        -|      -|       -|      -|
|Instance         |        -|      5|     688|   1265|
|Memory           |        -|      -|       -|      -|
|Multiplexer      |        -|      -|       -|     83|
|Register         |        -|      -|     318|      -|
+-----------------+---------+-------+--------+-------+
|Total            |        0|      5|    1006|   1527|
+-----------------+---------+-------+--------+-------+
|Available        |      280|    220|  106400|  53200|
+-----------------+---------+-------+--------+-------+
|Utilization (%)  |        0|      2|   ~0   |      2|
+-----------------+---------+-------+--------+-------+

+ Detail: 
    * Instance: 
    +---------------------------------------------------+------------------------------------------------+---------+-------+-----+-----+
    |                      Instance                     |                     Module                     | BRAM_18K| DSP48E|  FF | LUT |
    +---------------------------------------------------+------------------------------------------------+---------+-------+-----+-----+
    |feature_extractor_fadd_32ns_32ns_32_5_full_dsp_U1  |feature_extractor_fadd_32ns_32ns_32_5_full_dsp  |        0|      2|  205|  390|
    |feature_extractor_fmul_32ns_32ns_32_4_max_dsp_U2   |feature_extractor_fmul_32ns_32ns_32_4_max_dsp   |        0|      3|  143|  321|
    |feature_extractor_sitofp_32ns_32_6_U3              |feature_extractor_sitofp_32ns_32_6              |        0|      0|  340|  554|
    +---------------------------------------------------+------------------------------------------------+---------+-------+-----+-----+
    |Total                                              |                                                |        0|      5|  688| 1265|
    +---------------------------------------------------+------------------------------------------------+---------+-------+-----+-----+

    * Memory: 
    N/A

    * FIFO: 
    N/A

    * Expression: 
    +---------------------+----------+-------+---+----+------------+------------+
    |    Variable Name    | Operation| DSP48E| FF| LUT| Bitwidth P0| Bitwidth P1|
    +---------------------+----------+-------+---+----+------------+------------+
    |i_2_fu_336_p2        |     +    |      0|  0|   4|           4|           1|
    |j_2_fu_428_p2        |     +    |      0|  0|   4|           4|           1|
    |k_2_fu_352_p2        |     +    |      0|  0|   3|           3|           1|
    |l_1_fu_444_p2        |     +    |      0|  0|   3|           3|           1|
    |p_addr1_fu_459_p2    |     +    |      0|  0|  10|          10|          10|
    |p_addr2_fu_251_p2    |     +    |      0|  0|   5|           5|           5|
    |p_addr3_fu_401_p2    |     +    |      0|  0|   5|           5|           5|
    |p_addr4_fu_422_p2    |     +    |      0|  0|  32|          32|          32|
    |p_addr5_fu_477_p2    |     +    |      0|  0|  32|          32|          32|
    |p_addr7_fu_220_p2    |     +    |      0|  0|   6|           6|           6|
    |p_addr9_fu_273_p2    |     +    |      0|  0|  32|          32|          32|
    |s_1_fu_210_p2        |     +    |      0|  0|   4|           4|           1|
    |t_1_fu_263_p2        |     +    |      0|  0|   4|           4|           1|
    |tmp_6_fu_293_p2      |     +    |      0|  0|   3|           3|           3|
    |tmp_s_fu_313_p2      |     +    |      0|  0|   3|           3|           3|
    |x_fu_358_p2          |     +    |      0|  0|   4|           4|           4|
    |y_fu_450_p2          |     +    |      0|  0|   4|           4|           4|
    |p_addr_fu_387_p2     |     -    |      0|  0|   9|           9|           9|
    |exitcond1_fu_346_p2  |   icmp   |      0|  0|   2|           3|           3|
    |exitcond2_fu_303_p2  |   icmp   |      0|  0|   2|           4|           4|
    |exitcond3_fu_283_p2  |   icmp   |      0|  0|   2|           4|           4|
    |exitcond4_fu_257_p2  |   icmp   |      0|  0|   2|           4|           5|
    |exitcond5_fu_204_p2  |   icmp   |      0|  0|   2|           4|           5|
    |exitcond_fu_438_p2   |   icmp   |      0|  0|   2|           3|           3|
    +---------------------+----------+-------+---+----+------------+------------+
    |Total                |          |      0|  0| 179|         189|         175|
    +---------------------+----------+-------+---+----+------------+------------+

    * Multiplexer: 
    +---------------+----+-----------+-----+-----------+
    |      Name     | LUT| Input Size| Bits| Total Bits|
    +---------------+----+-----------+-----+-----------+
    |ap_NS_fsm      |  21|         25|    1|         25|
    |conv_address0  |   8|          3|    8|         24|
    |conv_d0        |  32|          3|   32|         96|
    |i_reg_134      |   4|          2|    4|          8|
    |j_reg_146      |   4|          2|    4|          8|
    |k_reg_158      |   3|          2|    3|          6|
    |l_reg_169      |   3|          2|    3|          6|
    |s_reg_112      |   4|          2|    4|          8|
    |t_reg_123      |   4|          2|    4|          8|
    +---------------+----+-----------+-----+-----------+
    |Total          |  83|         43|   63|        189|
    +---------------+----+-----------+-----+-----------+

    * Register: 
    +----------------------+----+----+-----+-----------+
    |         Name         | FF | LUT| Bits| Const Bits|
    +----------------------+----+----+-----+-----------+
    |A_load_reg_600        |  32|   0|   32|          0|
    |ap_CS_fsm             |  24|   0|   24|          0|
    |conv_addr_1_reg_549   |   8|   0|    8|          0|
    |conv_load_reg_625     |  32|   0|   32|          0|
    |i_reg_134             |   4|   0|    4|          0|
    |j_reg_146             |   4|   0|    4|          0|
    |k_2_reg_562           |   3|   0|    3|          0|
    |k_reg_158             |   3|   0|    3|          0|
    |l_1_reg_585           |   3|   0|    3|          0|
    |l_reg_169             |   3|   0|    3|          0|
    |p_addr2_reg_515       |   5|   0|    5|          0|
    |p_addr4_reg_572       |  32|   0|   32|          0|
    |p_addr5_reg_595       |  32|   0|   32|          0|
    |p_addr6_cast_reg_497  |   2|   0|    6|          4|
    |p_addr8_reg_510       |   6|   0|   32|         26|
    |p_addr_cast_reg_567   |   8|   0|   10|          2|
    |s_1_reg_505           |   4|   0|    4|          0|
    |s_reg_112             |   4|   0|    4|          0|
    |t_reg_123             |   4|   0|    4|          0|
    |tmp_10_reg_620        |  32|   0|   32|          0|
    |tmp_11_reg_630        |  32|   0|   32|          0|
    |tmp_5_reg_605         |  32|   0|   32|          0|
    |tmp_6_cast5_reg_536   |   3|   0|    4|          1|
    |tmp_6_reg_531         |   3|   0|    3|          0|
    |tmp_cast3_reg_544     |   3|   0|    4|          1|
    +----------------------+----+----+-----+-----------+
    |Total                 | 318|   0|  352|         34|
    +----------------------+----+----+-----+-----------+



================================================================
== Interface
================================================================
* Summary: 
+---------------+-----+-----+------------+----------------------------+--------------+
|   RTL Ports   | Dir | Bits|  Protocol  |        Source Object       |    C Type    |
+---------------+-----+-----+------------+----------------------------+--------------+
|ap_clk         |  in |    1| ap_ctrl_hs | feature_extractor_convolve | return value |
|ap_rst         |  in |    1| ap_ctrl_hs | feature_extractor_convolve | return value |
|ap_start       |  in |    1| ap_ctrl_hs | feature_extractor_convolve | return value |
|ap_done        | out |    1| ap_ctrl_hs | feature_extractor_convolve | return value |
|ap_idle        | out |    1| ap_ctrl_hs | feature_extractor_convolve | return value |
|ap_ready       | out |    1| ap_ctrl_hs | feature_extractor_convolve | return value |
|A_address0     | out |    8|  ap_memory |              A             |     array    |
|A_ce0          | out |    1|  ap_memory |              A             |     array    |
|A_q0           |  in |   32|  ap_memory |              A             |     array    |
|B_address0     | out |    7|  ap_memory |              B             |     array    |
|B_ce0          | out |    1|  ap_memory |              B             |     array    |
|B_q0           |  in |   32|  ap_memory |              B             |     array    |
|tmp            |  in |    2|   ap_none  |             tmp            |    scalar    |
|conv_address0  | out |    8|  ap_memory |            conv            |     array    |
|conv_ce0       | out |    1|  ap_memory |            conv            |     array    |
|conv_we0       | out |    1|  ap_memory |            conv            |     array    |
|conv_d0        | out |   32|  ap_memory |            conv            |     array    |
|conv_q0        |  in |   32|  ap_memory |            conv            |     array    |
|tmp1           |  in |    2|   ap_none  |            tmp1            |    scalar    |
+---------------+-----+-----+------------+----------------------------+--------------+

