

================================================================
== Vivado HLS Report for 'feature_extractor'
================================================================
* Date:           Fri Nov 25 03:53:42 2016

* Version:        2015.2 (Build 1266856 on Fri Jun 26 16:57:37 PM 2015)
* Project:        cnn_layer_2
* Solution:       solution1
* Product family: zynq
* Target device:  xc7z020clg484-1


================================================================
== Performance Estimates
================================================================
+ Timing (ns): 
    * Summary: 
    +--------+-------+----------+------------+
    |  Clock | Target| Estimated| Uncertainty|
    +--------+-------+----------+------------+
    |ap_clk  |  10.00|      8.41|        1.25|
    +--------+-------+----------+------------+

+ Latency (clock cycles): 
    * Summary: 
    +-------+-------+-------+-------+---------+
    |    Latency    |    Interval   | Pipeline|
    |  min  |  max  |  min  |  max  |   Type  |
    +-------+-------+-------+-------+---------+
    |  91686|  91686|  91687|  91687|   none  |
    +-------+-------+-------+-------+---------+

    + Detail: 
        * Instance: 
        +---------------------------------------+----------------------------+-------+-------+-------+-------+---------+
        |                                       |                            |    Latency    |    Interval   | Pipeline|
        |                Instance               |           Module           |  min  |  max  |  min  |  max  |   Type  |
        +---------------------------------------+----------------------------+-------+-------+-------+-------+---------+
        |grp_feature_extractor_convolve_fu_155  |feature_extractor_convolve  |  29666|  29666|  29666|  29666|   none  |
        |grp_feature_extractor_maxpool_fu_168   |feature_extractor_maxpool   |    617|    617|    617|    617|   none  |
        +---------------------------------------+----------------------------+-------+-------+-------+-------+---------+

        * Loop: 
        +--------------------+-------+-------+----------+-----------+-----------+------+----------+
        |                    |    Latency    | Iteration|  Initiation Interval  | Trip |          |
        |      Loop Name     |  min  |  max  |  Latency |  achieved |   target  | Count| Pipelined|
        +--------------------+-------+-------+----------+-----------+-----------+------+----------+
        |- Convolve          |  89004|  89004|     29668|          -|          -|     3|    no    |
        |- Threshold         |    822|    822|       274|          -|          -|     3|    no    |
        | + Threshold.1      |    272|    272|        34|          -|          -|     8|    no    |
        |  ++ Threshold.1.1  |     32|     32|         4|          -|          -|     8|    no    |
        |- Pool              |   1857|   1857|       619|          -|          -|     3|    no    |
        +--------------------+-------+-------+----------+-----------+-----------+------+----------+



================================================================
== Utilization Estimates
================================================================
* Summary: 
+-----------------+---------+-------+--------+-------+
|       Name      | BRAM_18K| DSP48E|   FF   |  LUT  |
+-----------------+---------+-------+--------+-------+
|Expression       |        -|      -|       0|    104|
|FIFO             |        -|      -|       -|      -|
|Instance         |        -|      5|    1689|   3182|
|Memory           |        2|      -|       0|      0|
|Multiplexer      |        -|      -|       -|     43|
|Register         |        -|      -|     114|      -|
+-----------------+---------+-------+--------+-------+
|Total            |        2|      5|    1803|   3329|
+-----------------+---------+-------+--------+-------+
|Available        |      280|    220|  106400|  53200|
+-----------------+---------+-------+--------+-------+
|Utilization (%)  |    ~0   |      2|       1|      6|
+-----------------+---------+-------+--------+-------+

+ Detail: 
    * Instance: 
    +------------------------------------------+--------------------------------------+---------+-------+------+------+
    |                 Instance                 |                Module                | BRAM_18K| DSP48E|  FF  |  LUT |
    +------------------------------------------+--------------------------------------+---------+-------+------+------+
    |grp_feature_extractor_convolve_fu_155     |feature_extractor_convolve            |        0|      5|  1006|  1527|
    |feature_extractor_fcmp_32ns_32ns_1_1_U15  |feature_extractor_fcmp_32ns_32ns_1_1  |        0|      0|    66|   239|
    |grp_feature_extractor_maxpool_fu_168      |feature_extractor_maxpool             |        0|      0|   617|  1416|
    +------------------------------------------+--------------------------------------+---------+-------+------+------+
    |Total                                     |                                      |        0|      5|  1689|  3182|
    +------------------------------------------+--------------------------------------+---------+-------+------+------+

    * Memory: 
    +-------+---------------------+---------+---+----+------+-----+------+-------------+
    | Memory|        Module       | BRAM_18K| FF| LUT| Words| Bits| Banks| W*Bits*Banks|
    +-------+---------------------+---------+---+----+------+-----+------+-------------+
    |C_U    |feature_extractor_C  |        1|  0|   0|   192|   32|     1|         6144|
    |S_U    |feature_extractor_C  |        1|  0|   0|   192|   32|     1|         6144|
    +-------+---------------------+---------+---+----+------+-----+------+-------------+
    |Total  |                     |        2|  0|   0|   384|   64|     2|        12288|
    +-------+---------------------+---------+---+----+------+-----+------+-------------+

    * FIFO: 
    N/A

    * Expression: 
    +-----------------------+----------+-------+---+----+------------+------------+
    |     Variable Name     | Operation| DSP48E| FF| LUT| Bitwidth P0| Bitwidth P1|
    +-----------------------+----------+-------+---+----+------------+------------+
    |i_1_fu_190_p2          |     +    |      0|  0|   2|           2|           1|
    |i_2_fu_226_p2          |     +    |      0|  0|   4|           4|           1|
    |j_1_fu_202_p2          |     +    |      0|  0|   2|           2|           1|
    |j_2_fu_259_p2          |     +    |      0|  0|   4|           4|           1|
    |k_1_fu_333_p2          |     +    |      0|  0|   2|           2|           1|
    |p_addr1_fu_236_p2      |     +    |      0|  0|   6|           6|           6|
    |p_addr3_fu_269_p2      |     +    |      0|  0|  32|          32|          32|
    |S_d0                   |  Select  |      0|  0|  32|           1|           1|
    |tmp_6_fu_314_p2        |    and   |      0|  0|   1|           1|           1|
    |exitcond1_fu_196_p2    |   icmp   |      0|  0|   1|           2|           2|
    |exitcond1_i_fu_220_p2  |   icmp   |      0|  0|   2|           4|           5|
    |exitcond2_fu_184_p2    |   icmp   |      0|  0|   1|           2|           2|
    |exitcond_fu_327_p2     |   icmp   |      0|  0|   1|           2|           2|
    |exitcond_i_fu_253_p2   |   icmp   |      0|  0|   2|           4|           5|
    |notlhs_fu_296_p2       |   icmp   |      0|  0|   3|           8|           2|
    |notrhs_fu_302_p2       |   icmp   |      0|  0|   8|          23|           1|
    |tmp_4_fu_308_p2        |    or    |      0|  0|   1|           1|           1|
    +-----------------------+----------+-------+---+----+------------+------------+
    |Total                  |          |      0|  0| 104|         100|          65|
    +-----------------------+----------+-------+---+----+------------+------------+

    * Multiplexer: 
    +-------------+----+-----------+-----+-----------+
    |     Name    | LUT| Input Size| Bits| Total Bits|
    +-------------+----+-----------+-----+-----------+
    |A_ce0        |   1|          2|    1|          2|
    |C_address0   |   8|          3|    8|         24|
    |C_ce0        |   1|          3|    1|          3|
    |C_we0        |   1|          2|    1|          2|
    |S_address0   |   8|          3|    8|         24|
    |S_ce0        |   1|          3|    1|          3|
    |W_ce0        |   1|          2|    1|          2|
    |ap_NS_fsm    |   6|         12|    1|         12|
    |feature_ce0  |   1|          2|    1|          2|
    |feature_we0  |   1|          2|    1|          2|
    |i_i_reg_121  |   4|          2|    4|          8|
    |i_reg_98     |   2|          2|    2|          4|
    |j_i_reg_132  |   4|          2|    4|          8|
    |j_reg_110    |   2|          2|    2|          4|
    |k_reg_143    |   2|          2|    2|          4|
    +-------------+----+-----------+-----+-----------+
    |Total        |  43|         44|   38|        104|
    +-------------+----+-----------+-----+-----------+

    * Register: 
    +-------------------------------------------------------------+----+----+-----+-----------+
    |                             Name                            | FF | LUT| Bits| Const Bits|
    +-------------------------------------------------------------+----+----+-----+-----------+
    |C_load_reg_391                                               |  32|   0|   32|          0|
    |ap_CS_fsm                                                    |  11|   0|   11|          0|
    |grp_feature_extractor_convolve_fu_155_ap_start_ap_start_reg  |   1|   0|    1|          0|
    |grp_feature_extractor_maxpool_fu_168_ap_start_ap_start_reg   |   1|   0|    1|          0|
    |i_1_reg_342                                                  |   2|   0|    2|          0|
    |i_2_reg_363                                                  |   4|   0|    4|          0|
    |i_i_reg_121                                                  |   4|   0|    4|          0|
    |i_reg_98                                                     |   2|   0|    2|          0|
    |j_1_reg_350                                                  |   2|   0|    2|          0|
    |j_2_reg_376                                                  |   4|   0|    4|          0|
    |j_i_reg_132                                                  |   4|   0|    4|          0|
    |j_reg_110                                                    |   2|   0|    2|          0|
    |k_1_reg_406                                                  |   2|   0|    2|          0|
    |k_reg_143                                                    |   2|   0|    2|          0|
    |p_addr2_reg_368                                              |   6|   0|   32|         26|
    |p_addr_cast_reg_355                                          |   2|   0|    6|          4|
    |tmp_6_reg_398                                                |   1|   0|    1|          0|
    |tmp_8_reg_381                                                |  32|   0|   64|         32|
    +-------------------------------------------------------------+----+----+-----+-----------+
    |Total                                                        | 114|   0|  176|         62|
    +-------------------------------------------------------------+----+----+-----+-----------+



================================================================
== Interface
================================================================
* Summary: 
+------------------+-----+-----+------------+-------------------+--------------+
|     RTL Ports    | Dir | Bits|  Protocol  |   Source Object   |    C Type    |
+------------------+-----+-----+------------+-------------------+--------------+
|ap_clk            |  in |    1| ap_ctrl_hs | feature_extractor | return value |
|ap_rst            |  in |    1| ap_ctrl_hs | feature_extractor | return value |
|ap_start          |  in |    1| ap_ctrl_hs | feature_extractor | return value |
|ap_done           | out |    1| ap_ctrl_hs | feature_extractor | return value |
|ap_idle           | out |    1| ap_ctrl_hs | feature_extractor | return value |
|ap_ready          | out |    1| ap_ctrl_hs | feature_extractor | return value |
|A_address0        | out |    8|  ap_memory |         A         |     array    |
|A_ce0             | out |    1|  ap_memory |         A         |     array    |
|A_q0              |  in |   32|  ap_memory |         A         |     array    |
|W_address0        | out |    7|  ap_memory |         W         |     array    |
|W_ce0             | out |    1|  ap_memory |         W         |     array    |
|W_q0              |  in |   32|  ap_memory |         W         |     array    |
|feature_address0  | out |    6|  ap_memory |      feature      |     array    |
|feature_ce0       | out |    1|  ap_memory |      feature      |     array    |
|feature_we0       | out |    1|  ap_memory |      feature      |     array    |
|feature_d0        | out |   32|  ap_memory |      feature      |     array    |
+------------------+-----+-----+------------+-------------------+--------------+

