

================================================================
== Vivado HLS Report for 'feature_extractor_maxpool'
================================================================
* Date:           Fri Nov 25 03:53:42 2016

* Version:        2015.2 (Build 1266856 on Fri Jun 26 16:57:37 PM 2015)
* Project:        cnn_layer_2
* Solution:       solution1
* Product family: zynq
* Target device:  xc7z020clg484-1


================================================================
== Performance Estimates
================================================================
+ Timing (ns): 
    * Summary: 
    +--------+-------+----------+------------+
    |  Clock | Target| Estimated| Uncertainty|
    +--------+-------+----------+------------+
    |ap_clk  |  10.00|      8.16|        1.25|
    +--------+-------+----------+------------+

+ Latency (clock cycles): 
    * Summary: 
    +-----+-----+-----+-----+---------+
    |  Latency  |  Interval | Pipeline|
    | min | max | min | max |   Type  |
    +-----+-----+-----+-----+---------+
    |  617|  617|  617|  617|   none  |
    +-----+-----+-----+-----+---------+

    + Detail: 
        * Instance: 
        N/A

        * Loop: 
        +---------------------+-----+-----+----------+-----------+-----------+------+----------+
        |                     |  Latency  | Iteration|  Initiation Interval  | Trip |          |
        |      Loop Name      | min | max |  Latency |  achieved |   target  | Count| Pipelined|
        +---------------------+-----+-----+----------+-----------+-----------+------+----------+
        |- Loop 1             |  616|  616|       154|          -|          -|     4|    no    |
        | + Loop 1.1          |  152|  152|        38|          -|          -|     4|    no    |
        |  ++ Loop 1.1.1      |   36|   36|        18|          -|          -|     2|    no    |
        |   +++ Loop 1.1.1.1  |   16|   16|         8|          -|          -|     2|    no    |
        +---------------------+-----+-----+----------+-----------+-----------+------+----------+



================================================================
== Utilization Estimates
================================================================
* Summary: 
+-----------------+---------+-------+--------+-------+
|       Name      | BRAM_18K| DSP48E|   FF   |  LUT  |
+-----------------+---------+-------+--------+-------+
|Expression       |        -|      -|       0|    543|
|FIFO             |        -|      -|       -|      -|
|Instance         |        -|      0|     406|    793|
|Memory           |        -|      -|       -|      -|
|Multiplexer      |        -|      -|       -|     80|
|Register         |        -|      -|     211|      -|
+-----------------+---------+-------+--------+-------+
|Total            |        0|      0|     617|   1416|
+-----------------+---------+-------+--------+-------+
|Available        |      280|    220|  106400|  53200|
+-----------------+---------+-------+--------+-------+
|Utilization (%)  |        0|      0|   ~0   |      2|
+-----------------+---------+-------+--------+-------+

+ Detail: 
    * Instance: 
    +------------------------------------------+--------------------------------------+---------+-------+-----+-----+
    |                 Instance                 |                Module                | BRAM_18K| DSP48E|  FF | LUT |
    +------------------------------------------+--------------------------------------+---------+-------+-----+-----+
    |feature_extractor_fcmp_32ns_32ns_1_1_U10  |feature_extractor_fcmp_32ns_32ns_1_1  |        0|      0|   66|  239|
    |feature_extractor_sitofp_32ns_32_6_U9     |feature_extractor_sitofp_32ns_32_6    |        0|      0|  340|  554|
    +------------------------------------------+--------------------------------------+---------+-------+-----+-----+
    |Total                                     |                                      |        0|      0|  406|  793|
    +------------------------------------------+--------------------------------------+---------+-------+-----+-----+

    * Memory: 
    N/A

    * FIFO: 
    N/A

    * Expression: 
    +------------------------+----------+-------+---+-----+------------+------------+
    |      Variable Name     | Operation| DSP48E| FF| LUT | Bitwidth P0| Bitwidth P1|
    +------------------------+----------+-------+---+-----+------------+------------+
    |i_2_fu_202_p2           |     +    |      0|  0|    3|           3|           1|
    |j_2_fu_241_p2           |     +    |      0|  0|    3|           3|           1|
    |k_2_fu_263_p2           |     +    |      0|  0|    2|           2|           1|
    |l_1_fu_298_p2           |     +    |      0|  0|    2|           2|           1|
    |p_addr5_fu_218_p2       |     +    |      0|  0|    5|           5|           5|
    |p_addr7_fu_278_p2       |     +    |      0|  0|   32|          32|          32|
    |sh_assign_fu_427_p2     |     +    |      0|  0|    9|           8|           9|
    |tmp_2_fu_269_p2         |     +    |      0|  0|    3|           3|           3|
    |tmp_5_fu_304_p2         |     +    |      0|  0|    3|           3|           3|
    |p_Val2_7_i_i_fu_513_p2  |     -    |      0|  0|   32|           1|          32|
    |tmp_1_i_i_fu_441_p2     |     -    |      0|  0|    8|           7|           8|
    |max_2_fu_524_p3         |  Select  |      0|  0|   32|           1|          32|
    |p_Val2_4_fu_505_p3      |  Select  |      0|  0|   32|           1|          32|
    |p_Val2_s_fu_518_p3      |  Select  |      0|  0|   32|           1|          32|
    |sh_assign_1_fu_451_p3   |  Select  |      0|  0|    9|           1|           9|
    |tmp_11_fu_391_p2        |    and   |      0|  0|    1|           1|           1|
    |tmp_13_fu_397_p2        |    and   |      0|  0|    1|           1|           1|
    |exitcond1_fu_257_p2     |   icmp   |      0|  0|    2|           2|           3|
    |exitcond2_fu_235_p2     |   icmp   |      0|  0|    2|           3|           4|
    |exitcond3_fu_196_p2     |   icmp   |      0|  0|    2|           3|           4|
    |exitcond_fu_292_p2      |   icmp   |      0|  0|    2|           2|           3|
    |notlhs1_fu_373_p2       |   icmp   |      0|  0|    3|           8|           2|
    |notlhs_fu_355_p2        |   icmp   |      0|  0|    3|           8|           2|
    |notrhs2_fu_379_p2       |   icmp   |      0|  0|    8|          23|           1|
    |notrhs_fu_361_p2        |   icmp   |      0|  0|    8|          23|           1|
    |tmp_3_i_i_fu_471_p2     |   lshr   |      0|  0|   63|          24|          24|
    |tmp_10_fu_385_p2        |    or    |      0|  0|    1|           1|           1|
    |tmp_6_fu_367_p2         |    or    |      0|  0|    1|           1|           1|
    |tmp_5_i_i_fu_477_p2     |    shl   |      0|  0|  239|          78|          78|
    +------------------------+----------+-------+---+-----+------------+------------+
    |Total                   |          |      0|  0|  543|         251|         327|
    +------------------------+----------+-------+---+-----+------------+------------+

    * Multiplexer: 
    +---------------+----+-----------+-----+-----------+
    |      Name     | LUT| Input Size| Bits| Total Bits|
    +---------------+----+-----------+-----+-----------+
    |ap_NS_fsm      |   6|         13|    1|         13|
    |i_reg_106      |   3|          2|    3|          6|
    |j_reg_117      |   3|          2|    3|          6|
    |k_reg_142      |   2|          2|    2|          4|
    |l_reg_165      |   2|          2|    2|          4|
    |max_1_reg_153  |  32|          2|   32|         64|
    |max_reg_129    |  32|          2|   32|         64|
    +---------------+----+-----------+-----+-----------+
    |Total          |  80|         25|   75|        161|
    +---------------+----+-----------+-----+-----------+

    * Register: 
    +------------------------+----+----+-----+-----------+
    |          Name          | FF | LUT| Bits| Const Bits|
    +------------------------+----+----+-----+-----------+
    |ap_CS_fsm               |  12|   0|   12|          0|
    |i_2_reg_544             |   3|   0|    3|          0|
    |i_reg_106               |   3|   0|    3|          0|
    |input_mat_load_reg_603  |  32|   0|   32|          0|
    |j_2_reg_562             |   3|   0|    3|          0|
    |j_reg_117               |   3|   0|    3|          0|
    |k_2_reg_575             |   2|   0|    2|          0|
    |k_reg_142               |   2|   0|    2|          0|
    |l_1_reg_588             |   2|   0|    2|          0|
    |l_reg_165               |   2|   0|    2|          0|
    |max_1_reg_153           |  32|   0|   32|          0|
    |max_reg_129             |  32|   0|   32|          0|
    |p_Result_s_reg_620      |   1|   0|    1|          0|
    |p_Val2_4_reg_625        |  32|   0|   32|          0|
    |p_addr4_cast_reg_536    |   2|   0|    5|          3|
    |p_addr6_reg_554         |   5|   0|   32|         27|
    |tmp_13_reg_615          |   1|   0|    1|          0|
    |tmp_2_reg_580           |   3|   0|    3|          0|
    |tmp_5_reg_593           |   3|   0|    3|          0|
    |tmp_7_reg_609           |  32|   0|   32|          0|
    |tmp_9_reg_567           |   2|   0|    3|          1|
    |tmp_reg_549             |   2|   0|    3|          1|
    +------------------------+----+----+-----+-----------+
    |Total                   | 211|   0|  243|         32|
    +------------------------+----+----+-----+-----------+



================================================================
== Interface
================================================================
* Summary: 
+---------------------+-----+-----+------------+---------------------------+--------------+
|      RTL Ports      | Dir | Bits|  Protocol  |       Source Object       |    C Type    |
+---------------------+-----+-----+------------+---------------------------+--------------+
|ap_clk               |  in |    1| ap_ctrl_hs | feature_extractor_maxpool | return value |
|ap_rst               |  in |    1| ap_ctrl_hs | feature_extractor_maxpool | return value |
|ap_start             |  in |    1| ap_ctrl_hs | feature_extractor_maxpool | return value |
|ap_done              | out |    1| ap_ctrl_hs | feature_extractor_maxpool | return value |
|ap_idle              | out |    1| ap_ctrl_hs | feature_extractor_maxpool | return value |
|ap_ready             | out |    1| ap_ctrl_hs | feature_extractor_maxpool | return value |
|input_mat_address0   | out |    8|  ap_memory |         input_mat         |     array    |
|input_mat_ce0        | out |    1|  ap_memory |         input_mat         |     array    |
|input_mat_q0         |  in |   32|  ap_memory |         input_mat         |     array    |
|tmp_4                |  in |    2|   ap_none  |           tmp_4           |    scalar    |
|output_mat_address0  | out |    6|  ap_memory |         output_mat        |     array    |
|output_mat_ce0       | out |    1|  ap_memory |         output_mat        |     array    |
|output_mat_we0       | out |    1|  ap_memory |         output_mat        |     array    |
|output_mat_d0        | out |   32|  ap_memory |         output_mat        |     array    |
|tmp_41               |  in |    2|   ap_none  |           tmp_41          |    scalar    |
+---------------------+-----+-----+------------+---------------------------+--------------+

