starting software simulation
software simulation completed successfully
 software outputs
25,25,25,25,25,25,25,25,25,25,25,25,25,25,25,25,25,25,25,25,25,25,25,25,25,25,25,25,25,25,25,25,25,25,25,25,25,25,25,25,25,25,25,25,25,25,25,25,25,25,25,25,25,25,25,25,25,25,25,25,25,25,25,25,25,25,25,25,25,25,25,25,25,25,25,25,25,25,25,25,25,25,25,25,25,25,25,25,25,25,25,25,25,25,25,25,25,25,25,25,25,25,25,25,25,25,25,25,25,25,25,25,25,25,25,25,25,25,25,25,25,25,25,25,25,25,25,25,25,25,25,25,25,25,25,25,25,25,25,25,25,25,25,25,25,25,25,25,25,25,25,25,41,11,52,25,25,25,25,25,41,11,52,25,25,25,25,25,25,25,57,25,25,25,25,25,26,25,25,25,31,25,25,25,217,16,52,25,25,25,25,25,217,16,84,25,25,25,25,25,217,16,84,25,25,25,25,25,121,104,25,25,25,25,25,25,89,171,25,25,25,25,25,25,25,25,57,25,25,25,25,25,27,25,25,25,31,25,25,25,185,68,53,25,25,25,25,25,185,68,85,25,25,25,25,25,185,68,85,25,25,25,25,25,249,26,25,25,25,25,25,25,249,26,25,25,25,25,25,25,33,25,25,25,25,25,25,25,29,25,25,25,29,25,25,25,137,27,25,25,25,25,25,25,137,27,25,25,25,25,25,25,137,27,25,25,25,25,25,25,93,25,25,25,25,25,25,25,93,149,105,170,8,152,25,25,29,25,25,25,25,25,25,25,177,26,25,25,25,25,25,25,41,131,136,170,8,152,25,25,153,198,128,169,8,152,25,25,17,152,129,169,8,152,25,25,148,157,105,170,8,152,25,25,177,26,25,25,25,25,25,25,93,149,105,170,8,152,25,25,41,131,136,170,8,152,25,25,81,33,25,25,25,25,25,25,41,131,136,170,8,152,25,25,153,198,128,169,8,152,25,25,17,152,129,169,8,152,25,25,148,157,105,170,8,152,25,25,81,33,25,25,25,25,25,25,17,152,129,169,8,152,25,25,41,131,136,170,8,152,25,25,17,102,58,191,23,152,25,25,13,102,58,191,23,152,25,25,42,151,105,170,8,152,25,25,225,139,17,169,8,152,25,25,181,164,17,169,8,152,25,25,153,150,15,169,8,152,25,25,93,149,105,170,8,152,25,25,119,175,172,53,25,25,25,25,65,28,25,25,25,25,25,25,41,32,139,170,8,152,25,25,17,141,15,169,8,152,25,25,225,139,17,169,8,152,25,25,148,157,105,170,8,152,25,25,
starting hardware simulation
software simulation completed successfully
 hardware outputs
25,25,25,25,25,25,25,25,25,25,25,25,25,25,25,25,25,25,25,25,25,25,25,25,25,25,25,25,25,25,25,25,25,25,25,25,25,25,25,25,25,25,25,25,25,25,25,25,25,25,25,25,25,25,25,25,25,25,25,25,25,25,25,25,25,25,25,25,25,25,25,25,25,25,25,25,25,25,25,25,25,25,25,25,25,25,25,25,25,25,25,25,25,25,25,25,25,25,25,25,25,25,25,25,25,25,25,25,25,25,25,25,25,25,25,25,25,25,25,25,25,25,25,25,25,25,25,25,25,25,25,25,25,25,25,25,25,25,25,25,25,25,25,25,25,25,25,25,25,25,25,25,25,25,25,25,25,25,25,25,25,25,25,25,25,25,25,25,25,25,25,25,25,25,25,25,25,25,25,25,25,25,25,25,25,25,25,25,25,25,25,25,25,25,25,25,25,25,25,25,25,25,25,25,25,25,25,25,25,25,25,25,25,25,25,25,25,25,25,25,25,25,25,25,25,25,25,25,25,25,25,25,25,25,25,25,25,25,25,25,25,25,25,25,25,25,25,25,25,25,25,25,25,25,25,25,25,25,25,25,25,25,25,25,25,25,25,25,25,25,25,25,25,25,25,25,25,25,25,25,25,25,25,25,25,25,25,25,25,25,25,25,25,25,25,25,25,25,25,25,25,25,25,25,25,25,25,25,25,25,25,25,25,25,25,25,25,25,25,25,25,25,25,25,25,25,25,25,25,25,25,25,25,25,25,25,25,25,25,25,25,25,25,25,25,25,25,25,25,25,25,25,25,25,25,25,25,25,25,25,25,25,25,25,25,25,25,25,25,25,25,25,25,25,25,25,25,25,25,25,25,25,25,25,25,25,25,25,25,25,25,25,25,25,25,25,25,25,25,25,25,25,25,25,25,25,25,25,25,25,25,25,25,25,25,25,25,25,25,25,25,25,25,25,25,25,25,25,25,25,25,25,25,25,25,25,25,25,25,25,25,25,25,25,25,25,25,25,25,25,25,25,25,25,25,25,25,25,25,25,25,25,25,25,25,25,25,25,25,25,25,25,25,25,25,25,25,25,25,25,25,25,25,25,25,25,25,25,25,25,25,25,25,25,25,25,25,25,25,25,25,25,25,25,25,25,25,25,25,25,25,25,25,25,25,25,25,25,25,25,25,25,25,25,25,25,25,25,25,25,25,25,25,25,25,25,25,25,25,25,25,25,25,25,25,25,25,25,25,25,25,25,25,25,25,25,25,25,25,25,25,25,25,25,25,25,25,25,25,25,25,25,25,25,25,WARNING: Hls::stream 'hls::stream<unsigned char>.2' is read while empty, which may result in RTL simulation hanging.
0,
Vivado Simulator 2015.2
Copyright 1986-1999, 2001-2015 Xilinx, Inc. All Rights Reserved.
Running: /home/littlefoot/vivado/Vivado/2015.2/bin/unwrapped/lnx64.o/xelab xil_defaultlib.apatb_convolve_top -prj convolve.prj --lib ieee_proposed=./ieee_proposed -s convolve 
Multi-threading is on. Using 2 slave threads.
Determining compilation order of HDL files.
WARNING: [XSIM 43-3431] One or more environment variables have been detected which affect the operation of the C compiler. These are typically not set in standard installations and are not tested by Xilinx, however they may be appropriate for your system, so the flow will attempt to continue.  If errors occur, try running fuse with the "-mt off -v 1" switches to see more information from the C compiler. The following environment variables have been detected:
    LIBRARY_PATH
INFO: [VRFC 10-2263] Analyzing Verilog file "/home/littlefoot/18643_project/Hardware-Accel/HW/convolution_layer_1/solution1/sim/verilog/convolve_fcmp_32ns_32ns_1_1.v" into library xil_defaultlib
INFO: [VRFC 10-311] analyzing module convolve_fcmp_32ns_32ns_1_1
INFO: [VRFC 10-2263] Analyzing Verilog file "/home/littlefoot/18643_project/Hardware-Accel/HW/convolution_layer_1/solution1/sim/verilog/AESL_fifo.v" into library xil_defaultlib
INFO: [VRFC 10-311] analyzing module fifo
INFO: [VRFC 10-2263] Analyzing Verilog file "/home/littlefoot/18643_project/Hardware-Accel/HW/convolution_layer_1/solution1/sim/verilog/AESL_axi_s_conv_output_V.v" into library xil_defaultlib
INFO: [VRFC 10-311] analyzing module AESL_axi_s_conv_output_V
INFO: [VRFC 10-2263] Analyzing Verilog file "/home/littlefoot/18643_project/Hardware-Accel/HW/convolution_layer_1/solution1/sim/verilog/convolve_sitofp_32ns_32_6.v" into library xil_defaultlib
INFO: [VRFC 10-311] analyzing module convolve_sitofp_32ns_32_6
INFO: [VRFC 10-2263] Analyzing Verilog file "/home/littlefoot/18643_project/Hardware-Accel/HW/convolution_layer_1/solution1/sim/verilog/convolve_Loop_BUFFER_RESET_proc_linebuff.v" into library xil_defaultlib
INFO: [VRFC 10-311] analyzing module convolve_Loop_BUFFER_RESET_proc_linebuff_ram
INFO: [VRFC 10-311] analyzing module convolve_Loop_BUFFER_RESET_proc_linebuff
INFO: [VRFC 10-2263] Analyzing Verilog file "/home/littlefoot/18643_project/Hardware-Accel/HW/convolution_layer_1/solution1/sim/verilog/AESL_axi_s_image_V.v" into library xil_defaultlib
INFO: [VRFC 10-311] analyzing module AESL_axi_s_image_V
INFO: [VRFC 10-2263] Analyzing Verilog file "/home/littlefoot/18643_project/Hardware-Accel/HW/convolution_layer_1/solution1/sim/verilog/convolve.v" into library xil_defaultlib
INFO: [VRFC 10-311] analyzing module convolve
INFO: [VRFC 10-2263] Analyzing Verilog file "/home/littlefoot/18643_project/Hardware-Accel/HW/convolution_layer_1/solution1/sim/verilog/convolve_Loop_BUFFER_RESET_proc.v" into library xil_defaultlib
INFO: [VRFC 10-311] analyzing module convolve_Loop_BUFFER_RESET_proc
INFO: [VRFC 10-2263] Analyzing Verilog file "/home/littlefoot/18643_project/Hardware-Accel/HW/convolution_layer_1/solution1/sim/verilog/convolve_Block_proc.v" into library xil_defaultlib
INFO: [VRFC 10-311] analyzing module convolve_Block_proc
INFO: [VRFC 10-2263] Analyzing Verilog file "/home/littlefoot/18643_project/Hardware-Accel/HW/convolution_layer_1/solution1/sim/verilog/convolve.autotb.v" into library xil_defaultlib
INFO: [VRFC 10-311] analyzing module apatb_convolve_top
INFO: [VRFC 10-2263] Analyzing Verilog file "/home/littlefoot/18643_project/Hardware-Accel/HW/convolution_layer_1/solution1/sim/verilog/convolve_fadd_32ns_32ns_32_5_full_dsp.v" into library xil_defaultlib
INFO: [VRFC 10-311] analyzing module convolve_fadd_32ns_32ns_32_5_full_dsp
INFO: [VRFC 10-2263] Analyzing Verilog file "/home/littlefoot/18643_project/Hardware-Accel/HW/convolution_layer_1/solution1/sim/verilog/convolve_fmul_32ns_32ns_32_4_max_dsp.v" into library xil_defaultlib
INFO: [VRFC 10-311] analyzing module convolve_fmul_32ns_32ns_32_4_max_dsp
INFO: [VRFC 10-2263] Analyzing Verilog file "/home/littlefoot/18643_project/Hardware-Accel/HW/convolution_layer_1/solution1/sim/verilog/AESL_automem_weights.v" into library xil_defaultlib
INFO: [VRFC 10-311] analyzing module AESL_automem_weights
INFO: [VRFC 10-163] Analyzing VHDL file "/home/littlefoot/18643_project/Hardware-Accel/HW/convolution_layer_1/solution1/sim/verilog/ip/xbip_utils_v3_0/xbip_utils_v3_0_vh_rfs.vhd" into library xbip_utils_v3_0
INFO: [VRFC 10-163] Analyzing VHDL file "/home/littlefoot/18643_project/Hardware-Accel/HW/convolution_layer_1/solution1/sim/verilog/ip/axi_utils_v2_0/axi_utils_v2_0_vh_rfs.vhd" into library axi_utils_v2_0
INFO: [VRFC 10-307] analyzing entity glb_srl_fifo
INFO: [VRFC 10-307] analyzing entity glb_ifx_slave
INFO: [VRFC 10-307] analyzing entity glb_ifx_master
INFO: [VRFC 10-307] analyzing entity axi_slave_2to1
INFO: [VRFC 10-307] analyzing entity axi_slave_3to1
INFO: [VRFC 10-307] analyzing entity axi_slave_4to1
INFO: [VRFC 10-163] Analyzing VHDL file "/home/littlefoot/18643_project/Hardware-Accel/HW/convolution_layer_1/solution1/sim/verilog/ip/mult_gen_v12_0/mult_gen_v12_0_vh_rfs.vhd" into library mult_gen_v12_0
INFO: [VRFC 10-307] analyzing entity op_resize
INFO: [VRFC 10-307] analyzing entity delay_line
INFO: [VRFC 10-307] analyzing entity cc_compare
INFO: [VRFC 10-307] analyzing entity luts
INFO: [VRFC 10-307] analyzing entity mult18
INFO: [VRFC 10-307] analyzing entity dsp
INFO: [VRFC 10-307] analyzing entity hybrid
INFO: [VRFC 10-307] analyzing entity ccm_dist_mem
INFO: [VRFC 10-307] analyzing entity ccm_sp_block_mem
INFO: [VRFC 10-307] analyzing entity ccm_dp_block_mem
INFO: [VRFC 10-307] analyzing entity ccm_syncmem
INFO: [VRFC 10-307] analyzing entity ccm_scaled_adder
INFO: [VRFC 10-307] analyzing entity ccm_operation
INFO: [VRFC 10-307] analyzing entity ccm
INFO: [VRFC 10-307] analyzing entity three_input_adder
INFO: [VRFC 10-307] analyzing entity multmxn_lut6
INFO: [VRFC 10-307] analyzing entity mult_gen_v12_0_viv
INFO: [VRFC 10-163] Analyzing VHDL file "/home/littlefoot/18643_project/Hardware-Accel/HW/convolution_layer_1/solution1/sim/verilog/ip/xbip_pipe_v3_0/xbip_pipe_v3_0_vh_rfs.vhd" into library xbip_pipe_v3_0
INFO: [VRFC 10-307] analyzing entity xbip_pipe_v3_0_viv
INFO: [VRFC 10-163] Analyzing VHDL file "/home/littlefoot/18643_project/Hardware-Accel/HW/convolution_layer_1/solution1/sim/verilog/ip/xbip_dsp48_wrapper_v3_0/xbip_dsp48_wrapper_v3_0_vh_rfs.vhd" into library xbip_dsp48_wrapper_v3_0
INFO: [VRFC 10-307] analyzing entity xbip_dsp48a_wrapper_v3_0
INFO: [VRFC 10-307] analyzing entity xbip_dsp48a1_wrapper_v3_0
INFO: [VRFC 10-307] analyzing entity xbip_dsp48e_wrapper_v3_0
INFO: [VRFC 10-307] analyzing entity xbip_dsp48e1_wrapper_v3_0
INFO: [VRFC 10-307] analyzing entity xbip_dsp48e2_wrapper_v3_0
INFO: [VRFC 10-307] analyzing entity xbip_dsp48_wrapper_v3_0
INFO: [VRFC 10-163] Analyzing VHDL file "/home/littlefoot/18643_project/Hardware-Accel/HW/convolution_layer_1/solution1/sim/verilog/ip/xbip_dsp48_addsub_v3_0/xbip_dsp48_addsub_v3_0_vh_rfs.vhd" into library xbip_dsp48_addsub_v3_0
INFO: [VRFC 10-307] analyzing entity xbip_dsp48_addsub_rtl
INFO: [VRFC 10-307] analyzing entity xbip_dsp48_addsub_synth
INFO: [VRFC 10-307] analyzing entity xbip_dsp48_addsub_v3_0_viv
INFO: [VRFC 10-163] Analyzing VHDL file "/home/littlefoot/18643_project/Hardware-Accel/HW/convolution_layer_1/solution1/sim/verilog/ip/floating_point_v7_0/floating_point_v7_0_vh_rfs.vhd" into library floating_point_v7_0
INFO: [VRFC 10-307] analyzing entity fdgS
INFO: [VRFC 10-307] analyzing entity fdgW
INFO: [VRFC 10-307] analyzing entity lutV
INFO: [VRFC 10-307] analyzing entity lutS
INFO: [VRFC 10-307] analyzing entity lutN
INFO: [VRFC 10-307] analyzing entity lutNMuxS
INFO: [VRFC 10-307] analyzing entity srl16eS
INFO: [VRFC 10-307] analyzing entity delayS
INFO: [VRFC 10-307] analyzing entity andW
INFO: [VRFC 10-307] analyzing entity orW
INFO: [VRFC 10-307] analyzing entity srl16ew
INFO: [VRFC 10-307] analyzing entity delayW
INFO: [VRFC 10-307] analyzing entity compW
INFO: [VRFC 10-307] analyzing entity addSubW
INFO: [VRFC 10-307] analyzing entity equalW
INFO: [VRFC 10-307] analyzing entity addW
INFO: [VRFC 10-307] analyzing entity mult18
INFO: [VRFC 10-307] analyzing entity cntrlgen
INFO: [VRFC 10-307] analyzing entity cntrlgen2
INFO: [VRFC 10-307] analyzing entity ppGenR8
INFO: [VRFC 10-307] analyzing entity ppGenR8Msb2
INFO: [VRFC 10-307] analyzing entity addSubShGW
INFO: [VRFC 10-307] analyzing entity addSubShFW
INFO: [VRFC 10-307] analyzing entity vmRoundW
INFO: [VRFC 10-307] analyzing entity vmsMultCore
INFO: [VRFC 10-307] analyzing entity wideEmbedMult4
INFO: [VRFC 10-307] analyzing entity wideEmbedMult16
INFO: [VRFC 10-307] analyzing entity wideEmbedMult
INFO: [VRFC 10-307] analyzing entity dsp48MultALine
INFO: [VRFC 10-307] analyzing entity dsp48Mult
INFO: [VRFC 10-307] analyzing entity xMult
INFO: [VRFC 10-307] analyzing entity delay
INFO: [VRFC 10-307] analyzing entity delay_s
INFO: [VRFC 10-307] analyzing entity mux_bus2
INFO: [VRFC 10-307] analyzing entity twos_comp
INFO: [VRFC 10-307] analyzing entity carry_chain
INFO: [VRFC 10-307] analyzing entity mux4
INFO: [VRFC 10-307] analyzing entity compare_gt
INFO: [VRFC 10-307] analyzing entity compare_eq_im
INFO: [VRFC 10-307] analyzing entity compare_ne_im
INFO: [VRFC 10-307] analyzing entity compare_eq
INFO: [VRFC 10-307] analyzing entity compare
INFO: [VRFC 10-307] analyzing entity special_detect
INFO: [VRFC 10-307] analyzing entity norm_zero_det
INFO: [VRFC 10-307] analyzing entity zero_det_sel
INFO: [VRFC 10-307] analyzing entity shift_msb_first
INFO: [VRFC 10-307] analyzing entity flt_dec_op
INFO: [VRFC 10-307] analyzing entity flt_dec_op_lat
INFO: [VRFC 10-307] analyzing entity lead_zero_encode
INFO: [VRFC 10-307] analyzing entity lead_zero_encode_shift
INFO: [VRFC 10-307] analyzing entity dsp48e1_wrapper
INFO: [VRFC 10-307] analyzing entity dsp48e2_wrapper
INFO: [VRFC 10-307] analyzing entity addsub_logic
INFO: [VRFC 10-307] analyzing entity addsub_dsp
INFO: [VRFC 10-307] analyzing entity addsub
INFO: [VRFC 10-307] analyzing entity flt_round_bit
INFO: [VRFC 10-307] analyzing entity renorm_and_round_logic
INFO: [VRFC 10-307] analyzing entity norm_and_round_dsp48e1_sgl
INFO: [VRFC 10-307] analyzing entity norm_and_round_logic
INFO: [VRFC 10-307] analyzing entity alignment
INFO: [VRFC 10-307] analyzing entity normalize
INFO: [VRFC 10-307] analyzing entity align_add_dsp48e1_sgl
INFO: [VRFC 10-307] analyzing entity align_add
INFO: [VRFC 10-307] analyzing entity multadd
INFO: [VRFC 10-307] analyzing entity compare_ge
INFO: [VRFC 10-307] analyzing entity fix_to_flt_conv_exp
INFO: [VRFC 10-307] analyzing entity fix_to_flt_conv
INFO: [VRFC 10-307] analyzing entity flt_to_fix_conv
INFO: [VRFC 10-307] analyzing entity flt_to_flt_conv_exp
INFO: [VRFC 10-307] analyzing entity flt_to_flt_conv
INFO: [VRFC 10-307] analyzing entity fp_cmp
INFO: [VRFC 10-307] analyzing entity flt_sqrt_mant_addsub
INFO: [VRFC 10-307] analyzing entity flt_sqrt_mant
INFO: [VRFC 10-307] analyzing entity flt_sqrt_exp
INFO: [VRFC 10-307] analyzing entity flt_sqrt
INFO: [VRFC 10-307] analyzing entity flt_div_mant_addsub
INFO: [VRFC 10-307] analyzing entity flt_div_mant
INFO: [VRFC 10-307] analyzing entity flt_div_exp
INFO: [VRFC 10-307] analyzing entity flt_div
INFO: [VRFC 10-307] analyzing entity fix_mult_dsp48e1_lat_dbl
INFO: [VRFC 10-307] analyzing entity fix_mult_dsp48e1_sgl
INFO: [VRFC 10-307] analyzing entity fix_mult_dsp48e1_dbl
INFO: [VRFC 10-307] analyzing entity fix_mult_dsp48e2_dbl
INFO: [VRFC 10-307] analyzing entity fix_mult_qq
INFO: [VRFC 10-307] analyzing entity fix_mult_xx
INFO: [VRFC 10-307] analyzing entity fix_mult
INFO: [VRFC 10-307] analyzing entity flt_round_dsp_opt_full
INFO: [VRFC 10-307] analyzing entity flt_round_dsp_opt_part
INFO: [VRFC 10-307] analyzing entity flt_mult_round
INFO: [VRFC 10-307] analyzing entity flt_mult_exp
INFO: [VRFC 10-307] analyzing entity flt_mult
INFO: [VRFC 10-307] analyzing entity flt_add_exp
INFO: [VRFC 10-307] analyzing entity flt_add_logic
INFO: [VRFC 10-307] analyzing entity flt_add_dsp
INFO: [VRFC 10-307] analyzing entity flt_add_lat_align_add
INFO: [VRFC 10-307] analyzing entity flt_add_lat_norm
INFO: [VRFC 10-307] analyzing entity flt_add_lat_exp
INFO: [VRFC 10-307] analyzing entity flt_add_lat
INFO: [VRFC 10-307] analyzing entity flt_add
INFO: [VRFC 10-307] analyzing entity flt_recip_approx
INFO: [VRFC 10-307] analyzing entity flt_recip_nr
INFO: [VRFC 10-307] analyzing entity flt_recip_reduction_calc
INFO: [VRFC 10-307] analyzing entity flt_recip_eval
INFO: [VRFC 10-307] analyzing entity flt_recip_postprocess
INFO: [VRFC 10-307] analyzing entity flt_recip_specialcase
INFO: [VRFC 10-307] analyzing entity flt_recip_recomb
INFO: [VRFC 10-307] analyzing entity flt_recipsqrt_dp_m_calc
INFO: [VRFC 10-307] analyzing entity flt_recip
INFO: [VRFC 10-307] analyzing entity flt_log_addsub
INFO: [VRFC 10-307] analyzing entity flt_log_addsub_taylor_fabric
INFO: [VRFC 10-307] analyzing entity flt_log_addsub_taylor_combiner_fabric
INFO: [VRFC 10-307] analyzing entity flt_log_single_one_detect
INFO: [VRFC 10-307] analyzing entity flt_log_inproc
INFO: [VRFC 10-307] analyzing entity flt_log_exp
INFO: [VRFC 10-307] analyzing entity flt_log_L_block_memory
INFO: [VRFC 10-307] analyzing entity flt_pt_log_L_block
INFO: [VRFC 10-307] analyzing entity flt_log_rr_mul_iter
INFO: [VRFC 10-307] analyzing entity flt_log_rr_mul
INFO: [VRFC 10-307] analyzing entity flt_log_rr
INFO: [VRFC 10-307] analyzing entity flt_log_taylor
INFO: [VRFC 10-307] analyzing entity flt_log_shift_msb_first
INFO: [VRFC 10-307] analyzing entity flt_log_lead_zero_encode
INFO: [VRFC 10-307] analyzing entity flt_log_normalize
INFO: [VRFC 10-307] analyzing entity flt_log_norm
INFO: [VRFC 10-307] analyzing entity flt_log_rnd
INFO: [VRFC 10-307] analyzing entity flt_log_specialcase
INFO: [VRFC 10-307] analyzing entity flt_log_recomb
INFO: [VRFC 10-307] analyzing entity flt_log
INFO: [VRFC 10-307] analyzing entity flt_exp_specialcase
INFO: [VRFC 10-307] analyzing entity flt_exp_recomb
INFO: [VRFC 10-307] analyzing entity flt_exp_ccm
INFO: [VRFC 10-307] analyzing entity flt_exp_e2A
INFO: [VRFC 10-307] analyzing entity flt_exp_dp_poly
INFO: [VRFC 10-307] analyzing entity flt_exp_e2zmzm1
INFO: [VRFC 10-307] analyzing entity flt_exp
INFO: [VRFC 10-307] analyzing entity flt_fma_specialcase
INFO: [VRFC 10-307] analyzing entity flt_fma_round_bit
INFO: [VRFC 10-307] analyzing entity flt_fma_renorm_and_round_logic
INFO: [VRFC 10-307] analyzing entity flt_fma_special_detect
INFO: [VRFC 10-307] analyzing entity flt_fma_add_exp
INFO: [VRFC 10-307] analyzing entity flt_fma_alignment
INFO: [VRFC 10-307] analyzing entity flt_fma_addsub_dsp1
INFO: [VRFC 10-307] analyzing entity flt_fma_addsub_dsp2
INFO: [VRFC 10-307] analyzing entity flt_fma_addsub
INFO: [VRFC 10-307] analyzing entity flt_fma_align_add
INFO: [VRFC 10-307] analyzing entity flt_fma_norm_logic
INFO: [VRFC 10-307] analyzing entity flt_fma_add_logic
INFO: [VRFC 10-307] analyzing entity flt_fma_add
INFO: [VRFC 10-307] analyzing entity flt_fma_mul
INFO: [VRFC 10-307] analyzing entity flt_fma
INFO: [VRFC 10-307] analyzing entity flt_accum_flt_to_fix
INFO: [VRFC 10-307] analyzing entity flt_accum_bit_encode
INFO: [VRFC 10-307] analyzing entity flt_accum
INFO: [VRFC 10-307] analyzing entity floating_point_v7_0_viv
INFO: [VRFC 10-307] analyzing entity floating_point_v7_0
INFO: [VRFC 10-163] Analyzing VHDL file "/home/littlefoot/18643_project/Hardware-Accel/HW/convolution_layer_1/solution1/sim/verilog/ip/xbip_pipe_v3_0/xbip_pipe_v3_0.vhd" into library xbip_pipe_v3_0
INFO: [VRFC 10-307] analyzing entity xbip_pipe_v3_0
INFO: [VRFC 10-163] Analyzing VHDL file "/home/littlefoot/18643_project/Hardware-Accel/HW/convolution_layer_1/solution1/sim/verilog/ip/xbip_dsp48_addsub_v3_0/xbip_dsp48_addsub_v3_0.vhd" into library xbip_dsp48_addsub_v3_0
INFO: [VRFC 10-307] analyzing entity xbip_dsp48_addsub_v3_0
INFO: [VRFC 10-163] Analyzing VHDL file "/home/littlefoot/18643_project/Hardware-Accel/HW/convolution_layer_1/solution1/sim/verilog/ip/xbip_bram18k_v3_0/xbip_bram18k_v3_0_vh_rfs.vhd" into library xbip_bram18k_v3_0
INFO: [VRFC 10-307] analyzing entity xbip_bram18k_synth
INFO: [VRFC 10-307] analyzing entity xbip_bram18k_rtl
INFO: [VRFC 10-307] analyzing entity xbip_bram18k_v3_0_viv
INFO: [VRFC 10-163] Analyzing VHDL file "/home/littlefoot/18643_project/Hardware-Accel/HW/convolution_layer_1/solution1/sim/verilog/ip/xbip_bram18k_v3_0/xbip_bram18k_v3_0.vhd" into library xbip_bram18k_v3_0
INFO: [VRFC 10-307] analyzing entity xbip_bram18k_v3_0
INFO: [VRFC 10-163] Analyzing VHDL file "/home/littlefoot/18643_project/Hardware-Accel/HW/convolution_layer_1/solution1/sim/verilog/ip/mult_gen_v12_0/mult_gen_v12_0.vhd" into library mult_gen_v12_0
INFO: [VRFC 10-307] analyzing entity mult_gen_v12_0
INFO: [VRFC 10-163] Analyzing VHDL file "/home/littlefoot/18643_project/Hardware-Accel/HW/convolution_layer_1/solution1/sim/verilog/ip/xil_defaultlib/convolve_ap_sitofp_4_no_dsp_32.vhd" into library xil_defaultlib
INFO: [VRFC 10-307] analyzing entity convolve_ap_sitofp_4_no_dsp_32
INFO: [VRFC 10-163] Analyzing VHDL file "/home/littlefoot/18643_project/Hardware-Accel/HW/convolution_layer_1/solution1/sim/verilog/ip/xil_defaultlib/convolve_ap_fadd_3_full_dsp_32.vhd" into library xil_defaultlib
INFO: [VRFC 10-307] analyzing entity convolve_ap_fadd_3_full_dsp_32
INFO: [VRFC 10-163] Analyzing VHDL file "/home/littlefoot/18643_project/Hardware-Accel/HW/convolution_layer_1/solution1/sim/verilog/ip/xil_defaultlib/convolve_ap_fcmp_0_no_dsp_32.vhd" into library xil_defaultlib
INFO: [VRFC 10-307] analyzing entity convolve_ap_fcmp_0_no_dsp_32
INFO: [VRFC 10-163] Analyzing VHDL file "/home/littlefoot/18643_project/Hardware-Accel/HW/convolution_layer_1/solution1/sim/verilog/ip/xil_defaultlib/convolve_ap_fmul_2_max_dsp_32.vhd" into library xil_defaultlib
INFO: [VRFC 10-307] analyzing entity convolve_ap_fmul_2_max_dsp_32
Starting static elaboration
WARNING: [VRFC 10-1303] range is empty (null range) [/home/littlefoot/18643_project/Hardware-Accel/HW/convolution_layer_1/solution1/sim/verilog/ip/mult_gen_v12_0/mult_gen_v12_0_vh_rfs.vhd:2307]
WARNING: [VRFC 10-1303] range is empty (null range) [/home/littlefoot/18643_project/Hardware-Accel/HW/convolution_layer_1/solution1/sim/verilog/ip/mult_gen_v12_0/mult_gen_v12_0_vh_rfs.vhd:2292]
WARNING: [#UNDEF] Note: "in get_registers " [/home/littlefoot/18643_project/Hardware-Accel/HW/convolution_layer_1/solution1/sim/verilog/ip/floating_point_v7_0/floating_point_v7_0_vh_rfs.vhd:12551]
WARNING: [VRFC 10-1303] range is empty (null range) [/home/littlefoot/18643_project/Hardware-Accel/HW/convolution_layer_1/solution1/sim/verilog/ip/floating_point_v7_0/floating_point_v7_0_vh_rfs.vhd:83701]
WARNING: [VRFC 10-1303] range is empty (null range) [/home/littlefoot/18643_project/Hardware-Accel/HW/convolution_layer_1/solution1/sim/verilog/ip/xbip_pipe_v3_0/xbip_pipe_v3_0_vh_rfs.vhd:427]
WARNING: [VRFC 10-1303] range is empty (null range) [/home/littlefoot/18643_project/Hardware-Accel/HW/convolution_layer_1/solution1/sim/verilog/ip/floating_point_v7_0/floating_point_v7_0_vh_rfs.vhd:12440]
WARNING: [VRFC 10-1303] range is empty (null range) [/home/littlefoot/18643_project/Hardware-Accel/HW/convolution_layer_1/solution1/sim/verilog/ip/floating_point_v7_0/floating_point_v7_0_vh_rfs.vhd:12440]
WARNING: [VRFC 10-1303] range is empty (null range) [ip/xbip_pipe_v3_0/xbip_pipe_v3_0_vh_rfs.vhd:427]
WARNING: [VRFC 10-1303] range is empty (null range) [ip/xbip_pipe_v3_0/xbip_pipe_v3_0_vh_rfs.vhd:427]
WARNING: [VRFC 10-1303] range is empty (null range) [ip/xbip_pipe_v3_0/xbip_pipe_v3_0_vh_rfs.vhd:427]
WARNING: [VRFC 10-1303] range is empty (null range) [ip/xbip_pipe_v3_0/xbip_pipe_v3_0_vh_rfs.vhd:427]
WARNING: [VRFC 10-1303] range is empty (null range) [ip/xbip_pipe_v3_0/xbip_pipe_v3_0_vh_rfs.vhd:427]
WARNING: [VRFC 10-1303] range is empty (null range) [ip/xbip_pipe_v3_0/xbip_pipe_v3_0_vh_rfs.vhd:427]
WARNING: [VRFC 10-1303] range is empty (null range) [ip/floating_point_v7_0/floating_point_v7_0_vh_rfs.vhd:12440]
WARNING: [VRFC 10-1303] range is empty (null range) [ip/floating_point_v7_0/floating_point_v7_0_vh_rfs.vhd:12440]
WARNING: [VRFC 10-1303] range is empty (null range) [ip/floating_point_v7_0/floating_point_v7_0_vh_rfs.vhd:12440]
WARNING: [VRFC 10-1303] range is empty (null range) [ip/floating_point_v7_0/floating_point_v7_0_vh_rfs.vhd:12440]
WARNING: [VRFC 10-1303] range is empty (null range) [ip/floating_point_v7_0/floating_point_v7_0_vh_rfs.vhd:13398]
WARNING: [VRFC 10-982] library name floating_point_v7_0 of instantiated unit conflicts with visible identifier [ip/xil_defaultlib/convolve_ap_fadd_3_full_dsp_32.vhd:189]
WARNING: [#UNDEF] Note: "in get_registers " [ip/floating_point_v7_0/floating_point_v7_0_vh_rfs.vhd:12551]
WARNING: [VRFC 10-1303] range is empty (null range) [ip/floating_point_v7_0/floating_point_v7_0_vh_rfs.vhd:83701]
WARNING: [VRFC 10-1303] range is empty (null range) [ip/floating_point_v7_0/floating_point_v7_0_vh_rfs.vhd:12440]
WARNING: [VRFC 10-1303] range is empty (null range) [ip/floating_point_v7_0/floating_point_v7_0_vh_rfs.vhd:12440]
WARNING: [VRFC 10-1303] range is empty (null range) [ip/floating_point_v7_0/floating_point_v7_0_vh_rfs.vhd:12440]
WARNING: [VRFC 10-1303] range is empty (null range) [ip/xbip_pipe_v3_0/xbip_pipe_v3_0_vh_rfs.vhd:427]
WARNING: [VRFC 10-1303] range is empty (null range) [ip/floating_point_v7_0/floating_point_v7_0_vh_rfs.vhd:12440]
WARNING: [VRFC 10-1303] range is empty (null range) [ip/floating_point_v7_0/floating_point_v7_0_vh_rfs.vhd:12440]
WARNING: [VRFC 10-1303] range is empty (null range) [ip/xbip_pipe_v3_0/xbip_pipe_v3_0_vh_rfs.vhd:427]
WARNING: [VRFC 10-1303] range is empty (null range) [ip/floating_point_v7_0/floating_point_v7_0_vh_rfs.vhd:12440]
WARNING: [VRFC 10-1303] range is empty (null range) [ip/floating_point_v7_0/floating_point_v7_0_vh_rfs.vhd:12440]
WARNING: [VRFC 10-1303] range is empty (null range) [ip/floating_point_v7_0/floating_point_v7_0_vh_rfs.vhd:12440]
WARNING: [VRFC 10-1303] range is empty (null range) [ip/floating_point_v7_0/floating_point_v7_0_vh_rfs.vhd:12440]
WARNING: [VRFC 10-1303] range is empty (null range) [ip/floating_point_v7_0/floating_point_v7_0_vh_rfs.vhd:13398]
WARNING: [VRFC 10-982] library name floating_point_v7_0 of instantiated unit conflicts with visible identifier [ip/xil_defaultlib/convolve_ap_fmul_2_max_dsp_32.vhd:189]
WARNING: [#UNDEF] Note: "in get_registers " [ip/floating_point_v7_0/floating_point_v7_0_vh_rfs.vhd:12551]
WARNING: [VRFC 10-1303] range is empty (null range) [ip/floating_point_v7_0/floating_point_v7_0_vh_rfs.vhd:83701]
WARNING: [VRFC 10-1303] range is empty (null range) [ip/xbip_pipe_v3_0/xbip_pipe_v3_0_vh_rfs.vhd:427]
WARNING: [VRFC 10-1303] range is empty (null range) [ip/xbip_pipe_v3_0/xbip_pipe_v3_0_vh_rfs.vhd:427]
WARNING: [VRFC 10-1303] range is empty (null range) [ip/floating_point_v7_0/floating_point_v7_0_vh_rfs.vhd:29987]
WARNING: [VRFC 10-1303] range is empty (null range) [ip/floating_point_v7_0/floating_point_v7_0_vh_rfs.vhd:13398]
WARNING: [VRFC 10-982] library name floating_point_v7_0 of instantiated unit conflicts with visible identifier [ip/xil_defaultlib/convolve_ap_sitofp_4_no_dsp_32.vhd:185]
WARNING: [#UNDEF] Note: "in get_registers " [ip/floating_point_v7_0/floating_point_v7_0_vh_rfs.vhd:12551]
WARNING: [VRFC 10-1303] range is empty (null range) [ip/floating_point_v7_0/floating_point_v7_0_vh_rfs.vhd:83701]
WARNING: [VRFC 10-1303] range is empty (null range) [ip/floating_point_v7_0/floating_point_v7_0_vh_rfs.vhd:13398]
WARNING: [VRFC 10-982] library name floating_point_v7_0 of instantiated unit conflicts with visible identifier [ip/xil_defaultlib/convolve_ap_fcmp_0_no_dsp_32.vhd:189]
Completed static elaboration
Starting simulation data flow analysis
Completed simulation data flow analysis
Time Resolution for simulation is 1ps
Compiling package std.standard
Compiling package ieee.std_logic_1164
Compiling package ieee.numeric_std
Compiling package floating_point_v7_0.floating_point_v7_0_viv_comp
Compiling package std.textio
Compiling package xbip_utils_v3_0.xbip_utils_v3_0_pkg
Compiling package axi_utils_v2_0.axi_utils_v2_0_pkg
Compiling package floating_point_v7_0.floating_point_v7_0_consts
Compiling package ieee.math_real
Compiling package floating_point_v7_0.floating_point_v7_0_exp_table_pk...
Compiling package mult_gen_v12_0.mult_gen_v12_0_pkg
Compiling package ieee.std_logic_arith
Compiling package ieee.std_logic_signed
Compiling package floating_point_v7_0.floating_point_v7_0_pkg
Compiling package floating_point_v7_0.flt_utils
Compiling package xbip_pipe_v3_0.xbip_pipe_v3_0_viv_comp
Compiling package unisim.vcomponents
Compiling package ieee.vital_timing
Compiling package ieee.vital_primitives
Compiling package unisim.vpkg
Compiling package floating_point_v7_0.vt2mutils
Compiling package floating_point_v7_0.vt2mcomps
Compiling module xil_defaultlib.convolve_Loop_BUFFER_RESET_proc_...
Compiling module xil_defaultlib.convolve_Loop_BUFFER_RESET_proc_...
Compiling architecture muxcy_v of entity unisim.MUXCY [muxcy_default]
Compiling architecture synth of entity xbip_pipe_v3_0.xbip_pipe_v3_0_viv [\xbip_pipe_v3_0_viv(0,1,0,0,0,0,...]
Compiling architecture rtl of entity floating_point_v7_0.delay [\delay(7,0,false,false)\]
Compiling architecture struct of entity floating_point_v7_0.carry_chain [\carry_chain("zynq",7,0,0,false,...]
Compiling architecture synth of entity floating_point_v7_0.compare_eq_im [\compare_eq_im("zynq",14,others ...]
Compiling architecture xorcy_v of entity unisim.XORCY [xorcy_default]
Compiling architecture struct of entity floating_point_v7_0.carry_chain [\carry_chain("zynq",1,0,0,false,...]
Compiling architecture synth of entity xbip_pipe_v3_0.xbip_pipe_v3_0_viv [\xbip_pipe_v3_0_viv(0,1,0,0,0,0,...]
Compiling architecture rtl of entity floating_point_v7_0.delay [\delay(1,0,false,false)\]
Compiling architecture synth of entity xbip_pipe_v3_0.xbip_pipe_v3_0_viv [\xbip_pipe_v3_0_viv(0,1,0,0,0,0,...]
Compiling architecture rtl of entity floating_point_v7_0.delay [\delay(24,0,false,true)\]
Compiling architecture synth of entity xbip_pipe_v3_0.xbip_pipe_v3_0_viv [\xbip_pipe_v3_0_viv(0,1,0,0,0,0,...]
Compiling architecture rtl of entity floating_point_v7_0.delay [\delay(16,0,false,false)\]
Compiling architecture synth of entity xbip_pipe_v3_0.xbip_pipe_v3_0_viv [\xbip_pipe_v3_0_viv(0,1,0,0,0,0,...]
Compiling architecture rtl of entity floating_point_v7_0.delay [\delay(4,0,false,false)\]
Compiling architecture synth of entity xbip_pipe_v3_0.xbip_pipe_v3_0_viv [\xbip_pipe_v3_0_viv(0,1,0,0,0,0,...]
Compiling architecture rtl of entity floating_point_v7_0.delay [\delay(48,0,false,false)\]
Compiling architecture synth of entity xbip_pipe_v3_0.xbip_pipe_v3_0_viv [\xbip_pipe_v3_0_viv(0,1,0,0,0,0,...]
Compiling architecture rtl of entity floating_point_v7_0.delay [\delay(24,0,false,false)\]
Compiling architecture synth of entity xbip_pipe_v3_0.xbip_pipe_v3_0_viv [\xbip_pipe_v3_0_viv(0,1,0,0,0,0,...]
Compiling architecture rtl of entity floating_point_v7_0.delay [\delay(25,0,false,false)\]
Compiling architecture dsp48e1_v of entity unisim.DSP48E1 [\DSP48E1(0,0,0,0,"NO_RESET","DIR...]
Compiling architecture rtl of entity floating_point_v7_0.dsp48e1_wrapper [\dsp48e1_wrapper(24,16,48,25,40,...]
Compiling architecture synth of entity xbip_pipe_v3_0.xbip_pipe_v3_0_viv [\xbip_pipe_v3_0_viv(1,1,0,0,0,0,...]
Compiling architecture rtl of entity floating_point_v7_0.delay [\delay(1,1,false,false)\]
Compiling architecture synth of entity xbip_pipe_v3_0.xbip_pipe_v3_0_viv [\xbip_pipe_v3_0_viv(0,1,0,0,0,0,...]
Compiling architecture rtl of entity floating_point_v7_0.delay [\delay(13,0,false,false)\]
Compiling architecture synth of entity xbip_pipe_v3_0.xbip_pipe_v3_0_viv [\xbip_pipe_v3_0_viv(0,1,0,0,0,0,...]
Compiling architecture rtl of entity floating_point_v7_0.delay [\delay(27,0,false,false)\]
Compiling architecture synth of entity floating_point_v7_0.align_add_dsp48e1_sgl [\align_add_dsp48e1_sgl("zynq",24...]
Compiling architecture lut5_v of entity unisim.LUT5 [\LUT5("0000000000000000111111110...]
Compiling architecture lut5_v of entity unisim.LUT5 [\LUT5("0000000000000000000000001...]
Compiling architecture synth of entity xbip_pipe_v3_0.xbip_pipe_v3_0_viv [\xbip_pipe_v3_0_viv(0,1,0,0,0,0,...]
Compiling architecture rtl of entity floating_point_v7_0.delay [\delay(5,0,false,false)\]
Compiling architecture rtl of entity floating_point_v7_0.lead_zero_encode_shift [\lead_zero_encode_shift(24,8,(fa...]
Compiling architecture synth of entity xbip_pipe_v3_0.xbip_pipe_v3_0_viv [\xbip_pipe_v3_0_viv(0,1,0,0,0,0,...]
Compiling architecture rtl of entity floating_point_v7_0.delay [\delay(1,0,false,true)\]
Compiling architecture synth of entity xbip_pipe_v3_0.xbip_pipe_v3_0_viv [\xbip_pipe_v3_0_viv(1,1,0,0,0,0,...]
Compiling architecture rtl of entity floating_point_v7_0.delay [\delay(2,1,false,false)\]
Compiling architecture dsp48e1_v of entity unisim.DSP48E1 [\DSP48E1(1,0,0,1,"NO_RESET","DIR...]
Compiling architecture rtl of entity floating_point_v7_0.dsp48e1_wrapper [\dsp48e1_wrapper(24,16,48,25,35,...]
Compiling architecture rtl of entity floating_point_v7_0.norm_and_round_dsp48e1_sgl [\norm_and_round_dsp48e1_sgl(24,8...]
Compiling architecture synth of entity xbip_pipe_v3_0.xbip_pipe_v3_0_viv [\xbip_pipe_v3_0_viv(1,1,0,0,0,0,...]
Compiling architecture rtl of entity floating_point_v7_0.delay [\delay(23,1,false,false)\]
Compiling architecture synth of entity xbip_pipe_v3_0.xbip_pipe_v3_0_viv [\xbip_pipe_v3_0_viv(0,1,0,0,0,0,...]
Compiling architecture rtl of entity floating_point_v7_0.delay [\delay(9,0,false,false)\]
Compiling architecture struct of entity floating_point_v7_0.carry_chain [\carry_chain("zynq",9,0,0,false,...]
Compiling architecture synth of entity xbip_pipe_v3_0.xbip_pipe_v3_0_viv [\xbip_pipe_v3_0_viv(0,1,0,0,0,0,...]
Compiling architecture rtl of entity floating_point_v7_0.delay [\delay(9,0,false,true)\]
Compiling architecture synth of entity xbip_pipe_v3_0.xbip_pipe_v3_0_viv [\xbip_pipe_v3_0_viv(1,1,0,0,0,0,...]
Compiling architecture rtl of entity floating_point_v7_0.delay [\delay(10,1,false,false)\]
Compiling architecture synth of entity xbip_pipe_v3_0.xbip_pipe_v3_0_viv [\xbip_pipe_v3_0_viv(0,1,0,0,0,0,...]
Compiling architecture rtl of entity floating_point_v7_0.delay [\delay(4,0,false,true)\]
Compiling architecture synth of entity xbip_pipe_v3_0.xbip_pipe_v3_0_viv [\xbip_pipe_v3_0_viv(0,1,0,0,0,0,...]
Compiling architecture rtl of entity floating_point_v7_0.delay [\delay(8,0,false,false)\]
Compiling architecture fdre_v of entity unisim.FDRE [\FDRE('0','0','0','0')\]
Compiling architecture fde_v of entity unisim.FDE [\FDE('0')\]
Compiling architecture struct of entity floating_point_v7_0.carry_chain [\carry_chain("zynq",4,0,1,false,...]
Compiling architecture synth of entity floating_point_v7_0.compare_eq_im [\compare_eq_im("zynq",23,others ...]
Compiling architecture synth of entity xbip_pipe_v3_0.xbip_pipe_v3_0_viv [\xbip_pipe_v3_0_viv(1,1,0,0,0,0,...]
Compiling architecture rtl of entity floating_point_v7_0.delay [\delay(1,1,false,true)\]
Compiling architecture rtl of entity floating_point_v7_0.special_detect [\special_detect("zynq",false,32,...]
Compiling architecture struct of entity floating_point_v7_0.carry_chain [\carry_chain("zynq",16,0,1,false...]
Compiling architecture synth of entity floating_point_v7_0.compare_gt [\compare_gt("zynq",32,false,1)(1...]
Compiling architecture synth of entity floating_point_v7_0.compare [\compare("zynq",32,true,1)(1,4)\]
Compiling architecture synth of entity xbip_pipe_v3_0.xbip_pipe_v3_0_viv [\xbip_pipe_v3_0_viv(1,1,0,0,0,0,...]
Compiling architecture rtl of entity floating_point_v7_0.delay [\delay(8,1,false,false)\]
Compiling architecture synth of entity xbip_pipe_v3_0.xbip_pipe_v3_0_viv [\xbip_pipe_v3_0_viv(1,1,0,0,0,0,...]
Compiling architecture rtl of entity floating_point_v7_0.delay [\delay(9,1,false,false)\]
Compiling architecture synth of entity xbip_pipe_v3_0.xbip_pipe_v3_0_viv [\xbip_pipe_v3_0_viv(2,1,0,0,0,0,...]
Compiling architecture rtl of entity floating_point_v7_0.delay [\delay(2,2,false,true)\]
Compiling architecture synth of entity xbip_pipe_v3_0.xbip_pipe_v3_0_viv [\xbip_pipe_v3_0_viv(2,1,0,0,0,0,...]
Compiling architecture rtl of entity floating_point_v7_0.delay [\delay(1,2,false,true)\]
Compiling architecture synth of entity xbip_pipe_v3_0.xbip_pipe_v3_0_viv [\xbip_pipe_v3_0_viv(0,1,0,0,0,0,...]
Compiling architecture rtl of entity floating_point_v7_0.delay [\delay(2,0,false,true)\]
Compiling architecture synth of entity xbip_pipe_v3_0.xbip_pipe_v3_0_viv [\xbip_pipe_v3_0_viv(0,1,0,0,0,0,...]
Compiling architecture rtl of entity floating_point_v7_0.delay [\delay(12,0,false,false)\]
Compiling architecture rtl of entity floating_point_v7_0.flt_add_exp [\flt_add_exp("zynq",32,8,24,(-21...]
Compiling architecture synth of entity floating_point_v7_0.flt_dec_op [\flt_dec_op("zynq",32,24,false,1...]
Compiling architecture rtl of entity floating_point_v7_0.flt_add_dsp [\flt_add_dsp("zynq",32,24,32,24,...]
Compiling architecture rtl of entity floating_point_v7_0.flt_add [\flt_add("zynq",1,0,0,0,32,24,32...]
Compiling architecture synth of entity xbip_pipe_v3_0.xbip_pipe_v3_0_viv [\xbip_pipe_v3_0_viv(3,1,0,0,0,0,...]
Compiling architecture synth of entity xbip_pipe_v3_0.xbip_pipe_v3_0_viv [\xbip_pipe_v3_0_viv(0,1,0,0,0,0,...]
Compiling architecture rtl of entity floating_point_v7_0.delay [\delay(32,0,false,false)\]
Compiling architecture xilinx of entity floating_point_v7_0.floating_point_v7_0_viv [\floating_point_v7_0_viv("zynq",...]
Compiling architecture xilinx of entity floating_point_v7_0.floating_point_v7_0 [\floating_point_v7_0("zynq",1,0,...]
Compiling architecture convolve_ap_fadd_3_full_dsp_32_arch of entity xil_defaultlib.convolve_ap_fadd_3_full_dsp_32 [convolve_ap_fadd_3_full_dsp_32_d...]
Compiling module xil_defaultlib.convolve_fadd_32ns_32ns_32_5_ful...
Compiling architecture synth of entity xbip_pipe_v3_0.xbip_pipe_v3_0_viv [\xbip_pipe_v3_0_viv(0,1,0,0,0,0,...]
Compiling architecture rtl of entity floating_point_v7_0.delay [\delay(17,0,false,false)\]
Compiling architecture dsp48e1_v of entity unisim.DSP48E1 [\DSP48E1(0,0,0,0,"NO_RESET","DIR...]
Compiling architecture rtl of entity floating_point_v7_0.dsp48e1_wrapper [\dsp48e1_wrapper(24,17,16,25,41,...]
Compiling architecture dsp48e1_v of entity unisim.DSP48E1 [\DSP48E1(0,0,0,0,"NO_RESET","CAS...]
Compiling architecture rtl of entity floating_point_v7_0.dsp48e1_wrapper [\dsp48e1_wrapper(24,7,48,25,31,f...]
Compiling architecture struct of entity floating_point_v7_0.fix_mult_dsp48e1_sgl [\fix_mult_dsp48e1_sgl((false,fal...]
Compiling architecture rtl of entity floating_point_v7_0.fix_mult [\fix_mult("zynq",flt_pt_fix_mult...]
Compiling architecture synth of entity xbip_pipe_v3_0.xbip_pipe_v3_0_viv [\xbip_pipe_v3_0_viv(0,1,0,0,0,0,...]
Compiling architecture rtl of entity floating_point_v7_0.delay [\delay(8,0,false,true)\]
Compiling architecture struct of entity floating_point_v7_0.carry_chain [\carry_chain("zynq",8,0,0,false,...]
Compiling architecture struct of entity floating_point_v7_0.carry_chain [\carry_chain("zynq",4,0,0,false,...]
Compiling architecture synth of entity floating_point_v7_0.compare_eq_im [\compare_eq_im("zynq",23,others ...]
Compiling architecture rtl of entity floating_point_v7_0.special_detect [\special_detect("zynq",false,32,...]
Compiling architecture synth of entity xbip_pipe_v3_0.xbip_pipe_v3_0_viv [\xbip_pipe_v3_0_viv(1,1,0,0,0,0,...]
Compiling architecture rtl of entity floating_point_v7_0.delay [\delay(2,1,false,true)\]
Compiling architecture synth of entity xbip_pipe_v3_0.xbip_pipe_v3_0_viv [\xbip_pipe_v3_0_viv(1,1,0,0,0,0,...]
Compiling architecture rtl of entity floating_point_v7_0.delay [\delay(4,1,false,true)\]
Compiling architecture synth of entity xbip_pipe_v3_0.xbip_pipe_v3_0_viv [\xbip_pipe_v3_0_viv(0,1,0,0,0,0,...]
Compiling architecture rtl of entity floating_point_v7_0.delay [\delay(3,0,false,true)\]
Compiling architecture synth of entity xbip_pipe_v3_0.xbip_pipe_v3_0_viv [\xbip_pipe_v3_0_viv(0,1,0,0,0,0,...]
Compiling architecture rtl of entity floating_point_v7_0.delay [\delay(14,0,false,false)\]
Compiling architecture rtl of entity floating_point_v7_0.flt_mult_exp [\flt_mult_exp("zynq",false,32,8,...]
Compiling architecture synth of entity xbip_pipe_v3_0.xbip_pipe_v3_0_viv [\xbip_pipe_v3_0_viv(0,1,0,0,0,0,...]
Compiling architecture rtl of entity floating_point_v7_0.delay [\delay(30,0,false,false)\]
Compiling architecture synth of entity xbip_pipe_v3_0.xbip_pipe_v3_0_viv [\xbip_pipe_v3_0_viv(0,1,0,0,0,0,...]
Compiling architecture rtl of entity floating_point_v7_0.delay [\delay(18,0,false,false)\]
Compiling architecture dsp48e1_v of entity unisim.DSP48E1 [\DSP48E1(0,0,0,0,"NO_RESET","DIR...]
Compiling architecture rtl of entity floating_point_v7_0.dsp48e1_wrapper [\dsp48e1_wrapper(30,18,48,25,48,...]
Compiling architecture struct of entity floating_point_v7_0.flt_round_dsp_opt_full [\flt_round_dsp_opt_full("zynq",(...]
Compiling architecture rtl of entity floating_point_v7_0.flt_mult_round [\flt_mult_round("zynq",(flt_pt_i...]
Compiling architecture synth of entity floating_point_v7_0.flt_dec_op_lat [\flt_dec_op_lat("zynq",32,24,tru...]
Compiling architecture rtl of entity floating_point_v7_0.flt_mult [\flt_mult("zynq",1,3,32,24,32,24...]
Compiling architecture xilinx of entity floating_point_v7_0.floating_point_v7_0_viv [\floating_point_v7_0_viv("zynq",...]
Compiling architecture xilinx of entity floating_point_v7_0.floating_point_v7_0 [\floating_point_v7_0("zynq",0,0,...]
Compiling architecture convolve_ap_fmul_2_max_dsp_32_arch of entity xil_defaultlib.convolve_ap_fmul_2_max_dsp_32 [convolve_ap_fmul_2_max_dsp_32_de...]
Compiling module xil_defaultlib.convolve_fmul_32ns_32ns_32_4_max...
Compiling architecture synth of entity xbip_pipe_v3_0.xbip_pipe_v3_0_viv [\xbip_pipe_v3_0_viv(1,1,0,0,0,0,...]
Compiling architecture rtl of entity floating_point_v7_0.delay [\delay(4,1,false,false)\]
Compiling architecture rtl of entity floating_point_v7_0.norm_zero_det [\norm_zero_det(7,32,8,0,true,(tr...]
Compiling architecture synth of entity xbip_pipe_v3_0.xbip_pipe_v3_0_viv [\xbip_pipe_v3_0_viv(0,1,0,0,0,0,...]
Compiling architecture rtl of entity floating_point_v7_0.delay [\delay(31,0,false,false)\]
Compiling architecture synth of entity xbip_pipe_v3_0.xbip_pipe_v3_0_viv [\xbip_pipe_v3_0_viv(1,1,0,0,0,0,...]
Compiling architecture rtl of entity floating_point_v7_0.delay [\delay(32,1,false,false)\]
Compiling architecture struct of entity floating_point_v7_0.carry_chain [\carry_chain("zynq",32,1,0,false...]
Compiling architecture rtl of entity floating_point_v7_0.mux4 [\mux4("zynq",4,true,0)(1,4)\]
Compiling architecture rtl of entity floating_point_v7_0.mux4 [\mux4("zynq",1,true,1)(1,4)\]
Compiling architecture struct of entity floating_point_v7_0.carry_chain [\carry_chain("zynq",8,0,1,true,t...]
Compiling architecture rtl of entity floating_point_v7_0.lead_zero_encode [\lead_zero_encode("zynq",false,8...]
Compiling architecture rtl of entity floating_point_v7_0.shift_msb_first [\shift_msb_first(32,26,8,false,t...]
Compiling architecture struct of entity floating_point_v7_0.carry_chain [\carry_chain("zynq",12,0,0,false...]
Compiling architecture struct of entity floating_point_v7_0.carry_chain [\carry_chain("zynq",12,0,0,false...]
Compiling architecture synth of entity xbip_pipe_v3_0.xbip_pipe_v3_0_viv [\xbip_pipe_v3_0_viv(0,1,0,0,0,0,...]
Compiling architecture rtl of entity floating_point_v7_0.delay [\delay(3,0,false,false)\]
Compiling architecture synth of entity xbip_pipe_v3_0.xbip_pipe_v3_0_viv [\xbip_pipe_v3_0_viv(0,1,0,0,0,0,...]
Compiling architecture rtl of entity floating_point_v7_0.delay [\delay(2,0,false,false)\]
Compiling architecture struct of entity floating_point_v7_0.carry_chain [\carry_chain("zynq",3,0,0,false,...]
Compiling architecture rtl of entity floating_point_v7_0.flt_round_bit [\flt_round_bit("zynq",false,fals...]
Compiling architecture rtl of entity floating_point_v7_0.renorm_and_round_logic [\renorm_and_round_logic("zynq",(...]
Compiling architecture synth of entity xbip_pipe_v3_0.xbip_pipe_v3_0_viv [\xbip_pipe_v3_0_viv(3,1,0,0,0,0,...]
Compiling architecture rtl of entity floating_point_v7_0.delay [\delay(1,3,false,false)\]
Compiling architecture synth of entity floating_point_v7_0.fix_to_flt_conv_exp [\fix_to_flt_conv_exp("zynq",32,0...]
Compiling architecture synth of entity floating_point_v7_0.flt_dec_op [\flt_dec_op("zynq",32,24,true,1,...]
Compiling architecture struct of entity floating_point_v7_0.fix_to_flt_conv [\fix_to_flt_conv("zynq",32,0,32,...]
Compiling architecture synth of entity xbip_pipe_v3_0.xbip_pipe_v3_0_viv [\xbip_pipe_v3_0_viv(4,1,0,0,0,0,...]
Compiling architecture xilinx of entity floating_point_v7_0.floating_point_v7_0_viv [\floating_point_v7_0_viv("zynq",...]
Compiling architecture xilinx of entity floating_point_v7_0.floating_point_v7_0 [\floating_point_v7_0("zynq",0,0,...]
Compiling architecture convolve_ap_sitofp_4_no_dsp_32_arch of entity xil_defaultlib.convolve_ap_sitofp_4_no_dsp_32 [convolve_ap_sitofp_4_no_dsp_32_d...]
Compiling module xil_defaultlib.convolve_sitofp_32ns_32_6(ID=1)
Compiling architecture synth of entity floating_point_v7_0.compare_eq_im [\compare_eq_im("zynq",16,others ...]
Compiling architecture synth of entity floating_point_v7_0.compare_ne_im [\compare_ne_im("zynq",23,others ...]
Compiling architecture struct of entity floating_point_v7_0.carry_chain [\carry_chain("zynq",2,0,0,false,...]
Compiling architecture synth of entity floating_point_v7_0.compare_eq_im [\compare_eq_im("zynq",8,others =...]
Compiling architecture synth of entity xbip_pipe_v3_0.xbip_pipe_v3_0_viv [\xbip_pipe_v3_0_viv(0,1,0,0,0,0,...]
Compiling architecture rtl of entity floating_point_v7_0.delay [\delay(11,0,false,false)\]
Compiling architecture struct of entity floating_point_v7_0.carry_chain [\carry_chain("zynq",11,0,0,false...]
Compiling architecture synth of entity floating_point_v7_0.compare_eq [\compare_eq("zynq",32,false,0)(1...]
Compiling architecture struct of entity floating_point_v7_0.carry_chain [\carry_chain("zynq",16,0,0,false...]
Compiling architecture synth of entity floating_point_v7_0.compare_gt [\compare_gt("zynq",32,false,0)(1...]
Compiling architecture rtl of entity floating_point_v7_0.fp_cmp [\fp_cmp("zynq",2,32,24,32,24,1,0...]
Compiling architecture xilinx of entity floating_point_v7_0.floating_point_v7_0_viv [\floating_point_v7_0_viv("zynq",...]
Compiling architecture xilinx of entity floating_point_v7_0.floating_point_v7_0 [\floating_point_v7_0("zynq",0,0,...]
Compiling architecture convolve_ap_fcmp_0_no_dsp_32_arch of entity xil_defaultlib.convolve_ap_fcmp_0_no_dsp_32 [convolve_ap_fcmp_0_no_dsp_32_def...]
Compiling module xil_defaultlib.convolve_fcmp_32ns_32ns_1_1(ID=1...
Compiling module xil_defaultlib.convolve_Loop_BUFFER_RESET_proc
Compiling module xil_defaultlib.convolve_Block_proc
Compiling module xil_defaultlib.convolve
Compiling module xil_defaultlib.AESL_automem_weights
Compiling module xil_defaultlib.AESL_axi_s_image_V
Compiling module xil_defaultlib.AESL_axi_s_conv_output_V
Compiling module xil_defaultlib.apatb_convolve_top
Waiting for 5 sub-compilation(s) to finish...
Built simulation snapshot convolve

****** Webtalk v2015.2 (64-bit)
  **** SW Build 1266856 on Fri Jun 26 16:35:25 MDT 2015
  **** IP Build 1264090 on Wed Jun 24 14:22:01 MDT 2015
    ** Copyright 1986-2015 Xilinx, Inc. All Rights Reserved.

source /home/littlefoot/18643_project/Hardware-Accel/HW/convolution_layer_1/solution1/sim/verilog/xsim.dir/convolve/webtalk/xsim_webtalk.tcl -notrace
INFO: [Common 17-186] '/home/littlefoot/18643_project/Hardware-Accel/HW/convolution_layer_1/solution1/sim/verilog/xsim.dir/convolve/webtalk/usage_statistics_ext_xsim.xml' has been successfully sent to Xilinx on Wed Nov 30 15:09:59 2016. For additional details about this file, please refer to the WebTalk help file at /home/littlefoot/vivado/Vivado/2015.2/doc/webtalk_introduction.html.
INFO: [Common 17-206] Exiting Webtalk at Wed Nov 30 15:09:59 2016...

****** xsim v2015.2 (64-bit)
  **** SW Build 1266856 on Fri Jun 26 16:35:25 MDT 2015
  **** IP Build 1264090 on Wed Jun 24 14:22:01 MDT 2015
    ** Copyright 1986-2015 Xilinx, Inc. All Rights Reserved.

source xsim.dir/convolve/xsim_script.tcl
# xsim {convolve} -maxdeltaid 10000 -autoloadwcfg -tclbatch {convolve.tcl}
Vivado Simulator 2015.2
Time resolution is 1 ps
source convolve.tcl
## run all
$finish called at time : 918975400 ps : File "/home/littlefoot/18643_project/Hardware-Accel/HW/convolution_layer_1/solution1/sim/verilog/convolve.autotb.v" Line 397
run: Time (s): cpu = 00:00:00 ; elapsed = 00:00:23 . Memory (MB): peak = 309.250 ; gain = 0.000 ; free physical = 130 ; free virtual = 4497
## quit
INFO: [Common 17-206] Exiting xsim at Wed Nov 30 15:10:27 2016...
starting software simulation
software simulation completed successfully
 software outputs
25,25,25,25,25,25,25,25,25,25,25,25,25,25,25,25,25,25,25,25,25,25,25,25,25,25,25,25,25,25,25,25,25,25,25,25,25,25,25,25,25,25,25,25,25,25,25,25,25,25,25,25,25,25,25,25,25,25,25,25,25,25,25,25,25,25,25,25,25,25,25,25,25,25,25,25,25,25,25,25,25,25,25,25,25,25,25,25,25,25,25,25,25,25,25,25,25,25,25,25,25,25,25,25,25,25,25,25,25,25,25,25,25,25,25,25,25,25,25,25,25,25,25,25,25,25,25,25,25,25,25,25,25,25,25,25,25,25,25,25,25,25,25,25,25,25,25,25,25,25,25,25,41,11,52,25,25,25,25,25,41,11,52,25,25,25,25,25,25,25,57,25,25,25,25,25,26,25,25,25,31,25,25,25,217,16,52,25,25,25,25,25,217,16,84,25,25,25,25,25,217,16,84,25,25,25,25,25,121,104,25,25,25,25,25,25,89,171,25,25,25,25,25,25,25,25,57,25,25,25,25,25,27,25,25,25,31,25,25,25,185,68,53,25,25,25,25,25,185,68,85,25,25,25,25,25,185,68,85,25,25,25,25,25,249,26,25,25,25,25,25,25,249,26,25,25,25,25,25,25,33,25,25,25,25,25,25,25,29,25,25,25,29,25,25,25,137,27,25,25,25,25,25,25,137,27,25,25,25,25,25,25,137,27,25,25,25,25,25,25,93,25,25,25,25,25,25,25,93,197,191,11,229,152,25,25,29,25,25,25,25,25,25,25,177,26,25,25,25,25,25,25,41,179,222,11,229,152,25,25,153,246,214,10,229,152,25,25,17,200,215,10,229,152,25,25,148,205,191,11,229,152,25,25,177,26,25,25,25,25,25,25,93,197,191,11,229,152,25,25,41,179,222,11,229,152,25,25,81,33,25,25,25,25,25,25,41,179,222,11,229,152,25,25,153,246,214,10,229,152,25,25,17,200,215,10,229,152,25,25,148,205,191,11,229,152,25,25,81,33,25,25,25,25,25,25,17,200,215,10,229,152,25,25,41,179,222,11,229,152,25,25,177,20,85,161,24,152,25,25,173,20,85,161,24,152,25,25,42,199,191,11,229,152,25,25,225,187,103,11,229,152,25,25,181,212,103,11,229,152,25,25,153,198,101,11,229,152,25,25,93,197,191,11,229,152,25,25,119,175,172,53,25,25,25,25,65,28,25,25,25,25,25,25,113,80,225,11,229,152,25,25,17,189,101,11,229,152,25,25,225,187,103,11,229,152,25,25,148,205,191,11,229,152,25,25,
starting hardware simulation
software simulation completed successfully
 hardware outputs
25,25,25,25,25,25,25,25,25,25,25,25,25,25,25,25,25,25,25,25,25,25,25,25,25,25,25,25,25,25,25,25,25,25,25,25,25,25,25,25,25,25,25,25,25,25,25,25,25,25,25,25,25,25,25,25,25,25,25,25,25,25,25,25,25,25,25,25,25,25,25,25,25,25,25,25,25,25,25,25,25,25,25,25,25,25,25,25,25,25,25,25,25,25,25,25,25,25,25,25,25,25,25,25,25,25,25,25,25,25,25,25,25,25,25,25,25,25,25,25,25,25,25,25,25,25,25,25,25,25,25,25,25,25,25,25,25,25,25,25,25,25,25,25,25,25,25,25,25,25,25,25,25,25,25,25,25,25,25,25,25,25,25,25,25,25,25,25,25,25,25,25,25,25,25,25,25,25,25,25,25,25,25,25,25,25,25,25,25,25,25,25,25,25,25,25,25,25,25,25,25,25,25,25,25,25,25,25,25,25,25,25,25,25,25,25,25,25,25,25,25,25,25,25,25,25,25,25,25,25,25,25,25,25,25,25,25,25,25,25,25,25,25,25,25,25,25,25,25,25,25,25,25,25,25,25,25,25,25,25,25,25,25,25,25,25,25,25,25,25,25,25,25,25,25,25,25,25,25,25,25,25,25,25,25,25,25,25,25,25,25,25,25,25,25,25,25,25,25,25,25,25,25,25,25,25,25,25,25,25,25,25,25,25,25,25,25,25,25,25,25,25,25,25,25,25,25,25,25,25,25,25,25,25,25,25,25,25,25,25,25,25,25,25,25,25,25,25,25,25,25,25,25,25,25,25,25,25,25,25,25,25,25,25,25,25,25,25,25,25,25,25,25,25,25,25,25,25,25,25,25,25,25,25,25,25,25,25,25,25,25,25,25,25,25,25,25,25,25,25,25,25,25,25,25,25,25,25,25,25,25,25,25,25,25,25,25,25,25,25,25,25,25,25,25,25,25,25,25,25,25,25,25,25,25,25,25,25,25,25,25,25,25,25,25,25,25,25,25,25,25,25,25,25,25,25,25,25,25,25,25,25,25,25,25,25,25,25,25,25,25,25,25,25,25,25,25,25,25,25,25,25,25,25,25,25,25,25,25,25,25,25,25,25,25,25,25,25,25,25,25,25,25,25,25,25,25,25,25,25,25,25,25,25,25,25,25,25,25,25,25,25,25,25,25,25,25,25,25,25,25,25,25,25,25,25,25,25,25,25,25,25,25,25,25,25,25,25,25,25,25,25,25,25,25,25,25,25,25,25,25,25,25,25,25,25,25,25,25,25,25,25,25,25,25,WARNING: Hls::stream 'hls::stream<unsigned char>.2' is read while empty, which may result in RTL simulation hanging.
0,
