22:04:21 INFO  : Launching XSDB server: xsdb.bat -s C:/Xilinx/SDK/2015.2/scripts/xsdb/xsdb/xsdb-server.tcl
22:04:34 INFO  : Processing command line option -hwspec C:/Users/AraniBasu/Documents/GitHub/Reconfig-project/Hardware-Accel/HW/H05-lab3-1/project_3/project_3.sdk/design_1_wrapper.hdf.
22:04:36 INFO  : XSDB server has started successfully.
22:17:34 INFO  : Launching XSDB server: xsdb.bat -s C:/Xilinx/SDK/2015.2/scripts/xsdb/xsdb/xsdb-server.tcl
22:17:38 INFO  : Processing command line option -hwspec C:/Users/AraniBasu/Documents/GitHub/Reconfig-project/Hardware-Accel/HW/H05-lab3-1/project_3/project_3.sdk/design_1_wrapper.hdf.
22:17:39 INFO  : Checking for hwspec changes in the project design_1_wrapper_hw_platform_0.
22:17:40 INFO  : XSDB server has started successfully.
05:22:18 INFO  : Launching XSDB server: xsdb.bat -s C:/Xilinx/SDK/2015.2/scripts/xsdb/xsdb/xsdb-server.tcl
05:22:29 INFO  : Processing command line option -hwspec C:/Users/AraniBasu/Documents/GitHub/Reconfig-project/Hardware-Accel/HW/H05-lab3-1/project_3/project_3.sdk/design_1_wrapper.hdf.
05:22:33 INFO  : Checking for hwspec changes in the project design_1_wrapper_hw_platform_0.
05:22:48 ERROR : Timed out. 30 seconds have elapsed while waiting for XSDB server to launch.
05:24:39 ERROR :  License Feature SDK is not available.
05:26:51 INFO  : Launching XSDB server: xsdb.bat -s C:/Xilinx/SDK/2015.2/scripts/xsdb/xsdb/xsdb-server.tcl
05:26:54 INFO  : XSDB server has started successfully.
05:26:55 INFO  : Processing command line option -hwspec C:/Users/AraniBasu/Documents/GitHub/Reconfig-project/Hardware-Accel/HW/H05-lab3-1/project_3/project_3.sdk/design_1_wrapper.hdf.
05:26:56 INFO  : Checking for hwspec changes in the project design_1_wrapper_hw_platform_0.
02:21:14 INFO  : Launching XSDB server: xsdb.bat -s C:/Xilinx/SDK/2015.2/scripts/xsdb/xsdb/xsdb-server.tcl
02:21:24 INFO  : XSDB server has started successfully.
02:21:25 INFO  : Processing command line option -hwspec C:/Users/AraniBasu/Documents/GitHub/Reconfig-project/Hardware-Accel/HW/H05-lab3-1/project_3/project_3.sdk/design_1_wrapper.hdf.
02:21:31 INFO  : Checking for hwspec changes in the project design_1_wrapper_hw_platform_0.
03:46:06 INFO  : Processing command line option -hwspec C:/Users/AraniBasu/Documents/GitHub/Reconfig-project/Hardware-Accel/HW/H05-lab3-1/project_3/project_3.sdk/design_1_wrapper.hdf.
03:46:07 INFO  : Checking for hwspec changes in the project design_1_wrapper_hw_platform_0.
03:46:11 INFO  : Launching XSDB server: xsdb.bat -s C:/Xilinx/SDK/2015.2/scripts/xsdb/xsdb/xsdb-server.tcl
03:46:14 INFO  : XSDB server has started successfully.
04:27:37 INFO  : Connected to target on host '127.0.0.1' and port '3121'.
04:27:37 INFO  : 'targets -set -filter {jtag_cable_name =~ "Digilent Zed 210248686512" && level==0} -index 1' command is executed.
04:27:40 INFO  : FPGA configured successfully with bitstream "C:/Users/AraniBasu/Documents/GitHub/Reconfig-project/Hardware-Accel/HW/H05-lab3-1/project_3/project_3.sdk/design_1_wrapper_hw_platform_0/design_1_wrapper.bit"
04:31:09 INFO  : Connected to target on host '127.0.0.1' and port '3121'.
04:31:09 INFO  : 'targets -set -filter {jtag_cable_name =~ "Digilent Zed 210248686512" && level==0} -index 1' command is executed.
04:31:09 INFO  : 'fpga -state' command is executed.
04:31:09 INFO  : Connected to target on host '127.0.0.1' and port '3121'.
04:31:09 INFO  : 'targets -set -filter {name =~"APU" && jtag_cable_name =~ "Digilent Zed 210248686512"} -index 0' command is executed.
04:31:13 INFO  : Mermory regions for PS have been updated.
04:31:13 INFO  : Sourcing of 'C:/Users/AraniBasu/Documents/GitHub/Reconfig-project/Hardware-Accel/HW/H05-lab3-1/project_3/project_3.sdk/design_1_wrapper_hw_platform_0/ps7_init.tcl' is done.
04:31:14 INFO  : 'targets -set -filter {name =~"APU" && jtag_cable_name =~ "Digilent Zed 210248686512"} -index 0' command is executed.
04:31:14 INFO  : 'ps7_init' command is executed.
04:31:14 INFO  : 'ps7_post_config' command is executed.
04:31:15 INFO  : Context for processor 'ps7_cortexa9_0' is selected.
04:31:15 INFO  : Processor reset is completed for 'ps7_cortexa9_0'.
04:31:15 INFO  : Context for processor 'ps7_cortexa9_0' is selected.
04:31:16 INFO  : The application 'C:/Users/AraniBasu/Documents/GitHub/Reconfig-project/Hardware-Accel/HW/H05-lab3-1/project_3/project_3.sdk/softmax/Debug/softmax.elf' is downloaded to processor 'ps7_cortexa9_0'.
04:31:16 INFO  : ----------------XSDB Script----------------
connect -url tcp:127.0.0.1:3121
targets -set -filter {name =~"APU" && jtag_cable_name =~ "Digilent Zed 210248686512"} -index 0
memmap -addr 2116091904 -size 65536 -flags 3
memmap -addr 2116026368 -size 65536 -flags 3
memmap -addr 4160782336 -size 4096 -flags 3
memmap -addr 4160786432 -size 4096 -flags 3
memmap -addr 4160790528 -size 4096 -flags 3
memmap -addr 4160794624 -size 4096 -flags 3
memmap -addr 4169138176 -size 1048576 -flags 3
memmap -addr 1048576 -size 535822336 -flags 3
memmap -addr 4160774144 -size 4096 -flags 3
memmap -addr 4160778240 -size 256 -flags 3
memmap -addr 4160765952 -size 4096 -flags 3
memmap -addr 4160761856 -size 4096 -flags 3
memmap -addr 3758141440 -size 4096 -flags 3
memmap -addr 4176478720 -size 256 -flags 3
memmap -addr 3758137344 -size 4096 -flags 3
memmap -addr 4170186752 -size 1048576 -flags 3
memmap -addr 4176482304 -size 4096 -flags 3
memmap -addr 3760193536 -size 4096 -flags 3
memmap -addr 4176486400 -size 4096 -flags 3
memmap -addr 4160798720 -size 4096 -flags 3
memmap -addr 4176486400 -size 4096 -flags 3
memmap -addr 4169732096 -size 4096 -flags 3
memmap -addr 3758149632 -size 4096 -flags 3
memmap -addr 4227858432 -size 16777216 -flags 3
memmap -addr 0 -size 196608 -flags 3
memmap -addr 4294901760 -size 65024 -flags 3
memmap -addr 4176478208 -size 253 -flags 3
memmap -addr 4176482304 -size 4096 -flags 3
memmap -addr 4176479744 -size 32 -flags 3
memmap -addr 4176479776 -size 224 -flags 3
memmap -addr 3759144960 -size 4096 -flags 3
memmap -addr 4160749568 -size 4096 -flags 3
memmap -addr 4160753664 -size 4096 -flags 3
memmap -addr 3758100480 -size 4096 -flags 3
memmap -addr 3758104576 -size 4096 -flags 3
memmap -addr 4160778496 -size 33 -flags 3
memmap -addr 1136656384 -size 65536 -flags 3
source C:/Users/AraniBasu/Documents/GitHub/Reconfig-project/Hardware-Accel/HW/H05-lab3-1/project_3/project_3.sdk/design_1_wrapper_hw_platform_0/ps7_init.tcl
targets -set -filter {name =~"APU" && jtag_cable_name =~ "Digilent Zed 210248686512"} -index 0
ps7_init
ps7_post_config
targets -set -nocase -filter {name =~ "ARM*#0" && jtag_cable_name =~ "Digilent Zed 210248686512"} -index 0
rst -processor
targets -set -nocase -filter {name =~ "ARM*#0" && jtag_cable_name =~ "Digilent Zed 210248686512"} -index 0
dow C:/Users/AraniBasu/Documents/GitHub/Reconfig-project/Hardware-Accel/HW/H05-lab3-1/project_3/project_3.sdk/softmax/Debug/softmax.elf
----------------End of Script----------------

04:31:16 INFO  : Memory regions updated for context APU
04:31:16 INFO  : Context for processor 'ps7_cortexa9_0' is selected.
04:31:16 INFO  : 'con' command is executed.
04:31:16 INFO  : ----------------XSDB Script (After Launch)----------------
targets -set -nocase -filter {name =~ "ARM*#0" && jtag_cable_name =~ "Digilent Zed 210248686512"} -index 0
con
----------------End of Script----------------

04:36:28 INFO  : Disconnected from the channel tcfchan#1.
04:36:28 INFO  : Connected to target on host '127.0.0.1' and port '3121'.
04:36:28 INFO  : 'targets -set -filter {jtag_cable_name =~ "Digilent Zed 210248686512" && level==0} -index 1' command is executed.
04:36:28 INFO  : 'fpga -state' command is executed.
04:36:28 INFO  : Connected to target on host '127.0.0.1' and port '3121'.
04:36:29 INFO  : 'targets -set -filter {name =~"APU" && jtag_cable_name =~ "Digilent Zed 210248686512"} -index 0' command is executed.
04:36:33 INFO  : Mermory regions for PS have been updated.
04:36:33 INFO  : Sourcing of 'C:/Users/AraniBasu/Documents/GitHub/Reconfig-project/Hardware-Accel/HW/H05-lab3-1/project_3/project_3.sdk/design_1_wrapper_hw_platform_0/ps7_init.tcl' is done.
04:36:33 INFO  : 'targets -set -filter {name =~"APU" && jtag_cable_name =~ "Digilent Zed 210248686512"} -index 0' command is executed.
04:36:34 INFO  : 'ps7_init' command is executed.
04:36:34 INFO  : 'ps7_post_config' command is executed.
04:36:34 INFO  : Context for processor 'ps7_cortexa9_0' is selected.
04:36:35 INFO  : Processor reset is completed for 'ps7_cortexa9_0'.
04:36:35 INFO  : Context for processor 'ps7_cortexa9_0' is selected.
04:36:35 INFO  : The application 'C:/Users/AraniBasu/Documents/GitHub/Reconfig-project/Hardware-Accel/HW/H05-lab3-1/project_3/project_3.sdk/softmax/Debug/softmax.elf' is downloaded to processor 'ps7_cortexa9_0'.
04:36:35 INFO  : ----------------XSDB Script----------------
connect -url tcp:127.0.0.1:3121
targets -set -filter {name =~"APU" && jtag_cable_name =~ "Digilent Zed 210248686512"} -index 0
memmap -addr 2116091904 -size 65536 -flags 3
memmap -addr 2116026368 -size 65536 -flags 3
memmap -addr 4160782336 -size 4096 -flags 3
memmap -addr 4160786432 -size 4096 -flags 3
memmap -addr 4160790528 -size 4096 -flags 3
memmap -addr 4160794624 -size 4096 -flags 3
memmap -addr 4169138176 -size 1048576 -flags 3
memmap -addr 1048576 -size 535822336 -flags 3
memmap -addr 4160774144 -size 4096 -flags 3
memmap -addr 4160778240 -size 256 -flags 3
memmap -addr 4160765952 -size 4096 -flags 3
memmap -addr 4160761856 -size 4096 -flags 3
memmap -addr 3758141440 -size 4096 -flags 3
memmap -addr 4176478720 -size 256 -flags 3
memmap -addr 3758137344 -size 4096 -flags 3
memmap -addr 4170186752 -size 1048576 -flags 3
memmap -addr 4176482304 -size 4096 -flags 3
memmap -addr 3760193536 -size 4096 -flags 3
memmap -addr 4176486400 -size 4096 -flags 3
memmap -addr 4160798720 -size 4096 -flags 3
memmap -addr 4176486400 -size 4096 -flags 3
memmap -addr 4169732096 -size 4096 -flags 3
memmap -addr 3758149632 -size 4096 -flags 3
memmap -addr 4227858432 -size 16777216 -flags 3
memmap -addr 0 -size 196608 -flags 3
memmap -addr 4294901760 -size 65024 -flags 3
memmap -addr 4176478208 -size 253 -flags 3
memmap -addr 4176482304 -size 4096 -flags 3
memmap -addr 4176479744 -size 32 -flags 3
memmap -addr 4176479776 -size 224 -flags 3
memmap -addr 3759144960 -size 4096 -flags 3
memmap -addr 4160749568 -size 4096 -flags 3
memmap -addr 4160753664 -size 4096 -flags 3
memmap -addr 3758100480 -size 4096 -flags 3
memmap -addr 3758104576 -size 4096 -flags 3
memmap -addr 4160778496 -size 33 -flags 3
memmap -addr 1136656384 -size 65536 -flags 3
source C:/Users/AraniBasu/Documents/GitHub/Reconfig-project/Hardware-Accel/HW/H05-lab3-1/project_3/project_3.sdk/design_1_wrapper_hw_platform_0/ps7_init.tcl
targets -set -filter {name =~"APU" && jtag_cable_name =~ "Digilent Zed 210248686512"} -index 0
ps7_init
ps7_post_config
targets -set -nocase -filter {name =~ "ARM*#0" && jtag_cable_name =~ "Digilent Zed 210248686512"} -index 0
rst -processor
targets -set -nocase -filter {name =~ "ARM*#0" && jtag_cable_name =~ "Digilent Zed 210248686512"} -index 0
dow C:/Users/AraniBasu/Documents/GitHub/Reconfig-project/Hardware-Accel/HW/H05-lab3-1/project_3/project_3.sdk/softmax/Debug/softmax.elf
----------------End of Script----------------

04:36:35 INFO  : Memory regions updated for context APU
04:36:35 INFO  : Context for processor 'ps7_cortexa9_0' is selected.
04:36:35 INFO  : 'con' command is executed.
04:36:35 INFO  : ----------------XSDB Script (After Launch)----------------
targets -set -nocase -filter {name =~ "ARM*#0" && jtag_cable_name =~ "Digilent Zed 210248686512"} -index 0
con
----------------End of Script----------------

04:37:04 INFO  : Disconnected from the channel tcfchan#2.
04:37:17 INFO  : Connected to target on host '127.0.0.1' and port '3121'.
04:37:17 INFO  : 'targets -set -filter {jtag_cable_name =~ "Digilent Zed 210248686512" && level==0} -index 1' command is executed.
04:37:17 INFO  : 'fpga -state' command is executed.
04:37:17 INFO  : Connected to target on host '127.0.0.1' and port '3121'.
04:37:18 INFO  : 'targets -set -filter {name =~"APU" && jtag_cable_name =~ "Digilent Zed 210248686512"} -index 0' command is executed.
04:37:18 INFO  : Connected to target on host '127.0.0.1' and port '3121'.
04:37:18 INFO  : 'targets -set -filter {jtag_cable_name =~ "Digilent Zed 210248686512" && level==0} -index 1' command is executed.
04:37:18 INFO  : 'fpga -state' command is executed.
04:37:18 INFO  : Connected to target on host '127.0.0.1' and port '3121'.
04:37:19 INFO  : 'targets -set -filter {name =~"APU" && jtag_cable_name =~ "Digilent Zed 210248686512"} -index 0' command is executed.
04:37:23 INFO  : Mermory regions for PS have been updated.
04:37:23 INFO  : Sourcing of 'C:/Users/AraniBasu/Documents/GitHub/Reconfig-project/Hardware-Accel/HW/H05-lab3-1/project_3/project_3.sdk/design_1_wrapper_hw_platform_0/ps7_init.tcl' is done.
04:37:23 INFO  : 'targets -set -filter {name =~"APU" && jtag_cable_name =~ "Digilent Zed 210248686512"} -index 0' command is executed.
04:37:24 INFO  : 'ps7_init' command is executed.
04:37:24 INFO  : 'ps7_post_config' command is executed.
04:37:24 INFO  : Mermory regions for PS have been updated.
04:37:24 INFO  : Sourcing of 'C:/Users/AraniBasu/Documents/GitHub/Reconfig-project/Hardware-Accel/HW/H05-lab3-1/project_3/project_3.sdk/design_1_wrapper_hw_platform_0/ps7_init.tcl' is done.
04:37:24 INFO  : Context for processor 'ps7_cortexa9_0' is selected.
04:37:25 INFO  : Processor reset is completed for 'ps7_cortexa9_0'.
04:37:25 INFO  : 'targets -set -filter {name =~"APU" && jtag_cable_name =~ "Digilent Zed 210248686512"} -index 0' command is executed.
04:37:25 INFO  : Context for processor 'ps7_cortexa9_0' is selected.
04:37:25 INFO  : 'ps7_init' command is executed.
04:37:26 INFO  : The application 'C:/Users/AraniBasu/Documents/GitHub/Reconfig-project/Hardware-Accel/HW/H05-lab3-1/project_3/project_3.sdk/softmax/Debug/softmax.elf' is downloaded to processor 'ps7_cortexa9_0'.
04:37:26 INFO  : ----------------XSDB Script----------------
connect -url tcp:127.0.0.1:3121
targets -set -filter {name =~"APU" && jtag_cable_name =~ "Digilent Zed 210248686512"} -index 0
memmap -addr 2116091904 -size 65536 -flags 3
memmap -addr 2116026368 -size 65536 -flags 3
memmap -addr 4160782336 -size 4096 -flags 3
memmap -addr 4160786432 -size 4096 -flags 3
memmap -addr 4160790528 -size 4096 -flags 3
memmap -addr 4160794624 -size 4096 -flags 3
memmap -addr 4169138176 -size 1048576 -flags 3
memmap -addr 1048576 -size 535822336 -flags 3
memmap -addr 4160774144 -size 4096 -flags 3
memmap -addr 4160778240 -size 256 -flags 3
memmap -addr 4160765952 -size 4096 -flags 3
memmap -addr 4160761856 -size 4096 -flags 3
memmap -addr 3758141440 -size 4096 -flags 3
memmap -addr 4176478720 -size 256 -flags 3
memmap -addr 3758137344 -size 4096 -flags 3
memmap -addr 4170186752 -size 1048576 -flags 3
memmap -addr 4176482304 -size 4096 -flags 3
memmap -addr 3760193536 -size 4096 -flags 3
memmap -addr 4176486400 -size 4096 -flags 3
memmap -addr 4160798720 -size 4096 -flags 3
memmap -addr 4176486400 -size 4096 -flags 3
memmap -addr 4169732096 -size 4096 -flags 3
memmap -addr 3758149632 -size 4096 -flags 3
memmap -addr 4227858432 -size 16777216 -flags 3
memmap -addr 0 -size 196608 -flags 3
memmap -addr 4294901760 -size 65024 -flags 3
memmap -addr 4176478208 -size 253 -flags 3
memmap -addr 4176482304 -size 4096 -flags 3
memmap -addr 4176479744 -size 32 -flags 3
memmap -addr 4176479776 -size 224 -flags 3
memmap -addr 3759144960 -size 4096 -flags 3
memmap -addr 4160749568 -size 4096 -flags 3
memmap -addr 4160753664 -size 4096 -flags 3
memmap -addr 3758100480 -size 4096 -flags 3
memmap -addr 3758104576 -size 4096 -flags 3
memmap -addr 4160778496 -size 33 -flags 3
memmap -addr 1136656384 -size 65536 -flags 3
source C:/Users/AraniBasu/Documents/GitHub/Reconfig-project/Hardware-Accel/HW/H05-lab3-1/project_3/project_3.sdk/design_1_wrapper_hw_platform_0/ps7_init.tcl
targets -set -filter {name =~"APU" && jtag_cable_name =~ "Digilent Zed 210248686512"} -index 0
ps7_init
ps7_post_config
targets -set -nocase -filter {name =~ "ARM*#0" && jtag_cable_name =~ "Digilent Zed 210248686512"} -index 0
rst -processor
targets -set -nocase -filter {name =~ "ARM*#0" && jtag_cable_name =~ "Digilent Zed 210248686512"} -index 0
dow C:/Users/AraniBasu/Documents/GitHub/Reconfig-project/Hardware-Accel/HW/H05-lab3-1/project_3/project_3.sdk/softmax/Debug/softmax.elf
----------------End of Script----------------

04:37:26 INFO  : Memory regions updated for context APU
04:37:26 INFO  : 'ps7_post_config' command is executed.
04:37:26 INFO  : Context for processor 'ps7_cortexa9_0' is selected.
04:37:26 INFO  : 'con' command is executed.
04:37:26 INFO  : ----------------XSDB Script (After Launch)----------------
targets -set -nocase -filter {name =~ "ARM*#0" && jtag_cable_name =~ "Digilent Zed 210248686512"} -index 0
con
----------------End of Script----------------

04:37:26 INFO  : Context for processor 'ps7_cortexa9_0' is selected.
04:37:26 INFO  : Processor reset is completed for 'ps7_cortexa9_0'.
04:37:27 INFO  : Context for processor 'ps7_cortexa9_0' is selected.
04:37:27 INFO  : The application 'C:/Users/AraniBasu/Documents/GitHub/Reconfig-project/Hardware-Accel/HW/H05-lab3-1/project_3/project_3.sdk/softmax/Debug/softmax.elf' is downloaded to processor 'ps7_cortexa9_0'.
04:37:27 INFO  : ----------------XSDB Script----------------
connect -url tcp:127.0.0.1:3121
targets -set -filter {name =~"APU" && jtag_cable_name =~ "Digilent Zed 210248686512"} -index 0
memmap -addr 2116091904 -size 65536 -flags 3
memmap -addr 2116026368 -size 65536 -flags 3
memmap -addr 4160782336 -size 4096 -flags 3
memmap -addr 4160786432 -size 4096 -flags 3
memmap -addr 4160790528 -size 4096 -flags 3
memmap -addr 4160794624 -size 4096 -flags 3
memmap -addr 4169138176 -size 1048576 -flags 3
memmap -addr 1048576 -size 535822336 -flags 3
memmap -addr 4160774144 -size 4096 -flags 3
memmap -addr 4160778240 -size 256 -flags 3
memmap -addr 4160765952 -size 4096 -flags 3
memmap -addr 4160761856 -size 4096 -flags 3
memmap -addr 3758141440 -size 4096 -flags 3
memmap -addr 4176478720 -size 256 -flags 3
memmap -addr 3758137344 -size 4096 -flags 3
memmap -addr 4170186752 -size 1048576 -flags 3
memmap -addr 4176482304 -size 4096 -flags 3
memmap -addr 3760193536 -size 4096 -flags 3
memmap -addr 4176486400 -size 4096 -flags 3
memmap -addr 4160798720 -size 4096 -flags 3
memmap -addr 4176486400 -size 4096 -flags 3
memmap -addr 4169732096 -size 4096 -flags 3
memmap -addr 3758149632 -size 4096 -flags 3
memmap -addr 4227858432 -size 16777216 -flags 3
memmap -addr 0 -size 196608 -flags 3
memmap -addr 4294901760 -size 65024 -flags 3
memmap -addr 4176478208 -size 253 -flags 3
memmap -addr 4176482304 -size 4096 -flags 3
memmap -addr 4176479744 -size 32 -flags 3
memmap -addr 4176479776 -size 224 -flags 3
memmap -addr 3759144960 -size 4096 -flags 3
memmap -addr 4160749568 -size 4096 -flags 3
memmap -addr 4160753664 -size 4096 -flags 3
memmap -addr 3758100480 -size 4096 -flags 3
memmap -addr 3758104576 -size 4096 -flags 3
memmap -addr 4160778496 -size 33 -flags 3
memmap -addr 1136656384 -size 65536 -flags 3
source C:/Users/AraniBasu/Documents/GitHub/Reconfig-project/Hardware-Accel/HW/H05-lab3-1/project_3/project_3.sdk/design_1_wrapper_hw_platform_0/ps7_init.tcl
targets -set -filter {name =~"APU" && jtag_cable_name =~ "Digilent Zed 210248686512"} -index 0
ps7_init
ps7_post_config
targets -set -nocase -filter {name =~ "ARM*#0" && jtag_cable_name =~ "Digilent Zed 210248686512"} -index 0
rst -processor
targets -set -nocase -filter {name =~ "ARM*#0" && jtag_cable_name =~ "Digilent Zed 210248686512"} -index 0
dow C:/Users/AraniBasu/Documents/GitHub/Reconfig-project/Hardware-Accel/HW/H05-lab3-1/project_3/project_3.sdk/softmax/Debug/softmax.elf
----------------End of Script----------------

04:37:27 INFO  : Memory regions updated for context APU
04:37:27 INFO  : Context for processor 'ps7_cortexa9_0' is selected.
04:37:27 INFO  : 'con' command is executed.
04:37:27 INFO  : ----------------XSDB Script (After Launch)----------------
targets -set -nocase -filter {name =~ "ARM*#0" && jtag_cable_name =~ "Digilent Zed 210248686512"} -index 0
con
----------------End of Script----------------

04:48:30 INFO  : Disconnected from the channel tcfchan#3.
04:48:40 INFO  : Connected to target on host '127.0.0.1' and port '3121'.
04:48:40 INFO  : 'targets -set -filter {jtag_cable_name =~ "Digilent Zed 210248686512" && level==0} -index 1' command is executed.
04:48:40 INFO  : 'fpga -state' command is executed.
04:48:40 INFO  : Connected to target on host '127.0.0.1' and port '3121'.
04:48:40 INFO  : 'targets -set -filter {name =~"APU" && jtag_cable_name =~ "Digilent Zed 210248686512"} -index 0' command is executed.
04:48:45 INFO  : Mermory regions for PS have been updated.
04:48:45 INFO  : Sourcing of 'C:/Users/AraniBasu/Documents/GitHub/Reconfig-project/Hardware-Accel/HW/H05-lab3-1/project_3/project_3.sdk/design_1_wrapper_hw_platform_0/ps7_init.tcl' is done.
04:48:45 INFO  : 'targets -set -filter {name =~"APU" && jtag_cable_name =~ "Digilent Zed 210248686512"} -index 0' command is executed.
04:48:47 INFO  : 'ps7_init' command is executed.
04:48:47 INFO  : 'ps7_post_config' command is executed.
04:48:47 INFO  : Connected to target on host '127.0.0.1' and port '3121'.
04:48:47 INFO  : 'targets -set -filter {jtag_cable_name =~ "Digilent Zed 210248686512" && level==0} -index 1' command is executed.
04:48:47 INFO  : 'fpga -state' command is executed.
04:48:47 INFO  : Connected to target on host '127.0.0.1' and port '3121'.
04:48:47 INFO  : Context for processor 'ps7_cortexa9_0' is selected.
04:48:47 INFO  : Processor reset is completed for 'ps7_cortexa9_0'.
04:48:48 INFO  : 'targets -set -filter {name =~"APU" && jtag_cable_name =~ "Digilent Zed 210248686512"} -index 0' command is executed.
04:48:48 INFO  : Context for processor 'ps7_cortexa9_0' is selected.
04:48:49 INFO  : The application 'C:/Users/AraniBasu/Documents/GitHub/Reconfig-project/Hardware-Accel/HW/H05-lab3-1/project_3/project_3.sdk/softmax/Debug/softmax.elf' is downloaded to processor 'ps7_cortexa9_0'.
04:48:49 INFO  : ----------------XSDB Script----------------
connect -url tcp:127.0.0.1:3121
targets -set -filter {name =~"APU" && jtag_cable_name =~ "Digilent Zed 210248686512"} -index 0
memmap -addr 2116091904 -size 65536 -flags 3
memmap -addr 2116026368 -size 65536 -flags 3
memmap -addr 4160782336 -size 4096 -flags 3
memmap -addr 4160786432 -size 4096 -flags 3
memmap -addr 4160790528 -size 4096 -flags 3
memmap -addr 4160794624 -size 4096 -flags 3
memmap -addr 4169138176 -size 1048576 -flags 3
memmap -addr 1048576 -size 535822336 -flags 3
memmap -addr 4160774144 -size 4096 -flags 3
memmap -addr 4160778240 -size 256 -flags 3
memmap -addr 4160765952 -size 4096 -flags 3
memmap -addr 4160761856 -size 4096 -flags 3
memmap -addr 3758141440 -size 4096 -flags 3
memmap -addr 4176478720 -size 256 -flags 3
memmap -addr 3758137344 -size 4096 -flags 3
memmap -addr 4170186752 -size 1048576 -flags 3
memmap -addr 4176482304 -size 4096 -flags 3
memmap -addr 3760193536 -size 4096 -flags 3
memmap -addr 4176486400 -size 4096 -flags 3
memmap -addr 4160798720 -size 4096 -flags 3
memmap -addr 4176486400 -size 4096 -flags 3
memmap -addr 4169732096 -size 4096 -flags 3
memmap -addr 3758149632 -size 4096 -flags 3
memmap -addr 4227858432 -size 16777216 -flags 3
memmap -addr 0 -size 196608 -flags 3
memmap -addr 4294901760 -size 65024 -flags 3
memmap -addr 4176478208 -size 253 -flags 3
memmap -addr 4176482304 -size 4096 -flags 3
memmap -addr 4176479744 -size 32 -flags 3
memmap -addr 4176479776 -size 224 -flags 3
memmap -addr 3759144960 -size 4096 -flags 3
memmap -addr 4160749568 -size 4096 -flags 3
memmap -addr 4160753664 -size 4096 -flags 3
memmap -addr 3758100480 -size 4096 -flags 3
memmap -addr 3758104576 -size 4096 -flags 3
memmap -addr 4160778496 -size 33 -flags 3
memmap -addr 1136656384 -size 65536 -flags 3
source C:/Users/AraniBasu/Documents/GitHub/Reconfig-project/Hardware-Accel/HW/H05-lab3-1/project_3/project_3.sdk/design_1_wrapper_hw_platform_0/ps7_init.tcl
targets -set -filter {name =~"APU" && jtag_cable_name =~ "Digilent Zed 210248686512"} -index 0
ps7_init
ps7_post_config
targets -set -nocase -filter {name =~ "ARM*#0" && jtag_cable_name =~ "Digilent Zed 210248686512"} -index 0
rst -processor
targets -set -nocase -filter {name =~ "ARM*#0" && jtag_cable_name =~ "Digilent Zed 210248686512"} -index 0
dow C:/Users/AraniBasu/Documents/GitHub/Reconfig-project/Hardware-Accel/HW/H05-lab3-1/project_3/project_3.sdk/softmax/Debug/softmax.elf
----------------End of Script----------------

04:48:49 INFO  : Memory regions updated for context APU
04:48:49 INFO  : Context for processor 'ps7_cortexa9_0' is selected.
04:48:49 INFO  : 'con' command is executed.
04:48:49 INFO  : ----------------XSDB Script (After Launch)----------------
targets -set -nocase -filter {name =~ "ARM*#0" && jtag_cable_name =~ "Digilent Zed 210248686512"} -index 0
con
----------------End of Script----------------

04:48:52 INFO  : Mermory regions for PS have been updated.
04:48:52 INFO  : Sourcing of 'C:/Users/AraniBasu/Documents/GitHub/Reconfig-project/Hardware-Accel/HW/H05-lab3-1/project_3/project_3.sdk/design_1_wrapper_hw_platform_0/ps7_init.tcl' is done.
04:48:52 INFO  : 'targets -set -filter {name =~"APU" && jtag_cable_name =~ "Digilent Zed 210248686512"} -index 0' command is executed.
04:48:54 INFO  : 'ps7_init' command is executed.
04:48:54 INFO  : 'ps7_post_config' command is executed.
04:48:54 INFO  : Context for processor 'ps7_cortexa9_0' is selected.
04:48:55 INFO  : Processor reset is completed for 'ps7_cortexa9_0'.
04:48:55 INFO  : Context for processor 'ps7_cortexa9_0' is selected.
04:48:55 INFO  : The application 'C:/Users/AraniBasu/Documents/GitHub/Reconfig-project/Hardware-Accel/HW/H05-lab3-1/project_3/project_3.sdk/softmax/Debug/softmax.elf' is downloaded to processor 'ps7_cortexa9_0'.
04:48:55 INFO  : ----------------XSDB Script----------------
connect -url tcp:127.0.0.1:3121
targets -set -filter {name =~"APU" && jtag_cable_name =~ "Digilent Zed 210248686512"} -index 0
memmap -addr 2116091904 -size 65536 -flags 3
memmap -addr 2116026368 -size 65536 -flags 3
memmap -addr 4160782336 -size 4096 -flags 3
memmap -addr 4160786432 -size 4096 -flags 3
memmap -addr 4160790528 -size 4096 -flags 3
memmap -addr 4160794624 -size 4096 -flags 3
memmap -addr 4169138176 -size 1048576 -flags 3
memmap -addr 1048576 -size 535822336 -flags 3
memmap -addr 4160774144 -size 4096 -flags 3
memmap -addr 4160778240 -size 256 -flags 3
memmap -addr 4160765952 -size 4096 -flags 3
memmap -addr 4160761856 -size 4096 -flags 3
memmap -addr 3758141440 -size 4096 -flags 3
memmap -addr 4176478720 -size 256 -flags 3
memmap -addr 3758137344 -size 4096 -flags 3
memmap -addr 4170186752 -size 1048576 -flags 3
memmap -addr 4176482304 -size 4096 -flags 3
memmap -addr 3760193536 -size 4096 -flags 3
memmap -addr 4176486400 -size 4096 -flags 3
memmap -addr 4160798720 -size 4096 -flags 3
memmap -addr 4176486400 -size 4096 -flags 3
memmap -addr 4169732096 -size 4096 -flags 3
memmap -addr 3758149632 -size 4096 -flags 3
memmap -addr 4227858432 -size 16777216 -flags 3
memmap -addr 0 -size 196608 -flags 3
memmap -addr 4294901760 -size 65024 -flags 3
memmap -addr 4176478208 -size 253 -flags 3
memmap -addr 4176482304 -size 4096 -flags 3
memmap -addr 4176479744 -size 32 -flags 3
memmap -addr 4176479776 -size 224 -flags 3
memmap -addr 3759144960 -size 4096 -flags 3
memmap -addr 4160749568 -size 4096 -flags 3
memmap -addr 4160753664 -size 4096 -flags 3
memmap -addr 3758100480 -size 4096 -flags 3
memmap -addr 3758104576 -size 4096 -flags 3
memmap -addr 4160778496 -size 33 -flags 3
memmap -addr 1136656384 -size 65536 -flags 3
source C:/Users/AraniBasu/Documents/GitHub/Reconfig-project/Hardware-Accel/HW/H05-lab3-1/project_3/project_3.sdk/design_1_wrapper_hw_platform_0/ps7_init.tcl
targets -set -filter {name =~"APU" && jtag_cable_name =~ "Digilent Zed 210248686512"} -index 0
ps7_init
ps7_post_config
targets -set -nocase -filter {name =~ "ARM*#0" && jtag_cable_name =~ "Digilent Zed 210248686512"} -index 0
rst -processor
targets -set -nocase -filter {name =~ "ARM*#0" && jtag_cable_name =~ "Digilent Zed 210248686512"} -index 0
dow C:/Users/AraniBasu/Documents/GitHub/Reconfig-project/Hardware-Accel/HW/H05-lab3-1/project_3/project_3.sdk/softmax/Debug/softmax.elf
----------------End of Script----------------

04:48:55 INFO  : Memory regions updated for context APU
04:48:55 INFO  : Context for processor 'ps7_cortexa9_0' is selected.
04:48:55 INFO  : 'con' command is executed.
04:48:55 INFO  : ----------------XSDB Script (After Launch)----------------
targets -set -nocase -filter {name =~ "ARM*#0" && jtag_cable_name =~ "Digilent Zed 210248686512"} -index 0
con
----------------End of Script----------------

04:52:33 INFO  : Disconnected from the channel tcfchan#4.
04:52:37 INFO  : Connected to target on host '127.0.0.1' and port '3121'.
04:52:37 INFO  : 'targets -set -filter {jtag_cable_name =~ "Digilent Zed 210248686512" && level==0} -index 1' command is executed.
04:52:37 INFO  : 'fpga -state' command is executed.
04:52:37 INFO  : Connected to target on host '127.0.0.1' and port '3121'.
04:52:37 INFO  : 'targets -set -filter {name =~"APU" && jtag_cable_name =~ "Digilent Zed 210248686512"} -index 0' command is executed.
04:52:41 INFO  : Mermory regions for PS have been updated.
04:52:41 INFO  : Sourcing of 'C:/Users/AraniBasu/Documents/GitHub/Reconfig-project/Hardware-Accel/HW/H05-lab3-1/project_3/project_3.sdk/design_1_wrapper_hw_platform_0/ps7_init.tcl' is done.
04:52:41 INFO  : 'targets -set -filter {name =~"APU" && jtag_cable_name =~ "Digilent Zed 210248686512"} -index 0' command is executed.
04:52:43 INFO  : 'ps7_init' command is executed.
04:52:43 INFO  : 'ps7_post_config' command is executed.
04:52:43 INFO  : Context for processor 'ps7_cortexa9_0' is selected.
04:52:43 INFO  : Processor reset is completed for 'ps7_cortexa9_0'.
04:52:44 INFO  : Context for processor 'ps7_cortexa9_0' is selected.
04:52:44 INFO  : The application 'C:/Users/AraniBasu/Documents/GitHub/Reconfig-project/Hardware-Accel/HW/H05-lab3-1/project_3/project_3.sdk/softmax/Debug/softmax.elf' is downloaded to processor 'ps7_cortexa9_0'.
04:52:44 INFO  : ----------------XSDB Script----------------
connect -url tcp:127.0.0.1:3121
targets -set -filter {name =~"APU" && jtag_cable_name =~ "Digilent Zed 210248686512"} -index 0
memmap -addr 2116091904 -size 65536 -flags 3
memmap -addr 2116026368 -size 65536 -flags 3
memmap -addr 4160782336 -size 4096 -flags 3
memmap -addr 4160786432 -size 4096 -flags 3
memmap -addr 4160790528 -size 4096 -flags 3
memmap -addr 4160794624 -size 4096 -flags 3
memmap -addr 4169138176 -size 1048576 -flags 3
memmap -addr 1048576 -size 535822336 -flags 3
memmap -addr 4160774144 -size 4096 -flags 3
memmap -addr 4160778240 -size 256 -flags 3
memmap -addr 4160765952 -size 4096 -flags 3
memmap -addr 4160761856 -size 4096 -flags 3
memmap -addr 3758141440 -size 4096 -flags 3
memmap -addr 4176478720 -size 256 -flags 3
memmap -addr 3758137344 -size 4096 -flags 3
memmap -addr 4170186752 -size 1048576 -flags 3
memmap -addr 4176482304 -size 4096 -flags 3
memmap -addr 3760193536 -size 4096 -flags 3
memmap -addr 4176486400 -size 4096 -flags 3
memmap -addr 4160798720 -size 4096 -flags 3
memmap -addr 4176486400 -size 4096 -flags 3
memmap -addr 4169732096 -size 4096 -flags 3
memmap -addr 3758149632 -size 4096 -flags 3
memmap -addr 4227858432 -size 16777216 -flags 3
memmap -addr 0 -size 196608 -flags 3
memmap -addr 4294901760 -size 65024 -flags 3
memmap -addr 4176478208 -size 253 -flags 3
memmap -addr 4176482304 -size 4096 -flags 3
memmap -addr 4176479744 -size 32 -flags 3
memmap -addr 4176479776 -size 224 -flags 3
memmap -addr 3759144960 -size 4096 -flags 3
memmap -addr 4160749568 -size 4096 -flags 3
memmap -addr 4160753664 -size 4096 -flags 3
memmap -addr 3758100480 -size 4096 -flags 3
memmap -addr 3758104576 -size 4096 -flags 3
memmap -addr 4160778496 -size 33 -flags 3
memmap -addr 1136656384 -size 65536 -flags 3
source C:/Users/AraniBasu/Documents/GitHub/Reconfig-project/Hardware-Accel/HW/H05-lab3-1/project_3/project_3.sdk/design_1_wrapper_hw_platform_0/ps7_init.tcl
targets -set -filter {name =~"APU" && jtag_cable_name =~ "Digilent Zed 210248686512"} -index 0
ps7_init
ps7_post_config
targets -set -nocase -filter {name =~ "ARM*#0" && jtag_cable_name =~ "Digilent Zed 210248686512"} -index 0
rst -processor
targets -set -nocase -filter {name =~ "ARM*#0" && jtag_cable_name =~ "Digilent Zed 210248686512"} -index 0
dow C:/Users/AraniBasu/Documents/GitHub/Reconfig-project/Hardware-Accel/HW/H05-lab3-1/project_3/project_3.sdk/softmax/Debug/softmax.elf
----------------End of Script----------------

04:52:44 INFO  : Memory regions updated for context APU
04:52:44 INFO  : Context for processor 'ps7_cortexa9_0' is selected.
04:52:44 INFO  : 'con' command is executed.
04:52:44 INFO  : ----------------XSDB Script (After Launch)----------------
targets -set -nocase -filter {name =~ "ARM*#0" && jtag_cable_name =~ "Digilent Zed 210248686512"} -index 0
con
----------------End of Script----------------

04:53:46 INFO  : Disconnected from the channel tcfchan#5.
04:53:50 INFO  : Connected to target on host '127.0.0.1' and port '3121'.
04:53:50 INFO  : 'targets -set -filter {jtag_cable_name =~ "Digilent Zed 210248686512" && level==0} -index 1' command is executed.
04:53:50 INFO  : 'fpga -state' command is executed.
04:53:50 INFO  : Connected to target on host '127.0.0.1' and port '3121'.
04:53:51 INFO  : 'targets -set -filter {name =~"APU" && jtag_cable_name =~ "Digilent Zed 210248686512"} -index 0' command is executed.
04:53:55 INFO  : Mermory regions for PS have been updated.
04:53:55 INFO  : Sourcing of 'C:/Users/AraniBasu/Documents/GitHub/Reconfig-project/Hardware-Accel/HW/H05-lab3-1/project_3/project_3.sdk/design_1_wrapper_hw_platform_0/ps7_init.tcl' is done.
04:53:55 INFO  : 'targets -set -filter {name =~"APU" && jtag_cable_name =~ "Digilent Zed 210248686512"} -index 0' command is executed.
04:53:56 INFO  : 'ps7_init' command is executed.
04:53:56 INFO  : 'ps7_post_config' command is executed.
04:53:57 INFO  : Context for processor 'ps7_cortexa9_0' is selected.
04:53:57 INFO  : Processor reset is completed for 'ps7_cortexa9_0'.
04:53:57 INFO  : Context for processor 'ps7_cortexa9_0' is selected.
04:53:58 INFO  : The application 'C:/Users/AraniBasu/Documents/GitHub/Reconfig-project/Hardware-Accel/HW/H05-lab3-1/project_3/project_3.sdk/softmax/Debug/softmax.elf' is downloaded to processor 'ps7_cortexa9_0'.
04:53:58 INFO  : ----------------XSDB Script----------------
connect -url tcp:127.0.0.1:3121
targets -set -filter {name =~"APU" && jtag_cable_name =~ "Digilent Zed 210248686512"} -index 0
memmap -addr 2116091904 -size 65536 -flags 3
memmap -addr 2116026368 -size 65536 -flags 3
memmap -addr 4160782336 -size 4096 -flags 3
memmap -addr 4160786432 -size 4096 -flags 3
memmap -addr 4160790528 -size 4096 -flags 3
memmap -addr 4160794624 -size 4096 -flags 3
memmap -addr 4169138176 -size 1048576 -flags 3
memmap -addr 1048576 -size 535822336 -flags 3
memmap -addr 4160774144 -size 4096 -flags 3
memmap -addr 4160778240 -size 256 -flags 3
memmap -addr 4160765952 -size 4096 -flags 3
memmap -addr 4160761856 -size 4096 -flags 3
memmap -addr 3758141440 -size 4096 -flags 3
memmap -addr 4176478720 -size 256 -flags 3
memmap -addr 3758137344 -size 4096 -flags 3
memmap -addr 4170186752 -size 1048576 -flags 3
memmap -addr 4176482304 -size 4096 -flags 3
memmap -addr 3760193536 -size 4096 -flags 3
memmap -addr 4176486400 -size 4096 -flags 3
memmap -addr 4160798720 -size 4096 -flags 3
memmap -addr 4176486400 -size 4096 -flags 3
memmap -addr 4169732096 -size 4096 -flags 3
memmap -addr 3758149632 -size 4096 -flags 3
memmap -addr 4227858432 -size 16777216 -flags 3
memmap -addr 0 -size 196608 -flags 3
memmap -addr 4294901760 -size 65024 -flags 3
memmap -addr 4176478208 -size 253 -flags 3
memmap -addr 4176482304 -size 4096 -flags 3
memmap -addr 4176479744 -size 32 -flags 3
memmap -addr 4176479776 -size 224 -flags 3
memmap -addr 3759144960 -size 4096 -flags 3
memmap -addr 4160749568 -size 4096 -flags 3
memmap -addr 4160753664 -size 4096 -flags 3
memmap -addr 3758100480 -size 4096 -flags 3
memmap -addr 3758104576 -size 4096 -flags 3
memmap -addr 4160778496 -size 33 -flags 3
memmap -addr 1136656384 -size 65536 -flags 3
source C:/Users/AraniBasu/Documents/GitHub/Reconfig-project/Hardware-Accel/HW/H05-lab3-1/project_3/project_3.sdk/design_1_wrapper_hw_platform_0/ps7_init.tcl
targets -set -filter {name =~"APU" && jtag_cable_name =~ "Digilent Zed 210248686512"} -index 0
ps7_init
ps7_post_config
targets -set -nocase -filter {name =~ "ARM*#0" && jtag_cable_name =~ "Digilent Zed 210248686512"} -index 0
rst -processor
targets -set -nocase -filter {name =~ "ARM*#0" && jtag_cable_name =~ "Digilent Zed 210248686512"} -index 0
dow C:/Users/AraniBasu/Documents/GitHub/Reconfig-project/Hardware-Accel/HW/H05-lab3-1/project_3/project_3.sdk/softmax/Debug/softmax.elf
----------------End of Script----------------

04:53:58 INFO  : Memory regions updated for context APU
04:53:58 INFO  : Context for processor 'ps7_cortexa9_0' is selected.
04:53:58 INFO  : 'con' command is executed.
04:53:58 INFO  : ----------------XSDB Script (After Launch)----------------
targets -set -nocase -filter {name =~ "ARM*#0" && jtag_cable_name =~ "Digilent Zed 210248686512"} -index 0
con
----------------End of Script----------------

04:58:40 INFO  : Disconnected from the channel tcfchan#6.
04:58:46 INFO  : Connected to target on host '127.0.0.1' and port '3121'.
04:58:47 INFO  : 'targets -set -filter {jtag_cable_name =~ "Digilent Zed 210248686512" && level==0} -index 1' command is executed.
04:58:47 INFO  : 'fpga -state' command is executed.
04:58:47 INFO  : Connected to target on host '127.0.0.1' and port '3121'.
04:58:47 INFO  : 'targets -set -filter {name =~"APU" && jtag_cable_name =~ "Digilent Zed 210248686512"} -index 0' command is executed.
04:58:51 INFO  : Mermory regions for PS have been updated.
04:58:51 INFO  : Sourcing of 'C:/Users/AraniBasu/Documents/GitHub/Reconfig-project/Hardware-Accel/HW/H05-lab3-1/project_3/project_3.sdk/design_1_wrapper_hw_platform_0/ps7_init.tcl' is done.
04:58:51 INFO  : 'targets -set -filter {name =~"APU" && jtag_cable_name =~ "Digilent Zed 210248686512"} -index 0' command is executed.
04:58:52 INFO  : 'ps7_init' command is executed.
04:58:52 INFO  : 'ps7_post_config' command is executed.
04:58:52 INFO  : Context for processor 'ps7_cortexa9_0' is selected.
04:58:53 INFO  : Processor reset is completed for 'ps7_cortexa9_0'.
04:58:53 INFO  : Context for processor 'ps7_cortexa9_0' is selected.
04:58:53 INFO  : The application 'C:/Users/AraniBasu/Documents/GitHub/Reconfig-project/Hardware-Accel/HW/H05-lab3-1/project_3/project_3.sdk/softmax/Debug/softmax.elf' is downloaded to processor 'ps7_cortexa9_0'.
04:58:53 INFO  : ----------------XSDB Script----------------
connect -url tcp:127.0.0.1:3121
targets -set -filter {name =~"APU" && jtag_cable_name =~ "Digilent Zed 210248686512"} -index 0
memmap -addr 2116091904 -size 65536 -flags 3
memmap -addr 2116026368 -size 65536 -flags 3
memmap -addr 4160782336 -size 4096 -flags 3
memmap -addr 4160786432 -size 4096 -flags 3
memmap -addr 4160790528 -size 4096 -flags 3
memmap -addr 4160794624 -size 4096 -flags 3
memmap -addr 4169138176 -size 1048576 -flags 3
memmap -addr 1048576 -size 535822336 -flags 3
memmap -addr 4160774144 -size 4096 -flags 3
memmap -addr 4160778240 -size 256 -flags 3
memmap -addr 4160765952 -size 4096 -flags 3
memmap -addr 4160761856 -size 4096 -flags 3
memmap -addr 3758141440 -size 4096 -flags 3
memmap -addr 4176478720 -size 256 -flags 3
memmap -addr 3758137344 -size 4096 -flags 3
memmap -addr 4170186752 -size 1048576 -flags 3
memmap -addr 4176482304 -size 4096 -flags 3
memmap -addr 3760193536 -size 4096 -flags 3
memmap -addr 4176486400 -size 4096 -flags 3
memmap -addr 4160798720 -size 4096 -flags 3
memmap -addr 4176486400 -size 4096 -flags 3
memmap -addr 4169732096 -size 4096 -flags 3
memmap -addr 3758149632 -size 4096 -flags 3
memmap -addr 4227858432 -size 16777216 -flags 3
memmap -addr 0 -size 196608 -flags 3
memmap -addr 4294901760 -size 65024 -flags 3
memmap -addr 4176478208 -size 253 -flags 3
memmap -addr 4176482304 -size 4096 -flags 3
memmap -addr 4176479744 -size 32 -flags 3
memmap -addr 4176479776 -size 224 -flags 3
memmap -addr 3759144960 -size 4096 -flags 3
memmap -addr 4160749568 -size 4096 -flags 3
memmap -addr 4160753664 -size 4096 -flags 3
memmap -addr 3758100480 -size 4096 -flags 3
memmap -addr 3758104576 -size 4096 -flags 3
memmap -addr 4160778496 -size 33 -flags 3
memmap -addr 1136656384 -size 65536 -flags 3
source C:/Users/AraniBasu/Documents/GitHub/Reconfig-project/Hardware-Accel/HW/H05-lab3-1/project_3/project_3.sdk/design_1_wrapper_hw_platform_0/ps7_init.tcl
targets -set -filter {name =~"APU" && jtag_cable_name =~ "Digilent Zed 210248686512"} -index 0
ps7_init
ps7_post_config
targets -set -nocase -filter {name =~ "ARM*#0" && jtag_cable_name =~ "Digilent Zed 210248686512"} -index 0
rst -processor
targets -set -nocase -filter {name =~ "ARM*#0" && jtag_cable_name =~ "Digilent Zed 210248686512"} -index 0
dow C:/Users/AraniBasu/Documents/GitHub/Reconfig-project/Hardware-Accel/HW/H05-lab3-1/project_3/project_3.sdk/softmax/Debug/softmax.elf
----------------End of Script----------------

04:58:53 INFO  : Memory regions updated for context APU
04:58:53 INFO  : Context for processor 'ps7_cortexa9_0' is selected.
04:58:53 INFO  : 'con' command is executed.
04:58:53 INFO  : ----------------XSDB Script (After Launch)----------------
targets -set -nocase -filter {name =~ "ARM*#0" && jtag_cable_name =~ "Digilent Zed 210248686512"} -index 0
con
----------------End of Script----------------

05:01:02 INFO  : Disconnected from the channel tcfchan#7.
05:01:21 INFO  : Connected to target on host '127.0.0.1' and port '3121'.
05:01:21 INFO  : 'targets -set -filter {jtag_cable_name =~ "Digilent Zed 210248686512" && level==0} -index 1' command is executed.
05:01:24 INFO  : FPGA configured successfully with bitstream "C:/Users/AraniBasu/Documents/GitHub/Reconfig-project/Hardware-Accel/HW/H05-lab3-1/project_3/project_3.sdk/design_1_wrapper_hw_platform_0/design_1_wrapper.bit"
05:01:27 INFO  : Connected to target on host '127.0.0.1' and port '3121'.
05:01:27 INFO  : 'targets -set -filter {jtag_cable_name =~ "Digilent Zed 210248686512" && level==0} -index 1' command is executed.
05:01:27 INFO  : 'fpga -state' command is executed.
05:01:27 INFO  : Connected to target on host '127.0.0.1' and port '3121'.
05:01:28 INFO  : 'targets -set -filter {name =~"APU" && jtag_cable_name =~ "Digilent Zed 210248686512"} -index 0' command is executed.
05:01:31 INFO  : Mermory regions for PS have been updated.
05:01:31 INFO  : Sourcing of 'C:/Users/AraniBasu/Documents/GitHub/Reconfig-project/Hardware-Accel/HW/H05-lab3-1/project_3/project_3.sdk/design_1_wrapper_hw_platform_0/ps7_init.tcl' is done.
05:01:32 INFO  : 'targets -set -filter {name =~"APU" && jtag_cable_name =~ "Digilent Zed 210248686512"} -index 0' command is executed.
05:01:33 INFO  : 'ps7_init' command is executed.
05:01:33 INFO  : 'ps7_post_config' command is executed.
05:01:33 INFO  : Context for processor 'ps7_cortexa9_0' is selected.
05:01:33 INFO  : Processor reset is completed for 'ps7_cortexa9_0'.
05:01:34 INFO  : Context for processor 'ps7_cortexa9_0' is selected.
05:01:34 INFO  : The application 'C:/Users/AraniBasu/Documents/GitHub/Reconfig-project/Hardware-Accel/HW/H05-lab3-1/project_3/project_3.sdk/softmax/Debug/softmax.elf' is downloaded to processor 'ps7_cortexa9_0'.
05:01:34 INFO  : ----------------XSDB Script----------------
connect -url tcp:127.0.0.1:3121
targets -set -filter {name =~"APU" && jtag_cable_name =~ "Digilent Zed 210248686512"} -index 0
memmap -addr 2116091904 -size 65536 -flags 3
memmap -addr 2116026368 -size 65536 -flags 3
memmap -addr 4160782336 -size 4096 -flags 3
memmap -addr 4160786432 -size 4096 -flags 3
memmap -addr 4160790528 -size 4096 -flags 3
memmap -addr 4160794624 -size 4096 -flags 3
memmap -addr 4169138176 -size 1048576 -flags 3
memmap -addr 1048576 -size 535822336 -flags 3
memmap -addr 4160774144 -size 4096 -flags 3
memmap -addr 4160778240 -size 256 -flags 3
memmap -addr 4160765952 -size 4096 -flags 3
memmap -addr 4160761856 -size 4096 -flags 3
memmap -addr 3758141440 -size 4096 -flags 3
memmap -addr 4176478720 -size 256 -flags 3
memmap -addr 3758137344 -size 4096 -flags 3
memmap -addr 4170186752 -size 1048576 -flags 3
memmap -addr 4176482304 -size 4096 -flags 3
memmap -addr 3760193536 -size 4096 -flags 3
memmap -addr 4176486400 -size 4096 -flags 3
memmap -addr 4160798720 -size 4096 -flags 3
memmap -addr 4176486400 -size 4096 -flags 3
memmap -addr 4169732096 -size 4096 -flags 3
memmap -addr 3758149632 -size 4096 -flags 3
memmap -addr 4227858432 -size 16777216 -flags 3
memmap -addr 0 -size 196608 -flags 3
memmap -addr 4294901760 -size 65024 -flags 3
memmap -addr 4176478208 -size 253 -flags 3
memmap -addr 4176482304 -size 4096 -flags 3
memmap -addr 4176479744 -size 32 -flags 3
memmap -addr 4176479776 -size 224 -flags 3
memmap -addr 3759144960 -size 4096 -flags 3
memmap -addr 4160749568 -size 4096 -flags 3
memmap -addr 4160753664 -size 4096 -flags 3
memmap -addr 3758100480 -size 4096 -flags 3
memmap -addr 3758104576 -size 4096 -flags 3
memmap -addr 4160778496 -size 33 -flags 3
memmap -addr 1136656384 -size 65536 -flags 3
source C:/Users/AraniBasu/Documents/GitHub/Reconfig-project/Hardware-Accel/HW/H05-lab3-1/project_3/project_3.sdk/design_1_wrapper_hw_platform_0/ps7_init.tcl
targets -set -filter {name =~"APU" && jtag_cable_name =~ "Digilent Zed 210248686512"} -index 0
ps7_init
ps7_post_config
targets -set -nocase -filter {name =~ "ARM*#0" && jtag_cable_name =~ "Digilent Zed 210248686512"} -index 0
rst -processor
targets -set -nocase -filter {name =~ "ARM*#0" && jtag_cable_name =~ "Digilent Zed 210248686512"} -index 0
dow C:/Users/AraniBasu/Documents/GitHub/Reconfig-project/Hardware-Accel/HW/H05-lab3-1/project_3/project_3.sdk/softmax/Debug/softmax.elf
----------------End of Script----------------

05:01:34 INFO  : Memory regions updated for context APU
05:01:34 INFO  : Context for processor 'ps7_cortexa9_0' is selected.
05:01:34 INFO  : 'con' command is executed.
05:01:34 INFO  : ----------------XSDB Script (After Launch)----------------
targets -set -nocase -filter {name =~ "ARM*#0" && jtag_cable_name =~ "Digilent Zed 210248686512"} -index 0
con
----------------End of Script----------------

05:02:20 INFO  : Disconnected from the channel tcfchan#8.
05:02:26 INFO  : Connected to target on host '127.0.0.1' and port '3121'.
05:02:26 INFO  : 'targets -set -filter {jtag_cable_name =~ "Digilent Zed 210248686512" && level==0} -index 1' command is executed.
05:02:26 INFO  : 'fpga -state' command is executed.
05:02:26 INFO  : Connected to target on host '127.0.0.1' and port '3121'.
05:02:27 INFO  : 'targets -set -filter {name =~"APU" && jtag_cable_name =~ "Digilent Zed 210248686512"} -index 0' command is executed.
05:02:30 INFO  : Mermory regions for PS have been updated.
05:02:31 INFO  : Sourcing of 'C:/Users/AraniBasu/Documents/GitHub/Reconfig-project/Hardware-Accel/HW/H05-lab3-1/project_3/project_3.sdk/design_1_wrapper_hw_platform_0/ps7_init.tcl' is done.
05:02:31 INFO  : 'targets -set -filter {name =~"APU" && jtag_cable_name =~ "Digilent Zed 210248686512"} -index 0' command is executed.
05:02:32 INFO  : 'ps7_init' command is executed.
05:02:32 INFO  : 'ps7_post_config' command is executed.
05:02:33 INFO  : Context for processor 'ps7_cortexa9_0' is selected.
05:02:33 INFO  : Processor reset is completed for 'ps7_cortexa9_0'.
05:02:33 INFO  : Context for processor 'ps7_cortexa9_0' is selected.
05:02:34 INFO  : The application 'C:/Users/AraniBasu/Documents/GitHub/Reconfig-project/Hardware-Accel/HW/H05-lab3-1/project_3/project_3.sdk/softmax/Debug/softmax.elf' is downloaded to processor 'ps7_cortexa9_0'.
05:02:34 INFO  : ----------------XSDB Script----------------
connect -url tcp:127.0.0.1:3121
targets -set -filter {name =~"APU" && jtag_cable_name =~ "Digilent Zed 210248686512"} -index 0
memmap -addr 2116091904 -size 65536 -flags 3
memmap -addr 2116026368 -size 65536 -flags 3
memmap -addr 4160782336 -size 4096 -flags 3
memmap -addr 4160786432 -size 4096 -flags 3
memmap -addr 4160790528 -size 4096 -flags 3
memmap -addr 4160794624 -size 4096 -flags 3
memmap -addr 4169138176 -size 1048576 -flags 3
memmap -addr 1048576 -size 535822336 -flags 3
memmap -addr 4160774144 -size 4096 -flags 3
memmap -addr 4160778240 -size 256 -flags 3
memmap -addr 4160765952 -size 4096 -flags 3
memmap -addr 4160761856 -size 4096 -flags 3
memmap -addr 3758141440 -size 4096 -flags 3
memmap -addr 4176478720 -size 256 -flags 3
memmap -addr 3758137344 -size 4096 -flags 3
memmap -addr 4170186752 -size 1048576 -flags 3
memmap -addr 4176482304 -size 4096 -flags 3
memmap -addr 3760193536 -size 4096 -flags 3
memmap -addr 4176486400 -size 4096 -flags 3
memmap -addr 4160798720 -size 4096 -flags 3
memmap -addr 4176486400 -size 4096 -flags 3
memmap -addr 4169732096 -size 4096 -flags 3
memmap -addr 3758149632 -size 4096 -flags 3
memmap -addr 4227858432 -size 16777216 -flags 3
memmap -addr 0 -size 196608 -flags 3
memmap -addr 4294901760 -size 65024 -flags 3
memmap -addr 4176478208 -size 253 -flags 3
memmap -addr 4176482304 -size 4096 -flags 3
memmap -addr 4176479744 -size 32 -flags 3
memmap -addr 4176479776 -size 224 -flags 3
memmap -addr 3759144960 -size 4096 -flags 3
memmap -addr 4160749568 -size 4096 -flags 3
memmap -addr 4160753664 -size 4096 -flags 3
memmap -addr 3758100480 -size 4096 -flags 3
memmap -addr 3758104576 -size 4096 -flags 3
memmap -addr 4160778496 -size 33 -flags 3
memmap -addr 1136656384 -size 65536 -flags 3
source C:/Users/AraniBasu/Documents/GitHub/Reconfig-project/Hardware-Accel/HW/H05-lab3-1/project_3/project_3.sdk/design_1_wrapper_hw_platform_0/ps7_init.tcl
targets -set -filter {name =~"APU" && jtag_cable_name =~ "Digilent Zed 210248686512"} -index 0
ps7_init
ps7_post_config
targets -set -nocase -filter {name =~ "ARM*#0" && jtag_cable_name =~ "Digilent Zed 210248686512"} -index 0
rst -processor
targets -set -nocase -filter {name =~ "ARM*#0" && jtag_cable_name =~ "Digilent Zed 210248686512"} -index 0
dow C:/Users/AraniBasu/Documents/GitHub/Reconfig-project/Hardware-Accel/HW/H05-lab3-1/project_3/project_3.sdk/softmax/Debug/softmax.elf
----------------End of Script----------------

05:02:34 INFO  : Memory regions updated for context APU
05:02:34 INFO  : Context for processor 'ps7_cortexa9_0' is selected.
05:02:34 INFO  : 'con' command is executed.
05:02:34 INFO  : ----------------XSDB Script (After Launch)----------------
targets -set -nocase -filter {name =~ "ARM*#0" && jtag_cable_name =~ "Digilent Zed 210248686512"} -index 0
con
----------------End of Script----------------

