

================================================================
== Vivado HLS Report for 'obj_detector_softmax'
================================================================
* Date:           Wed Nov 30 03:19:48 2016

* Version:        2015.2 (Build 1266856 on Fri Jun 26 16:57:37 PM 2015)
* Project:        proj1_hls
* Solution:       solution1
* Product family: zynq
* Target device:  xc7z020clg484-1


================================================================
== Performance Estimates
================================================================
+ Timing (ns): 
    * Summary: 
    +--------+-------+----------+------------+
    |  Clock | Target| Estimated| Uncertainty|
    +--------+-------+----------+------------+
    |ap_clk  |  10.00|      8.63|        1.25|
    +--------+-------+----------+------------+

+ Latency (clock cycles): 
    * Summary: 
    +-----+-----+-----+-----+---------+
    |  Latency  |  Interval | Pipeline|
    | min | max | min | max |   Type  |
    +-----+-----+-----+-----+---------+
    |  200|  200|  200|  200|   none  |
    +-----+-----+-----+-----+---------+

    + Detail: 
        * Instance: 
        N/A

        * Loop: 
        +-------------------+-----+-----+----------+-----------+-----------+------+----------+
        |                   |  Latency  | Iteration|  Initiation Interval  | Trip |          |
        |     Loop Name     | min | max |  Latency |  achieved |   target  | Count| Pipelined|
        +-------------------+-----+-----+----------+-----------+-----------+------+----------+
        |- softmax_label9   |   10|   10|         5|          -|          -|     2|    no    |
        |- softmax_label10  |   32|   32|        16|          -|          -|     2|    no    |
        |- softmax_label11  |   50|   50|        25|          -|          -|     2|    no    |
        |- softmax_label12  |  104|  104|        52|          -|          -|     2|    no    |
        +-------------------+-----+-----+----------+-----------+-----------+------+----------+



================================================================
== Utilization Estimates
================================================================
* Summary: 
+-----------------+---------+-------+--------+-------+
|       Name      | BRAM_18K| DSP48E|   FF   |  LUT  |
+-----------------+---------+-------+--------+-------+
|Expression       |        -|      -|       0|    208|
|FIFO             |        -|      -|       -|      -|
|Instance         |        -|     31|    6399|   9205|
|Memory           |        -|      -|       -|      -|
|Multiplexer      |        -|      -|       -|    460|
|Register         |        -|      -|     596|      -|
+-----------------+---------+-------+--------+-------+
|Total            |        0|     31|    6995|   9873|
+-----------------+---------+-------+--------+-------+
|Available        |      280|    220|  106400|  53200|
+-----------------+---------+-------+--------+-------+
|Utilization (%)  |        0|     14|       6|     18|
+-----------------+---------+-------+--------+-------+

+ Detail: 
    * Instance: 
    +------------------------------------------------+--------------------------------------------+---------+-------+------+------+
    |                    Instance                    |                   Module                   | BRAM_18K| DSP48E|  FF  |  LUT |
    +------------------------------------------------+--------------------------------------------+---------+-------+------+------+
    |obj_detector_dadd_64ns_64ns_64_5_full_dsp_U56   |obj_detector_dadd_64ns_64ns_64_5_full_dsp   |        0|      3|   445|  1149|
    |obj_detector_ddiv_64ns_64ns_64_31_U57           |obj_detector_ddiv_64ns_64ns_64_31           |        0|      0|  3211|  3658|
    |obj_detector_dexp_64ns_64ns_64_18_full_dsp_U58  |obj_detector_dexp_64ns_64ns_64_18_full_dsp  |        0|     26|  1549|  2599|
    |obj_detector_fadd_32ns_32ns_32_5_full_dsp_U52   |obj_detector_fadd_32ns_32ns_32_5_full_dsp   |        0|      2|   205|   390|
    |obj_detector_fdiv_32ns_32ns_32_16_U53           |obj_detector_fdiv_32ns_32ns_32_16           |        0|      0|   761|   994|
    |obj_detector_fpext_32ns_64_1_U55                |obj_detector_fpext_32ns_64_1                |        0|      0|   100|   138|
    |obj_detector_fptrunc_64ns_32_1_U54              |obj_detector_fptrunc_64ns_32_1              |        0|      0|   128|   277|
    +------------------------------------------------+--------------------------------------------+---------+-------+------+------+
    |Total                                           |                                            |        0|     31|  6399|  9205|
    +------------------------------------------------+--------------------------------------------+---------+-------+------+------+

    * Memory: 
    N/A

    * FIFO: 
    N/A

    * Expression: 
    +---------------------------+----------+-------+---+----+------------+------------+
    |       Variable Name       | Operation| DSP48E| FF| LUT| Bitwidth P0| Bitwidth P1|
    +---------------------------+----------+-------+---+----+------------+------------+
    |i_5_fu_217_p2              |     +    |      0|  0|   2|           2|           1|
    |i_6_fu_240_p2              |     +    |      0|  0|   2|           2|           1|
    |i_7_fu_277_p2              |     +    |      0|  0|   2|           2|           1|
    |i_8_fu_302_p2              |     +    |      0|  0|   2|           2|           1|
    |grp_fu_161_p1              |  Select  |      0|  0|  32|           1|          32|
    |grp_fu_166_p0              |  Select  |      0|  0|  32|           1|          32|
    |temp_1_1_fu_257_p3         |  Select  |      0|  0|  32|           1|          32|
    |temp_1_2_fu_264_p3         |  Select  |      0|  0|  32|           1|          32|
    |temp_load_1_phi_fu_312_p3  |  Select  |      0|  0|  32|           1|          32|
    |temp_load_phi_fu_287_p3    |  Select  |      0|  0|  32|           1|          32|
    |exitcond1_fu_271_p2        |   icmp   |      0|  0|   2|           2|           3|
    |exitcond2_fu_234_p2        |   icmp   |      0|  0|   2|           2|           3|
    |exitcond3_fu_211_p2        |   icmp   |      0|  0|   2|           2|           3|
    |exitcond_fu_296_p2         |   icmp   |      0|  0|   2|           2|           3|
    +---------------------------+----------+-------+---+----+------------+------------+
    |Total                      |          |      0|  0| 208|          22|         208|
    +---------------------------+----------+-------+---+----+------------+------------+

    * Multiplexer: 
    +---------------+-----+-----------+-----+-----------+
    |      Name     | LUT | Input Size| Bits| Total Bits|
    +---------------+-----+-----------+-----+-----------+
    |ap_NS_fsm      |  224|        100|    1|        100|
    |grp_fu_171_p0  |   64|          3|   64|        192|
    |grp_fu_174_p0  |   32|          5|   32|        160|
    |grp_fu_187_p1  |   64|          3|   64|        192|
    |i1_reg_115     |    2|          2|    2|          4|
    |i2_reg_138     |    2|          2|    2|          4|
    |i3_reg_149     |    2|          2|    2|          4|
    |i_reg_68       |    2|          2|    2|          4|
    |out_r_WEN_A    |    4|          2|    4|          8|
    |sum_1_reg_126  |   32|          2|   32|         64|
    |sum_reg_79     |   32|          2|   32|         64|
    +---------------+-----+-----------+-----+-----------+
    |Total          |  460|        125|  237|        796|
    +---------------+-----+-----------+-----+-----------+

    * Register: 
    +------------------+----+----+-----+-----------+
    |       Name       | FF | LUT| Bits| Const Bits|
    +------------------+----+----+-----+-----------+
    |ap_CS_fsm         |  99|   0|   99|          0|
    |i1_reg_115        |   2|   0|    2|          0|
    |i2_reg_138        |   2|   0|    2|          0|
    |i3_reg_149        |   2|   0|    2|          0|
    |i_5_reg_341       |   2|   0|    2|          0|
    |i_6_reg_359       |   2|   0|    2|          0|
    |i_7_reg_388       |   2|   0|    2|          0|
    |i_8_reg_401       |   2|   0|    2|          0|
    |i_reg_68          |   2|   0|    2|          0|
    |reg_192           |  64|   0|   64|          0|
    |reg_199           |  64|   0|   64|          0|
    |reg_205           |  32|   0|   32|          0|
    |sum_1_reg_126     |  32|   0|   32|          0|
    |sum_reg_79        |  32|   0|   32|          0|
    |temp_0_s_reg_103  |  32|   0|   32|          0|
    |temp_1_s_reg_91   |  32|   0|   32|          0|
    |tmp_10_reg_364    |   1|   0|    1|          0|
    |tmp_2_reg_406     |  64|   0|   64|          0|
    |tmp_4_reg_411     |  64|   0|   64|          0|
    |tmp_8_reg_393     |  64|   0|   64|          0|
    +------------------+----+----+-----+-----------+
    |Total             | 596|   0|  596|          0|
    +------------------+----+----+-----+-----------+



================================================================
== Interface
================================================================
* Summary: 
+--------------+-----+-----+------------+----------------------+--------------+
|   RTL Ports  | Dir | Bits|  Protocol  |     Source Object    |    C Type    |
+--------------+-----+-----+------------+----------------------+--------------+
|ap_clk        |  in |    1| ap_ctrl_hs | obj_detector_softmax | return value |
|ap_rst        |  in |    1| ap_ctrl_hs | obj_detector_softmax | return value |
|ap_start      |  in |    1| ap_ctrl_hs | obj_detector_softmax | return value |
|ap_done       | out |    1| ap_ctrl_hs | obj_detector_softmax | return value |
|ap_idle       | out |    1| ap_ctrl_hs | obj_detector_softmax | return value |
|ap_ready      | out |    1| ap_ctrl_hs | obj_detector_softmax | return value |
|inp_0_read    |  in |   32|   ap_none  |      inp_0_read      |    scalar    |
|inp_1_read    |  in |   32|   ap_none  |      inp_1_read      |    scalar    |
|out_r_Addr_A  | out |   32|    bram    |         out_r        |     array    |
|out_r_EN_A    | out |    1|    bram    |         out_r        |     array    |
|out_r_WEN_A   | out |    4|    bram    |         out_r        |     array    |
|out_r_Din_A   | out |   32|    bram    |         out_r        |     array    |
|out_r_Dout_A  |  in |   32|    bram    |         out_r        |     array    |
+--------------+-----+-----+------------+----------------------+--------------+

