

================================================================
== Vivado HLS Report for 'obj_detector_ReLU'
================================================================
* Date:           Thu Dec  1 08:40:59 2016

* Version:        2015.2 (Build 1266856 on Fri Jun 26 16:57:37 PM 2015)
* Project:        proj1_hls
* Solution:       solution1
* Product family: zynq
* Target device:  xc7z020clg484-1


================================================================
== Performance Estimates
================================================================
+ Timing (ns): 
    * Summary: 
    +--------+-------+----------+------------+
    |  Clock | Target| Estimated| Uncertainty|
    +--------+-------+----------+------------+
    |ap_clk  |  20.00|     14.95|        2.50|
    +--------+-------+----------+------------+

+ Latency (clock cycles): 
    * Summary: 
    +------+------+------+------+---------+
    |   Latency   |   Interval  | Pipeline|
    |  min |  max |  min |  max |   Type  |
    +------+------+------+------+---------+
    |  1201|  1201|  1201|  1201|   none  |
    +------+------+------+------+---------+

    + Detail: 
        * Instance: 
        N/A

        * Loop: 
        +------------------+------+------+----------+-----------+-----------+------+----------+
        |                  |   Latency   | Iteration|  Initiation Interval  | Trip |          |
        |     Loop Name    |  min |  max |  Latency |  achieved |   target  | Count| Pipelined|
        +------------------+------+------+----------+-----------+-----------+------+----------+
        |- ReLU_label0     |  1200|  1200|        50|          -|          -|    24|    no    |
        | + ReLU_label0.1  |    48|    48|         2|          -|          -|    24|    no    |
        +------------------+------+------+----------+-----------+-----------+------+----------+



================================================================
== Utilization Estimates
================================================================
* Summary: 
+-----------------+---------+-------+--------+-------+
|       Name      | BRAM_18K| DSP48E|   FF   |  LUT  |
+-----------------+---------+-------+--------+-------+
|Expression       |        -|      -|       0|    225|
|FIFO             |        -|      -|       -|      -|
|Instance         |        -|      0|      66|    239|
|Memory           |        -|      -|       -|      -|
|Multiplexer      |        -|      -|       -|     11|
|Register         |        -|      -|     128|      -|
+-----------------+---------+-------+--------+-------+
|Total            |        0|      0|     194|    475|
+-----------------+---------+-------+--------+-------+
|Available        |      280|    220|  106400|  53200|
+-----------------+---------+-------+--------+-------+
|Utilization (%)  |        0|      0|   ~0   |   ~0  |
+-----------------+---------+-------+--------+-------+

+ Detail: 
    * Instance: 
    +-------------------------------------+---------------------------------+---------+-------+----+-----+
    |               Instance              |              Module             | BRAM_18K| DSP48E| FF | LUT |
    +-------------------------------------+---------------------------------+---------+-------+----+-----+
    |obj_detector_fcmp_32ns_32ns_1_1_U14  |obj_detector_fcmp_32ns_32ns_1_1  |        0|      0|  66|  239|
    +-------------------------------------+---------------------------------+---------+-------+----+-----+
    |Total                                |                                 |        0|      0|  66|  239|
    +-------------------------------------+---------------------------------+---------+-------+----+-----+

    * Memory: 
    N/A

    * FIFO: 
    N/A

    * Expression: 
    +---------------------+----------+-------+---+----+------------+------------+
    |    Variable Name    | Operation| DSP48E| FF| LUT| Bitwidth P0| Bitwidth P1|
    +---------------------+----------+-------+---+----+------------+------------+
    |i_5_fu_190_p2        |     +    |      0|  0|   5|           5|           1|
    |j_1_fu_276_p2        |     +    |      0|  0|   5|           5|           1|
    |p_addr13_fu_235_p2   |     +    |      0|  0|  10|          10|          10|
    |p_addr16_fu_296_p2   |     +    |      0|  0|  32|          32|          32|
    |p_addr1_fu_200_p2    |     +    |      0|  0|  10|          10|          10|
    |p_addr3_fu_286_p2    |     +    |      0|  0|  32|          32|          32|
    |p_addr12_fu_174_p2   |     -    |      0|  0|   9|           9|           9|
    |p_addr15_fu_264_p2   |     -    |      0|  0|  32|          32|          32|
    |p_addr2_fu_229_p2    |     -    |      0|  0|  32|          32|          32|
    |p_addr_fu_140_p2     |     -    |      0|  0|   9|           9|           9|
    |out_r_d0             |  Select  |      0|  0|  32|           1|          32|
    |tmp_331_fu_337_p2    |    and   |      0|  0|   1|           1|           1|
    |exitcond1_fu_184_p2  |   icmp   |      0|  0|   2|           5|           5|
    |exitcond_fu_270_p2   |   icmp   |      0|  0|   2|           5|           5|
    |notlhs_fu_319_p2     |   icmp   |      0|  0|   3|           8|           2|
    |notrhs_fu_325_p2     |   icmp   |      0|  0|   8|          23|           1|
    |tmp_329_fu_331_p2    |    or    |      0|  0|   1|           1|           1|
    +---------------------+----------+-------+---+----+------------+------------+
    |Total                |          |      0|  0| 225|         220|         215|
    +---------------------+----------+-------+---+----+------------+------------+

    * Multiplexer: 
    +-----------+----+-----------+-----+-----------+
    |    Name   | LUT| Input Size| Bits| Total Bits|
    +-----------+----+-----------+-----+-----------+
    |ap_NS_fsm  |   1|          5|    1|          5|
    |i_reg_88   |   5|          2|    5|         10|
    |j_reg_99   |   5|          2|    5|         10|
    +-----------+----+-----------+-----+-----------+
    |Total      |  11|          9|   11|         25|
    +-----------+----+-----------+-----+-----------+

    * Register: 
    +-----------------------+----+----+-----+-----------+
    |          Name         | FF | LUT| Bits| Const Bits|
    +-----------------------+----+----+-----+-----------+
    |ap_CS_fsm              |   4|   0|    4|          0|
    |i_5_reg_369            |   5|   0|    5|          0|
    |i_reg_88               |   5|   0|    5|          0|
    |j_1_reg_387            |   5|   0|    5|          0|
    |j_reg_99               |   5|   0|    5|          0|
    |p_addr12_cast_reg_361  |   7|   0|   10|          3|
    |p_addr15_reg_379       |  29|   0|   32|          3|
    |p_addr16_reg_397       |  32|   0|   32|          0|
    |p_addr2_reg_374        |  29|   0|   32|          3|
    |p_addr_cast_reg_356    |   7|   0|   10|          3|
    +-----------------------+----+----+-----+-----------+
    |Total                  | 128|   0|  140|         12|
    +-----------------------+----+----+-----+-----------+



================================================================
== Interface
================================================================
* Summary: 
+----------------+-----+-----+------------+-------------------+--------------+
|    RTL Ports   | Dir | Bits|  Protocol  |   Source Object   |    C Type    |
+----------------+-----+-----+------------+-------------------+--------------+
|ap_clk          |  in |    1| ap_ctrl_hs | obj_detector_ReLU | return value |
|ap_rst          |  in |    1| ap_ctrl_hs | obj_detector_ReLU | return value |
|ap_start        |  in |    1| ap_ctrl_hs | obj_detector_ReLU | return value |
|ap_done         | out |    1| ap_ctrl_hs | obj_detector_ReLU | return value |
|ap_idle         | out |    1| ap_ctrl_hs | obj_detector_ReLU | return value |
|ap_ready        | out |    1| ap_ctrl_hs | obj_detector_ReLU | return value |
|inp_address0    | out |   12|  ap_memory |        inp        |     array    |
|inp_ce0         | out |    1|  ap_memory |        inp        |     array    |
|inp_q0          |  in |   32|  ap_memory |        inp        |     array    |
|tmp_2           |  in |    3|   ap_none  |       tmp_2       |    scalar    |
|out_r_address0  | out |   12|  ap_memory |       out_r       |     array    |
|out_r_ce0       | out |    1|  ap_memory |       out_r       |     array    |
|out_r_we0       | out |    1|  ap_memory |       out_r       |     array    |
|out_r_d0        | out |   32|  ap_memory |       out_r       |     array    |
|tmp_21          |  in |    3|   ap_none  |       tmp_21      |    scalar    |
+----------------+-----+-----+------------+-------------------+--------------+

