@I [HLS-0] Workspace /home/littlefoot/18643_project/Hardware-Accel/HW/proj1_hls/solution1 opened at Sun Dec 04 19:41:00 EST 2016
@I [HLS-100] Command "config_clock -quiet -name default -period 20 -default=false "
@I [SYN-201] Setting up clock 'default' with a period of 20ns.
@I [HLS-100] Command 'config_clock' returned 0; elapsed 5.9e-05Total elapsed time: 1.945 sec.
@I [HLS-100] Command "open_platform DefaultPlatform "
@I [HLS-100] Command 'open_platform' returned 0; elapsed 3.6e-05Total elapsed time: 1.946 sec.
@I [HLS-100] Command "import_lib /home/littlefoot/vivado/Vivado_HLS/2015.2/common/technology/xilinx/zynq/zynq "
@I [HLS-100] Command "source /home/littlefoot/vivado/Vivado_HLS/2015.2/common/technology/xilinx/common/xilinx.lib "
@I [HLS-100] Command "source /home/littlefoot/vivado/Vivado_HLS/2015.2/common/technology/xilinx/interface/xilinx_interface.lib "
@I [HLS-100] Command "source /home/littlefoot/vivado/Vivado_HLS/2015.2/common/technology/xilinx/interface/plb46.lib "
@I [HLS-100] Command 'ap_source' returned 0; elapsed 0.000234Total elapsed time: 1.946 sec.
@I [HLS-100] Command "source /home/littlefoot/vivado/Vivado_HLS/2015.2/common/technology/xilinx/interface/fsl.lib "
@I [HLS-100] Command 'ap_source' returned 0; elapsed 0.000112Total elapsed time: 1.947 sec.
@I [HLS-100] Command "source /home/littlefoot/vivado/Vivado_HLS/2015.2/common/technology/xilinx/interface/axi4.lib "
@I [HLS-100] Command 'ap_source' returned 0; elapsed 0.000152Total elapsed time: 1.947 sec.
@I [HLS-100] Command "source /home/littlefoot/vivado/Vivado_HLS/2015.2/common/technology/xilinx/interface/maxi.lib "
@I [HLS-100] Command 'ap_source' returned 0; elapsed 0.000135Total elapsed time: 1.947 sec.
@I [HLS-100] Command "source /home/littlefoot/vivado/Vivado_HLS/2015.2/common/technology/xilinx/interface/saxilite.lib "
@I [HLS-100] Command 'ap_source' returned 0; elapsed 8.6e-05Total elapsed time: 1.947 sec.
@I [HLS-100] Command 'ap_source' returned 0; elapsed 0.000959Total elapsed time: 1.947 sec.
@I [HLS-100] Command "source /home/littlefoot/vivado/Vivado_HLS/2015.2/common/technology/xilinx/common/dsp48.lib "
@I [HLS-100] Command 'ap_source' returned 0; elapsed 8.1e-05Total elapsed time: 1.947 sec.
@I [HLS-100] Command "source /home/littlefoot/vivado/Vivado_HLS/2015.2/common/technology/xilinx/ip/xfft.lib "
@I [HLS-100] Command 'ap_source' returned 0; elapsed 6e-05Total elapsed time: 1.947 sec.
@I [HLS-100] Command "source /home/littlefoot/vivado/Vivado_HLS/2015.2/common/technology/xilinx/ip/dds_compiler.lib "
@I [HLS-100] Command 'ap_source' returned 0; elapsed 5.1e-05Total elapsed time: 1.948 sec.
@I [HLS-100] Command "source /home/littlefoot/vivado/Vivado_HLS/2015.2/common/technology/xilinx/ip/xfir.lib "
@I [HLS-100] Command 'ap_source' returned 0; elapsed 4.7e-05Total elapsed time: 1.948 sec.
@I [HLS-100] Command 'ap_source' returned 0; elapsed 0.003181Total elapsed time: 1.949 sec.
@I [HLS-100] Command "source /home/littlefoot/vivado/Vivado_HLS/2015.2/common/technology/xilinx/common/xilinx_old.lib "
@I [HLS-100] Command 'ap_source' returned 0; elapsed 0.000518Total elapsed time: 1.951 sec.
@I [HLS-100] Command "source /home/littlefoot/vivado/Vivado_HLS/2015.2/common/technology/xilinx/common/xilinx_vivado.lib "
@I [HLS-100] Command 'ap_source' returned 0; elapsed 0.000436Total elapsed time: 1.951 sec.
@I [HLS-100] Command "source /home/littlefoot/vivado/Vivado_HLS/2015.2/common/technology/xilinx/common/xilinx.hlp "
@I [HLS-100] Command "source /home/littlefoot/vivado/Vivado_HLS/2015.2/common/technology/xilinx/common/target_info.tcl "
@I [HLS-100] Command 'ap_source' returned 0; elapsed 9e-05Total elapsed time: 1.953 sec.
@I [HLS-100] Command "source /home/littlefoot/vivado/Vivado_HLS/2015.2/common/technology/xilinx/interface/xilinx_interface.hlp "
@I [HLS-100] Command "source /home/littlefoot/vivado/Vivado_HLS/2015.2/common/technology/xilinx/interface/maxi.hlp "
@I [HLS-100] Command 'ap_source' returned 0; elapsed 8.6e-05Total elapsed time: 1.953 sec.
@I [HLS-100] Command "source /home/littlefoot/vivado/Vivado_HLS/2015.2/common/technology/xilinx/interface/saxilite.hlp "
@I [HLS-100] Command 'ap_source' returned 0; elapsed 5.4e-05Total elapsed time: 1.953 sec.
@I [HLS-100] Command 'ap_source' returned 0; elapsed 0.000251Total elapsed time: 1.953 sec.
@I [HLS-100] Command "source /home/littlefoot/vivado/Vivado_HLS/2015.2/common/technology/xilinx/common/dsp48.hlp "
@I [HLS-100] Command 'ap_source' returned 0; elapsed 0.000441Total elapsed time: 1.954 sec.
@I [HLS-100] Command 'ap_source' returned 0; elapsed 0.001569Total elapsed time: 1.954 sec.
@I [HLS-100] Command "source /home/littlefoot/vivado/Vivado_HLS/2015.2/common/technology/xilinx/zynq/dsp48e1.hlp "
@I [HLS-100] Command 'ap_source' returned 0; elapsed 5.6e-05Total elapsed time: 1.954 sec.
@I [HLS-100] Command "get_default_platform "
@I [HLS-100] Command 'get_default_platform' returned 0; elapsed 6e-06Total elapsed time: 1.955 sec.
@I [HLS-100] Command "config_chip_info -quiet -resource  {SLICE 13300}  {LUT 53200}     {FF 106400} {DSP48E 220}   {BRAM 280}  "
@I [HLS-100] Command 'config_chip_info' returned 0; elapsed 1.4e-05Total elapsed time: 1.955 sec.
@I [HLS-100] Command "config_chip_info -quiet -speed medium "
@I [HLS-100] Command 'config_chip_info' returned 0; elapsed 3e-06Total elapsed time: 1.955 sec.
@I [HLS-100] Command 'import_lib' returned 0; elapsed 0.009915Total elapsed time: 1.956 sec.
@I [HLS-100] Command "source /home/littlefoot/vivado/Vivado_HLS/2015.2/common/technology/xilinx/zynq/zynq.gen "
@I [HLS-100] Command "source /home/littlefoot/vivado/Vivado_HLS/2015.2/common/technology/xilinx/common/virtex.gen "
@I [HLS-100] Command "source /home/littlefoot/vivado/Vivado_HLS/2015.2/common/technology/xilinx/common/xilinx.gen "
@I [HLS-100] Command "source /home/littlefoot/vivado/Vivado_HLS/2015.2/common/technology/xilinx/interface/plb46.gen "
@I [HLS-100] Command 'ap_source' returned 0; elapsed 0.000834Total elapsed time: 1.957 sec.
@I [HLS-100] Command "source /home/littlefoot/vivado/Vivado_HLS/2015.2/common/technology/xilinx/interface/fsl.gen "
@I [HLS-100] Command 'ap_source' returned 0; elapsed 0.000314Total elapsed time: 1.958 sec.
@I [HLS-100] Command "source /home/littlefoot/vivado/Vivado_HLS/2015.2/common/technology/xilinx/interface/axi4.gen "
@I [HLS-100] Command 'ap_source' returned 0; elapsed 0.00162Total elapsed time: 1.959 sec.
@I [HLS-100] Command "source /home/littlefoot/vivado/Vivado_HLS/2015.2/common/technology/xilinx/interface/nativeAXI4.gen "
@I [HLS-100] Command "source /home/littlefoot/vivado/Vivado_HLS/2015.2/common/technology/xilinx/interface/saxilite.gen "
@I [HLS-100] Command 'ap_source' returned 0; elapsed 0.002441Total elapsed time: 1.962 sec.
@I [HLS-100] Command "source /home/littlefoot/vivado/Vivado_HLS/2015.2/common/technology/xilinx/interface/maxi.gen "
@I [HLS-100] Command 'ap_source' returned 0; elapsed 0.005476Total elapsed time: 1.967 sec.
@I [HLS-100] Command 'ap_source' returned 0; elapsed 0.008047Total elapsed time: 1.967 sec.
@I [HLS-100] Command "source /home/littlefoot/vivado/Vivado_HLS/2015.2/common/technology/xilinx/scripts/xilinxcoregen.gen "
@I [HLS-100] Command 'ap_source' returned 0; elapsed 0.009917Total elapsed time: 2.0 sec.
@I [HLS-100] Command "source /home/littlefoot/vivado/Vivado_HLS/2015.2/common/technology/xilinx/interface/XilEDKCoreGen.gen "
@I [HLS-100] Command 'ap_source' returned 0; elapsed 0.007841Total elapsed time: 2.22 sec.
@I [HLS-100] Command "source /home/littlefoot/vivado/Vivado_HLS/2015.2/common/technology/xilinx/ip/xfft.gen "
@I [HLS-100] Command 'ap_source' returned 0; elapsed 0.088636Total elapsed time: 2.110 sec.
@I [HLS-100] Command "source /home/littlefoot/vivado/Vivado_HLS/2015.2/common/technology/xilinx/ip/util.gen "
@I [HLS-100] Command 'ap_source' returned 0; elapsed 0.000312Total elapsed time: 2.121 sec.
@I [HLS-100] Command "source /home/littlefoot/vivado/Vivado_HLS/2015.2/common/technology/xilinx/ip/xfir.gen "
@I [HLS-100] Command "source /home/littlefoot/vivado/Vivado_HLS/2015.2/tps/tcl/tcllib1.11.1/struct/list.tcl "
@I [HLS-100] Command "source /home/littlefoot/vivado/Vivado_HLS/2015.2/tps/tcl/tcllib1.11.1/cmdline/cmdline.tcl "
@I [HLS-100] Command 'ap_source' returned 0; elapsed 0.00063Total elapsed time: 2.147 sec.
@I [HLS-100] Command 'ap_source' returned 0; elapsed 0.001494Total elapsed time: 2.148 sec.
@I [HLS-100] Command "source /home/littlefoot/vivado/Vivado_HLS/2015.2/tps/tcl/tcllib1.11.1/math/bignum.tcl "
@I [HLS-100] Command 'ap_source' returned 0; elapsed 0.000493Total elapsed time: 2.157 sec.
@I [HLS-100] Command 'ap_source' returned 0; elapsed 0.032347Total elapsed time: 2.162 sec.
@I [HLS-100] Command "source /home/littlefoot/vivado/Vivado_HLS/2015.2/common/technology/xilinx/ip/dds_compiler.gen "
@I [HLS-100] Command 'ap_source' returned 0; elapsed 0.002682Total elapsed time: 2.165 sec.
@I [HLS-100] Command 'ap_source' returned 0; elapsed 0.153231Total elapsed time: 2.165 sec.
@I [HLS-100] Command "source /home/littlefoot/vivado/Vivado_HLS/2015.2/common/technology/xilinx/common/dsp48.gen "
@I [HLS-100] Command 'ap_source' returned 0; elapsed 8.5e-05Total elapsed time: 2.166 sec.
@I [HLS-100] Command 'ap_source' returned 0; elapsed 0.154649Total elapsed time: 2.166 sec.
@I [HLS-100] Command 'ap_source' returned 0; elapsed 0.15474Total elapsed time: 2.166 sec.
@I [HLS-100] Command "open_platform DefaultPlatform "
@I [HLS-100] Command 'open_platform' returned 0; elapsed 6e-06Total elapsed time: 2.166 sec.
@I [HLS-100] Command "import_lib /home/littlefoot/vivado/Vivado_HLS/2015.2/common/technology/xilinx/zynq/zynq_fpv6 "
@I [HLS-100] Command "source /home/littlefoot/vivado/Vivado_HLS/2015.2/common/technology/xilinx/common/xilinx_fpv7.lib "
@I [HLS-100] Command 'ap_source' returned 0; elapsed 0.002294Total elapsed time: 2.169 sec.
@I [HLS-100] Command "source /home/littlefoot/vivado/Vivado_HLS/2015.2/common/technology/xilinx/common/xilinx_fpv.hlp "
@I [HLS-100] Command "source /home/littlefoot/vivado/Vivado_HLS/2015.2/common/technology/xilinx/common/xilinx.hlp "
@I [HLS-100] Command "source /home/littlefoot/vivado/Vivado_HLS/2015.2/common/technology/xilinx/common/target_info.tcl "
@I [HLS-100] Command 'ap_source' returned 0; elapsed 0.000137Total elapsed time: 2.173 sec.
@I [HLS-100] Command "source /home/littlefoot/vivado/Vivado_HLS/2015.2/common/technology/xilinx/interface/xilinx_interface.hlp "
@I [HLS-100] Command "source /home/littlefoot/vivado/Vivado_HLS/2015.2/common/technology/xilinx/interface/maxi.hlp "
@I [HLS-100] Command 'ap_source' returned 0; elapsed 6.8e-05Total elapsed time: 2.173 sec.
@I [HLS-100] Command "source /home/littlefoot/vivado/Vivado_HLS/2015.2/common/technology/xilinx/interface/saxilite.hlp "
@I [HLS-100] Command 'ap_source' returned 0; elapsed 6.1e-05Total elapsed time: 2.174 sec.
@I [HLS-100] Command 'ap_source' returned 0; elapsed 0.000223Total elapsed time: 2.174 sec.
@I [HLS-100] Command "source /home/littlefoot/vivado/Vivado_HLS/2015.2/common/technology/xilinx/common/dsp48.hlp "
@I [HLS-100] Command 'ap_source' returned 0; elapsed 0.000468Total elapsed time: 2.174 sec.
@I [HLS-100] Command 'ap_source' returned 0; elapsed 0.001648Total elapsed time: 2.175 sec.
@I [HLS-100] Command 'ap_source' returned 0; elapsed 0.002051Total elapsed time: 2.175 sec.
@I [HLS-100] Command 'import_lib' returned 0; elapsed 0.01207Total elapsed time: 2.178 sec.
@I [HLS-100] Command "source /home/littlefoot/vivado/Vivado_HLS/2015.2/common/technology/xilinx/zynq/zynq_fpv6.gen "
@I [HLS-100] Command "source /home/littlefoot/vivado/Vivado_HLS/2015.2/common/technology/xilinx/common/xilinx_fpv6.gen "
@I [HLS-100] Command 'ap_source' returned 0; elapsed 0.001201Total elapsed time: 2.180 sec.
@I [HLS-100] Command 'ap_source' returned 0; elapsed 0.001323Total elapsed time: 2.180 sec.
@I [HLS-100] Command "set_part xc7z020clg484-1 "
@I [HLS-100] Command "add_library xilinx/zynq/zynq:xc7z020:clg484:-1 "
@I [HLS-100] Command "get_default_platform "
@I [HLS-100] Command 'get_default_platform' returned 0; elapsed 4e-06Total elapsed time: 2.183 sec.
@I [HLS-100] Command "license_exists VIVADO_HLS "
@I [HLS-100] Command 'license_exists' returned 1; elapsed 0.00349Total elapsed time: 2.497 sec.
@I [HLS-100] Command "license_exists ap_opencl "
@I [HLS-100] Command 'license_exists' returned 1; elapsed 0.002954Total elapsed time: 2.727 sec.
@I [HLS-100] Command "license_exists ap_sdsoc "
@I [HLS-100] Command 'license_exists' returned 1; elapsed 0.002991Total elapsed time: 2.968 sec.
@I [HLS-100] Command "license_exists AUTOESL_NI "
@I [HLS-100] Command 'license_exists' returned 1; elapsed 0.002965Total elapsed time: 3.242 sec.
@I [HLS-100] Command "license_exists HLS "
@I [HLS-100] Command 'license_exists' returned 0; elapsed 1.1e-05Total elapsed time: 3.242 sec.
@I [HLS-100] Command "get_default_platform "
@I [HLS-100] Command 'get_default_platform' returned 0; elapsed 5e-06Total elapsed time: 3.243 sec.
@I [HLS-100] Command "config_chip_info -quiet -resource  {SLICE 13300}  {LUT 53200}     {FF 106400} {DSP48E 220}   {BRAM 280}  "
@I [HLS-100] Command 'config_chip_info' returned 0; elapsed 1.6e-05Total elapsed time: 3.243 sec.
@I [HLS-100] Command "config_chip_info -quiet -speed slow "
@I [HLS-100] Command 'config_chip_info' returned 0; elapsed 4e-06Total elapsed time: 3.243 sec.
@I [HLS-100] Command 'add_library' returned 0; elapsed 0.015621Total elapsed time: 3.244 sec.
@I [HLS-100] Command "add_library xilinx/zynq/zynq_fpv6 "
@I [HLS-100] Command "get_default_platform "
@I [HLS-100] Command 'get_default_platform' returned 0; elapsed 3e-06Total elapsed time: 3.244 sec.
@I [HLS-100] Command "license_exists VIVADO_HLS "
@I [HLS-100] Command 'license_exists' returned 1; elapsed 0.00273Total elapsed time: 3.604 sec.
@I [HLS-100] Command "license_exists ap_opencl "
@I [HLS-100] Command 'license_exists' returned 1; elapsed 0.002999Total elapsed time: 3.962 sec.
@I [HLS-100] Command "license_exists ap_sdsoc "
@I [HLS-100] Command 'license_exists' returned 1; elapsed 0.003028Total elapsed time: 5.142 sec.
@I [HLS-100] Command "license_exists AUTOESL_NI "
@I [HLS-100] Command 'license_exists' returned 1; elapsed 0.002999Total elapsed time: 5.994 sec.
@I [HLS-100] Command "license_exists HLS "
@I [HLS-100] Command 'license_exists' returned 0; elapsed 1.1e-05Total elapsed time: 5.994 sec.
@I [HLS-100] Command 'add_library' returned 0; elapsed 0.013922Total elapsed time: 5.995 sec.
@I [HLS-10] Setting target device to 'xc7z020clg484-1'
@I [HLS-100] Command 'set_part' returned 0; elapsed 0.031882Total elapsed time: 5.995 sec.
@I [HLS-100] Command "get_default_platform "
@I [HLS-100] Command 'get_default_platform' returned 0; elapsed 6e-06Total elapsed time: 5.995 sec.
@I [HLS-100] Command "config_chip_info -quiet -resource  {SLICE 13300}  {LUT 53200}     {FF 106400} {DSP48E 220}   {BRAM 280}  "
@I [HLS-100] Command 'config_chip_info' returned 0; elapsed 1.9e-05Total elapsed time: 5.995 sec.
@I [HLS-100] Command "config_chip_info -quiet -speed slow "
@I [HLS-100] Command 'config_chip_info' returned 0; elapsed 4e-06Total elapsed time: 5.995 sec.
@I [HLS-100] Command 'open_solution' returned 0; elapsed 0.216055Total elapsed time: 5.996 sec.
@I [HLS-100] Command "csim_design -quiet "
@I [HLS-100] Command "source csim/.lst_opt.tcl "
@I [HLS-100] Command 'ap_source' returned 0; elapsed 7.1e-05Total elapsed time: 6.8 sec.
@I [HLS-100] Command "is_encrypted /home/littlefoot/18643_project/Hardware-Accel/HW/proj1_hls/images0.bin "
@I [HLS-100] Command 'is_encrypted' returned 0; elapsed 7.8e-05Total elapsed time: 6.50 sec.
@I [HLS-100] Command "is_encrypted /home/littlefoot/18643_project/Hardware-Accel/HW/proj1_hls/images0.mat "
@I [HLS-100] Command 'is_encrypted' returned 0; elapsed 2.3e-05Total elapsed time: 6.50 sec.
@I [HLS-100] Command "is_encrypted /home/littlefoot/18643_project/Hardware-Accel/HW/proj1_hls/images1.bin "
@I [HLS-100] Command 'is_encrypted' returned 0; elapsed 1.8e-05Total elapsed time: 6.50 sec.
@I [HLS-100] Command "is_encrypted /home/littlefoot/18643_project/Hardware-Accel/HW/proj1_hls/images1.mat "
@I [HLS-100] Command 'is_encrypted' returned 0; elapsed 1.6e-05Total elapsed time: 6.50 sec.
@I [HLS-100] Command "is_encrypted /home/littlefoot/18643_project/Hardware-Accel/HW/proj1_hls/obj_detector_tb.cpp "
@I [HLS-100] Command 'is_encrypted' returned 0; elapsed 1.8e-05Total elapsed time: 6.50 sec.
@I [HLS-100] Command "is_encrypted /home/littlefoot/18643_project/Hardware-Accel/HW/proj1_hls/images.csv "
@I [HLS-100] Command 'is_encrypted' returned 0; elapsed 2e-05Total elapsed time: 6.50 sec.
@I [HLS-100] Command "is_encrypted /home/littlefoot/18643_project/Hardware-Accel/HW/proj1_hls/obj_detector.cpp "
@I [HLS-100] Command 'is_encrypted' returned 0; elapsed 1.7e-05Total elapsed time: 6.50 sec.
@I [HLS-100] Command "is_encrypted /home/littlefoot/18643_project/Hardware-Accel/HW/proj1_hls/obj_detector.h "
@I [HLS-100] Command 'is_encrypted' returned 0; elapsed 1.6e-05Total elapsed time: 6.50 sec.
@I [HLS-100] Command "source run_sim.tcl "
@E Simulation failed: Function 'main' returns nonzero value '2'.
@I [HLS-100] Command 'ap_source' returned 1; elapsed 0.003054Total elapsed time: 6.309 sec.
@E [SIM-1] 'csim_design' failed: nonzero return value.
@I [HLS-100] Command 'csim_design' returned 2; elapsed 0.028246Total elapsed time: 6.309 sec.
@I [HLS-100] Command 'ap_source' returned 1; elapsed 0.246184Total elapsed time: 6.309 sec.
4
    while executing
"source /home/littlefoot/18643_project/Hardware-Accel/HW/proj1_hls/solution1/csim.tcl"
    invoked from within
"hls::main /home/littlefoot/18643_project/Hardware-Accel/HW/proj1_hls/solution1/csim.tcl"
    ("uplevel" body line 1)
    invoked from within
"uplevel 1 hls::main {*}$args"
    (procedure "hls_proc" line 5)
    invoked from within
"hls_proc $argv"
@I [HLS-100] Command "cleanup_all "
@I [HLS-100] Command 'cleanup_all' returned 0; elapsed 0.000472Total elapsed time: 6.310 sec.
