

================================================================
== Vivado HLS Report for 'obj_detector_softmax'
================================================================
* Date:           Thu Dec  1 08:41:02 2016

* Version:        2015.2 (Build 1266856 on Fri Jun 26 16:57:37 PM 2015)
* Project:        proj1_hls
* Solution:       solution1
* Product family: zynq
* Target device:  xc7z020clg484-1


================================================================
== Performance Estimates
================================================================
+ Timing (ns): 
    * Summary: 
    +--------+-------+----------+------------+
    |  Clock | Target| Estimated| Uncertainty|
    +--------+-------+----------+------------+
    |ap_clk  |  20.00|     16.62|        2.50|
    +--------+-------+----------+------------+

+ Latency (clock cycles): 
    * Summary: 
    +-----+-----+-----+-----+---------+
    |  Latency  |  Interval | Pipeline|
    | min | max | min | max |   Type  |
    +-----+-----+-----+-----+---------+
    |  122|  122|  122|  122|   none  |
    +-----+-----+-----+-----+---------+

    + Detail: 
        * Instance: 
        N/A

        * Loop: 
        +-------------------+-----+-----+----------+-----------+-----------+------+----------+
        |                   |  Latency  | Iteration|  Initiation Interval  | Trip |          |
        |     Loop Name     | min | max |  Latency |  achieved |   target  | Count| Pipelined|
        +-------------------+-----+-----+----------+-----------+-----------+------+----------+
        |- softmax_label9   |    8|    8|         4|          -|          -|     2|    no    |
        |- softmax_label10  |   20|   20|        10|          -|          -|     2|    no    |
        |- softmax_label11  |   32|   32|        16|          -|          -|     2|    no    |
        |- softmax_label12  |   58|   58|        29|          -|          -|     2|    no    |
        +-------------------+-----+-----+----------+-----------+-----------+------+----------+



================================================================
== Utilization Estimates
================================================================
* Summary: 
+-----------------+---------+-------+--------+-------+
|       Name      | BRAM_18K| DSP48E|   FF   |  LUT  |
+-----------------+---------+-------+--------+-------+
|Expression       |        -|      -|       0|    208|
|FIFO             |        -|      -|       -|      -|
|Instance         |        -|     31|    3786|   8970|
|Memory           |        -|      -|       -|      -|
|Multiplexer      |        -|      -|       -|    344|
|Register         |        -|      -|     589|      -|
+-----------------+---------+-------+--------+-------+
|Total            |        0|     31|    4375|   9522|
+-----------------+---------+-------+--------+-------+
|Available        |      280|    220|  106400|  53200|
+-----------------+---------+-------+--------+-------+
|Utilization (%)  |        0|     14|       4|     17|
+-----------------+---------+-------+--------+-------+

+ Detail: 
    * Instance: 
    +------------------------------------------------+--------------------------------------------+---------+-------+------+------+
    |                    Instance                    |                   Module                   | BRAM_18K| DSP48E|  FF  |  LUT |
    +------------------------------------------------+--------------------------------------------+---------+-------+------+------+
    |obj_detector_dadd_64ns_64ns_64_4_full_dsp_U57   |obj_detector_dadd_64ns_64ns_64_4_full_dsp   |        0|      3|   430|  1130|
    |obj_detector_ddiv_64ns_64ns_64_17_U58           |obj_detector_ddiv_64ns_64ns_64_17           |        0|      0|  1710|  3613|
    |obj_detector_dexp_64ns_64ns_64_10_full_dsp_U59  |obj_detector_dexp_64ns_64ns_64_10_full_dsp  |        0|     26|   828|  2423|
    |obj_detector_fadd_32ns_32ns_32_4_full_dsp_U53   |obj_detector_fadd_32ns_32ns_32_4_full_dsp   |        0|      2|   227|   403|
    |obj_detector_fdiv_32ns_32ns_32_8_U54            |obj_detector_fdiv_32ns_32ns_32_8            |        0|      0|   363|   986|
    |obj_detector_fpext_32ns_64_1_U56                |obj_detector_fpext_32ns_64_1                |        0|      0|   100|   138|
    |obj_detector_fptrunc_64ns_32_1_U55              |obj_detector_fptrunc_64ns_32_1              |        0|      0|   128|   277|
    +------------------------------------------------+--------------------------------------------+---------+-------+------+------+
    |Total                                           |                                            |        0|     31|  3786|  8970|
    +------------------------------------------------+--------------------------------------------+---------+-------+------+------+

    * Memory: 
    N/A

    * FIFO: 
    N/A

    * Expression: 
    +-------------------------------+----------+-------+---+----+------------+------------+
    |         Variable Name         | Operation| DSP48E| FF| LUT| Bitwidth P0| Bitwidth P1|
    +-------------------------------+----------+-------+---+----+------------+------------+
    |i_5_fu_212_p2                  |     +    |      0|  0|   2|           2|           1|
    |i_6_fu_235_p2                  |     +    |      0|  0|   2|           2|           1|
    |i_7_fu_269_p2                  |     +    |      0|  0|   2|           2|           1|
    |i_8_fu_294_p2                  |     +    |      0|  0|   2|           2|           1|
    |grp_fu_161_p1                  |  Select  |      0|  0|  32|           1|          32|
    |inp_1_read_assign_1_fu_245_p3  |  Select  |      0|  0|  32|           1|          32|
    |temp_1_1_fu_251_p3             |  Select  |      0|  0|  32|           1|          32|
    |temp_1_2_fu_257_p3             |  Select  |      0|  0|  32|           1|          32|
    |temp_load_1_phi_fu_304_p3      |  Select  |      0|  0|  32|           1|          32|
    |temp_load_phi_fu_279_p3        |  Select  |      0|  0|  32|           1|          32|
    |exitcond1_fu_263_p2            |   icmp   |      0|  0|   2|           2|           3|
    |exitcond2_fu_229_p2            |   icmp   |      0|  0|   2|           2|           3|
    |exitcond3_fu_206_p2            |   icmp   |      0|  0|   2|           2|           3|
    |exitcond_fu_288_p2             |   icmp   |      0|  0|   2|           2|           3|
    +-------------------------------+----------+-------+---+----+------------+------------+
    |Total                          |          |      0|  0| 208|          22|         208|
    +-------------------------------+----------+-------+---+----+------------+------------+

    * Multiplexer: 
    +---------------+-----+-----------+-----+-----------+
    |      Name     | LUT | Input Size| Bits| Total Bits|
    +---------------+-----+-----------+-----+-----------+
    |ap_NS_fsm      |  108|         61|    1|         61|
    |grp_fu_171_p0  |   64|          3|   64|        192|
    |grp_fu_175_p0  |   32|          5|   32|        160|
    |grp_fu_188_p1  |   64|          3|   64|        192|
    |i1_reg_115     |    2|          2|    2|          4|
    |i2_reg_138     |    2|          2|    2|          4|
    |i3_reg_149     |    2|          2|    2|          4|
    |i_reg_68       |    2|          2|    2|          4|
    |out_r_WEN_A    |    4|          2|    4|          8|
    |sum_1_reg_126  |   32|          2|   32|         64|
    |sum_reg_79     |   32|          2|   32|         64|
    +---------------+-----+-----------+-----+-----------+
    |Total          |  344|         86|  237|        757|
    +---------------+-----+-----------+-----+-----------+

    * Register: 
    +-----------------------------+----+----+-----+-----------+
    |             Name            | FF | LUT| Bits| Const Bits|
    +-----------------------------+----+----+-----+-----------+
    |ap_CS_fsm                    |  60|   0|   60|          0|
    |i1_reg_115                   |   2|   0|    2|          0|
    |i2_reg_138                   |   2|   0|    2|          0|
    |i3_reg_149                   |   2|   0|    2|          0|
    |i_5_reg_333                  |   2|   0|    2|          0|
    |i_6_reg_351                  |   2|   0|    2|          0|
    |i_7_reg_386                  |   2|   0|    2|          0|
    |i_8_reg_404                  |   2|   0|    2|          0|
    |i_reg_68                     |   2|   0|    2|          0|
    |inp_1_read_assign_1_reg_362  |  32|   0|   32|          0|
    |reg_193                      |  64|   0|   64|          0|
    |reg_200                      |  64|   0|   64|          0|
    |sum_1_reg_126                |  32|   0|   32|          0|
    |sum_reg_79                   |  32|   0|   32|          0|
    |temp_0_reg_367               |  32|   0|   32|          0|
    |temp_0_s_reg_103             |  32|   0|   32|          0|
    |temp_1_s_reg_91              |  32|   0|   32|          0|
    |tmp_10_reg_356               |   1|   0|    1|          0|
    |tmp_2_reg_409                |  64|   0|   64|          0|
    |tmp_4_reg_414                |  64|   0|   64|          0|
    |tmp_8_reg_391                |  64|   0|   64|          0|
    +-----------------------------+----+----+-----+-----------+
    |Total                        | 589|   0|  589|          0|
    +-----------------------------+----+----+-----+-----------+



================================================================
== Interface
================================================================
* Summary: 
+--------------+-----+-----+------------+----------------------+--------------+
|   RTL Ports  | Dir | Bits|  Protocol  |     Source Object    |    C Type    |
+--------------+-----+-----+------------+----------------------+--------------+
|ap_clk        |  in |    1| ap_ctrl_hs | obj_detector_softmax | return value |
|ap_rst        |  in |    1| ap_ctrl_hs | obj_detector_softmax | return value |
|ap_start      |  in |    1| ap_ctrl_hs | obj_detector_softmax | return value |
|ap_done       | out |    1| ap_ctrl_hs | obj_detector_softmax | return value |
|ap_idle       | out |    1| ap_ctrl_hs | obj_detector_softmax | return value |
|ap_ready      | out |    1| ap_ctrl_hs | obj_detector_softmax | return value |
|inp_0_read    |  in |   32|   ap_none  |      inp_0_read      |    scalar    |
|inp_1_read    |  in |   32|   ap_none  |      inp_1_read      |    scalar    |
|out_r_Addr_A  | out |   32|    bram    |         out_r        |     array    |
|out_r_EN_A    | out |    1|    bram    |         out_r        |     array    |
|out_r_WEN_A   | out |    4|    bram    |         out_r        |     array    |
|out_r_Din_A   | out |   32|    bram    |         out_r        |     array    |
|out_r_Dout_A  |  in |   32|    bram    |         out_r        |     array    |
+--------------+-----+-----+------------+----------------------+--------------+

============================================================
+ Verbose Summary: Synthesis Manager
============================================================
InlineROM: 1
ExposeGlobal: 0
============================================================
+ Verbose Summary: CDFG Model
============================================================
IsTopModel: 0
ResetActiveHigh: 1
IsCombinational: 2
IsDatapathOnly: 2
HasWiredReturn: 1
HasMFsm: 0
HasVarLatency: 1
IsPipeline: 0
IsRtlPipelined: 0
IsInstanceOverlapped: 0
IsDontTouch: 0
HasImplIP: 0
IsGatedGlobalClock: 0


============================================================
+ Verbose Summary: Schedule
============================================================
* Number of FSM states: 60
* Pipeline: 0
* Dataflow Pipeline: 0

* FSM state transitions: 
1 --> 
	2  / true
2 --> 
	3  / (!exitcond3)
	6  / (exitcond3)
3 --> 
	4  / true
4 --> 
	5  / true
5 --> 
	2  / true
6 --> 
	7  / (!exitcond2)
	16  / (exitcond2)
7 --> 
	8  / true
8 --> 
	9  / true
9 --> 
	10  / true
10 --> 
	11  / true
11 --> 
	12  / true
12 --> 
	13  / true
13 --> 
	14  / true
14 --> 
	15  / true
15 --> 
	6  / true
16 --> 
	17  / (!exitcond1)
	32  / (exitcond1)
17 --> 
	18  / true
18 --> 
	19  / true
19 --> 
	20  / true
20 --> 
	21  / true
21 --> 
	22  / true
22 --> 
	23  / true
23 --> 
	24  / true
24 --> 
	25  / true
25 --> 
	26  / true
26 --> 
	27  / true
27 --> 
	28  / true
28 --> 
	29  / true
29 --> 
	30  / true
30 --> 
	31  / true
31 --> 
	16  / true
32 --> 
	33  / (!exitcond)
33 --> 
	34  / true
34 --> 
	35  / true
35 --> 
	36  / true
36 --> 
	37  / true
37 --> 
	38  / true
38 --> 
	39  / true
39 --> 
	40  / true
40 --> 
	41  / true
41 --> 
	42  / true
42 --> 
	43  / true
43 --> 
	44  / true
44 --> 
	45  / true
45 --> 
	46  / true
46 --> 
	47  / true
47 --> 
	48  / true
48 --> 
	49  / true
49 --> 
	50  / true
50 --> 
	51  / true
51 --> 
	52  / true
52 --> 
	53  / true
53 --> 
	54  / true
54 --> 
	55  / true
55 --> 
	56  / true
56 --> 
	57  / true
57 --> 
	58  / true
58 --> 
	59  / true
59 --> 
	60  / true
60 --> 
	32  / true
* FSM state operations: 

 <State 1>: 1.57ns
ST_1: stg_61 [1/1] 0.00ns
:0  call void (...)* @_ssdm_op_SpecInterface([2 x float]* %out_r, [5 x i8]* @p_str2, i32 0, i32 0, i32 0, i32 0, [1 x i8]* @p_str, [1 x i8]* @p_str, [1 x i8]* @p_str) nounwind

ST_1: inp_1_read_1 [1/1] 0.00ns
:1  %inp_1_read_1 = call float @_ssdm_op_Read.ap_auto.float(float %inp_1_read)

ST_1: inp_0_read_1 [1/1] 0.00ns
:2  %inp_0_read_1 = call float @_ssdm_op_Read.ap_auto.float(float %inp_0_read)

ST_1: stg_64 [1/1] 1.57ns
:3  br label %1


 <State 2>: 11.90ns
ST_2: i [1/1] 0.00ns
:0  %i = phi i2 [ 0, %0 ], [ %i_5, %2 ]

ST_2: sum [1/1] 0.00ns
:1  %sum = phi float [ 0.000000e+00, %0 ], [ %sum_2, %2 ]

ST_2: exitcond3 [1/1] 1.36ns
:2  %exitcond3 = icmp eq i2 %i, -2

ST_2: empty [1/1] 0.00ns
:3  %empty = call i32 (...)* @_ssdm_op_SpecLoopTripCount(i64 2, i64 2, i64 2)

ST_2: i_5 [1/1] 0.80ns
:4  %i_5 = add i2 %i, 1

ST_2: stg_70 [1/1] 1.57ns
:5  br i1 %exitcond3, label %.preheader5, label %2

ST_2: tmp [1/1] 0.00ns
:1  %tmp = trunc i2 %i to i1

ST_2: inp_1_read_assign [1/1] 1.37ns
:2  %inp_1_read_assign = select i1 %tmp, float %inp_1_read_1, float %inp_0_read_1

ST_2: sum_2 [4/4] 10.53ns
:3  %sum_2 = fadd float %sum, %inp_1_read_assign


 <State 3>: 10.53ns
ST_3: sum_2 [3/4] 10.53ns
:3  %sum_2 = fadd float %sum, %inp_1_read_assign


 <State 4>: 10.53ns
ST_4: sum_2 [2/4] 10.53ns
:3  %sum_2 = fadd float %sum, %inp_1_read_assign


 <State 5>: 10.53ns
ST_5: stg_76 [1/1] 0.00ns
:0  call void (...)* @_ssdm_op_SpecLoopName([15 x i8]* @p_str15) nounwind

ST_5: sum_2 [1/4] 10.53ns
:3  %sum_2 = fadd float %sum, %inp_1_read_assign

ST_5: stg_78 [1/1] 0.00ns
:4  br label %1


 <State 6>: 2.93ns
ST_6: temp_1_s [1/1] 0.00ns
.preheader5:0  %temp_1_s = phi float [ %temp_1_1, %3 ], [ undef, %1 ]

ST_6: temp_0_s [1/1] 0.00ns
.preheader5:1  %temp_0_s = phi float [ %temp_1_2, %3 ], [ undef, %1 ]

ST_6: i1 [1/1] 0.00ns
.preheader5:2  %i1 = phi i2 [ %i_6, %3 ], [ 0, %1 ]

ST_6: exitcond2 [1/1] 1.36ns
.preheader5:3  %exitcond2 = icmp eq i2 %i1, -2

ST_6: empty_8 [1/1] 0.00ns
.preheader5:4  %empty_8 = call i32 (...)* @_ssdm_op_SpecLoopTripCount(i64 2, i64 2, i64 2)

ST_6: i_6 [1/1] 0.80ns
.preheader5:5  %i_6 = add i2 %i1, 1

ST_6: stg_85 [1/1] 1.57ns
.preheader5:6  br i1 %exitcond2, label %.preheader4, label %3

ST_6: tmp_10 [1/1] 0.00ns
:1  %tmp_10 = trunc i2 %i1 to i1

ST_6: inp_1_read_assign_1 [1/1] 1.37ns
:2  %inp_1_read_assign_1 = select i1 %tmp_10, float %inp_1_read_1, float %inp_0_read_1


 <State 7>: 16.62ns
ST_7: temp_0 [8/8] 16.62ns
:3  %temp_0 = fdiv float %inp_1_read_assign_1, %sum


 <State 8>: 16.62ns
ST_8: temp_0 [7/8] 16.62ns
:3  %temp_0 = fdiv float %inp_1_read_assign_1, %sum


 <State 9>: 16.62ns
ST_9: temp_0 [6/8] 16.62ns
:3  %temp_0 = fdiv float %inp_1_read_assign_1, %sum


 <State 10>: 16.62ns
ST_10: temp_0 [5/8] 16.62ns
:3  %temp_0 = fdiv float %inp_1_read_assign_1, %sum


 <State 11>: 16.62ns
ST_11: temp_0 [4/8] 16.62ns
:3  %temp_0 = fdiv float %inp_1_read_assign_1, %sum


 <State 12>: 16.62ns
ST_12: temp_0 [3/8] 16.62ns
:3  %temp_0 = fdiv float %inp_1_read_assign_1, %sum


 <State 13>: 16.62ns
ST_13: temp_0 [2/8] 16.62ns
:3  %temp_0 = fdiv float %inp_1_read_assign_1, %sum


 <State 14>: 16.62ns
ST_14: temp_0 [1/8] 16.62ns
:3  %temp_0 = fdiv float %inp_1_read_assign_1, %sum


 <State 15>: 1.37ns
ST_15: stg_96 [1/1] 0.00ns
:0  call void (...)* @_ssdm_op_SpecLoopName([16 x i8]* @p_str16) nounwind

ST_15: temp_1_1 [1/1] 1.37ns
:4  %temp_1_1 = select i1 %tmp_10, float %temp_0, float %temp_1_s

ST_15: temp_1_2 [1/1] 1.37ns
:5  %temp_1_2 = select i1 %tmp_10, float %temp_0_s, float %temp_0

ST_15: stg_99 [1/1] 0.00ns
:6  br label %.preheader5


 <State 16>: 6.92ns
ST_16: sum_1 [1/1] 0.00ns
.preheader4:0  %sum_1 = phi float [ %sum_3, %4 ], [ 0.000000e+00, %.preheader5 ]

ST_16: i2 [1/1] 0.00ns
.preheader4:1  %i2 = phi i2 [ %i_7, %4 ], [ 0, %.preheader5 ]

ST_16: exitcond1 [1/1] 1.36ns
.preheader4:2  %exitcond1 = icmp eq i2 %i2, -2

ST_16: empty_9 [1/1] 0.00ns
.preheader4:3  %empty_9 = call i32 (...)* @_ssdm_op_SpecLoopTripCount(i64 2, i64 2, i64 2)

ST_16: i_7 [1/1] 0.80ns
.preheader4:4  %i_7 = add i2 %i2, 1

ST_16: stg_105 [1/1] 0.00ns
.preheader4:5  br i1 %exitcond1, label %.preheader.preheader, label %4

ST_16: tmp_11 [1/1] 0.00ns
:1  %tmp_11 = trunc i2 %i2 to i1

ST_16: temp_load_phi [1/1] 1.37ns
:2  %temp_load_phi = select i1 %tmp_11, float %temp_1_s, float %temp_0_s

ST_16: tmp_5 [1/1] 5.55ns
:3  %tmp_5 = fpext float %temp_load_phi to double

ST_16: tmp_s [1/1] 5.55ns
.preheader.preheader:0  %tmp_s = fpext float %sum_1 to double

ST_16: stg_110 [1/1] 1.57ns
.preheader.preheader:1  br label %.preheader


 <State 17>: 14.25ns
ST_17: tmp_6 [10/10] 14.25ns
:4  %tmp_6 = call double @llvm.exp.f64(double %tmp_5)


 <State 18>: 14.25ns
ST_18: tmp_6 [9/10] 14.25ns
:4  %tmp_6 = call double @llvm.exp.f64(double %tmp_5)


 <State 19>: 14.25ns
ST_19: tmp_6 [8/10] 14.25ns
:4  %tmp_6 = call double @llvm.exp.f64(double %tmp_5)


 <State 20>: 14.25ns
ST_20: tmp_6 [7/10] 14.25ns
:4  %tmp_6 = call double @llvm.exp.f64(double %tmp_5)


 <State 21>: 14.25ns
ST_21: tmp_6 [6/10] 14.25ns
:4  %tmp_6 = call double @llvm.exp.f64(double %tmp_5)


 <State 22>: 14.25ns
ST_22: tmp_6 [5/10] 14.25ns
:4  %tmp_6 = call double @llvm.exp.f64(double %tmp_5)


 <State 23>: 14.25ns
ST_23: tmp_6 [4/10] 14.25ns
:4  %tmp_6 = call double @llvm.exp.f64(double %tmp_5)


 <State 24>: 14.25ns
ST_24: tmp_6 [3/10] 14.25ns
:4  %tmp_6 = call double @llvm.exp.f64(double %tmp_5)


 <State 25>: 14.25ns
ST_25: tmp_6 [2/10] 14.25ns
:4  %tmp_6 = call double @llvm.exp.f64(double %tmp_5)


 <State 26>: 14.25ns
ST_26: tmp_6 [1/10] 14.25ns
:4  %tmp_6 = call double @llvm.exp.f64(double %tmp_5)

ST_26: tmp_7 [1/1] 5.55ns
:5  %tmp_7 = fpext float %sum_1 to double


 <State 27>: 14.77ns
ST_27: tmp_8 [4/4] 14.77ns
:6  %tmp_8 = fadd double %tmp_7, %tmp_6


 <State 28>: 14.77ns
ST_28: tmp_8 [3/4] 14.77ns
:6  %tmp_8 = fadd double %tmp_7, %tmp_6


 <State 29>: 14.77ns
ST_29: tmp_8 [2/4] 14.77ns
:6  %tmp_8 = fadd double %tmp_7, %tmp_6


 <State 30>: 14.77ns
ST_30: tmp_8 [1/4] 14.77ns
:6  %tmp_8 = fadd double %tmp_7, %tmp_6


 <State 31>: 6.50ns
ST_31: stg_126 [1/1] 0.00ns
:0  call void (...)* @_ssdm_op_SpecLoopName([16 x i8]* @p_str17) nounwind

ST_31: sum_3 [1/1] 6.50ns
:7  %sum_3 = fptrunc double %tmp_8 to float

ST_31: stg_128 [1/1] 0.00ns
:8  br label %.preheader4


 <State 32>: 6.92ns
ST_32: i3 [1/1] 0.00ns
.preheader:0  %i3 = phi i2 [ %i_8, %5 ], [ 0, %.preheader.preheader ]

ST_32: exitcond [1/1] 1.36ns
.preheader:1  %exitcond = icmp eq i2 %i3, -2

ST_32: empty_10 [1/1] 0.00ns
.preheader:2  %empty_10 = call i32 (...)* @_ssdm_op_SpecLoopTripCount(i64 2, i64 2, i64 2)

ST_32: i_8 [1/1] 0.80ns
.preheader:3  %i_8 = add i2 %i3, 1

ST_32: stg_133 [1/1] 0.00ns
.preheader:4  br i1 %exitcond, label %6, label %5

ST_32: tmp_12 [1/1] 0.00ns
:2  %tmp_12 = trunc i2 %i3 to i1

ST_32: temp_load_1_phi [1/1] 1.37ns
:3  %temp_load_1_phi = select i1 %tmp_12, float %temp_1_s, float %temp_0_s

ST_32: tmp_2 [1/1] 5.55ns
:4  %tmp_2 = fpext float %temp_load_1_phi to double

ST_32: stg_137 [1/1] 0.00ns
:0  ret void


 <State 33>: 14.25ns
ST_33: tmp_3 [10/10] 14.25ns
:5  %tmp_3 = call double @llvm.exp.f64(double %tmp_2)


 <State 34>: 14.25ns
ST_34: tmp_3 [9/10] 14.25ns
:5  %tmp_3 = call double @llvm.exp.f64(double %tmp_2)


 <State 35>: 14.25ns
ST_35: tmp_3 [8/10] 14.25ns
:5  %tmp_3 = call double @llvm.exp.f64(double %tmp_2)


 <State 36>: 14.25ns
ST_36: tmp_3 [7/10] 14.25ns
:5  %tmp_3 = call double @llvm.exp.f64(double %tmp_2)


 <State 37>: 14.25ns
ST_37: tmp_3 [6/10] 14.25ns
:5  %tmp_3 = call double @llvm.exp.f64(double %tmp_2)


 <State 38>: 14.25ns
ST_38: tmp_3 [5/10] 14.25ns
:5  %tmp_3 = call double @llvm.exp.f64(double %tmp_2)


 <State 39>: 14.25ns
ST_39: tmp_3 [4/10] 14.25ns
:5  %tmp_3 = call double @llvm.exp.f64(double %tmp_2)


 <State 40>: 14.25ns
ST_40: tmp_3 [3/10] 14.25ns
:5  %tmp_3 = call double @llvm.exp.f64(double %tmp_2)


 <State 41>: 14.25ns
ST_41: tmp_3 [2/10] 14.25ns
:5  %tmp_3 = call double @llvm.exp.f64(double %tmp_2)


 <State 42>: 14.25ns
ST_42: tmp_3 [1/10] 14.25ns
:5  %tmp_3 = call double @llvm.exp.f64(double %tmp_2)


 <State 43>: 15.64ns
ST_43: tmp_4 [17/17] 15.64ns
:6  %tmp_4 = fdiv double %tmp_3, %tmp_s


 <State 44>: 15.64ns
ST_44: tmp_4 [16/17] 15.64ns
:6  %tmp_4 = fdiv double %tmp_3, %tmp_s


 <State 45>: 15.64ns
ST_45: tmp_4 [15/17] 15.64ns
:6  %tmp_4 = fdiv double %tmp_3, %tmp_s


 <State 46>: 15.64ns
ST_46: tmp_4 [14/17] 15.64ns
:6  %tmp_4 = fdiv double %tmp_3, %tmp_s


 <State 47>: 15.64ns
ST_47: tmp_4 [13/17] 15.64ns
:6  %tmp_4 = fdiv double %tmp_3, %tmp_s


 <State 48>: 15.64ns
ST_48: tmp_4 [12/17] 15.64ns
:6  %tmp_4 = fdiv double %tmp_3, %tmp_s


 <State 49>: 15.64ns
ST_49: tmp_4 [11/17] 15.64ns
:6  %tmp_4 = fdiv double %tmp_3, %tmp_s


 <State 50>: 15.64ns
ST_50: tmp_4 [10/17] 15.64ns
:6  %tmp_4 = fdiv double %tmp_3, %tmp_s


 <State 51>: 15.64ns
ST_51: tmp_4 [9/17] 15.64ns
:6  %tmp_4 = fdiv double %tmp_3, %tmp_s


 <State 52>: 15.64ns
ST_52: tmp_4 [8/17] 15.64ns
:6  %tmp_4 = fdiv double %tmp_3, %tmp_s


 <State 53>: 15.64ns
ST_53: tmp_4 [7/17] 15.64ns
:6  %tmp_4 = fdiv double %tmp_3, %tmp_s


 <State 54>: 15.64ns
ST_54: tmp_4 [6/17] 15.64ns
:6  %tmp_4 = fdiv double %tmp_3, %tmp_s


 <State 55>: 15.64ns
ST_55: tmp_4 [5/17] 15.64ns
:6  %tmp_4 = fdiv double %tmp_3, %tmp_s


 <State 56>: 15.64ns
ST_56: tmp_4 [4/17] 15.64ns
:6  %tmp_4 = fdiv double %tmp_3, %tmp_s


 <State 57>: 15.64ns
ST_57: tmp_4 [3/17] 15.64ns
:6  %tmp_4 = fdiv double %tmp_3, %tmp_s


 <State 58>: 15.64ns
ST_58: tmp_4 [2/17] 15.64ns
:6  %tmp_4 = fdiv double %tmp_3, %tmp_s


 <State 59>: 15.64ns
ST_59: tmp_4 [1/17] 15.64ns
:6  %tmp_4 = fdiv double %tmp_3, %tmp_s


 <State 60>: 8.89ns
ST_60: stg_165 [1/1] 0.00ns
:0  call void (...)* @_ssdm_op_SpecLoopName([16 x i8]* @p_str18) nounwind

ST_60: tmp_9 [1/1] 0.00ns
:1  %tmp_9 = zext i2 %i3 to i64

ST_60: tmp_1 [1/1] 6.50ns
:7  %tmp_1 = fptrunc double %tmp_4 to float

ST_60: out_addr [1/1] 0.00ns
:8  %out_addr = getelementptr [2 x float]* %out_r, i64 0, i64 %tmp_9

ST_60: stg_169 [1/1] 2.39ns
:9  store float %tmp_1, float* %out_addr, align 4

ST_60: stg_170 [1/1] 0.00ns
:10  br label %.preheader



============================================================
+ Verbose Summary: Binding
============================================================
STG Binding: 
---------------- STG Properties BEGIN ----------------
- Is combinational: 0
- Is one-state seq: 0
- Is datapath-only: 0
- Is clock enabled: 0
- Is pipelined: 0
- Is top level: 0
Port [ Return ] is wired: 1; IO mode=ap_ctrl_hs:ce=0
Port [ inp_0_read]:  wired=1; compound=0; hidden=0; nouse=0; global=0; static=0; extern=0; dir=0; type=0; mode=0x7f4152b43030; pingpong=0; private_global=0; IO mode=ap_none:ce=0
Port [ inp_1_read]:  wired=1; compound=0; hidden=0; nouse=0; global=0; static=0; extern=0; dir=0; type=0; mode=0x7f415320c1c0; pingpong=0; private_global=0; IO mode=ap_none:ce=0
Port [ out_r]:  wired=1; compound=1; hidden=0; nouse=0; global=0; static=0; extern=0; dir=1; type=1; mode=0x7f4153908b10; pingpong=0; private_global=0; MemPort=[03]; IO mode=bram:ce=0
---------------- STG Properties END ------------------

---------------- Datapath Model BEGIN ----------------

<LifeTime>
<method=bitvector/>
stg_61              (specinterface    ) [ 0000000000000000000000000000000000000000000000000000000000000]
inp_1_read_1        (read             ) [ 0011111111111111000000000000000000000000000000000000000000000]
inp_0_read_1        (read             ) [ 0011111111111111000000000000000000000000000000000000000000000]
stg_64              (br               ) [ 0111110000000000000000000000000000000000000000000000000000000]
i                   (phi              ) [ 0010000000000000000000000000000000000000000000000000000000000]
sum                 (phi              ) [ 0011111111111111000000000000000000000000000000000000000000000]
exitcond3           (icmp             ) [ 0011110000000000000000000000000000000000000000000000000000000]
empty               (speclooptripcount) [ 0000000000000000000000000000000000000000000000000000000000000]
i_5                 (add              ) [ 0111110000000000000000000000000000000000000000000000000000000]
stg_70              (br               ) [ 0011111111111111000000000000000000000000000000000000000000000]
tmp                 (trunc            ) [ 0000000000000000000000000000000000000000000000000000000000000]
inp_1_read_assign   (select           ) [ 0001110000000000000000000000000000000000000000000000000000000]
stg_76              (specloopname     ) [ 0000000000000000000000000000000000000000000000000000000000000]
sum_2               (fadd             ) [ 0111110000000000000000000000000000000000000000000000000000000]
stg_78              (br               ) [ 0111110000000000000000000000000000000000000000000000000000000]
temp_1_s            (phi              ) [ 0000001111111111111111111111111111111111111111111111111111111]
temp_0_s            (phi              ) [ 0000001111111111111111111111111111111111111111111111111111111]
i1                  (phi              ) [ 0000001000000000000000000000000000000000000000000000000000000]
exitcond2           (icmp             ) [ 0000001111111111000000000000000000000000000000000000000000000]
empty_8             (speclooptripcount) [ 0000000000000000000000000000000000000000000000000000000000000]
i_6                 (add              ) [ 0010001111111111000000000000000000000000000000000000000000000]
stg_85              (br               ) [ 0000001111111111111111111111111100000000000000000000000000000]
tmp_10              (trunc            ) [ 0000000111111111000000000000000000000000000000000000000000000]
inp_1_read_assign_1 (select           ) [ 0000000111111110000000000000000000000000000000000000000000000]
temp_0              (fdiv             ) [ 0000000000000001000000000000000000000000000000000000000000000]
stg_96              (specloopname     ) [ 0000000000000000000000000000000000000000000000000000000000000]
temp_1_1            (select           ) [ 0010001111111111000000000000000000000000000000000000000000000]
temp_1_2            (select           ) [ 0010001111111111000000000000000000000000000000000000000000000]
stg_99              (br               ) [ 0010001111111111000000000000000000000000000000000000000000000]
sum_1               (phi              ) [ 0000000000000000111111111110000000000000000000000000000000000]
i2                  (phi              ) [ 0000000000000000100000000000000000000000000000000000000000000]
exitcond1           (icmp             ) [ 0000000000000000111111111111111100000000000000000000000000000]
empty_9             (speclooptripcount) [ 0000000000000000000000000000000000000000000000000000000000000]
i_7                 (add              ) [ 0000001000000000111111111111111100000000000000000000000000000]
stg_105             (br               ) [ 0000000000000000000000000000000000000000000000000000000000000]
tmp_11              (trunc            ) [ 0000000000000000000000000000000000000000000000000000000000000]
temp_load_phi       (select           ) [ 0000000000000000000000000000000000000000000000000000000000000]
tmp_5               (fpext            ) [ 0000000000000000011111111110000000000000000000000000000000000]
tmp_s               (fpext            ) [ 0000000000000000000000000000000011111111111111111111111111111]
stg_110             (br               ) [ 0000000000000000111111111111111111111111111111111111111111111]
tmp_6               (dexp             ) [ 0000000000000000000000000001111000000000000000000000000000000]
tmp_7               (fpext            ) [ 0000000000000000000000000001111000000000000000000000000000000]
tmp_8               (dadd             ) [ 0000000000000000000000000000000100000000000000000000000000000]
stg_126             (specloopname     ) [ 0000000000000000000000000000000000000000000000000000000000000]
sum_3               (fptrunc          ) [ 0000001000000000111111111111111100000000000000000000000000000]
stg_128             (br               ) [ 0000001000000000111111111111111100000000000000000000000000000]
i3                  (phi              ) [ 0000000000000000000000000000000011111111111111111111111111111]
exitcond            (icmp             ) [ 0000000000000000000000000000000011111111111111111111111111111]
empty_10            (speclooptripcount) [ 0000000000000000000000000000000000000000000000000000000000000]
i_8                 (add              ) [ 0000000000000000100000000000000011111111111111111111111111111]
stg_133             (br               ) [ 0000000000000000000000000000000000000000000000000000000000000]
tmp_12              (trunc            ) [ 0000000000000000000000000000000000000000000000000000000000000]
temp_load_1_phi     (select           ) [ 0000000000000000000000000000000000000000000000000000000000000]
tmp_2               (fpext            ) [ 0000000000000000000000000000000001111111111000000000000000000]
stg_137             (ret              ) [ 0000000000000000000000000000000000000000000000000000000000000]
tmp_3               (dexp             ) [ 0000000000000000000000000000000000000000000111111111111111110]
tmp_4               (ddiv             ) [ 0000000000000000000000000000000000000000000000000000000000001]
stg_165             (specloopname     ) [ 0000000000000000000000000000000000000000000000000000000000000]
tmp_9               (zext             ) [ 0000000000000000000000000000000000000000000000000000000000000]
tmp_1               (fptrunc          ) [ 0000000000000000000000000000000000000000000000000000000000000]
out_addr            (getelementptr    ) [ 0000000000000000000000000000000000000000000000000000000000000]
stg_169             (store            ) [ 0000000000000000000000000000000000000000000000000000000000000]
stg_170             (br               ) [ 0000000000000000100000000000000011111111111111111111111111111]
</LifeTime>

<model>

<comp_list>
<comp id="0" class="1000" name="inp_0_read">
<pin_list>
<pin id="1" dir="1" index="0" bw="1" slack="0"/>
</pin_list>
<bind>
<StgValue><ssdm name="inp_0_read"/></StgValue>
</bind>
</comp>

<comp id="2" class="1000" name="inp_1_read">
<pin_list>
<pin id="3" dir="1" index="0" bw="1" slack="0"/>
</pin_list>
<bind>
<StgValue><ssdm name="inp_1_read"/></StgValue>
</bind>
</comp>

<comp id="4" class="1000" name="out_r">
<pin_list>
<pin id="5" dir="1" index="0" bw="1" slack="0"/>
</pin_list>
<bind>
<StgValue><ssdm name="out_r"/><MemPortTyVec>0 3 </MemPortTyVec>
</StgValue>
</bind>
</comp>

<comp id="6" class="1001" name="const_6">
<pin_list>
<pin id="7" dir="1" index="0" bw="1" slack="2147483647"/>
</pin_list>
<bind>
<StgValue><ssdm name="_ssdm_op_SpecInterface"/></StgValue>
</bind>
</comp>

<comp id="8" class="1001" name="const_8">
<pin_list>
<pin id="9" dir="1" index="0" bw="1" slack="2147483647"/>
</pin_list>
<bind>
<StgValue><ssdm name="p_str2"/></StgValue>
</bind>
</comp>

<comp id="10" class="1001" name="const_10">
<pin_list>
<pin id="11" dir="1" index="0" bw="1" slack="2147483647"/>
</pin_list>
<bind>
<StgValue><ssdm name=""/></StgValue>
</bind>
</comp>

<comp id="12" class="1001" name="const_12">
<pin_list>
<pin id="13" dir="1" index="0" bw="1" slack="2147483647"/>
</pin_list>
<bind>
<StgValue><ssdm name="p_str"/></StgValue>
</bind>
</comp>

<comp id="14" class="1001" name="const_14">
<pin_list>
<pin id="15" dir="1" index="0" bw="1" slack="0"/>
</pin_list>
<bind>
<StgValue><ssdm name="_ssdm_op_Read.ap_auto.float"/></StgValue>
</bind>
</comp>

<comp id="16" class="1001" name="const_16">
<pin_list>
<pin id="17" dir="1" index="0" bw="1" slack="1"/>
</pin_list>
<bind>
<StgValue><ssdm name=""/></StgValue>
</bind>
</comp>

<comp id="18" class="1001" name="const_18">
<pin_list>
<pin id="19" dir="1" index="0" bw="1" slack="1"/>
</pin_list>
<bind>
<StgValue><ssdm name=""/></StgValue>
</bind>
</comp>

<comp id="20" class="1001" name="const_20">
<pin_list>
<pin id="21" dir="1" index="0" bw="1" slack="0"/>
</pin_list>
<bind>
<StgValue><ssdm name=""/></StgValue>
</bind>
</comp>

<comp id="22" class="1001" name="const_22">
<pin_list>
<pin id="23" dir="1" index="0" bw="1" slack="2147483647"/>
</pin_list>
<bind>
<StgValue><ssdm name="_ssdm_op_SpecLoopTripCount"/></StgValue>
</bind>
</comp>

<comp id="24" class="1001" name="const_24">
<pin_list>
<pin id="25" dir="1" index="0" bw="1" slack="2147483647"/>
</pin_list>
<bind>
<StgValue><ssdm name=""/></StgValue>
</bind>
</comp>

<comp id="26" class="1001" name="const_26">
<pin_list>
<pin id="27" dir="1" index="0" bw="1" slack="0"/>
</pin_list>
<bind>
<StgValue><ssdm name=""/></StgValue>
</bind>
</comp>

<comp id="28" class="1001" name="const_28">
<pin_list>
<pin id="29" dir="1" index="0" bw="1" slack="2147483647"/>
</pin_list>
<bind>
<StgValue><ssdm name="_ssdm_op_SpecLoopName"/></StgValue>
</bind>
</comp>

<comp id="30" class="1001" name="const_30">
<pin_list>
<pin id="31" dir="1" index="0" bw="1" slack="2147483647"/>
</pin_list>
<bind>
<StgValue><ssdm name="p_str15"/></StgValue>
</bind>
</comp>

<comp id="32" class="1001" name="const_32">
<pin_list>
<pin id="33" dir="1" index="0" bw="1" slack="1"/>
</pin_list>
<bind>
<StgValue><ssdm name=""/></StgValue>
</bind>
</comp>

<comp id="34" class="1001" name="const_34">
<pin_list>
<pin id="35" dir="1" index="0" bw="1" slack="2147483647"/>
</pin_list>
<bind>
<StgValue><ssdm name="p_str16"/></StgValue>
</bind>
</comp>

<comp id="36" class="1001" name="const_36">
<pin_list>
<pin id="37" dir="1" index="0" bw="1" slack="0"/>
</pin_list>
<bind>
<StgValue><ssdm name="llvm.exp.f64"/></StgValue>
</bind>
</comp>

<comp id="38" class="1001" name="const_38">
<pin_list>
<pin id="39" dir="1" index="0" bw="1" slack="2147483647"/>
</pin_list>
<bind>
<StgValue><ssdm name="p_str17"/></StgValue>
</bind>
</comp>

<comp id="40" class="1001" name="const_40">
<pin_list>
<pin id="41" dir="1" index="0" bw="1" slack="2147483647"/>
</pin_list>
<bind>
<StgValue><ssdm name="p_str18"/></StgValue>
</bind>
</comp>

<comp id="42" class="1001" name="const_42">
<pin_list>
<pin id="43" dir="1" index="0" bw="1" slack="0"/>
</pin_list>
<bind>
<StgValue><ssdm name=""/></StgValue>
</bind>
</comp>

<comp id="44" class="1004" name="inp_1_read_1_read_fu_44">
<pin_list>
<pin id="45" dir="0" index="0" bw="32" slack="0"/>
<pin id="46" dir="0" index="1" bw="32" slack="0"/>
<pin id="47" dir="1" index="2" bw="32" slack="1"/>
</pin_list>
<bind>
<opcode="read(1150) " fcode="read"/>
<opset="inp_1_read_1/1 "/>
</bind>
</comp>

<comp id="50" class="1004" name="inp_0_read_1_read_fu_50">
<pin_list>
<pin id="51" dir="0" index="0" bw="32" slack="0"/>
<pin id="52" dir="0" index="1" bw="32" slack="0"/>
<pin id="53" dir="1" index="2" bw="32" slack="1"/>
</pin_list>
<bind>
<opcode="read(1150) " fcode="read"/>
<opset="inp_0_read_1/1 "/>
</bind>
</comp>

<comp id="56" class="1004" name="out_addr_gep_fu_56">
<pin_list>
<pin id="57" dir="0" index="0" bw="32" slack="0"/>
<pin id="58" dir="0" index="1" bw="1" slack="0"/>
<pin id="59" dir="0" index="2" bw="2" slack="0"/>
<pin id="60" dir="1" index="3" bw="1" slack="0"/>
</pin_list>
<bind>
<opcode="getelementptr(29) " fcode="getelementptr"/>
<opset="out_addr/60 "/>
</bind>
</comp>

<comp id="63" class="1004" name="stg_169_access_fu_63">
<pin_list>
<pin id="64" dir="0" index="0" bw="1" slack="0"/>
<pin id="65" dir="0" index="1" bw="32" slack="0"/>
<pin id="66" dir="1" index="2" bw="32" slack="2147483647"/>
</pin_list>
<bind>
<opcode="store(28) " fcode="store"/>
<opset="stg_169/60 "/>
</bind>
</comp>

<comp id="68" class="1005" name="i_reg_68">
<pin_list>
<pin id="69" dir="0" index="0" bw="2" slack="1"/>
<pin id="70" dir="1" index="1" bw="2" slack="1"/>
</pin_list>
<bind>
<opset="i (phireg) "/>
</bind>
</comp>

<comp id="72" class="1004" name="i_phi_fu_72">
<pin_list>
<pin id="73" dir="0" index="0" bw="1" slack="1"/>
<pin id="74" dir="0" index="1" bw="0" slack="2147483647"/>
<pin id="75" dir="0" index="2" bw="2" slack="0"/>
<pin id="76" dir="0" index="3" bw="0" slack="2147483647"/>
<pin id="77" dir="1" index="4" bw="2" slack="0"/>
</pin_list>
<bind>
<opcode="phi(47) " fcode="phi"/>
<opset="i/2 "/>
</bind>
</comp>

<comp id="79" class="1005" name="sum_reg_79">
<pin_list>
<pin id="80" dir="0" index="0" bw="32" slack="1"/>
<pin id="81" dir="1" index="1" bw="32" slack="1"/>
</pin_list>
<bind>
<opset="sum (phireg) "/>
</bind>
</comp>

<comp id="83" class="1004" name="sum_phi_fu_83">
<pin_list>
<pin id="84" dir="0" index="0" bw="32" slack="1"/>
<pin id="85" dir="0" index="1" bw="0" slack="2147483647"/>
<pin id="86" dir="0" index="2" bw="32" slack="1"/>
<pin id="87" dir="0" index="3" bw="0" slack="2147483647"/>
<pin id="88" dir="1" index="4" bw="32" slack="0"/>
</pin_list>
<bind>
<opcode="phi(47) " fcode="phi"/>
<opset="sum/2 "/>
</bind>
</comp>

<comp id="91" class="1005" name="temp_1_s_reg_91">
<pin_list>
<pin id="92" dir="0" index="0" bw="32" slack="1"/>
<pin id="93" dir="1" index="1" bw="32" slack="1"/>
</pin_list>
<bind>
<opset="temp_1_s (phireg) "/>
</bind>
</comp>

<comp id="95" class="1004" name="temp_1_s_phi_fu_95">
<pin_list>
<pin id="96" dir="0" index="0" bw="32" slack="1"/>
<pin id="97" dir="0" index="1" bw="0" slack="2147483647"/>
<pin id="98" dir="0" index="2" bw="32" slack="1"/>
<pin id="99" dir="0" index="3" bw="0" slack="2147483647"/>
<pin id="100" dir="1" index="4" bw="32" slack="1"/>
</pin_list>
<bind>
<opcode="phi(47) " fcode="phi"/>
<opset="temp_1_s/6 "/>
</bind>
</comp>

<comp id="103" class="1005" name="temp_0_s_reg_103">
<pin_list>
<pin id="104" dir="0" index="0" bw="32" slack="1"/>
<pin id="105" dir="1" index="1" bw="32" slack="1"/>
</pin_list>
<bind>
<opset="temp_0_s (phireg) "/>
</bind>
</comp>

<comp id="107" class="1004" name="temp_0_s_phi_fu_107">
<pin_list>
<pin id="108" dir="0" index="0" bw="32" slack="1"/>
<pin id="109" dir="0" index="1" bw="0" slack="2147483647"/>
<pin id="110" dir="0" index="2" bw="32" slack="1"/>
<pin id="111" dir="0" index="3" bw="0" slack="2147483647"/>
<pin id="112" dir="1" index="4" bw="32" slack="1"/>
</pin_list>
<bind>
<opcode="phi(47) " fcode="phi"/>
<opset="temp_0_s/6 "/>
</bind>
</comp>

<comp id="115" class="1005" name="i1_reg_115">
<pin_list>
<pin id="116" dir="0" index="0" bw="2" slack="1"/>
<pin id="117" dir="1" index="1" bw="2" slack="1"/>
</pin_list>
<bind>
<opset="i1 (phireg) "/>
</bind>
</comp>

<comp id="119" class="1004" name="i1_phi_fu_119">
<pin_list>
<pin id="120" dir="0" index="0" bw="2" slack="0"/>
<pin id="121" dir="0" index="1" bw="0" slack="2147483647"/>
<pin id="122" dir="0" index="2" bw="1" slack="1"/>
<pin id="123" dir="0" index="3" bw="0" slack="2147483647"/>
<pin id="124" dir="1" index="4" bw="2" slack="0"/>
</pin_list>
<bind>
<opcode="phi(47) " fcode="phi"/>
<opset="i1/6 "/>
</bind>
</comp>

<comp id="126" class="1005" name="sum_1_reg_126">
<pin_list>
<pin id="127" dir="0" index="0" bw="32" slack="1"/>
<pin id="128" dir="1" index="1" bw="32" slack="1"/>
</pin_list>
<bind>
<opset="sum_1 (phireg) "/>
</bind>
</comp>

<comp id="130" class="1004" name="sum_1_phi_fu_130">
<pin_list>
<pin id="131" dir="0" index="0" bw="32" slack="1"/>
<pin id="132" dir="0" index="1" bw="0" slack="2147483647"/>
<pin id="133" dir="0" index="2" bw="32" slack="1"/>
<pin id="134" dir="0" index="3" bw="0" slack="2147483647"/>
<pin id="135" dir="1" index="4" bw="32" slack="0"/>
</pin_list>
<bind>
<opcode="phi(47) " fcode="phi"/>
<opset="sum_1/16 "/>
</bind>
</comp>

<comp id="138" class="1005" name="i2_reg_138">
<pin_list>
<pin id="139" dir="0" index="0" bw="2" slack="1"/>
<pin id="140" dir="1" index="1" bw="2" slack="1"/>
</pin_list>
<bind>
<opset="i2 (phireg) "/>
</bind>
</comp>

<comp id="142" class="1004" name="i2_phi_fu_142">
<pin_list>
<pin id="143" dir="0" index="0" bw="2" slack="0"/>
<pin id="144" dir="0" index="1" bw="0" slack="2147483647"/>
<pin id="145" dir="0" index="2" bw="1" slack="1"/>
<pin id="146" dir="0" index="3" bw="0" slack="2147483647"/>
<pin id="147" dir="1" index="4" bw="2" slack="0"/>
</pin_list>
<bind>
<opcode="phi(47) " fcode="phi"/>
<opset="i2/16 "/>
</bind>
</comp>

<comp id="149" class="1005" name="i3_reg_149">
<pin_list>
<pin id="150" dir="0" index="0" bw="2" slack="1"/>
<pin id="151" dir="1" index="1" bw="2" slack="1"/>
</pin_list>
<bind>
<opset="i3 (phireg) "/>
</bind>
</comp>

<comp id="153" class="1004" name="i3_phi_fu_153">
<pin_list>
<pin id="154" dir="0" index="0" bw="2" slack="0"/>
<pin id="155" dir="0" index="1" bw="0" slack="2147483647"/>
<pin id="156" dir="0" index="2" bw="1" slack="1"/>
<pin id="157" dir="0" index="3" bw="0" slack="2147483647"/>
<pin id="158" dir="1" index="4" bw="2" slack="0"/>
</pin_list>
<bind>
<opcode="phi(47) " fcode="phi"/>
<opset="i3/32 "/>
</bind>
</comp>

<comp id="161" class="1004" name="grp_fu_161">
<pin_list>
<pin id="162" dir="0" index="0" bw="32" slack="0"/>
<pin id="163" dir="0" index="1" bw="32" slack="0"/>
<pin id="164" dir="1" index="2" bw="32" slack="1"/>
</pin_list>
<bind>
<opcode="fadd(9) " fcode="fadd"/>
<opset="sum_2/2 "/>
</bind>
</comp>

<comp id="166" class="1004" name="grp_fu_166">
<pin_list>
<pin id="167" dir="0" index="0" bw="32" slack="1"/>
<pin id="168" dir="0" index="1" bw="32" slack="2"/>
<pin id="169" dir="1" index="2" bw="32" slack="1"/>
</pin_list>
<bind>
<opcode="fdiv(16) " fcode="fdiv"/>
<opset="temp_0/7 "/>
</bind>
</comp>

<comp id="171" class="1004" name="grp_fu_171">
<pin_list>
<pin id="172" dir="0" index="0" bw="64" slack="1"/>
<pin id="173" dir="1" index="1" bw="32" slack="0"/>
</pin_list>
<bind>
<opcode="fptrunc(40) " fcode="fptrunc"/>
<opset="sum_3/31 tmp_1/60 "/>
</bind>
</comp>

<comp id="175" class="1004" name="grp_fu_175">
<pin_list>
<pin id="176" dir="0" index="0" bw="32" slack="0"/>
<pin id="177" dir="1" index="1" bw="64" slack="1"/>
</pin_list>
<bind>
<opcode="fpext(41) " fcode="fpext"/>
<opset="tmp_5/16 tmp_s/16 tmp_7/26 tmp_2/32 "/>
</bind>
</comp>

<comp id="180" class="1004" name="grp_fu_180">
<pin_list>
<pin id="181" dir="0" index="0" bw="64" slack="1"/>
<pin id="182" dir="0" index="1" bw="64" slack="1"/>
<pin id="183" dir="1" index="2" bw="64" slack="1"/>
</pin_list>
<bind>
<opcode="dadd(508) " fcode="dadd"/>
<opset="tmp_8/27 "/>
</bind>
</comp>

<comp id="184" class="1004" name="grp_fu_184">
<pin_list>
<pin id="185" dir="0" index="0" bw="64" slack="1"/>
<pin id="186" dir="0" index="1" bw="64" slack="12"/>
<pin id="187" dir="1" index="2" bw="64" slack="1"/>
</pin_list>
<bind>
<opcode="ddiv(511) " fcode="ddiv"/>
<opset="tmp_4/43 "/>
</bind>
</comp>

<comp id="188" class="1004" name="grp_fu_188">
<pin_list>
<pin id="189" dir="0" index="0" bw="64" slack="0"/>
<pin id="190" dir="0" index="1" bw="64" slack="1"/>
<pin id="191" dir="1" index="2" bw="64" slack="1"/>
</pin_list>
<bind>
<opcode="dexp(522) " fcode="dexp"/>
<opset="tmp_6/17 tmp_3/33 "/>
</bind>
</comp>

<comp id="193" class="1005" name="reg_193">
<pin_list>
<pin id="194" dir="0" index="0" bw="64" slack="1"/>
<pin id="195" dir="1" index="1" bw="64" slack="1"/>
</pin_list>
<bind>
<opset="tmp_5 tmp_s tmp_7 "/>
</bind>
</comp>

<comp id="200" class="1005" name="reg_200">
<pin_list>
<pin id="201" dir="0" index="0" bw="64" slack="1"/>
<pin id="202" dir="1" index="1" bw="64" slack="1"/>
</pin_list>
<bind>
<opset="tmp_6 tmp_3 "/>
</bind>
</comp>

<comp id="206" class="1004" name="exitcond3_fu_206">
<pin_list>
<pin id="207" dir="0" index="0" bw="2" slack="0"/>
<pin id="208" dir="0" index="1" bw="2" slack="0"/>
<pin id="209" dir="1" index="2" bw="1" slack="2147483647"/>
</pin_list>
<bind>
<opcode="icmp(45) " fcode="icmp"/>
<opset="exitcond3/2 "/>
</bind>
</comp>

<comp id="212" class="1004" name="i_5_fu_212">
<pin_list>
<pin id="213" dir="0" index="0" bw="2" slack="0"/>
<pin id="214" dir="0" index="1" bw="1" slack="0"/>
<pin id="215" dir="1" index="2" bw="2" slack="0"/>
</pin_list>
<bind>
<opcode="add(8) " fcode="add"/>
<opset="i_5/2 "/>
</bind>
</comp>

<comp id="218" class="1004" name="tmp_fu_218">
<pin_list>
<pin id="219" dir="0" index="0" bw="2" slack="0"/>
<pin id="220" dir="1" index="1" bw="1" slack="0"/>
</pin_list>
<bind>
<opcode="trunc(33) " fcode="trunc"/>
<opset="tmp/2 "/>
</bind>
</comp>

<comp id="222" class="1004" name="inp_1_read_assign_fu_222">
<pin_list>
<pin id="223" dir="0" index="0" bw="1" slack="0"/>
<pin id="224" dir="0" index="1" bw="32" slack="1"/>
<pin id="225" dir="0" index="2" bw="32" slack="1"/>
<pin id="226" dir="1" index="3" bw="32" slack="0"/>
</pin_list>
<bind>
<opcode="select(49) " fcode="select"/>
<opset="inp_1_read_assign/2 "/>
</bind>
</comp>

<comp id="229" class="1004" name="exitcond2_fu_229">
<pin_list>
<pin id="230" dir="0" index="0" bw="2" slack="0"/>
<pin id="231" dir="0" index="1" bw="2" slack="0"/>
<pin id="232" dir="1" index="2" bw="1" slack="2147483647"/>
</pin_list>
<bind>
<opcode="icmp(45) " fcode="icmp"/>
<opset="exitcond2/6 "/>
</bind>
</comp>

<comp id="235" class="1004" name="i_6_fu_235">
<pin_list>
<pin id="236" dir="0" index="0" bw="2" slack="0"/>
<pin id="237" dir="0" index="1" bw="1" slack="0"/>
<pin id="238" dir="1" index="2" bw="2" slack="0"/>
</pin_list>
<bind>
<opcode="add(8) " fcode="add"/>
<opset="i_6/6 "/>
</bind>
</comp>

<comp id="241" class="1004" name="tmp_10_fu_241">
<pin_list>
<pin id="242" dir="0" index="0" bw="2" slack="0"/>
<pin id="243" dir="1" index="1" bw="1" slack="0"/>
</pin_list>
<bind>
<opcode="trunc(33) " fcode="trunc"/>
<opset="tmp_10/6 "/>
</bind>
</comp>

<comp id="245" class="1004" name="inp_1_read_assign_1_fu_245">
<pin_list>
<pin id="246" dir="0" index="0" bw="1" slack="0"/>
<pin id="247" dir="0" index="1" bw="32" slack="2"/>
<pin id="248" dir="0" index="2" bw="32" slack="2"/>
<pin id="249" dir="1" index="3" bw="32" slack="1"/>
</pin_list>
<bind>
<opcode="select(49) " fcode="select"/>
<opset="inp_1_read_assign_1/6 "/>
</bind>
</comp>

<comp id="251" class="1004" name="temp_1_1_fu_251">
<pin_list>
<pin id="252" dir="0" index="0" bw="1" slack="9"/>
<pin id="253" dir="0" index="1" bw="32" slack="1"/>
<pin id="254" dir="0" index="2" bw="32" slack="9"/>
<pin id="255" dir="1" index="3" bw="32" slack="1"/>
</pin_list>
<bind>
<opcode="select(49) " fcode="select"/>
<opset="temp_1_1/15 "/>
</bind>
</comp>

<comp id="257" class="1004" name="temp_1_2_fu_257">
<pin_list>
<pin id="258" dir="0" index="0" bw="1" slack="9"/>
<pin id="259" dir="0" index="1" bw="32" slack="9"/>
<pin id="260" dir="0" index="2" bw="32" slack="1"/>
<pin id="261" dir="1" index="3" bw="32" slack="1"/>
</pin_list>
<bind>
<opcode="select(49) " fcode="select"/>
<opset="temp_1_2/15 "/>
</bind>
</comp>

<comp id="263" class="1004" name="exitcond1_fu_263">
<pin_list>
<pin id="264" dir="0" index="0" bw="2" slack="0"/>
<pin id="265" dir="0" index="1" bw="2" slack="0"/>
<pin id="266" dir="1" index="2" bw="1" slack="2147483647"/>
</pin_list>
<bind>
<opcode="icmp(45) " fcode="icmp"/>
<opset="exitcond1/16 "/>
</bind>
</comp>

<comp id="269" class="1004" name="i_7_fu_269">
<pin_list>
<pin id="270" dir="0" index="0" bw="2" slack="0"/>
<pin id="271" dir="0" index="1" bw="1" slack="0"/>
<pin id="272" dir="1" index="2" bw="2" slack="0"/>
</pin_list>
<bind>
<opcode="add(8) " fcode="add"/>
<opset="i_7/16 "/>
</bind>
</comp>

<comp id="275" class="1004" name="tmp_11_fu_275">
<pin_list>
<pin id="276" dir="0" index="0" bw="2" slack="0"/>
<pin id="277" dir="1" index="1" bw="1" slack="0"/>
</pin_list>
<bind>
<opcode="trunc(33) " fcode="trunc"/>
<opset="tmp_11/16 "/>
</bind>
</comp>

<comp id="279" class="1004" name="temp_load_phi_fu_279">
<pin_list>
<pin id="280" dir="0" index="0" bw="1" slack="0"/>
<pin id="281" dir="0" index="1" bw="32" slack="1"/>
<pin id="282" dir="0" index="2" bw="32" slack="1"/>
<pin id="283" dir="1" index="3" bw="32" slack="0"/>
</pin_list>
<bind>
<opcode="select(49) " fcode="select"/>
<opset="temp_load_phi/16 "/>
</bind>
</comp>

<comp id="288" class="1004" name="exitcond_fu_288">
<pin_list>
<pin id="289" dir="0" index="0" bw="2" slack="0"/>
<pin id="290" dir="0" index="1" bw="2" slack="0"/>
<pin id="291" dir="1" index="2" bw="1" slack="2147483647"/>
</pin_list>
<bind>
<opcode="icmp(45) " fcode="icmp"/>
<opset="exitcond/32 "/>
</bind>
</comp>

<comp id="294" class="1004" name="i_8_fu_294">
<pin_list>
<pin id="295" dir="0" index="0" bw="2" slack="0"/>
<pin id="296" dir="0" index="1" bw="1" slack="0"/>
<pin id="297" dir="1" index="2" bw="2" slack="0"/>
</pin_list>
<bind>
<opcode="add(8) " fcode="add"/>
<opset="i_8/32 "/>
</bind>
</comp>

<comp id="300" class="1004" name="tmp_12_fu_300">
<pin_list>
<pin id="301" dir="0" index="0" bw="2" slack="0"/>
<pin id="302" dir="1" index="1" bw="1" slack="0"/>
</pin_list>
<bind>
<opcode="trunc(33) " fcode="trunc"/>
<opset="tmp_12/32 "/>
</bind>
</comp>

<comp id="304" class="1004" name="temp_load_1_phi_fu_304">
<pin_list>
<pin id="305" dir="0" index="0" bw="1" slack="0"/>
<pin id="306" dir="0" index="1" bw="32" slack="2"/>
<pin id="307" dir="0" index="2" bw="32" slack="2"/>
<pin id="308" dir="1" index="3" bw="32" slack="0"/>
</pin_list>
<bind>
<opcode="select(49) " fcode="select"/>
<opset="temp_load_1_phi/32 "/>
</bind>
</comp>

<comp id="313" class="1004" name="tmp_9_fu_313">
<pin_list>
<pin id="314" dir="0" index="0" bw="2" slack="28"/>
<pin id="315" dir="1" index="1" bw="64" slack="0"/>
</pin_list>
<bind>
<opcode="zext(34) " fcode="zext"/>
<opset="tmp_9/60 "/>
</bind>
</comp>

<comp id="318" class="1005" name="inp_1_read_1_reg_318">
<pin_list>
<pin id="319" dir="0" index="0" bw="32" slack="1"/>
<pin id="320" dir="1" index="1" bw="32" slack="1"/>
</pin_list>
<bind>
<opset="inp_1_read_1 "/>
</bind>
</comp>

<comp id="324" class="1005" name="inp_0_read_1_reg_324">
<pin_list>
<pin id="325" dir="0" index="0" bw="32" slack="1"/>
<pin id="326" dir="1" index="1" bw="32" slack="1"/>
</pin_list>
<bind>
<opset="inp_0_read_1 "/>
</bind>
</comp>

<comp id="333" class="1005" name="i_5_reg_333">
<pin_list>
<pin id="334" dir="0" index="0" bw="2" slack="0"/>
<pin id="335" dir="1" index="1" bw="2" slack="0"/>
</pin_list>
<bind>
<opset="i_5 "/>
</bind>
</comp>

<comp id="338" class="1005" name="inp_1_read_assign_reg_338">
<pin_list>
<pin id="339" dir="0" index="0" bw="32" slack="1"/>
<pin id="340" dir="1" index="1" bw="32" slack="1"/>
</pin_list>
<bind>
<opset="inp_1_read_assign "/>
</bind>
</comp>

<comp id="343" class="1005" name="sum_2_reg_343">
<pin_list>
<pin id="344" dir="0" index="0" bw="32" slack="1"/>
<pin id="345" dir="1" index="1" bw="32" slack="1"/>
</pin_list>
<bind>
<opset="sum_2 "/>
</bind>
</comp>

<comp id="351" class="1005" name="i_6_reg_351">
<pin_list>
<pin id="352" dir="0" index="0" bw="2" slack="0"/>
<pin id="353" dir="1" index="1" bw="2" slack="0"/>
</pin_list>
<bind>
<opset="i_6 "/>
</bind>
</comp>

<comp id="356" class="1005" name="tmp_10_reg_356">
<pin_list>
<pin id="357" dir="0" index="0" bw="1" slack="9"/>
<pin id="358" dir="1" index="1" bw="1" slack="9"/>
</pin_list>
<bind>
<opset="tmp_10 "/>
</bind>
</comp>

<comp id="362" class="1005" name="inp_1_read_assign_1_reg_362">
<pin_list>
<pin id="363" dir="0" index="0" bw="32" slack="1"/>
<pin id="364" dir="1" index="1" bw="32" slack="1"/>
</pin_list>
<bind>
<opset="inp_1_read_assign_1 "/>
</bind>
</comp>

<comp id="367" class="1005" name="temp_0_reg_367">
<pin_list>
<pin id="368" dir="0" index="0" bw="32" slack="1"/>
<pin id="369" dir="1" index="1" bw="32" slack="1"/>
</pin_list>
<bind>
<opset="temp_0 "/>
</bind>
</comp>

<comp id="373" class="1005" name="temp_1_1_reg_373">
<pin_list>
<pin id="374" dir="0" index="0" bw="32" slack="1"/>
<pin id="375" dir="1" index="1" bw="32" slack="1"/>
</pin_list>
<bind>
<opset="temp_1_1 "/>
</bind>
</comp>

<comp id="378" class="1005" name="temp_1_2_reg_378">
<pin_list>
<pin id="379" dir="0" index="0" bw="32" slack="1"/>
<pin id="380" dir="1" index="1" bw="32" slack="1"/>
</pin_list>
<bind>
<opset="temp_1_2 "/>
</bind>
</comp>

<comp id="386" class="1005" name="i_7_reg_386">
<pin_list>
<pin id="387" dir="0" index="0" bw="2" slack="0"/>
<pin id="388" dir="1" index="1" bw="2" slack="0"/>
</pin_list>
<bind>
<opset="i_7 "/>
</bind>
</comp>

<comp id="391" class="1005" name="tmp_8_reg_391">
<pin_list>
<pin id="392" dir="0" index="0" bw="64" slack="1"/>
<pin id="393" dir="1" index="1" bw="64" slack="1"/>
</pin_list>
<bind>
<opset="tmp_8 "/>
</bind>
</comp>

<comp id="396" class="1005" name="sum_3_reg_396">
<pin_list>
<pin id="397" dir="0" index="0" bw="32" slack="1"/>
<pin id="398" dir="1" index="1" bw="32" slack="1"/>
</pin_list>
<bind>
<opset="sum_3 "/>
</bind>
</comp>

<comp id="404" class="1005" name="i_8_reg_404">
<pin_list>
<pin id="405" dir="0" index="0" bw="2" slack="0"/>
<pin id="406" dir="1" index="1" bw="2" slack="0"/>
</pin_list>
<bind>
<opset="i_8 "/>
</bind>
</comp>

<comp id="409" class="1005" name="tmp_2_reg_409">
<pin_list>
<pin id="410" dir="0" index="0" bw="64" slack="1"/>
<pin id="411" dir="1" index="1" bw="64" slack="1"/>
</pin_list>
<bind>
<opset="tmp_2 "/>
</bind>
</comp>

<comp id="414" class="1005" name="tmp_4_reg_414">
<pin_list>
<pin id="415" dir="0" index="0" bw="64" slack="1"/>
<pin id="416" dir="1" index="1" bw="64" slack="1"/>
</pin_list>
<bind>
<opset="tmp_4 "/>
</bind>
</comp>

</comp_list>

<net_list>
<net id="48"><net_src comp="14" pin="0"/><net_sink comp="44" pin=0"/></net>

<net id="49"><net_src comp="2" pin="0"/><net_sink comp="44" pin=1"/></net>

<net id="54"><net_src comp="14" pin="0"/><net_sink comp="50" pin=0"/></net>

<net id="55"><net_src comp="0" pin="0"/><net_sink comp="50" pin=1"/></net>

<net id="61"><net_src comp="4" pin="0"/><net_sink comp="56" pin=0"/></net>

<net id="62"><net_src comp="42" pin="0"/><net_sink comp="56" pin=1"/></net>

<net id="67"><net_src comp="56" pin="3"/><net_sink comp="63" pin=0"/></net>

<net id="71"><net_src comp="16" pin="0"/><net_sink comp="68" pin=0"/></net>

<net id="78"><net_src comp="68" pin="1"/><net_sink comp="72" pin=0"/></net>

<net id="82"><net_src comp="18" pin="0"/><net_sink comp="79" pin=0"/></net>

<net id="89"><net_src comp="79" pin="1"/><net_sink comp="83" pin=0"/></net>

<net id="90"><net_src comp="83" pin="4"/><net_sink comp="79" pin=0"/></net>

<net id="94"><net_src comp="32" pin="0"/><net_sink comp="91" pin=0"/></net>

<net id="101"><net_src comp="91" pin="1"/><net_sink comp="95" pin=2"/></net>

<net id="102"><net_src comp="95" pin="4"/><net_sink comp="91" pin=0"/></net>

<net id="106"><net_src comp="32" pin="0"/><net_sink comp="103" pin=0"/></net>

<net id="113"><net_src comp="103" pin="1"/><net_sink comp="107" pin=2"/></net>

<net id="114"><net_src comp="107" pin="4"/><net_sink comp="103" pin=0"/></net>

<net id="118"><net_src comp="16" pin="0"/><net_sink comp="115" pin=0"/></net>

<net id="125"><net_src comp="115" pin="1"/><net_sink comp="119" pin=2"/></net>

<net id="129"><net_src comp="18" pin="0"/><net_sink comp="126" pin=0"/></net>

<net id="136"><net_src comp="126" pin="1"/><net_sink comp="130" pin=2"/></net>

<net id="137"><net_src comp="130" pin="4"/><net_sink comp="126" pin=0"/></net>

<net id="141"><net_src comp="16" pin="0"/><net_sink comp="138" pin=0"/></net>

<net id="148"><net_src comp="138" pin="1"/><net_sink comp="142" pin=2"/></net>

<net id="152"><net_src comp="16" pin="0"/><net_sink comp="149" pin=0"/></net>

<net id="159"><net_src comp="149" pin="1"/><net_sink comp="153" pin=2"/></net>

<net id="160"><net_src comp="153" pin="4"/><net_sink comp="149" pin=0"/></net>

<net id="165"><net_src comp="83" pin="4"/><net_sink comp="161" pin=0"/></net>

<net id="170"><net_src comp="79" pin="1"/><net_sink comp="166" pin=1"/></net>

<net id="174"><net_src comp="171" pin="1"/><net_sink comp="63" pin=1"/></net>

<net id="178"><net_src comp="130" pin="4"/><net_sink comp="175" pin=0"/></net>

<net id="179"><net_src comp="126" pin="1"/><net_sink comp="175" pin=0"/></net>

<net id="192"><net_src comp="36" pin="0"/><net_sink comp="188" pin=0"/></net>

<net id="196"><net_src comp="175" pin="1"/><net_sink comp="193" pin=0"/></net>

<net id="197"><net_src comp="193" pin="1"/><net_sink comp="188" pin=1"/></net>

<net id="198"><net_src comp="193" pin="1"/><net_sink comp="184" pin=1"/></net>

<net id="199"><net_src comp="193" pin="1"/><net_sink comp="180" pin=0"/></net>

<net id="203"><net_src comp="188" pin="2"/><net_sink comp="200" pin=0"/></net>

<net id="204"><net_src comp="200" pin="1"/><net_sink comp="180" pin=1"/></net>

<net id="205"><net_src comp="200" pin="1"/><net_sink comp="184" pin=0"/></net>

<net id="210"><net_src comp="72" pin="4"/><net_sink comp="206" pin=0"/></net>

<net id="211"><net_src comp="20" pin="0"/><net_sink comp="206" pin=1"/></net>

<net id="216"><net_src comp="72" pin="4"/><net_sink comp="212" pin=0"/></net>

<net id="217"><net_src comp="26" pin="0"/><net_sink comp="212" pin=1"/></net>

<net id="221"><net_src comp="72" pin="4"/><net_sink comp="218" pin=0"/></net>

<net id="227"><net_src comp="218" pin="1"/><net_sink comp="222" pin=0"/></net>

<net id="228"><net_src comp="222" pin="3"/><net_sink comp="161" pin=1"/></net>

<net id="233"><net_src comp="119" pin="4"/><net_sink comp="229" pin=0"/></net>

<net id="234"><net_src comp="20" pin="0"/><net_sink comp="229" pin=1"/></net>

<net id="239"><net_src comp="119" pin="4"/><net_sink comp="235" pin=0"/></net>

<net id="240"><net_src comp="26" pin="0"/><net_sink comp="235" pin=1"/></net>

<net id="244"><net_src comp="119" pin="4"/><net_sink comp="241" pin=0"/></net>

<net id="250"><net_src comp="241" pin="1"/><net_sink comp="245" pin=0"/></net>

<net id="256"><net_src comp="91" pin="1"/><net_sink comp="251" pin=2"/></net>

<net id="262"><net_src comp="103" pin="1"/><net_sink comp="257" pin=1"/></net>

<net id="267"><net_src comp="142" pin="4"/><net_sink comp="263" pin=0"/></net>

<net id="268"><net_src comp="20" pin="0"/><net_sink comp="263" pin=1"/></net>

<net id="273"><net_src comp="142" pin="4"/><net_sink comp="269" pin=0"/></net>

<net id="274"><net_src comp="26" pin="0"/><net_sink comp="269" pin=1"/></net>

<net id="278"><net_src comp="142" pin="4"/><net_sink comp="275" pin=0"/></net>

<net id="284"><net_src comp="275" pin="1"/><net_sink comp="279" pin=0"/></net>

<net id="285"><net_src comp="91" pin="1"/><net_sink comp="279" pin=1"/></net>

<net id="286"><net_src comp="103" pin="1"/><net_sink comp="279" pin=2"/></net>

<net id="287"><net_src comp="279" pin="3"/><net_sink comp="175" pin=0"/></net>

<net id="292"><net_src comp="153" pin="4"/><net_sink comp="288" pin=0"/></net>

<net id="293"><net_src comp="20" pin="0"/><net_sink comp="288" pin=1"/></net>

<net id="298"><net_src comp="153" pin="4"/><net_sink comp="294" pin=0"/></net>

<net id="299"><net_src comp="26" pin="0"/><net_sink comp="294" pin=1"/></net>

<net id="303"><net_src comp="153" pin="4"/><net_sink comp="300" pin=0"/></net>

<net id="309"><net_src comp="300" pin="1"/><net_sink comp="304" pin=0"/></net>

<net id="310"><net_src comp="91" pin="1"/><net_sink comp="304" pin=1"/></net>

<net id="311"><net_src comp="103" pin="1"/><net_sink comp="304" pin=2"/></net>

<net id="312"><net_src comp="304" pin="3"/><net_sink comp="175" pin=0"/></net>

<net id="316"><net_src comp="149" pin="1"/><net_sink comp="313" pin=0"/></net>

<net id="317"><net_src comp="313" pin="1"/><net_sink comp="56" pin=2"/></net>

<net id="321"><net_src comp="44" pin="2"/><net_sink comp="318" pin=0"/></net>

<net id="322"><net_src comp="318" pin="1"/><net_sink comp="222" pin=1"/></net>

<net id="323"><net_src comp="318" pin="1"/><net_sink comp="245" pin=1"/></net>

<net id="327"><net_src comp="50" pin="2"/><net_sink comp="324" pin=0"/></net>

<net id="328"><net_src comp="324" pin="1"/><net_sink comp="222" pin=2"/></net>

<net id="329"><net_src comp="324" pin="1"/><net_sink comp="245" pin=2"/></net>

<net id="336"><net_src comp="212" pin="2"/><net_sink comp="333" pin=0"/></net>

<net id="337"><net_src comp="333" pin="1"/><net_sink comp="72" pin=2"/></net>

<net id="341"><net_src comp="222" pin="3"/><net_sink comp="338" pin=0"/></net>

<net id="342"><net_src comp="338" pin="1"/><net_sink comp="161" pin=1"/></net>

<net id="346"><net_src comp="161" pin="2"/><net_sink comp="343" pin=0"/></net>

<net id="347"><net_src comp="343" pin="1"/><net_sink comp="83" pin=2"/></net>

<net id="354"><net_src comp="235" pin="2"/><net_sink comp="351" pin=0"/></net>

<net id="355"><net_src comp="351" pin="1"/><net_sink comp="119" pin=0"/></net>

<net id="359"><net_src comp="241" pin="1"/><net_sink comp="356" pin=0"/></net>

<net id="360"><net_src comp="356" pin="1"/><net_sink comp="251" pin=0"/></net>

<net id="361"><net_src comp="356" pin="1"/><net_sink comp="257" pin=0"/></net>

<net id="365"><net_src comp="245" pin="3"/><net_sink comp="362" pin=0"/></net>

<net id="366"><net_src comp="362" pin="1"/><net_sink comp="166" pin=0"/></net>

<net id="370"><net_src comp="166" pin="2"/><net_sink comp="367" pin=0"/></net>

<net id="371"><net_src comp="367" pin="1"/><net_sink comp="251" pin=1"/></net>

<net id="372"><net_src comp="367" pin="1"/><net_sink comp="257" pin=2"/></net>

<net id="376"><net_src comp="251" pin="3"/><net_sink comp="373" pin=0"/></net>

<net id="377"><net_src comp="373" pin="1"/><net_sink comp="95" pin=0"/></net>

<net id="381"><net_src comp="257" pin="3"/><net_sink comp="378" pin=0"/></net>

<net id="382"><net_src comp="378" pin="1"/><net_sink comp="107" pin=0"/></net>

<net id="389"><net_src comp="269" pin="2"/><net_sink comp="386" pin=0"/></net>

<net id="390"><net_src comp="386" pin="1"/><net_sink comp="142" pin=0"/></net>

<net id="394"><net_src comp="180" pin="2"/><net_sink comp="391" pin=0"/></net>

<net id="395"><net_src comp="391" pin="1"/><net_sink comp="171" pin=0"/></net>

<net id="399"><net_src comp="171" pin="1"/><net_sink comp="396" pin=0"/></net>

<net id="400"><net_src comp="396" pin="1"/><net_sink comp="130" pin=0"/></net>

<net id="407"><net_src comp="294" pin="2"/><net_sink comp="404" pin=0"/></net>

<net id="408"><net_src comp="404" pin="1"/><net_sink comp="153" pin=0"/></net>

<net id="412"><net_src comp="175" pin="1"/><net_sink comp="409" pin=0"/></net>

<net id="413"><net_src comp="409" pin="1"/><net_sink comp="188" pin=1"/></net>

<net id="417"><net_src comp="184" pin="2"/><net_sink comp="414" pin=0"/></net>

<net id="418"><net_src comp="414" pin="1"/><net_sink comp="171" pin=0"/></net>

</net_list>

</model> 
---------------- Datapath Model END ------------------

* FSMD analyzer results:
  - Output states:
	Port: out_r | {}
  - Chain level:
	State 1
	State 2
		exitcond3 : 1
		i_5 : 1
		stg_70 : 2
		tmp : 1
		inp_1_read_assign : 2
		sum_2 : 3
	State 3
	State 4
	State 5
	State 6
		exitcond2 : 1
		i_6 : 1
		stg_85 : 2
		tmp_10 : 1
		inp_1_read_assign_1 : 2
	State 7
	State 8
	State 9
	State 10
	State 11
	State 12
	State 13
	State 14
	State 15
	State 16
		exitcond1 : 1
		i_7 : 1
		stg_105 : 2
		tmp_11 : 1
		temp_load_phi : 2
		tmp_5 : 3
		tmp_s : 1
	State 17
	State 18
	State 19
	State 20
	State 21
	State 22
	State 23
	State 24
	State 25
	State 26
	State 27
	State 28
	State 29
	State 30
	State 31
	State 32
		exitcond : 1
		i_8 : 1
		stg_133 : 2
		tmp_12 : 1
		temp_load_1_phi : 2
		tmp_2 : 3
	State 33
	State 34
	State 35
	State 36
	State 37
	State 38
	State 39
	State 40
	State 41
	State 42
	State 43
	State 44
	State 45
	State 46
	State 47
	State 48
	State 49
	State 50
	State 51
	State 52
	State 53
	State 54
	State 55
	State 56
	State 57
	State 58
	State 59
	State 60
		out_addr : 1
		stg_169 : 2


============================================================
+ Verbose Summary: Datapath Resource usage 
============================================================

* Functional unit list:
|----------|----------------------------|---------|---------|---------|
| Operation|       Functional Unit      |  DSP48E |    FF   |   LUT   |
|----------|----------------------------|---------|---------|---------|
|   ddiv   |         grp_fu_184         |    0    |   1710  |   3613  |
|----------|----------------------------|---------|---------|---------|
|   dexp   |         grp_fu_188         |    26   |   828   |   2423  |
|----------|----------------------------|---------|---------|---------|
|   dadd   |         grp_fu_180         |    3    |   430   |   1130  |
|----------|----------------------------|---------|---------|---------|
|   fdiv   |         grp_fu_166         |    0    |   363   |   986   |
|----------|----------------------------|---------|---------|---------|
|   fadd   |         grp_fu_161         |    2    |   227   |   403   |
|----------|----------------------------|---------|---------|---------|
|  fptrunc |         grp_fu_171         |    0    |   128   |   277   |
|----------|----------------------------|---------|---------|---------|
|   fpext  |         grp_fu_175         |    0    |   100   |   138   |
|----------|----------------------------|---------|---------|---------|
|          |  inp_1_read_assign_fu_222  |    0    |    0    |    32   |
|          | inp_1_read_assign_1_fu_245 |    0    |    0    |    32   |
|  select  |       temp_1_1_fu_251      |    0    |    0    |    32   |
|          |       temp_1_2_fu_257      |    0    |    0    |    32   |
|          |    temp_load_phi_fu_279    |    0    |    0    |    32   |
|          |   temp_load_1_phi_fu_304   |    0    |    0    |    32   |
|----------|----------------------------|---------|---------|---------|
|          |         i_5_fu_212         |    0    |    0    |    2    |
|    add   |         i_6_fu_235         |    0    |    0    |    2    |
|          |         i_7_fu_269         |    0    |    0    |    2    |
|          |         i_8_fu_294         |    0    |    0    |    2    |
|----------|----------------------------|---------|---------|---------|
|          |      exitcond3_fu_206      |    0    |    0    |    1    |
|   icmp   |      exitcond2_fu_229      |    0    |    0    |    1    |
|          |      exitcond1_fu_263      |    0    |    0    |    1    |
|          |       exitcond_fu_288      |    0    |    0    |    1    |
|----------|----------------------------|---------|---------|---------|
|   read   |   inp_1_read_1_read_fu_44  |    0    |    0    |    0    |
|          |   inp_0_read_1_read_fu_50  |    0    |    0    |    0    |
|----------|----------------------------|---------|---------|---------|
|          |         tmp_fu_218         |    0    |    0    |    0    |
|   trunc  |        tmp_10_fu_241       |    0    |    0    |    0    |
|          |        tmp_11_fu_275       |    0    |    0    |    0    |
|          |        tmp_12_fu_300       |    0    |    0    |    0    |
|----------|----------------------------|---------|---------|---------|
|   zext   |        tmp_9_fu_313        |    0    |    0    |    0    |
|----------|----------------------------|---------|---------|---------|
|   Total  |                            |    31   |   3786  |   9174  |
|----------|----------------------------|---------|---------|---------|

Memories:
N/A

* Register list:
+---------------------------+--------+
|                           |   FF   |
+---------------------------+--------+
|         i1_reg_115        |    2   |
|         i2_reg_138        |    2   |
|         i3_reg_149        |    2   |
|        i_5_reg_333        |    2   |
|        i_6_reg_351        |    2   |
|        i_7_reg_386        |    2   |
|        i_8_reg_404        |    2   |
|          i_reg_68         |    2   |
|    inp_0_read_1_reg_324   |   32   |
|    inp_1_read_1_reg_318   |   32   |
|inp_1_read_assign_1_reg_362|   32   |
| inp_1_read_assign_reg_338 |   32   |
|          reg_193          |   64   |
|          reg_200          |   64   |
|       sum_1_reg_126       |   32   |
|       sum_2_reg_343       |   32   |
|       sum_3_reg_396       |   32   |
|         sum_reg_79        |   32   |
|       temp_0_reg_367      |   32   |
|      temp_0_s_reg_103     |   32   |
|      temp_1_1_reg_373     |   32   |
|      temp_1_2_reg_378     |   32   |
|      temp_1_s_reg_91      |   32   |
|       tmp_10_reg_356      |    1   |
|       tmp_2_reg_409       |   64   |
|       tmp_4_reg_414       |   64   |
|       tmp_8_reg_391       |   64   |
+---------------------------+--------+
|           Total           |   753  |
+---------------------------+--------+

* Multiplexer (MUX) list: 
|------------------|------|------|------|--------||---------||---------|
|       Comp       |  Pin | Size |  BW  | S x BW ||  Delay  ||   LUT   |
|------------------|------|------|------|--------||---------||---------|
|    sum_reg_79    |  p0  |   2  |  32  |   64   ||    32   |
|  temp_1_s_reg_91 |  p0  |   2  |  32  |   64   ||    32   |
| temp_0_s_reg_103 |  p0  |   2  |  32  |   64   ||    32   |
|   sum_1_reg_126  |  p0  |   2  |  32  |   64   ||    32   |
|    i3_reg_149    |  p0  |   2  |   2  |    4   ||    2    |
|    grp_fu_161    |  p1  |   2  |  32  |   64   ||    32   |
|    grp_fu_171    |  p0  |   2  |  64  |   128  ||    64   |
|    grp_fu_175    |  p0  |   4  |  32  |   128  ||    32   |
|    grp_fu_188    |  p1  |   2  |  64  |   128  ||    64   |
|------------------|------|------|------|--------||---------||---------|
|       Total      |      |      |      |   708  ||  14.139 ||   322   |
|------------------|------|------|------|--------||---------||---------|



* Summary:
+-----------+--------+--------+--------+--------+
|           | DSP48E |  Delay |   FF   |   LUT  |
+-----------+--------+--------+--------+--------+
|  Function |   31   |    -   |  3786  |  9174  |
|   Memory  |    -   |    -   |    -   |    -   |
|Multiplexer|    -   |   14   |    -   |   322  |
|  Register |    -   |    -   |   753  |    -   |
+-----------+--------+--------+--------+--------+
|   Total   |   31   |   14   |  4539  |  9496  |
+-----------+--------+--------+--------+--------+
