

================================================================
== Vivado HLS Report for 'obj_detector_ReLU'
================================================================
* Date:           Thu Dec  1 08:40:29 2016

* Version:        2015.2 (Build 1266856 on Fri Jun 26 16:57:37 PM 2015)
* Project:        proj1_hls
* Solution:       solution1
* Product family: zynq
* Target device:  xc7z020clg484-1


================================================================
== Performance Estimates
================================================================
+ Timing (ns): 
    * Summary: 
    +--------+-------+----------+------------+
    |  Clock | Target| Estimated| Uncertainty|
    +--------+-------+----------+------------+
    |ap_clk  |  20.00|     14.95|        2.50|
    +--------+-------+----------+------------+

+ Latency (clock cycles): 
    * Summary: 
    +------+------+------+------+---------+
    |   Latency   |   Interval  | Pipeline|
    |  min |  max |  min |  max |   Type  |
    +------+------+------+------+---------+
    |  1201|  1201|  1201|  1201|   none  |
    +------+------+------+------+---------+

    + Detail: 
        * Instance: 
        N/A

        * Loop: 
        +------------------+------+------+----------+-----------+-----------+------+----------+
        |                  |   Latency   | Iteration|  Initiation Interval  | Trip |          |
        |     Loop Name    |  min |  max |  Latency |  achieved |   target  | Count| Pipelined|
        +------------------+------+------+----------+-----------+-----------+------+----------+
        |- ReLU_label0     |  1200|  1200|        50|          -|          -|    24|    no    |
        | + ReLU_label0.1  |    48|    48|         2|          -|          -|    24|    no    |
        +------------------+------+------+----------+-----------+-----------+------+----------+



================================================================
== Utilization Estimates
================================================================
* Summary: 
+-----------------+---------+-------+--------+-------+
|       Name      | BRAM_18K| DSP48E|   FF   |  LUT  |
+-----------------+---------+-------+--------+-------+
|Expression       |        -|      -|       -|      -|
|FIFO             |        -|      -|       -|      -|
|Instance         |        -|      -|       -|      -|
|Memory           |        -|      -|       -|      -|
|Multiplexer      |        -|      -|       -|      -|
|Register         |        -|      -|       -|      -|
+-----------------+---------+-------+--------+-------+
|Total            |        0|      0|       0|      0|
+-----------------+---------+-------+--------+-------+
|Available        |      280|    220|  106400|  53200|
+-----------------+---------+-------+--------+-------+
|Utilization (%)  |        0|      0|       0|      0|
+-----------------+---------+-------+--------+-------+

+ Detail: 
    * Instance: 
    N/A

    * Memory: 
    N/A

    * FIFO: 
    N/A

    * Expression: 
    N/A

    * Multiplexer: 
    N/A

    * Register: 
    N/A



================================================================
== Interface
================================================================
* Summary: 
N/A

============================================================
+ Verbose Summary: Synthesis Manager
============================================================
InlineROM: 1
ExposeGlobal: 0
============================================================
+ Verbose Summary: CDFG Model
============================================================
IsTopModel: 0
ResetActiveHigh: 1
IsCombinational: 0
IsDatapathOnly: 0
HasWiredReturn: 1
HasMFsm: 0
HasVarLatency: 1
IsPipeline: 0
IsRtlPipelined: 0
IsInstanceOverlapped: 0
IsDontTouch: 0
HasImplIP: 0
IsGatedGlobalClock: 0


============================================================
+ Verbose Summary: Schedule
============================================================
* Number of FSM states: 4
* Pipeline: 0
* Dataflow Pipeline: 0

* FSM state transitions: 
1 --> 
	2  / true
2 --> 
	3  / (!exitcond1)
3 --> 
	4  / (!exitcond)
	2  / (exitcond)
4 --> 
	3  / true
* FSM state operations: 

 <State 1>: 1.72ns
ST_1: tmp_21_read [1/1] 0.00ns
:0  %tmp_21_read = call i3 @_ssdm_op_Read.ap_auto.i3(i3 %tmp_21)

ST_1: tmp_2_read [1/1] 0.00ns
:1  %tmp_2_read = call i3 @_ssdm_op_Read.ap_auto.i3(i3 %tmp_2)

ST_1: tmp [1/1] 0.00ns
:2  %tmp = call i8 @_ssdm_op_BitConcatenate.i8.i3.i5(i3 %tmp_2_read, i5 0)

ST_1: p_shl9_cast [1/1] 0.00ns
:3  %p_shl9_cast = zext i8 %tmp to i9

ST_1: tmp_385 [1/1] 0.00ns
:4  %tmp_385 = call i6 @_ssdm_op_BitConcatenate.i6.i3.i3(i3 %tmp_2_read, i3 0)

ST_1: p_shl10_cast [1/1] 0.00ns
:5  %p_shl10_cast = zext i6 %tmp_385 to i9

ST_1: p_addr [1/1] 1.72ns
:6  %p_addr = sub i9 %p_shl9_cast, %p_shl10_cast

ST_1: p_addr_cast [1/1] 0.00ns
:7  %p_addr_cast = sext i9 %p_addr to i10

ST_1: tmp_386 [1/1] 0.00ns
:8  %tmp_386 = call i8 @_ssdm_op_BitConcatenate.i8.i3.i5(i3 %tmp_21_read, i5 0)

ST_1: p_shl_cast [1/1] 0.00ns
:9  %p_shl_cast = zext i8 %tmp_386 to i9

ST_1: tmp_387 [1/1] 0.00ns
:10  %tmp_387 = call i6 @_ssdm_op_BitConcatenate.i6.i3.i3(i3 %tmp_21_read, i3 0)

ST_1: p_shl11_cast [1/1] 0.00ns
:11  %p_shl11_cast = zext i6 %tmp_387 to i9

ST_1: p_addr12 [1/1] 1.72ns
:12  %p_addr12 = sub i9 %p_shl_cast, %p_shl11_cast

ST_1: p_addr12_cast [1/1] 0.00ns
:13  %p_addr12_cast = sext i9 %p_addr12 to i10

ST_1: stg_19 [1/1] 1.57ns
:14  br label %1


 <State 2>: 3.80ns
ST_2: i [1/1] 0.00ns
:0  %i = phi i5 [ 0, %0 ], [ %i_5, %5 ]

ST_2: exitcond1 [1/1] 1.91ns
:1  %exitcond1 = icmp eq i5 %i, -8

ST_2: empty [1/1] 0.00ns
:2  %empty = call i32 (...)* @_ssdm_op_SpecLoopTripCount(i64 24, i64 24, i64 24)

ST_2: i_5 [1/1] 1.72ns
:3  %i_5 = add i5 %i, 1

ST_2: stg_24 [1/1] 0.00ns
:4  br i1 %exitcond1, label %6, label %2

ST_2: stg_25 [1/1] 0.00ns
:0  call void (...)* @_ssdm_op_SpecLoopName([12 x i8]* @p_str11) nounwind

ST_2: tmp_8 [1/1] 0.00ns
:1  %tmp_8 = call i32 (...)* @_ssdm_op_SpecRegionBegin([12 x i8]* @p_str11) nounwind

ST_2: tmp_trn_cast [1/1] 0.00ns
:2  %tmp_trn_cast = zext i5 %i to i10

ST_2: p_addr1 [1/1] 1.84ns
:3  %p_addr1 = add i10 %p_addr_cast, %tmp_trn_cast

ST_2: tmp_388 [1/1] 0.00ns
:4  %tmp_388 = call i15 @_ssdm_op_BitConcatenate.i15.i10.i5(i10 %p_addr1, i5 0)

ST_2: p_shl [1/1] 0.00ns
:5  %p_shl = sext i15 %tmp_388 to i32

ST_2: tmp_389 [1/1] 0.00ns
:6  %tmp_389 = call i13 @_ssdm_op_BitConcatenate.i13.i10.i3(i10 %p_addr1, i3 0)

ST_2: p_shl1 [1/1] 0.00ns
:7  %p_shl1 = sext i13 %tmp_389 to i32

ST_2: p_addr2 [1/1] 1.96ns
:8  %p_addr2 = sub i32 %p_shl, %p_shl1

ST_2: p_addr13 [1/1] 1.84ns
:9  %p_addr13 = add i10 %p_addr12_cast, %tmp_trn_cast

ST_2: tmp_390 [1/1] 0.00ns
:10  %tmp_390 = call i15 @_ssdm_op_BitConcatenate.i15.i10.i5(i10 %p_addr13, i5 0)

ST_2: p_shl2 [1/1] 0.00ns
:11  %p_shl2 = sext i15 %tmp_390 to i32

ST_2: tmp_391 [1/1] 0.00ns
:12  %tmp_391 = call i13 @_ssdm_op_BitConcatenate.i13.i10.i3(i10 %p_addr13, i3 0)

ST_2: p_shl3 [1/1] 0.00ns
:13  %p_shl3 = sext i13 %tmp_391 to i32

ST_2: p_addr15 [1/1] 1.96ns
:14  %p_addr15 = sub i32 %p_shl2, %p_shl3

ST_2: stg_40 [1/1] 1.57ns
:15  br label %3

ST_2: stg_41 [1/1] 0.00ns
:0  ret void


 <State 3>: 4.67ns
ST_3: j [1/1] 0.00ns
:0  %j = phi i5 [ 0, %2 ], [ %j_1, %4 ]

ST_3: exitcond [1/1] 1.91ns
:1  %exitcond = icmp eq i5 %j, -8

ST_3: empty_15 [1/1] 0.00ns
:2  %empty_15 = call i32 (...)* @_ssdm_op_SpecLoopTripCount(i64 24, i64 24, i64 24)

ST_3: j_1 [1/1] 1.72ns
:3  %j_1 = add i5 %j, 1

ST_3: stg_46 [1/1] 0.00ns
:4  br i1 %exitcond, label %5, label %4

ST_3: tmp_trn [1/1] 0.00ns
:0  %tmp_trn = zext i5 %j to i32

ST_3: p_addr3 [1/1] 1.96ns
:1  %p_addr3 = add i32 %tmp_trn, %p_addr2

ST_3: tmp_392 [1/1] 0.00ns
:2  %tmp_392 = zext i32 %p_addr3 to i64

ST_3: inp_addr [1/1] 0.00ns
:3  %inp_addr = getelementptr [3456 x float]* %inp, i64 0, i64 %tmp_392

ST_3: inp_load [2/2] 2.71ns
:4  %inp_load = load float* %inp_addr, align 4

ST_3: p_addr16 [1/1] 1.96ns
:13  %p_addr16 = add i32 %tmp_trn, %p_addr15

ST_3: empty_16 [1/1] 0.00ns
:0  %empty_16 = call i32 (...)* @_ssdm_op_SpecRegionEnd([12 x i8]* @p_str11, i32 %tmp_8) nounwind

ST_3: stg_54 [1/1] 0.00ns
:1  br label %1


 <State 4>: 14.95ns
ST_4: inp_load [1/2] 2.71ns
:4  %inp_load = load float* %inp_addr, align 4

ST_4: inp_load_to_int [1/1] 0.00ns
:5  %inp_load_to_int = bitcast float %inp_load to i32

ST_4: tmp_s [1/1] 0.00ns
:6  %tmp_s = call i8 @_ssdm_op_PartSelect.i8.i32.i32.i32(i32 %inp_load_to_int, i32 23, i32 30)

ST_4: tmp_393 [1/1] 0.00ns
:7  %tmp_393 = trunc i32 %inp_load_to_int to i23

ST_4: notlhs [1/1] 2.00ns
:8  %notlhs = icmp ne i8 %tmp_s, -1

ST_4: notrhs [1/1] 2.39ns
:9  %notrhs = icmp eq i23 %tmp_393, 0

ST_4: tmp_329 [1/1] 1.37ns
:10  %tmp_329 = or i1 %notrhs, %notlhs

ST_4: tmp_330 [1/1] 6.79ns
:11  %tmp_330 = fcmp ogt float %inp_load, 0.000000e+00

ST_4: tmp_331 [1/1] 1.37ns
:12  %tmp_331 = and i1 %tmp_329, %tmp_330

ST_4: tmp_394 [1/1] 0.00ns
:14  %tmp_394 = zext i32 %p_addr16 to i64

ST_4: out_addr [1/1] 0.00ns
:15  %out_addr = getelementptr [3456 x float]* %out_r, i64 0, i64 %tmp_394

ST_4: inp_load_s [1/1] 1.37ns
:16  %inp_load_s = select i1 %tmp_331, float %inp_load, float 0.000000e+00

ST_4: stg_67 [1/1] 2.71ns
:17  store float %inp_load_s, float* %out_addr, align 4

ST_4: stg_68 [1/1] 0.00ns
:18  br label %3



============================================================
+ Verbose Summary: Binding
============================================================
STG Binding: 
---------------- STG Properties BEGIN ----------------
- Is combinational: 0
- Is one-state seq: 0
- Is datapath-only: 0
- Is clock enabled: 0
- Is pipelined: 0
- Is top level: 0
Port [ Return ] is wired: 1; IO mode=ap_ctrl_hs:ce=0
Port [ inp]:  wired=1; compound=1; hidden=0; nouse=0; global=0; static=0; extern=0; dir=0; type=1; mode=0x7f4152f664f0; pingpong=0; private_global=0; MemPort=[13]; IO mode=ap_memory:ce=0
Port [ tmp_2]:  wired=1; compound=0; hidden=0; nouse=0; global=0; static=0; extern=0; dir=0; type=0; mode=0x7f4153900430; pingpong=0; private_global=0; IO mode=ap_none:ce=0
Port [ out_r]:  wired=1; compound=1; hidden=0; nouse=0; global=0; static=0; extern=0; dir=1; type=1; mode=0x7f4152f12c40; pingpong=0; private_global=0; MemPort=[03]; IO mode=ap_memory:ce=0
Port [ tmp_21]:  wired=1; compound=0; hidden=0; nouse=0; global=0; static=0; extern=0; dir=0; type=0; mode=0x7f41530a1ca0; pingpong=0; private_global=0; IO mode=ap_none:ce=0
---------------- STG Properties END ------------------

---------------- Datapath Model BEGIN ----------------

<LifeTime>
<method=bitvector/>
tmp_21_read     (read             ) [ 00000]
tmp_2_read      (read             ) [ 00000]
tmp             (bitconcatenate   ) [ 00000]
p_shl9_cast     (zext             ) [ 00000]
tmp_385         (bitconcatenate   ) [ 00000]
p_shl10_cast    (zext             ) [ 00000]
p_addr          (sub              ) [ 00000]
p_addr_cast     (sext             ) [ 00111]
tmp_386         (bitconcatenate   ) [ 00000]
p_shl_cast      (zext             ) [ 00000]
tmp_387         (bitconcatenate   ) [ 00000]
p_shl11_cast    (zext             ) [ 00000]
p_addr12        (sub              ) [ 00000]
p_addr12_cast   (sext             ) [ 00111]
stg_19          (br               ) [ 01111]
i               (phi              ) [ 00100]
exitcond1       (icmp             ) [ 00111]
empty           (speclooptripcount) [ 00000]
i_5             (add              ) [ 01111]
stg_24          (br               ) [ 00000]
stg_25          (specloopname     ) [ 00000]
tmp_8           (specregionbegin  ) [ 00011]
tmp_trn_cast    (zext             ) [ 00000]
p_addr1         (add              ) [ 00000]
tmp_388         (bitconcatenate   ) [ 00000]
p_shl           (sext             ) [ 00000]
tmp_389         (bitconcatenate   ) [ 00000]
p_shl1          (sext             ) [ 00000]
p_addr2         (sub              ) [ 00011]
p_addr13        (add              ) [ 00000]
tmp_390         (bitconcatenate   ) [ 00000]
p_shl2          (sext             ) [ 00000]
tmp_391         (bitconcatenate   ) [ 00000]
p_shl3          (sext             ) [ 00000]
p_addr15        (sub              ) [ 00011]
stg_40          (br               ) [ 00111]
stg_41          (ret              ) [ 00000]
j               (phi              ) [ 00010]
exitcond        (icmp             ) [ 00111]
empty_15        (speclooptripcount) [ 00000]
j_1             (add              ) [ 00111]
stg_46          (br               ) [ 00000]
tmp_trn         (zext             ) [ 00000]
p_addr3         (add              ) [ 00000]
tmp_392         (zext             ) [ 00000]
inp_addr        (getelementptr    ) [ 00001]
p_addr16        (add              ) [ 00001]
empty_16        (specregionend    ) [ 00000]
stg_54          (br               ) [ 01111]
inp_load        (load             ) [ 00000]
inp_load_to_int (bitcast          ) [ 00000]
tmp_s           (partselect       ) [ 00000]
tmp_393         (trunc            ) [ 00000]
notlhs          (icmp             ) [ 00000]
notrhs          (icmp             ) [ 00000]
tmp_329         (or               ) [ 00000]
tmp_330         (fcmp             ) [ 00000]
tmp_331         (and              ) [ 00000]
tmp_394         (zext             ) [ 00000]
out_addr        (getelementptr    ) [ 00000]
inp_load_s      (select           ) [ 00000]
stg_67          (store            ) [ 00000]
stg_68          (br               ) [ 00111]
</LifeTime>

<model>

<comp_list>
<comp id="0" class="1000" name="inp">
<pin_list>
<pin id="1" dir="1" index="0" bw="1" slack="0"/>
</pin_list>
<bind>
<StgValue><ssdm name="inp"/><MemPortTyVec>1 3 </MemPortTyVec>
</StgValue>
</bind>
</comp>

<comp id="2" class="1000" name="tmp_2">
<pin_list>
<pin id="3" dir="1" index="0" bw="1" slack="0"/>
</pin_list>
<bind>
<StgValue><ssdm name="tmp_2"/></StgValue>
</bind>
</comp>

<comp id="4" class="1000" name="out_r">
<pin_list>
<pin id="5" dir="1" index="0" bw="1" slack="0"/>
</pin_list>
<bind>
<StgValue><ssdm name="out_r"/><MemPortTyVec>0 3 </MemPortTyVec>
</StgValue>
</bind>
</comp>

<comp id="6" class="1000" name="tmp_21">
<pin_list>
<pin id="7" dir="1" index="0" bw="1" slack="0"/>
</pin_list>
<bind>
<StgValue><ssdm name="tmp_21"/></StgValue>
</bind>
</comp>

<comp id="8" class="1001" name="const_8">
<pin_list>
<pin id="9" dir="1" index="0" bw="1" slack="0"/>
</pin_list>
<bind>
<StgValue><ssdm name="_ssdm_op_Read.ap_auto.i3"/></StgValue>
</bind>
</comp>

<comp id="10" class="1001" name="const_10">
<pin_list>
<pin id="11" dir="1" index="0" bw="1" slack="0"/>
</pin_list>
<bind>
<StgValue><ssdm name="_ssdm_op_BitConcatenate.i8.i3.i5"/></StgValue>
</bind>
</comp>

<comp id="12" class="1001" name="const_12">
<pin_list>
<pin id="13" dir="1" index="0" bw="1" slack="0"/>
</pin_list>
<bind>
<StgValue><ssdm name=""/></StgValue>
</bind>
</comp>

<comp id="14" class="1001" name="const_14">
<pin_list>
<pin id="15" dir="1" index="0" bw="1" slack="0"/>
</pin_list>
<bind>
<StgValue><ssdm name="_ssdm_op_BitConcatenate.i6.i3.i3"/></StgValue>
</bind>
</comp>

<comp id="16" class="1001" name="const_16">
<pin_list>
<pin id="17" dir="1" index="0" bw="1" slack="0"/>
</pin_list>
<bind>
<StgValue><ssdm name=""/></StgValue>
</bind>
</comp>

<comp id="18" class="1001" name="const_18">
<pin_list>
<pin id="19" dir="1" index="0" bw="1" slack="0"/>
</pin_list>
<bind>
<StgValue><ssdm name=""/></StgValue>
</bind>
</comp>

<comp id="20" class="1001" name="const_20">
<pin_list>
<pin id="21" dir="1" index="0" bw="1" slack="2147483647"/>
</pin_list>
<bind>
<StgValue><ssdm name="_ssdm_op_SpecLoopTripCount"/></StgValue>
</bind>
</comp>

<comp id="22" class="1001" name="const_22">
<pin_list>
<pin id="23" dir="1" index="0" bw="1" slack="2147483647"/>
</pin_list>
<bind>
<StgValue><ssdm name=""/></StgValue>
</bind>
</comp>

<comp id="24" class="1001" name="const_24">
<pin_list>
<pin id="25" dir="1" index="0" bw="1" slack="0"/>
</pin_list>
<bind>
<StgValue><ssdm name=""/></StgValue>
</bind>
</comp>

<comp id="26" class="1001" name="const_26">
<pin_list>
<pin id="27" dir="1" index="0" bw="1" slack="2147483647"/>
</pin_list>
<bind>
<StgValue><ssdm name="_ssdm_op_SpecLoopName"/></StgValue>
</bind>
</comp>

<comp id="28" class="1001" name="const_28">
<pin_list>
<pin id="29" dir="1" index="0" bw="1" slack="2147483647"/>
</pin_list>
<bind>
<StgValue><ssdm name="p_str11"/></StgValue>
</bind>
</comp>

<comp id="30" class="1001" name="const_30">
<pin_list>
<pin id="31" dir="1" index="0" bw="1" slack="2147483647"/>
</pin_list>
<bind>
<StgValue><ssdm name="_ssdm_op_SpecRegionBegin"/></StgValue>
</bind>
</comp>

<comp id="32" class="1001" name="const_32">
<pin_list>
<pin id="33" dir="1" index="0" bw="1" slack="0"/>
</pin_list>
<bind>
<StgValue><ssdm name="_ssdm_op_BitConcatenate.i15.i10.i5"/></StgValue>
</bind>
</comp>

<comp id="34" class="1001" name="const_34">
<pin_list>
<pin id="35" dir="1" index="0" bw="1" slack="0"/>
</pin_list>
<bind>
<StgValue><ssdm name="_ssdm_op_BitConcatenate.i13.i10.i3"/></StgValue>
</bind>
</comp>

<comp id="36" class="1001" name="const_36">
<pin_list>
<pin id="37" dir="1" index="0" bw="1" slack="0"/>
</pin_list>
<bind>
<StgValue><ssdm name=""/></StgValue>
</bind>
</comp>

<comp id="38" class="1001" name="const_38">
<pin_list>
<pin id="39" dir="1" index="0" bw="1" slack="2147483647"/>
</pin_list>
<bind>
<StgValue><ssdm name="_ssdm_op_SpecRegionEnd"/></StgValue>
</bind>
</comp>

<comp id="40" class="1001" name="const_40">
<pin_list>
<pin id="41" dir="1" index="0" bw="1" slack="0"/>
</pin_list>
<bind>
<StgValue><ssdm name="_ssdm_op_PartSelect.i8.i32.i32.i32"/></StgValue>
</bind>
</comp>

<comp id="42" class="1001" name="const_42">
<pin_list>
<pin id="43" dir="1" index="0" bw="1" slack="0"/>
</pin_list>
<bind>
<StgValue><ssdm name=""/></StgValue>
</bind>
</comp>

<comp id="44" class="1001" name="const_44">
<pin_list>
<pin id="45" dir="1" index="0" bw="1" slack="0"/>
</pin_list>
<bind>
<StgValue><ssdm name=""/></StgValue>
</bind>
</comp>

<comp id="46" class="1001" name="const_46">
<pin_list>
<pin id="47" dir="1" index="0" bw="1" slack="0"/>
</pin_list>
<bind>
<StgValue><ssdm name=""/></StgValue>
</bind>
</comp>

<comp id="48" class="1001" name="const_48">
<pin_list>
<pin id="49" dir="1" index="0" bw="1" slack="0"/>
</pin_list>
<bind>
<StgValue><ssdm name=""/></StgValue>
</bind>
</comp>

<comp id="50" class="1001" name="const_50">
<pin_list>
<pin id="51" dir="1" index="0" bw="1" slack="0"/>
</pin_list>
<bind>
<StgValue><ssdm name=""/></StgValue>
</bind>
</comp>

<comp id="52" class="1004" name="tmp_21_read_read_fu_52">
<pin_list>
<pin id="53" dir="0" index="0" bw="3" slack="0"/>
<pin id="54" dir="0" index="1" bw="3" slack="0"/>
<pin id="55" dir="1" index="2" bw="3" slack="0"/>
</pin_list>
<bind>
<opcode="read(1150) " fcode="read"/>
<opset="tmp_21_read/1 "/>
</bind>
</comp>

<comp id="58" class="1004" name="tmp_2_read_read_fu_58">
<pin_list>
<pin id="59" dir="0" index="0" bw="3" slack="0"/>
<pin id="60" dir="0" index="1" bw="3" slack="0"/>
<pin id="61" dir="1" index="2" bw="3" slack="0"/>
</pin_list>
<bind>
<opcode="read(1150) " fcode="read"/>
<opset="tmp_2_read/1 "/>
</bind>
</comp>

<comp id="64" class="1004" name="inp_addr_gep_fu_64">
<pin_list>
<pin id="65" dir="0" index="0" bw="32" slack="0"/>
<pin id="66" dir="0" index="1" bw="1" slack="0"/>
<pin id="67" dir="0" index="2" bw="18" slack="0"/>
<pin id="68" dir="1" index="3" bw="12" slack="0"/>
</pin_list>
<bind>
<opcode="getelementptr(29) " fcode="getelementptr"/>
<opset="inp_addr/3 "/>
</bind>
</comp>

<comp id="71" class="1004" name="grp_access_fu_71">
<pin_list>
<pin id="72" dir="0" index="0" bw="12" slack="0"/>
<pin id="73" dir="0" index="1" bw="32" slack="2147483647"/>
<pin id="74" dir="1" index="2" bw="32" slack="0"/>
</pin_list>
<bind>
<opcode="load(27) " fcode="load"/>
<opset="inp_load/3 "/>
</bind>
</comp>

<comp id="76" class="1004" name="out_addr_gep_fu_76">
<pin_list>
<pin id="77" dir="0" index="0" bw="32" slack="0"/>
<pin id="78" dir="0" index="1" bw="1" slack="0"/>
<pin id="79" dir="0" index="2" bw="18" slack="0"/>
<pin id="80" dir="1" index="3" bw="12" slack="0"/>
</pin_list>
<bind>
<opcode="getelementptr(29) " fcode="getelementptr"/>
<opset="out_addr/4 "/>
</bind>
</comp>

<comp id="83" class="1004" name="stg_67_access_fu_83">
<pin_list>
<pin id="84" dir="0" index="0" bw="12" slack="0"/>
<pin id="85" dir="0" index="1" bw="32" slack="0"/>
<pin id="86" dir="1" index="2" bw="32" slack="2147483647"/>
</pin_list>
<bind>
<opcode="store(28) " fcode="store"/>
<opset="stg_67/4 "/>
</bind>
</comp>

<comp id="88" class="1005" name="i_reg_88">
<pin_list>
<pin id="89" dir="0" index="0" bw="5" slack="1"/>
<pin id="90" dir="1" index="1" bw="5" slack="1"/>
</pin_list>
<bind>
<opset="i (phireg) "/>
</bind>
</comp>

<comp id="92" class="1004" name="i_phi_fu_92">
<pin_list>
<pin id="93" dir="0" index="0" bw="1" slack="1"/>
<pin id="94" dir="0" index="1" bw="0" slack="2147483647"/>
<pin id="95" dir="0" index="2" bw="5" slack="0"/>
<pin id="96" dir="0" index="3" bw="0" slack="2147483647"/>
<pin id="97" dir="1" index="4" bw="5" slack="0"/>
</pin_list>
<bind>
<opcode="phi(47) " fcode="phi"/>
<opset="i/2 "/>
</bind>
</comp>

<comp id="99" class="1005" name="j_reg_99">
<pin_list>
<pin id="100" dir="0" index="0" bw="5" slack="1"/>
<pin id="101" dir="1" index="1" bw="5" slack="1"/>
</pin_list>
<bind>
<opset="j (phireg) "/>
</bind>
</comp>

<comp id="103" class="1004" name="j_phi_fu_103">
<pin_list>
<pin id="104" dir="0" index="0" bw="1" slack="1"/>
<pin id="105" dir="0" index="1" bw="0" slack="2147483647"/>
<pin id="106" dir="0" index="2" bw="5" slack="0"/>
<pin id="107" dir="0" index="3" bw="0" slack="2147483647"/>
<pin id="108" dir="1" index="4" bw="5" slack="0"/>
</pin_list>
<bind>
<opcode="phi(47) " fcode="phi"/>
<opset="j/3 "/>
</bind>
</comp>

<comp id="110" class="1004" name="tmp_330_fu_110">
<pin_list>
<pin id="111" dir="0" index="0" bw="32" slack="0"/>
<pin id="112" dir="0" index="1" bw="32" slack="0"/>
<pin id="113" dir="1" index="2" bw="1" slack="0"/>
</pin_list>
<bind>
<opcode="fcmp(46) " fcode="fcmp"/>
<opset="tmp_330/4 "/>
</bind>
</comp>

<comp id="116" class="1004" name="tmp_fu_116">
<pin_list>
<pin id="117" dir="0" index="0" bw="8" slack="0"/>
<pin id="118" dir="0" index="1" bw="3" slack="0"/>
<pin id="119" dir="0" index="2" bw="1" slack="0"/>
<pin id="120" dir="1" index="3" bw="8" slack="0"/>
</pin_list>
<bind>
<opcode="bitconcatenate(1004) " fcode="bitconcatenate"/>
<opset="tmp/1 "/>
</bind>
</comp>

<comp id="124" class="1004" name="p_shl9_cast_fu_124">
<pin_list>
<pin id="125" dir="0" index="0" bw="8" slack="0"/>
<pin id="126" dir="1" index="1" bw="9" slack="0"/>
</pin_list>
<bind>
<opcode="zext(34) " fcode="zext"/>
<opset="p_shl9_cast/1 "/>
</bind>
</comp>

<comp id="128" class="1004" name="tmp_385_fu_128">
<pin_list>
<pin id="129" dir="0" index="0" bw="6" slack="0"/>
<pin id="130" dir="0" index="1" bw="3" slack="0"/>
<pin id="131" dir="0" index="2" bw="1" slack="0"/>
<pin id="132" dir="1" index="3" bw="6" slack="0"/>
</pin_list>
<bind>
<opcode="bitconcatenate(1004) " fcode="bitconcatenate"/>
<opset="tmp_385/1 "/>
</bind>
</comp>

<comp id="136" class="1004" name="p_shl10_cast_fu_136">
<pin_list>
<pin id="137" dir="0" index="0" bw="6" slack="0"/>
<pin id="138" dir="1" index="1" bw="9" slack="0"/>
</pin_list>
<bind>
<opcode="zext(34) " fcode="zext"/>
<opset="p_shl10_cast/1 "/>
</bind>
</comp>

<comp id="140" class="1004" name="p_addr_fu_140">
<pin_list>
<pin id="141" dir="0" index="0" bw="8" slack="0"/>
<pin id="142" dir="0" index="1" bw="6" slack="0"/>
<pin id="143" dir="1" index="2" bw="9" slack="0"/>
</pin_list>
<bind>
<opcode="sub(10) " fcode="sub"/>
<opset="p_addr/1 "/>
</bind>
</comp>

<comp id="146" class="1004" name="p_addr_cast_fu_146">
<pin_list>
<pin id="147" dir="0" index="0" bw="9" slack="0"/>
<pin id="148" dir="1" index="1" bw="10" slack="1"/>
</pin_list>
<bind>
<opcode="sext(35) " fcode="sext"/>
<opset="p_addr_cast/1 "/>
</bind>
</comp>

<comp id="150" class="1004" name="tmp_386_fu_150">
<pin_list>
<pin id="151" dir="0" index="0" bw="8" slack="0"/>
<pin id="152" dir="0" index="1" bw="3" slack="0"/>
<pin id="153" dir="0" index="2" bw="1" slack="0"/>
<pin id="154" dir="1" index="3" bw="8" slack="0"/>
</pin_list>
<bind>
<opcode="bitconcatenate(1004) " fcode="bitconcatenate"/>
<opset="tmp_386/1 "/>
</bind>
</comp>

<comp id="158" class="1004" name="p_shl_cast_fu_158">
<pin_list>
<pin id="159" dir="0" index="0" bw="8" slack="0"/>
<pin id="160" dir="1" index="1" bw="9" slack="0"/>
</pin_list>
<bind>
<opcode="zext(34) " fcode="zext"/>
<opset="p_shl_cast/1 "/>
</bind>
</comp>

<comp id="162" class="1004" name="tmp_387_fu_162">
<pin_list>
<pin id="163" dir="0" index="0" bw="6" slack="0"/>
<pin id="164" dir="0" index="1" bw="3" slack="0"/>
<pin id="165" dir="0" index="2" bw="1" slack="0"/>
<pin id="166" dir="1" index="3" bw="6" slack="0"/>
</pin_list>
<bind>
<opcode="bitconcatenate(1004) " fcode="bitconcatenate"/>
<opset="tmp_387/1 "/>
</bind>
</comp>

<comp id="170" class="1004" name="p_shl11_cast_fu_170">
<pin_list>
<pin id="171" dir="0" index="0" bw="6" slack="0"/>
<pin id="172" dir="1" index="1" bw="9" slack="0"/>
</pin_list>
<bind>
<opcode="zext(34) " fcode="zext"/>
<opset="p_shl11_cast/1 "/>
</bind>
</comp>

<comp id="174" class="1004" name="p_addr12_fu_174">
<pin_list>
<pin id="175" dir="0" index="0" bw="8" slack="0"/>
<pin id="176" dir="0" index="1" bw="6" slack="0"/>
<pin id="177" dir="1" index="2" bw="9" slack="0"/>
</pin_list>
<bind>
<opcode="sub(10) " fcode="sub"/>
<opset="p_addr12/1 "/>
</bind>
</comp>

<comp id="180" class="1004" name="p_addr12_cast_fu_180">
<pin_list>
<pin id="181" dir="0" index="0" bw="9" slack="0"/>
<pin id="182" dir="1" index="1" bw="10" slack="1"/>
</pin_list>
<bind>
<opcode="sext(35) " fcode="sext"/>
<opset="p_addr12_cast/1 "/>
</bind>
</comp>

<comp id="184" class="1004" name="exitcond1_fu_184">
<pin_list>
<pin id="185" dir="0" index="0" bw="5" slack="0"/>
<pin id="186" dir="0" index="1" bw="4" slack="0"/>
<pin id="187" dir="1" index="2" bw="1" slack="2147483647"/>
</pin_list>
<bind>
<opcode="icmp(45) " fcode="icmp"/>
<opset="exitcond1/2 "/>
</bind>
</comp>

<comp id="190" class="1004" name="i_5_fu_190">
<pin_list>
<pin id="191" dir="0" index="0" bw="5" slack="0"/>
<pin id="192" dir="0" index="1" bw="1" slack="0"/>
<pin id="193" dir="1" index="2" bw="5" slack="0"/>
</pin_list>
<bind>
<opcode="add(8) " fcode="add"/>
<opset="i_5/2 "/>
</bind>
</comp>

<comp id="196" class="1004" name="tmp_trn_cast_fu_196">
<pin_list>
<pin id="197" dir="0" index="0" bw="5" slack="0"/>
<pin id="198" dir="1" index="1" bw="10" slack="0"/>
</pin_list>
<bind>
<opcode="zext(34) " fcode="zext"/>
<opset="tmp_trn_cast/2 "/>
</bind>
</comp>

<comp id="200" class="1004" name="p_addr1_fu_200">
<pin_list>
<pin id="201" dir="0" index="0" bw="9" slack="1"/>
<pin id="202" dir="0" index="1" bw="5" slack="0"/>
<pin id="203" dir="1" index="2" bw="10" slack="0"/>
</pin_list>
<bind>
<opcode="add(8) " fcode="add"/>
<opset="p_addr1/2 "/>
</bind>
</comp>

<comp id="205" class="1004" name="tmp_388_fu_205">
<pin_list>
<pin id="206" dir="0" index="0" bw="15" slack="0"/>
<pin id="207" dir="0" index="1" bw="10" slack="0"/>
<pin id="208" dir="0" index="2" bw="1" slack="0"/>
<pin id="209" dir="1" index="3" bw="15" slack="0"/>
</pin_list>
<bind>
<opcode="bitconcatenate(1004) " fcode="bitconcatenate"/>
<opset="tmp_388/2 "/>
</bind>
</comp>

<comp id="213" class="1004" name="p_shl_fu_213">
<pin_list>
<pin id="214" dir="0" index="0" bw="15" slack="0"/>
<pin id="215" dir="1" index="1" bw="32" slack="0"/>
</pin_list>
<bind>
<opcode="sext(35) " fcode="sext"/>
<opset="p_shl/2 "/>
</bind>
</comp>

<comp id="217" class="1004" name="tmp_389_fu_217">
<pin_list>
<pin id="218" dir="0" index="0" bw="13" slack="0"/>
<pin id="219" dir="0" index="1" bw="10" slack="0"/>
<pin id="220" dir="0" index="2" bw="1" slack="0"/>
<pin id="221" dir="1" index="3" bw="13" slack="0"/>
</pin_list>
<bind>
<opcode="bitconcatenate(1004) " fcode="bitconcatenate"/>
<opset="tmp_389/2 "/>
</bind>
</comp>

<comp id="225" class="1004" name="p_shl1_fu_225">
<pin_list>
<pin id="226" dir="0" index="0" bw="13" slack="0"/>
<pin id="227" dir="1" index="1" bw="32" slack="0"/>
</pin_list>
<bind>
<opcode="sext(35) " fcode="sext"/>
<opset="p_shl1/2 "/>
</bind>
</comp>

<comp id="229" class="1004" name="p_addr2_fu_229">
<pin_list>
<pin id="230" dir="0" index="0" bw="15" slack="0"/>
<pin id="231" dir="0" index="1" bw="13" slack="0"/>
<pin id="232" dir="1" index="2" bw="32" slack="1"/>
</pin_list>
<bind>
<opcode="sub(10) " fcode="sub"/>
<opset="p_addr2/2 "/>
</bind>
</comp>

<comp id="235" class="1004" name="p_addr13_fu_235">
<pin_list>
<pin id="236" dir="0" index="0" bw="9" slack="1"/>
<pin id="237" dir="0" index="1" bw="5" slack="0"/>
<pin id="238" dir="1" index="2" bw="10" slack="0"/>
</pin_list>
<bind>
<opcode="add(8) " fcode="add"/>
<opset="p_addr13/2 "/>
</bind>
</comp>

<comp id="240" class="1004" name="tmp_390_fu_240">
<pin_list>
<pin id="241" dir="0" index="0" bw="15" slack="0"/>
<pin id="242" dir="0" index="1" bw="10" slack="0"/>
<pin id="243" dir="0" index="2" bw="1" slack="0"/>
<pin id="244" dir="1" index="3" bw="15" slack="0"/>
</pin_list>
<bind>
<opcode="bitconcatenate(1004) " fcode="bitconcatenate"/>
<opset="tmp_390/2 "/>
</bind>
</comp>

<comp id="248" class="1004" name="p_shl2_fu_248">
<pin_list>
<pin id="249" dir="0" index="0" bw="15" slack="0"/>
<pin id="250" dir="1" index="1" bw="32" slack="0"/>
</pin_list>
<bind>
<opcode="sext(35) " fcode="sext"/>
<opset="p_shl2/2 "/>
</bind>
</comp>

<comp id="252" class="1004" name="tmp_391_fu_252">
<pin_list>
<pin id="253" dir="0" index="0" bw="13" slack="0"/>
<pin id="254" dir="0" index="1" bw="10" slack="0"/>
<pin id="255" dir="0" index="2" bw="1" slack="0"/>
<pin id="256" dir="1" index="3" bw="13" slack="0"/>
</pin_list>
<bind>
<opcode="bitconcatenate(1004) " fcode="bitconcatenate"/>
<opset="tmp_391/2 "/>
</bind>
</comp>

<comp id="260" class="1004" name="p_shl3_fu_260">
<pin_list>
<pin id="261" dir="0" index="0" bw="13" slack="0"/>
<pin id="262" dir="1" index="1" bw="32" slack="0"/>
</pin_list>
<bind>
<opcode="sext(35) " fcode="sext"/>
<opset="p_shl3/2 "/>
</bind>
</comp>

<comp id="264" class="1004" name="p_addr15_fu_264">
<pin_list>
<pin id="265" dir="0" index="0" bw="15" slack="0"/>
<pin id="266" dir="0" index="1" bw="13" slack="0"/>
<pin id="267" dir="1" index="2" bw="32" slack="1"/>
</pin_list>
<bind>
<opcode="sub(10) " fcode="sub"/>
<opset="p_addr15/2 "/>
</bind>
</comp>

<comp id="270" class="1004" name="exitcond_fu_270">
<pin_list>
<pin id="271" dir="0" index="0" bw="5" slack="0"/>
<pin id="272" dir="0" index="1" bw="4" slack="0"/>
<pin id="273" dir="1" index="2" bw="1" slack="2147483647"/>
</pin_list>
<bind>
<opcode="icmp(45) " fcode="icmp"/>
<opset="exitcond/3 "/>
</bind>
</comp>

<comp id="276" class="1004" name="j_1_fu_276">
<pin_list>
<pin id="277" dir="0" index="0" bw="5" slack="0"/>
<pin id="278" dir="0" index="1" bw="1" slack="0"/>
<pin id="279" dir="1" index="2" bw="5" slack="0"/>
</pin_list>
<bind>
<opcode="add(8) " fcode="add"/>
<opset="j_1/3 "/>
</bind>
</comp>

<comp id="282" class="1004" name="tmp_trn_fu_282">
<pin_list>
<pin id="283" dir="0" index="0" bw="5" slack="0"/>
<pin id="284" dir="1" index="1" bw="32" slack="0"/>
</pin_list>
<bind>
<opcode="zext(34) " fcode="zext"/>
<opset="tmp_trn/3 "/>
</bind>
</comp>

<comp id="286" class="1004" name="p_addr3_fu_286">
<pin_list>
<pin id="287" dir="0" index="0" bw="5" slack="0"/>
<pin id="288" dir="0" index="1" bw="16" slack="1"/>
<pin id="289" dir="1" index="2" bw="32" slack="0"/>
</pin_list>
<bind>
<opcode="add(8) " fcode="add"/>
<opset="p_addr3/3 "/>
</bind>
</comp>

<comp id="291" class="1004" name="tmp_392_fu_291">
<pin_list>
<pin id="292" dir="0" index="0" bw="18" slack="0"/>
<pin id="293" dir="1" index="1" bw="64" slack="0"/>
</pin_list>
<bind>
<opcode="zext(34) " fcode="zext"/>
<opset="tmp_392/3 "/>
</bind>
</comp>

<comp id="296" class="1004" name="p_addr16_fu_296">
<pin_list>
<pin id="297" dir="0" index="0" bw="5" slack="0"/>
<pin id="298" dir="0" index="1" bw="16" slack="1"/>
<pin id="299" dir="1" index="2" bw="32" slack="1"/>
</pin_list>
<bind>
<opcode="add(8) " fcode="add"/>
<opset="p_addr16/3 "/>
</bind>
</comp>

<comp id="301" class="1004" name="inp_load_to_int_fu_301">
<pin_list>
<pin id="302" dir="0" index="0" bw="32" slack="0"/>
<pin id="303" dir="1" index="1" bw="32" slack="0"/>
</pin_list>
<bind>
<opcode="bitcast(44) " fcode="bitcast"/>
<opset="inp_load_to_int/4 "/>
</bind>
</comp>

<comp id="305" class="1004" name="tmp_s_fu_305">
<pin_list>
<pin id="306" dir="0" index="0" bw="8" slack="0"/>
<pin id="307" dir="0" index="1" bw="32" slack="0"/>
<pin id="308" dir="0" index="2" bw="6" slack="0"/>
<pin id="309" dir="0" index="3" bw="6" slack="0"/>
<pin id="310" dir="1" index="4" bw="8" slack="0"/>
</pin_list>
<bind>
<opcode="partselect(1002) " fcode="partselect"/>
<opset="tmp_s/4 "/>
</bind>
</comp>

<comp id="315" class="1004" name="tmp_393_fu_315">
<pin_list>
<pin id="316" dir="0" index="0" bw="32" slack="0"/>
<pin id="317" dir="1" index="1" bw="23" slack="0"/>
</pin_list>
<bind>
<opcode="trunc(33) " fcode="trunc"/>
<opset="tmp_393/4 "/>
</bind>
</comp>

<comp id="319" class="1004" name="notlhs_fu_319">
<pin_list>
<pin id="320" dir="0" index="0" bw="8" slack="0"/>
<pin id="321" dir="0" index="1" bw="1" slack="0"/>
<pin id="322" dir="1" index="2" bw="1" slack="0"/>
</pin_list>
<bind>
<opcode="icmp(45) " fcode="icmp"/>
<opset="notlhs/4 "/>
</bind>
</comp>

<comp id="325" class="1004" name="notrhs_fu_325">
<pin_list>
<pin id="326" dir="0" index="0" bw="23" slack="0"/>
<pin id="327" dir="0" index="1" bw="1" slack="0"/>
<pin id="328" dir="1" index="2" bw="1" slack="0"/>
</pin_list>
<bind>
<opcode="icmp(45) " fcode="icmp"/>
<opset="notrhs/4 "/>
</bind>
</comp>

<comp id="331" class="1004" name="tmp_329_fu_331">
<pin_list>
<pin id="332" dir="0" index="0" bw="1" slack="0"/>
<pin id="333" dir="0" index="1" bw="1" slack="0"/>
<pin id="334" dir="1" index="2" bw="1" slack="0"/>
</pin_list>
<bind>
<opcode="or(24) " fcode="or"/>
<opset="tmp_329/4 "/>
</bind>
</comp>

<comp id="337" class="1004" name="tmp_331_fu_337">
<pin_list>
<pin id="338" dir="0" index="0" bw="1" slack="0"/>
<pin id="339" dir="0" index="1" bw="1" slack="0"/>
<pin id="340" dir="1" index="2" bw="1" slack="0"/>
</pin_list>
<bind>
<opcode="and(23) " fcode="and"/>
<opset="tmp_331/4 "/>
</bind>
</comp>

<comp id="343" class="1004" name="tmp_394_fu_343">
<pin_list>
<pin id="344" dir="0" index="0" bw="18" slack="1"/>
<pin id="345" dir="1" index="1" bw="64" slack="0"/>
</pin_list>
<bind>
<opcode="zext(34) " fcode="zext"/>
<opset="tmp_394/4 "/>
</bind>
</comp>

<comp id="347" class="1004" name="inp_load_s_fu_347">
<pin_list>
<pin id="348" dir="0" index="0" bw="1" slack="0"/>
<pin id="349" dir="0" index="1" bw="32" slack="0"/>
<pin id="350" dir="0" index="2" bw="32" slack="0"/>
<pin id="351" dir="1" index="3" bw="32" slack="0"/>
</pin_list>
<bind>
<opcode="select(49) " fcode="select"/>
<opset="inp_load_s/4 "/>
</bind>
</comp>

<comp id="356" class="1005" name="p_addr_cast_reg_356">
<pin_list>
<pin id="357" dir="0" index="0" bw="10" slack="1"/>
<pin id="358" dir="1" index="1" bw="10" slack="1"/>
</pin_list>
<bind>
<opset="p_addr_cast "/>
</bind>
</comp>

<comp id="361" class="1005" name="p_addr12_cast_reg_361">
<pin_list>
<pin id="362" dir="0" index="0" bw="10" slack="1"/>
<pin id="363" dir="1" index="1" bw="10" slack="1"/>
</pin_list>
<bind>
<opset="p_addr12_cast "/>
</bind>
</comp>

<comp id="369" class="1005" name="i_5_reg_369">
<pin_list>
<pin id="370" dir="0" index="0" bw="5" slack="0"/>
<pin id="371" dir="1" index="1" bw="5" slack="0"/>
</pin_list>
<bind>
<opset="i_5 "/>
</bind>
</comp>

<comp id="374" class="1005" name="p_addr2_reg_374">
<pin_list>
<pin id="375" dir="0" index="0" bw="32" slack="1"/>
<pin id="376" dir="1" index="1" bw="32" slack="1"/>
</pin_list>
<bind>
<opset="p_addr2 "/>
</bind>
</comp>

<comp id="379" class="1005" name="p_addr15_reg_379">
<pin_list>
<pin id="380" dir="0" index="0" bw="32" slack="1"/>
<pin id="381" dir="1" index="1" bw="32" slack="1"/>
</pin_list>
<bind>
<opset="p_addr15 "/>
</bind>
</comp>

<comp id="387" class="1005" name="j_1_reg_387">
<pin_list>
<pin id="388" dir="0" index="0" bw="5" slack="0"/>
<pin id="389" dir="1" index="1" bw="5" slack="0"/>
</pin_list>
<bind>
<opset="j_1 "/>
</bind>
</comp>

<comp id="392" class="1005" name="inp_addr_reg_392">
<pin_list>
<pin id="393" dir="0" index="0" bw="12" slack="1"/>
<pin id="394" dir="1" index="1" bw="12" slack="1"/>
</pin_list>
<bind>
<opset="inp_addr "/>
</bind>
</comp>

<comp id="397" class="1005" name="p_addr16_reg_397">
<pin_list>
<pin id="398" dir="0" index="0" bw="32" slack="1"/>
<pin id="399" dir="1" index="1" bw="32" slack="1"/>
</pin_list>
<bind>
<opset="p_addr16 "/>
</bind>
</comp>

</comp_list>

<net_list>
<net id="56"><net_src comp="8" pin="0"/><net_sink comp="52" pin=0"/></net>

<net id="57"><net_src comp="6" pin="0"/><net_sink comp="52" pin=1"/></net>

<net id="62"><net_src comp="8" pin="0"/><net_sink comp="58" pin=0"/></net>

<net id="63"><net_src comp="2" pin="0"/><net_sink comp="58" pin=1"/></net>

<net id="69"><net_src comp="0" pin="0"/><net_sink comp="64" pin=0"/></net>

<net id="70"><net_src comp="36" pin="0"/><net_sink comp="64" pin=1"/></net>

<net id="75"><net_src comp="64" pin="3"/><net_sink comp="71" pin=0"/></net>

<net id="81"><net_src comp="4" pin="0"/><net_sink comp="76" pin=0"/></net>

<net id="82"><net_src comp="36" pin="0"/><net_sink comp="76" pin=1"/></net>

<net id="87"><net_src comp="76" pin="3"/><net_sink comp="83" pin=0"/></net>

<net id="91"><net_src comp="12" pin="0"/><net_sink comp="88" pin=0"/></net>

<net id="98"><net_src comp="88" pin="1"/><net_sink comp="92" pin=0"/></net>

<net id="102"><net_src comp="12" pin="0"/><net_sink comp="99" pin=0"/></net>

<net id="109"><net_src comp="99" pin="1"/><net_sink comp="103" pin=0"/></net>

<net id="114"><net_src comp="71" pin="2"/><net_sink comp="110" pin=0"/></net>

<net id="115"><net_src comp="50" pin="0"/><net_sink comp="110" pin=1"/></net>

<net id="121"><net_src comp="10" pin="0"/><net_sink comp="116" pin=0"/></net>

<net id="122"><net_src comp="58" pin="2"/><net_sink comp="116" pin=1"/></net>

<net id="123"><net_src comp="12" pin="0"/><net_sink comp="116" pin=2"/></net>

<net id="127"><net_src comp="116" pin="3"/><net_sink comp="124" pin=0"/></net>

<net id="133"><net_src comp="14" pin="0"/><net_sink comp="128" pin=0"/></net>

<net id="134"><net_src comp="58" pin="2"/><net_sink comp="128" pin=1"/></net>

<net id="135"><net_src comp="16" pin="0"/><net_sink comp="128" pin=2"/></net>

<net id="139"><net_src comp="128" pin="3"/><net_sink comp="136" pin=0"/></net>

<net id="144"><net_src comp="124" pin="1"/><net_sink comp="140" pin=0"/></net>

<net id="145"><net_src comp="136" pin="1"/><net_sink comp="140" pin=1"/></net>

<net id="149"><net_src comp="140" pin="2"/><net_sink comp="146" pin=0"/></net>

<net id="155"><net_src comp="10" pin="0"/><net_sink comp="150" pin=0"/></net>

<net id="156"><net_src comp="52" pin="2"/><net_sink comp="150" pin=1"/></net>

<net id="157"><net_src comp="12" pin="0"/><net_sink comp="150" pin=2"/></net>

<net id="161"><net_src comp="150" pin="3"/><net_sink comp="158" pin=0"/></net>

<net id="167"><net_src comp="14" pin="0"/><net_sink comp="162" pin=0"/></net>

<net id="168"><net_src comp="52" pin="2"/><net_sink comp="162" pin=1"/></net>

<net id="169"><net_src comp="16" pin="0"/><net_sink comp="162" pin=2"/></net>

<net id="173"><net_src comp="162" pin="3"/><net_sink comp="170" pin=0"/></net>

<net id="178"><net_src comp="158" pin="1"/><net_sink comp="174" pin=0"/></net>

<net id="179"><net_src comp="170" pin="1"/><net_sink comp="174" pin=1"/></net>

<net id="183"><net_src comp="174" pin="2"/><net_sink comp="180" pin=0"/></net>

<net id="188"><net_src comp="92" pin="4"/><net_sink comp="184" pin=0"/></net>

<net id="189"><net_src comp="18" pin="0"/><net_sink comp="184" pin=1"/></net>

<net id="194"><net_src comp="92" pin="4"/><net_sink comp="190" pin=0"/></net>

<net id="195"><net_src comp="24" pin="0"/><net_sink comp="190" pin=1"/></net>

<net id="199"><net_src comp="92" pin="4"/><net_sink comp="196" pin=0"/></net>

<net id="204"><net_src comp="196" pin="1"/><net_sink comp="200" pin=1"/></net>

<net id="210"><net_src comp="32" pin="0"/><net_sink comp="205" pin=0"/></net>

<net id="211"><net_src comp="200" pin="2"/><net_sink comp="205" pin=1"/></net>

<net id="212"><net_src comp="12" pin="0"/><net_sink comp="205" pin=2"/></net>

<net id="216"><net_src comp="205" pin="3"/><net_sink comp="213" pin=0"/></net>

<net id="222"><net_src comp="34" pin="0"/><net_sink comp="217" pin=0"/></net>

<net id="223"><net_src comp="200" pin="2"/><net_sink comp="217" pin=1"/></net>

<net id="224"><net_src comp="16" pin="0"/><net_sink comp="217" pin=2"/></net>

<net id="228"><net_src comp="217" pin="3"/><net_sink comp="225" pin=0"/></net>

<net id="233"><net_src comp="213" pin="1"/><net_sink comp="229" pin=0"/></net>

<net id="234"><net_src comp="225" pin="1"/><net_sink comp="229" pin=1"/></net>

<net id="239"><net_src comp="196" pin="1"/><net_sink comp="235" pin=1"/></net>

<net id="245"><net_src comp="32" pin="0"/><net_sink comp="240" pin=0"/></net>

<net id="246"><net_src comp="235" pin="2"/><net_sink comp="240" pin=1"/></net>

<net id="247"><net_src comp="12" pin="0"/><net_sink comp="240" pin=2"/></net>

<net id="251"><net_src comp="240" pin="3"/><net_sink comp="248" pin=0"/></net>

<net id="257"><net_src comp="34" pin="0"/><net_sink comp="252" pin=0"/></net>

<net id="258"><net_src comp="235" pin="2"/><net_sink comp="252" pin=1"/></net>

<net id="259"><net_src comp="16" pin="0"/><net_sink comp="252" pin=2"/></net>

<net id="263"><net_src comp="252" pin="3"/><net_sink comp="260" pin=0"/></net>

<net id="268"><net_src comp="248" pin="1"/><net_sink comp="264" pin=0"/></net>

<net id="269"><net_src comp="260" pin="1"/><net_sink comp="264" pin=1"/></net>

<net id="274"><net_src comp="103" pin="4"/><net_sink comp="270" pin=0"/></net>

<net id="275"><net_src comp="18" pin="0"/><net_sink comp="270" pin=1"/></net>

<net id="280"><net_src comp="103" pin="4"/><net_sink comp="276" pin=0"/></net>

<net id="281"><net_src comp="24" pin="0"/><net_sink comp="276" pin=1"/></net>

<net id="285"><net_src comp="103" pin="4"/><net_sink comp="282" pin=0"/></net>

<net id="290"><net_src comp="282" pin="1"/><net_sink comp="286" pin=0"/></net>

<net id="294"><net_src comp="286" pin="2"/><net_sink comp="291" pin=0"/></net>

<net id="295"><net_src comp="291" pin="1"/><net_sink comp="64" pin=2"/></net>

<net id="300"><net_src comp="282" pin="1"/><net_sink comp="296" pin=0"/></net>

<net id="304"><net_src comp="71" pin="2"/><net_sink comp="301" pin=0"/></net>

<net id="311"><net_src comp="40" pin="0"/><net_sink comp="305" pin=0"/></net>

<net id="312"><net_src comp="301" pin="1"/><net_sink comp="305" pin=1"/></net>

<net id="313"><net_src comp="42" pin="0"/><net_sink comp="305" pin=2"/></net>

<net id="314"><net_src comp="44" pin="0"/><net_sink comp="305" pin=3"/></net>

<net id="318"><net_src comp="301" pin="1"/><net_sink comp="315" pin=0"/></net>

<net id="323"><net_src comp="305" pin="4"/><net_sink comp="319" pin=0"/></net>

<net id="324"><net_src comp="46" pin="0"/><net_sink comp="319" pin=1"/></net>

<net id="329"><net_src comp="315" pin="1"/><net_sink comp="325" pin=0"/></net>

<net id="330"><net_src comp="48" pin="0"/><net_sink comp="325" pin=1"/></net>

<net id="335"><net_src comp="325" pin="2"/><net_sink comp="331" pin=0"/></net>

<net id="336"><net_src comp="319" pin="2"/><net_sink comp="331" pin=1"/></net>

<net id="341"><net_src comp="331" pin="2"/><net_sink comp="337" pin=0"/></net>

<net id="342"><net_src comp="110" pin="2"/><net_sink comp="337" pin=1"/></net>

<net id="346"><net_src comp="343" pin="1"/><net_sink comp="76" pin=2"/></net>

<net id="352"><net_src comp="337" pin="2"/><net_sink comp="347" pin=0"/></net>

<net id="353"><net_src comp="71" pin="2"/><net_sink comp="347" pin=1"/></net>

<net id="354"><net_src comp="50" pin="0"/><net_sink comp="347" pin=2"/></net>

<net id="355"><net_src comp="347" pin="3"/><net_sink comp="83" pin=1"/></net>

<net id="359"><net_src comp="146" pin="1"/><net_sink comp="356" pin=0"/></net>

<net id="360"><net_src comp="356" pin="1"/><net_sink comp="200" pin=0"/></net>

<net id="364"><net_src comp="180" pin="1"/><net_sink comp="361" pin=0"/></net>

<net id="365"><net_src comp="361" pin="1"/><net_sink comp="235" pin=0"/></net>

<net id="372"><net_src comp="190" pin="2"/><net_sink comp="369" pin=0"/></net>

<net id="373"><net_src comp="369" pin="1"/><net_sink comp="92" pin=2"/></net>

<net id="377"><net_src comp="229" pin="2"/><net_sink comp="374" pin=0"/></net>

<net id="378"><net_src comp="374" pin="1"/><net_sink comp="286" pin=1"/></net>

<net id="382"><net_src comp="264" pin="2"/><net_sink comp="379" pin=0"/></net>

<net id="383"><net_src comp="379" pin="1"/><net_sink comp="296" pin=1"/></net>

<net id="390"><net_src comp="276" pin="2"/><net_sink comp="387" pin=0"/></net>

<net id="391"><net_src comp="387" pin="1"/><net_sink comp="103" pin=2"/></net>

<net id="395"><net_src comp="64" pin="3"/><net_sink comp="392" pin=0"/></net>

<net id="396"><net_src comp="392" pin="1"/><net_sink comp="71" pin=0"/></net>

<net id="400"><net_src comp="296" pin="2"/><net_sink comp="397" pin=0"/></net>

<net id="401"><net_src comp="397" pin="1"/><net_sink comp="343" pin=0"/></net>

</net_list>

</model> 
---------------- Datapath Model END ------------------

* FSMD analyzer results:
  - Output states:
  - Chain level:
	State 1
		p_shl9_cast : 1
		p_shl10_cast : 1
		p_addr : 2
		p_addr_cast : 3
		p_shl_cast : 1
		p_shl11_cast : 1
		p_addr12 : 2
		p_addr12_cast : 3
	State 2
		exitcond1 : 1
		i_5 : 1
		stg_24 : 2
		tmp_trn_cast : 1
		p_addr1 : 2
		tmp_388 : 3
		p_shl : 4
		tmp_389 : 3
		p_shl1 : 4
		p_addr2 : 5
		p_addr13 : 2
		tmp_390 : 3
		p_shl2 : 4
		tmp_391 : 3
		p_shl3 : 4
		p_addr15 : 5
	State 3
		exitcond : 1
		j_1 : 1
		stg_46 : 2
		tmp_trn : 1
		p_addr3 : 2
		tmp_392 : 3
		inp_addr : 4
		inp_load : 5
		p_addr16 : 2
	State 4
		inp_load_to_int : 1
		tmp_s : 2
		tmp_393 : 2
		notlhs : 3
		notrhs : 3
		tmp_329 : 4
		tmp_330 : 1
		tmp_331 : 4
		out_addr : 1
		inp_load_s : 4
		stg_67 : 5


============================================================
+ Verbose Summary: Datapath Resource usage 
============================================================

* Functional unit list:
|----------|------------------------|---------|---------|---------|
| Operation|     Functional Unit    |  DSP48E |    FF   |   LUT   |
|----------|------------------------|---------|---------|---------|
|   fcmp   |     tmp_330_fu_110     |    0    |    66   |   239   |
|----------|------------------------|---------|---------|---------|
|          |       i_5_fu_190       |    0    |    0    |    5    |
|          |     p_addr1_fu_200     |    0    |    0    |    9    |
|    add   |     p_addr13_fu_235    |    0    |    0    |    9    |
|          |       j_1_fu_276       |    0    |    0    |    5    |
|          |     p_addr3_fu_286     |    0    |    0    |    16   |
|          |     p_addr16_fu_296    |    0    |    0    |    16   |
|----------|------------------------|---------|---------|---------|
|          |      p_addr_fu_140     |    0    |    0    |    8    |
|    sub   |     p_addr12_fu_174    |    0    |    0    |    8    |
|          |     p_addr2_fu_229     |    0    |    0    |    15   |
|          |     p_addr15_fu_264    |    0    |    0    |    15   |
|----------|------------------------|---------|---------|---------|
|  select  |    inp_load_s_fu_347   |    0    |    0    |    32   |
|----------|------------------------|---------|---------|---------|
|          |    exitcond1_fu_184    |    0    |    0    |    2    |
|   icmp   |     exitcond_fu_270    |    0    |    0    |    2    |
|          |      notlhs_fu_319     |    0    |    0    |    3    |
|          |      notrhs_fu_325     |    0    |    0    |    8    |
|----------|------------------------|---------|---------|---------|
|    or    |     tmp_329_fu_331     |    0    |    0    |    1    |
|----------|------------------------|---------|---------|---------|
|    and   |     tmp_331_fu_337     |    0    |    0    |    1    |
|----------|------------------------|---------|---------|---------|
|   read   | tmp_21_read_read_fu_52 |    0    |    0    |    0    |
|          |  tmp_2_read_read_fu_58 |    0    |    0    |    0    |
|----------|------------------------|---------|---------|---------|
|          |       tmp_fu_116       |    0    |    0    |    0    |
|          |     tmp_385_fu_128     |    0    |    0    |    0    |
|          |     tmp_386_fu_150     |    0    |    0    |    0    |
|bitconcatenate|     tmp_387_fu_162     |    0    |    0    |    0    |
|          |     tmp_388_fu_205     |    0    |    0    |    0    |
|          |     tmp_389_fu_217     |    0    |    0    |    0    |
|          |     tmp_390_fu_240     |    0    |    0    |    0    |
|          |     tmp_391_fu_252     |    0    |    0    |    0    |
|----------|------------------------|---------|---------|---------|
|          |   p_shl9_cast_fu_124   |    0    |    0    |    0    |
|          |   p_shl10_cast_fu_136  |    0    |    0    |    0    |
|          |    p_shl_cast_fu_158   |    0    |    0    |    0    |
|   zext   |   p_shl11_cast_fu_170  |    0    |    0    |    0    |
|          |   tmp_trn_cast_fu_196  |    0    |    0    |    0    |
|          |     tmp_trn_fu_282     |    0    |    0    |    0    |
|          |     tmp_392_fu_291     |    0    |    0    |    0    |
|          |     tmp_394_fu_343     |    0    |    0    |    0    |
|----------|------------------------|---------|---------|---------|
|          |   p_addr_cast_fu_146   |    0    |    0    |    0    |
|          |  p_addr12_cast_fu_180  |    0    |    0    |    0    |
|   sext   |      p_shl_fu_213      |    0    |    0    |    0    |
|          |      p_shl1_fu_225     |    0    |    0    |    0    |
|          |      p_shl2_fu_248     |    0    |    0    |    0    |
|          |      p_shl3_fu_260     |    0    |    0    |    0    |
|----------|------------------------|---------|---------|---------|
|partselect|      tmp_s_fu_305      |    0    |    0    |    0    |
|----------|------------------------|---------|---------|---------|
|   trunc  |     tmp_393_fu_315     |    0    |    0    |    0    |
|----------|------------------------|---------|---------|---------|
|   Total  |                        |    0    |    66   |   394   |
|----------|------------------------|---------|---------|---------|

Memories:
N/A

* Register list:
+---------------------+--------+
|                     |   FF   |
+---------------------+--------+
|     i_5_reg_369     |    5   |
|       i_reg_88      |    5   |
|   inp_addr_reg_392  |   12   |
|     j_1_reg_387     |    5   |
|       j_reg_99      |    5   |
|p_addr12_cast_reg_361|   10   |
|   p_addr15_reg_379  |   32   |
|   p_addr16_reg_397  |   32   |
|   p_addr2_reg_374   |   32   |
| p_addr_cast_reg_356 |   10   |
+---------------------+--------+
|        Total        |   148  |
+---------------------+--------+

* Multiplexer (MUX) list: 
|------------------|------|------|------|--------||---------||---------|
|       Comp       |  Pin | Size |  BW  | S x BW ||  Delay  ||   LUT   |
|------------------|------|------|------|--------||---------||---------|
| grp_access_fu_71 |  p0  |   2  |  12  |   24   ||    12   |
|------------------|------|------|------|--------||---------||---------|
|       Total      |      |      |      |   24   ||  1.571  ||    12   |
|------------------|------|------|------|--------||---------||---------|



* Summary:
+-----------+--------+--------+--------+--------+
|           | DSP48E |  Delay |   FF   |   LUT  |
+-----------+--------+--------+--------+--------+
|  Function |    0   |    -   |   66   |   394  |
|   Memory  |    -   |    -   |    -   |    -   |
|Multiplexer|    -   |    1   |    -   |   12   |
|  Register |    -   |    -   |   148  |    -   |
+-----------+--------+--------+--------+--------+
|   Total   |    0   |    1   |   214  |   406  |
+-----------+--------+--------+--------+--------+
