

================================================================
== Vivado HLS Report for 'obj_detector_FCL'
================================================================
* Date:           Wed Nov 30 03:19:25 2016

* Version:        2015.2 (Build 1266856 on Fri Jun 26 16:57:37 PM 2015)
* Project:        proj1_hls
* Solution:       solution1
* Product family: zynq
* Target device:  xc7z020clg484-1


================================================================
== Performance Estimates
================================================================
+ Timing (ns): 
    * Summary: 
    +--------+-------+----------+------------+
    |  Clock | Target| Estimated| Uncertainty|
    +--------+-------+----------+------------+
    |ap_clk  |  10.00|      8.41|        1.25|
    +--------+-------+----------+------------+

+ Latency (clock cycles): 
    * Summary: 
    +------+------+------+------+---------+
    |   Latency   |   Interval  | Pipeline|
    |  min |  max |  min |  max |   Type  |
    +------+------+------+------+---------+
    |  4326|  4326|  4326|  4326|   none  |
    +------+------+------+------+---------+

    + Detail: 
        * Instance: 
        N/A

        * Loop: 
        +--------------+------+------+----------+-----------+-----------+------+----------+
        |              |   Latency   | Iteration|  Initiation Interval  | Trip |          |
        |   Loop Name  |  min |  max |  Latency |  achieved |   target  | Count| Pipelined|
        +--------------+------+------+----------+-----------+-----------+------+----------+
        |- FCL_label8  |  4324|  4324|        10|          5|          1|   864|    yes   |
        +--------------+------+------+----------+-----------+-----------+------+----------+



================================================================
== Utilization Estimates
================================================================
* Summary: 
+-----------------+---------+-------+--------+-------+
|       Name      | BRAM_18K| DSP48E|   FF   |  LUT  |
+-----------------+---------+-------+--------+-------+
|Expression       |        -|      -|       -|      -|
|FIFO             |        -|      -|       -|      -|
|Instance         |        -|      -|       -|      -|
|Memory           |        -|      -|       -|      -|
|Multiplexer      |        -|      -|       -|      -|
|Register         |        -|      -|       -|      -|
+-----------------+---------+-------+--------+-------+
|Total            |        0|      0|       0|      0|
+-----------------+---------+-------+--------+-------+
|Available        |      280|    220|  106400|  53200|
+-----------------+---------+-------+--------+-------+
|Utilization (%)  |        0|      0|       0|      0|
+-----------------+---------+-------+--------+-------+

+ Detail: 
    * Instance: 
    N/A

    * Memory: 
    N/A

    * FIFO: 
    N/A

    * Expression: 
    N/A

    * Multiplexer: 
    N/A

    * Register: 
    N/A



================================================================
== Interface
================================================================
* Summary: 
N/A

============================================================
+ Verbose Summary: Synthesis Manager
============================================================
InlineROM: 1
ExposeGlobal: 0
============================================================
+ Verbose Summary: CDFG Model
============================================================
IsTopModel: 0
ResetActiveHigh: 1
IsCombinational: 0
IsDatapathOnly: 0
HasWiredReturn: 1
HasMFsm: 0
HasVarLatency: 1
IsPipeline: 0
IsRtlPipelined: 0
IsInstanceOverlapped: 0
IsDontTouch: 0
HasImplIP: 0
IsGatedGlobalClock: 0

+ Individual pipeline summary: 
  * Pipeline-0: initiation interval (II) = 5, depth = 10


============================================================
+ Verbose Summary: Schedule
============================================================
* Number of FSM states: 12
* Pipeline: 1
  Pipeline-0: II = 5, D = 10, States = { 2 3 4 5 6 7 8 9 10 11 }
* Dataflow Pipeline: 0

* FSM state transitions: 
1 --> 
	2  / true
2 --> 
	12  / (exitcond)
	3  / (!exitcond)
3 --> 
	4  / true
4 --> 
	5  / true
5 --> 
	6  / true
6 --> 
	7  / true
7 --> 
	8  / true
8 --> 
	9  / true
9 --> 
	10  / true
10 --> 
	11  / true
11 --> 
	2  / true
12 --> 
* FSM state operations: 

 <State 1>: 2.41ns
ST_1: stg_13 [1/1] 0.00ns
:0  call void (...)* @_ssdm_op_SpecInterface([1728 x float]* %W, [5 x i8]* @p_str2, i32 0, i32 0, i32 0, i32 0, [1 x i8]* @p_str, [1 x i8]* @p_str, [1 x i8]* @p_str) nounwind

ST_1: W_offset_read [1/1] 1.04ns
:1  %W_offset_read = call i1 @_ssdm_op_Read.ap_auto.i1(i1 %W_offset)

ST_1: tmp_16_cast [1/1] 1.37ns
:2  %tmp_16_cast = select i1 %W_offset_read, i11 864, i11 0

ST_1: stg_16 [1/1] 1.57ns
:3  br label %1


 <State 2>: 4.55ns
ST_2: out [1/1] 0.00ns
:0  %out = phi float [ 0.000000e+00, %0 ], [ %out_1, %2 ]

ST_2: i [1/1] 0.00ns
:1  %i = phi i10 [ 0, %0 ], [ %i_5, %2 ]

ST_2: exitcond [1/1] 2.07ns
:2  %exitcond = icmp eq i10 %i, -160

ST_2: i_5 [1/1] 1.84ns
:3  %i_5 = add i10 %i, 1

ST_2: stg_21 [1/1] 0.00ns
:4  br i1 %exitcond, label %3, label %2

ST_2: tmp [1/1] 0.00ns
:4  %tmp = zext i10 %i to i64

ST_2: inp_addr [1/1] 0.00ns
:5  %inp_addr = getelementptr [864 x float]* %inp, i64 0, i64 %tmp

ST_2: inp_load [2/2] 2.71ns
:6  %inp_load = load float* %inp_addr, align 4

ST_2: tmp_trn_cast [1/1] 0.00ns
:7  %tmp_trn_cast = zext i10 %i to i11

ST_2: p_addr1 [1/1] 1.84ns
:8  %p_addr1 = add i11 %tmp_trn_cast, %tmp_16_cast

ST_2: tmp_16 [1/1] 0.00ns
:9  %tmp_16 = zext i11 %p_addr1 to i64

ST_2: W_addr [1/1] 0.00ns
:10  %W_addr = getelementptr [1728 x float]* %W, i64 0, i64 %tmp_16

ST_2: W_load [2/2] 2.71ns
:11  %W_load = load float* %W_addr, align 4


 <State 3>: 8.41ns
ST_3: inp_load [1/2] 2.71ns
:6  %inp_load = load float* %inp_addr, align 4

ST_3: W_load [1/2] 2.71ns
:11  %W_load = load float* %W_addr, align 4

ST_3: tmp_s [4/4] 5.70ns
:12  %tmp_s = fmul float %inp_load, %W_load


 <State 4>: 5.70ns
ST_4: tmp_s [3/4] 5.70ns
:12  %tmp_s = fmul float %inp_load, %W_load


 <State 5>: 5.70ns
ST_5: tmp_s [2/4] 5.70ns
:12  %tmp_s = fmul float %inp_load, %W_load


 <State 6>: 5.70ns
ST_6: tmp_s [1/4] 5.70ns
:12  %tmp_s = fmul float %inp_load, %W_load


 <State 7>: 7.26ns
ST_7: out_1 [5/5] 7.26ns
:13  %out_1 = fadd float %out, %tmp_s


 <State 8>: 7.26ns
ST_8: out_1 [4/5] 7.26ns
:13  %out_1 = fadd float %out, %tmp_s


 <State 9>: 7.26ns
ST_9: out_1 [3/5] 7.26ns
:13  %out_1 = fadd float %out, %tmp_s


 <State 10>: 7.26ns
ST_10: out_1 [2/5] 7.26ns
:13  %out_1 = fadd float %out, %tmp_s


 <State 11>: 7.26ns
ST_11: empty [1/1] 0.00ns
:0  %empty = call i32 (...)* @_ssdm_op_SpecLoopTripCount(i64 864, i64 864, i64 864)

ST_11: stg_41 [1/1] 0.00ns
:1  call void (...)* @_ssdm_op_SpecLoopName([11 x i8]* @p_str14) nounwind

ST_11: tmp_6 [1/1] 0.00ns
:2  %tmp_6 = call i32 (...)* @_ssdm_op_SpecRegionBegin([11 x i8]* @p_str14)

ST_11: stg_43 [1/1] 0.00ns
:3  call void (...)* @_ssdm_op_SpecPipeline(i32 1, i32 1, i32 1, i32 0, [1 x i8]* @p_str) nounwind

ST_11: out_1 [1/5] 7.26ns
:13  %out_1 = fadd float %out, %tmp_s

ST_11: empty_11 [1/1] 0.00ns
:14  %empty_11 = call i32 (...)* @_ssdm_op_SpecRegionEnd([11 x i8]* @p_str14, i32 %tmp_6)

ST_11: stg_46 [1/1] 0.00ns
:15  br label %1


 <State 12>: 0.00ns
ST_12: stg_47 [1/1] 0.00ns
:0  ret float %out



============================================================
+ Verbose Summary: Binding
============================================================
STG Binding: 
---------------- STG Properties BEGIN ----------------
- Is combinational: 0
- Is one-state seq: 0
- Is datapath-only: 0
- Is clock enabled: 0
- Is pipelined: 0
- Is top level: 0
Port [ Return ] is wired: 1; IO mode=ap_ctrl_hs:ce=0
Port [ inp]:  wired=1; compound=1; hidden=0; nouse=0; global=0; static=0; extern=0; dir=0; type=1; mode=0x1f2de982fe0; pingpong=0; private_global=0; MemPort=[13]; IO mode=ap_memory:ce=0
Port [ W]:  wired=1; compound=1; hidden=0; nouse=0; global=0; static=0; extern=0; dir=0; type=1; mode=0x1f2de983970; pingpong=0; private_global=0; MemPort=[13]; IO mode=bram:ce=0
Port [ W_offset]:  wired=1; compound=0; hidden=0; nouse=0; global=0; static=0; extern=0; dir=0; type=0; mode=0x1f2de983220; pingpong=0; private_global=0; IO mode=ap_none:ce=0
---------------- STG Properties END ------------------

---------------- Datapath Model BEGIN ----------------

<LifeTime>
<method=bitvector/>
stg_13        (specinterface    ) [ 0000000000000]
W_offset_read (read             ) [ 0000000000000]
tmp_16_cast   (select           ) [ 0011111111110]
stg_16        (br               ) [ 0111111111110]
out           (phi              ) [ 0011111111111]
i             (phi              ) [ 0010000000000]
exitcond      (icmp             ) [ 0011111111110]
i_5           (add              ) [ 0111111111110]
stg_21        (br               ) [ 0000000000000]
tmp           (zext             ) [ 0000000000000]
inp_addr      (getelementptr    ) [ 0001000000000]
tmp_trn_cast  (zext             ) [ 0000000000000]
p_addr1       (add              ) [ 0000000000000]
tmp_16        (zext             ) [ 0000000000000]
W_addr        (getelementptr    ) [ 0001000000000]
inp_load      (load             ) [ 0000111000000]
W_load        (load             ) [ 0000111000000]
tmp_s         (fmul             ) [ 0011111111110]
empty         (speclooptripcount) [ 0000000000000]
stg_41        (specloopname     ) [ 0000000000000]
tmp_6         (specregionbegin  ) [ 0000000000000]
stg_43        (specpipeline     ) [ 0000000000000]
out_1         (fadd             ) [ 0111111111110]
empty_11      (specregionend    ) [ 0000000000000]
stg_46        (br               ) [ 0111111111110]
stg_47        (ret              ) [ 0000000000000]
</LifeTime>

<model>

<comp_list>
<comp id="0" class="1000" name="inp">
<pin_list>
<pin id="1" dir="1" index="0" bw="1" slack="0"/>
</pin_list>
<bind>
<StgValue><ssdm name="inp"/><MemPortTyVec>1 3 </MemPortTyVec>
</StgValue>
</bind>
</comp>

<comp id="2" class="1000" name="W">
<pin_list>
<pin id="3" dir="1" index="0" bw="1" slack="0"/>
</pin_list>
<bind>
<StgValue><ssdm name="W"/><MemPortTyVec>1 3 </MemPortTyVec>
</StgValue>
</bind>
</comp>

<comp id="4" class="1000" name="W_offset">
<pin_list>
<pin id="5" dir="1" index="0" bw="1" slack="0"/>
</pin_list>
<bind>
<StgValue><ssdm name="W_offset"/></StgValue>
</bind>
</comp>

<comp id="6" class="1001" name="const_6">
<pin_list>
<pin id="7" dir="1" index="0" bw="1" slack="2147483647"/>
</pin_list>
<bind>
<StgValue><ssdm name="_ssdm_op_SpecInterface"/></StgValue>
</bind>
</comp>

<comp id="8" class="1001" name="const_8">
<pin_list>
<pin id="9" dir="1" index="0" bw="1" slack="2147483647"/>
</pin_list>
<bind>
<StgValue><ssdm name="p_str2"/></StgValue>
</bind>
</comp>

<comp id="10" class="1001" name="const_10">
<pin_list>
<pin id="11" dir="1" index="0" bw="1" slack="2147483647"/>
</pin_list>
<bind>
<StgValue><ssdm name=""/></StgValue>
</bind>
</comp>

<comp id="12" class="1001" name="const_12">
<pin_list>
<pin id="13" dir="1" index="0" bw="1" slack="2147483647"/>
</pin_list>
<bind>
<StgValue><ssdm name="p_str"/></StgValue>
</bind>
</comp>

<comp id="14" class="1001" name="const_14">
<pin_list>
<pin id="15" dir="1" index="0" bw="1" slack="0"/>
</pin_list>
<bind>
<StgValue><ssdm name="_ssdm_op_Read.ap_auto.i1"/></StgValue>
</bind>
</comp>

<comp id="16" class="1001" name="const_16">
<pin_list>
<pin id="17" dir="1" index="0" bw="1" slack="0"/>
</pin_list>
<bind>
<StgValue><ssdm name=""/></StgValue>
</bind>
</comp>

<comp id="18" class="1001" name="const_18">
<pin_list>
<pin id="19" dir="1" index="0" bw="1" slack="0"/>
</pin_list>
<bind>
<StgValue><ssdm name=""/></StgValue>
</bind>
</comp>

<comp id="20" class="1001" name="const_20">
<pin_list>
<pin id="21" dir="1" index="0" bw="1" slack="1"/>
</pin_list>
<bind>
<StgValue><ssdm name=""/></StgValue>
</bind>
</comp>

<comp id="22" class="1001" name="const_22">
<pin_list>
<pin id="23" dir="1" index="0" bw="1" slack="1"/>
</pin_list>
<bind>
<StgValue><ssdm name=""/></StgValue>
</bind>
</comp>

<comp id="24" class="1001" name="const_24">
<pin_list>
<pin id="25" dir="1" index="0" bw="1" slack="0"/>
</pin_list>
<bind>
<StgValue><ssdm name=""/></StgValue>
</bind>
</comp>

<comp id="26" class="1001" name="const_26">
<pin_list>
<pin id="27" dir="1" index="0" bw="1" slack="0"/>
</pin_list>
<bind>
<StgValue><ssdm name=""/></StgValue>
</bind>
</comp>

<comp id="28" class="1001" name="const_28">
<pin_list>
<pin id="29" dir="1" index="0" bw="1" slack="0"/>
</pin_list>
<bind>
<StgValue><ssdm name=""/></StgValue>
</bind>
</comp>

<comp id="30" class="1001" name="const_30">
<pin_list>
<pin id="31" dir="1" index="0" bw="1" slack="2147483647"/>
</pin_list>
<bind>
<StgValue><ssdm name="_ssdm_op_SpecLoopTripCount"/></StgValue>
</bind>
</comp>

<comp id="32" class="1001" name="const_32">
<pin_list>
<pin id="33" dir="1" index="0" bw="1" slack="2147483647"/>
</pin_list>
<bind>
<StgValue><ssdm name=""/></StgValue>
</bind>
</comp>

<comp id="34" class="1001" name="const_34">
<pin_list>
<pin id="35" dir="1" index="0" bw="1" slack="2147483647"/>
</pin_list>
<bind>
<StgValue><ssdm name="_ssdm_op_SpecLoopName"/></StgValue>
</bind>
</comp>

<comp id="36" class="1001" name="const_36">
<pin_list>
<pin id="37" dir="1" index="0" bw="1" slack="2147483647"/>
</pin_list>
<bind>
<StgValue><ssdm name="p_str14"/></StgValue>
</bind>
</comp>

<comp id="38" class="1001" name="const_38">
<pin_list>
<pin id="39" dir="1" index="0" bw="1" slack="2147483647"/>
</pin_list>
<bind>
<StgValue><ssdm name="_ssdm_op_SpecRegionBegin"/></StgValue>
</bind>
</comp>

<comp id="40" class="1001" name="const_40">
<pin_list>
<pin id="41" dir="1" index="0" bw="1" slack="2147483647"/>
</pin_list>
<bind>
<StgValue><ssdm name="_ssdm_op_SpecPipeline"/></StgValue>
</bind>
</comp>

<comp id="42" class="1001" name="const_42">
<pin_list>
<pin id="43" dir="1" index="0" bw="1" slack="2147483647"/>
</pin_list>
<bind>
<StgValue><ssdm name=""/></StgValue>
</bind>
</comp>

<comp id="44" class="1001" name="const_44">
<pin_list>
<pin id="45" dir="1" index="0" bw="1" slack="2147483647"/>
</pin_list>
<bind>
<StgValue><ssdm name="_ssdm_op_SpecRegionEnd"/></StgValue>
</bind>
</comp>

<comp id="46" class="1004" name="W_offset_read_read_fu_46">
<pin_list>
<pin id="47" dir="0" index="0" bw="1" slack="0"/>
<pin id="48" dir="0" index="1" bw="1" slack="0"/>
<pin id="49" dir="1" index="2" bw="1" slack="0"/>
</pin_list>
<bind>
<opcode="read(1150) " fcode="read"/>
<opset="W_offset_read/1 "/>
</bind>
</comp>

<comp id="52" class="1004" name="inp_addr_gep_fu_52">
<pin_list>
<pin id="53" dir="0" index="0" bw="32" slack="0"/>
<pin id="54" dir="0" index="1" bw="1" slack="0"/>
<pin id="55" dir="0" index="2" bw="10" slack="0"/>
<pin id="56" dir="1" index="3" bw="10" slack="0"/>
</pin_list>
<bind>
<opcode="getelementptr(29) " fcode="getelementptr"/>
<opset="inp_addr/2 "/>
</bind>
</comp>

<comp id="59" class="1004" name="grp_access_fu_59">
<pin_list>
<pin id="60" dir="0" index="0" bw="10" slack="0"/>
<pin id="61" dir="0" index="1" bw="32" slack="2147483647"/>
<pin id="62" dir="1" index="2" bw="32" slack="0"/>
</pin_list>
<bind>
<opcode="load(27) " fcode="load"/>
<opset="inp_load/2 "/>
</bind>
</comp>

<comp id="64" class="1004" name="W_addr_gep_fu_64">
<pin_list>
<pin id="65" dir="0" index="0" bw="32" slack="0"/>
<pin id="66" dir="0" index="1" bw="1" slack="0"/>
<pin id="67" dir="0" index="2" bw="11" slack="0"/>
<pin id="68" dir="1" index="3" bw="11" slack="0"/>
</pin_list>
<bind>
<opcode="getelementptr(29) " fcode="getelementptr"/>
<opset="W_addr/2 "/>
</bind>
</comp>

<comp id="71" class="1004" name="grp_access_fu_71">
<pin_list>
<pin id="72" dir="0" index="0" bw="11" slack="0"/>
<pin id="73" dir="0" index="1" bw="32" slack="2147483647"/>
<pin id="74" dir="1" index="2" bw="32" slack="0"/>
</pin_list>
<bind>
<opcode="load(27) " fcode="load"/>
<opset="W_load/2 "/>
</bind>
</comp>

<comp id="76" class="1005" name="out_reg_76">
<pin_list>
<pin id="77" dir="0" index="0" bw="32" slack="1"/>
<pin id="78" dir="1" index="1" bw="32" slack="1"/>
</pin_list>
<bind>
<opset="out (phireg) "/>
</bind>
</comp>

<comp id="80" class="1004" name="out_phi_fu_80">
<pin_list>
<pin id="81" dir="0" index="0" bw="32" slack="1"/>
<pin id="82" dir="0" index="1" bw="0" slack="2147483647"/>
<pin id="83" dir="0" index="2" bw="32" slack="1"/>
<pin id="84" dir="0" index="3" bw="0" slack="2147483647"/>
<pin id="85" dir="1" index="4" bw="32" slack="1"/>
</pin_list>
<bind>
<opcode="phi(47) " fcode="phi"/>
<opset="out/2 "/>
</bind>
</comp>

<comp id="88" class="1005" name="i_reg_88">
<pin_list>
<pin id="89" dir="0" index="0" bw="10" slack="1"/>
<pin id="90" dir="1" index="1" bw="10" slack="1"/>
</pin_list>
<bind>
<opset="i (phireg) "/>
</bind>
</comp>

<comp id="92" class="1004" name="i_phi_fu_92">
<pin_list>
<pin id="93" dir="0" index="0" bw="1" slack="1"/>
<pin id="94" dir="0" index="1" bw="0" slack="2147483647"/>
<pin id="95" dir="0" index="2" bw="10" slack="0"/>
<pin id="96" dir="0" index="3" bw="0" slack="2147483647"/>
<pin id="97" dir="1" index="4" bw="10" slack="0"/>
</pin_list>
<bind>
<opcode="phi(47) " fcode="phi"/>
<opset="i/2 "/>
</bind>
</comp>

<comp id="99" class="1004" name="grp_fu_99">
<pin_list>
<pin id="100" dir="0" index="0" bw="32" slack="5"/>
<pin id="101" dir="0" index="1" bw="32" slack="1"/>
<pin id="102" dir="1" index="2" bw="32" slack="1"/>
</pin_list>
<bind>
<opcode="fadd(9) " fcode="fadd"/>
<opset="out_1/7 "/>
</bind>
</comp>

<comp id="104" class="1004" name="grp_fu_104">
<pin_list>
<pin id="105" dir="0" index="0" bw="32" slack="0"/>
<pin id="106" dir="0" index="1" bw="32" slack="0"/>
<pin id="107" dir="1" index="2" bw="32" slack="1"/>
</pin_list>
<bind>
<opcode="fmul(13) " fcode="fmul"/>
<opset="tmp_s/3 "/>
</bind>
</comp>

<comp id="110" class="1004" name="tmp_16_cast_fu_110">
<pin_list>
<pin id="111" dir="0" index="0" bw="1" slack="0"/>
<pin id="112" dir="0" index="1" bw="11" slack="0"/>
<pin id="113" dir="0" index="2" bw="1" slack="0"/>
<pin id="114" dir="1" index="3" bw="11" slack="1"/>
</pin_list>
<bind>
<opcode="select(49) " fcode="select"/>
<opset="tmp_16_cast/1 "/>
</bind>
</comp>

<comp id="118" class="1004" name="exitcond_fu_118">
<pin_list>
<pin id="119" dir="0" index="0" bw="10" slack="0"/>
<pin id="120" dir="0" index="1" bw="9" slack="0"/>
<pin id="121" dir="1" index="2" bw="1" slack="1"/>
</pin_list>
<bind>
<opcode="icmp(45) " fcode="icmp"/>
<opset="exitcond/2 "/>
</bind>
</comp>

<comp id="124" class="1004" name="i_5_fu_124">
<pin_list>
<pin id="125" dir="0" index="0" bw="10" slack="0"/>
<pin id="126" dir="0" index="1" bw="1" slack="0"/>
<pin id="127" dir="1" index="2" bw="10" slack="0"/>
</pin_list>
<bind>
<opcode="add(8) " fcode="add"/>
<opset="i_5/2 "/>
</bind>
</comp>

<comp id="130" class="1004" name="tmp_fu_130">
<pin_list>
<pin id="131" dir="0" index="0" bw="10" slack="0"/>
<pin id="132" dir="1" index="1" bw="64" slack="0"/>
</pin_list>
<bind>
<opcode="zext(34) " fcode="zext"/>
<opset="tmp/2 "/>
</bind>
</comp>

<comp id="135" class="1004" name="tmp_trn_cast_fu_135">
<pin_list>
<pin id="136" dir="0" index="0" bw="10" slack="0"/>
<pin id="137" dir="1" index="1" bw="11" slack="0"/>
</pin_list>
<bind>
<opcode="zext(34) " fcode="zext"/>
<opset="tmp_trn_cast/2 "/>
</bind>
</comp>

<comp id="139" class="1004" name="p_addr1_fu_139">
<pin_list>
<pin id="140" dir="0" index="0" bw="10" slack="0"/>
<pin id="141" dir="0" index="1" bw="11" slack="1"/>
<pin id="142" dir="1" index="2" bw="11" slack="0"/>
</pin_list>
<bind>
<opcode="add(8) " fcode="add"/>
<opset="p_addr1/2 "/>
</bind>
</comp>

<comp id="144" class="1004" name="tmp_16_fu_144">
<pin_list>
<pin id="145" dir="0" index="0" bw="11" slack="0"/>
<pin id="146" dir="1" index="1" bw="64" slack="0"/>
</pin_list>
<bind>
<opcode="zext(34) " fcode="zext"/>
<opset="tmp_16/2 "/>
</bind>
</comp>

<comp id="149" class="1005" name="tmp_16_cast_reg_149">
<pin_list>
<pin id="150" dir="0" index="0" bw="11" slack="1"/>
<pin id="151" dir="1" index="1" bw="11" slack="1"/>
</pin_list>
<bind>
<opset="tmp_16_cast "/>
</bind>
</comp>

<comp id="154" class="1005" name="exitcond_reg_154">
<pin_list>
<pin id="155" dir="0" index="0" bw="1" slack="1"/>
<pin id="156" dir="1" index="1" bw="1" slack="2147483647"/>
</pin_list>
<bind>
<opset="exitcond "/>
</bind>
</comp>

<comp id="158" class="1005" name="i_5_reg_158">
<pin_list>
<pin id="159" dir="0" index="0" bw="10" slack="0"/>
<pin id="160" dir="1" index="1" bw="10" slack="0"/>
</pin_list>
<bind>
<opset="i_5 "/>
</bind>
</comp>

<comp id="163" class="1005" name="inp_addr_reg_163">
<pin_list>
<pin id="164" dir="0" index="0" bw="10" slack="1"/>
<pin id="165" dir="1" index="1" bw="10" slack="1"/>
</pin_list>
<bind>
<opset="inp_addr "/>
</bind>
</comp>

<comp id="168" class="1005" name="W_addr_reg_168">
<pin_list>
<pin id="169" dir="0" index="0" bw="11" slack="1"/>
<pin id="170" dir="1" index="1" bw="11" slack="1"/>
</pin_list>
<bind>
<opset="W_addr "/>
</bind>
</comp>

<comp id="173" class="1005" name="inp_load_reg_173">
<pin_list>
<pin id="174" dir="0" index="0" bw="32" slack="1"/>
<pin id="175" dir="1" index="1" bw="32" slack="1"/>
</pin_list>
<bind>
<opset="inp_load "/>
</bind>
</comp>

<comp id="178" class="1005" name="W_load_reg_178">
<pin_list>
<pin id="179" dir="0" index="0" bw="32" slack="1"/>
<pin id="180" dir="1" index="1" bw="32" slack="1"/>
</pin_list>
<bind>
<opset="W_load "/>
</bind>
</comp>

<comp id="183" class="1005" name="tmp_s_reg_183">
<pin_list>
<pin id="184" dir="0" index="0" bw="32" slack="1"/>
<pin id="185" dir="1" index="1" bw="32" slack="1"/>
</pin_list>
<bind>
<opset="tmp_s "/>
</bind>
</comp>

<comp id="188" class="1005" name="out_1_reg_188">
<pin_list>
<pin id="189" dir="0" index="0" bw="32" slack="1"/>
<pin id="190" dir="1" index="1" bw="32" slack="1"/>
</pin_list>
<bind>
<opset="out_1 "/>
</bind>
</comp>

</comp_list>

<net_list>
<net id="50"><net_src comp="14" pin="0"/><net_sink comp="46" pin=0"/></net>

<net id="51"><net_src comp="4" pin="0"/><net_sink comp="46" pin=1"/></net>

<net id="57"><net_src comp="0" pin="0"/><net_sink comp="52" pin=0"/></net>

<net id="58"><net_src comp="28" pin="0"/><net_sink comp="52" pin=1"/></net>

<net id="63"><net_src comp="52" pin="3"/><net_sink comp="59" pin=0"/></net>

<net id="69"><net_src comp="2" pin="0"/><net_sink comp="64" pin=0"/></net>

<net id="70"><net_src comp="28" pin="0"/><net_sink comp="64" pin=1"/></net>

<net id="75"><net_src comp="64" pin="3"/><net_sink comp="71" pin=0"/></net>

<net id="79"><net_src comp="20" pin="0"/><net_sink comp="76" pin=0"/></net>

<net id="86"><net_src comp="76" pin="1"/><net_sink comp="80" pin=0"/></net>

<net id="87"><net_src comp="80" pin="4"/><net_sink comp="76" pin=0"/></net>

<net id="91"><net_src comp="22" pin="0"/><net_sink comp="88" pin=0"/></net>

<net id="98"><net_src comp="88" pin="1"/><net_sink comp="92" pin=0"/></net>

<net id="103"><net_src comp="76" pin="1"/><net_sink comp="99" pin=0"/></net>

<net id="108"><net_src comp="59" pin="2"/><net_sink comp="104" pin=0"/></net>

<net id="109"><net_src comp="71" pin="2"/><net_sink comp="104" pin=1"/></net>

<net id="115"><net_src comp="46" pin="2"/><net_sink comp="110" pin=0"/></net>

<net id="116"><net_src comp="16" pin="0"/><net_sink comp="110" pin=1"/></net>

<net id="117"><net_src comp="18" pin="0"/><net_sink comp="110" pin=2"/></net>

<net id="122"><net_src comp="92" pin="4"/><net_sink comp="118" pin=0"/></net>

<net id="123"><net_src comp="24" pin="0"/><net_sink comp="118" pin=1"/></net>

<net id="128"><net_src comp="92" pin="4"/><net_sink comp="124" pin=0"/></net>

<net id="129"><net_src comp="26" pin="0"/><net_sink comp="124" pin=1"/></net>

<net id="133"><net_src comp="92" pin="4"/><net_sink comp="130" pin=0"/></net>

<net id="134"><net_src comp="130" pin="1"/><net_sink comp="52" pin=2"/></net>

<net id="138"><net_src comp="92" pin="4"/><net_sink comp="135" pin=0"/></net>

<net id="143"><net_src comp="135" pin="1"/><net_sink comp="139" pin=0"/></net>

<net id="147"><net_src comp="139" pin="2"/><net_sink comp="144" pin=0"/></net>

<net id="148"><net_src comp="144" pin="1"/><net_sink comp="64" pin=2"/></net>

<net id="152"><net_src comp="110" pin="3"/><net_sink comp="149" pin=0"/></net>

<net id="153"><net_src comp="149" pin="1"/><net_sink comp="139" pin=1"/></net>

<net id="157"><net_src comp="118" pin="2"/><net_sink comp="154" pin=0"/></net>

<net id="161"><net_src comp="124" pin="2"/><net_sink comp="158" pin=0"/></net>

<net id="162"><net_src comp="158" pin="1"/><net_sink comp="92" pin=2"/></net>

<net id="166"><net_src comp="52" pin="3"/><net_sink comp="163" pin=0"/></net>

<net id="167"><net_src comp="163" pin="1"/><net_sink comp="59" pin=0"/></net>

<net id="171"><net_src comp="64" pin="3"/><net_sink comp="168" pin=0"/></net>

<net id="172"><net_src comp="168" pin="1"/><net_sink comp="71" pin=0"/></net>

<net id="176"><net_src comp="59" pin="2"/><net_sink comp="173" pin=0"/></net>

<net id="177"><net_src comp="173" pin="1"/><net_sink comp="104" pin=0"/></net>

<net id="181"><net_src comp="71" pin="2"/><net_sink comp="178" pin=0"/></net>

<net id="182"><net_src comp="178" pin="1"/><net_sink comp="104" pin=1"/></net>

<net id="186"><net_src comp="104" pin="2"/><net_sink comp="183" pin=0"/></net>

<net id="187"><net_src comp="183" pin="1"/><net_sink comp="99" pin=1"/></net>

<net id="191"><net_src comp="99" pin="2"/><net_sink comp="188" pin=0"/></net>

<net id="192"><net_src comp="188" pin="1"/><net_sink comp="80" pin=2"/></net>

</net_list>

</model> 
---------------- Datapath Model END ------------------

* FSMD analyzer results:
  - Output states:
  - Chain level:
	State 1
	State 2
		exitcond : 1
		i_5 : 1
		stg_21 : 2
		tmp : 1
		inp_addr : 2
		inp_load : 3
		tmp_trn_cast : 1
		p_addr1 : 2
		tmp_16 : 3
		W_addr : 4
		W_load : 5
	State 3
		tmp_s : 1
	State 4
	State 5
	State 6
	State 7
	State 8
	State 9
	State 10
	State 11
		empty_11 : 1
	State 12


============================================================
+ Verbose Summary: Datapath Resource usage 
============================================================

* Functional unit list:
|----------|--------------------------|---------|---------|---------|
| Operation|      Functional Unit     |  DSP48E |    FF   |   LUT   |
|----------|--------------------------|---------|---------|---------|
|   fadd   |         grp_fu_99        |    2    |   205   |   390   |
|----------|--------------------------|---------|---------|---------|
|   fmul   |        grp_fu_104        |    3    |   143   |   321   |
|----------|--------------------------|---------|---------|---------|
|    add   |        i_5_fu_124        |    0    |    0    |    10   |
|          |      p_addr1_fu_139      |    0    |    0    |    11   |
|----------|--------------------------|---------|---------|---------|
|  select  |    tmp_16_cast_fu_110    |    0    |    0    |    11   |
|----------|--------------------------|---------|---------|---------|
|   icmp   |      exitcond_fu_118     |    0    |    0    |    4    |
|----------|--------------------------|---------|---------|---------|
|   read   | W_offset_read_read_fu_46 |    0    |    0    |    0    |
|----------|--------------------------|---------|---------|---------|
|          |        tmp_fu_130        |    0    |    0    |    0    |
|   zext   |    tmp_trn_cast_fu_135   |    0    |    0    |    0    |
|          |       tmp_16_fu_144      |    0    |    0    |    0    |
|----------|--------------------------|---------|---------|---------|
|   Total  |                          |    5    |   348   |   747   |
|----------|--------------------------|---------|---------|---------|

Memories:
N/A

* Register list:
+-------------------+--------+
|                   |   FF   |
+-------------------+--------+
|   W_addr_reg_168  |   11   |
|   W_load_reg_178  |   32   |
|  exitcond_reg_154 |    1   |
|    i_5_reg_158    |   10   |
|      i_reg_88     |   10   |
|  inp_addr_reg_163 |   10   |
|  inp_load_reg_173 |   32   |
|   out_1_reg_188   |   32   |
|     out_reg_76    |   32   |
|tmp_16_cast_reg_149|   11   |
|   tmp_s_reg_183   |   32   |
+-------------------+--------+
|       Total       |   213  |
+-------------------+--------+

* Multiplexer (MUX) list: 
|------------------|------|------|------|--------||---------||---------|
|       Comp       |  Pin | Size |  BW  | S x BW ||  Delay  ||   LUT   |
|------------------|------|------|------|--------||---------||---------|
| grp_access_fu_59 |  p0  |   2  |  10  |   20   ||    10   |
| grp_access_fu_71 |  p0  |   2  |  11  |   22   ||    11   |
|    out_reg_76    |  p0  |   2  |  32  |   64   ||    32   |
|    grp_fu_104    |  p0  |   2  |  32  |   64   ||    32   |
|    grp_fu_104    |  p1  |   2  |  32  |   64   ||    32   |
|------------------|------|------|------|--------||---------||---------|
|       Total      |      |      |      |   234  ||  7.855  ||   117   |
|------------------|------|------|------|--------||---------||---------|



* Summary:
+-----------+--------+--------+--------+--------+
|           | DSP48E |  Delay |   FF   |   LUT  |
+-----------+--------+--------+--------+--------+
|  Function |    5   |    -   |   348  |   747  |
|   Memory  |    -   |    -   |    -   |    -   |
|Multiplexer|    -   |    7   |    -   |   117  |
|  Register |    -   |    -   |   213  |    -   |
+-----------+--------+--------+--------+--------+
|   Total   |    5   |    7   |   561  |   864  |
+-----------+--------+--------+--------+--------+
