

================================================================
== Vivado HLS Report for 'obj_detector_ReLU'
================================================================
* Date:           Wed Nov 30 03:19:40 2016

* Version:        2015.2 (Build 1266856 on Fri Jun 26 16:57:37 PM 2015)
* Project:        proj1_hls
* Solution:       solution1
* Product family: zynq
* Target device:  xc7z020clg484-1


================================================================
== Performance Estimates
================================================================
+ Timing (ns): 
    * Summary: 
    +--------+-------+----------+------------+
    |  Clock | Target| Estimated| Uncertainty|
    +--------+-------+----------+------------+
    |ap_clk  |  10.00|      8.16|        1.25|
    +--------+-------+----------+------------+

+ Latency (clock cycles): 
    * Summary: 
    +------+------+------+------+---------+
    |   Latency   |   Interval  | Pipeline|
    |  min |  max |  min |  max |   Type  |
    +------+------+------+------+---------+
    |  2353|  2353|  2353|  2353|   none  |
    +------+------+------+------+---------+

    + Detail: 
        * Instance: 
        N/A

        * Loop: 
        +------------------+------+------+----------+-----------+-----------+------+----------+
        |                  |   Latency   | Iteration|  Initiation Interval  | Trip |          |
        |     Loop Name    |  min |  max |  Latency |  achieved |   target  | Count| Pipelined|
        +------------------+------+------+----------+-----------+-----------+------+----------+
        |- ReLU_label0     |  2352|  2352|        98|          -|          -|    24|    no    |
        | + ReLU_label0.1  |    96|    96|         4|          -|          -|    24|    no    |
        +------------------+------+------+----------+-----------+-----------+------+----------+



================================================================
== Utilization Estimates
================================================================
* Summary: 
+-----------------+---------+-------+--------+-------+
|       Name      | BRAM_18K| DSP48E|   FF   |  LUT  |
+-----------------+---------+-------+--------+-------+
|Expression       |        -|      -|       0|    225|
|FIFO             |        -|      -|       -|      -|
|Instance         |        -|      0|      66|    239|
|Memory           |        -|      -|       -|      -|
|Multiplexer      |        -|      -|       -|     11|
|Register         |        -|      -|     163|      -|
+-----------------+---------+-------+--------+-------+
|Total            |        0|      0|     229|    475|
+-----------------+---------+-------+--------+-------+
|Available        |      280|    220|  106400|  53200|
+-----------------+---------+-------+--------+-------+
|Utilization (%)  |        0|      0|   ~0   |   ~0  |
+-----------------+---------+-------+--------+-------+

+ Detail: 
    * Instance: 
    +-------------------------------------+---------------------------------+---------+-------+----+-----+
    |               Instance              |              Module             | BRAM_18K| DSP48E| FF | LUT |
    +-------------------------------------+---------------------------------+---------+-------+----+-----+
    |obj_detector_fcmp_32ns_32ns_1_1_U13  |obj_detector_fcmp_32ns_32ns_1_1  |        0|      0|  66|  239|
    +-------------------------------------+---------------------------------+---------+-------+----+-----+
    |Total                                |                                 |        0|      0|  66|  239|
    +-------------------------------------+---------------------------------+---------+-------+----+-----+

    * Memory: 
    N/A

    * FIFO: 
    N/A

    * Expression: 
    +---------------------+----------+-------+---+----+------------+------------+
    |    Variable Name    | Operation| DSP48E| FF| LUT| Bitwidth P0| Bitwidth P1|
    +---------------------+----------+-------+---+----+------------+------------+
    |i_5_fu_189_p2        |     +    |      0|  0|   5|           5|           1|
    |j_1_fu_275_p2        |     +    |      0|  0|   5|           5|           1|
    |p_addr13_fu_234_p2   |     +    |      0|  0|  10|          10|          10|
    |p_addr16_fu_295_p2   |     +    |      0|  0|  32|          32|          32|
    |p_addr1_fu_199_p2    |     +    |      0|  0|  10|          10|          10|
    |p_addr3_fu_285_p2    |     +    |      0|  0|  32|          32|          32|
    |p_addr12_fu_173_p2   |     -    |      0|  0|   9|           9|           9|
    |p_addr15_fu_263_p2   |     -    |      0|  0|  32|          32|          32|
    |p_addr2_fu_228_p2    |     -    |      0|  0|  32|          32|          32|
    |p_addr_fu_139_p2     |     -    |      0|  0|   9|           9|           9|
    |out_r_d0             |  Select  |      0|  0|  32|           1|          32|
    |tmp_331_fu_335_p2    |    and   |      0|  0|   1|           1|           1|
    |exitcond1_fu_183_p2  |   icmp   |      0|  0|   2|           5|           5|
    |exitcond_fu_269_p2   |   icmp   |      0|  0|   2|           5|           5|
    |notlhs_fu_317_p2     |   icmp   |      0|  0|   3|           8|           2|
    |notrhs_fu_323_p2     |   icmp   |      0|  0|   8|          23|           1|
    |tmp_329_fu_329_p2    |    or    |      0|  0|   1|           1|           1|
    +---------------------+----------+-------+---+----+------------+------------+
    |Total                |          |      0|  0| 225|         220|         215|
    +---------------------+----------+-------+---+----+------------+------------+

    * Multiplexer: 
    +-----------+----+-----------+-----+-----------+
    |    Name   | LUT| Input Size| Bits| Total Bits|
    +-----------+----+-----------+-----+-----------+
    |ap_NS_fsm  |   1|          7|    1|          7|
    |i_reg_88   |   5|          2|    5|         10|
    |j_reg_99   |   5|          2|    5|         10|
    +-----------+----+-----------+-----+-----------+
    |Total      |  11|         11|   11|         27|
    +-----------+----+-----------+-----+-----------+

    * Register: 
    +-----------------------+----+----+-----+-----------+
    |          Name         | FF | LUT| Bits| Const Bits|
    +-----------------------+----+----+-----+-----------+
    |ap_CS_fsm              |   6|   0|    6|          0|
    |i_5_reg_365            |   5|   0|    5|          0|
    |i_reg_88               |   5|   0|    5|          0|
    |inp_load_reg_398       |  32|   0|   32|          0|
    |j_1_reg_383            |   5|   0|    5|          0|
    |j_reg_99               |   5|   0|    5|          0|
    |p_addr12_cast_reg_357  |   7|   0|   10|          3|
    |p_addr15_reg_375       |  29|   0|   32|          3|
    |p_addr16_reg_393       |  32|   0|   32|          0|
    |p_addr2_reg_370        |  29|   0|   32|          3|
    |p_addr_cast_reg_352    |   7|   0|   10|          3|
    |tmp_331_reg_405        |   1|   0|    1|          0|
    +-----------------------+----+----+-----+-----------+
    |Total                  | 163|   0|  175|         12|
    +-----------------------+----+----+-----+-----------+



================================================================
== Interface
================================================================
* Summary: 
+----------------+-----+-----+------------+-------------------+--------------+
|    RTL Ports   | Dir | Bits|  Protocol  |   Source Object   |    C Type    |
+----------------+-----+-----+------------+-------------------+--------------+
|ap_clk          |  in |    1| ap_ctrl_hs | obj_detector_ReLU | return value |
|ap_rst          |  in |    1| ap_ctrl_hs | obj_detector_ReLU | return value |
|ap_start        |  in |    1| ap_ctrl_hs | obj_detector_ReLU | return value |
|ap_done         | out |    1| ap_ctrl_hs | obj_detector_ReLU | return value |
|ap_idle         | out |    1| ap_ctrl_hs | obj_detector_ReLU | return value |
|ap_ready        | out |    1| ap_ctrl_hs | obj_detector_ReLU | return value |
|inp_address0    | out |   12|  ap_memory |        inp        |     array    |
|inp_ce0         | out |    1|  ap_memory |        inp        |     array    |
|inp_q0          |  in |   32|  ap_memory |        inp        |     array    |
|tmp_2           |  in |    3|   ap_none  |       tmp_2       |    scalar    |
|out_r_address0  | out |   12|  ap_memory |       out_r       |     array    |
|out_r_ce0       | out |    1|  ap_memory |       out_r       |     array    |
|out_r_we0       | out |    1|  ap_memory |       out_r       |     array    |
|out_r_d0        | out |   32|  ap_memory |       out_r       |     array    |
|tmp_21          |  in |    3|   ap_none  |       tmp_21      |    scalar    |
+----------------+-----+-----+------------+-------------------+--------------+

============================================================
+ Verbose Summary: Synthesis Manager
============================================================
InlineROM: 1
ExposeGlobal: 0
============================================================
+ Verbose Summary: CDFG Model
============================================================
IsTopModel: 0
ResetActiveHigh: 1
IsCombinational: 2
IsDatapathOnly: 2
HasWiredReturn: 1
HasMFsm: 0
HasVarLatency: 1
IsPipeline: 0
IsRtlPipelined: 0
IsInstanceOverlapped: 0
IsDontTouch: 0
HasImplIP: 0
IsGatedGlobalClock: 0


============================================================
+ Verbose Summary: Schedule
============================================================
* Number of FSM states: 6
* Pipeline: 0
* Dataflow Pipeline: 0

* FSM state transitions: 
1 --> 
	2  / true
2 --> 
	3  / (!exitcond1)
3 --> 
	4  / (!exitcond)
	2  / (exitcond)
4 --> 
	5  / true
5 --> 
	6  / true
6 --> 
	3  / true
* FSM state operations: 

 <State 1>: 1.72ns
ST_1: tmp_21_read [1/1] 0.00ns
:0  %tmp_21_read = call i3 @_ssdm_op_Read.ap_auto.i3(i3 %tmp_21)

ST_1: tmp_2_read [1/1] 0.00ns
:1  %tmp_2_read = call i3 @_ssdm_op_Read.ap_auto.i3(i3 %tmp_2)

ST_1: tmp [1/1] 0.00ns
:2  %tmp = call i8 @_ssdm_op_BitConcatenate.i8.i3.i5(i3 %tmp_2_read, i5 0)

ST_1: p_shl9_cast [1/1] 0.00ns
:3  %p_shl9_cast = zext i8 %tmp to i9

ST_1: tmp_385 [1/1] 0.00ns
:4  %tmp_385 = call i6 @_ssdm_op_BitConcatenate.i6.i3.i3(i3 %tmp_2_read, i3 0)

ST_1: p_shl10_cast [1/1] 0.00ns
:5  %p_shl10_cast = zext i6 %tmp_385 to i9

ST_1: p_addr [1/1] 1.72ns
:6  %p_addr = sub i9 %p_shl9_cast, %p_shl10_cast

ST_1: p_addr_cast [1/1] 0.00ns
:7  %p_addr_cast = sext i9 %p_addr to i10

ST_1: tmp_386 [1/1] 0.00ns
:8  %tmp_386 = call i8 @_ssdm_op_BitConcatenate.i8.i3.i5(i3 %tmp_21_read, i5 0)

ST_1: p_shl_cast [1/1] 0.00ns
:9  %p_shl_cast = zext i8 %tmp_386 to i9

ST_1: tmp_387 [1/1] 0.00ns
:10  %tmp_387 = call i6 @_ssdm_op_BitConcatenate.i6.i3.i3(i3 %tmp_21_read, i3 0)

ST_1: p_shl11_cast [1/1] 0.00ns
:11  %p_shl11_cast = zext i6 %tmp_387 to i9

ST_1: p_addr12 [1/1] 1.72ns
:12  %p_addr12 = sub i9 %p_shl_cast, %p_shl11_cast

ST_1: p_addr12_cast [1/1] 0.00ns
:13  %p_addr12_cast = sext i9 %p_addr12 to i10

ST_1: stg_21 [1/1] 1.57ns
:14  br label %1


 <State 2>: 3.80ns
ST_2: i [1/1] 0.00ns
:0  %i = phi i5 [ 0, %0 ], [ %i_5, %5 ]

ST_2: exitcond1 [1/1] 1.91ns
:1  %exitcond1 = icmp eq i5 %i, -8

ST_2: empty [1/1] 0.00ns
:2  %empty = call i32 (...)* @_ssdm_op_SpecLoopTripCount(i64 24, i64 24, i64 24)

ST_2: i_5 [1/1] 1.72ns
:3  %i_5 = add i5 %i, 1

ST_2: stg_26 [1/1] 0.00ns
:4  br i1 %exitcond1, label %6, label %2

ST_2: stg_27 [1/1] 0.00ns
:0  call void (...)* @_ssdm_op_SpecLoopName([12 x i8]* @p_str11) nounwind

ST_2: tmp_8 [1/1] 0.00ns
:1  %tmp_8 = call i32 (...)* @_ssdm_op_SpecRegionBegin([12 x i8]* @p_str11) nounwind

ST_2: tmp_trn_cast [1/1] 0.00ns
:2  %tmp_trn_cast = zext i5 %i to i10

ST_2: p_addr1 [1/1] 1.84ns
:3  %p_addr1 = add i10 %p_addr_cast, %tmp_trn_cast

ST_2: tmp_388 [1/1] 0.00ns
:4  %tmp_388 = call i15 @_ssdm_op_BitConcatenate.i15.i10.i5(i10 %p_addr1, i5 0)

ST_2: p_shl [1/1] 0.00ns
:5  %p_shl = sext i15 %tmp_388 to i32

ST_2: tmp_389 [1/1] 0.00ns
:6  %tmp_389 = call i13 @_ssdm_op_BitConcatenate.i13.i10.i3(i10 %p_addr1, i3 0)

ST_2: p_shl1 [1/1] 0.00ns
:7  %p_shl1 = sext i13 %tmp_389 to i32

ST_2: p_addr2 [1/1] 1.96ns
:8  %p_addr2 = sub i32 %p_shl, %p_shl1

ST_2: p_addr13 [1/1] 1.84ns
:9  %p_addr13 = add i10 %p_addr12_cast, %tmp_trn_cast

ST_2: tmp_390 [1/1] 0.00ns
:10  %tmp_390 = call i15 @_ssdm_op_BitConcatenate.i15.i10.i5(i10 %p_addr13, i5 0)

ST_2: p_shl2 [1/1] 0.00ns
:11  %p_shl2 = sext i15 %tmp_390 to i32

ST_2: tmp_391 [1/1] 0.00ns
:12  %tmp_391 = call i13 @_ssdm_op_BitConcatenate.i13.i10.i3(i10 %p_addr13, i3 0)

ST_2: p_shl3 [1/1] 0.00ns
:13  %p_shl3 = sext i13 %tmp_391 to i32

ST_2: p_addr15 [1/1] 1.96ns
:14  %p_addr15 = sub i32 %p_shl2, %p_shl3

ST_2: stg_42 [1/1] 1.57ns
:15  br label %3

ST_2: stg_43 [1/1] 0.00ns
:0  ret void


 <State 3>: 4.67ns
ST_3: j [1/1] 0.00ns
:0  %j = phi i5 [ 0, %2 ], [ %j_1, %4 ]

ST_3: exitcond [1/1] 1.91ns
:1  %exitcond = icmp eq i5 %j, -8

ST_3: empty_15 [1/1] 0.00ns
:2  %empty_15 = call i32 (...)* @_ssdm_op_SpecLoopTripCount(i64 24, i64 24, i64 24)

ST_3: j_1 [1/1] 1.72ns
:3  %j_1 = add i5 %j, 1

ST_3: stg_48 [1/1] 0.00ns
:4  br i1 %exitcond, label %5, label %4

ST_3: tmp_trn [1/1] 0.00ns
:0  %tmp_trn = zext i5 %j to i32

ST_3: p_addr3 [1/1] 1.96ns
:1  %p_addr3 = add i32 %tmp_trn, %p_addr2

ST_3: tmp_392 [1/1] 0.00ns
:2  %tmp_392 = zext i32 %p_addr3 to i64

ST_3: inp_addr [1/1] 0.00ns
:3  %inp_addr = getelementptr [3456 x float]* %inp, i64 0, i64 %tmp_392

ST_3: inp_load [2/2] 2.71ns
:4  %inp_load = load float* %inp_addr, align 4

ST_3: p_addr16 [1/1] 1.96ns
:13  %p_addr16 = add i32 %tmp_trn, %p_addr15

ST_3: empty_16 [1/1] 0.00ns
:0  %empty_16 = call i32 (...)* @_ssdm_op_SpecRegionEnd([12 x i8]* @p_str11, i32 %tmp_8) nounwind

ST_3: stg_56 [1/1] 0.00ns
:1  br label %1


 <State 4>: 2.71ns
ST_4: inp_load [1/2] 2.71ns
:4  %inp_load = load float* %inp_addr, align 4


 <State 5>: 8.16ns
ST_5: inp_load_to_int [1/1] 0.00ns
:5  %inp_load_to_int = bitcast float %inp_load to i32

ST_5: tmp_s [1/1] 0.00ns
:6  %tmp_s = call i8 @_ssdm_op_PartSelect.i8.i32.i32.i32(i32 %inp_load_to_int, i32 23, i32 30)

ST_5: tmp_393 [1/1] 0.00ns
:7  %tmp_393 = trunc i32 %inp_load_to_int to i23

ST_5: notlhs [1/1] 2.00ns
:8  %notlhs = icmp ne i8 %tmp_s, -1

ST_5: notrhs [1/1] 2.39ns
:9  %notrhs = icmp eq i23 %tmp_393, 0

ST_5: tmp_329 [1/1] 1.37ns
:10  %tmp_329 = or i1 %notrhs, %notlhs

ST_5: tmp_330 [1/1] 6.79ns
:11  %tmp_330 = fcmp ogt float %inp_load, 0.000000e+00

ST_5: tmp_331 [1/1] 1.37ns
:12  %tmp_331 = and i1 %tmp_329, %tmp_330


 <State 6>: 4.08ns
ST_6: tmp_394 [1/1] 0.00ns
:14  %tmp_394 = zext i32 %p_addr16 to i64

ST_6: out_addr [1/1] 0.00ns
:15  %out_addr = getelementptr [3456 x float]* %out_r, i64 0, i64 %tmp_394

ST_6: inp_load_s [1/1] 1.37ns
:16  %inp_load_s = select i1 %tmp_331, float %inp_load, float 0.000000e+00

ST_6: stg_69 [1/1] 2.71ns
:17  store float %inp_load_s, float* %out_addr, align 4

ST_6: stg_70 [1/1] 0.00ns
:18  br label %3



============================================================
+ Verbose Summary: Binding
============================================================
STG Binding: 
---------------- STG Properties BEGIN ----------------
- Is combinational: 0
- Is one-state seq: 0
- Is datapath-only: 0
- Is clock enabled: 0
- Is pipelined: 0
- Is top level: 0
Port [ Return ] is wired: 1; IO mode=ap_ctrl_hs:ce=0
Port [ inp]:  wired=1; compound=1; hidden=0; nouse=0; global=0; static=0; extern=0; dir=0; type=1; mode=0x1f2de985aa0; pingpong=0; private_global=0; MemPort=[13]; IO mode=ap_memory:ce=0
Port [ tmp_2]:  wired=1; compound=0; hidden=0; nouse=0; global=0; static=0; extern=0; dir=0; type=0; mode=0x1f2de985a10; pingpong=0; private_global=0; IO mode=ap_none:ce=0
Port [ out_r]:  wired=1; compound=1; hidden=0; nouse=0; global=0; static=0; extern=0; dir=1; type=1; mode=0x1f2de984ff0; pingpong=0; private_global=0; MemPort=[03]; IO mode=ap_memory:ce=0
Port [ tmp_21]:  wired=1; compound=0; hidden=0; nouse=0; global=0; static=0; extern=0; dir=0; type=0; mode=0x1f2de985230; pingpong=0; private_global=0; IO mode=ap_none:ce=0
---------------- STG Properties END ------------------

---------------- Datapath Model BEGIN ----------------

<LifeTime>
<method=bitvector/>
tmp_21_read     (read             ) [ 0000000]
tmp_2_read      (read             ) [ 0000000]
tmp             (bitconcatenate   ) [ 0000000]
p_shl9_cast     (zext             ) [ 0000000]
tmp_385         (bitconcatenate   ) [ 0000000]
p_shl10_cast    (zext             ) [ 0000000]
p_addr          (sub              ) [ 0000000]
p_addr_cast     (sext             ) [ 0011111]
tmp_386         (bitconcatenate   ) [ 0000000]
p_shl_cast      (zext             ) [ 0000000]
tmp_387         (bitconcatenate   ) [ 0000000]
p_shl11_cast    (zext             ) [ 0000000]
p_addr12        (sub              ) [ 0000000]
p_addr12_cast   (sext             ) [ 0011111]
stg_21          (br               ) [ 0111111]
i               (phi              ) [ 0010000]
exitcond1       (icmp             ) [ 0011111]
empty           (speclooptripcount) [ 0000000]
i_5             (add              ) [ 0111111]
stg_26          (br               ) [ 0000000]
stg_27          (specloopname     ) [ 0000000]
tmp_8           (specregionbegin  ) [ 0001111]
tmp_trn_cast    (zext             ) [ 0000000]
p_addr1         (add              ) [ 0000000]
tmp_388         (bitconcatenate   ) [ 0000000]
p_shl           (sext             ) [ 0000000]
tmp_389         (bitconcatenate   ) [ 0000000]
p_shl1          (sext             ) [ 0000000]
p_addr2         (sub              ) [ 0001111]
p_addr13        (add              ) [ 0000000]
tmp_390         (bitconcatenate   ) [ 0000000]
p_shl2          (sext             ) [ 0000000]
tmp_391         (bitconcatenate   ) [ 0000000]
p_shl3          (sext             ) [ 0000000]
p_addr15        (sub              ) [ 0001111]
stg_42          (br               ) [ 0011111]
stg_43          (ret              ) [ 0000000]
j               (phi              ) [ 0001000]
exitcond        (icmp             ) [ 0011111]
empty_15        (speclooptripcount) [ 0000000]
j_1             (add              ) [ 0011111]
stg_48          (br               ) [ 0000000]
tmp_trn         (zext             ) [ 0000000]
p_addr3         (add              ) [ 0000000]
tmp_392         (zext             ) [ 0000000]
inp_addr        (getelementptr    ) [ 0000100]
p_addr16        (add              ) [ 0000111]
empty_16        (specregionend    ) [ 0000000]
stg_56          (br               ) [ 0111111]
inp_load        (load             ) [ 0000011]
inp_load_to_int (bitcast          ) [ 0000000]
tmp_s           (partselect       ) [ 0000000]
tmp_393         (trunc            ) [ 0000000]
notlhs          (icmp             ) [ 0000000]
notrhs          (icmp             ) [ 0000000]
tmp_329         (or               ) [ 0000000]
tmp_330         (fcmp             ) [ 0000000]
tmp_331         (and              ) [ 0000001]
tmp_394         (zext             ) [ 0000000]
out_addr        (getelementptr    ) [ 0000000]
inp_load_s      (select           ) [ 0000000]
stg_69          (store            ) [ 0000000]
stg_70          (br               ) [ 0011111]
</LifeTime>

<model>

<comp_list>
<comp id="0" class="1000" name="inp">
<pin_list>
<pin id="1" dir="1" index="0" bw="1" slack="0"/>
</pin_list>
<bind>
<StgValue><ssdm name="inp"/><MemPortTyVec>1 3 </MemPortTyVec>
</StgValue>
</bind>
</comp>

<comp id="2" class="1000" name="tmp_2">
<pin_list>
<pin id="3" dir="1" index="0" bw="1" slack="0"/>
</pin_list>
<bind>
<StgValue><ssdm name="tmp_2"/></StgValue>
</bind>
</comp>

<comp id="4" class="1000" name="out_r">
<pin_list>
<pin id="5" dir="1" index="0" bw="1" slack="0"/>
</pin_list>
<bind>
<StgValue><ssdm name="out_r"/><MemPortTyVec>0 3 </MemPortTyVec>
</StgValue>
</bind>
</comp>

<comp id="6" class="1000" name="tmp_21">
<pin_list>
<pin id="7" dir="1" index="0" bw="1" slack="0"/>
</pin_list>
<bind>
<StgValue><ssdm name="tmp_21"/></StgValue>
</bind>
</comp>

<comp id="8" class="1001" name="const_8">
<pin_list>
<pin id="9" dir="1" index="0" bw="1" slack="0"/>
</pin_list>
<bind>
<StgValue><ssdm name="_ssdm_op_Read.ap_auto.i3"/></StgValue>
</bind>
</comp>

<comp id="10" class="1001" name="const_10">
<pin_list>
<pin id="11" dir="1" index="0" bw="1" slack="0"/>
</pin_list>
<bind>
<StgValue><ssdm name="_ssdm_op_BitConcatenate.i8.i3.i5"/></StgValue>
</bind>
</comp>

<comp id="12" class="1001" name="const_12">
<pin_list>
<pin id="13" dir="1" index="0" bw="1" slack="0"/>
</pin_list>
<bind>
<StgValue><ssdm name=""/></StgValue>
</bind>
</comp>

<comp id="14" class="1001" name="const_14">
<pin_list>
<pin id="15" dir="1" index="0" bw="1" slack="0"/>
</pin_list>
<bind>
<StgValue><ssdm name="_ssdm_op_BitConcatenate.i6.i3.i3"/></StgValue>
</bind>
</comp>

<comp id="16" class="1001" name="const_16">
<pin_list>
<pin id="17" dir="1" index="0" bw="1" slack="0"/>
</pin_list>
<bind>
<StgValue><ssdm name=""/></StgValue>
</bind>
</comp>

<comp id="18" class="1001" name="const_18">
<pin_list>
<pin id="19" dir="1" index="0" bw="1" slack="0"/>
</pin_list>
<bind>
<StgValue><ssdm name=""/></StgValue>
</bind>
</comp>

<comp id="20" class="1001" name="const_20">
<pin_list>
<pin id="21" dir="1" index="0" bw="1" slack="2147483647"/>
</pin_list>
<bind>
<StgValue><ssdm name="_ssdm_op_SpecLoopTripCount"/></StgValue>
</bind>
</comp>

<comp id="22" class="1001" name="const_22">
<pin_list>
<pin id="23" dir="1" index="0" bw="1" slack="2147483647"/>
</pin_list>
<bind>
<StgValue><ssdm name=""/></StgValue>
</bind>
</comp>

<comp id="24" class="1001" name="const_24">
<pin_list>
<pin id="25" dir="1" index="0" bw="1" slack="0"/>
</pin_list>
<bind>
<StgValue><ssdm name=""/></StgValue>
</bind>
</comp>

<comp id="26" class="1001" name="const_26">
<pin_list>
<pin id="27" dir="1" index="0" bw="1" slack="2147483647"/>
</pin_list>
<bind>
<StgValue><ssdm name="_ssdm_op_SpecLoopName"/></StgValue>
</bind>
</comp>

<comp id="28" class="1001" name="const_28">
<pin_list>
<pin id="29" dir="1" index="0" bw="1" slack="2147483647"/>
</pin_list>
<bind>
<StgValue><ssdm name="p_str11"/></StgValue>
</bind>
</comp>

<comp id="30" class="1001" name="const_30">
<pin_list>
<pin id="31" dir="1" index="0" bw="1" slack="2147483647"/>
</pin_list>
<bind>
<StgValue><ssdm name="_ssdm_op_SpecRegionBegin"/></StgValue>
</bind>
</comp>

<comp id="32" class="1001" name="const_32">
<pin_list>
<pin id="33" dir="1" index="0" bw="1" slack="0"/>
</pin_list>
<bind>
<StgValue><ssdm name="_ssdm_op_BitConcatenate.i15.i10.i5"/></StgValue>
</bind>
</comp>

<comp id="34" class="1001" name="const_34">
<pin_list>
<pin id="35" dir="1" index="0" bw="1" slack="0"/>
</pin_list>
<bind>
<StgValue><ssdm name="_ssdm_op_BitConcatenate.i13.i10.i3"/></StgValue>
</bind>
</comp>

<comp id="36" class="1001" name="const_36">
<pin_list>
<pin id="37" dir="1" index="0" bw="1" slack="0"/>
</pin_list>
<bind>
<StgValue><ssdm name=""/></StgValue>
</bind>
</comp>

<comp id="38" class="1001" name="const_38">
<pin_list>
<pin id="39" dir="1" index="0" bw="1" slack="2147483647"/>
</pin_list>
<bind>
<StgValue><ssdm name="_ssdm_op_SpecRegionEnd"/></StgValue>
</bind>
</comp>

<comp id="40" class="1001" name="const_40">
<pin_list>
<pin id="41" dir="1" index="0" bw="1" slack="0"/>
</pin_list>
<bind>
<StgValue><ssdm name="_ssdm_op_PartSelect.i8.i32.i32.i32"/></StgValue>
</bind>
</comp>

<comp id="42" class="1001" name="const_42">
<pin_list>
<pin id="43" dir="1" index="0" bw="1" slack="0"/>
</pin_list>
<bind>
<StgValue><ssdm name=""/></StgValue>
</bind>
</comp>

<comp id="44" class="1001" name="const_44">
<pin_list>
<pin id="45" dir="1" index="0" bw="1" slack="0"/>
</pin_list>
<bind>
<StgValue><ssdm name=""/></StgValue>
</bind>
</comp>

<comp id="46" class="1001" name="const_46">
<pin_list>
<pin id="47" dir="1" index="0" bw="1" slack="0"/>
</pin_list>
<bind>
<StgValue><ssdm name=""/></StgValue>
</bind>
</comp>

<comp id="48" class="1001" name="const_48">
<pin_list>
<pin id="49" dir="1" index="0" bw="1" slack="0"/>
</pin_list>
<bind>
<StgValue><ssdm name=""/></StgValue>
</bind>
</comp>

<comp id="50" class="1001" name="const_50">
<pin_list>
<pin id="51" dir="1" index="0" bw="1" slack="0"/>
</pin_list>
<bind>
<StgValue><ssdm name=""/></StgValue>
</bind>
</comp>

<comp id="52" class="1004" name="tmp_21_read_read_fu_52">
<pin_list>
<pin id="53" dir="0" index="0" bw="3" slack="0"/>
<pin id="54" dir="0" index="1" bw="3" slack="0"/>
<pin id="55" dir="1" index="2" bw="3" slack="0"/>
</pin_list>
<bind>
<opcode="read(1150) " fcode="read"/>
<opset="tmp_21_read/1 "/>
</bind>
</comp>

<comp id="58" class="1004" name="tmp_2_read_read_fu_58">
<pin_list>
<pin id="59" dir="0" index="0" bw="3" slack="0"/>
<pin id="60" dir="0" index="1" bw="3" slack="0"/>
<pin id="61" dir="1" index="2" bw="3" slack="0"/>
</pin_list>
<bind>
<opcode="read(1150) " fcode="read"/>
<opset="tmp_2_read/1 "/>
</bind>
</comp>

<comp id="64" class="1004" name="inp_addr_gep_fu_64">
<pin_list>
<pin id="65" dir="0" index="0" bw="32" slack="0"/>
<pin id="66" dir="0" index="1" bw="1" slack="0"/>
<pin id="67" dir="0" index="2" bw="18" slack="0"/>
<pin id="68" dir="1" index="3" bw="12" slack="0"/>
</pin_list>
<bind>
<opcode="getelementptr(29) " fcode="getelementptr"/>
<opset="inp_addr/3 "/>
</bind>
</comp>

<comp id="71" class="1004" name="grp_access_fu_71">
<pin_list>
<pin id="72" dir="0" index="0" bw="12" slack="0"/>
<pin id="73" dir="0" index="1" bw="32" slack="2147483647"/>
<pin id="74" dir="1" index="2" bw="32" slack="1"/>
</pin_list>
<bind>
<opcode="load(27) " fcode="load"/>
<opset="inp_load/3 "/>
</bind>
</comp>

<comp id="76" class="1004" name="out_addr_gep_fu_76">
<pin_list>
<pin id="77" dir="0" index="0" bw="32" slack="0"/>
<pin id="78" dir="0" index="1" bw="1" slack="0"/>
<pin id="79" dir="0" index="2" bw="18" slack="0"/>
<pin id="80" dir="1" index="3" bw="12" slack="0"/>
</pin_list>
<bind>
<opcode="getelementptr(29) " fcode="getelementptr"/>
<opset="out_addr/6 "/>
</bind>
</comp>

<comp id="83" class="1004" name="stg_69_access_fu_83">
<pin_list>
<pin id="84" dir="0" index="0" bw="12" slack="0"/>
<pin id="85" dir="0" index="1" bw="32" slack="0"/>
<pin id="86" dir="1" index="2" bw="32" slack="2147483647"/>
</pin_list>
<bind>
<opcode="store(28) " fcode="store"/>
<opset="stg_69/6 "/>
</bind>
</comp>

<comp id="88" class="1005" name="i_reg_88">
<pin_list>
<pin id="89" dir="0" index="0" bw="5" slack="1"/>
<pin id="90" dir="1" index="1" bw="5" slack="1"/>
</pin_list>
<bind>
<opset="i (phireg) "/>
</bind>
</comp>

<comp id="92" class="1004" name="i_phi_fu_92">
<pin_list>
<pin id="93" dir="0" index="0" bw="1" slack="1"/>
<pin id="94" dir="0" index="1" bw="0" slack="2147483647"/>
<pin id="95" dir="0" index="2" bw="5" slack="0"/>
<pin id="96" dir="0" index="3" bw="0" slack="2147483647"/>
<pin id="97" dir="1" index="4" bw="5" slack="0"/>
</pin_list>
<bind>
<opcode="phi(47) " fcode="phi"/>
<opset="i/2 "/>
</bind>
</comp>

<comp id="99" class="1005" name="j_reg_99">
<pin_list>
<pin id="100" dir="0" index="0" bw="5" slack="1"/>
<pin id="101" dir="1" index="1" bw="5" slack="1"/>
</pin_list>
<bind>
<opset="j (phireg) "/>
</bind>
</comp>

<comp id="103" class="1004" name="j_phi_fu_103">
<pin_list>
<pin id="104" dir="0" index="0" bw="1" slack="1"/>
<pin id="105" dir="0" index="1" bw="0" slack="2147483647"/>
<pin id="106" dir="0" index="2" bw="5" slack="0"/>
<pin id="107" dir="0" index="3" bw="0" slack="2147483647"/>
<pin id="108" dir="1" index="4" bw="5" slack="0"/>
</pin_list>
<bind>
<opcode="phi(47) " fcode="phi"/>
<opset="j/3 "/>
</bind>
</comp>

<comp id="110" class="1004" name="tmp_330_fu_110">
<pin_list>
<pin id="111" dir="0" index="0" bw="32" slack="1"/>
<pin id="112" dir="0" index="1" bw="32" slack="0"/>
<pin id="113" dir="1" index="2" bw="1" slack="0"/>
</pin_list>
<bind>
<opcode="fcmp(46) " fcode="fcmp"/>
<opset="tmp_330/5 "/>
</bind>
</comp>

<comp id="115" class="1004" name="tmp_fu_115">
<pin_list>
<pin id="116" dir="0" index="0" bw="8" slack="0"/>
<pin id="117" dir="0" index="1" bw="3" slack="0"/>
<pin id="118" dir="0" index="2" bw="1" slack="0"/>
<pin id="119" dir="1" index="3" bw="8" slack="0"/>
</pin_list>
<bind>
<opcode="bitconcatenate(1004) " fcode="bitconcatenate"/>
<opset="tmp/1 "/>
</bind>
</comp>

<comp id="123" class="1004" name="p_shl9_cast_fu_123">
<pin_list>
<pin id="124" dir="0" index="0" bw="8" slack="0"/>
<pin id="125" dir="1" index="1" bw="9" slack="0"/>
</pin_list>
<bind>
<opcode="zext(34) " fcode="zext"/>
<opset="p_shl9_cast/1 "/>
</bind>
</comp>

<comp id="127" class="1004" name="tmp_385_fu_127">
<pin_list>
<pin id="128" dir="0" index="0" bw="6" slack="0"/>
<pin id="129" dir="0" index="1" bw="3" slack="0"/>
<pin id="130" dir="0" index="2" bw="1" slack="0"/>
<pin id="131" dir="1" index="3" bw="6" slack="0"/>
</pin_list>
<bind>
<opcode="bitconcatenate(1004) " fcode="bitconcatenate"/>
<opset="tmp_385/1 "/>
</bind>
</comp>

<comp id="135" class="1004" name="p_shl10_cast_fu_135">
<pin_list>
<pin id="136" dir="0" index="0" bw="6" slack="0"/>
<pin id="137" dir="1" index="1" bw="9" slack="0"/>
</pin_list>
<bind>
<opcode="zext(34) " fcode="zext"/>
<opset="p_shl10_cast/1 "/>
</bind>
</comp>

<comp id="139" class="1004" name="p_addr_fu_139">
<pin_list>
<pin id="140" dir="0" index="0" bw="8" slack="0"/>
<pin id="141" dir="0" index="1" bw="6" slack="0"/>
<pin id="142" dir="1" index="2" bw="9" slack="0"/>
</pin_list>
<bind>
<opcode="sub(10) " fcode="sub"/>
<opset="p_addr/1 "/>
</bind>
</comp>

<comp id="145" class="1004" name="p_addr_cast_fu_145">
<pin_list>
<pin id="146" dir="0" index="0" bw="9" slack="0"/>
<pin id="147" dir="1" index="1" bw="10" slack="1"/>
</pin_list>
<bind>
<opcode="sext(35) " fcode="sext"/>
<opset="p_addr_cast/1 "/>
</bind>
</comp>

<comp id="149" class="1004" name="tmp_386_fu_149">
<pin_list>
<pin id="150" dir="0" index="0" bw="8" slack="0"/>
<pin id="151" dir="0" index="1" bw="3" slack="0"/>
<pin id="152" dir="0" index="2" bw="1" slack="0"/>
<pin id="153" dir="1" index="3" bw="8" slack="0"/>
</pin_list>
<bind>
<opcode="bitconcatenate(1004) " fcode="bitconcatenate"/>
<opset="tmp_386/1 "/>
</bind>
</comp>

<comp id="157" class="1004" name="p_shl_cast_fu_157">
<pin_list>
<pin id="158" dir="0" index="0" bw="8" slack="0"/>
<pin id="159" dir="1" index="1" bw="9" slack="0"/>
</pin_list>
<bind>
<opcode="zext(34) " fcode="zext"/>
<opset="p_shl_cast/1 "/>
</bind>
</comp>

<comp id="161" class="1004" name="tmp_387_fu_161">
<pin_list>
<pin id="162" dir="0" index="0" bw="6" slack="0"/>
<pin id="163" dir="0" index="1" bw="3" slack="0"/>
<pin id="164" dir="0" index="2" bw="1" slack="0"/>
<pin id="165" dir="1" index="3" bw="6" slack="0"/>
</pin_list>
<bind>
<opcode="bitconcatenate(1004) " fcode="bitconcatenate"/>
<opset="tmp_387/1 "/>
</bind>
</comp>

<comp id="169" class="1004" name="p_shl11_cast_fu_169">
<pin_list>
<pin id="170" dir="0" index="0" bw="6" slack="0"/>
<pin id="171" dir="1" index="1" bw="9" slack="0"/>
</pin_list>
<bind>
<opcode="zext(34) " fcode="zext"/>
<opset="p_shl11_cast/1 "/>
</bind>
</comp>

<comp id="173" class="1004" name="p_addr12_fu_173">
<pin_list>
<pin id="174" dir="0" index="0" bw="8" slack="0"/>
<pin id="175" dir="0" index="1" bw="6" slack="0"/>
<pin id="176" dir="1" index="2" bw="9" slack="0"/>
</pin_list>
<bind>
<opcode="sub(10) " fcode="sub"/>
<opset="p_addr12/1 "/>
</bind>
</comp>

<comp id="179" class="1004" name="p_addr12_cast_fu_179">
<pin_list>
<pin id="180" dir="0" index="0" bw="9" slack="0"/>
<pin id="181" dir="1" index="1" bw="10" slack="1"/>
</pin_list>
<bind>
<opcode="sext(35) " fcode="sext"/>
<opset="p_addr12_cast/1 "/>
</bind>
</comp>

<comp id="183" class="1004" name="exitcond1_fu_183">
<pin_list>
<pin id="184" dir="0" index="0" bw="5" slack="0"/>
<pin id="185" dir="0" index="1" bw="5" slack="0"/>
<pin id="186" dir="1" index="2" bw="1" slack="2147483647"/>
</pin_list>
<bind>
<opcode="icmp(45) " fcode="icmp"/>
<opset="exitcond1/2 "/>
</bind>
</comp>

<comp id="189" class="1004" name="i_5_fu_189">
<pin_list>
<pin id="190" dir="0" index="0" bw="5" slack="0"/>
<pin id="191" dir="0" index="1" bw="1" slack="0"/>
<pin id="192" dir="1" index="2" bw="5" slack="0"/>
</pin_list>
<bind>
<opcode="add(8) " fcode="add"/>
<opset="i_5/2 "/>
</bind>
</comp>

<comp id="195" class="1004" name="tmp_trn_cast_fu_195">
<pin_list>
<pin id="196" dir="0" index="0" bw="5" slack="0"/>
<pin id="197" dir="1" index="1" bw="10" slack="0"/>
</pin_list>
<bind>
<opcode="zext(34) " fcode="zext"/>
<opset="tmp_trn_cast/2 "/>
</bind>
</comp>

<comp id="199" class="1004" name="p_addr1_fu_199">
<pin_list>
<pin id="200" dir="0" index="0" bw="9" slack="1"/>
<pin id="201" dir="0" index="1" bw="5" slack="0"/>
<pin id="202" dir="1" index="2" bw="10" slack="0"/>
</pin_list>
<bind>
<opcode="add(8) " fcode="add"/>
<opset="p_addr1/2 "/>
</bind>
</comp>

<comp id="204" class="1004" name="tmp_388_fu_204">
<pin_list>
<pin id="205" dir="0" index="0" bw="15" slack="0"/>
<pin id="206" dir="0" index="1" bw="10" slack="0"/>
<pin id="207" dir="0" index="2" bw="1" slack="0"/>
<pin id="208" dir="1" index="3" bw="15" slack="0"/>
</pin_list>
<bind>
<opcode="bitconcatenate(1004) " fcode="bitconcatenate"/>
<opset="tmp_388/2 "/>
</bind>
</comp>

<comp id="212" class="1004" name="p_shl_fu_212">
<pin_list>
<pin id="213" dir="0" index="0" bw="15" slack="0"/>
<pin id="214" dir="1" index="1" bw="32" slack="0"/>
</pin_list>
<bind>
<opcode="sext(35) " fcode="sext"/>
<opset="p_shl/2 "/>
</bind>
</comp>

<comp id="216" class="1004" name="tmp_389_fu_216">
<pin_list>
<pin id="217" dir="0" index="0" bw="13" slack="0"/>
<pin id="218" dir="0" index="1" bw="10" slack="0"/>
<pin id="219" dir="0" index="2" bw="1" slack="0"/>
<pin id="220" dir="1" index="3" bw="13" slack="0"/>
</pin_list>
<bind>
<opcode="bitconcatenate(1004) " fcode="bitconcatenate"/>
<opset="tmp_389/2 "/>
</bind>
</comp>

<comp id="224" class="1004" name="p_shl1_fu_224">
<pin_list>
<pin id="225" dir="0" index="0" bw="13" slack="0"/>
<pin id="226" dir="1" index="1" bw="32" slack="0"/>
</pin_list>
<bind>
<opcode="sext(35) " fcode="sext"/>
<opset="p_shl1/2 "/>
</bind>
</comp>

<comp id="228" class="1004" name="p_addr2_fu_228">
<pin_list>
<pin id="229" dir="0" index="0" bw="15" slack="0"/>
<pin id="230" dir="0" index="1" bw="13" slack="0"/>
<pin id="231" dir="1" index="2" bw="32" slack="1"/>
</pin_list>
<bind>
<opcode="sub(10) " fcode="sub"/>
<opset="p_addr2/2 "/>
</bind>
</comp>

<comp id="234" class="1004" name="p_addr13_fu_234">
<pin_list>
<pin id="235" dir="0" index="0" bw="9" slack="1"/>
<pin id="236" dir="0" index="1" bw="5" slack="0"/>
<pin id="237" dir="1" index="2" bw="10" slack="0"/>
</pin_list>
<bind>
<opcode="add(8) " fcode="add"/>
<opset="p_addr13/2 "/>
</bind>
</comp>

<comp id="239" class="1004" name="tmp_390_fu_239">
<pin_list>
<pin id="240" dir="0" index="0" bw="15" slack="0"/>
<pin id="241" dir="0" index="1" bw="10" slack="0"/>
<pin id="242" dir="0" index="2" bw="1" slack="0"/>
<pin id="243" dir="1" index="3" bw="15" slack="0"/>
</pin_list>
<bind>
<opcode="bitconcatenate(1004) " fcode="bitconcatenate"/>
<opset="tmp_390/2 "/>
</bind>
</comp>

<comp id="247" class="1004" name="p_shl2_fu_247">
<pin_list>
<pin id="248" dir="0" index="0" bw="15" slack="0"/>
<pin id="249" dir="1" index="1" bw="32" slack="0"/>
</pin_list>
<bind>
<opcode="sext(35) " fcode="sext"/>
<opset="p_shl2/2 "/>
</bind>
</comp>

<comp id="251" class="1004" name="tmp_391_fu_251">
<pin_list>
<pin id="252" dir="0" index="0" bw="13" slack="0"/>
<pin id="253" dir="0" index="1" bw="10" slack="0"/>
<pin id="254" dir="0" index="2" bw="1" slack="0"/>
<pin id="255" dir="1" index="3" bw="13" slack="0"/>
</pin_list>
<bind>
<opcode="bitconcatenate(1004) " fcode="bitconcatenate"/>
<opset="tmp_391/2 "/>
</bind>
</comp>

<comp id="259" class="1004" name="p_shl3_fu_259">
<pin_list>
<pin id="260" dir="0" index="0" bw="13" slack="0"/>
<pin id="261" dir="1" index="1" bw="32" slack="0"/>
</pin_list>
<bind>
<opcode="sext(35) " fcode="sext"/>
<opset="p_shl3/2 "/>
</bind>
</comp>

<comp id="263" class="1004" name="p_addr15_fu_263">
<pin_list>
<pin id="264" dir="0" index="0" bw="15" slack="0"/>
<pin id="265" dir="0" index="1" bw="13" slack="0"/>
<pin id="266" dir="1" index="2" bw="32" slack="1"/>
</pin_list>
<bind>
<opcode="sub(10) " fcode="sub"/>
<opset="p_addr15/2 "/>
</bind>
</comp>

<comp id="269" class="1004" name="exitcond_fu_269">
<pin_list>
<pin id="270" dir="0" index="0" bw="5" slack="0"/>
<pin id="271" dir="0" index="1" bw="5" slack="0"/>
<pin id="272" dir="1" index="2" bw="1" slack="2147483647"/>
</pin_list>
<bind>
<opcode="icmp(45) " fcode="icmp"/>
<opset="exitcond/3 "/>
</bind>
</comp>

<comp id="275" class="1004" name="j_1_fu_275">
<pin_list>
<pin id="276" dir="0" index="0" bw="5" slack="0"/>
<pin id="277" dir="0" index="1" bw="1" slack="0"/>
<pin id="278" dir="1" index="2" bw="5" slack="0"/>
</pin_list>
<bind>
<opcode="add(8) " fcode="add"/>
<opset="j_1/3 "/>
</bind>
</comp>

<comp id="281" class="1004" name="tmp_trn_fu_281">
<pin_list>
<pin id="282" dir="0" index="0" bw="5" slack="0"/>
<pin id="283" dir="1" index="1" bw="32" slack="0"/>
</pin_list>
<bind>
<opcode="zext(34) " fcode="zext"/>
<opset="tmp_trn/3 "/>
</bind>
</comp>

<comp id="285" class="1004" name="p_addr3_fu_285">
<pin_list>
<pin id="286" dir="0" index="0" bw="5" slack="0"/>
<pin id="287" dir="0" index="1" bw="16" slack="1"/>
<pin id="288" dir="1" index="2" bw="32" slack="0"/>
</pin_list>
<bind>
<opcode="add(8) " fcode="add"/>
<opset="p_addr3/3 "/>
</bind>
</comp>

<comp id="290" class="1004" name="tmp_392_fu_290">
<pin_list>
<pin id="291" dir="0" index="0" bw="18" slack="0"/>
<pin id="292" dir="1" index="1" bw="64" slack="0"/>
</pin_list>
<bind>
<opcode="zext(34) " fcode="zext"/>
<opset="tmp_392/3 "/>
</bind>
</comp>

<comp id="295" class="1004" name="p_addr16_fu_295">
<pin_list>
<pin id="296" dir="0" index="0" bw="5" slack="0"/>
<pin id="297" dir="0" index="1" bw="16" slack="1"/>
<pin id="298" dir="1" index="2" bw="32" slack="3"/>
</pin_list>
<bind>
<opcode="add(8) " fcode="add"/>
<opset="p_addr16/3 "/>
</bind>
</comp>

<comp id="300" class="1004" name="inp_load_to_int_fu_300">
<pin_list>
<pin id="301" dir="0" index="0" bw="32" slack="1"/>
<pin id="302" dir="1" index="1" bw="32" slack="0"/>
</pin_list>
<bind>
<opcode="bitcast(44) " fcode="bitcast"/>
<opset="inp_load_to_int/5 "/>
</bind>
</comp>

<comp id="303" class="1004" name="tmp_s_fu_303">
<pin_list>
<pin id="304" dir="0" index="0" bw="8" slack="0"/>
<pin id="305" dir="0" index="1" bw="32" slack="0"/>
<pin id="306" dir="0" index="2" bw="6" slack="0"/>
<pin id="307" dir="0" index="3" bw="6" slack="0"/>
<pin id="308" dir="1" index="4" bw="8" slack="0"/>
</pin_list>
<bind>
<opcode="partselect(1002) " fcode="partselect"/>
<opset="tmp_s/5 "/>
</bind>
</comp>

<comp id="313" class="1004" name="tmp_393_fu_313">
<pin_list>
<pin id="314" dir="0" index="0" bw="32" slack="0"/>
<pin id="315" dir="1" index="1" bw="23" slack="0"/>
</pin_list>
<bind>
<opcode="trunc(33) " fcode="trunc"/>
<opset="tmp_393/5 "/>
</bind>
</comp>

<comp id="317" class="1004" name="notlhs_fu_317">
<pin_list>
<pin id="318" dir="0" index="0" bw="8" slack="0"/>
<pin id="319" dir="0" index="1" bw="8" slack="0"/>
<pin id="320" dir="1" index="2" bw="1" slack="0"/>
</pin_list>
<bind>
<opcode="icmp(45) " fcode="icmp"/>
<opset="notlhs/5 "/>
</bind>
</comp>

<comp id="323" class="1004" name="notrhs_fu_323">
<pin_list>
<pin id="324" dir="0" index="0" bw="23" slack="0"/>
<pin id="325" dir="0" index="1" bw="23" slack="0"/>
<pin id="326" dir="1" index="2" bw="1" slack="0"/>
</pin_list>
<bind>
<opcode="icmp(45) " fcode="icmp"/>
<opset="notrhs/5 "/>
</bind>
</comp>

<comp id="329" class="1004" name="tmp_329_fu_329">
<pin_list>
<pin id="330" dir="0" index="0" bw="1" slack="0"/>
<pin id="331" dir="0" index="1" bw="1" slack="0"/>
<pin id="332" dir="1" index="2" bw="1" slack="0"/>
</pin_list>
<bind>
<opcode="or(24) " fcode="or"/>
<opset="tmp_329/5 "/>
</bind>
</comp>

<comp id="335" class="1004" name="tmp_331_fu_335">
<pin_list>
<pin id="336" dir="0" index="0" bw="1" slack="0"/>
<pin id="337" dir="0" index="1" bw="1" slack="0"/>
<pin id="338" dir="1" index="2" bw="1" slack="1"/>
</pin_list>
<bind>
<opcode="and(23) " fcode="and"/>
<opset="tmp_331/5 "/>
</bind>
</comp>

<comp id="341" class="1004" name="tmp_394_fu_341">
<pin_list>
<pin id="342" dir="0" index="0" bw="18" slack="3"/>
<pin id="343" dir="1" index="1" bw="64" slack="0"/>
</pin_list>
<bind>
<opcode="zext(34) " fcode="zext"/>
<opset="tmp_394/6 "/>
</bind>
</comp>

<comp id="345" class="1004" name="inp_load_s_fu_345">
<pin_list>
<pin id="346" dir="0" index="0" bw="1" slack="1"/>
<pin id="347" dir="0" index="1" bw="32" slack="2"/>
<pin id="348" dir="0" index="2" bw="32" slack="0"/>
<pin id="349" dir="1" index="3" bw="32" slack="0"/>
</pin_list>
<bind>
<opcode="select(49) " fcode="select"/>
<opset="inp_load_s/6 "/>
</bind>
</comp>

<comp id="352" class="1005" name="p_addr_cast_reg_352">
<pin_list>
<pin id="353" dir="0" index="0" bw="10" slack="1"/>
<pin id="354" dir="1" index="1" bw="10" slack="1"/>
</pin_list>
<bind>
<opset="p_addr_cast "/>
</bind>
</comp>

<comp id="357" class="1005" name="p_addr12_cast_reg_357">
<pin_list>
<pin id="358" dir="0" index="0" bw="10" slack="1"/>
<pin id="359" dir="1" index="1" bw="10" slack="1"/>
</pin_list>
<bind>
<opset="p_addr12_cast "/>
</bind>
</comp>

<comp id="365" class="1005" name="i_5_reg_365">
<pin_list>
<pin id="366" dir="0" index="0" bw="5" slack="0"/>
<pin id="367" dir="1" index="1" bw="5" slack="0"/>
</pin_list>
<bind>
<opset="i_5 "/>
</bind>
</comp>

<comp id="370" class="1005" name="p_addr2_reg_370">
<pin_list>
<pin id="371" dir="0" index="0" bw="32" slack="1"/>
<pin id="372" dir="1" index="1" bw="32" slack="1"/>
</pin_list>
<bind>
<opset="p_addr2 "/>
</bind>
</comp>

<comp id="375" class="1005" name="p_addr15_reg_375">
<pin_list>
<pin id="376" dir="0" index="0" bw="32" slack="1"/>
<pin id="377" dir="1" index="1" bw="32" slack="1"/>
</pin_list>
<bind>
<opset="p_addr15 "/>
</bind>
</comp>

<comp id="383" class="1005" name="j_1_reg_383">
<pin_list>
<pin id="384" dir="0" index="0" bw="5" slack="0"/>
<pin id="385" dir="1" index="1" bw="5" slack="0"/>
</pin_list>
<bind>
<opset="j_1 "/>
</bind>
</comp>

<comp id="388" class="1005" name="inp_addr_reg_388">
<pin_list>
<pin id="389" dir="0" index="0" bw="12" slack="1"/>
<pin id="390" dir="1" index="1" bw="12" slack="1"/>
</pin_list>
<bind>
<opset="inp_addr "/>
</bind>
</comp>

<comp id="393" class="1005" name="p_addr16_reg_393">
<pin_list>
<pin id="394" dir="0" index="0" bw="32" slack="3"/>
<pin id="395" dir="1" index="1" bw="32" slack="3"/>
</pin_list>
<bind>
<opset="p_addr16 "/>
</bind>
</comp>

<comp id="398" class="1005" name="inp_load_reg_398">
<pin_list>
<pin id="399" dir="0" index="0" bw="32" slack="1"/>
<pin id="400" dir="1" index="1" bw="32" slack="1"/>
</pin_list>
<bind>
<opset="inp_load "/>
</bind>
</comp>

<comp id="405" class="1005" name="tmp_331_reg_405">
<pin_list>
<pin id="406" dir="0" index="0" bw="1" slack="1"/>
<pin id="407" dir="1" index="1" bw="1" slack="1"/>
</pin_list>
<bind>
<opset="tmp_331 "/>
</bind>
</comp>

</comp_list>

<net_list>
<net id="56"><net_src comp="8" pin="0"/><net_sink comp="52" pin=0"/></net>

<net id="57"><net_src comp="6" pin="0"/><net_sink comp="52" pin=1"/></net>

<net id="62"><net_src comp="8" pin="0"/><net_sink comp="58" pin=0"/></net>

<net id="63"><net_src comp="2" pin="0"/><net_sink comp="58" pin=1"/></net>

<net id="69"><net_src comp="0" pin="0"/><net_sink comp="64" pin=0"/></net>

<net id="70"><net_src comp="36" pin="0"/><net_sink comp="64" pin=1"/></net>

<net id="75"><net_src comp="64" pin="3"/><net_sink comp="71" pin=0"/></net>

<net id="81"><net_src comp="4" pin="0"/><net_sink comp="76" pin=0"/></net>

<net id="82"><net_src comp="36" pin="0"/><net_sink comp="76" pin=1"/></net>

<net id="87"><net_src comp="76" pin="3"/><net_sink comp="83" pin=0"/></net>

<net id="91"><net_src comp="12" pin="0"/><net_sink comp="88" pin=0"/></net>

<net id="98"><net_src comp="88" pin="1"/><net_sink comp="92" pin=0"/></net>

<net id="102"><net_src comp="12" pin="0"/><net_sink comp="99" pin=0"/></net>

<net id="109"><net_src comp="99" pin="1"/><net_sink comp="103" pin=0"/></net>

<net id="114"><net_src comp="50" pin="0"/><net_sink comp="110" pin=1"/></net>

<net id="120"><net_src comp="10" pin="0"/><net_sink comp="115" pin=0"/></net>

<net id="121"><net_src comp="58" pin="2"/><net_sink comp="115" pin=1"/></net>

<net id="122"><net_src comp="12" pin="0"/><net_sink comp="115" pin=2"/></net>

<net id="126"><net_src comp="115" pin="3"/><net_sink comp="123" pin=0"/></net>

<net id="132"><net_src comp="14" pin="0"/><net_sink comp="127" pin=0"/></net>

<net id="133"><net_src comp="58" pin="2"/><net_sink comp="127" pin=1"/></net>

<net id="134"><net_src comp="16" pin="0"/><net_sink comp="127" pin=2"/></net>

<net id="138"><net_src comp="127" pin="3"/><net_sink comp="135" pin=0"/></net>

<net id="143"><net_src comp="123" pin="1"/><net_sink comp="139" pin=0"/></net>

<net id="144"><net_src comp="135" pin="1"/><net_sink comp="139" pin=1"/></net>

<net id="148"><net_src comp="139" pin="2"/><net_sink comp="145" pin=0"/></net>

<net id="154"><net_src comp="10" pin="0"/><net_sink comp="149" pin=0"/></net>

<net id="155"><net_src comp="52" pin="2"/><net_sink comp="149" pin=1"/></net>

<net id="156"><net_src comp="12" pin="0"/><net_sink comp="149" pin=2"/></net>

<net id="160"><net_src comp="149" pin="3"/><net_sink comp="157" pin=0"/></net>

<net id="166"><net_src comp="14" pin="0"/><net_sink comp="161" pin=0"/></net>

<net id="167"><net_src comp="52" pin="2"/><net_sink comp="161" pin=1"/></net>

<net id="168"><net_src comp="16" pin="0"/><net_sink comp="161" pin=2"/></net>

<net id="172"><net_src comp="161" pin="3"/><net_sink comp="169" pin=0"/></net>

<net id="177"><net_src comp="157" pin="1"/><net_sink comp="173" pin=0"/></net>

<net id="178"><net_src comp="169" pin="1"/><net_sink comp="173" pin=1"/></net>

<net id="182"><net_src comp="173" pin="2"/><net_sink comp="179" pin=0"/></net>

<net id="187"><net_src comp="92" pin="4"/><net_sink comp="183" pin=0"/></net>

<net id="188"><net_src comp="18" pin="0"/><net_sink comp="183" pin=1"/></net>

<net id="193"><net_src comp="92" pin="4"/><net_sink comp="189" pin=0"/></net>

<net id="194"><net_src comp="24" pin="0"/><net_sink comp="189" pin=1"/></net>

<net id="198"><net_src comp="92" pin="4"/><net_sink comp="195" pin=0"/></net>

<net id="203"><net_src comp="195" pin="1"/><net_sink comp="199" pin=1"/></net>

<net id="209"><net_src comp="32" pin="0"/><net_sink comp="204" pin=0"/></net>

<net id="210"><net_src comp="199" pin="2"/><net_sink comp="204" pin=1"/></net>

<net id="211"><net_src comp="12" pin="0"/><net_sink comp="204" pin=2"/></net>

<net id="215"><net_src comp="204" pin="3"/><net_sink comp="212" pin=0"/></net>

<net id="221"><net_src comp="34" pin="0"/><net_sink comp="216" pin=0"/></net>

<net id="222"><net_src comp="199" pin="2"/><net_sink comp="216" pin=1"/></net>

<net id="223"><net_src comp="16" pin="0"/><net_sink comp="216" pin=2"/></net>

<net id="227"><net_src comp="216" pin="3"/><net_sink comp="224" pin=0"/></net>

<net id="232"><net_src comp="212" pin="1"/><net_sink comp="228" pin=0"/></net>

<net id="233"><net_src comp="224" pin="1"/><net_sink comp="228" pin=1"/></net>

<net id="238"><net_src comp="195" pin="1"/><net_sink comp="234" pin=1"/></net>

<net id="244"><net_src comp="32" pin="0"/><net_sink comp="239" pin=0"/></net>

<net id="245"><net_src comp="234" pin="2"/><net_sink comp="239" pin=1"/></net>

<net id="246"><net_src comp="12" pin="0"/><net_sink comp="239" pin=2"/></net>

<net id="250"><net_src comp="239" pin="3"/><net_sink comp="247" pin=0"/></net>

<net id="256"><net_src comp="34" pin="0"/><net_sink comp="251" pin=0"/></net>

<net id="257"><net_src comp="234" pin="2"/><net_sink comp="251" pin=1"/></net>

<net id="258"><net_src comp="16" pin="0"/><net_sink comp="251" pin=2"/></net>

<net id="262"><net_src comp="251" pin="3"/><net_sink comp="259" pin=0"/></net>

<net id="267"><net_src comp="247" pin="1"/><net_sink comp="263" pin=0"/></net>

<net id="268"><net_src comp="259" pin="1"/><net_sink comp="263" pin=1"/></net>

<net id="273"><net_src comp="103" pin="4"/><net_sink comp="269" pin=0"/></net>

<net id="274"><net_src comp="18" pin="0"/><net_sink comp="269" pin=1"/></net>

<net id="279"><net_src comp="103" pin="4"/><net_sink comp="275" pin=0"/></net>

<net id="280"><net_src comp="24" pin="0"/><net_sink comp="275" pin=1"/></net>

<net id="284"><net_src comp="103" pin="4"/><net_sink comp="281" pin=0"/></net>

<net id="289"><net_src comp="281" pin="1"/><net_sink comp="285" pin=0"/></net>

<net id="293"><net_src comp="285" pin="2"/><net_sink comp="290" pin=0"/></net>

<net id="294"><net_src comp="290" pin="1"/><net_sink comp="64" pin=2"/></net>

<net id="299"><net_src comp="281" pin="1"/><net_sink comp="295" pin=0"/></net>

<net id="309"><net_src comp="40" pin="0"/><net_sink comp="303" pin=0"/></net>

<net id="310"><net_src comp="300" pin="1"/><net_sink comp="303" pin=1"/></net>

<net id="311"><net_src comp="42" pin="0"/><net_sink comp="303" pin=2"/></net>

<net id="312"><net_src comp="44" pin="0"/><net_sink comp="303" pin=3"/></net>

<net id="316"><net_src comp="300" pin="1"/><net_sink comp="313" pin=0"/></net>

<net id="321"><net_src comp="303" pin="4"/><net_sink comp="317" pin=0"/></net>

<net id="322"><net_src comp="46" pin="0"/><net_sink comp="317" pin=1"/></net>

<net id="327"><net_src comp="313" pin="1"/><net_sink comp="323" pin=0"/></net>

<net id="328"><net_src comp="48" pin="0"/><net_sink comp="323" pin=1"/></net>

<net id="333"><net_src comp="323" pin="2"/><net_sink comp="329" pin=0"/></net>

<net id="334"><net_src comp="317" pin="2"/><net_sink comp="329" pin=1"/></net>

<net id="339"><net_src comp="329" pin="2"/><net_sink comp="335" pin=0"/></net>

<net id="340"><net_src comp="110" pin="2"/><net_sink comp="335" pin=1"/></net>

<net id="344"><net_src comp="341" pin="1"/><net_sink comp="76" pin=2"/></net>

<net id="350"><net_src comp="50" pin="0"/><net_sink comp="345" pin=2"/></net>

<net id="351"><net_src comp="345" pin="3"/><net_sink comp="83" pin=1"/></net>

<net id="355"><net_src comp="145" pin="1"/><net_sink comp="352" pin=0"/></net>

<net id="356"><net_src comp="352" pin="1"/><net_sink comp="199" pin=0"/></net>

<net id="360"><net_src comp="179" pin="1"/><net_sink comp="357" pin=0"/></net>

<net id="361"><net_src comp="357" pin="1"/><net_sink comp="234" pin=0"/></net>

<net id="368"><net_src comp="189" pin="2"/><net_sink comp="365" pin=0"/></net>

<net id="369"><net_src comp="365" pin="1"/><net_sink comp="92" pin=2"/></net>

<net id="373"><net_src comp="228" pin="2"/><net_sink comp="370" pin=0"/></net>

<net id="374"><net_src comp="370" pin="1"/><net_sink comp="285" pin=1"/></net>

<net id="378"><net_src comp="263" pin="2"/><net_sink comp="375" pin=0"/></net>

<net id="379"><net_src comp="375" pin="1"/><net_sink comp="295" pin=1"/></net>

<net id="386"><net_src comp="275" pin="2"/><net_sink comp="383" pin=0"/></net>

<net id="387"><net_src comp="383" pin="1"/><net_sink comp="103" pin=2"/></net>

<net id="391"><net_src comp="64" pin="3"/><net_sink comp="388" pin=0"/></net>

<net id="392"><net_src comp="388" pin="1"/><net_sink comp="71" pin=0"/></net>

<net id="396"><net_src comp="295" pin="2"/><net_sink comp="393" pin=0"/></net>

<net id="397"><net_src comp="393" pin="1"/><net_sink comp="341" pin=0"/></net>

<net id="401"><net_src comp="71" pin="2"/><net_sink comp="398" pin=0"/></net>

<net id="402"><net_src comp="398" pin="1"/><net_sink comp="300" pin=0"/></net>

<net id="403"><net_src comp="398" pin="1"/><net_sink comp="110" pin=0"/></net>

<net id="404"><net_src comp="398" pin="1"/><net_sink comp="345" pin=1"/></net>

<net id="408"><net_src comp="335" pin="2"/><net_sink comp="405" pin=0"/></net>

<net id="409"><net_src comp="405" pin="1"/><net_sink comp="345" pin=0"/></net>

</net_list>

</model> 
---------------- Datapath Model END ------------------

* FSMD analyzer results:
  - Output states:
  - Chain level:
	State 1
		p_shl9_cast : 1
		p_shl10_cast : 1
		p_addr : 2
		p_addr_cast : 3
		p_shl_cast : 1
		p_shl11_cast : 1
		p_addr12 : 2
		p_addr12_cast : 3
	State 2
		exitcond1 : 1
		i_5 : 1
		stg_26 : 2
		tmp_trn_cast : 1
		p_addr1 : 2
		tmp_388 : 3
		p_shl : 4
		tmp_389 : 3
		p_shl1 : 4
		p_addr2 : 5
		p_addr13 : 2
		tmp_390 : 3
		p_shl2 : 4
		tmp_391 : 3
		p_shl3 : 4
		p_addr15 : 5
	State 3
		exitcond : 1
		j_1 : 1
		stg_48 : 2
		tmp_trn : 1
		p_addr3 : 2
		tmp_392 : 3
		inp_addr : 4
		inp_load : 5
		p_addr16 : 2
	State 4
	State 5
		tmp_s : 1
		tmp_393 : 1
		notlhs : 2
		notrhs : 2
		tmp_329 : 3
		tmp_331 : 3
	State 6
		out_addr : 1
		stg_69 : 2


============================================================
+ Verbose Summary: Datapath Resource usage 
============================================================

* Functional unit list:
|----------|------------------------|---------|---------|---------|
| Operation|     Functional Unit    |  DSP48E |    FF   |   LUT   |
|----------|------------------------|---------|---------|---------|
|   fcmp   |     tmp_330_fu_110     |    0    |    66   |   239   |
|----------|------------------------|---------|---------|---------|
|          |       i_5_fu_189       |    0    |    0    |    5    |
|          |     p_addr1_fu_199     |    0    |    0    |    9    |
|    add   |     p_addr13_fu_234    |    0    |    0    |    9    |
|          |       j_1_fu_275       |    0    |    0    |    5    |
|          |     p_addr3_fu_285     |    0    |    0    |    16   |
|          |     p_addr16_fu_295    |    0    |    0    |    16   |
|----------|------------------------|---------|---------|---------|
|          |      p_addr_fu_139     |    0    |    0    |    8    |
|    sub   |     p_addr12_fu_173    |    0    |    0    |    8    |
|          |     p_addr2_fu_228     |    0    |    0    |    15   |
|          |     p_addr15_fu_263    |    0    |    0    |    15   |
|----------|------------------------|---------|---------|---------|
|  select  |    inp_load_s_fu_345   |    0    |    0    |    32   |
|----------|------------------------|---------|---------|---------|
|          |    exitcond1_fu_183    |    0    |    0    |    2    |
|   icmp   |     exitcond_fu_269    |    0    |    0    |    2    |
|          |      notlhs_fu_317     |    0    |    0    |    3    |
|          |      notrhs_fu_323     |    0    |    0    |    8    |
|----------|------------------------|---------|---------|---------|
|    or    |     tmp_329_fu_329     |    0    |    0    |    1    |
|----------|------------------------|---------|---------|---------|
|    and   |     tmp_331_fu_335     |    0    |    0    |    1    |
|----------|------------------------|---------|---------|---------|
|   read   | tmp_21_read_read_fu_52 |    0    |    0    |    0    |
|          |  tmp_2_read_read_fu_58 |    0    |    0    |    0    |
|----------|------------------------|---------|---------|---------|
|          |       tmp_fu_115       |    0    |    0    |    0    |
|          |     tmp_385_fu_127     |    0    |    0    |    0    |
|          |     tmp_386_fu_149     |    0    |    0    |    0    |
|bitconcatenate|     tmp_387_fu_161     |    0    |    0    |    0    |
|          |     tmp_388_fu_204     |    0    |    0    |    0    |
|          |     tmp_389_fu_216     |    0    |    0    |    0    |
|          |     tmp_390_fu_239     |    0    |    0    |    0    |
|          |     tmp_391_fu_251     |    0    |    0    |    0    |
|----------|------------------------|---------|---------|---------|
|          |   p_shl9_cast_fu_123   |    0    |    0    |    0    |
|          |   p_shl10_cast_fu_135  |    0    |    0    |    0    |
|          |    p_shl_cast_fu_157   |    0    |    0    |    0    |
|   zext   |   p_shl11_cast_fu_169  |    0    |    0    |    0    |
|          |   tmp_trn_cast_fu_195  |    0    |    0    |    0    |
|          |     tmp_trn_fu_281     |    0    |    0    |    0    |
|          |     tmp_392_fu_290     |    0    |    0    |    0    |
|          |     tmp_394_fu_341     |    0    |    0    |    0    |
|----------|------------------------|---------|---------|---------|
|          |   p_addr_cast_fu_145   |    0    |    0    |    0    |
|          |  p_addr12_cast_fu_179  |    0    |    0    |    0    |
|   sext   |      p_shl_fu_212      |    0    |    0    |    0    |
|          |      p_shl1_fu_224     |    0    |    0    |    0    |
|          |      p_shl2_fu_247     |    0    |    0    |    0    |
|          |      p_shl3_fu_259     |    0    |    0    |    0    |
|----------|------------------------|---------|---------|---------|
|partselect|      tmp_s_fu_303      |    0    |    0    |    0    |
|----------|------------------------|---------|---------|---------|
|   trunc  |     tmp_393_fu_313     |    0    |    0    |    0    |
|----------|------------------------|---------|---------|---------|
|   Total  |                        |    0    |    66   |   394   |
|----------|------------------------|---------|---------|---------|

Memories:
N/A

* Register list:
+---------------------+--------+
|                     |   FF   |
+---------------------+--------+
|     i_5_reg_365     |    5   |
|       i_reg_88      |    5   |
|   inp_addr_reg_388  |   12   |
|   inp_load_reg_398  |   32   |
|     j_1_reg_383     |    5   |
|       j_reg_99      |    5   |
|p_addr12_cast_reg_357|   10   |
|   p_addr15_reg_375  |   32   |
|   p_addr16_reg_393  |   32   |
|   p_addr2_reg_370   |   32   |
| p_addr_cast_reg_352 |   10   |
|   tmp_331_reg_405   |    1   |
+---------------------+--------+
|        Total        |   181  |
+---------------------+--------+

* Multiplexer (MUX) list: 
|------------------|------|------|------|--------||---------||---------|
|       Comp       |  Pin | Size |  BW  | S x BW ||  Delay  ||   LUT   |
|------------------|------|------|------|--------||---------||---------|
| grp_access_fu_71 |  p0  |   2  |  12  |   24   ||    12   |
|------------------|------|------|------|--------||---------||---------|
|       Total      |      |      |      |   24   ||  1.571  ||    12   |
|------------------|------|------|------|--------||---------||---------|



* Summary:
+-----------+--------+--------+--------+--------+
|           | DSP48E |  Delay |   FF   |   LUT  |
+-----------+--------+--------+--------+--------+
|  Function |    0   |    -   |   66   |   394  |
|   Memory  |    -   |    -   |    -   |    -   |
|Multiplexer|    -   |    1   |    -   |   12   |
|  Register |    -   |    -   |   181  |    -   |
+-----------+--------+--------+--------+--------+
|   Total   |    0   |    1   |   247  |   406  |
+-----------+--------+--------+--------+--------+
