

================================================================
== Vivado HLS Report for 'obj_detector_maxpool'
================================================================
* Date:           Thu Dec  1 08:40:30 2016

* Version:        2015.2 (Build 1266856 on Fri Jun 26 16:57:37 PM 2015)
* Project:        proj1_hls
* Solution:       solution1
* Product family: zynq
* Target device:  xc7z020clg484-1


================================================================
== Performance Estimates
================================================================
+ Timing (ns): 
    * Summary: 
    +--------+-------+----------+------------+
    |  Clock | Target| Estimated| Uncertainty|
    +--------+-------+----------+------------+
    |ap_clk  |  20.00|     14.95|        2.50|
    +--------+-------+----------+------------+

+ Latency (clock cycles): 
    * Summary: 
    +-----+-----+-----+-----+---------+
    |  Latency  |  Interval | Pipeline|
    | min | max | min | max |   Type  |
    +-----+-----+-----+-----+---------+
    |  290|  290|  290|  290|   none  |
    +-----+-----+-----+-----+---------+

    + Detail: 
        * Instance: 
        N/A

        * Loop: 
        +------------------+-----+-----+----------+-----------+-----------+------+----------+
        |                  |  Latency  | Iteration|  Initiation Interval  | Trip |          |
        |     Loop Name    | min | max |  Latency |  achieved |   target  | Count| Pipelined|
        +------------------+-----+-----+----------+-----------+-----------+------+----------+
        |- maxpool_label6  |  288|  288|        25|         24|          1|    12|    yes   |
        +------------------+-----+-----+----------+-----------+-----------+------+----------+



================================================================
== Utilization Estimates
================================================================
* Summary: 
+-----------------+---------+-------+--------+-------+
|       Name      | BRAM_18K| DSP48E|   FF   |  LUT  |
+-----------------+---------+-------+--------+-------+
|Expression       |        -|      -|       -|      -|
|FIFO             |        -|      -|       -|      -|
|Instance         |        -|      -|       -|      -|
|Memory           |        -|      -|       -|      -|
|Multiplexer      |        -|      -|       -|      -|
|Register         |        -|      -|       -|      -|
+-----------------+---------+-------+--------+-------+
|Total            |        0|      0|       0|      0|
+-----------------+---------+-------+--------+-------+
|Available        |      280|    220|  106400|  53200|
+-----------------+---------+-------+--------+-------+
|Utilization (%)  |        0|      0|       0|      0|
+-----------------+---------+-------+--------+-------+

+ Detail: 
    * Instance: 
    N/A

    * Memory: 
    N/A

    * FIFO: 
    N/A

    * Expression: 
    N/A

    * Multiplexer: 
    N/A

    * Register: 
    N/A



================================================================
== Interface
================================================================
* Summary: 
N/A

============================================================
+ Verbose Summary: Synthesis Manager
============================================================
InlineROM: 1
ExposeGlobal: 0
============================================================
+ Verbose Summary: CDFG Model
============================================================
IsTopModel: 0
ResetActiveHigh: 1
IsCombinational: 0
IsDatapathOnly: 0
HasWiredReturn: 1
HasMFsm: 0
HasVarLatency: 1
IsPipeline: 0
IsRtlPipelined: 0
IsInstanceOverlapped: 0
IsDontTouch: 0
HasImplIP: 0
IsGatedGlobalClock: 0

+ Individual pipeline summary: 
  * Pipeline-0: initiation interval (II) = 24, depth = 25


============================================================
+ Verbose Summary: Schedule
============================================================
* Number of FSM states: 27
* Pipeline: 1
  Pipeline-0: II = 24, D = 25, States = { 2 3 4 5 6 7 8 9 10 11 12 13 14 15 16 17 18 19 20 21 22 23 24 25 26 }
* Dataflow Pipeline: 0

* FSM state transitions: 
1 --> 
	2  / true
2 --> 
	27  / (exitcond1)
	3  / (!exitcond1)
3 --> 
	4  / true
4 --> 
	5  / true
5 --> 
	6  / true
6 --> 
	7  / true
7 --> 
	8  / true
8 --> 
	9  / true
9 --> 
	10  / true
10 --> 
	11  / true
11 --> 
	12  / true
12 --> 
	13  / true
13 --> 
	14  / true
14 --> 
	15  / true
15 --> 
	16  / true
16 --> 
	17  / true
17 --> 
	18  / true
18 --> 
	19  / true
19 --> 
	20  / true
20 --> 
	21  / true
21 --> 
	22  / true
22 --> 
	23  / true
23 --> 
	24  / true
24 --> 
	25  / true
25 --> 
	26  / true
26 --> 
	2  / true
27 --> 
* FSM state operations: 

 <State 1>: 1.72ns
ST_1: tmp_61_read [1/1] 0.00ns
:0  %tmp_61_read = call i3 @_ssdm_op_Read.ap_auto.i3(i3 %tmp_61)

ST_1: tmp_6_read [1/1] 0.00ns
:1  %tmp_6_read = call i3 @_ssdm_op_Read.ap_auto.i3(i3 %tmp_6)

ST_1: tmp_22 [1/1] 0.00ns
:2  %tmp_22 = call i8 @_ssdm_op_BitConcatenate.i8.i3.i5(i3 %tmp_6_read, i5 0)

ST_1: p_shl2_cast [1/1] 0.00ns
:3  %p_shl2_cast = zext i8 %tmp_22 to i9

ST_1: tmp_24 [1/1] 0.00ns
:4  %tmp_24 = call i6 @_ssdm_op_BitConcatenate.i6.i3.i3(i3 %tmp_6_read, i3 0)

ST_1: p_shl3_cast [1/1] 0.00ns
:5  %p_shl3_cast = zext i6 %tmp_24 to i9

ST_1: p_addr [1/1] 1.72ns
:6  %p_addr = sub i9 %p_shl2_cast, %p_shl3_cast

ST_1: p_addr_cast [1/1] 0.00ns
:7  %p_addr_cast = sext i9 %p_addr to i10

ST_1: tmp_31 [1/1] 0.00ns
:8  %tmp_31 = call i7 @_ssdm_op_BitConcatenate.i7.i3.i4(i3 %tmp_61_read, i4 0)

ST_1: p_shl_cast [1/1] 0.00ns
:9  %p_shl_cast = zext i7 %tmp_31 to i8

ST_1: tmp_33 [1/1] 0.00ns
:10  %tmp_33 = call i5 @_ssdm_op_BitConcatenate.i5.i3.i2(i3 %tmp_61_read, i2 0)

ST_1: p_shl4_cast [1/1] 0.00ns
:11  %p_shl4_cast = zext i5 %tmp_33 to i8

ST_1: p_addr12 [1/1] 1.72ns
:12  %p_addr12 = sub i8 %p_shl_cast, %p_shl4_cast

ST_1: p_addr12_cast [1/1] 0.00ns
:13  %p_addr12_cast = sext i8 %p_addr12 to i9

ST_1: stg_42 [1/1] 1.57ns
:14  br label %1


 <State 2>: 6.51ns
ST_2: i [1/1] 0.00ns
:0  %i = phi i4 [ 0, %0 ], [ %i_6, %._crit_edge.0 ]

ST_2: exitcond1 [1/1] 1.88ns
:1  %exitcond1 = icmp eq i4 %i, -4

ST_2: i_6 [1/1] 0.80ns
:2  %i_6 = add i4 %i, 1

ST_2: stg_46 [1/1] 0.00ns
:3  br i1 %exitcond1, label %2, label %._crit_edge.0

ST_2: tmp [1/1] 0.00ns
._crit_edge.0:4  %tmp = call i5 @_ssdm_op_BitConcatenate.i5.i4.i1(i4 %i, i1 false)

ST_2: tmp_1 [1/1] 0.00ns
._crit_edge.0:5  %tmp_1 = or i5 %tmp, 1

ST_2: tmp_trn_cast [1/1] 0.00ns
._crit_edge.0:6  %tmp_trn_cast = zext i5 %tmp to i10

ST_2: p_addr13 [1/1] 1.84ns
._crit_edge.0:7  %p_addr13 = add i10 %p_addr_cast, %tmp_trn_cast

ST_2: tmp_13 [1/1] 0.00ns
._crit_edge.0:8  %tmp_13 = call i15 @_ssdm_op_BitConcatenate.i15.i10.i5(i10 %p_addr13, i5 0)

ST_2: p_shl5 [1/1] 0.00ns
._crit_edge.0:9  %p_shl5 = sext i15 %tmp_13 to i32

ST_2: tmp_15 [1/1] 0.00ns
._crit_edge.0:10  %tmp_15 = call i13 @_ssdm_op_BitConcatenate.i13.i10.i3(i10 %p_addr13, i3 0)

ST_2: p_shl6 [1/1] 0.00ns
._crit_edge.0:11  %p_shl6 = sext i13 %tmp_15 to i32

ST_2: p_addr15 [1/1] 1.96ns
._crit_edge.0:12  %p_addr15 = sub i32 %p_shl5, %p_shl6

ST_2: tmp_40 [1/1] 0.00ns
._crit_edge.0:13  %tmp_40 = zext i32 %p_addr15 to i64

ST_2: inp_addr [1/1] 0.00ns
._crit_edge.0:14  %inp_addr = getelementptr [3456 x float]* %inp, i64 0, i64 %tmp_40

ST_2: inp_load [2/2] 2.71ns
._crit_edge.0:15  %inp_load = load float* %inp_addr, align 4

ST_2: p_addr16 [1/1] 0.00ns
._crit_edge.0:16  %p_addr16 = or i32 %p_addr15, 1

ST_2: tmp_42 [1/1] 0.00ns
._crit_edge.0:17  %tmp_42 = zext i32 %p_addr16 to i64

ST_2: inp_addr_1 [1/1] 0.00ns
._crit_edge.0:18  %inp_addr_1 = getelementptr [3456 x float]* %inp, i64 0, i64 %tmp_42

ST_2: inp_load_1 [2/2] 2.71ns
._crit_edge.0:19  %inp_load_1 = load float* %inp_addr_1, align 4

ST_2: tmp_2_trn_cast [1/1] 0.00ns
._crit_edge.0:36  %tmp_2_trn_cast = zext i5 %tmp_1 to i10

ST_2: p_addr17 [1/1] 1.84ns
._crit_edge.0:37  %p_addr17 = add i10 %p_addr_cast, %tmp_2_trn_cast

ST_2: tmp_3_trn_cast [1/1] 0.00ns
._crit_edge.0:82  %tmp_3_trn_cast = zext i4 %i to i9

ST_2: p_addr21 [1/1] 1.72ns
._crit_edge.0:83  %p_addr21 = add i9 %p_addr12_cast, %tmp_3_trn_cast


 <State 3>: 12.24ns
ST_3: inp_load [1/2] 2.71ns
._crit_edge.0:15  %inp_load = load float* %inp_addr, align 4

ST_3: inp_load_1 [1/2] 2.71ns
._crit_edge.0:19  %inp_load_1 = load float* %inp_addr_1, align 4

ST_3: inp_load_to_int [1/1] 0.00ns
._crit_edge.0:20  %inp_load_to_int = bitcast float %inp_load to i32

ST_3: tmp_4 [1/1] 0.00ns
._crit_edge.0:21  %tmp_4 = call i8 @_ssdm_op_PartSelect.i8.i32.i32.i32(i32 %inp_load_to_int, i32 23, i32 30)

ST_3: tmp_49 [1/1] 0.00ns
._crit_edge.0:22  %tmp_49 = trunc i32 %inp_load_to_int to i23

ST_3: inp_load_1_to_int [1/1] 0.00ns
._crit_edge.0:23  %inp_load_1_to_int = bitcast float %inp_load_1 to i32

ST_3: tmp_8 [1/1] 0.00ns
._crit_edge.0:24  %tmp_8 = call i8 @_ssdm_op_PartSelect.i8.i32.i32.i32(i32 %inp_load_1_to_int, i32 23, i32 30)

ST_3: tmp_51 [1/1] 0.00ns
._crit_edge.0:25  %tmp_51 = trunc i32 %inp_load_1_to_int to i23

ST_3: notlhs [1/1] 2.00ns
._crit_edge.0:26  %notlhs = icmp ne i8 %tmp_4, -1

ST_3: notrhs [1/1] 2.39ns
._crit_edge.0:27  %notrhs = icmp eq i23 %tmp_49, 0

ST_3: tmp_s [1/1] 1.37ns
._crit_edge.0:28  %tmp_s = or i1 %notrhs, %notlhs

ST_3: notlhs1 [1/1] 2.00ns
._crit_edge.0:29  %notlhs1 = icmp ne i8 %tmp_8, -1

ST_3: notrhs2 [1/1] 2.39ns
._crit_edge.0:30  %notrhs2 = icmp eq i23 %tmp_51, 0

ST_3: tmp_2 [1/1] 1.37ns
._crit_edge.0:31  %tmp_2 = or i1 %notrhs2, %notlhs1

ST_3: tmp_3 [1/1] 1.37ns
._crit_edge.0:32  %tmp_3 = and i1 %tmp_s, %tmp_2

ST_3: tmp_10 [1/1] 6.79ns
._crit_edge.0:33  %tmp_10 = fcmp ogt float %inp_load, %inp_load_1

ST_3: tmp_11 [1/1] 1.37ns
._crit_edge.0:34  %tmp_11 = and i1 %tmp_3, %tmp_10

ST_3: max4 [1/1] 1.37ns
._crit_edge.0:35  %max4 = select i1 %tmp_11, float %inp_load, float %inp_load_1

ST_3: p_addr22 [1/1] 0.00ns
._crit_edge.0:88  %p_addr22 = or i32 %p_addr15, 2

ST_3: tmp_97 [1/1] 0.00ns
._crit_edge.0:89  %tmp_97 = zext i32 %p_addr22 to i64

ST_3: inp_addr_4 [1/1] 0.00ns
._crit_edge.0:90  %inp_addr_4 = getelementptr [3456 x float]* %inp, i64 0, i64 %tmp_97

ST_3: inp_load_4 [2/2] 2.71ns
._crit_edge.0:91  %inp_load_4 = load float* %inp_addr_4, align 4

ST_3: p_addr23 [1/1] 0.00ns
._crit_edge.0:92  %p_addr23 = or i32 %p_addr15, 3

ST_3: tmp_104 [1/1] 0.00ns
._crit_edge.0:93  %tmp_104 = zext i32 %p_addr23 to i64

ST_3: inp_addr_5 [1/1] 0.00ns
._crit_edge.0:94  %inp_addr_5 = getelementptr [3456 x float]* %inp, i64 0, i64 %tmp_104

ST_3: inp_load_5 [2/2] 2.71ns
._crit_edge.0:95  %inp_load_5 = load float* %inp_addr_5, align 4


 <State 4>: 12.24ns
ST_4: inp_load_4 [1/2] 2.71ns
._crit_edge.0:91  %inp_load_4 = load float* %inp_addr_4, align 4

ST_4: inp_load_5 [1/2] 2.71ns
._crit_edge.0:95  %inp_load_5 = load float* %inp_addr_5, align 4

ST_4: inp_load_4_to_int [1/1] 0.00ns
._crit_edge.0:96  %inp_load_4_to_int = bitcast float %inp_load_4 to i32

ST_4: tmp_30 [1/1] 0.00ns
._crit_edge.0:97  %tmp_30 = call i8 @_ssdm_op_PartSelect.i8.i32.i32.i32(i32 %inp_load_4_to_int, i32 23, i32 30)

ST_4: tmp_106 [1/1] 0.00ns
._crit_edge.0:98  %tmp_106 = trunc i32 %inp_load_4_to_int to i23

ST_4: inp_load_5_to_int [1/1] 0.00ns
._crit_edge.0:99  %inp_load_5_to_int = bitcast float %inp_load_5 to i32

ST_4: tmp_32 [1/1] 0.00ns
._crit_edge.0:100  %tmp_32 = call i8 @_ssdm_op_PartSelect.i8.i32.i32.i32(i32 %inp_load_5_to_int, i32 23, i32 30)

ST_4: tmp_113 [1/1] 0.00ns
._crit_edge.0:101  %tmp_113 = trunc i32 %inp_load_5_to_int to i23

ST_4: notlhs2 [1/1] 2.00ns
._crit_edge.0:102  %notlhs2 = icmp ne i8 %tmp_30, -1

ST_4: notrhs3 [1/1] 2.39ns
._crit_edge.0:103  %notrhs3 = icmp eq i23 %tmp_106, 0

ST_4: tmp_34 [1/1] 1.37ns
._crit_edge.0:104  %tmp_34 = or i1 %notrhs3, %notlhs2

ST_4: notlhs4 [1/1] 2.00ns
._crit_edge.0:105  %notlhs4 = icmp ne i8 %tmp_32, -1

ST_4: notrhs5 [1/1] 2.39ns
._crit_edge.0:106  %notrhs5 = icmp eq i23 %tmp_113, 0

ST_4: tmp_35 [1/1] 1.37ns
._crit_edge.0:107  %tmp_35 = or i1 %notrhs5, %notlhs4

ST_4: tmp_36 [1/1] 1.37ns
._crit_edge.0:108  %tmp_36 = and i1 %tmp_34, %tmp_35

ST_4: tmp_37 [1/1] 6.79ns
._crit_edge.0:109  %tmp_37 = fcmp ogt float %inp_load_4, %inp_load_5

ST_4: tmp_38 [1/1] 1.37ns
._crit_edge.0:110  %tmp_38 = and i1 %tmp_36, %tmp_37

ST_4: max4_1 [1/1] 1.37ns
._crit_edge.0:111  %max4_1 = select i1 %tmp_38, float %inp_load_4, float %inp_load_5

ST_4: p_addr27 [1/1] 0.00ns
._crit_edge.0:154  %p_addr27 = or i32 %p_addr15, 4

ST_4: tmp_142 [1/1] 0.00ns
._crit_edge.0:155  %tmp_142 = zext i32 %p_addr27 to i64

ST_4: inp_addr_8 [1/1] 0.00ns
._crit_edge.0:156  %inp_addr_8 = getelementptr [3456 x float]* %inp, i64 0, i64 %tmp_142

ST_4: inp_load_8 [2/2] 2.71ns
._crit_edge.0:157  %inp_load_8 = load float* %inp_addr_8, align 4

ST_4: p_addr28 [1/1] 0.00ns
._crit_edge.0:158  %p_addr28 = or i32 %p_addr15, 5

ST_4: tmp_149 [1/1] 0.00ns
._crit_edge.0:159  %tmp_149 = zext i32 %p_addr28 to i64

ST_4: inp_addr_9 [1/1] 0.00ns
._crit_edge.0:160  %inp_addr_9 = getelementptr [3456 x float]* %inp, i64 0, i64 %tmp_149

ST_4: inp_load_9 [2/2] 2.71ns
._crit_edge.0:161  %inp_load_9 = load float* %inp_addr_9, align 4


 <State 5>: 12.24ns
ST_5: inp_load_8 [1/2] 2.71ns
._crit_edge.0:157  %inp_load_8 = load float* %inp_addr_8, align 4

ST_5: inp_load_9 [1/2] 2.71ns
._crit_edge.0:161  %inp_load_9 = load float* %inp_addr_9, align 4

ST_5: inp_load_8_to_int [1/1] 0.00ns
._crit_edge.0:162  %inp_load_8_to_int = bitcast float %inp_load_8 to i32

ST_5: tmp_57 [1/1] 0.00ns
._crit_edge.0:163  %tmp_57 = call i8 @_ssdm_op_PartSelect.i8.i32.i32.i32(i32 %inp_load_8_to_int, i32 23, i32 30)

ST_5: tmp_151 [1/1] 0.00ns
._crit_edge.0:164  %tmp_151 = trunc i32 %inp_load_8_to_int to i23

ST_5: inp_load_9_to_int [1/1] 0.00ns
._crit_edge.0:165  %inp_load_9_to_int = bitcast float %inp_load_9 to i32

ST_5: tmp_59 [1/1] 0.00ns
._crit_edge.0:166  %tmp_59 = call i8 @_ssdm_op_PartSelect.i8.i32.i32.i32(i32 %inp_load_9_to_int, i32 23, i32 30)

ST_5: tmp_158 [1/1] 0.00ns
._crit_edge.0:167  %tmp_158 = trunc i32 %inp_load_9_to_int to i23

ST_5: notlhs12 [1/1] 2.00ns
._crit_edge.0:168  %notlhs12 = icmp ne i8 %tmp_57, -1

ST_5: notrhs12 [1/1] 2.39ns
._crit_edge.0:169  %notrhs12 = icmp eq i23 %tmp_151, 0

ST_5: tmp_62 [1/1] 1.37ns
._crit_edge.0:170  %tmp_62 = or i1 %notrhs12, %notlhs12

ST_5: notlhs13 [1/1] 2.00ns
._crit_edge.0:171  %notlhs13 = icmp ne i8 %tmp_59, -1

ST_5: notrhs13 [1/1] 2.39ns
._crit_edge.0:172  %notrhs13 = icmp eq i23 %tmp_158, 0

ST_5: tmp_63 [1/1] 1.37ns
._crit_edge.0:173  %tmp_63 = or i1 %notrhs13, %notlhs13

ST_5: tmp_64 [1/1] 1.37ns
._crit_edge.0:174  %tmp_64 = and i1 %tmp_62, %tmp_63

ST_5: tmp_65 [1/1] 6.79ns
._crit_edge.0:175  %tmp_65 = fcmp ogt float %inp_load_8, %inp_load_9

ST_5: tmp_66 [1/1] 1.37ns
._crit_edge.0:176  %tmp_66 = and i1 %tmp_64, %tmp_65

ST_5: max4_2 [1/1] 1.37ns
._crit_edge.0:177  %max4_2 = select i1 %tmp_66, float %inp_load_8, float %inp_load_9

ST_5: p_addr31 [1/1] 0.00ns
._crit_edge.0:220  %p_addr31 = or i32 %p_addr15, 6

ST_5: tmp_187 [1/1] 0.00ns
._crit_edge.0:221  %tmp_187 = zext i32 %p_addr31 to i64

ST_5: inp_addr_12 [1/1] 0.00ns
._crit_edge.0:222  %inp_addr_12 = getelementptr [3456 x float]* %inp, i64 0, i64 %tmp_187

ST_5: inp_load_12 [2/2] 2.71ns
._crit_edge.0:223  %inp_load_12 = load float* %inp_addr_12, align 4

ST_5: p_addr33 [1/1] 0.00ns
._crit_edge.0:224  %p_addr33 = or i32 %p_addr15, 7

ST_5: tmp_194 [1/1] 0.00ns
._crit_edge.0:225  %tmp_194 = zext i32 %p_addr33 to i64

ST_5: inp_addr_13 [1/1] 0.00ns
._crit_edge.0:226  %inp_addr_13 = getelementptr [3456 x float]* %inp, i64 0, i64 %tmp_194

ST_5: inp_load_13 [2/2] 2.71ns
._crit_edge.0:227  %inp_load_13 = load float* %inp_addr_13, align 4


 <State 6>: 12.24ns
ST_6: inp_load_12 [1/2] 2.71ns
._crit_edge.0:223  %inp_load_12 = load float* %inp_addr_12, align 4

ST_6: inp_load_13 [1/2] 2.71ns
._crit_edge.0:227  %inp_load_13 = load float* %inp_addr_13, align 4

ST_6: inp_load_12_to_int [1/1] 0.00ns
._crit_edge.0:228  %inp_load_12_to_int = bitcast float %inp_load_12 to i32

ST_6: tmp_85 [1/1] 0.00ns
._crit_edge.0:229  %tmp_85 = call i8 @_ssdm_op_PartSelect.i8.i32.i32.i32(i32 %inp_load_12_to_int, i32 23, i32 30)

ST_6: tmp_196 [1/1] 0.00ns
._crit_edge.0:230  %tmp_196 = trunc i32 %inp_load_12_to_int to i23

ST_6: inp_load_13_to_int [1/1] 0.00ns
._crit_edge.0:231  %inp_load_13_to_int = bitcast float %inp_load_13 to i32

ST_6: tmp_87 [1/1] 0.00ns
._crit_edge.0:232  %tmp_87 = call i8 @_ssdm_op_PartSelect.i8.i32.i32.i32(i32 %inp_load_13_to_int, i32 23, i32 30)

ST_6: tmp_203 [1/1] 0.00ns
._crit_edge.0:233  %tmp_203 = trunc i32 %inp_load_13_to_int to i23

ST_6: notlhs18 [1/1] 2.00ns
._crit_edge.0:234  %notlhs18 = icmp ne i8 %tmp_85, -1

ST_6: notrhs18 [1/1] 2.39ns
._crit_edge.0:235  %notrhs18 = icmp eq i23 %tmp_196, 0

ST_6: tmp_89 [1/1] 1.37ns
._crit_edge.0:236  %tmp_89 = or i1 %notrhs18, %notlhs18

ST_6: notlhs19 [1/1] 2.00ns
._crit_edge.0:237  %notlhs19 = icmp ne i8 %tmp_87, -1

ST_6: notrhs19 [1/1] 2.39ns
._crit_edge.0:238  %notrhs19 = icmp eq i23 %tmp_203, 0

ST_6: tmp_90 [1/1] 1.37ns
._crit_edge.0:239  %tmp_90 = or i1 %notrhs19, %notlhs19

ST_6: tmp_91 [1/1] 1.37ns
._crit_edge.0:240  %tmp_91 = and i1 %tmp_89, %tmp_90

ST_6: tmp_92 [1/1] 6.79ns
._crit_edge.0:241  %tmp_92 = fcmp ogt float %inp_load_12, %inp_load_13

ST_6: tmp_93 [1/1] 1.37ns
._crit_edge.0:242  %tmp_93 = and i1 %tmp_91, %tmp_92

ST_6: max4_3 [1/1] 1.37ns
._crit_edge.0:243  %max4_3 = select i1 %tmp_93, float %inp_load_12, float %inp_load_13

ST_6: p_addr36 [1/1] 0.00ns
._crit_edge.0:286  %p_addr36 = or i32 %p_addr15, 8

ST_6: tmp_232 [1/1] 0.00ns
._crit_edge.0:287  %tmp_232 = zext i32 %p_addr36 to i64

ST_6: inp_addr_16 [1/1] 0.00ns
._crit_edge.0:288  %inp_addr_16 = getelementptr [3456 x float]* %inp, i64 0, i64 %tmp_232

ST_6: inp_load_16 [2/2] 2.71ns
._crit_edge.0:289  %inp_load_16 = load float* %inp_addr_16, align 4

ST_6: p_addr37 [1/1] 0.00ns
._crit_edge.0:290  %p_addr37 = or i32 %p_addr15, 9

ST_6: tmp_239 [1/1] 0.00ns
._crit_edge.0:291  %tmp_239 = zext i32 %p_addr37 to i64

ST_6: inp_addr_17 [1/1] 0.00ns
._crit_edge.0:292  %inp_addr_17 = getelementptr [3456 x float]* %inp, i64 0, i64 %tmp_239

ST_6: inp_load_17 [2/2] 2.71ns
._crit_edge.0:293  %inp_load_17 = load float* %inp_addr_17, align 4


 <State 7>: 12.24ns
ST_7: inp_load_16 [1/2] 2.71ns
._crit_edge.0:289  %inp_load_16 = load float* %inp_addr_16, align 4

ST_7: inp_load_17 [1/2] 2.71ns
._crit_edge.0:293  %inp_load_17 = load float* %inp_addr_17, align 4

ST_7: inp_load_16_to_int [1/1] 0.00ns
._crit_edge.0:294  %inp_load_16_to_int = bitcast float %inp_load_16 to i32

ST_7: tmp_112 [1/1] 0.00ns
._crit_edge.0:295  %tmp_112 = call i8 @_ssdm_op_PartSelect.i8.i32.i32.i32(i32 %inp_load_16_to_int, i32 23, i32 30)

ST_7: tmp_241 [1/1] 0.00ns
._crit_edge.0:296  %tmp_241 = trunc i32 %inp_load_16_to_int to i23

ST_7: inp_load_17_to_int [1/1] 0.00ns
._crit_edge.0:297  %inp_load_17_to_int = bitcast float %inp_load_17 to i32

ST_7: tmp_114 [1/1] 0.00ns
._crit_edge.0:298  %tmp_114 = call i8 @_ssdm_op_PartSelect.i8.i32.i32.i32(i32 %inp_load_17_to_int, i32 23, i32 30)

ST_7: tmp_248 [1/1] 0.00ns
._crit_edge.0:299  %tmp_248 = trunc i32 %inp_load_17_to_int to i23

ST_7: notlhs24 [1/1] 2.00ns
._crit_edge.0:300  %notlhs24 = icmp ne i8 %tmp_112, -1

ST_7: notrhs24 [1/1] 2.39ns
._crit_edge.0:301  %notrhs24 = icmp eq i23 %tmp_241, 0

ST_7: tmp_116 [1/1] 1.37ns
._crit_edge.0:302  %tmp_116 = or i1 %notrhs24, %notlhs24

ST_7: notlhs25 [1/1] 2.00ns
._crit_edge.0:303  %notlhs25 = icmp ne i8 %tmp_114, -1

ST_7: notrhs25 [1/1] 2.39ns
._crit_edge.0:304  %notrhs25 = icmp eq i23 %tmp_248, 0

ST_7: tmp_117 [1/1] 1.37ns
._crit_edge.0:305  %tmp_117 = or i1 %notrhs25, %notlhs25

ST_7: tmp_118 [1/1] 1.37ns
._crit_edge.0:306  %tmp_118 = and i1 %tmp_116, %tmp_117

ST_7: tmp_119 [1/1] 6.79ns
._crit_edge.0:307  %tmp_119 = fcmp ogt float %inp_load_16, %inp_load_17

ST_7: tmp_120 [1/1] 1.37ns
._crit_edge.0:308  %tmp_120 = and i1 %tmp_118, %tmp_119

ST_7: max4_4 [1/1] 1.37ns
._crit_edge.0:309  %max4_4 = select i1 %tmp_120, float %inp_load_16, float %inp_load_17

ST_7: p_addr41 [1/1] 0.00ns
._crit_edge.0:352  %p_addr41 = or i32 %p_addr15, 10

ST_7: tmp_277 [1/1] 0.00ns
._crit_edge.0:353  %tmp_277 = zext i32 %p_addr41 to i64

ST_7: inp_addr_20 [1/1] 0.00ns
._crit_edge.0:354  %inp_addr_20 = getelementptr [3456 x float]* %inp, i64 0, i64 %tmp_277

ST_7: inp_load_20 [2/2] 2.71ns
._crit_edge.0:355  %inp_load_20 = load float* %inp_addr_20, align 4

ST_7: p_addr42 [1/1] 0.00ns
._crit_edge.0:356  %p_addr42 = or i32 %p_addr15, 11

ST_7: tmp_284 [1/1] 0.00ns
._crit_edge.0:357  %tmp_284 = zext i32 %p_addr42 to i64

ST_7: inp_addr_21 [1/1] 0.00ns
._crit_edge.0:358  %inp_addr_21 = getelementptr [3456 x float]* %inp, i64 0, i64 %tmp_284

ST_7: inp_load_21 [2/2] 2.71ns
._crit_edge.0:359  %inp_load_21 = load float* %inp_addr_21, align 4


 <State 8>: 12.24ns
ST_8: inp_load_20 [1/2] 2.71ns
._crit_edge.0:355  %inp_load_20 = load float* %inp_addr_20, align 4

ST_8: inp_load_21 [1/2] 2.71ns
._crit_edge.0:359  %inp_load_21 = load float* %inp_addr_21, align 4

ST_8: inp_load_20_to_int [1/1] 0.00ns
._crit_edge.0:360  %inp_load_20_to_int = bitcast float %inp_load_20 to i32

ST_8: tmp_139 [1/1] 0.00ns
._crit_edge.0:361  %tmp_139 = call i8 @_ssdm_op_PartSelect.i8.i32.i32.i32(i32 %inp_load_20_to_int, i32 23, i32 30)

ST_8: tmp_286 [1/1] 0.00ns
._crit_edge.0:362  %tmp_286 = trunc i32 %inp_load_20_to_int to i23

ST_8: inp_load_21_to_int [1/1] 0.00ns
._crit_edge.0:363  %inp_load_21_to_int = bitcast float %inp_load_21 to i32

ST_8: tmp_141 [1/1] 0.00ns
._crit_edge.0:364  %tmp_141 = call i8 @_ssdm_op_PartSelect.i8.i32.i32.i32(i32 %inp_load_21_to_int, i32 23, i32 30)

ST_8: tmp_293 [1/1] 0.00ns
._crit_edge.0:365  %tmp_293 = trunc i32 %inp_load_21_to_int to i23

ST_8: notlhs30 [1/1] 2.00ns
._crit_edge.0:366  %notlhs30 = icmp ne i8 %tmp_139, -1

ST_8: notrhs30 [1/1] 2.39ns
._crit_edge.0:367  %notrhs30 = icmp eq i23 %tmp_286, 0

ST_8: tmp_143 [1/1] 1.37ns
._crit_edge.0:368  %tmp_143 = or i1 %notrhs30, %notlhs30

ST_8: notlhs31 [1/1] 2.00ns
._crit_edge.0:369  %notlhs31 = icmp ne i8 %tmp_141, -1

ST_8: notrhs31 [1/1] 2.39ns
._crit_edge.0:370  %notrhs31 = icmp eq i23 %tmp_293, 0

ST_8: tmp_144 [1/1] 1.37ns
._crit_edge.0:371  %tmp_144 = or i1 %notrhs31, %notlhs31

ST_8: tmp_145 [1/1] 1.37ns
._crit_edge.0:372  %tmp_145 = and i1 %tmp_143, %tmp_144

ST_8: tmp_146 [1/1] 6.79ns
._crit_edge.0:373  %tmp_146 = fcmp ogt float %inp_load_20, %inp_load_21

ST_8: tmp_147 [1/1] 1.37ns
._crit_edge.0:374  %tmp_147 = and i1 %tmp_145, %tmp_146

ST_8: max4_5 [1/1] 1.37ns
._crit_edge.0:375  %max4_5 = select i1 %tmp_147, float %inp_load_20, float %inp_load_21

ST_8: p_addr46 [1/1] 0.00ns
._crit_edge.0:418  %p_addr46 = or i32 %p_addr15, 12

ST_8: tmp_322 [1/1] 0.00ns
._crit_edge.0:419  %tmp_322 = zext i32 %p_addr46 to i64

ST_8: inp_addr_24 [1/1] 0.00ns
._crit_edge.0:420  %inp_addr_24 = getelementptr [3456 x float]* %inp, i64 0, i64 %tmp_322

ST_8: inp_load_24 [2/2] 2.71ns
._crit_edge.0:421  %inp_load_24 = load float* %inp_addr_24, align 4

ST_8: p_addr47 [1/1] 0.00ns
._crit_edge.0:422  %p_addr47 = or i32 %p_addr15, 13

ST_8: tmp_328 [1/1] 0.00ns
._crit_edge.0:423  %tmp_328 = zext i32 %p_addr47 to i64

ST_8: inp_addr_25 [1/1] 0.00ns
._crit_edge.0:424  %inp_addr_25 = getelementptr [3456 x float]* %inp, i64 0, i64 %tmp_328

ST_8: inp_load_25 [2/2] 2.71ns
._crit_edge.0:425  %inp_load_25 = load float* %inp_addr_25, align 4


 <State 9>: 12.24ns
ST_9: inp_load_24 [1/2] 2.71ns
._crit_edge.0:421  %inp_load_24 = load float* %inp_addr_24, align 4

ST_9: inp_load_25 [1/2] 2.71ns
._crit_edge.0:425  %inp_load_25 = load float* %inp_addr_25, align 4

ST_9: inp_load_24_to_int [1/1] 0.00ns
._crit_edge.0:426  %inp_load_24_to_int = bitcast float %inp_load_24 to i32

ST_9: tmp_166 [1/1] 0.00ns
._crit_edge.0:427  %tmp_166 = call i8 @_ssdm_op_PartSelect.i8.i32.i32.i32(i32 %inp_load_24_to_int, i32 23, i32 30)

ST_9: tmp_329 [1/1] 0.00ns
._crit_edge.0:428  %tmp_329 = trunc i32 %inp_load_24_to_int to i23

ST_9: inp_load_25_to_int [1/1] 0.00ns
._crit_edge.0:429  %inp_load_25_to_int = bitcast float %inp_load_25 to i32

ST_9: tmp_168 [1/1] 0.00ns
._crit_edge.0:430  %tmp_168 = call i8 @_ssdm_op_PartSelect.i8.i32.i32.i32(i32 %inp_load_25_to_int, i32 23, i32 30)

ST_9: tmp_330 [1/1] 0.00ns
._crit_edge.0:431  %tmp_330 = trunc i32 %inp_load_25_to_int to i23

ST_9: notlhs36 [1/1] 2.00ns
._crit_edge.0:432  %notlhs36 = icmp ne i8 %tmp_166, -1

ST_9: notrhs36 [1/1] 2.39ns
._crit_edge.0:433  %notrhs36 = icmp eq i23 %tmp_329, 0

ST_9: tmp_170 [1/1] 1.37ns
._crit_edge.0:434  %tmp_170 = or i1 %notrhs36, %notlhs36

ST_9: notlhs37 [1/1] 2.00ns
._crit_edge.0:435  %notlhs37 = icmp ne i8 %tmp_168, -1

ST_9: notrhs37 [1/1] 2.39ns
._crit_edge.0:436  %notrhs37 = icmp eq i23 %tmp_330, 0

ST_9: tmp_171 [1/1] 1.37ns
._crit_edge.0:437  %tmp_171 = or i1 %notrhs37, %notlhs37

ST_9: tmp_172 [1/1] 1.37ns
._crit_edge.0:438  %tmp_172 = and i1 %tmp_170, %tmp_171

ST_9: tmp_173 [1/1] 6.79ns
._crit_edge.0:439  %tmp_173 = fcmp ogt float %inp_load_24, %inp_load_25

ST_9: tmp_174 [1/1] 1.37ns
._crit_edge.0:440  %tmp_174 = and i1 %tmp_172, %tmp_173

ST_9: max4_6 [1/1] 1.37ns
._crit_edge.0:441  %max4_6 = select i1 %tmp_174, float %inp_load_24, float %inp_load_25

ST_9: p_addr51 [1/1] 0.00ns
._crit_edge.0:484  %p_addr51 = or i32 %p_addr15, 14

ST_9: tmp_337 [1/1] 0.00ns
._crit_edge.0:485  %tmp_337 = zext i32 %p_addr51 to i64

ST_9: inp_addr_28 [1/1] 0.00ns
._crit_edge.0:486  %inp_addr_28 = getelementptr [3456 x float]* %inp, i64 0, i64 %tmp_337

ST_9: inp_load_28 [2/2] 2.71ns
._crit_edge.0:487  %inp_load_28 = load float* %inp_addr_28, align 4

ST_9: p_addr52 [1/1] 0.00ns
._crit_edge.0:488  %p_addr52 = or i32 %p_addr15, 15

ST_9: tmp_338 [1/1] 0.00ns
._crit_edge.0:489  %tmp_338 = zext i32 %p_addr52 to i64

ST_9: inp_addr_29 [1/1] 0.00ns
._crit_edge.0:490  %inp_addr_29 = getelementptr [3456 x float]* %inp, i64 0, i64 %tmp_338

ST_9: inp_load_29 [2/2] 2.71ns
._crit_edge.0:491  %inp_load_29 = load float* %inp_addr_29, align 4


 <State 10>: 12.24ns
ST_10: inp_load_28 [1/2] 2.71ns
._crit_edge.0:487  %inp_load_28 = load float* %inp_addr_28, align 4

ST_10: inp_load_29 [1/2] 2.71ns
._crit_edge.0:491  %inp_load_29 = load float* %inp_addr_29, align 4

ST_10: inp_load_28_to_int [1/1] 0.00ns
._crit_edge.0:492  %inp_load_28_to_int = bitcast float %inp_load_28 to i32

ST_10: tmp_193 [1/1] 0.00ns
._crit_edge.0:493  %tmp_193 = call i8 @_ssdm_op_PartSelect.i8.i32.i32.i32(i32 %inp_load_28_to_int, i32 23, i32 30)

ST_10: tmp_339 [1/1] 0.00ns
._crit_edge.0:494  %tmp_339 = trunc i32 %inp_load_28_to_int to i23

ST_10: inp_load_29_to_int [1/1] 0.00ns
._crit_edge.0:495  %inp_load_29_to_int = bitcast float %inp_load_29 to i32

ST_10: tmp_195 [1/1] 0.00ns
._crit_edge.0:496  %tmp_195 = call i8 @_ssdm_op_PartSelect.i8.i32.i32.i32(i32 %inp_load_29_to_int, i32 23, i32 30)

ST_10: tmp_340 [1/1] 0.00ns
._crit_edge.0:497  %tmp_340 = trunc i32 %inp_load_29_to_int to i23

ST_10: notlhs42 [1/1] 2.00ns
._crit_edge.0:498  %notlhs42 = icmp ne i8 %tmp_193, -1

ST_10: notrhs42 [1/1] 2.39ns
._crit_edge.0:499  %notrhs42 = icmp eq i23 %tmp_339, 0

ST_10: tmp_197 [1/1] 1.37ns
._crit_edge.0:500  %tmp_197 = or i1 %notrhs42, %notlhs42

ST_10: notlhs43 [1/1] 2.00ns
._crit_edge.0:501  %notlhs43 = icmp ne i8 %tmp_195, -1

ST_10: notrhs43 [1/1] 2.39ns
._crit_edge.0:502  %notrhs43 = icmp eq i23 %tmp_340, 0

ST_10: tmp_198 [1/1] 1.37ns
._crit_edge.0:503  %tmp_198 = or i1 %notrhs43, %notlhs43

ST_10: tmp_199 [1/1] 1.37ns
._crit_edge.0:504  %tmp_199 = and i1 %tmp_197, %tmp_198

ST_10: tmp_200 [1/1] 6.79ns
._crit_edge.0:505  %tmp_200 = fcmp ogt float %inp_load_28, %inp_load_29

ST_10: tmp_201 [1/1] 1.37ns
._crit_edge.0:506  %tmp_201 = and i1 %tmp_199, %tmp_200

ST_10: max4_7 [1/1] 1.37ns
._crit_edge.0:507  %max4_7 = select i1 %tmp_201, float %inp_load_28, float %inp_load_29

ST_10: p_addr55 [1/1] 1.96ns
._crit_edge.0:550  %p_addr55 = add i32 16, %p_addr15

ST_10: tmp_347 [1/1] 0.00ns
._crit_edge.0:551  %tmp_347 = zext i32 %p_addr55 to i64

ST_10: inp_addr_32 [1/1] 0.00ns
._crit_edge.0:552  %inp_addr_32 = getelementptr [3456 x float]* %inp, i64 0, i64 %tmp_347

ST_10: inp_load_32 [2/2] 2.71ns
._crit_edge.0:553  %inp_load_32 = load float* %inp_addr_32, align 4

ST_10: p_addr57 [1/1] 1.96ns
._crit_edge.0:554  %p_addr57 = add i32 17, %p_addr15

ST_10: tmp_348 [1/1] 0.00ns
._crit_edge.0:555  %tmp_348 = zext i32 %p_addr57 to i64

ST_10: inp_addr_33 [1/1] 0.00ns
._crit_edge.0:556  %inp_addr_33 = getelementptr [3456 x float]* %inp, i64 0, i64 %tmp_348

ST_10: inp_load_33 [2/2] 2.71ns
._crit_edge.0:557  %inp_load_33 = load float* %inp_addr_33, align 4


 <State 11>: 12.24ns
ST_11: inp_load_32 [1/2] 2.71ns
._crit_edge.0:553  %inp_load_32 = load float* %inp_addr_32, align 4

ST_11: inp_load_33 [1/2] 2.71ns
._crit_edge.0:557  %inp_load_33 = load float* %inp_addr_33, align 4

ST_11: inp_load_32_to_int [1/1] 0.00ns
._crit_edge.0:558  %inp_load_32_to_int = bitcast float %inp_load_32 to i32

ST_11: tmp_220 [1/1] 0.00ns
._crit_edge.0:559  %tmp_220 = call i8 @_ssdm_op_PartSelect.i8.i32.i32.i32(i32 %inp_load_32_to_int, i32 23, i32 30)

ST_11: tmp_349 [1/1] 0.00ns
._crit_edge.0:560  %tmp_349 = trunc i32 %inp_load_32_to_int to i23

ST_11: inp_load_33_to_int [1/1] 0.00ns
._crit_edge.0:561  %inp_load_33_to_int = bitcast float %inp_load_33 to i32

ST_11: tmp_222 [1/1] 0.00ns
._crit_edge.0:562  %tmp_222 = call i8 @_ssdm_op_PartSelect.i8.i32.i32.i32(i32 %inp_load_33_to_int, i32 23, i32 30)

ST_11: tmp_350 [1/1] 0.00ns
._crit_edge.0:563  %tmp_350 = trunc i32 %inp_load_33_to_int to i23

ST_11: notlhs48 [1/1] 2.00ns
._crit_edge.0:564  %notlhs48 = icmp ne i8 %tmp_220, -1

ST_11: notrhs48 [1/1] 2.39ns
._crit_edge.0:565  %notrhs48 = icmp eq i23 %tmp_349, 0

ST_11: tmp_224 [1/1] 1.37ns
._crit_edge.0:566  %tmp_224 = or i1 %notrhs48, %notlhs48

ST_11: notlhs49 [1/1] 2.00ns
._crit_edge.0:567  %notlhs49 = icmp ne i8 %tmp_222, -1

ST_11: notrhs49 [1/1] 2.39ns
._crit_edge.0:568  %notrhs49 = icmp eq i23 %tmp_350, 0

ST_11: tmp_225 [1/1] 1.37ns
._crit_edge.0:569  %tmp_225 = or i1 %notrhs49, %notlhs49

ST_11: tmp_226 [1/1] 1.37ns
._crit_edge.0:570  %tmp_226 = and i1 %tmp_224, %tmp_225

ST_11: tmp_227 [1/1] 6.79ns
._crit_edge.0:571  %tmp_227 = fcmp ogt float %inp_load_32, %inp_load_33

ST_11: tmp_228 [1/1] 1.37ns
._crit_edge.0:572  %tmp_228 = and i1 %tmp_226, %tmp_227

ST_11: max4_8 [1/1] 1.37ns
._crit_edge.0:573  %max4_8 = select i1 %tmp_228, float %inp_load_32, float %inp_load_33

ST_11: p_addr60 [1/1] 1.96ns
._crit_edge.0:616  %p_addr60 = add i32 18, %p_addr15

ST_11: tmp_357 [1/1] 0.00ns
._crit_edge.0:617  %tmp_357 = zext i32 %p_addr60 to i64

ST_11: inp_addr_36 [1/1] 0.00ns
._crit_edge.0:618  %inp_addr_36 = getelementptr [3456 x float]* %inp, i64 0, i64 %tmp_357

ST_11: inp_load_36 [2/2] 2.71ns
._crit_edge.0:619  %inp_load_36 = load float* %inp_addr_36, align 4

ST_11: p_addr61 [1/1] 1.96ns
._crit_edge.0:620  %p_addr61 = add i32 19, %p_addr15

ST_11: tmp_358 [1/1] 0.00ns
._crit_edge.0:621  %tmp_358 = zext i32 %p_addr61 to i64

ST_11: inp_addr_37 [1/1] 0.00ns
._crit_edge.0:622  %inp_addr_37 = getelementptr [3456 x float]* %inp, i64 0, i64 %tmp_358

ST_11: inp_load_37 [2/2] 2.71ns
._crit_edge.0:623  %inp_load_37 = load float* %inp_addr_37, align 4


 <State 12>: 12.24ns
ST_12: inp_load_36 [1/2] 2.71ns
._crit_edge.0:619  %inp_load_36 = load float* %inp_addr_36, align 4

ST_12: inp_load_37 [1/2] 2.71ns
._crit_edge.0:623  %inp_load_37 = load float* %inp_addr_37, align 4

ST_12: inp_load_36_to_int [1/1] 0.00ns
._crit_edge.0:624  %inp_load_36_to_int = bitcast float %inp_load_36 to i32

ST_12: tmp_247 [1/1] 0.00ns
._crit_edge.0:625  %tmp_247 = call i8 @_ssdm_op_PartSelect.i8.i32.i32.i32(i32 %inp_load_36_to_int, i32 23, i32 30)

ST_12: tmp_359 [1/1] 0.00ns
._crit_edge.0:626  %tmp_359 = trunc i32 %inp_load_36_to_int to i23

ST_12: inp_load_37_to_int [1/1] 0.00ns
._crit_edge.0:627  %inp_load_37_to_int = bitcast float %inp_load_37 to i32

ST_12: tmp_249 [1/1] 0.00ns
._crit_edge.0:628  %tmp_249 = call i8 @_ssdm_op_PartSelect.i8.i32.i32.i32(i32 %inp_load_37_to_int, i32 23, i32 30)

ST_12: tmp_360 [1/1] 0.00ns
._crit_edge.0:629  %tmp_360 = trunc i32 %inp_load_37_to_int to i23

ST_12: notlhs54 [1/1] 2.00ns
._crit_edge.0:630  %notlhs54 = icmp ne i8 %tmp_247, -1

ST_12: notrhs54 [1/1] 2.39ns
._crit_edge.0:631  %notrhs54 = icmp eq i23 %tmp_359, 0

ST_12: tmp_251 [1/1] 1.37ns
._crit_edge.0:632  %tmp_251 = or i1 %notrhs54, %notlhs54

ST_12: notlhs55 [1/1] 2.00ns
._crit_edge.0:633  %notlhs55 = icmp ne i8 %tmp_249, -1

ST_12: notrhs55 [1/1] 2.39ns
._crit_edge.0:634  %notrhs55 = icmp eq i23 %tmp_360, 0

ST_12: tmp_252 [1/1] 1.37ns
._crit_edge.0:635  %tmp_252 = or i1 %notrhs55, %notlhs55

ST_12: tmp_253 [1/1] 1.37ns
._crit_edge.0:636  %tmp_253 = and i1 %tmp_251, %tmp_252

ST_12: tmp_254 [1/1] 6.79ns
._crit_edge.0:637  %tmp_254 = fcmp ogt float %inp_load_36, %inp_load_37

ST_12: tmp_255 [1/1] 1.37ns
._crit_edge.0:638  %tmp_255 = and i1 %tmp_253, %tmp_254

ST_12: max4_9 [1/1] 1.37ns
._crit_edge.0:639  %max4_9 = select i1 %tmp_255, float %inp_load_36, float %inp_load_37

ST_12: p_addr44 [1/1] 1.96ns
._crit_edge.0:682  %p_addr44 = add i32 20, %p_addr15

ST_12: tmp_367 [1/1] 0.00ns
._crit_edge.0:683  %tmp_367 = zext i32 %p_addr44 to i64

ST_12: inp_addr_40 [1/1] 0.00ns
._crit_edge.0:684  %inp_addr_40 = getelementptr [3456 x float]* %inp, i64 0, i64 %tmp_367

ST_12: inp_load_40 [2/2] 2.71ns
._crit_edge.0:685  %inp_load_40 = load float* %inp_addr_40, align 4

ST_12: p_addr38 [1/1] 1.96ns
._crit_edge.0:686  %p_addr38 = add i32 21, %p_addr15

ST_12: tmp_368 [1/1] 0.00ns
._crit_edge.0:687  %tmp_368 = zext i32 %p_addr38 to i64

ST_12: inp_addr_41 [1/1] 0.00ns
._crit_edge.0:688  %inp_addr_41 = getelementptr [3456 x float]* %inp, i64 0, i64 %tmp_368

ST_12: inp_load_41 [2/2] 2.71ns
._crit_edge.0:689  %inp_load_41 = load float* %inp_addr_41, align 4


 <State 13>: 12.24ns
ST_13: inp_load_40 [1/2] 2.71ns
._crit_edge.0:685  %inp_load_40 = load float* %inp_addr_40, align 4

ST_13: inp_load_41 [1/2] 2.71ns
._crit_edge.0:689  %inp_load_41 = load float* %inp_addr_41, align 4

ST_13: inp_load_40_to_int [1/1] 0.00ns
._crit_edge.0:690  %inp_load_40_to_int = bitcast float %inp_load_40 to i32

ST_13: tmp_274 [1/1] 0.00ns
._crit_edge.0:691  %tmp_274 = call i8 @_ssdm_op_PartSelect.i8.i32.i32.i32(i32 %inp_load_40_to_int, i32 23, i32 30)

ST_13: tmp_369 [1/1] 0.00ns
._crit_edge.0:692  %tmp_369 = trunc i32 %inp_load_40_to_int to i23

ST_13: inp_load_41_to_int [1/1] 0.00ns
._crit_edge.0:693  %inp_load_41_to_int = bitcast float %inp_load_41 to i32

ST_13: tmp_276 [1/1] 0.00ns
._crit_edge.0:694  %tmp_276 = call i8 @_ssdm_op_PartSelect.i8.i32.i32.i32(i32 %inp_load_41_to_int, i32 23, i32 30)

ST_13: tmp_370 [1/1] 0.00ns
._crit_edge.0:695  %tmp_370 = trunc i32 %inp_load_41_to_int to i23

ST_13: notlhs60 [1/1] 2.00ns
._crit_edge.0:696  %notlhs60 = icmp ne i8 %tmp_274, -1

ST_13: notrhs60 [1/1] 2.39ns
._crit_edge.0:697  %notrhs60 = icmp eq i23 %tmp_369, 0

ST_13: tmp_278 [1/1] 1.37ns
._crit_edge.0:698  %tmp_278 = or i1 %notrhs60, %notlhs60

ST_13: notlhs61 [1/1] 2.00ns
._crit_edge.0:699  %notlhs61 = icmp ne i8 %tmp_276, -1

ST_13: notrhs61 [1/1] 2.39ns
._crit_edge.0:700  %notrhs61 = icmp eq i23 %tmp_370, 0

ST_13: tmp_279 [1/1] 1.37ns
._crit_edge.0:701  %tmp_279 = or i1 %notrhs61, %notlhs61

ST_13: tmp_280 [1/1] 1.37ns
._crit_edge.0:702  %tmp_280 = and i1 %tmp_278, %tmp_279

ST_13: tmp_281 [1/1] 6.79ns
._crit_edge.0:703  %tmp_281 = fcmp ogt float %inp_load_40, %inp_load_41

ST_13: tmp_282 [1/1] 1.37ns
._crit_edge.0:704  %tmp_282 = and i1 %tmp_280, %tmp_281

ST_13: max4_s [1/1] 1.37ns
._crit_edge.0:705  %max4_s = select i1 %tmp_282, float %inp_load_40, float %inp_load_41

ST_13: p_addr20 [1/1] 1.96ns
._crit_edge.0:748  %p_addr20 = add i32 22, %p_addr15

ST_13: tmp_377 [1/1] 0.00ns
._crit_edge.0:749  %tmp_377 = zext i32 %p_addr20 to i64

ST_13: inp_addr_44 [1/1] 0.00ns
._crit_edge.0:750  %inp_addr_44 = getelementptr [3456 x float]* %inp, i64 0, i64 %tmp_377

ST_13: inp_load_44 [2/2] 2.71ns
._crit_edge.0:751  %inp_load_44 = load float* %inp_addr_44, align 4

ST_13: p_addr14 [1/1] 1.96ns
._crit_edge.0:752  %p_addr14 = add i32 23, %p_addr15

ST_13: tmp_378 [1/1] 0.00ns
._crit_edge.0:753  %tmp_378 = zext i32 %p_addr14 to i64

ST_13: inp_addr_45 [1/1] 0.00ns
._crit_edge.0:754  %inp_addr_45 = getelementptr [3456 x float]* %inp, i64 0, i64 %tmp_378

ST_13: inp_load_45 [2/2] 2.71ns
._crit_edge.0:755  %inp_load_45 = load float* %inp_addr_45, align 4


 <State 14>: 12.24ns
ST_14: tmp_58 [1/1] 0.00ns
._crit_edge.0:38  %tmp_58 = call i15 @_ssdm_op_BitConcatenate.i15.i10.i5(i10 %p_addr17, i5 0)

ST_14: p_shl7 [1/1] 0.00ns
._crit_edge.0:39  %p_shl7 = sext i15 %tmp_58 to i32

ST_14: tmp_60 [1/1] 0.00ns
._crit_edge.0:40  %tmp_60 = call i13 @_ssdm_op_BitConcatenate.i13.i10.i3(i10 %p_addr17, i3 0)

ST_14: p_shl8 [1/1] 0.00ns
._crit_edge.0:41  %p_shl8 = sext i13 %tmp_60 to i32

ST_14: p_addr18 [1/1] 1.96ns
._crit_edge.0:42  %p_addr18 = sub i32 %p_shl7, %p_shl8

ST_14: tmp_68 [1/1] 0.00ns
._crit_edge.0:43  %tmp_68 = zext i32 %p_addr18 to i64

ST_14: inp_addr_2 [1/1] 0.00ns
._crit_edge.0:44  %inp_addr_2 = getelementptr [3456 x float]* %inp, i64 0, i64 %tmp_68

ST_14: inp_load_2 [2/2] 2.71ns
._crit_edge.0:45  %inp_load_2 = load float* %inp_addr_2, align 4

ST_14: p_addr24 [1/1] 0.00ns
._crit_edge.0:112  %p_addr24 = or i32 %p_addr18, 2

ST_14: tmp_115 [1/1] 0.00ns
._crit_edge.0:113  %tmp_115 = zext i32 %p_addr24 to i64

ST_14: inp_addr_6 [1/1] 0.00ns
._crit_edge.0:114  %inp_addr_6 = getelementptr [3456 x float]* %inp, i64 0, i64 %tmp_115

ST_14: inp_load_6 [2/2] 2.71ns
._crit_edge.0:115  %inp_load_6 = load float* %inp_addr_6, align 4

ST_14: inp_load_44 [1/2] 2.71ns
._crit_edge.0:751  %inp_load_44 = load float* %inp_addr_44, align 4

ST_14: inp_load_45 [1/2] 2.71ns
._crit_edge.0:755  %inp_load_45 = load float* %inp_addr_45, align 4

ST_14: inp_load_44_to_int [1/1] 0.00ns
._crit_edge.0:756  %inp_load_44_to_int = bitcast float %inp_load_44 to i32

ST_14: tmp_301 [1/1] 0.00ns
._crit_edge.0:757  %tmp_301 = call i8 @_ssdm_op_PartSelect.i8.i32.i32.i32(i32 %inp_load_44_to_int, i32 23, i32 30)

ST_14: tmp_379 [1/1] 0.00ns
._crit_edge.0:758  %tmp_379 = trunc i32 %inp_load_44_to_int to i23

ST_14: inp_load_45_to_int [1/1] 0.00ns
._crit_edge.0:759  %inp_load_45_to_int = bitcast float %inp_load_45 to i32

ST_14: tmp_303 [1/1] 0.00ns
._crit_edge.0:760  %tmp_303 = call i8 @_ssdm_op_PartSelect.i8.i32.i32.i32(i32 %inp_load_45_to_int, i32 23, i32 30)

ST_14: tmp_380 [1/1] 0.00ns
._crit_edge.0:761  %tmp_380 = trunc i32 %inp_load_45_to_int to i23

ST_14: notlhs66 [1/1] 2.00ns
._crit_edge.0:762  %notlhs66 = icmp ne i8 %tmp_301, -1

ST_14: notrhs66 [1/1] 2.39ns
._crit_edge.0:763  %notrhs66 = icmp eq i23 %tmp_379, 0

ST_14: tmp_305 [1/1] 1.37ns
._crit_edge.0:764  %tmp_305 = or i1 %notrhs66, %notlhs66

ST_14: notlhs67 [1/1] 2.00ns
._crit_edge.0:765  %notlhs67 = icmp ne i8 %tmp_303, -1

ST_14: notrhs67 [1/1] 2.39ns
._crit_edge.0:766  %notrhs67 = icmp eq i23 %tmp_380, 0

ST_14: tmp_306 [1/1] 1.37ns
._crit_edge.0:767  %tmp_306 = or i1 %notrhs67, %notlhs67

ST_14: tmp_307 [1/1] 1.37ns
._crit_edge.0:768  %tmp_307 = and i1 %tmp_305, %tmp_306

ST_14: tmp_308 [1/1] 6.79ns
._crit_edge.0:769  %tmp_308 = fcmp ogt float %inp_load_44, %inp_load_45

ST_14: tmp_309 [1/1] 1.37ns
._crit_edge.0:770  %tmp_309 = and i1 %tmp_307, %tmp_308

ST_14: max4_10 [1/1] 1.37ns
._crit_edge.0:771  %max4_10 = select i1 %tmp_309, float %inp_load_44, float %inp_load_45


 <State 15>: 12.24ns
ST_15: inp_load_2 [1/2] 2.71ns
._crit_edge.0:45  %inp_load_2 = load float* %inp_addr_2, align 4

ST_15: inp_load_2_to_int [1/1] 0.00ns
._crit_edge.0:46  %inp_load_2_to_int = bitcast float %inp_load_2 to i32

ST_15: tmp_12 [1/1] 0.00ns
._crit_edge.0:47  %tmp_12 = call i8 @_ssdm_op_PartSelect.i8.i32.i32.i32(i32 %inp_load_2_to_int, i32 23, i32 30)

ST_15: tmp_70 [1/1] 0.00ns
._crit_edge.0:48  %tmp_70 = trunc i32 %inp_load_2_to_int to i23

ST_15: max4_to_int [1/1] 0.00ns
._crit_edge.0:49  %max4_to_int = bitcast float %max4 to i32

ST_15: tmp_14 [1/1] 0.00ns
._crit_edge.0:50  %tmp_14 = call i8 @_ssdm_op_PartSelect.i8.i32.i32.i32(i32 %max4_to_int, i32 23, i32 30)

ST_15: tmp_77 [1/1] 0.00ns
._crit_edge.0:51  %tmp_77 = trunc i32 %max4_to_int to i23

ST_15: notlhs3 [1/1] 2.00ns
._crit_edge.0:52  %notlhs3 = icmp ne i8 %tmp_12, -1

ST_15: notrhs4 [1/1] 2.39ns
._crit_edge.0:53  %notrhs4 = icmp eq i23 %tmp_70, 0

ST_15: tmp_16 [1/1] 1.37ns
._crit_edge.0:54  %tmp_16 = or i1 %notrhs4, %notlhs3

ST_15: notlhs5 [1/1] 2.00ns
._crit_edge.0:55  %notlhs5 = icmp ne i8 %tmp_14, -1

ST_15: notrhs6 [1/1] 2.39ns
._crit_edge.0:56  %notrhs6 = icmp eq i23 %tmp_77, 0

ST_15: tmp_17 [1/1] 1.37ns
._crit_edge.0:57  %tmp_17 = or i1 %notrhs6, %notlhs5

ST_15: tmp_18 [1/1] 1.37ns
._crit_edge.0:58  %tmp_18 = and i1 %tmp_16, %tmp_17

ST_15: tmp_19 [1/1] 6.79ns
._crit_edge.0:59  %tmp_19 = fcmp ogt float %inp_load_2, %max4

ST_15: tmp_20 [1/1] 1.37ns
._crit_edge.0:60  %tmp_20 = and i1 %tmp_18, %tmp_19

ST_15: max_1 [1/1] 1.37ns
._crit_edge.0:61  %max_1 = select i1 %tmp_20, float %inp_load_2, float %max4

ST_15: inp_load_6 [1/2] 2.71ns
._crit_edge.0:115  %inp_load_6 = load float* %inp_addr_6, align 4

ST_15: inp_load_6_to_int [1/1] 0.00ns
._crit_edge.0:116  %inp_load_6_to_int = bitcast float %inp_load_6 to i32

ST_15: tmp_39 [1/1] 0.00ns
._crit_edge.0:117  %tmp_39 = call i8 @_ssdm_op_PartSelect.i8.i32.i32.i32(i32 %inp_load_6_to_int, i32 23, i32 30)

ST_15: tmp_122 [1/1] 0.00ns
._crit_edge.0:118  %tmp_122 = trunc i32 %inp_load_6_to_int to i23

ST_15: max4_1_to_int [1/1] 0.00ns
._crit_edge.0:119  %max4_1_to_int = bitcast float %max4_1 to i32

ST_15: tmp_41 [1/1] 0.00ns
._crit_edge.0:120  %tmp_41 = call i8 @_ssdm_op_PartSelect.i8.i32.i32.i32(i32 %max4_1_to_int, i32 23, i32 30)

ST_15: tmp_124 [1/1] 0.00ns
._crit_edge.0:121  %tmp_124 = trunc i32 %max4_1_to_int to i23

ST_15: notlhs6 [1/1] 2.00ns
._crit_edge.0:122  %notlhs6 = icmp ne i8 %tmp_39, -1

ST_15: notrhs7 [1/1] 2.39ns
._crit_edge.0:123  %notrhs7 = icmp eq i23 %tmp_122, 0

ST_15: tmp_43 [1/1] 1.37ns
._crit_edge.0:124  %tmp_43 = or i1 %notrhs7, %notlhs6

ST_15: notlhs8 [1/1] 2.00ns
._crit_edge.0:125  %notlhs8 = icmp ne i8 %tmp_41, -1

ST_15: notrhs9 [1/1] 2.39ns
._crit_edge.0:126  %notrhs9 = icmp eq i23 %tmp_124, 0

ST_15: tmp_44 [1/1] 1.37ns
._crit_edge.0:127  %tmp_44 = or i1 %notrhs9, %notlhs8

ST_15: tmp_45 [1/1] 1.37ns
._crit_edge.0:128  %tmp_45 = and i1 %tmp_43, %tmp_44

ST_15: tmp_46 [1/1] 6.79ns
._crit_edge.0:129  %tmp_46 = fcmp ogt float %inp_load_6, %max4_1

ST_15: tmp_47 [1/1] 1.37ns
._crit_edge.0:130  %tmp_47 = and i1 %tmp_45, %tmp_46

ST_15: max_1_1 [1/1] 1.37ns
._crit_edge.0:131  %max_1_1 = select i1 %tmp_47, float %inp_load_6, float %max4_1

ST_15: p_addr29 [1/1] 0.00ns
._crit_edge.0:178  %p_addr29 = or i32 %p_addr18, 4

ST_15: tmp_160 [1/1] 0.00ns
._crit_edge.0:179  %tmp_160 = zext i32 %p_addr29 to i64

ST_15: inp_addr_10 [1/1] 0.00ns
._crit_edge.0:180  %inp_addr_10 = getelementptr [3456 x float]* %inp, i64 0, i64 %tmp_160

ST_15: inp_load_10 [2/2] 2.71ns
._crit_edge.0:181  %inp_load_10 = load float* %inp_addr_10, align 4

ST_15: p_addr34 [1/1] 0.00ns
._crit_edge.0:244  %p_addr34 = or i32 %p_addr18, 6

ST_15: tmp_205 [1/1] 0.00ns
._crit_edge.0:245  %tmp_205 = zext i32 %p_addr34 to i64

ST_15: inp_addr_14 [1/1] 0.00ns
._crit_edge.0:246  %inp_addr_14 = getelementptr [3456 x float]* %inp, i64 0, i64 %tmp_205

ST_15: inp_load_14 [2/2] 2.71ns
._crit_edge.0:247  %inp_load_14 = load float* %inp_addr_14, align 4


 <State 16>: 12.24ns
ST_16: inp_load_10 [1/2] 2.71ns
._crit_edge.0:181  %inp_load_10 = load float* %inp_addr_10, align 4

ST_16: inp_load_10_to_int [1/1] 0.00ns
._crit_edge.0:182  %inp_load_10_to_int = bitcast float %inp_load_10 to i32

ST_16: tmp_67 [1/1] 0.00ns
._crit_edge.0:183  %tmp_67 = call i8 @_ssdm_op_PartSelect.i8.i32.i32.i32(i32 %inp_load_10_to_int, i32 23, i32 30)

ST_16: tmp_167 [1/1] 0.00ns
._crit_edge.0:184  %tmp_167 = trunc i32 %inp_load_10_to_int to i23

ST_16: max4_2_to_int [1/1] 0.00ns
._crit_edge.0:185  %max4_2_to_int = bitcast float %max4_2 to i32

ST_16: tmp_69 [1/1] 0.00ns
._crit_edge.0:186  %tmp_69 = call i8 @_ssdm_op_PartSelect.i8.i32.i32.i32(i32 %max4_2_to_int, i32 23, i32 30)

ST_16: tmp_169 [1/1] 0.00ns
._crit_edge.0:187  %tmp_169 = trunc i32 %max4_2_to_int to i23

ST_16: notlhs14 [1/1] 2.00ns
._crit_edge.0:188  %notlhs14 = icmp ne i8 %tmp_67, -1

ST_16: notrhs14 [1/1] 2.39ns
._crit_edge.0:189  %notrhs14 = icmp eq i23 %tmp_167, 0

ST_16: tmp_71 [1/1] 1.37ns
._crit_edge.0:190  %tmp_71 = or i1 %notrhs14, %notlhs14

ST_16: notlhs15 [1/1] 2.00ns
._crit_edge.0:191  %notlhs15 = icmp ne i8 %tmp_69, -1

ST_16: notrhs15 [1/1] 2.39ns
._crit_edge.0:192  %notrhs15 = icmp eq i23 %tmp_169, 0

ST_16: tmp_72 [1/1] 1.37ns
._crit_edge.0:193  %tmp_72 = or i1 %notrhs15, %notlhs15

ST_16: tmp_73 [1/1] 1.37ns
._crit_edge.0:194  %tmp_73 = and i1 %tmp_71, %tmp_72

ST_16: tmp_74 [1/1] 6.79ns
._crit_edge.0:195  %tmp_74 = fcmp ogt float %inp_load_10, %max4_2

ST_16: tmp_75 [1/1] 1.37ns
._crit_edge.0:196  %tmp_75 = and i1 %tmp_73, %tmp_74

ST_16: max_1_2 [1/1] 1.37ns
._crit_edge.0:197  %max_1_2 = select i1 %tmp_75, float %inp_load_10, float %max4_2

ST_16: inp_load_14 [1/2] 2.71ns
._crit_edge.0:247  %inp_load_14 = load float* %inp_addr_14, align 4

ST_16: inp_load_14_to_int [1/1] 0.00ns
._crit_edge.0:248  %inp_load_14_to_int = bitcast float %inp_load_14 to i32

ST_16: tmp_94 [1/1] 0.00ns
._crit_edge.0:249  %tmp_94 = call i8 @_ssdm_op_PartSelect.i8.i32.i32.i32(i32 %inp_load_14_to_int, i32 23, i32 30)

ST_16: tmp_212 [1/1] 0.00ns
._crit_edge.0:250  %tmp_212 = trunc i32 %inp_load_14_to_int to i23

ST_16: max4_3_to_int [1/1] 0.00ns
._crit_edge.0:251  %max4_3_to_int = bitcast float %max4_3 to i32

ST_16: tmp_96 [1/1] 0.00ns
._crit_edge.0:252  %tmp_96 = call i8 @_ssdm_op_PartSelect.i8.i32.i32.i32(i32 %max4_3_to_int, i32 23, i32 30)

ST_16: tmp_214 [1/1] 0.00ns
._crit_edge.0:253  %tmp_214 = trunc i32 %max4_3_to_int to i23

ST_16: notlhs20 [1/1] 2.00ns
._crit_edge.0:254  %notlhs20 = icmp ne i8 %tmp_94, -1

ST_16: notrhs20 [1/1] 2.39ns
._crit_edge.0:255  %notrhs20 = icmp eq i23 %tmp_212, 0

ST_16: tmp_98 [1/1] 1.37ns
._crit_edge.0:256  %tmp_98 = or i1 %notrhs20, %notlhs20

ST_16: notlhs21 [1/1] 2.00ns
._crit_edge.0:257  %notlhs21 = icmp ne i8 %tmp_96, -1

ST_16: notrhs21 [1/1] 2.39ns
._crit_edge.0:258  %notrhs21 = icmp eq i23 %tmp_214, 0

ST_16: tmp_99 [1/1] 1.37ns
._crit_edge.0:259  %tmp_99 = or i1 %notrhs21, %notlhs21

ST_16: tmp_100 [1/1] 1.37ns
._crit_edge.0:260  %tmp_100 = and i1 %tmp_98, %tmp_99

ST_16: tmp_101 [1/1] 6.79ns
._crit_edge.0:261  %tmp_101 = fcmp ogt float %inp_load_14, %max4_3

ST_16: tmp_102 [1/1] 1.37ns
._crit_edge.0:262  %tmp_102 = and i1 %tmp_100, %tmp_101

ST_16: max_1_3 [1/1] 1.37ns
._crit_edge.0:263  %max_1_3 = select i1 %tmp_102, float %inp_load_14, float %max4_3

ST_16: p_addr39 [1/1] 1.96ns
._crit_edge.0:310  %p_addr39 = add i32 8, %p_addr18

ST_16: tmp_250 [1/1] 0.00ns
._crit_edge.0:311  %tmp_250 = zext i32 %p_addr39 to i64

ST_16: inp_addr_18 [1/1] 0.00ns
._crit_edge.0:312  %inp_addr_18 = getelementptr [3456 x float]* %inp, i64 0, i64 %tmp_250

ST_16: inp_load_18 [2/2] 2.71ns
._crit_edge.0:313  %inp_load_18 = load float* %inp_addr_18, align 4

ST_16: p_addr43 [1/1] 1.96ns
._crit_edge.0:376  %p_addr43 = add i32 10, %p_addr18

ST_16: tmp_295 [1/1] 0.00ns
._crit_edge.0:377  %tmp_295 = zext i32 %p_addr43 to i64

ST_16: inp_addr_22 [1/1] 0.00ns
._crit_edge.0:378  %inp_addr_22 = getelementptr [3456 x float]* %inp, i64 0, i64 %tmp_295

ST_16: inp_load_22 [2/2] 2.71ns
._crit_edge.0:379  %inp_load_22 = load float* %inp_addr_22, align 4


 <State 17>: 12.24ns
ST_17: inp_load_18 [1/2] 2.71ns
._crit_edge.0:313  %inp_load_18 = load float* %inp_addr_18, align 4

ST_17: inp_load_18_to_int [1/1] 0.00ns
._crit_edge.0:314  %inp_load_18_to_int = bitcast float %inp_load_18 to i32

ST_17: tmp_121 [1/1] 0.00ns
._crit_edge.0:315  %tmp_121 = call i8 @_ssdm_op_PartSelect.i8.i32.i32.i32(i32 %inp_load_18_to_int, i32 23, i32 30)

ST_17: tmp_257 [1/1] 0.00ns
._crit_edge.0:316  %tmp_257 = trunc i32 %inp_load_18_to_int to i23

ST_17: max4_4_to_int [1/1] 0.00ns
._crit_edge.0:317  %max4_4_to_int = bitcast float %max4_4 to i32

ST_17: tmp_123 [1/1] 0.00ns
._crit_edge.0:318  %tmp_123 = call i8 @_ssdm_op_PartSelect.i8.i32.i32.i32(i32 %max4_4_to_int, i32 23, i32 30)

ST_17: tmp_259 [1/1] 0.00ns
._crit_edge.0:319  %tmp_259 = trunc i32 %max4_4_to_int to i23

ST_17: notlhs26 [1/1] 2.00ns
._crit_edge.0:320  %notlhs26 = icmp ne i8 %tmp_121, -1

ST_17: notrhs26 [1/1] 2.39ns
._crit_edge.0:321  %notrhs26 = icmp eq i23 %tmp_257, 0

ST_17: tmp_125 [1/1] 1.37ns
._crit_edge.0:322  %tmp_125 = or i1 %notrhs26, %notlhs26

ST_17: notlhs27 [1/1] 2.00ns
._crit_edge.0:323  %notlhs27 = icmp ne i8 %tmp_123, -1

ST_17: notrhs27 [1/1] 2.39ns
._crit_edge.0:324  %notrhs27 = icmp eq i23 %tmp_259, 0

ST_17: tmp_126 [1/1] 1.37ns
._crit_edge.0:325  %tmp_126 = or i1 %notrhs27, %notlhs27

ST_17: tmp_127 [1/1] 1.37ns
._crit_edge.0:326  %tmp_127 = and i1 %tmp_125, %tmp_126

ST_17: tmp_128 [1/1] 6.79ns
._crit_edge.0:327  %tmp_128 = fcmp ogt float %inp_load_18, %max4_4

ST_17: tmp_129 [1/1] 1.37ns
._crit_edge.0:328  %tmp_129 = and i1 %tmp_127, %tmp_128

ST_17: max_1_4 [1/1] 1.37ns
._crit_edge.0:329  %max_1_4 = select i1 %tmp_129, float %inp_load_18, float %max4_4

ST_17: inp_load_22 [1/2] 2.71ns
._crit_edge.0:379  %inp_load_22 = load float* %inp_addr_22, align 4

ST_17: inp_load_22_to_int [1/1] 0.00ns
._crit_edge.0:380  %inp_load_22_to_int = bitcast float %inp_load_22 to i32

ST_17: tmp_148 [1/1] 0.00ns
._crit_edge.0:381  %tmp_148 = call i8 @_ssdm_op_PartSelect.i8.i32.i32.i32(i32 %inp_load_22_to_int, i32 23, i32 30)

ST_17: tmp_302 [1/1] 0.00ns
._crit_edge.0:382  %tmp_302 = trunc i32 %inp_load_22_to_int to i23

ST_17: max4_5_to_int [1/1] 0.00ns
._crit_edge.0:383  %max4_5_to_int = bitcast float %max4_5 to i32

ST_17: tmp_150 [1/1] 0.00ns
._crit_edge.0:384  %tmp_150 = call i8 @_ssdm_op_PartSelect.i8.i32.i32.i32(i32 %max4_5_to_int, i32 23, i32 30)

ST_17: tmp_304 [1/1] 0.00ns
._crit_edge.0:385  %tmp_304 = trunc i32 %max4_5_to_int to i23

ST_17: notlhs32 [1/1] 2.00ns
._crit_edge.0:386  %notlhs32 = icmp ne i8 %tmp_148, -1

ST_17: notrhs32 [1/1] 2.39ns
._crit_edge.0:387  %notrhs32 = icmp eq i23 %tmp_302, 0

ST_17: tmp_152 [1/1] 1.37ns
._crit_edge.0:388  %tmp_152 = or i1 %notrhs32, %notlhs32

ST_17: notlhs33 [1/1] 2.00ns
._crit_edge.0:389  %notlhs33 = icmp ne i8 %tmp_150, -1

ST_17: notrhs33 [1/1] 2.39ns
._crit_edge.0:390  %notrhs33 = icmp eq i23 %tmp_304, 0

ST_17: tmp_153 [1/1] 1.37ns
._crit_edge.0:391  %tmp_153 = or i1 %notrhs33, %notlhs33

ST_17: tmp_154 [1/1] 1.37ns
._crit_edge.0:392  %tmp_154 = and i1 %tmp_152, %tmp_153

ST_17: tmp_155 [1/1] 6.79ns
._crit_edge.0:393  %tmp_155 = fcmp ogt float %inp_load_22, %max4_5

ST_17: tmp_156 [1/1] 1.37ns
._crit_edge.0:394  %tmp_156 = and i1 %tmp_154, %tmp_155

ST_17: max_1_5 [1/1] 1.37ns
._crit_edge.0:395  %max_1_5 = select i1 %tmp_156, float %inp_load_22, float %max4_5

ST_17: p_addr48 [1/1] 1.96ns
._crit_edge.0:442  %p_addr48 = add i32 12, %p_addr18

ST_17: tmp_331 [1/1] 0.00ns
._crit_edge.0:443  %tmp_331 = zext i32 %p_addr48 to i64

ST_17: inp_addr_26 [1/1] 0.00ns
._crit_edge.0:444  %inp_addr_26 = getelementptr [3456 x float]* %inp, i64 0, i64 %tmp_331

ST_17: inp_load_26 [2/2] 2.71ns
._crit_edge.0:445  %inp_load_26 = load float* %inp_addr_26, align 4

ST_17: p_addr53 [1/1] 1.96ns
._crit_edge.0:508  %p_addr53 = add i32 14, %p_addr18

ST_17: tmp_341 [1/1] 0.00ns
._crit_edge.0:509  %tmp_341 = zext i32 %p_addr53 to i64

ST_17: inp_addr_30 [1/1] 0.00ns
._crit_edge.0:510  %inp_addr_30 = getelementptr [3456 x float]* %inp, i64 0, i64 %tmp_341

ST_17: inp_load_30 [2/2] 2.71ns
._crit_edge.0:511  %inp_load_30 = load float* %inp_addr_30, align 4


 <State 18>: 12.24ns
ST_18: inp_load_26 [1/2] 2.71ns
._crit_edge.0:445  %inp_load_26 = load float* %inp_addr_26, align 4

ST_18: inp_load_26_to_int [1/1] 0.00ns
._crit_edge.0:446  %inp_load_26_to_int = bitcast float %inp_load_26 to i32

ST_18: tmp_175 [1/1] 0.00ns
._crit_edge.0:447  %tmp_175 = call i8 @_ssdm_op_PartSelect.i8.i32.i32.i32(i32 %inp_load_26_to_int, i32 23, i32 30)

ST_18: tmp_332 [1/1] 0.00ns
._crit_edge.0:448  %tmp_332 = trunc i32 %inp_load_26_to_int to i23

ST_18: max4_6_to_int [1/1] 0.00ns
._crit_edge.0:449  %max4_6_to_int = bitcast float %max4_6 to i32

ST_18: tmp_177 [1/1] 0.00ns
._crit_edge.0:450  %tmp_177 = call i8 @_ssdm_op_PartSelect.i8.i32.i32.i32(i32 %max4_6_to_int, i32 23, i32 30)

ST_18: tmp_333 [1/1] 0.00ns
._crit_edge.0:451  %tmp_333 = trunc i32 %max4_6_to_int to i23

ST_18: notlhs38 [1/1] 2.00ns
._crit_edge.0:452  %notlhs38 = icmp ne i8 %tmp_175, -1

ST_18: notrhs38 [1/1] 2.39ns
._crit_edge.0:453  %notrhs38 = icmp eq i23 %tmp_332, 0

ST_18: tmp_179 [1/1] 1.37ns
._crit_edge.0:454  %tmp_179 = or i1 %notrhs38, %notlhs38

ST_18: notlhs39 [1/1] 2.00ns
._crit_edge.0:455  %notlhs39 = icmp ne i8 %tmp_177, -1

ST_18: notrhs39 [1/1] 2.39ns
._crit_edge.0:456  %notrhs39 = icmp eq i23 %tmp_333, 0

ST_18: tmp_180 [1/1] 1.37ns
._crit_edge.0:457  %tmp_180 = or i1 %notrhs39, %notlhs39

ST_18: tmp_181 [1/1] 1.37ns
._crit_edge.0:458  %tmp_181 = and i1 %tmp_179, %tmp_180

ST_18: tmp_182 [1/1] 6.79ns
._crit_edge.0:459  %tmp_182 = fcmp ogt float %inp_load_26, %max4_6

ST_18: tmp_183 [1/1] 1.37ns
._crit_edge.0:460  %tmp_183 = and i1 %tmp_181, %tmp_182

ST_18: max_1_6 [1/1] 1.37ns
._crit_edge.0:461  %max_1_6 = select i1 %tmp_183, float %inp_load_26, float %max4_6

ST_18: inp_load_30 [1/2] 2.71ns
._crit_edge.0:511  %inp_load_30 = load float* %inp_addr_30, align 4

ST_18: inp_load_30_to_int [1/1] 0.00ns
._crit_edge.0:512  %inp_load_30_to_int = bitcast float %inp_load_30 to i32

ST_18: tmp_202 [1/1] 0.00ns
._crit_edge.0:513  %tmp_202 = call i8 @_ssdm_op_PartSelect.i8.i32.i32.i32(i32 %inp_load_30_to_int, i32 23, i32 30)

ST_18: tmp_342 [1/1] 0.00ns
._crit_edge.0:514  %tmp_342 = trunc i32 %inp_load_30_to_int to i23

ST_18: max4_7_to_int [1/1] 0.00ns
._crit_edge.0:515  %max4_7_to_int = bitcast float %max4_7 to i32

ST_18: tmp_204 [1/1] 0.00ns
._crit_edge.0:516  %tmp_204 = call i8 @_ssdm_op_PartSelect.i8.i32.i32.i32(i32 %max4_7_to_int, i32 23, i32 30)

ST_18: tmp_343 [1/1] 0.00ns
._crit_edge.0:517  %tmp_343 = trunc i32 %max4_7_to_int to i23

ST_18: notlhs44 [1/1] 2.00ns
._crit_edge.0:518  %notlhs44 = icmp ne i8 %tmp_202, -1

ST_18: notrhs44 [1/1] 2.39ns
._crit_edge.0:519  %notrhs44 = icmp eq i23 %tmp_342, 0

ST_18: tmp_206 [1/1] 1.37ns
._crit_edge.0:520  %tmp_206 = or i1 %notrhs44, %notlhs44

ST_18: notlhs45 [1/1] 2.00ns
._crit_edge.0:521  %notlhs45 = icmp ne i8 %tmp_204, -1

ST_18: notrhs45 [1/1] 2.39ns
._crit_edge.0:522  %notrhs45 = icmp eq i23 %tmp_343, 0

ST_18: tmp_207 [1/1] 1.37ns
._crit_edge.0:523  %tmp_207 = or i1 %notrhs45, %notlhs45

ST_18: tmp_208 [1/1] 1.37ns
._crit_edge.0:524  %tmp_208 = and i1 %tmp_206, %tmp_207

ST_18: tmp_209 [1/1] 6.79ns
._crit_edge.0:525  %tmp_209 = fcmp ogt float %inp_load_30, %max4_7

ST_18: tmp_210 [1/1] 1.37ns
._crit_edge.0:526  %tmp_210 = and i1 %tmp_208, %tmp_209

ST_18: max_1_7 [1/1] 1.37ns
._crit_edge.0:527  %max_1_7 = select i1 %tmp_210, float %inp_load_30, float %max4_7

ST_18: p_addr58 [1/1] 1.96ns
._crit_edge.0:574  %p_addr58 = add i32 16, %p_addr18

ST_18: tmp_351 [1/1] 0.00ns
._crit_edge.0:575  %tmp_351 = zext i32 %p_addr58 to i64

ST_18: inp_addr_34 [1/1] 0.00ns
._crit_edge.0:576  %inp_addr_34 = getelementptr [3456 x float]* %inp, i64 0, i64 %tmp_351

ST_18: inp_load_34 [2/2] 2.71ns
._crit_edge.0:577  %inp_load_34 = load float* %inp_addr_34, align 4

ST_18: p_addr56 [1/1] 1.96ns
._crit_edge.0:640  %p_addr56 = add i32 18, %p_addr18

ST_18: tmp_361 [1/1] 0.00ns
._crit_edge.0:641  %tmp_361 = zext i32 %p_addr56 to i64

ST_18: inp_addr_38 [1/1] 0.00ns
._crit_edge.0:642  %inp_addr_38 = getelementptr [3456 x float]* %inp, i64 0, i64 %tmp_361

ST_18: inp_load_38 [2/2] 2.71ns
._crit_edge.0:643  %inp_load_38 = load float* %inp_addr_38, align 4


 <State 19>: 12.24ns
ST_19: inp_load_34 [1/2] 2.71ns
._crit_edge.0:577  %inp_load_34 = load float* %inp_addr_34, align 4

ST_19: inp_load_34_to_int [1/1] 0.00ns
._crit_edge.0:578  %inp_load_34_to_int = bitcast float %inp_load_34 to i32

ST_19: tmp_229 [1/1] 0.00ns
._crit_edge.0:579  %tmp_229 = call i8 @_ssdm_op_PartSelect.i8.i32.i32.i32(i32 %inp_load_34_to_int, i32 23, i32 30)

ST_19: tmp_352 [1/1] 0.00ns
._crit_edge.0:580  %tmp_352 = trunc i32 %inp_load_34_to_int to i23

ST_19: max4_8_to_int [1/1] 0.00ns
._crit_edge.0:581  %max4_8_to_int = bitcast float %max4_8 to i32

ST_19: tmp_231 [1/1] 0.00ns
._crit_edge.0:582  %tmp_231 = call i8 @_ssdm_op_PartSelect.i8.i32.i32.i32(i32 %max4_8_to_int, i32 23, i32 30)

ST_19: tmp_353 [1/1] 0.00ns
._crit_edge.0:583  %tmp_353 = trunc i32 %max4_8_to_int to i23

ST_19: notlhs50 [1/1] 2.00ns
._crit_edge.0:584  %notlhs50 = icmp ne i8 %tmp_229, -1

ST_19: notrhs50 [1/1] 2.39ns
._crit_edge.0:585  %notrhs50 = icmp eq i23 %tmp_352, 0

ST_19: tmp_233 [1/1] 1.37ns
._crit_edge.0:586  %tmp_233 = or i1 %notrhs50, %notlhs50

ST_19: notlhs51 [1/1] 2.00ns
._crit_edge.0:587  %notlhs51 = icmp ne i8 %tmp_231, -1

ST_19: notrhs51 [1/1] 2.39ns
._crit_edge.0:588  %notrhs51 = icmp eq i23 %tmp_353, 0

ST_19: tmp_234 [1/1] 1.37ns
._crit_edge.0:589  %tmp_234 = or i1 %notrhs51, %notlhs51

ST_19: tmp_235 [1/1] 1.37ns
._crit_edge.0:590  %tmp_235 = and i1 %tmp_233, %tmp_234

ST_19: tmp_236 [1/1] 6.79ns
._crit_edge.0:591  %tmp_236 = fcmp ogt float %inp_load_34, %max4_8

ST_19: tmp_237 [1/1] 1.37ns
._crit_edge.0:592  %tmp_237 = and i1 %tmp_235, %tmp_236

ST_19: max_1_8 [1/1] 1.37ns
._crit_edge.0:593  %max_1_8 = select i1 %tmp_237, float %inp_load_34, float %max4_8

ST_19: inp_load_38 [1/2] 2.71ns
._crit_edge.0:643  %inp_load_38 = load float* %inp_addr_38, align 4

ST_19: inp_load_38_to_int [1/1] 0.00ns
._crit_edge.0:644  %inp_load_38_to_int = bitcast float %inp_load_38 to i32

ST_19: tmp_256 [1/1] 0.00ns
._crit_edge.0:645  %tmp_256 = call i8 @_ssdm_op_PartSelect.i8.i32.i32.i32(i32 %inp_load_38_to_int, i32 23, i32 30)

ST_19: tmp_362 [1/1] 0.00ns
._crit_edge.0:646  %tmp_362 = trunc i32 %inp_load_38_to_int to i23

ST_19: max4_9_to_int [1/1] 0.00ns
._crit_edge.0:647  %max4_9_to_int = bitcast float %max4_9 to i32

ST_19: tmp_258 [1/1] 0.00ns
._crit_edge.0:648  %tmp_258 = call i8 @_ssdm_op_PartSelect.i8.i32.i32.i32(i32 %max4_9_to_int, i32 23, i32 30)

ST_19: tmp_363 [1/1] 0.00ns
._crit_edge.0:649  %tmp_363 = trunc i32 %max4_9_to_int to i23

ST_19: notlhs56 [1/1] 2.00ns
._crit_edge.0:650  %notlhs56 = icmp ne i8 %tmp_256, -1

ST_19: notrhs56 [1/1] 2.39ns
._crit_edge.0:651  %notrhs56 = icmp eq i23 %tmp_362, 0

ST_19: tmp_260 [1/1] 1.37ns
._crit_edge.0:652  %tmp_260 = or i1 %notrhs56, %notlhs56

ST_19: notlhs57 [1/1] 2.00ns
._crit_edge.0:653  %notlhs57 = icmp ne i8 %tmp_258, -1

ST_19: notrhs57 [1/1] 2.39ns
._crit_edge.0:654  %notrhs57 = icmp eq i23 %tmp_363, 0

ST_19: tmp_261 [1/1] 1.37ns
._crit_edge.0:655  %tmp_261 = or i1 %notrhs57, %notlhs57

ST_19: tmp_262 [1/1] 1.37ns
._crit_edge.0:656  %tmp_262 = and i1 %tmp_260, %tmp_261

ST_19: tmp_263 [1/1] 6.79ns
._crit_edge.0:657  %tmp_263 = fcmp ogt float %inp_load_38, %max4_9

ST_19: tmp_264 [1/1] 1.37ns
._crit_edge.0:658  %tmp_264 = and i1 %tmp_262, %tmp_263

ST_19: max_1_9 [1/1] 1.37ns
._crit_edge.0:659  %max_1_9 = select i1 %tmp_264, float %inp_load_38, float %max4_9

ST_19: p_addr32 [1/1] 1.96ns
._crit_edge.0:706  %p_addr32 = add i32 20, %p_addr18

ST_19: tmp_371 [1/1] 0.00ns
._crit_edge.0:707  %tmp_371 = zext i32 %p_addr32 to i64

ST_19: inp_addr_42 [1/1] 0.00ns
._crit_edge.0:708  %inp_addr_42 = getelementptr [3456 x float]* %inp, i64 0, i64 %tmp_371

ST_19: inp_load_42 [2/2] 2.71ns
._crit_edge.0:709  %inp_load_42 = load float* %inp_addr_42, align 4

ST_19: p_addr9 [1/1] 1.96ns
._crit_edge.0:772  %p_addr9 = add i32 22, %p_addr18

ST_19: tmp_381 [1/1] 0.00ns
._crit_edge.0:773  %tmp_381 = zext i32 %p_addr9 to i64

ST_19: inp_addr_46 [1/1] 0.00ns
._crit_edge.0:774  %inp_addr_46 = getelementptr [3456 x float]* %inp, i64 0, i64 %tmp_381

ST_19: inp_load_46 [2/2] 2.71ns
._crit_edge.0:775  %inp_load_46 = load float* %inp_addr_46, align 4


 <State 20>: 12.24ns
ST_20: p_addr19 [1/1] 0.00ns
._crit_edge.0:62  %p_addr19 = or i32 %p_addr18, 1

ST_20: tmp_79 [1/1] 0.00ns
._crit_edge.0:63  %tmp_79 = zext i32 %p_addr19 to i64

ST_20: inp_addr_3 [1/1] 0.00ns
._crit_edge.0:64  %inp_addr_3 = getelementptr [3456 x float]* %inp, i64 0, i64 %tmp_79

ST_20: inp_load_3 [2/2] 2.71ns
._crit_edge.0:65  %inp_load_3 = load float* %inp_addr_3, align 4

ST_20: p_addr25 [1/1] 0.00ns
._crit_edge.0:132  %p_addr25 = or i32 %p_addr18, 3

ST_20: tmp_131 [1/1] 0.00ns
._crit_edge.0:133  %tmp_131 = zext i32 %p_addr25 to i64

ST_20: inp_addr_7 [1/1] 0.00ns
._crit_edge.0:134  %inp_addr_7 = getelementptr [3456 x float]* %inp, i64 0, i64 %tmp_131

ST_20: inp_load_7 [2/2] 2.71ns
._crit_edge.0:135  %inp_load_7 = load float* %inp_addr_7, align 4

ST_20: inp_load_42 [1/2] 2.71ns
._crit_edge.0:709  %inp_load_42 = load float* %inp_addr_42, align 4

ST_20: inp_load_42_to_int [1/1] 0.00ns
._crit_edge.0:710  %inp_load_42_to_int = bitcast float %inp_load_42 to i32

ST_20: tmp_283 [1/1] 0.00ns
._crit_edge.0:711  %tmp_283 = call i8 @_ssdm_op_PartSelect.i8.i32.i32.i32(i32 %inp_load_42_to_int, i32 23, i32 30)

ST_20: tmp_372 [1/1] 0.00ns
._crit_edge.0:712  %tmp_372 = trunc i32 %inp_load_42_to_int to i23

ST_20: max4_to_int_12 [1/1] 0.00ns
._crit_edge.0:713  %max4_to_int_12 = bitcast float %max4_s to i32

ST_20: tmp_285 [1/1] 0.00ns
._crit_edge.0:714  %tmp_285 = call i8 @_ssdm_op_PartSelect.i8.i32.i32.i32(i32 %max4_to_int_12, i32 23, i32 30)

ST_20: tmp_373 [1/1] 0.00ns
._crit_edge.0:715  %tmp_373 = trunc i32 %max4_to_int_12 to i23

ST_20: notlhs62 [1/1] 2.00ns
._crit_edge.0:716  %notlhs62 = icmp ne i8 %tmp_283, -1

ST_20: notrhs62 [1/1] 2.39ns
._crit_edge.0:717  %notrhs62 = icmp eq i23 %tmp_372, 0

ST_20: tmp_287 [1/1] 1.37ns
._crit_edge.0:718  %tmp_287 = or i1 %notrhs62, %notlhs62

ST_20: notlhs63 [1/1] 2.00ns
._crit_edge.0:719  %notlhs63 = icmp ne i8 %tmp_285, -1

ST_20: notrhs63 [1/1] 2.39ns
._crit_edge.0:720  %notrhs63 = icmp eq i23 %tmp_373, 0

ST_20: tmp_288 [1/1] 1.37ns
._crit_edge.0:721  %tmp_288 = or i1 %notrhs63, %notlhs63

ST_20: tmp_289 [1/1] 1.37ns
._crit_edge.0:722  %tmp_289 = and i1 %tmp_287, %tmp_288

ST_20: tmp_290 [1/1] 6.79ns
._crit_edge.0:723  %tmp_290 = fcmp ogt float %inp_load_42, %max4_s

ST_20: tmp_291 [1/1] 1.37ns
._crit_edge.0:724  %tmp_291 = and i1 %tmp_289, %tmp_290

ST_20: max_1_s [1/1] 1.37ns
._crit_edge.0:725  %max_1_s = select i1 %tmp_291, float %inp_load_42, float %max4_s

ST_20: inp_load_46 [1/2] 2.71ns
._crit_edge.0:775  %inp_load_46 = load float* %inp_addr_46, align 4

ST_20: inp_load_46_to_int [1/1] 0.00ns
._crit_edge.0:776  %inp_load_46_to_int = bitcast float %inp_load_46 to i32

ST_20: tmp_310 [1/1] 0.00ns
._crit_edge.0:777  %tmp_310 = call i8 @_ssdm_op_PartSelect.i8.i32.i32.i32(i32 %inp_load_46_to_int, i32 23, i32 30)

ST_20: tmp_382 [1/1] 0.00ns
._crit_edge.0:778  %tmp_382 = trunc i32 %inp_load_46_to_int to i23

ST_20: max4_10_to_int [1/1] 0.00ns
._crit_edge.0:779  %max4_10_to_int = bitcast float %max4_10 to i32

ST_20: tmp_312 [1/1] 0.00ns
._crit_edge.0:780  %tmp_312 = call i8 @_ssdm_op_PartSelect.i8.i32.i32.i32(i32 %max4_10_to_int, i32 23, i32 30)

ST_20: tmp_383 [1/1] 0.00ns
._crit_edge.0:781  %tmp_383 = trunc i32 %max4_10_to_int to i23

ST_20: notlhs68 [1/1] 2.00ns
._crit_edge.0:782  %notlhs68 = icmp ne i8 %tmp_310, -1

ST_20: notrhs68 [1/1] 2.39ns
._crit_edge.0:783  %notrhs68 = icmp eq i23 %tmp_382, 0

ST_20: tmp_314 [1/1] 1.37ns
._crit_edge.0:784  %tmp_314 = or i1 %notrhs68, %notlhs68

ST_20: notlhs69 [1/1] 2.00ns
._crit_edge.0:785  %notlhs69 = icmp ne i8 %tmp_312, -1

ST_20: notrhs69 [1/1] 2.39ns
._crit_edge.0:786  %notrhs69 = icmp eq i23 %tmp_383, 0

ST_20: tmp_315 [1/1] 1.37ns
._crit_edge.0:787  %tmp_315 = or i1 %notrhs69, %notlhs69

ST_20: tmp_316 [1/1] 1.37ns
._crit_edge.0:788  %tmp_316 = and i1 %tmp_314, %tmp_315

ST_20: tmp_317 [1/1] 6.79ns
._crit_edge.0:789  %tmp_317 = fcmp ogt float %inp_load_46, %max4_10

ST_20: tmp_318 [1/1] 1.37ns
._crit_edge.0:790  %tmp_318 = and i1 %tmp_316, %tmp_317

ST_20: max_1_10 [1/1] 1.37ns
._crit_edge.0:791  %max_1_10 = select i1 %tmp_318, float %inp_load_46, float %max4_10


 <State 21>: 14.95ns
ST_21: inp_load_3 [1/2] 2.71ns
._crit_edge.0:65  %inp_load_3 = load float* %inp_addr_3, align 4

ST_21: inp_load_3_to_int [1/1] 0.00ns
._crit_edge.0:66  %inp_load_3_to_int = bitcast float %inp_load_3 to i32

ST_21: tmp_21 [1/1] 0.00ns
._crit_edge.0:67  %tmp_21 = call i8 @_ssdm_op_PartSelect.i8.i32.i32.i32(i32 %inp_load_3_to_int, i32 23, i32 30)

ST_21: tmp_86 [1/1] 0.00ns
._crit_edge.0:68  %tmp_86 = trunc i32 %inp_load_3_to_int to i23

ST_21: max_1_to_int [1/1] 0.00ns
._crit_edge.0:69  %max_1_to_int = bitcast float %max_1 to i32

ST_21: tmp_23 [1/1] 0.00ns
._crit_edge.0:70  %tmp_23 = call i8 @_ssdm_op_PartSelect.i8.i32.i32.i32(i32 %max_1_to_int, i32 23, i32 30)

ST_21: tmp_88 [1/1] 0.00ns
._crit_edge.0:71  %tmp_88 = trunc i32 %max_1_to_int to i23

ST_21: notlhs7 [1/1] 2.00ns
._crit_edge.0:72  %notlhs7 = icmp ne i8 %tmp_21, -1

ST_21: notrhs8 [1/1] 2.39ns
._crit_edge.0:73  %notrhs8 = icmp eq i23 %tmp_86, 0

ST_21: tmp_25 [1/1] 1.37ns
._crit_edge.0:74  %tmp_25 = or i1 %notrhs8, %notlhs7

ST_21: notlhs9 [1/1] 2.00ns
._crit_edge.0:75  %notlhs9 = icmp ne i8 %tmp_23, -1

ST_21: notrhs1 [1/1] 2.39ns
._crit_edge.0:76  %notrhs1 = icmp eq i23 %tmp_88, 0

ST_21: tmp_26 [1/1] 1.37ns
._crit_edge.0:77  %tmp_26 = or i1 %notrhs1, %notlhs9

ST_21: tmp_27 [1/1] 1.37ns
._crit_edge.0:78  %tmp_27 = and i1 %tmp_25, %tmp_26

ST_21: tmp_28 [1/1] 6.79ns
._crit_edge.0:79  %tmp_28 = fcmp ogt float %inp_load_3, %max_1

ST_21: tmp_29 [1/1] 1.37ns
._crit_edge.0:80  %tmp_29 = and i1 %tmp_27, %tmp_28

ST_21: max_2 [1/1] 1.37ns
._crit_edge.0:81  %max_2 = select i1 %tmp_29, float %inp_load_3, float %max_1

ST_21: p_addr21_cast [1/1] 0.00ns
._crit_edge.0:84  %p_addr21_cast = sext i9 %p_addr21 to i32

ST_21: tmp_95 [1/1] 0.00ns
._crit_edge.0:85  %tmp_95 = zext i32 %p_addr21_cast to i64

ST_21: out_0_addr [1/1] 0.00ns
._crit_edge.0:86  %out_0_addr = getelementptr [72 x float]* %out_0, i64 0, i64 %tmp_95

ST_21: stg_655 [1/1] 2.71ns
._crit_edge.0:87  store float %max_2, float* %out_0_addr, align 4

ST_21: inp_load_7 [1/2] 2.71ns
._crit_edge.0:135  %inp_load_7 = load float* %inp_addr_7, align 4

ST_21: inp_load_7_to_int [1/1] 0.00ns
._crit_edge.0:136  %inp_load_7_to_int = bitcast float %inp_load_7 to i32

ST_21: tmp_48 [1/1] 0.00ns
._crit_edge.0:137  %tmp_48 = call i8 @_ssdm_op_PartSelect.i8.i32.i32.i32(i32 %inp_load_7_to_int, i32 23, i32 30)

ST_21: tmp_133 [1/1] 0.00ns
._crit_edge.0:138  %tmp_133 = trunc i32 %inp_load_7_to_int to i23

ST_21: max_1_1_to_int [1/1] 0.00ns
._crit_edge.0:139  %max_1_1_to_int = bitcast float %max_1_1 to i32

ST_21: tmp_50 [1/1] 0.00ns
._crit_edge.0:140  %tmp_50 = call i8 @_ssdm_op_PartSelect.i8.i32.i32.i32(i32 %max_1_1_to_int, i32 23, i32 30)

ST_21: tmp_140 [1/1] 0.00ns
._crit_edge.0:141  %tmp_140 = trunc i32 %max_1_1_to_int to i23

ST_21: notlhs10 [1/1] 2.00ns
._crit_edge.0:142  %notlhs10 = icmp ne i8 %tmp_48, -1

ST_21: notrhs10 [1/1] 2.39ns
._crit_edge.0:143  %notrhs10 = icmp eq i23 %tmp_133, 0

ST_21: tmp_52 [1/1] 1.37ns
._crit_edge.0:144  %tmp_52 = or i1 %notrhs10, %notlhs10

ST_21: notlhs11 [1/1] 2.00ns
._crit_edge.0:145  %notlhs11 = icmp ne i8 %tmp_50, -1

ST_21: notrhs11 [1/1] 2.39ns
._crit_edge.0:146  %notrhs11 = icmp eq i23 %tmp_140, 0

ST_21: tmp_53 [1/1] 1.37ns
._crit_edge.0:147  %tmp_53 = or i1 %notrhs11, %notlhs11

ST_21: tmp_54 [1/1] 1.37ns
._crit_edge.0:148  %tmp_54 = and i1 %tmp_52, %tmp_53

ST_21: tmp_55 [1/1] 6.79ns
._crit_edge.0:149  %tmp_55 = fcmp ogt float %inp_load_7, %max_1_1

ST_21: tmp_56 [1/1] 1.37ns
._crit_edge.0:150  %tmp_56 = and i1 %tmp_54, %tmp_55

ST_21: max_2_1 [1/1] 1.37ns
._crit_edge.0:151  %max_2_1 = select i1 %tmp_56, float %inp_load_7, float %max_1_1

ST_21: out_1_addr [1/1] 0.00ns
._crit_edge.0:152  %out_1_addr = getelementptr [72 x float]* %out_1, i64 0, i64 %tmp_95

ST_21: stg_674 [1/1] 2.71ns
._crit_edge.0:153  store float %max_2_1, float* %out_1_addr, align 4

ST_21: p_addr30 [1/1] 0.00ns
._crit_edge.0:198  %p_addr30 = or i32 %p_addr18, 5

ST_21: tmp_176 [1/1] 0.00ns
._crit_edge.0:199  %tmp_176 = zext i32 %p_addr30 to i64

ST_21: inp_addr_11 [1/1] 0.00ns
._crit_edge.0:200  %inp_addr_11 = getelementptr [3456 x float]* %inp, i64 0, i64 %tmp_176

ST_21: inp_load_11 [2/2] 2.71ns
._crit_edge.0:201  %inp_load_11 = load float* %inp_addr_11, align 4

ST_21: p_addr35 [1/1] 0.00ns
._crit_edge.0:264  %p_addr35 = or i32 %p_addr18, 7

ST_21: tmp_221 [1/1] 0.00ns
._crit_edge.0:265  %tmp_221 = zext i32 %p_addr35 to i64

ST_21: inp_addr_15 [1/1] 0.00ns
._crit_edge.0:266  %inp_addr_15 = getelementptr [3456 x float]* %inp, i64 0, i64 %tmp_221

ST_21: inp_load_15 [2/2] 2.71ns
._crit_edge.0:267  %inp_load_15 = load float* %inp_addr_15, align 4


 <State 22>: 14.95ns
ST_22: inp_load_11 [1/2] 2.71ns
._crit_edge.0:201  %inp_load_11 = load float* %inp_addr_11, align 4

ST_22: inp_load_11_to_int [1/1] 0.00ns
._crit_edge.0:202  %inp_load_11_to_int = bitcast float %inp_load_11 to i32

ST_22: tmp_76 [1/1] 0.00ns
._crit_edge.0:203  %tmp_76 = call i8 @_ssdm_op_PartSelect.i8.i32.i32.i32(i32 %inp_load_11_to_int, i32 23, i32 30)

ST_22: tmp_178 [1/1] 0.00ns
._crit_edge.0:204  %tmp_178 = trunc i32 %inp_load_11_to_int to i23

ST_22: max_1_2_to_int [1/1] 0.00ns
._crit_edge.0:205  %max_1_2_to_int = bitcast float %max_1_2 to i32

ST_22: tmp_78 [1/1] 0.00ns
._crit_edge.0:206  %tmp_78 = call i8 @_ssdm_op_PartSelect.i8.i32.i32.i32(i32 %max_1_2_to_int, i32 23, i32 30)

ST_22: tmp_185 [1/1] 0.00ns
._crit_edge.0:207  %tmp_185 = trunc i32 %max_1_2_to_int to i23

ST_22: notlhs16 [1/1] 2.00ns
._crit_edge.0:208  %notlhs16 = icmp ne i8 %tmp_76, -1

ST_22: notrhs16 [1/1] 2.39ns
._crit_edge.0:209  %notrhs16 = icmp eq i23 %tmp_178, 0

ST_22: tmp_80 [1/1] 1.37ns
._crit_edge.0:210  %tmp_80 = or i1 %notrhs16, %notlhs16

ST_22: notlhs17 [1/1] 2.00ns
._crit_edge.0:211  %notlhs17 = icmp ne i8 %tmp_78, -1

ST_22: notrhs17 [1/1] 2.39ns
._crit_edge.0:212  %notrhs17 = icmp eq i23 %tmp_185, 0

ST_22: tmp_81 [1/1] 1.37ns
._crit_edge.0:213  %tmp_81 = or i1 %notrhs17, %notlhs17

ST_22: tmp_82 [1/1] 1.37ns
._crit_edge.0:214  %tmp_82 = and i1 %tmp_80, %tmp_81

ST_22: tmp_83 [1/1] 6.79ns
._crit_edge.0:215  %tmp_83 = fcmp ogt float %inp_load_11, %max_1_2

ST_22: tmp_84 [1/1] 1.37ns
._crit_edge.0:216  %tmp_84 = and i1 %tmp_82, %tmp_83

ST_22: max_2_2 [1/1] 1.37ns
._crit_edge.0:217  %max_2_2 = select i1 %tmp_84, float %inp_load_11, float %max_1_2

ST_22: out_2_addr [1/1] 0.00ns
._crit_edge.0:218  %out_2_addr = getelementptr [72 x float]* %out_2, i64 0, i64 %tmp_95

ST_22: stg_701 [1/1] 2.71ns
._crit_edge.0:219  store float %max_2_2, float* %out_2_addr, align 4

ST_22: inp_load_15 [1/2] 2.71ns
._crit_edge.0:267  %inp_load_15 = load float* %inp_addr_15, align 4

ST_22: inp_load_15_to_int [1/1] 0.00ns
._crit_edge.0:268  %inp_load_15_to_int = bitcast float %inp_load_15 to i32

ST_22: tmp_103 [1/1] 0.00ns
._crit_edge.0:269  %tmp_103 = call i8 @_ssdm_op_PartSelect.i8.i32.i32.i32(i32 %inp_load_15_to_int, i32 23, i32 30)

ST_22: tmp_223 [1/1] 0.00ns
._crit_edge.0:270  %tmp_223 = trunc i32 %inp_load_15_to_int to i23

ST_22: max_1_3_to_int [1/1] 0.00ns
._crit_edge.0:271  %max_1_3_to_int = bitcast float %max_1_3 to i32

ST_22: tmp_105 [1/1] 0.00ns
._crit_edge.0:272  %tmp_105 = call i8 @_ssdm_op_PartSelect.i8.i32.i32.i32(i32 %max_1_3_to_int, i32 23, i32 30)

ST_22: tmp_230 [1/1] 0.00ns
._crit_edge.0:273  %tmp_230 = trunc i32 %max_1_3_to_int to i23

ST_22: notlhs22 [1/1] 2.00ns
._crit_edge.0:274  %notlhs22 = icmp ne i8 %tmp_103, -1

ST_22: notrhs22 [1/1] 2.39ns
._crit_edge.0:275  %notrhs22 = icmp eq i23 %tmp_223, 0

ST_22: tmp_107 [1/1] 1.37ns
._crit_edge.0:276  %tmp_107 = or i1 %notrhs22, %notlhs22

ST_22: notlhs23 [1/1] 2.00ns
._crit_edge.0:277  %notlhs23 = icmp ne i8 %tmp_105, -1

ST_22: notrhs23 [1/1] 2.39ns
._crit_edge.0:278  %notrhs23 = icmp eq i23 %tmp_230, 0

ST_22: tmp_108 [1/1] 1.37ns
._crit_edge.0:279  %tmp_108 = or i1 %notrhs23, %notlhs23

ST_22: tmp_109 [1/1] 1.37ns
._crit_edge.0:280  %tmp_109 = and i1 %tmp_107, %tmp_108

ST_22: tmp_110 [1/1] 6.79ns
._crit_edge.0:281  %tmp_110 = fcmp ogt float %inp_load_15, %max_1_3

ST_22: tmp_111 [1/1] 1.37ns
._crit_edge.0:282  %tmp_111 = and i1 %tmp_109, %tmp_110

ST_22: max_2_3 [1/1] 1.37ns
._crit_edge.0:283  %max_2_3 = select i1 %tmp_111, float %inp_load_15, float %max_1_3

ST_22: out_3_addr [1/1] 0.00ns
._crit_edge.0:284  %out_3_addr = getelementptr [72 x float]* %out_3, i64 0, i64 %tmp_95

ST_22: stg_720 [1/1] 2.71ns
._crit_edge.0:285  store float %max_2_3, float* %out_3_addr, align 4

ST_22: p_addr40 [1/1] 1.96ns
._crit_edge.0:330  %p_addr40 = add i32 9, %p_addr18

ST_22: tmp_266 [1/1] 0.00ns
._crit_edge.0:331  %tmp_266 = zext i32 %p_addr40 to i64

ST_22: inp_addr_19 [1/1] 0.00ns
._crit_edge.0:332  %inp_addr_19 = getelementptr [3456 x float]* %inp, i64 0, i64 %tmp_266

ST_22: inp_load_19 [2/2] 2.71ns
._crit_edge.0:333  %inp_load_19 = load float* %inp_addr_19, align 4

ST_22: p_addr45 [1/1] 1.96ns
._crit_edge.0:396  %p_addr45 = add i32 11, %p_addr18

ST_22: tmp_311 [1/1] 0.00ns
._crit_edge.0:397  %tmp_311 = zext i32 %p_addr45 to i64

ST_22: inp_addr_23 [1/1] 0.00ns
._crit_edge.0:398  %inp_addr_23 = getelementptr [3456 x float]* %inp, i64 0, i64 %tmp_311

ST_22: inp_load_23 [2/2] 2.71ns
._crit_edge.0:399  %inp_load_23 = load float* %inp_addr_23, align 4


 <State 23>: 14.95ns
ST_23: inp_load_19 [1/2] 2.71ns
._crit_edge.0:333  %inp_load_19 = load float* %inp_addr_19, align 4

ST_23: inp_load_19_to_int [1/1] 0.00ns
._crit_edge.0:334  %inp_load_19_to_int = bitcast float %inp_load_19 to i32

ST_23: tmp_130 [1/1] 0.00ns
._crit_edge.0:335  %tmp_130 = call i8 @_ssdm_op_PartSelect.i8.i32.i32.i32(i32 %inp_load_19_to_int, i32 23, i32 30)

ST_23: tmp_268 [1/1] 0.00ns
._crit_edge.0:336  %tmp_268 = trunc i32 %inp_load_19_to_int to i23

ST_23: max_1_4_to_int [1/1] 0.00ns
._crit_edge.0:337  %max_1_4_to_int = bitcast float %max_1_4 to i32

ST_23: tmp_132 [1/1] 0.00ns
._crit_edge.0:338  %tmp_132 = call i8 @_ssdm_op_PartSelect.i8.i32.i32.i32(i32 %max_1_4_to_int, i32 23, i32 30)

ST_23: tmp_275 [1/1] 0.00ns
._crit_edge.0:339  %tmp_275 = trunc i32 %max_1_4_to_int to i23

ST_23: notlhs28 [1/1] 2.00ns
._crit_edge.0:340  %notlhs28 = icmp ne i8 %tmp_130, -1

ST_23: notrhs28 [1/1] 2.39ns
._crit_edge.0:341  %notrhs28 = icmp eq i23 %tmp_268, 0

ST_23: tmp_134 [1/1] 1.37ns
._crit_edge.0:342  %tmp_134 = or i1 %notrhs28, %notlhs28

ST_23: notlhs29 [1/1] 2.00ns
._crit_edge.0:343  %notlhs29 = icmp ne i8 %tmp_132, -1

ST_23: notrhs29 [1/1] 2.39ns
._crit_edge.0:344  %notrhs29 = icmp eq i23 %tmp_275, 0

ST_23: tmp_135 [1/1] 1.37ns
._crit_edge.0:345  %tmp_135 = or i1 %notrhs29, %notlhs29

ST_23: tmp_136 [1/1] 1.37ns
._crit_edge.0:346  %tmp_136 = and i1 %tmp_134, %tmp_135

ST_23: tmp_137 [1/1] 6.79ns
._crit_edge.0:347  %tmp_137 = fcmp ogt float %inp_load_19, %max_1_4

ST_23: tmp_138 [1/1] 1.37ns
._crit_edge.0:348  %tmp_138 = and i1 %tmp_136, %tmp_137

ST_23: max_2_4 [1/1] 1.37ns
._crit_edge.0:349  %max_2_4 = select i1 %tmp_138, float %inp_load_19, float %max_1_4

ST_23: out_4_addr [1/1] 0.00ns
._crit_edge.0:350  %out_4_addr = getelementptr [72 x float]* %out_4, i64 0, i64 %tmp_95

ST_23: stg_747 [1/1] 2.71ns
._crit_edge.0:351  store float %max_2_4, float* %out_4_addr, align 4

ST_23: inp_load_23 [1/2] 2.71ns
._crit_edge.0:399  %inp_load_23 = load float* %inp_addr_23, align 4

ST_23: inp_load_23_to_int [1/1] 0.00ns
._crit_edge.0:400  %inp_load_23_to_int = bitcast float %inp_load_23 to i32

ST_23: tmp_157 [1/1] 0.00ns
._crit_edge.0:401  %tmp_157 = call i8 @_ssdm_op_PartSelect.i8.i32.i32.i32(i32 %inp_load_23_to_int, i32 23, i32 30)

ST_23: tmp_313 [1/1] 0.00ns
._crit_edge.0:402  %tmp_313 = trunc i32 %inp_load_23_to_int to i23

ST_23: max_1_5_to_int [1/1] 0.00ns
._crit_edge.0:403  %max_1_5_to_int = bitcast float %max_1_5 to i32

ST_23: tmp_159 [1/1] 0.00ns
._crit_edge.0:404  %tmp_159 = call i8 @_ssdm_op_PartSelect.i8.i32.i32.i32(i32 %max_1_5_to_int, i32 23, i32 30)

ST_23: tmp_320 [1/1] 0.00ns
._crit_edge.0:405  %tmp_320 = trunc i32 %max_1_5_to_int to i23

ST_23: notlhs34 [1/1] 2.00ns
._crit_edge.0:406  %notlhs34 = icmp ne i8 %tmp_157, -1

ST_23: notrhs34 [1/1] 2.39ns
._crit_edge.0:407  %notrhs34 = icmp eq i23 %tmp_313, 0

ST_23: tmp_161 [1/1] 1.37ns
._crit_edge.0:408  %tmp_161 = or i1 %notrhs34, %notlhs34

ST_23: notlhs35 [1/1] 2.00ns
._crit_edge.0:409  %notlhs35 = icmp ne i8 %tmp_159, -1

ST_23: notrhs35 [1/1] 2.39ns
._crit_edge.0:410  %notrhs35 = icmp eq i23 %tmp_320, 0

ST_23: tmp_162 [1/1] 1.37ns
._crit_edge.0:411  %tmp_162 = or i1 %notrhs35, %notlhs35

ST_23: tmp_163 [1/1] 1.37ns
._crit_edge.0:412  %tmp_163 = and i1 %tmp_161, %tmp_162

ST_23: tmp_164 [1/1] 6.79ns
._crit_edge.0:413  %tmp_164 = fcmp ogt float %inp_load_23, %max_1_5

ST_23: tmp_165 [1/1] 1.37ns
._crit_edge.0:414  %tmp_165 = and i1 %tmp_163, %tmp_164

ST_23: max_2_5 [1/1] 1.37ns
._crit_edge.0:415  %max_2_5 = select i1 %tmp_165, float %inp_load_23, float %max_1_5

ST_23: out_5_addr [1/1] 0.00ns
._crit_edge.0:416  %out_5_addr = getelementptr [72 x float]* %out_5, i64 0, i64 %tmp_95

ST_23: stg_766 [1/1] 2.71ns
._crit_edge.0:417  store float %max_2_5, float* %out_5_addr, align 4

ST_23: p_addr49 [1/1] 1.96ns
._crit_edge.0:462  %p_addr49 = add i32 13, %p_addr18

ST_23: tmp_334 [1/1] 0.00ns
._crit_edge.0:463  %tmp_334 = zext i32 %p_addr49 to i64

ST_23: inp_addr_27 [1/1] 0.00ns
._crit_edge.0:464  %inp_addr_27 = getelementptr [3456 x float]* %inp, i64 0, i64 %tmp_334

ST_23: inp_load_27 [2/2] 2.71ns
._crit_edge.0:465  %inp_load_27 = load float* %inp_addr_27, align 4

ST_23: p_addr54 [1/1] 1.96ns
._crit_edge.0:528  %p_addr54 = add i32 15, %p_addr18

ST_23: tmp_344 [1/1] 0.00ns
._crit_edge.0:529  %tmp_344 = zext i32 %p_addr54 to i64

ST_23: inp_addr_31 [1/1] 0.00ns
._crit_edge.0:530  %inp_addr_31 = getelementptr [3456 x float]* %inp, i64 0, i64 %tmp_344

ST_23: inp_load_31 [2/2] 2.71ns
._crit_edge.0:531  %inp_load_31 = load float* %inp_addr_31, align 4


 <State 24>: 14.95ns
ST_24: inp_load_27 [1/2] 2.71ns
._crit_edge.0:465  %inp_load_27 = load float* %inp_addr_27, align 4

ST_24: inp_load_27_to_int [1/1] 0.00ns
._crit_edge.0:466  %inp_load_27_to_int = bitcast float %inp_load_27 to i32

ST_24: tmp_184 [1/1] 0.00ns
._crit_edge.0:467  %tmp_184 = call i8 @_ssdm_op_PartSelect.i8.i32.i32.i32(i32 %inp_load_27_to_int, i32 23, i32 30)

ST_24: tmp_335 [1/1] 0.00ns
._crit_edge.0:468  %tmp_335 = trunc i32 %inp_load_27_to_int to i23

ST_24: max_1_6_to_int [1/1] 0.00ns
._crit_edge.0:469  %max_1_6_to_int = bitcast float %max_1_6 to i32

ST_24: tmp_186 [1/1] 0.00ns
._crit_edge.0:470  %tmp_186 = call i8 @_ssdm_op_PartSelect.i8.i32.i32.i32(i32 %max_1_6_to_int, i32 23, i32 30)

ST_24: tmp_336 [1/1] 0.00ns
._crit_edge.0:471  %tmp_336 = trunc i32 %max_1_6_to_int to i23

ST_24: notlhs40 [1/1] 2.00ns
._crit_edge.0:472  %notlhs40 = icmp ne i8 %tmp_184, -1

ST_24: notrhs40 [1/1] 2.39ns
._crit_edge.0:473  %notrhs40 = icmp eq i23 %tmp_335, 0

ST_24: tmp_188 [1/1] 1.37ns
._crit_edge.0:474  %tmp_188 = or i1 %notrhs40, %notlhs40

ST_24: notlhs41 [1/1] 2.00ns
._crit_edge.0:475  %notlhs41 = icmp ne i8 %tmp_186, -1

ST_24: notrhs41 [1/1] 2.39ns
._crit_edge.0:476  %notrhs41 = icmp eq i23 %tmp_336, 0

ST_24: tmp_189 [1/1] 1.37ns
._crit_edge.0:477  %tmp_189 = or i1 %notrhs41, %notlhs41

ST_24: tmp_190 [1/1] 1.37ns
._crit_edge.0:478  %tmp_190 = and i1 %tmp_188, %tmp_189

ST_24: tmp_191 [1/1] 6.79ns
._crit_edge.0:479  %tmp_191 = fcmp ogt float %inp_load_27, %max_1_6

ST_24: tmp_192 [1/1] 1.37ns
._crit_edge.0:480  %tmp_192 = and i1 %tmp_190, %tmp_191

ST_24: max_2_6 [1/1] 1.37ns
._crit_edge.0:481  %max_2_6 = select i1 %tmp_192, float %inp_load_27, float %max_1_6

ST_24: out_6_addr [1/1] 0.00ns
._crit_edge.0:482  %out_6_addr = getelementptr [72 x float]* %out_6, i64 0, i64 %tmp_95

ST_24: stg_793 [1/1] 2.71ns
._crit_edge.0:483  store float %max_2_6, float* %out_6_addr, align 4

ST_24: inp_load_31 [1/2] 2.71ns
._crit_edge.0:531  %inp_load_31 = load float* %inp_addr_31, align 4

ST_24: inp_load_31_to_int [1/1] 0.00ns
._crit_edge.0:532  %inp_load_31_to_int = bitcast float %inp_load_31 to i32

ST_24: tmp_211 [1/1] 0.00ns
._crit_edge.0:533  %tmp_211 = call i8 @_ssdm_op_PartSelect.i8.i32.i32.i32(i32 %inp_load_31_to_int, i32 23, i32 30)

ST_24: tmp_345 [1/1] 0.00ns
._crit_edge.0:534  %tmp_345 = trunc i32 %inp_load_31_to_int to i23

ST_24: max_1_7_to_int [1/1] 0.00ns
._crit_edge.0:535  %max_1_7_to_int = bitcast float %max_1_7 to i32

ST_24: tmp_213 [1/1] 0.00ns
._crit_edge.0:536  %tmp_213 = call i8 @_ssdm_op_PartSelect.i8.i32.i32.i32(i32 %max_1_7_to_int, i32 23, i32 30)

ST_24: tmp_346 [1/1] 0.00ns
._crit_edge.0:537  %tmp_346 = trunc i32 %max_1_7_to_int to i23

ST_24: notlhs46 [1/1] 2.00ns
._crit_edge.0:538  %notlhs46 = icmp ne i8 %tmp_211, -1

ST_24: notrhs46 [1/1] 2.39ns
._crit_edge.0:539  %notrhs46 = icmp eq i23 %tmp_345, 0

ST_24: tmp_215 [1/1] 1.37ns
._crit_edge.0:540  %tmp_215 = or i1 %notrhs46, %notlhs46

ST_24: notlhs47 [1/1] 2.00ns
._crit_edge.0:541  %notlhs47 = icmp ne i8 %tmp_213, -1

ST_24: notrhs47 [1/1] 2.39ns
._crit_edge.0:542  %notrhs47 = icmp eq i23 %tmp_346, 0

ST_24: tmp_216 [1/1] 1.37ns
._crit_edge.0:543  %tmp_216 = or i1 %notrhs47, %notlhs47

ST_24: tmp_217 [1/1] 1.37ns
._crit_edge.0:544  %tmp_217 = and i1 %tmp_215, %tmp_216

ST_24: tmp_218 [1/1] 6.79ns
._crit_edge.0:545  %tmp_218 = fcmp ogt float %inp_load_31, %max_1_7

ST_24: tmp_219 [1/1] 1.37ns
._crit_edge.0:546  %tmp_219 = and i1 %tmp_217, %tmp_218

ST_24: max_2_7 [1/1] 1.37ns
._crit_edge.0:547  %max_2_7 = select i1 %tmp_219, float %inp_load_31, float %max_1_7

ST_24: out_7_addr [1/1] 0.00ns
._crit_edge.0:548  %out_7_addr = getelementptr [72 x float]* %out_7, i64 0, i64 %tmp_95

ST_24: stg_812 [1/1] 2.71ns
._crit_edge.0:549  store float %max_2_7, float* %out_7_addr, align 4

ST_24: p_addr59 [1/1] 1.96ns
._crit_edge.0:594  %p_addr59 = add i32 17, %p_addr18

ST_24: tmp_354 [1/1] 0.00ns
._crit_edge.0:595  %tmp_354 = zext i32 %p_addr59 to i64

ST_24: inp_addr_35 [1/1] 0.00ns
._crit_edge.0:596  %inp_addr_35 = getelementptr [3456 x float]* %inp, i64 0, i64 %tmp_354

ST_24: inp_load_35 [2/2] 2.71ns
._crit_edge.0:597  %inp_load_35 = load float* %inp_addr_35, align 4

ST_24: p_addr50 [1/1] 1.96ns
._crit_edge.0:660  %p_addr50 = add i32 19, %p_addr18

ST_24: tmp_364 [1/1] 0.00ns
._crit_edge.0:661  %tmp_364 = zext i32 %p_addr50 to i64

ST_24: inp_addr_39 [1/1] 0.00ns
._crit_edge.0:662  %inp_addr_39 = getelementptr [3456 x float]* %inp, i64 0, i64 %tmp_364

ST_24: inp_load_39 [2/2] 2.71ns
._crit_edge.0:663  %inp_load_39 = load float* %inp_addr_39, align 4


 <State 25>: 14.95ns
ST_25: inp_load_35 [1/2] 2.71ns
._crit_edge.0:597  %inp_load_35 = load float* %inp_addr_35, align 4

ST_25: inp_load_35_to_int [1/1] 0.00ns
._crit_edge.0:598  %inp_load_35_to_int = bitcast float %inp_load_35 to i32

ST_25: tmp_238 [1/1] 0.00ns
._crit_edge.0:599  %tmp_238 = call i8 @_ssdm_op_PartSelect.i8.i32.i32.i32(i32 %inp_load_35_to_int, i32 23, i32 30)

ST_25: tmp_355 [1/1] 0.00ns
._crit_edge.0:600  %tmp_355 = trunc i32 %inp_load_35_to_int to i23

ST_25: max_1_8_to_int [1/1] 0.00ns
._crit_edge.0:601  %max_1_8_to_int = bitcast float %max_1_8 to i32

ST_25: tmp_240 [1/1] 0.00ns
._crit_edge.0:602  %tmp_240 = call i8 @_ssdm_op_PartSelect.i8.i32.i32.i32(i32 %max_1_8_to_int, i32 23, i32 30)

ST_25: tmp_356 [1/1] 0.00ns
._crit_edge.0:603  %tmp_356 = trunc i32 %max_1_8_to_int to i23

ST_25: notlhs52 [1/1] 2.00ns
._crit_edge.0:604  %notlhs52 = icmp ne i8 %tmp_238, -1

ST_25: notrhs52 [1/1] 2.39ns
._crit_edge.0:605  %notrhs52 = icmp eq i23 %tmp_355, 0

ST_25: tmp_242 [1/1] 1.37ns
._crit_edge.0:606  %tmp_242 = or i1 %notrhs52, %notlhs52

ST_25: notlhs53 [1/1] 2.00ns
._crit_edge.0:607  %notlhs53 = icmp ne i8 %tmp_240, -1

ST_25: notrhs53 [1/1] 2.39ns
._crit_edge.0:608  %notrhs53 = icmp eq i23 %tmp_356, 0

ST_25: tmp_243 [1/1] 1.37ns
._crit_edge.0:609  %tmp_243 = or i1 %notrhs53, %notlhs53

ST_25: tmp_244 [1/1] 1.37ns
._crit_edge.0:610  %tmp_244 = and i1 %tmp_242, %tmp_243

ST_25: tmp_245 [1/1] 6.79ns
._crit_edge.0:611  %tmp_245 = fcmp ogt float %inp_load_35, %max_1_8

ST_25: tmp_246 [1/1] 1.37ns
._crit_edge.0:612  %tmp_246 = and i1 %tmp_244, %tmp_245

ST_25: max_2_8 [1/1] 1.37ns
._crit_edge.0:613  %max_2_8 = select i1 %tmp_246, float %inp_load_35, float %max_1_8

ST_25: out_8_addr [1/1] 0.00ns
._crit_edge.0:614  %out_8_addr = getelementptr [72 x float]* %out_8, i64 0, i64 %tmp_95

ST_25: stg_839 [1/1] 2.71ns
._crit_edge.0:615  store float %max_2_8, float* %out_8_addr, align 4

ST_25: inp_load_39 [1/2] 2.71ns
._crit_edge.0:663  %inp_load_39 = load float* %inp_addr_39, align 4

ST_25: inp_load_39_to_int [1/1] 0.00ns
._crit_edge.0:664  %inp_load_39_to_int = bitcast float %inp_load_39 to i32

ST_25: tmp_265 [1/1] 0.00ns
._crit_edge.0:665  %tmp_265 = call i8 @_ssdm_op_PartSelect.i8.i32.i32.i32(i32 %inp_load_39_to_int, i32 23, i32 30)

ST_25: tmp_365 [1/1] 0.00ns
._crit_edge.0:666  %tmp_365 = trunc i32 %inp_load_39_to_int to i23

ST_25: max_1_9_to_int [1/1] 0.00ns
._crit_edge.0:667  %max_1_9_to_int = bitcast float %max_1_9 to i32

ST_25: tmp_267 [1/1] 0.00ns
._crit_edge.0:668  %tmp_267 = call i8 @_ssdm_op_PartSelect.i8.i32.i32.i32(i32 %max_1_9_to_int, i32 23, i32 30)

ST_25: tmp_366 [1/1] 0.00ns
._crit_edge.0:669  %tmp_366 = trunc i32 %max_1_9_to_int to i23

ST_25: notlhs58 [1/1] 2.00ns
._crit_edge.0:670  %notlhs58 = icmp ne i8 %tmp_265, -1

ST_25: notrhs58 [1/1] 2.39ns
._crit_edge.0:671  %notrhs58 = icmp eq i23 %tmp_365, 0

ST_25: tmp_269 [1/1] 1.37ns
._crit_edge.0:672  %tmp_269 = or i1 %notrhs58, %notlhs58

ST_25: notlhs59 [1/1] 2.00ns
._crit_edge.0:673  %notlhs59 = icmp ne i8 %tmp_267, -1

ST_25: notrhs59 [1/1] 2.39ns
._crit_edge.0:674  %notrhs59 = icmp eq i23 %tmp_366, 0

ST_25: tmp_270 [1/1] 1.37ns
._crit_edge.0:675  %tmp_270 = or i1 %notrhs59, %notlhs59

ST_25: tmp_271 [1/1] 1.37ns
._crit_edge.0:676  %tmp_271 = and i1 %tmp_269, %tmp_270

ST_25: tmp_272 [1/1] 6.79ns
._crit_edge.0:677  %tmp_272 = fcmp ogt float %inp_load_39, %max_1_9

ST_25: tmp_273 [1/1] 1.37ns
._crit_edge.0:678  %tmp_273 = and i1 %tmp_271, %tmp_272

ST_25: max_2_9 [1/1] 1.37ns
._crit_edge.0:679  %max_2_9 = select i1 %tmp_273, float %inp_load_39, float %max_1_9

ST_25: out_9_addr [1/1] 0.00ns
._crit_edge.0:680  %out_9_addr = getelementptr [72 x float]* %out_9, i64 0, i64 %tmp_95

ST_25: stg_858 [1/1] 2.71ns
._crit_edge.0:681  store float %max_2_9, float* %out_9_addr, align 4

ST_25: p_addr26 [1/1] 1.96ns
._crit_edge.0:726  %p_addr26 = add i32 21, %p_addr18

ST_25: tmp_374 [1/1] 0.00ns
._crit_edge.0:727  %tmp_374 = zext i32 %p_addr26 to i64

ST_25: inp_addr_43 [1/1] 0.00ns
._crit_edge.0:728  %inp_addr_43 = getelementptr [3456 x float]* %inp, i64 0, i64 %tmp_374

ST_25: inp_load_43 [2/2] 2.71ns
._crit_edge.0:729  %inp_load_43 = load float* %inp_addr_43, align 4

ST_25: p_addr3 [1/1] 1.96ns
._crit_edge.0:792  %p_addr3 = add i32 23, %p_addr18

ST_25: tmp_384 [1/1] 0.00ns
._crit_edge.0:793  %tmp_384 = zext i32 %p_addr3 to i64

ST_25: inp_addr_47 [1/1] 0.00ns
._crit_edge.0:794  %inp_addr_47 = getelementptr [3456 x float]* %inp, i64 0, i64 %tmp_384

ST_25: inp_load_47 [2/2] 2.71ns
._crit_edge.0:795  %inp_load_47 = load float* %inp_addr_47, align 4


 <State 26>: 14.95ns
ST_26: empty [1/1] 0.00ns
._crit_edge.0:0  %empty = call i32 (...)* @_ssdm_op_SpecLoopTripCount(i64 12, i64 12, i64 12)

ST_26: stg_868 [1/1] 0.00ns
._crit_edge.0:1  call void (...)* @_ssdm_op_SpecLoopName([15 x i8]* @p_str12) nounwind

ST_26: tmp_7 [1/1] 0.00ns
._crit_edge.0:2  %tmp_7 = call i32 (...)* @_ssdm_op_SpecRegionBegin([15 x i8]* @p_str12) nounwind

ST_26: stg_870 [1/1] 0.00ns
._crit_edge.0:3  call void (...)* @_ssdm_op_SpecPipeline(i32 1, i32 1, i32 1, i32 0, [1 x i8]* @p_str) nounwind

ST_26: inp_load_43 [1/2] 2.71ns
._crit_edge.0:729  %inp_load_43 = load float* %inp_addr_43, align 4

ST_26: inp_load_43_to_int [1/1] 0.00ns
._crit_edge.0:730  %inp_load_43_to_int = bitcast float %inp_load_43 to i32

ST_26: tmp_292 [1/1] 0.00ns
._crit_edge.0:731  %tmp_292 = call i8 @_ssdm_op_PartSelect.i8.i32.i32.i32(i32 %inp_load_43_to_int, i32 23, i32 30)

ST_26: tmp_375 [1/1] 0.00ns
._crit_edge.0:732  %tmp_375 = trunc i32 %inp_load_43_to_int to i23

ST_26: max_1_to_int_13 [1/1] 0.00ns
._crit_edge.0:733  %max_1_to_int_13 = bitcast float %max_1_s to i32

ST_26: tmp_294 [1/1] 0.00ns
._crit_edge.0:734  %tmp_294 = call i8 @_ssdm_op_PartSelect.i8.i32.i32.i32(i32 %max_1_to_int_13, i32 23, i32 30)

ST_26: tmp_376 [1/1] 0.00ns
._crit_edge.0:735  %tmp_376 = trunc i32 %max_1_to_int_13 to i23

ST_26: notlhs64 [1/1] 2.00ns
._crit_edge.0:736  %notlhs64 = icmp ne i8 %tmp_292, -1

ST_26: notrhs64 [1/1] 2.39ns
._crit_edge.0:737  %notrhs64 = icmp eq i23 %tmp_375, 0

ST_26: tmp_296 [1/1] 1.37ns
._crit_edge.0:738  %tmp_296 = or i1 %notrhs64, %notlhs64

ST_26: notlhs65 [1/1] 2.00ns
._crit_edge.0:739  %notlhs65 = icmp ne i8 %tmp_294, -1

ST_26: notrhs65 [1/1] 2.39ns
._crit_edge.0:740  %notrhs65 = icmp eq i23 %tmp_376, 0

ST_26: tmp_297 [1/1] 1.37ns
._crit_edge.0:741  %tmp_297 = or i1 %notrhs65, %notlhs65

ST_26: tmp_298 [1/1] 1.37ns
._crit_edge.0:742  %tmp_298 = and i1 %tmp_296, %tmp_297

ST_26: tmp_299 [1/1] 6.79ns
._crit_edge.0:743  %tmp_299 = fcmp ogt float %inp_load_43, %max_1_s

ST_26: tmp_300 [1/1] 1.37ns
._crit_edge.0:744  %tmp_300 = and i1 %tmp_298, %tmp_299

ST_26: max_2_s [1/1] 1.37ns
._crit_edge.0:745  %max_2_s = select i1 %tmp_300, float %inp_load_43, float %max_1_s

ST_26: out_10_addr [1/1] 0.00ns
._crit_edge.0:746  %out_10_addr = getelementptr [72 x float]* %out_10, i64 0, i64 %tmp_95

ST_26: stg_889 [1/1] 2.71ns
._crit_edge.0:747  store float %max_2_s, float* %out_10_addr, align 4

ST_26: inp_load_47 [1/2] 2.71ns
._crit_edge.0:795  %inp_load_47 = load float* %inp_addr_47, align 4

ST_26: inp_load_47_to_int [1/1] 0.00ns
._crit_edge.0:796  %inp_load_47_to_int = bitcast float %inp_load_47 to i32

ST_26: tmp_319 [1/1] 0.00ns
._crit_edge.0:797  %tmp_319 = call i8 @_ssdm_op_PartSelect.i8.i32.i32.i32(i32 %inp_load_47_to_int, i32 23, i32 30)

ST_26: tmp_385 [1/1] 0.00ns
._crit_edge.0:798  %tmp_385 = trunc i32 %inp_load_47_to_int to i23

ST_26: max_1_10_to_int [1/1] 0.00ns
._crit_edge.0:799  %max_1_10_to_int = bitcast float %max_1_10 to i32

ST_26: tmp_321 [1/1] 0.00ns
._crit_edge.0:800  %tmp_321 = call i8 @_ssdm_op_PartSelect.i8.i32.i32.i32(i32 %max_1_10_to_int, i32 23, i32 30)

ST_26: tmp_386 [1/1] 0.00ns
._crit_edge.0:801  %tmp_386 = trunc i32 %max_1_10_to_int to i23

ST_26: notlhs70 [1/1] 2.00ns
._crit_edge.0:802  %notlhs70 = icmp ne i8 %tmp_319, -1

ST_26: notrhs70 [1/1] 2.39ns
._crit_edge.0:803  %notrhs70 = icmp eq i23 %tmp_385, 0

ST_26: tmp_323 [1/1] 1.37ns
._crit_edge.0:804  %tmp_323 = or i1 %notrhs70, %notlhs70

ST_26: notlhs71 [1/1] 2.00ns
._crit_edge.0:805  %notlhs71 = icmp ne i8 %tmp_321, -1

ST_26: notrhs71 [1/1] 2.39ns
._crit_edge.0:806  %notrhs71 = icmp eq i23 %tmp_386, 0

ST_26: tmp_324 [1/1] 1.37ns
._crit_edge.0:807  %tmp_324 = or i1 %notrhs71, %notlhs71

ST_26: tmp_325 [1/1] 1.37ns
._crit_edge.0:808  %tmp_325 = and i1 %tmp_323, %tmp_324

ST_26: tmp_326 [1/1] 6.79ns
._crit_edge.0:809  %tmp_326 = fcmp ogt float %inp_load_47, %max_1_10

ST_26: tmp_327 [1/1] 1.37ns
._crit_edge.0:810  %tmp_327 = and i1 %tmp_325, %tmp_326

ST_26: max_2_10 [1/1] 1.37ns
._crit_edge.0:811  %max_2_10 = select i1 %tmp_327, float %inp_load_47, float %max_1_10

ST_26: out_11_addr [1/1] 0.00ns
._crit_edge.0:812  %out_11_addr = getelementptr [72 x float]* %out_11, i64 0, i64 %tmp_95

ST_26: stg_908 [1/1] 2.71ns
._crit_edge.0:813  store float %max_2_10, float* %out_11_addr, align 4

ST_26: empty_14 [1/1] 0.00ns
._crit_edge.0:814  %empty_14 = call i32 (...)* @_ssdm_op_SpecRegionEnd([15 x i8]* @p_str12, i32 %tmp_7) nounwind

ST_26: stg_910 [1/1] 0.00ns
._crit_edge.0:815  br label %1


 <State 27>: 0.00ns
ST_27: stg_911 [1/1] 0.00ns
:0  ret void



============================================================
+ Verbose Summary: Binding
============================================================
N/A
* FSMD analyzer results:
  - Output states:
  - Chain level:
	State 1
	State 2
	State 3
	State 4
	State 5
	State 6
	State 7
	State 8
	State 9
	State 10
	State 11
	State 12
	State 13
	State 14
	State 15
	State 16
	State 17
	State 18
	State 19
	State 20
	State 21
	State 22
	State 23
	State 24
	State 25
	State 26
	State 27


============================================================
+ Verbose Summary: Datapath Resource usage 
============================================================
N/A
