

================================================================
== Vivado HLS Report for 'feature_extractor_maxpool'
================================================================
* Date:           Sun Nov 20 00:40:54 2016

* Version:        2015.2 (Build 1266856 on Fri Jun 26 16:57:37 PM 2015)
* Project:        cnn_filter
* Solution:       solution1
* Product family: zynq
* Target device:  xc7z020clg484-1


================================================================
== Performance Estimates
================================================================
+ Timing (ns): 
    * Summary: 
    +--------+-------+----------+------------+
    |  Clock | Target| Estimated| Uncertainty|
    +--------+-------+----------+------------+
    |ap_clk  |  10.00|      8.16|        1.25|
    +--------+-------+----------+------------+

+ Latency (clock cycles): 
    * Summary: 
    +------+------+------+------+---------+
    |   Latency   |   Interval  | Pipeline|
    |  min |  max |  min |  max |   Type  |
    +------+------+------+------+---------+
    |  5497|  5497|  5497|  5497|   none  |
    +------+------+------+------+---------+

    + Detail: 
        * Instance: 
        N/A

        * Loop: 
        +---------------------+------+------+----------+-----------+-----------+------+----------+
        |                     |   Latency   | Iteration|  Initiation Interval  | Trip |          |
        |      Loop Name      |  min |  max |  Latency |  achieved |   target  | Count| Pipelined|
        +---------------------+------+------+----------+-----------+-----------+------+----------+
        |- Loop 1             |  5496|  5496|       458|          -|          -|    12|    no    |
        | + Loop 1.1          |   456|   456|        38|          -|          -|    12|    no    |
        |  ++ Loop 1.1.1      |    36|    36|        18|          -|          -|     2|    no    |
        |   +++ Loop 1.1.1.1  |    16|    16|         8|          -|          -|     2|    no    |
        +---------------------+------+------+----------+-----------+-----------+------+----------+



================================================================
== Utilization Estimates
================================================================
* Summary: 
+-----------------+---------+-------+--------+-------+
|       Name      | BRAM_18K| DSP48E|   FF   |  LUT  |
+-----------------+---------+-------+--------+-------+
|Expression       |        -|      -|       0|    676|
|FIFO             |        -|      -|       -|      -|
|Instance         |        -|      0|     406|    793|
|Memory           |        -|      -|       -|      -|
|Multiplexer      |        -|      -|       -|     82|
|Register         |        -|      -|     311|      -|
+-----------------+---------+-------+--------+-------+
|Total            |        0|      0|     717|   1551|
+-----------------+---------+-------+--------+-------+
|Available        |      280|    220|  106400|  53200|
+-----------------+---------+-------+--------+-------+
|Utilization (%)  |        0|      0|   ~0   |      2|
+-----------------+---------+-------+--------+-------+

+ Detail: 
    * Instance: 
    +------------------------------------------+--------------------------------------+---------+-------+-----+-----+
    |                 Instance                 |                Module                | BRAM_18K| DSP48E|  FF | LUT |
    +------------------------------------------+--------------------------------------+---------+-------+-----+-----+
    |feature_extractor_fcmp_32ns_32ns_1_1_U10  |feature_extractor_fcmp_32ns_32ns_1_1  |        0|      0|   66|  239|
    |feature_extractor_sitofp_32ns_32_6_U9     |feature_extractor_sitofp_32ns_32_6    |        0|      0|  340|  554|
    +------------------------------------------+--------------------------------------+---------+-------+-----+-----+
    |Total                                     |                                      |        0|      0|  406|  793|
    +------------------------------------------+--------------------------------------+---------+-------+-----+-----+

    * Memory: 
    N/A

    * FIFO: 
    N/A

    * Expression: 
    +------------------------+----------+-------+---+-----+------------+------------+
    |      Variable Name     | Operation| DSP48E| FF| LUT | Bitwidth P0| Bitwidth P1|
    +------------------------+----------+-------+---+-----+------------+------------+
    |i_2_fu_276_p2           |     +    |      0|  0|    4|           4|           1|
    |j_2_fu_335_p2           |     +    |      0|  0|    4|           4|           1|
    |k_2_fu_359_p2           |     +    |      0|  0|    2|           2|           1|
    |l_1_fu_433_p2           |     +    |      0|  0|    2|           2|           1|
    |p_addr1_fu_374_p2       |     +    |      0|  0|   10|          10|          10|
    |p_addr3_fu_448_p2       |     +    |      0|  0|   32|          32|          32|
    |p_addr5_fu_294_p2       |     +    |      0|  0|    9|           9|           9|
    |p_addr7_fu_413_p2       |     +    |      0|  0|   32|          32|          32|
    |sh_assign_fu_563_p2     |     +    |      0|  0|    9|           8|           9|
    |tmp_3_fu_365_p2         |     +    |      0|  0|    5|           5|           5|
    |tmp_6_fu_439_p2         |     +    |      0|  0|    5|           5|           5|
    |p_Val2_7_i_i_fu_649_p2  |     -    |      0|  0|   32|           1|          32|
    |p_addr2_fu_403_p2       |     -    |      0|  0|   32|          32|          32|
    |p_addr4_fu_260_p2       |     -    |      0|  0|    8|           8|           8|
    |p_addr6_fu_323_p2       |     -    |      0|  0|   32|          32|          32|
    |p_addr_fu_226_p2        |     -    |      0|  0|    9|           9|           9|
    |tmp_1_i_i_fu_577_p2     |     -    |      0|  0|    8|           7|           8|
    |max_2_fu_660_p3         |  Select  |      0|  0|   32|           1|          32|
    |p_Val2_8_fu_641_p3      |  Select  |      0|  0|   32|           1|          32|
    |p_Val2_s_fu_654_p3      |  Select  |      0|  0|   32|           1|          32|
    |sh_assign_1_fu_587_p3   |  Select  |      0|  0|    9|           1|           9|
    |tmp_11_fu_527_p2        |    and   |      0|  0|    1|           1|           1|
    |tmp_13_fu_533_p2        |    and   |      0|  0|    1|           1|           1|
    |exitcond1_fu_353_p2     |   icmp   |      0|  0|    2|           2|           3|
    |exitcond2_fu_329_p2     |   icmp   |      0|  0|    2|           4|           4|
    |exitcond3_fu_270_p2     |   icmp   |      0|  0|    2|           4|           4|
    |exitcond_fu_427_p2      |   icmp   |      0|  0|    2|           2|           3|
    |notlhs1_fu_509_p2       |   icmp   |      0|  0|    3|           8|           2|
    |notlhs_fu_491_p2        |   icmp   |      0|  0|    3|           8|           2|
    |notrhs2_fu_515_p2       |   icmp   |      0|  0|    8|          23|           1|
    |notrhs_fu_497_p2        |   icmp   |      0|  0|    8|          23|           1|
    |tmp_3_i_i_fu_607_p2     |   lshr   |      0|  0|   63|          24|          24|
    |tmp_10_fu_521_p2        |    or    |      0|  0|    1|           1|           1|
    |tmp_7_fu_503_p2         |    or    |      0|  0|    1|           1|           1|
    |tmp_5_i_i_fu_613_p2     |    shl   |      0|  0|  239|          78|          78|
    +------------------------+----------+-------+---+-----+------------+------------+
    |Total                   |          |      0|  0|  676|         386|         458|
    +------------------------+----------+-------+---+-----+------------+------------+

    * Multiplexer: 
    +---------------+----+-----------+-----+-----------+
    |      Name     | LUT| Input Size| Bits| Total Bits|
    +---------------+----+-----------+-----+-----------+
    |ap_NS_fsm      |   6|         13|    1|         13|
    |i_reg_124      |   4|          2|    4|          8|
    |j_reg_135      |   4|          2|    4|          8|
    |k_reg_160      |   2|          2|    2|          4|
    |l_reg_183      |   2|          2|    2|          4|
    |max_1_reg_171  |  32|          2|   32|         64|
    |max_reg_147    |  32|          2|   32|         64|
    +---------------+----+-----------+-----+-----------+
    |Total          |  82|         25|   77|        165|
    +---------------+----+-----------+-----+-----------+

    * Register: 
    +------------------------+----+----+-----+-----------+
    |          Name          | FF | LUT| Bits| Const Bits|
    +------------------------+----+----+-----+-----------+
    |ap_CS_fsm               |  12|   0|   12|          0|
    |i_2_reg_680             |   4|   0|    4|          0|
    |i_reg_124               |   4|   0|    4|          0|
    |input_mat_load_reg_739  |  32|   0|   32|          0|
    |j_2_reg_698             |   4|   0|    4|          0|
    |j_reg_135               |   4|   0|    4|          0|
    |k_2_reg_711             |   2|   0|    2|          0|
    |k_reg_160               |   2|   0|    2|          0|
    |l_1_reg_724             |   2|   0|    2|          0|
    |l_reg_183               |   2|   0|    2|          0|
    |max_1_reg_171           |  32|   0|   32|          0|
    |max_reg_147             |  32|   0|   32|          0|
    |p_Result_s_reg_756      |   1|   0|    1|          0|
    |p_Val2_8_reg_761        |  32|   0|   32|          0|
    |p_addr2_reg_716         |  29|   0|   32|          3|
    |p_addr3_reg_729         |  32|   0|   32|          0|
    |p_addr4_cast_reg_672    |   7|   0|    9|          2|
    |p_addr6_reg_690         |  30|   0|   32|          2|
    |p_addr_cast_reg_667     |   7|   0|   10|          3|
    |tmp_13_reg_751          |   1|   0|    1|          0|
    |tmp_1_reg_703           |   4|   0|    5|          1|
    |tmp_8_reg_745           |  32|   0|   32|          0|
    |tmp_reg_685             |   4|   0|    5|          1|
    +------------------------+----+----+-----+-----------+
    |Total                   | 311|   0|  323|         12|
    +------------------------+----+----+-----+-----------+



================================================================
== Interface
================================================================
* Summary: 
+---------------------+-----+-----+------------+---------------------------+--------------+
|      RTL Ports      | Dir | Bits|  Protocol  |       Source Object       |    C Type    |
+---------------------+-----+-----+------------+---------------------------+--------------+
|ap_clk               |  in |    1| ap_ctrl_hs | feature_extractor_maxpool | return value |
|ap_rst               |  in |    1| ap_ctrl_hs | feature_extractor_maxpool | return value |
|ap_start             |  in |    1| ap_ctrl_hs | feature_extractor_maxpool | return value |
|ap_done              | out |    1| ap_ctrl_hs | feature_extractor_maxpool | return value |
|ap_idle              | out |    1| ap_ctrl_hs | feature_extractor_maxpool | return value |
|ap_ready             | out |    1| ap_ctrl_hs | feature_extractor_maxpool | return value |
|input_mat_address0   | out |   12|  ap_memory |         input_mat         |     array    |
|input_mat_ce0        | out |    1|  ap_memory |         input_mat         |     array    |
|input_mat_q0         |  in |   32|  ap_memory |         input_mat         |     array    |
|tmp_4                |  in |    3|   ap_none  |           tmp_4           |    scalar    |
|output_mat_address0  | out |   10|  ap_memory |         output_mat        |     array    |
|output_mat_ce0       | out |    1|  ap_memory |         output_mat        |     array    |
|output_mat_we0       | out |    1|  ap_memory |         output_mat        |     array    |
|output_mat_d0        | out |   32|  ap_memory |         output_mat        |     array    |
|tmp_41               |  in |    3|   ap_none  |           tmp_41          |    scalar    |
+---------------------+-----+-----+------------+---------------------------+--------------+

