#-----------------------------------------------------------
# Webtalk v2015.2 (64-bit)
# SW Build 1266856 on Fri Jun 26 16:35:25 MDT 2015
# 
# Start of session at: Fri Dec 02 22:16:22 2016
# Process ID: 9296
# Log file: C:/Users/AraniBasu/Documents/GitHub/Reconfig-project/Hardware-Accel/HW/H05-lab3-1/project_3/project_3.sdk/webtalk/webtalk.log
# Journal file: C:/Users/AraniBasu/Documents/GitHub/Reconfig-project/Hardware-Accel/HW/H05-lab3-1/project_3/project_3.sdk/webtalk\webtalk.jou
#-----------------------------------------------------------
source sdk_webtalk.tcl
# webtalk_init -webtalk_dir C:\\Users\\AraniBasu\\Documents\\GitHub\\Reconfig-project\\Hardware-Accel\\HW\\H05-lab3-1\\project_3\\project_3.sdk\\webtalk
# webtalk_register_client -client project
# webtalk_add_data -client project -key date_generated -value "Fri Dec 2 22:16:14 2016" -context "software_version_and_target_device"
# webtalk_add_data -client project -key product_version -value "SDK v2015.2" -context "software_version_and_target_device"
# webtalk_add_data -client project -key build_version -value "2015.2" -context "software_version_and_target_device"
# webtalk_add_data -client project -key os_platform -value "amd64" -context "software_version_and_target_device"
# webtalk_add_data -client project -key registration_id -value "" -context "software_version_and_target_device"
# webtalk_add_data -client project -key tool_flow -value "SDK" -context "software_version_and_target_device"
# webtalk_add_data -client project -key beta -value "false" -context "software_version_and_target_device"
# webtalk_add_data -client project -key route_design -value "NA" -context "software_version_and_target_device"
# webtalk_add_data -client project -key target_family -value "NA" -context "software_version_and_target_device"
# webtalk_add_data -client project -key target_device -value "NA" -context "software_version_and_target_device"
# webtalk_add_data -client project -key target_package -value "NA" -context "software_version_and_target_device"
# webtalk_add_data -client project -key target_speed -value "NA" -context "software_version_and_target_device"
# webtalk_add_data -client project -key random_id -value "d064op593m509gvcq94pv1hrcc" -context "software_version_and_target_device"
# webtalk_add_data -client project -key project_id -value "2015.2_5" -context "software_version_and_target_device"
# webtalk_add_data -client project -key project_iteration -value "5" -context "software_version_and_target_device"
# webtalk_add_data -client project -key os_name -value "" -context "user_environment"
# webtalk_add_data -client project -key os_release -value "" -context "user_environment"
# webtalk_add_data -client project -key cpu_name -value "" -context "user_environment"
# webtalk_add_data -client project -key cpu_speed -value "" -context "user_environment"
# webtalk_add_data -client project -key total_processors -value "" -context "user_environment"
# webtalk_add_data -client project -key system_ram -value "" -context "user_environment"
# webtalk_register_client -client sdk
# webtalk_add_data -client sdk -key uid -value "1480734289293" -context "sdk\\\\hardware/1480734289293"
# webtalk_add_data -client sdk -key isZynq -value "true" -context "sdk\\\\hardware/1480734289293"
# webtalk_add_data -client sdk -key Processors -value "2" -context "sdk\\\\hardware/1480734289293"
# webtalk_add_data -client sdk -key VivadoVersion -value "2015.2" -context "sdk\\\\hardware/1480734289293"
# webtalk_add_data -client sdk -key Arch -value "zynq" -context "sdk\\\\hardware/1480734289293"
# webtalk_add_data -client sdk -key Device -value "7z020" -context "sdk\\\\hardware/1480734289293"
# webtalk_add_data -client sdk -key IsHandoff -value "true" -context "sdk\\\\hardware/1480734289293"
# webtalk_add_data -client sdk -key uid -value "1480734808643" -context "sdk\\\\bsp/1480734808643"
# webtalk_add_data -client sdk -key hwid -value "1480734289293" -context "sdk\\\\bsp/1480734808643"
# webtalk_add_data -client sdk -key os -value "standalone" -context "sdk\\\\bsp/1480734808643"
# webtalk_add_data -client sdk -key apptemplate -value "hello_world" -context "sdk\\\\bsp/1480734808643"
# webtalk_add_data -client sdk -key uid -value "1480734829831" -context "sdk\\\\application/1480734829831"
# webtalk_add_data -client sdk -key hwid -value "1480734289293" -context "sdk\\\\application/1480734829831"
# webtalk_add_data -client sdk -key bspid -value "1480734808643" -context "sdk\\\\application/1480734829831"
# webtalk_add_data -client sdk -key newbsp -value "true" -context "sdk\\\\application/1480734829831"
# webtalk_add_data -client sdk -key os -value "standalone" -context "sdk\\\\application/1480734829831"
# webtalk_add_data -client sdk -key apptemplate -value "hello_world" -context "sdk\\\\application/1480734829831"
# webtalk_transmit -clientid 4013312797 -regid "" -xml C:\\Users\\AraniBasu\\Documents\\GitHub\\Reconfig-project\\Hardware-Accel\\HW\\H05-lab3-1\\project_3\\project_3.sdk\\webtalk\\usage_statistics_ext_sdk.xml -html C:\\Users\\AraniBasu\\Documents\\GitHub\\Reconfig-project\\Hardware-Accel\\HW\\H05-lab3-1\\project_3\\project_3.sdk\\webtalk\\usage_statistics_ext_sdk.html -wdm C:\\Users\\AraniBasu\\Documents\\GitHub\\Reconfig-project\\Hardware-Accel\\HW\\H05-lab3-1\\project_3\\project_3.sdk\\webtalk\\sdk_webtalk.wdm -intro "<H3>SDK Usage Report</H3><BR>"
INFO: [Common 17-186] 'C:\Users\AraniBasu\Documents\GitHub\Reconfig-project\Hardware-Accel\HW\H05-lab3-1\project_3\project_3.sdk\webtalk\usage_statistics_ext_sdk.xml' has been successfully sent to Xilinx on Fri Dec 02 22:16:26 2016. For additional details about this file, please refer to the WebTalk help file at C:/Xilinx/SDK/2015.2/doc/webtalk_introduction.html.
# webtalk_terminate
INFO: [Common 17-206] Exiting Webtalk at Fri Dec 02 22:16:26 2016...
