@I [HLS-0] Workspace /home/littlefoot/18643_project/Hardware-Accel/HW/convolution_layer_1/solution2 opened at Wed Nov 30 16:24:40 EST 2016
@I [HLS-100] Command "config_clock -quiet -name default -period 10 -default=false "
@I [SYN-201] Setting up clock 'default' with a period of 10ns.
@I [HLS-100] Command 'config_clock' returned 0; elapsed 7.8e-05Total elapsed time: 1.699 sec.
@I [HLS-100] Command "open_platform DefaultPlatform "
@I [HLS-100] Command 'open_platform' returned 0; elapsed 3.8e-05Total elapsed time: 1.699 sec.
@I [HLS-100] Command "import_lib /home/littlefoot/vivado/Vivado_HLS/2015.2/common/technology/xilinx/zynq/zynq "
@I [HLS-100] Command "source /home/littlefoot/vivado/Vivado_HLS/2015.2/common/technology/xilinx/common/xilinx.lib "
@I [HLS-100] Command "source /home/littlefoot/vivado/Vivado_HLS/2015.2/common/technology/xilinx/interface/xilinx_interface.lib "
@I [HLS-100] Command "source /home/littlefoot/vivado/Vivado_HLS/2015.2/common/technology/xilinx/interface/plb46.lib "
@I [HLS-100] Command 'ap_source' returned 0; elapsed 0.000295Total elapsed time: 1.700 sec.
@I [HLS-100] Command "source /home/littlefoot/vivado/Vivado_HLS/2015.2/common/technology/xilinx/interface/fsl.lib "
@I [HLS-100] Command 'ap_source' returned 0; elapsed 0.00011Total elapsed time: 1.700 sec.
@I [HLS-100] Command "source /home/littlefoot/vivado/Vivado_HLS/2015.2/common/technology/xilinx/interface/axi4.lib "
@I [HLS-100] Command 'ap_source' returned 0; elapsed 0.000155Total elapsed time: 1.700 sec.
@I [HLS-100] Command "source /home/littlefoot/vivado/Vivado_HLS/2015.2/common/technology/xilinx/interface/maxi.lib "
@I [HLS-100] Command 'ap_source' returned 0; elapsed 0.000136Total elapsed time: 1.700 sec.
@I [HLS-100] Command "source /home/littlefoot/vivado/Vivado_HLS/2015.2/common/technology/xilinx/interface/saxilite.lib "
@I [HLS-100] Command 'ap_source' returned 0; elapsed 8.6e-05Total elapsed time: 1.700 sec.
@I [HLS-100] Command 'ap_source' returned 0; elapsed 0.001032Total elapsed time: 1.700 sec.
@I [HLS-100] Command "source /home/littlefoot/vivado/Vivado_HLS/2015.2/common/technology/xilinx/common/dsp48.lib "
@I [HLS-100] Command 'ap_source' returned 0; elapsed 7.8e-05Total elapsed time: 1.701 sec.
@I [HLS-100] Command "source /home/littlefoot/vivado/Vivado_HLS/2015.2/common/technology/xilinx/ip/xfft.lib "
@I [HLS-100] Command 'ap_source' returned 0; elapsed 6.2e-05Total elapsed time: 1.701 sec.
@I [HLS-100] Command "source /home/littlefoot/vivado/Vivado_HLS/2015.2/common/technology/xilinx/ip/dds_compiler.lib "
@I [HLS-100] Command 'ap_source' returned 0; elapsed 5e-05Total elapsed time: 1.701 sec.
@I [HLS-100] Command "source /home/littlefoot/vivado/Vivado_HLS/2015.2/common/technology/xilinx/ip/xfir.lib "
@I [HLS-100] Command 'ap_source' returned 0; elapsed 4.7e-05Total elapsed time: 1.701 sec.
@I [HLS-100] Command 'ap_source' returned 0; elapsed 0.003156Total elapsed time: 1.703 sec.
@I [HLS-100] Command "source /home/littlefoot/vivado/Vivado_HLS/2015.2/common/technology/xilinx/common/xilinx_old.lib "
@I [HLS-100] Command 'ap_source' returned 0; elapsed 0.000523Total elapsed time: 1.704 sec.
@I [HLS-100] Command "source /home/littlefoot/vivado/Vivado_HLS/2015.2/common/technology/xilinx/common/xilinx_vivado.lib "
@I [HLS-100] Command 'ap_source' returned 0; elapsed 0.000436Total elapsed time: 1.704 sec.
@I [HLS-100] Command "source /home/littlefoot/vivado/Vivado_HLS/2015.2/common/technology/xilinx/common/xilinx.hlp "
@I [HLS-100] Command "source /home/littlefoot/vivado/Vivado_HLS/2015.2/common/technology/xilinx/common/target_info.tcl "
@I [HLS-100] Command 'ap_source' returned 0; elapsed 9.9e-05Total elapsed time: 1.706 sec.
@I [HLS-100] Command "source /home/littlefoot/vivado/Vivado_HLS/2015.2/common/technology/xilinx/interface/xilinx_interface.hlp "
@I [HLS-100] Command "source /home/littlefoot/vivado/Vivado_HLS/2015.2/common/technology/xilinx/interface/maxi.hlp "
@I [HLS-100] Command 'ap_source' returned 0; elapsed 6.2e-05Total elapsed time: 1.706 sec.
@I [HLS-100] Command "source /home/littlefoot/vivado/Vivado_HLS/2015.2/common/technology/xilinx/interface/saxilite.hlp "
@I [HLS-100] Command 'ap_source' returned 0; elapsed 6.6e-05Total elapsed time: 1.707 sec.
@I [HLS-100] Command 'ap_source' returned 0; elapsed 0.000265Total elapsed time: 1.707 sec.
@I [HLS-100] Command "source /home/littlefoot/vivado/Vivado_HLS/2015.2/common/technology/xilinx/common/dsp48.hlp "
@I [HLS-100] Command 'ap_source' returned 0; elapsed 0.000451Total elapsed time: 1.707 sec.
@I [HLS-100] Command 'ap_source' returned 0; elapsed 0.001641Total elapsed time: 1.708 sec.
@I [HLS-100] Command "source /home/littlefoot/vivado/Vivado_HLS/2015.2/common/technology/xilinx/zynq/dsp48e1.hlp "
@I [HLS-100] Command 'ap_source' returned 0; elapsed 5.7e-05Total elapsed time: 1.708 sec.
@I [HLS-100] Command "get_default_platform "
@I [HLS-100] Command 'get_default_platform' returned 0; elapsed 6e-06Total elapsed time: 1.708 sec.
@I [HLS-100] Command "config_chip_info -quiet -resource  {SLICE 13300}  {LUT 53200}     {FF 106400} {DSP48E 220}   {BRAM 280}  "
@I [HLS-100] Command 'config_chip_info' returned 0; elapsed 1.4e-05Total elapsed time: 1.708 sec.
@I [HLS-100] Command "config_chip_info -quiet -speed medium "
@I [HLS-100] Command 'config_chip_info' returned 0; elapsed 4e-06Total elapsed time: 1.708 sec.
@I [HLS-100] Command 'import_lib' returned 0; elapsed 0.010026Total elapsed time: 1.709 sec.
@I [HLS-100] Command "source /home/littlefoot/vivado/Vivado_HLS/2015.2/common/technology/xilinx/zynq/zynq.gen "
@I [HLS-100] Command "source /home/littlefoot/vivado/Vivado_HLS/2015.2/common/technology/xilinx/common/virtex.gen "
@I [HLS-100] Command "source /home/littlefoot/vivado/Vivado_HLS/2015.2/common/technology/xilinx/common/xilinx.gen "
@I [HLS-100] Command "source /home/littlefoot/vivado/Vivado_HLS/2015.2/common/technology/xilinx/interface/plb46.gen "
@I [HLS-100] Command 'ap_source' returned 0; elapsed 0.000886Total elapsed time: 1.711 sec.
@I [HLS-100] Command "source /home/littlefoot/vivado/Vivado_HLS/2015.2/common/technology/xilinx/interface/fsl.gen "
@I [HLS-100] Command 'ap_source' returned 0; elapsed 0.000321Total elapsed time: 1.711 sec.
@I [HLS-100] Command "source /home/littlefoot/vivado/Vivado_HLS/2015.2/common/technology/xilinx/interface/axi4.gen "
@I [HLS-100] Command 'ap_source' returned 0; elapsed 0.00199Total elapsed time: 1.713 sec.
@I [HLS-100] Command "source /home/littlefoot/vivado/Vivado_HLS/2015.2/common/technology/xilinx/interface/nativeAXI4.gen "
@I [HLS-100] Command "source /home/littlefoot/vivado/Vivado_HLS/2015.2/common/technology/xilinx/interface/saxilite.gen "
@I [HLS-100] Command 'ap_source' returned 0; elapsed 0.002457Total elapsed time: 1.716 sec.
@I [HLS-100] Command "source /home/littlefoot/vivado/Vivado_HLS/2015.2/common/technology/xilinx/interface/maxi.gen "
@I [HLS-100] Command 'ap_source' returned 0; elapsed 0.005448Total elapsed time: 1.721 sec.
@I [HLS-100] Command 'ap_source' returned 0; elapsed 0.008045Total elapsed time: 1.721 sec.
@I [HLS-100] Command "source /home/littlefoot/vivado/Vivado_HLS/2015.2/common/technology/xilinx/scripts/xilinxcoregen.gen "
@I [HLS-100] Command 'ap_source' returned 0; elapsed 0.007701Total elapsed time: 1.729 sec.
@I [HLS-100] Command "source /home/littlefoot/vivado/Vivado_HLS/2015.2/common/technology/xilinx/interface/XilEDKCoreGen.gen "
@I [HLS-100] Command 'ap_source' returned 0; elapsed 0.006694Total elapsed time: 1.736 sec.
@I [HLS-100] Command "source /home/littlefoot/vivado/Vivado_HLS/2015.2/common/technology/xilinx/ip/xfft.gen "
@I [HLS-100] Command 'ap_source' returned 0; elapsed 0.093077Total elapsed time: 1.829 sec.
@I [HLS-100] Command "source /home/littlefoot/vivado/Vivado_HLS/2015.2/common/technology/xilinx/ip/util.gen "
@I [HLS-100] Command 'ap_source' returned 0; elapsed 0.000136Total elapsed time: 1.829 sec.
@I [HLS-100] Command "source /home/littlefoot/vivado/Vivado_HLS/2015.2/common/technology/xilinx/ip/xfir.gen "
@I [HLS-100] Command "source /home/littlefoot/vivado/Vivado_HLS/2015.2/tps/tcl/tcllib1.11.1/struct/list.tcl "
@I [HLS-100] Command "source /home/littlefoot/vivado/Vivado_HLS/2015.2/tps/tcl/tcllib1.11.1/cmdline/cmdline.tcl "
@I [HLS-100] Command 'ap_source' returned 0; elapsed 0.000547Total elapsed time: 1.842 sec.
@I [HLS-100] Command 'ap_source' returned 0; elapsed 0.001253Total elapsed time: 1.842 sec.
@I [HLS-100] Command "source /home/littlefoot/vivado/Vivado_HLS/2015.2/tps/tcl/tcllib1.11.1/math/bignum.tcl "
@I [HLS-100] Command 'ap_source' returned 0; elapsed 0.000822Total elapsed time: 1.852 sec.
@I [HLS-100] Command 'ap_source' returned 0; elapsed 0.028328Total elapsed time: 1.857 sec.
@I [HLS-100] Command "source /home/littlefoot/vivado/Vivado_HLS/2015.2/common/technology/xilinx/ip/dds_compiler.gen "
@I [HLS-100] Command 'ap_source' returned 0; elapsed 0.002815Total elapsed time: 1.860 sec.
@I [HLS-100] Command 'ap_source' returned 0; elapsed 0.150628Total elapsed time: 1.860 sec.
@I [HLS-100] Command "source /home/littlefoot/vivado/Vivado_HLS/2015.2/common/technology/xilinx/common/dsp48.gen "
@I [HLS-100] Command 'ap_source' returned 0; elapsed 8.8e-05Total elapsed time: 1.861 sec.
@I [HLS-100] Command 'ap_source' returned 0; elapsed 0.152127Total elapsed time: 1.862 sec.
@I [HLS-100] Command 'ap_source' returned 0; elapsed 0.152235Total elapsed time: 1.862 sec.
@I [HLS-100] Command "open_platform DefaultPlatform "
@I [HLS-100] Command 'open_platform' returned 0; elapsed 6e-06Total elapsed time: 1.862 sec.
@I [HLS-100] Command "import_lib /home/littlefoot/vivado/Vivado_HLS/2015.2/common/technology/xilinx/zynq/zynq_fpv6 "
@I [HLS-100] Command "source /home/littlefoot/vivado/Vivado_HLS/2015.2/common/technology/xilinx/common/xilinx_fpv7.lib "
@I [HLS-100] Command 'ap_source' returned 0; elapsed 0.002269Total elapsed time: 1.864 sec.
@I [HLS-100] Command "source /home/littlefoot/vivado/Vivado_HLS/2015.2/common/technology/xilinx/common/xilinx_fpv.hlp "
@I [HLS-100] Command "source /home/littlefoot/vivado/Vivado_HLS/2015.2/common/technology/xilinx/common/xilinx.hlp "
@I [HLS-100] Command "source /home/littlefoot/vivado/Vivado_HLS/2015.2/common/technology/xilinx/common/target_info.tcl "
@I [HLS-100] Command 'ap_source' returned 0; elapsed 0.000126Total elapsed time: 1.869 sec.
@I [HLS-100] Command "source /home/littlefoot/vivado/Vivado_HLS/2015.2/common/technology/xilinx/interface/xilinx_interface.hlp "
@I [HLS-100] Command "source /home/littlefoot/vivado/Vivado_HLS/2015.2/common/technology/xilinx/interface/maxi.hlp "
@I [HLS-100] Command 'ap_source' returned 0; elapsed 6.8e-05Total elapsed time: 1.869 sec.
@I [HLS-100] Command "source /home/littlefoot/vivado/Vivado_HLS/2015.2/common/technology/xilinx/interface/saxilite.hlp "
@I [HLS-100] Command 'ap_source' returned 0; elapsed 5.9e-05Total elapsed time: 1.869 sec.
@I [HLS-100] Command 'ap_source' returned 0; elapsed 0.000219Total elapsed time: 1.869 sec.
@I [HLS-100] Command "source /home/littlefoot/vivado/Vivado_HLS/2015.2/common/technology/xilinx/common/dsp48.hlp "
@I [HLS-100] Command 'ap_source' returned 0; elapsed 0.000435Total elapsed time: 1.870 sec.
@I [HLS-100] Command 'ap_source' returned 0; elapsed 0.001611Total elapsed time: 1.870 sec.
@I [HLS-100] Command 'ap_source' returned 0; elapsed 0.002068Total elapsed time: 1.871 sec.
@I [HLS-100] Command 'import_lib' returned 0; elapsed 0.012472Total elapsed time: 1.874 sec.
@I [HLS-100] Command "source /home/littlefoot/vivado/Vivado_HLS/2015.2/common/technology/xilinx/zynq/zynq_fpv6.gen "
@I [HLS-100] Command "source /home/littlefoot/vivado/Vivado_HLS/2015.2/common/technology/xilinx/common/xilinx_fpv6.gen "
@I [HLS-100] Command 'ap_source' returned 0; elapsed 0.001292Total elapsed time: 1.876 sec.
@I [HLS-100] Command 'ap_source' returned 0; elapsed 0.001389Total elapsed time: 1.876 sec.
@I [HLS-100] Command "set_part xc7z020clg484-1 "
@I [HLS-100] Command "add_library xilinx/zynq/zynq:xc7z020:clg484:-1 "
@I [HLS-100] Command "get_default_platform "
@I [HLS-100] Command 'get_default_platform' returned 0; elapsed 5e-06Total elapsed time: 1.879 sec.
@I [HLS-100] Command "license_exists VIVADO_HLS "
@I [HLS-100] Command 'license_exists' returned 1; elapsed 0.003254Total elapsed time: 10.16 sec.
@I [HLS-100] Command "license_exists ap_opencl "
@I [HLS-100] Command 'license_exists' returned 1; elapsed 0.004404Total elapsed time: 10.46 sec.
@I [HLS-100] Command "license_exists ap_sdsoc "
@I [HLS-100] Command 'license_exists' returned 1; elapsed 0.004748Total elapsed time: 15.107 sec.
@I [HLS-100] Command "license_exists AUTOESL_NI "
@I [HLS-100] Command 'license_exists' returned 1; elapsed 0.002879Total elapsed time: 15.178 sec.
@I [HLS-100] Command "license_exists HLS "
@I [HLS-100] Command 'license_exists' returned 0; elapsed 1e-05Total elapsed time: 15.178 sec.
@I [HLS-100] Command "get_default_platform "
@I [HLS-100] Command 'get_default_platform' returned 0; elapsed 7e-06Total elapsed time: 15.179 sec.
@I [HLS-100] Command "config_chip_info -quiet -resource  {SLICE 13300}  {LUT 53200}     {FF 106400} {DSP48E 220}   {BRAM 280}  "
@I [HLS-100] Command 'config_chip_info' returned 0; elapsed 1.7e-05Total elapsed time: 15.179 sec.
@I [HLS-100] Command "config_chip_info -quiet -speed slow "
@I [HLS-100] Command 'config_chip_info' returned 0; elapsed 7e-06Total elapsed time: 15.179 sec.
@I [HLS-100] Command 'add_library' returned 0; elapsed 0.018937Total elapsed time: 15.189 sec.
@I [HLS-100] Command "add_library xilinx/zynq/zynq_fpv6 "
@I [HLS-100] Command "get_default_platform "
@I [HLS-100] Command 'get_default_platform' returned 0; elapsed 1.6e-05Total elapsed time: 15.190 sec.
@I [HLS-100] Command "license_exists VIVADO_HLS "
@I [HLS-100] Command 'license_exists' returned 1; elapsed 0.002489Total elapsed time: 15.340 sec.
@I [HLS-100] Command "license_exists ap_opencl "
@I [HLS-100] Command 'license_exists' returned 1; elapsed 0.00286Total elapsed time: 15.386 sec.
@I [HLS-100] Command "license_exists ap_sdsoc "
@I [HLS-100] Command 'license_exists' returned 1; elapsed 0.002698Total elapsed time: 15.413 sec.
@I [HLS-100] Command "license_exists AUTOESL_NI "
@I [HLS-100] Command 'license_exists' returned 1; elapsed 0.002828Total elapsed time: 15.484 sec.
@I [HLS-100] Command "license_exists HLS "
@I [HLS-100] Command 'license_exists' returned 0; elapsed 1e-05Total elapsed time: 15.484 sec.
@I [HLS-100] Command 'add_library' returned 0; elapsed 0.013279Total elapsed time: 15.485 sec.
@I [HLS-10] Setting target device to 'xc7z020clg484-1'
@I [HLS-100] Command 'set_part' returned 0; elapsed 0.034644Total elapsed time: 15.485 sec.
@I [HLS-100] Command "get_default_platform "
@I [HLS-100] Command 'get_default_platform' returned 0; elapsed 6e-06Total elapsed time: 15.485 sec.
@I [HLS-100] Command "config_chip_info -quiet -resource  {SLICE 13300}  {LUT 53200}     {FF 106400} {DSP48E 220}   {BRAM 280}  "
@I [HLS-100] Command 'config_chip_info' returned 0; elapsed 6.4e-05Total elapsed time: 15.485 sec.
@I [HLS-100] Command "config_chip_info -quiet -speed slow "
@I [HLS-100] Command 'config_chip_info' returned 0; elapsed 6e-06Total elapsed time: 15.485 sec.
@I [HLS-100] Command 'open_solution' returned 0; elapsed 0.217907Total elapsed time: 15.486 sec.
@I [HLS-100] Command "export_design -format ip_catalog -display_name convolve_fifo "
@I [HLS-100] Command "source /home/littlefoot/18643_project/Hardware-Accel/HW/convolution_layer_1/solution2/.autopilot/db/global.setting.tcl "
@I [HLS-100] Command 'ap_source' returned 0; elapsed 0.000136Total elapsed time: 15.490 sec.
@I [HLS-100] Command "source /home/littlefoot/vivado/Vivado_HLS/2015.2/common/technology/generic/autopilot/common.gen "
@I [HLS-100] Command "source /home/littlefoot/vivado/Vivado_HLS/2015.2/common/technology/generic/autopilot/APCoreGen.gen "
@I [HLS-100] Command 'ap_source' returned 0; elapsed 0.000388Total elapsed time: 15.493 sec.
@I [HLS-100] Command 'ap_source' returned 0; elapsed 0.00076Total elapsed time: 15.494 sec.
@I [HLS-100] Command "source /home/littlefoot/vivado/Vivado_HLS/2015.2/common/technology/generic/autopilot/op.gen "
@I [HLS-100] Command 'ap_source' returned 0; elapsed 0.000211Total elapsed time: 15.494 sec.
@I [HLS-100] Command "source /home/littlefoot/vivado/Vivado_HLS/2015.2/common/technology/generic/autopilot/op_simcore.gen "
@I [HLS-100] Command 'ap_source' returned 0; elapsed 0.000595Total elapsed time: 15.494 sec.
@I [HLS-100] Command "source /home/littlefoot/vivado/Vivado_HLS/2015.2/common/technology/generic/autopilot/interface.gen "
@I [HLS-100] Command 'ap_source' returned 0; elapsed 5.2e-05Total elapsed time: 15.495 sec.
@I [HLS-100] Command "source /home/littlefoot/18643_project/Hardware-Accel/HW/convolution_layer_1/solution2/.autopilot/db/global.setting.tcl "
@I [HLS-100] Command 'ap_source' returned 0; elapsed 0.000108Total elapsed time: 15.495 sec.
@I [HLS-100] Command "source /home/littlefoot/vivado/Vivado_HLS/2015.2/common/technology/xilinx/zynq/zynq.gen "
@I [HLS-100] Command "source /home/littlefoot/vivado/Vivado_HLS/2015.2/common/technology/xilinx/common/virtex.gen "
@I [HLS-100] Command "source /home/littlefoot/vivado/Vivado_HLS/2015.2/common/technology/xilinx/common/xilinx.gen "
@I [HLS-100] Command "source /home/littlefoot/vivado/Vivado_HLS/2015.2/common/technology/xilinx/interface/plb46.gen "
@I [HLS-100] Command 'ap_source' returned 0; elapsed 0.000917Total elapsed time: 15.496 sec.
@I [HLS-100] Command "source /home/littlefoot/vivado/Vivado_HLS/2015.2/common/technology/xilinx/interface/fsl.gen "
@I [HLS-100] Command 'ap_source' returned 0; elapsed 0.000359Total elapsed time: 15.496 sec.
@I [HLS-100] Command "source /home/littlefoot/vivado/Vivado_HLS/2015.2/common/technology/xilinx/interface/axi4.gen "
@I [HLS-100] Command 'ap_source' returned 0; elapsed 0.001662Total elapsed time: 15.498 sec.
@I [HLS-100] Command "source /home/littlefoot/vivado/Vivado_HLS/2015.2/common/technology/xilinx/interface/nativeAXI4.gen "
@I [HLS-100] Command "source /home/littlefoot/vivado/Vivado_HLS/2015.2/common/technology/xilinx/interface/saxilite.gen "
@I [HLS-100] Command 'ap_source' returned 0; elapsed 0.002356Total elapsed time: 15.501 sec.
@I [HLS-100] Command "source /home/littlefoot/vivado/Vivado_HLS/2015.2/common/technology/xilinx/interface/maxi.gen "
@I [HLS-100] Command 'ap_source' returned 0; elapsed 0.005273Total elapsed time: 15.506 sec.
@I [HLS-100] Command 'ap_source' returned 0; elapsed 0.007752Total elapsed time: 15.506 sec.
@I [HLS-100] Command "source /home/littlefoot/vivado/Vivado_HLS/2015.2/common/technology/xilinx/scripts/xilinxcoregen.gen "
@I [HLS-100] Command 'ap_source' returned 0; elapsed 0.007561Total elapsed time: 15.513 sec.
@I [HLS-100] Command "source /home/littlefoot/vivado/Vivado_HLS/2015.2/common/technology/xilinx/interface/XilEDKCoreGen.gen "
@I [HLS-100] Command 'ap_source' returned 0; elapsed 0.006671Total elapsed time: 15.520 sec.
@I [HLS-100] Command "source /home/littlefoot/vivado/Vivado_HLS/2015.2/common/technology/xilinx/ip/xfft.gen "
@I [HLS-100] Command 'ap_source' returned 0; elapsed 0.084667Total elapsed time: 15.605 sec.
@I [HLS-100] Command "source /home/littlefoot/vivado/Vivado_HLS/2015.2/common/technology/xilinx/ip/util.gen "
@I [HLS-100] Command 'ap_source' returned 0; elapsed 0.000127Total elapsed time: 15.605 sec.
@I [HLS-100] Command "source /home/littlefoot/vivado/Vivado_HLS/2015.2/common/technology/xilinx/ip/xfir.gen "
@I [HLS-100] Command 'ap_source' returned 0; elapsed 0.025299Total elapsed time: 15.631 sec.
@I [HLS-100] Command "source /home/littlefoot/vivado/Vivado_HLS/2015.2/common/technology/xilinx/ip/dds_compiler.gen "
@I [HLS-100] Command 'ap_source' returned 0; elapsed 0.00283Total elapsed time: 15.633 sec.
@I [HLS-100] Command 'ap_source' returned 0; elapsed 0.138449Total elapsed time: 15.633 sec.
@I [HLS-100] Command "source /home/littlefoot/vivado/Vivado_HLS/2015.2/common/technology/xilinx/common/dsp48.gen "
@I [HLS-100] Command 'ap_source' returned 0; elapsed 0.0001Total elapsed time: 15.635 sec.
@I [HLS-100] Command 'ap_source' returned 0; elapsed 0.139959Total elapsed time: 15.635 sec.
@I [HLS-100] Command 'ap_source' returned 0; elapsed 0.140042Total elapsed time: 15.635 sec.
@I [HLS-100] Command "source /home/littlefoot/vivado/Vivado_HLS/2015.2/common/technology/xilinx/zynq/zynq_fpv6.gen "
@I [HLS-100] Command "source /home/littlefoot/vivado/Vivado_HLS/2015.2/common/technology/xilinx/common/xilinx_fpv6.gen "
@I [HLS-100] Command 'ap_source' returned 0; elapsed 0.001307Total elapsed time: 15.636 sec.
@I [HLS-100] Command 'ap_source' returned 0; elapsed 0.001395Total elapsed time: 15.636 sec.
@I [HLS-100] Command "source /home/littlefoot/18643_project/Hardware-Accel/HW/convolution_layer_1/solution2/.autopilot/db/global.setting.tcl "
@I [HLS-100] Command 'ap_source' returned 0; elapsed 0.000133Total elapsed time: 15.637 sec.
@I [IMPL-8] Exporting RTL as an IP in IP-XACT.
@I [HLS-100] Command "source /home/littlefoot/18643_project/Hardware-Accel/HW/convolution_layer_1/solution2/.autopilot/db/global.setting.tcl "
@I [HLS-100] Command 'ap_source' returned 0; elapsed 0.000193Total elapsed time: 15.638 sec.
@I [HLS-100] Command "source /home/littlefoot/18643_project/Hardware-Accel/HW/convolution_layer_1/solution2/.autopilot/db/global.setting.tcl "
@I [HLS-100] Command 'ap_source' returned 0; elapsed 0.000156Total elapsed time: 15.643 sec.
@I [HLS-100] Command "source /home/littlefoot/vivado/Vivado_HLS/2015.2/common/technology/generic/autopilot/common.gen "
@I [HLS-100] Command "source /home/littlefoot/vivado/Vivado_HLS/2015.2/common/technology/generic/autopilot/APCoreGen.gen "
@I [HLS-100] Command 'ap_source' returned 0; elapsed 0.000399Total elapsed time: 15.644 sec.
@I [HLS-100] Command 'ap_source' returned 0; elapsed 0.000851Total elapsed time: 15.644 sec.
@I [HLS-100] Command "source /home/littlefoot/vivado/Vivado_HLS/2015.2/common/technology/generic/autopilot/op.gen "
@I [HLS-100] Command 'ap_source' returned 0; elapsed 0.000243Total elapsed time: 15.644 sec.
@I [HLS-100] Command "source /home/littlefoot/vivado/Vivado_HLS/2015.2/common/technology/generic/autopilot/op_simcore.gen "
@I [HLS-100] Command 'ap_source' returned 0; elapsed 0.000671Total elapsed time: 15.645 sec.
@I [HLS-100] Command "source /home/littlefoot/vivado/Vivado_HLS/2015.2/common/technology/generic/autopilot/interface.gen "
@I [HLS-100] Command 'ap_source' returned 0; elapsed 5.7e-05Total elapsed time: 15.645 sec.
@I [HLS-100] Command "source /home/littlefoot/18643_project/Hardware-Accel/HW/convolution_layer_1/solution2/.autopilot/db/global.setting.tcl "
@I [HLS-100] Command 'ap_source' returned 0; elapsed 0.000114Total elapsed time: 15.645 sec.
@I [HLS-100] Command "source /home/littlefoot/vivado/Vivado_HLS/2015.2/common/technology/xilinx/zynq/zynq.gen "
@I [HLS-100] Command "source /home/littlefoot/vivado/Vivado_HLS/2015.2/common/technology/xilinx/common/virtex.gen "
@I [HLS-100] Command "source /home/littlefoot/vivado/Vivado_HLS/2015.2/common/technology/xilinx/common/xilinx.gen "
@I [HLS-100] Command "source /home/littlefoot/vivado/Vivado_HLS/2015.2/common/technology/xilinx/interface/plb46.gen "
@I [HLS-100] Command 'ap_source' returned 0; elapsed 0.000827Total elapsed time: 15.647 sec.
@I [HLS-100] Command "source /home/littlefoot/vivado/Vivado_HLS/2015.2/common/technology/xilinx/interface/fsl.gen "
@I [HLS-100] Command 'ap_source' returned 0; elapsed 0.000417Total elapsed time: 15.647 sec.
@I [HLS-100] Command "source /home/littlefoot/vivado/Vivado_HLS/2015.2/common/technology/xilinx/interface/axi4.gen "
@I [HLS-100] Command 'ap_source' returned 0; elapsed 0.001759Total elapsed time: 15.649 sec.
@I [HLS-100] Command "source /home/littlefoot/vivado/Vivado_HLS/2015.2/common/technology/xilinx/interface/nativeAXI4.gen "
@I [HLS-100] Command "source /home/littlefoot/vivado/Vivado_HLS/2015.2/common/technology/xilinx/interface/saxilite.gen "
@I [HLS-100] Command 'ap_source' returned 0; elapsed 0.002361Total elapsed time: 15.651 sec.
@I [HLS-100] Command "source /home/littlefoot/vivado/Vivado_HLS/2015.2/common/technology/xilinx/interface/maxi.gen "
@I [HLS-100] Command 'ap_source' returned 0; elapsed 0.0051Total elapsed time: 15.656 sec.
@I [HLS-100] Command 'ap_source' returned 0; elapsed 0.007591Total elapsed time: 15.657 sec.
@I [HLS-100] Command "source /home/littlefoot/vivado/Vivado_HLS/2015.2/common/technology/xilinx/scripts/xilinxcoregen.gen "
@I [HLS-100] Command 'ap_source' returned 0; elapsed 0.008089Total elapsed time: 15.665 sec.
@I [HLS-100] Command "source /home/littlefoot/vivado/Vivado_HLS/2015.2/common/technology/xilinx/interface/XilEDKCoreGen.gen "
@I [HLS-100] Command 'ap_source' returned 0; elapsed 0.006836Total elapsed time: 15.672 sec.
@I [HLS-100] Command "source /home/littlefoot/vivado/Vivado_HLS/2015.2/common/technology/xilinx/ip/xfft.gen "
@I [HLS-100] Command 'ap_source' returned 0; elapsed 0.084824Total elapsed time: 15.757 sec.
@I [HLS-100] Command "source /home/littlefoot/vivado/Vivado_HLS/2015.2/common/technology/xilinx/ip/util.gen "
@I [HLS-100] Command 'ap_source' returned 0; elapsed 0.000134Total elapsed time: 15.757 sec.
@I [HLS-100] Command "source /home/littlefoot/vivado/Vivado_HLS/2015.2/common/technology/xilinx/ip/xfir.gen "
@I [HLS-100] Command 'ap_source' returned 0; elapsed 0.026172Total elapsed time: 15.783 sec.
@I [HLS-100] Command "source /home/littlefoot/vivado/Vivado_HLS/2015.2/common/technology/xilinx/ip/dds_compiler.gen "
@I [HLS-100] Command 'ap_source' returned 0; elapsed 0.002857Total elapsed time: 15.786 sec.
@I [HLS-100] Command 'ap_source' returned 0; elapsed 0.140123Total elapsed time: 15.786 sec.
@I [HLS-100] Command "source /home/littlefoot/vivado/Vivado_HLS/2015.2/common/technology/xilinx/common/dsp48.gen "
@I [HLS-100] Command 'ap_source' returned 0; elapsed 9.4e-05Total elapsed time: 15.787 sec.
@I [HLS-100] Command 'ap_source' returned 0; elapsed 0.141533Total elapsed time: 15.787 sec.
@I [HLS-100] Command 'ap_source' returned 0; elapsed 0.141615Total elapsed time: 15.787 sec.
@I [HLS-100] Command "source /home/littlefoot/vivado/Vivado_HLS/2015.2/common/technology/xilinx/zynq/zynq_fpv6.gen "
@I [HLS-100] Command "source /home/littlefoot/vivado/Vivado_HLS/2015.2/common/technology/xilinx/common/xilinx_fpv6.gen "
@I [HLS-100] Command 'ap_source' returned 0; elapsed 0.001144Total elapsed time: 15.788 sec.
@I [HLS-100] Command 'ap_source' returned 0; elapsed 0.001243Total elapsed time: 15.788 sec.
@I [HLS-100] Command "source /home/littlefoot/18643_project/Hardware-Accel/HW/convolution_layer_1/solution2/.autopilot/db/global.setting.tcl "
@I [HLS-100] Command 'ap_source' returned 0; elapsed 0.000137Total elapsed time: 15.789 sec.
@I [HLS-100] Command "source /home/littlefoot/18643_project/Hardware-Accel/HW/convolution_layer_1/solution2/.autopilot/db/global.setting.tcl "
@I [HLS-100] Command 'ap_source' returned 0; elapsed 0.000126Total elapsed time: 15.789 sec.
@I [HLS-100] Command "source /home/littlefoot/18643_project/Hardware-Accel/HW/convolution_layer_1/solution2/.autopilot/db/convolve_Loop_BUFFER_RESET_proc.compgen.tcl "
@I [HLS-100] Command 'ap_source' returned 0; elapsed 0.015294Total elapsed time: 15.805 sec.
@I [HLS-100] Command "source /home/littlefoot/18643_project/Hardware-Accel/HW/convolution_layer_1/solution2/.autopilot/db/convolve_Block_proc.compgen.tcl "
@I [HLS-100] Command 'ap_source' returned 0; elapsed 8.4e-05Total elapsed time: 15.805 sec.
@I [HLS-100] Command "source /home/littlefoot/18643_project/Hardware-Accel/HW/convolution_layer_1/solution2/.autopilot/db/convolve.compgen.tcl "
@I [HLS-100] Command 'ap_source' returned 0; elapsed 9.3e-05Total elapsed time: 15.805 sec.
@I [HLS-100] Command "source /home/littlefoot/18643_project/Hardware-Accel/HW/convolution_layer_1/solution2/.autopilot/db/global.setting.tcl "
@I [HLS-100] Command 'ap_source' returned 0; elapsed 0.000122Total elapsed time: 15.810 sec.
@I [HLS-100] Command "source /home/littlefoot/18643_project/Hardware-Accel/HW/convolution_layer_1/solution2/.autopilot/db/global.setting.tcl "
@I [HLS-100] Command 'ap_source' returned 0; elapsed 0.000103Total elapsed time: 15.810 sec.
@I [HLS-100] Command "source /home/littlefoot/18643_project/Hardware-Accel/HW/convolution_layer_1/solution2/.autopilot/db/convolve_Loop_BUFFER_RESET_proc.compgen.tcl "
@I [HLS-100] Command 'ap_source' returned 0; elapsed 0.00029Total elapsed time: 15.811 sec.
@I [HLS-100] Command "source /home/littlefoot/18643_project/Hardware-Accel/HW/convolution_layer_1/solution2/.autopilot/db/convolve_Block_proc.compgen.tcl "
@I [HLS-100] Command 'ap_source' returned 0; elapsed 7.6e-05Total elapsed time: 15.811 sec.
@I [HLS-100] Command "source /home/littlefoot/18643_project/Hardware-Accel/HW/convolution_layer_1/solution2/.autopilot/db/convolve.compgen.tcl "
@I [HLS-100] Command "source /home/littlefoot/18643_project/Hardware-Accel/HW/convolution_layer_1/solution2/.autopilot/db/convolve.rtl_wrap.cfg.tcl "
@I [HLS-100] Command 'ap_source' returned 0; elapsed 0.000197Total elapsed time: 15.811 sec.
@I [HLS-100] Command "source /home/littlefoot/18643_project/Hardware-Accel/HW/convolution_layer_1/solution2/.autopilot/db/convolve.rtl_wrap.cfg.tcl "
@I [HLS-100] Command 'ap_source' returned 0; elapsed 0.00016Total elapsed time: 15.812 sec.
@I [HLS-100] Command "source /home/littlefoot/18643_project/Hardware-Accel/HW/convolution_layer_1/solution2/.autopilot/db/convolve.rtl_wrap.cfg.tcl "
@I [HLS-100] Command 'ap_source' returned 0; elapsed 0.000173Total elapsed time: 15.812 sec.
@I [HLS-100] Command "source /home/littlefoot/18643_project/Hardware-Accel/HW/convolution_layer_1/solution2/.autopilot/db/convolve.tbgen.tcl "
@I [HLS-100] Command 'ap_source' returned 0; elapsed 0.000114Total elapsed time: 15.812 sec.
@I [HLS-100] Command "source /home/littlefoot/18643_project/Hardware-Accel/HW/convolution_layer_1/solution2/.autopilot/db/convolve.tbgen.tcl "
@I [HLS-100] Command 'ap_source' returned 0; elapsed 0.000106Total elapsed time: 15.813 sec.
@I [HLS-100] Command "source /home/littlefoot/18643_project/Hardware-Accel/HW/convolution_layer_1/solution2/.autopilot/db/convolve.tbgen.tcl "
@I [HLS-100] Command 'ap_source' returned 0; elapsed 0.000116Total elapsed time: 15.834 sec.
@I [HLS-100] Command 'ap_source' returned 0; elapsed 0.033111Total elapsed time: 15.844 sec.
@I [HLS-100] Command "source /home/littlefoot/18643_project/Hardware-Accel/HW/convolution_layer_1/solution2/.autopilot/db/global.setting.tcl "
@I [HLS-100] Command 'ap_source' returned 0; elapsed 0.000131Total elapsed time: 15.854 sec.
@I [HLS-100] Command "source /home/littlefoot/18643_project/Hardware-Accel/HW/convolution_layer_1/solution2/.autopilot/db/global.setting.tcl "
@I [HLS-100] Command 'ap_source' returned 0; elapsed 0.000123Total elapsed time: 15.854 sec.
@I [HLS-100] Command "source /home/littlefoot/18643_project/Hardware-Accel/HW/convolution_layer_1/solution2/.autopilot/db/convolve_Loop_BUFFER_RESET_proc.compgen.tcl "
@I [HLS-100] Command 'ap_source' returned 0; elapsed 0.00294Total elapsed time: 15.857 sec.
@I [HLS-100] Command "source /home/littlefoot/18643_project/Hardware-Accel/HW/convolution_layer_1/solution2/.autopilot/db/convolve_Block_proc.compgen.tcl "
@I [HLS-100] Command 'ap_source' returned 0; elapsed 8.1e-05Total elapsed time: 15.857 sec.
@I [HLS-100] Command "source /home/littlefoot/18643_project/Hardware-Accel/HW/convolution_layer_1/solution2/.autopilot/db/convolve.compgen.tcl "
@I [HLS-100] Command 'ap_source' returned 0; elapsed 9.4e-05Total elapsed time: 15.858 sec.
@I [HLS-100] Command "source /home/littlefoot/18643_project/Hardware-Accel/HW/convolution_layer_1/solution2/.autopilot/db/global.setting.tcl "
@I [HLS-100] Command 'ap_source' returned 0; elapsed 0.000123Total elapsed time: 15.911 sec.
@I [HLS-100] Command "source /home/littlefoot/18643_project/Hardware-Accel/HW/convolution_layer_1/solution2/.autopilot/db/convolve.constraint.tcl "
@I [HLS-100] Command 'ap_source' returned 0; elapsed 5.3e-05Total elapsed time: 15.912 sec.
@I [HLS-100] Command "source /home/littlefoot/18643_project/Hardware-Accel/HW/convolution_layer_1/solution2/.autopilot/db/convolve.rtl_wrap.cfg.tcl "
@I [HLS-100] Command 'ap_source' returned 0; elapsed 0.000187Total elapsed time: 15.930 sec.
@I [HLS-100] Command "source /home/littlefoot/18643_project/Hardware-Accel/HW/convolution_layer_1/solution2/.autopilot/db/convolve.rtl_wrap.cfg.tcl "
@I [HLS-100] Command 'ap_source' returned 0; elapsed 0.000152Total elapsed time: 15.930 sec.
@I [HLS-100] Command "source /home/littlefoot/18643_project/Hardware-Accel/HW/convolution_layer_1/solution2/.autopilot/db/convolve.rtl_wrap.cfg.tcl "
@I [HLS-100] Command 'ap_source' returned 0; elapsed 0.000156Total elapsed time: 15.930 sec.
@I [HLS-100] Command "source /home/littlefoot/18643_project/Hardware-Accel/HW/convolution_layer_1/solution2/.autopilot/db/convolve.tbgen.tcl "
@I [HLS-100] Command 'ap_source' returned 0; elapsed 0.000114Total elapsed time: 15.930 sec.
@I [HLS-100] Command "source /home/littlefoot/18643_project/Hardware-Accel/HW/convolution_layer_1/solution2/.autopilot/db/convolve.tbgen.tcl "
@I [HLS-100] Command 'ap_source' returned 0; elapsed 0.000105Total elapsed time: 15.931 sec.
@I [HLS-100] Command "source /home/littlefoot/18643_project/Hardware-Accel/HW/convolution_layer_1/solution2/.autopilot/db/global.setting.tcl "
@I [HLS-100] Command 'ap_source' returned 0; elapsed 0.000122Total elapsed time: 15.965 sec.
@I [HLS-100] Command "source /home/littlefoot/18643_project/Hardware-Accel/HW/convolution_layer_1/solution2/.autopilot/db/convolve.rtl_wrap.cfg.tcl "
@I [HLS-100] Command 'ap_source' returned 0; elapsed 0.000163Total elapsed time: 15.966 sec.
@I [HLS-100] Command "source /home/littlefoot/18643_project/Hardware-Accel/HW/convolution_layer_1/solution2/.autopilot/db/convolve.rtl_wrap.cfg.tcl "
@I [HLS-100] Command 'ap_source' returned 0; elapsed 0.000182Total elapsed time: 15.966 sec.
@I [HLS-100] Command "source /home/littlefoot/18643_project/Hardware-Accel/HW/convolution_layer_1/solution2/.autopilot/db/convolve.tbgen.tcl "
@I [HLS-100] Command 'ap_source' returned 0; elapsed 0.00011Total elapsed time: 15.966 sec.
@I [HLS-100] Command "source /home/littlefoot/18643_project/Hardware-Accel/HW/convolution_layer_1/solution2/.autopilot/db/convolve.tbgen.tcl "
@I [HLS-100] Command 'ap_source' returned 0; elapsed 0.000102Total elapsed time: 15.967 sec.
@I [HLS-100] Command "source /home/littlefoot/18643_project/Hardware-Accel/HW/convolution_layer_1/solution2/.autopilot/db/convolve.rtl_wrap.cfg.tcl "
@I [HLS-100] Command 'ap_source' returned 0; elapsed 0.000164Total elapsed time: 15.984 sec.
@I [HLS-100] Command "source /home/littlefoot/18643_project/Hardware-Accel/HW/convolution_layer_1/solution2/.autopilot/db/convolve.rtl_wrap.cfg.tcl "
@I [HLS-100] Command 'ap_source' returned 0; elapsed 0.000156Total elapsed time: 15.985 sec.
@I [HLS-100] Command "source /home/littlefoot/18643_project/Hardware-Accel/HW/convolution_layer_1/solution2/.autopilot/db/convolve.tbgen.tcl "
@I [HLS-100] Command 'ap_source' returned 0; elapsed 0.000104Total elapsed time: 15.985 sec.
@I [HLS-100] Command "source /home/littlefoot/18643_project/Hardware-Accel/HW/convolution_layer_1/solution2/.autopilot/db/convolve.tbgen.tcl "
@I [HLS-100] Command 'ap_source' returned 0; elapsed 0.0001Total elapsed time: 15.985 sec.
@I [HLS-100] Command "source /home/littlefoot/18643_project/Hardware-Accel/HW/convolution_layer_1/solution2/.autopilot/db/global.setting.tcl "
@I [HLS-100] Command 'ap_source' returned 0; elapsed 0.000117Total elapsed time: 16.15 sec.
@I [HLS-100] Command "source /home/littlefoot/18643_project/Hardware-Accel/HW/convolution_layer_1/solution2/.autopilot/db/global.setting.tcl "
@I [HLS-100] Command 'ap_source' returned 0; elapsed 0.000111Total elapsed time: 16.26 sec.
@I [HLS-100] Command "source /home/littlefoot/18643_project/Hardware-Accel/HW/convolution_layer_1/solution2/.autopilot/db/convolve.constraint.tcl "
@I [HLS-100] Command 'ap_source' returned 0; elapsed 5.7e-05Total elapsed time: 16.26 sec.
@I [HLS-100] Command "source /home/littlefoot/18643_project/Hardware-Accel/HW/convolution_layer_1/solution2/.autopilot/db/convolve.constraint.tcl "
@I [HLS-100] Command 'ap_source' returned 0; elapsed 5.9e-05Total elapsed time: 16.26 sec.
@I [HLS-100] Command "source /home/littlefoot/vivado/Vivado_HLS/2015.2/common/technology/generic/autopilot/common.gen "
@I [HLS-100] Command "source /home/littlefoot/vivado/Vivado_HLS/2015.2/common/technology/generic/autopilot/APCoreGen.gen "
@I [HLS-100] Command 'ap_source' returned 0; elapsed 0.000418Total elapsed time: 16.29 sec.
@I [HLS-100] Command 'ap_source' returned 0; elapsed 0.000908Total elapsed time: 16.29 sec.
@I [HLS-100] Command "source /home/littlefoot/vivado/Vivado_HLS/2015.2/common/technology/generic/autopilot/op.gen "
@I [HLS-100] Command 'ap_source' returned 0; elapsed 0.000242Total elapsed time: 16.30 sec.
@I [HLS-100] Command "source /home/littlefoot/vivado/Vivado_HLS/2015.2/common/technology/generic/autopilot/op_simcore.gen "
@I [HLS-100] Command 'ap_source' returned 0; elapsed 0.000694Total elapsed time: 16.30 sec.
@I [HLS-100] Command "source /home/littlefoot/vivado/Vivado_HLS/2015.2/common/technology/generic/autopilot/interface.gen "
@I [HLS-100] Command 'ap_source' returned 0; elapsed 7.8e-05Total elapsed time: 16.31 sec.
@I [HLS-100] Command "source /home/littlefoot/18643_project/Hardware-Accel/HW/convolution_layer_1/solution2/.autopilot/db/global.setting.tcl "
@I [HLS-100] Command 'ap_source' returned 0; elapsed 0.000115Total elapsed time: 16.31 sec.
@I [HLS-100] Command "source /home/littlefoot/vivado/Vivado_HLS/2015.2/common/technology/xilinx/zynq/zynq.gen "
@I [HLS-100] Command "source /home/littlefoot/vivado/Vivado_HLS/2015.2/common/technology/xilinx/common/virtex.gen "
@I [HLS-100] Command "source /home/littlefoot/vivado/Vivado_HLS/2015.2/common/technology/xilinx/common/xilinx.gen "
@I [HLS-100] Command "source /home/littlefoot/vivado/Vivado_HLS/2015.2/common/technology/xilinx/interface/plb46.gen "
@I [HLS-100] Command 'ap_source' returned 0; elapsed 0.000782Total elapsed time: 16.32 sec.
@I [HLS-100] Command "source /home/littlefoot/vivado/Vivado_HLS/2015.2/common/technology/xilinx/interface/fsl.gen "
@I [HLS-100] Command 'ap_source' returned 0; elapsed 0.000356Total elapsed time: 16.32 sec.
@I [HLS-100] Command "source /home/littlefoot/vivado/Vivado_HLS/2015.2/common/technology/xilinx/interface/axi4.gen "
@I [HLS-100] Command 'ap_source' returned 0; elapsed 0.001782Total elapsed time: 16.34 sec.
@I [HLS-100] Command "source /home/littlefoot/vivado/Vivado_HLS/2015.2/common/technology/xilinx/interface/nativeAXI4.gen "
@I [HLS-100] Command "source /home/littlefoot/vivado/Vivado_HLS/2015.2/common/technology/xilinx/interface/saxilite.gen "
@I [HLS-100] Command 'ap_source' returned 0; elapsed 0.002321Total elapsed time: 16.36 sec.
@I [HLS-100] Command "source /home/littlefoot/vivado/Vivado_HLS/2015.2/common/technology/xilinx/interface/maxi.gen "
@I [HLS-100] Command 'ap_source' returned 0; elapsed 0.005238Total elapsed time: 16.42 sec.
@I [HLS-100] Command 'ap_source' returned 0; elapsed 0.007684Total elapsed time: 16.42 sec.
@I [HLS-100] Command "source /home/littlefoot/vivado/Vivado_HLS/2015.2/common/technology/xilinx/scripts/xilinxcoregen.gen "
@I [HLS-100] Command 'ap_source' returned 0; elapsed 0.008759Total elapsed time: 16.51 sec.
@I [HLS-100] Command "source /home/littlefoot/vivado/Vivado_HLS/2015.2/common/technology/xilinx/interface/XilEDKCoreGen.gen "
@I [HLS-100] Command 'ap_source' returned 0; elapsed 0.007352Total elapsed time: 16.58 sec.
@I [HLS-100] Command "source /home/littlefoot/vivado/Vivado_HLS/2015.2/common/technology/xilinx/ip/xfft.gen "
@I [HLS-100] Command 'ap_source' returned 0; elapsed 0.084883Total elapsed time: 16.143 sec.
@I [HLS-100] Command "source /home/littlefoot/vivado/Vivado_HLS/2015.2/common/technology/xilinx/ip/util.gen "
@I [HLS-100] Command 'ap_source' returned 0; elapsed 0.000148Total elapsed time: 16.143 sec.
@I [HLS-100] Command "source /home/littlefoot/vivado/Vivado_HLS/2015.2/common/technology/xilinx/ip/xfir.gen "
@I [HLS-100] Command 'ap_source' returned 0; elapsed 0.027352Total elapsed time: 16.171 sec.
@I [HLS-100] Command "source /home/littlefoot/vivado/Vivado_HLS/2015.2/common/technology/xilinx/ip/dds_compiler.gen "
@I [HLS-100] Command 'ap_source' returned 0; elapsed 0.002926Total elapsed time: 16.174 sec.
@I [HLS-100] Command 'ap_source' returned 0; elapsed 0.142663Total elapsed time: 16.174 sec.
@I [HLS-100] Command "source /home/littlefoot/vivado/Vivado_HLS/2015.2/common/technology/xilinx/common/dsp48.gen "
@I [HLS-100] Command 'ap_source' returned 0; elapsed 9.1e-05Total elapsed time: 16.175 sec.
@I [HLS-100] Command 'ap_source' returned 0; elapsed 0.144037Total elapsed time: 16.175 sec.
@I [HLS-100] Command 'ap_source' returned 0; elapsed 0.144118Total elapsed time: 16.175 sec.
@I [HLS-100] Command "source /home/littlefoot/vivado/Vivado_HLS/2015.2/common/technology/xilinx/zynq/zynq_fpv6.gen "
@I [HLS-100] Command "source /home/littlefoot/vivado/Vivado_HLS/2015.2/common/technology/xilinx/common/xilinx_fpv6.gen "
@I [HLS-100] Command 'ap_source' returned 0; elapsed 0.001621Total elapsed time: 16.177 sec.
@I [HLS-100] Command 'ap_source' returned 0; elapsed 0.001726Total elapsed time: 16.177 sec.
@I [HLS-100] Command "source /home/littlefoot/18643_project/Hardware-Accel/HW/convolution_layer_1/solution2/.autopilot/db/global.setting.tcl "
@I [HLS-100] Command 'ap_source' returned 0; elapsed 0.000338Total elapsed time: 57.30 sec.
@I [HLS-100] Command "source /home/littlefoot/vivado/Vivado_HLS/2015.2/common/technology/generic/autopilot/common.gen "
@I [HLS-100] Command "source /home/littlefoot/vivado/Vivado_HLS/2015.2/common/technology/generic/autopilot/APCoreGen.gen "
@I [HLS-100] Command 'ap_source' returned 0; elapsed 0.000841Total elapsed time: 57.36 sec.
@I [HLS-100] Command 'ap_source' returned 0; elapsed 0.001728Total elapsed time: 57.37 sec.
@I [HLS-100] Command "source /home/littlefoot/vivado/Vivado_HLS/2015.2/common/technology/generic/autopilot/op.gen "
@I [HLS-100] Command 'ap_source' returned 0; elapsed 0.000446Total elapsed time: 57.37 sec.
@I [HLS-100] Command "source /home/littlefoot/vivado/Vivado_HLS/2015.2/common/technology/generic/autopilot/op_simcore.gen "
@I [HLS-100] Command 'ap_source' returned 0; elapsed 0.001308Total elapsed time: 57.38 sec.
@I [HLS-100] Command "source /home/littlefoot/vivado/Vivado_HLS/2015.2/common/technology/generic/autopilot/interface.gen "
@I [HLS-100] Command 'ap_source' returned 0; elapsed 0.00011Total elapsed time: 57.39 sec.
@I [HLS-100] Command "source /home/littlefoot/18643_project/Hardware-Accel/HW/convolution_layer_1/solution2/.autopilot/db/global.setting.tcl "
@I [HLS-100] Command 'ap_source' returned 0; elapsed 0.000211Total elapsed time: 57.39 sec.
@I [HLS-100] Command "source /home/littlefoot/vivado/Vivado_HLS/2015.2/common/technology/xilinx/zynq/zynq.gen "
@I [HLS-100] Command "source /home/littlefoot/vivado/Vivado_HLS/2015.2/common/technology/xilinx/common/virtex.gen "
@I [HLS-100] Command "source /home/littlefoot/vivado/Vivado_HLS/2015.2/common/technology/xilinx/common/xilinx.gen "
@I [HLS-100] Command "source /home/littlefoot/vivado/Vivado_HLS/2015.2/common/technology/xilinx/interface/plb46.gen "
@I [HLS-100] Command 'ap_source' returned 0; elapsed 0.001177Total elapsed time: 57.41 sec.
@I [HLS-100] Command "source /home/littlefoot/vivado/Vivado_HLS/2015.2/common/technology/xilinx/interface/fsl.gen "
@I [HLS-100] Command 'ap_source' returned 0; elapsed 0.000378Total elapsed time: 57.41 sec.
@I [HLS-100] Command "source /home/littlefoot/vivado/Vivado_HLS/2015.2/common/technology/xilinx/interface/axi4.gen "
@I [HLS-100] Command 'ap_source' returned 0; elapsed 0.001867Total elapsed time: 57.43 sec.
@I [HLS-100] Command "source /home/littlefoot/vivado/Vivado_HLS/2015.2/common/technology/xilinx/interface/nativeAXI4.gen "
@I [HLS-100] Command "source /home/littlefoot/vivado/Vivado_HLS/2015.2/common/technology/xilinx/interface/saxilite.gen "
@I [HLS-100] Command 'ap_source' returned 0; elapsed 0.002443Total elapsed time: 57.46 sec.
@I [HLS-100] Command "source /home/littlefoot/vivado/Vivado_HLS/2015.2/common/technology/xilinx/interface/maxi.gen "
@I [HLS-100] Command 'ap_source' returned 0; elapsed 0.00531Total elapsed time: 57.51 sec.
@I [HLS-100] Command 'ap_source' returned 0; elapsed 0.007882Total elapsed time: 57.51 sec.
@I [HLS-100] Command "source /home/littlefoot/vivado/Vivado_HLS/2015.2/common/technology/xilinx/scripts/xilinxcoregen.gen "
@I [HLS-100] Command 'ap_source' returned 0; elapsed 0.008699Total elapsed time: 57.60 sec.
@I [HLS-100] Command "source /home/littlefoot/vivado/Vivado_HLS/2015.2/common/technology/xilinx/interface/XilEDKCoreGen.gen "
@I [HLS-100] Command 'ap_source' returned 0; elapsed 0.00686Total elapsed time: 57.67 sec.
@I [HLS-100] Command "source /home/littlefoot/vivado/Vivado_HLS/2015.2/common/technology/xilinx/ip/xfft.gen "
@I [HLS-100] Command 'ap_source' returned 0; elapsed 0.087113Total elapsed time: 57.154 sec.
@I [HLS-100] Command "source /home/littlefoot/vivado/Vivado_HLS/2015.2/common/technology/xilinx/ip/util.gen "
@I [HLS-100] Command 'ap_source' returned 0; elapsed 0.00013Total elapsed time: 57.154 sec.
@I [HLS-100] Command "source /home/littlefoot/vivado/Vivado_HLS/2015.2/common/technology/xilinx/ip/xfir.gen "
@I [HLS-100] Command 'ap_source' returned 0; elapsed 0.027125Total elapsed time: 57.181 sec.
@I [HLS-100] Command "source /home/littlefoot/vivado/Vivado_HLS/2015.2/common/technology/xilinx/ip/dds_compiler.gen "
@I [HLS-100] Command 'ap_source' returned 0; elapsed 0.003007Total elapsed time: 57.184 sec.
@I [HLS-100] Command 'ap_source' returned 0; elapsed 0.144945Total elapsed time: 57.184 sec.
@I [HLS-100] Command "source /home/littlefoot/vivado/Vivado_HLS/2015.2/common/technology/xilinx/common/dsp48.gen "
@I [HLS-100] Command 'ap_source' returned 0; elapsed 9.3e-05Total elapsed time: 57.186 sec.
@I [HLS-100] Command 'ap_source' returned 0; elapsed 0.146499Total elapsed time: 57.186 sec.
@I [HLS-100] Command 'ap_source' returned 0; elapsed 0.146618Total elapsed time: 57.186 sec.
@I [HLS-100] Command "source /home/littlefoot/vivado/Vivado_HLS/2015.2/common/technology/xilinx/zynq/zynq_fpv6.gen "
@I [HLS-100] Command "source /home/littlefoot/vivado/Vivado_HLS/2015.2/common/technology/xilinx/common/xilinx_fpv6.gen "
@I [HLS-100] Command 'ap_source' returned 0; elapsed 0.001175Total elapsed time: 57.187 sec.
@I [HLS-100] Command 'ap_source' returned 0; elapsed 0.001259Total elapsed time: 57.187 sec.
@I [HLS-100] Command "source /home/littlefoot/18643_project/Hardware-Accel/HW/convolution_layer_1/solution2/.autopilot/db/global.setting.tcl "
@I [HLS-100] Command 'ap_source' returned 0; elapsed 0.000169Total elapsed time: 57.187 sec.
@I [HLS-100] Command "source /home/littlefoot/18643_project/Hardware-Accel/HW/convolution_layer_1/solution2/.autopilot/db/global.setting.tcl "
@I [HLS-100] Command 'ap_source' returned 0; elapsed 0.000119Total elapsed time: 57.188 sec.
@I [HLS-100] Command "source /home/littlefoot/18643_project/Hardware-Accel/HW/convolution_layer_1/solution2/.autopilot/db/global.setting.tcl "
@I [HLS-100] Command 'ap_source' returned 0; elapsed 0.000122Total elapsed time: 57.190 sec.
@I [HLS-100] Command "source /home/littlefoot/vivado/Vivado_HLS/2015.2/common/technology/generic/autopilot/common.gen "
@I [HLS-100] Command "source /home/littlefoot/vivado/Vivado_HLS/2015.2/common/technology/generic/autopilot/APCoreGen.gen "
@I [HLS-100] Command 'ap_source' returned 0; elapsed 0.000391Total elapsed time: 57.191 sec.
@I [HLS-100] Command 'ap_source' returned 0; elapsed 0.00082Total elapsed time: 57.191 sec.
@I [HLS-100] Command "source /home/littlefoot/vivado/Vivado_HLS/2015.2/common/technology/generic/autopilot/op.gen "
@I [HLS-100] Command 'ap_source' returned 0; elapsed 0.000224Total elapsed time: 57.192 sec.
@I [HLS-100] Command "source /home/littlefoot/vivado/Vivado_HLS/2015.2/common/technology/generic/autopilot/op_simcore.gen "
@I [HLS-100] Command 'ap_source' returned 0; elapsed 0.000643Total elapsed time: 57.192 sec.
@I [HLS-100] Command "source /home/littlefoot/vivado/Vivado_HLS/2015.2/common/technology/generic/autopilot/interface.gen "
@I [HLS-100] Command 'ap_source' returned 0; elapsed 5.6e-05Total elapsed time: 57.192 sec.
@I [HLS-100] Command "source /home/littlefoot/18643_project/Hardware-Accel/HW/convolution_layer_1/solution2/.autopilot/db/global.setting.tcl "
@I [HLS-100] Command 'ap_source' returned 0; elapsed 0.000111Total elapsed time: 57.192 sec.
@I [HLS-100] Command "source /home/littlefoot/vivado/Vivado_HLS/2015.2/common/technology/xilinx/zynq/zynq.gen "
@I [HLS-100] Command "source /home/littlefoot/vivado/Vivado_HLS/2015.2/common/technology/xilinx/common/virtex.gen "
@I [HLS-100] Command "source /home/littlefoot/vivado/Vivado_HLS/2015.2/common/technology/xilinx/common/xilinx.gen "
@I [HLS-100] Command "source /home/littlefoot/vivado/Vivado_HLS/2015.2/common/technology/xilinx/interface/plb46.gen "
@I [HLS-100] Command 'ap_source' returned 0; elapsed 0.0008Total elapsed time: 57.194 sec.
@I [HLS-100] Command "source /home/littlefoot/vivado/Vivado_HLS/2015.2/common/technology/xilinx/interface/fsl.gen "
@I [HLS-100] Command 'ap_source' returned 0; elapsed 0.000359Total elapsed time: 57.194 sec.
@I [HLS-100] Command "source /home/littlefoot/vivado/Vivado_HLS/2015.2/common/technology/xilinx/interface/axi4.gen "
@I [HLS-100] Command 'ap_source' returned 0; elapsed 0.001719Total elapsed time: 57.196 sec.
@I [HLS-100] Command "source /home/littlefoot/vivado/Vivado_HLS/2015.2/common/technology/xilinx/interface/nativeAXI4.gen "
@I [HLS-100] Command "source /home/littlefoot/vivado/Vivado_HLS/2015.2/common/technology/xilinx/interface/saxilite.gen "
@I [HLS-100] Command 'ap_source' returned 0; elapsed 0.002273Total elapsed time: 57.198 sec.
@I [HLS-100] Command "source /home/littlefoot/vivado/Vivado_HLS/2015.2/common/technology/xilinx/interface/maxi.gen "
@I [HLS-100] Command 'ap_source' returned 0; elapsed 0.004983Total elapsed time: 57.203 sec.
@I [HLS-100] Command 'ap_source' returned 0; elapsed 0.007378Total elapsed time: 57.203 sec.
@I [HLS-100] Command "source /home/littlefoot/vivado/Vivado_HLS/2015.2/common/technology/xilinx/scripts/xilinxcoregen.gen "
@I [HLS-100] Command 'ap_source' returned 0; elapsed 0.007718Total elapsed time: 57.211 sec.
@I [HLS-100] Command "source /home/littlefoot/vivado/Vivado_HLS/2015.2/common/technology/xilinx/interface/XilEDKCoreGen.gen "
@I [HLS-100] Command 'ap_source' returned 0; elapsed 0.006707Total elapsed time: 57.218 sec.
@I [HLS-100] Command "source /home/littlefoot/vivado/Vivado_HLS/2015.2/common/technology/xilinx/ip/xfft.gen "
@I [HLS-100] Command 'ap_source' returned 0; elapsed 0.08429Total elapsed time: 57.302 sec.
@I [HLS-100] Command "source /home/littlefoot/vivado/Vivado_HLS/2015.2/common/technology/xilinx/ip/util.gen "
@I [HLS-100] Command 'ap_source' returned 0; elapsed 0.000129Total elapsed time: 57.302 sec.
@I [HLS-100] Command "source /home/littlefoot/vivado/Vivado_HLS/2015.2/common/technology/xilinx/ip/xfir.gen "
@I [HLS-100] Command 'ap_source' returned 0; elapsed 0.026133Total elapsed time: 57.329 sec.
@I [HLS-100] Command "source /home/littlefoot/vivado/Vivado_HLS/2015.2/common/technology/xilinx/ip/dds_compiler.gen "
@I [HLS-100] Command 'ap_source' returned 0; elapsed 0.003042Total elapsed time: 57.332 sec.
@I [HLS-100] Command 'ap_source' returned 0; elapsed 0.138923Total elapsed time: 57.332 sec.
@I [HLS-100] Command "source /home/littlefoot/vivado/Vivado_HLS/2015.2/common/technology/xilinx/common/dsp48.gen "
@I [HLS-100] Command 'ap_source' returned 0; elapsed 9.1e-05Total elapsed time: 57.333 sec.
@I [HLS-100] Command 'ap_source' returned 0; elapsed 0.1403Total elapsed time: 57.333 sec.
@I [HLS-100] Command 'ap_source' returned 0; elapsed 0.14038Total elapsed time: 57.333 sec.
@I [HLS-100] Command "source /home/littlefoot/vivado/Vivado_HLS/2015.2/common/technology/xilinx/zynq/zynq_fpv6.gen "
@I [HLS-100] Command "source /home/littlefoot/vivado/Vivado_HLS/2015.2/common/technology/xilinx/common/xilinx_fpv6.gen "
@I [HLS-100] Command 'ap_source' returned 0; elapsed 0.001153Total elapsed time: 57.334 sec.
@I [HLS-100] Command 'ap_source' returned 0; elapsed 0.001237Total elapsed time: 57.334 sec.
@I [HLS-100] Command "source /home/littlefoot/18643_project/Hardware-Accel/HW/convolution_layer_1/solution2/.autopilot/db/global.setting.tcl "
@I [HLS-100] Command 'ap_source' returned 0; elapsed 0.00012Total elapsed time: 57.334 sec.
@I [HLS-100] Command "source /home/littlefoot/18643_project/Hardware-Accel/HW/convolution_layer_1/solution2/.autopilot/db/global.setting.tcl "
@I [HLS-100] Command 'ap_source' returned 0; elapsed 9.8e-05Total elapsed time: 57.335 sec.
@I [HLS-100] Command "source /home/littlefoot/18643_project/Hardware-Accel/HW/convolution_layer_1/solution2/.autopilot/db/convolve_Loop_BUFFER_RESET_proc.compgen.tcl "
@I [HLS-100] Command 'ap_source' returned 0; elapsed 0.017036Total elapsed time: 57.352 sec.
@I [HLS-100] Command "source /home/littlefoot/18643_project/Hardware-Accel/HW/convolution_layer_1/solution2/.autopilot/db/convolve_Block_proc.compgen.tcl "
@I [HLS-100] Command 'ap_source' returned 0; elapsed 8.8e-05Total elapsed time: 57.352 sec.
@I [HLS-100] Command "source /home/littlefoot/18643_project/Hardware-Accel/HW/convolution_layer_1/solution2/.autopilot/db/convolve.compgen.tcl "
@I [HLS-100] Command 'ap_source' returned 0; elapsed 9.2e-05Total elapsed time: 57.352 sec.
@I [HLS-100] Command "source /home/littlefoot/18643_project/Hardware-Accel/HW/convolution_layer_1/solution2/.autopilot/db/global.setting.tcl "
@I [HLS-100] Command 'ap_source' returned 0; elapsed 0.000131Total elapsed time: 57.376 sec.
@I [HLS-100] Command "source /home/littlefoot/18643_project/Hardware-Accel/HW/convolution_layer_1/solution2/.autopilot/db/convolve.constraint.tcl "
@I [HLS-100] Command 'ap_source' returned 0; elapsed 4.5e-05Total elapsed time: 57.377 sec.
@I [HLS-100] Command "source /home/littlefoot/vivado/Vivado_HLS/2015.2/common/technology/generic/autopilot/common.gen "
@I [HLS-100] Command "source /home/littlefoot/vivado/Vivado_HLS/2015.2/common/technology/generic/autopilot/APCoreGen.gen "
@I [HLS-100] Command 'ap_source' returned 0; elapsed 0.0004Total elapsed time: 57.378 sec.
@I [HLS-100] Command 'ap_source' returned 0; elapsed 0.000842Total elapsed time: 57.378 sec.
@I [HLS-100] Command "source /home/littlefoot/vivado/Vivado_HLS/2015.2/common/technology/generic/autopilot/op.gen "
@I [HLS-100] Command 'ap_source' returned 0; elapsed 0.000233Total elapsed time: 57.379 sec.
@I [HLS-100] Command "source /home/littlefoot/vivado/Vivado_HLS/2015.2/common/technology/generic/autopilot/op_simcore.gen "
@I [HLS-100] Command 'ap_source' returned 0; elapsed 0.000696Total elapsed time: 57.379 sec.
@I [HLS-100] Command "source /home/littlefoot/vivado/Vivado_HLS/2015.2/common/technology/generic/autopilot/interface.gen "
@I [HLS-100] Command 'ap_source' returned 0; elapsed 5.8e-05Total elapsed time: 57.380 sec.
@I [HLS-100] Command "source /home/littlefoot/18643_project/Hardware-Accel/HW/convolution_layer_1/solution2/.autopilot/db/global.setting.tcl "
@I [HLS-100] Command 'ap_source' returned 0; elapsed 0.000121Total elapsed time: 57.380 sec.
@I [HLS-100] Command "source /home/littlefoot/vivado/Vivado_HLS/2015.2/common/technology/xilinx/zynq/zynq.gen "
@I [HLS-100] Command "source /home/littlefoot/vivado/Vivado_HLS/2015.2/common/technology/xilinx/common/virtex.gen "
@I [HLS-100] Command "source /home/littlefoot/vivado/Vivado_HLS/2015.2/common/technology/xilinx/common/xilinx.gen "
@I [HLS-100] Command "source /home/littlefoot/vivado/Vivado_HLS/2015.2/common/technology/xilinx/interface/plb46.gen "
@I [HLS-100] Command 'ap_source' returned 0; elapsed 0.000779Total elapsed time: 57.381 sec.
@I [HLS-100] Command "source /home/littlefoot/vivado/Vivado_HLS/2015.2/common/technology/xilinx/interface/fsl.gen "
@I [HLS-100] Command 'ap_source' returned 0; elapsed 0.000354Total elapsed time: 57.381 sec.
@I [HLS-100] Command "source /home/littlefoot/vivado/Vivado_HLS/2015.2/common/technology/xilinx/interface/axi4.gen "
@I [HLS-100] Command 'ap_source' returned 0; elapsed 0.001654Total elapsed time: 57.383 sec.
@I [HLS-100] Command "source /home/littlefoot/vivado/Vivado_HLS/2015.2/common/technology/xilinx/interface/nativeAXI4.gen "
@I [HLS-100] Command "source /home/littlefoot/vivado/Vivado_HLS/2015.2/common/technology/xilinx/interface/saxilite.gen "
@I [HLS-100] Command 'ap_source' returned 0; elapsed 0.002315Total elapsed time: 57.385 sec.
@I [HLS-100] Command "source /home/littlefoot/vivado/Vivado_HLS/2015.2/common/technology/xilinx/interface/maxi.gen "
@I [HLS-100] Command 'ap_source' returned 0; elapsed 0.005014Total elapsed time: 57.390 sec.
@I [HLS-100] Command 'ap_source' returned 0; elapsed 0.00745Total elapsed time: 57.390 sec.
@I [HLS-100] Command "source /home/littlefoot/vivado/Vivado_HLS/2015.2/common/technology/xilinx/scripts/xilinxcoregen.gen "
@I [HLS-100] Command 'ap_source' returned 0; elapsed 0.007715Total elapsed time: 57.398 sec.
@I [HLS-100] Command "source /home/littlefoot/vivado/Vivado_HLS/2015.2/common/technology/xilinx/interface/XilEDKCoreGen.gen "
@I [HLS-100] Command 'ap_source' returned 0; elapsed 0.006741Total elapsed time: 57.405 sec.
@I [HLS-100] Command "source /home/littlefoot/vivado/Vivado_HLS/2015.2/common/technology/xilinx/ip/xfft.gen "
@I [HLS-100] Command 'ap_source' returned 0; elapsed 0.085556Total elapsed time: 57.491 sec.
@I [HLS-100] Command "source /home/littlefoot/vivado/Vivado_HLS/2015.2/common/technology/xilinx/ip/util.gen "
@I [HLS-100] Command 'ap_source' returned 0; elapsed 0.00013Total elapsed time: 57.491 sec.
@I [HLS-100] Command "source /home/littlefoot/vivado/Vivado_HLS/2015.2/common/technology/xilinx/ip/xfir.gen "
@I [HLS-100] Command 'ap_source' returned 0; elapsed 0.02609Total elapsed time: 57.517 sec.
@I [HLS-100] Command "source /home/littlefoot/vivado/Vivado_HLS/2015.2/common/technology/xilinx/ip/dds_compiler.gen "
@I [HLS-100] Command 'ap_source' returned 0; elapsed 0.002976Total elapsed time: 57.520 sec.
@I [HLS-100] Command 'ap_source' returned 0; elapsed 0.140091Total elapsed time: 57.520 sec.
@I [HLS-100] Command "source /home/littlefoot/vivado/Vivado_HLS/2015.2/common/technology/xilinx/common/dsp48.gen "
@I [HLS-100] Command 'ap_source' returned 0; elapsed 9.7e-05Total elapsed time: 57.521 sec.
@I [HLS-100] Command 'ap_source' returned 0; elapsed 0.141493Total elapsed time: 57.521 sec.
@I [HLS-100] Command 'ap_source' returned 0; elapsed 0.141574Total elapsed time: 57.521 sec.
@I [HLS-100] Command "source /home/littlefoot/vivado/Vivado_HLS/2015.2/common/technology/xilinx/zynq/zynq_fpv6.gen "
@I [HLS-100] Command "source /home/littlefoot/vivado/Vivado_HLS/2015.2/common/technology/xilinx/common/xilinx_fpv6.gen "
@I [HLS-100] Command 'ap_source' returned 0; elapsed 0.00157Total elapsed time: 57.523 sec.
@I [HLS-100] Command 'ap_source' returned 0; elapsed 0.001657Total elapsed time: 57.523 sec.
@I [HLS-100] Command "source /home/littlefoot/18643_project/Hardware-Accel/HW/convolution_layer_1/solution2/.autopilot/db/global.setting.tcl "
@I [HLS-100] Command 'ap_source' returned 0; elapsed 0.000199Total elapsed time: 57.529 sec.
@I [HLS-100] Command "source /home/littlefoot/18643_project/Hardware-Accel/HW/convolution_layer_1/solution2/.autopilot/db/global.setting.tcl "
@I [HLS-100] Command 'ap_source' returned 0; elapsed 0.000238Total elapsed time: 75.456 sec.
@I [HLS-100] Command "source /home/littlefoot/vivado/Vivado_HLS/2015.2/common/technology/generic/autopilot/common.gen "
@I [HLS-100] Command "source /home/littlefoot/vivado/Vivado_HLS/2015.2/common/technology/generic/autopilot/APCoreGen.gen "
@I [HLS-100] Command 'ap_source' returned 0; elapsed 0.000453Total elapsed time: 75.460 sec.
@I [HLS-100] Command 'ap_source' returned 0; elapsed 0.000954Total elapsed time: 75.460 sec.
@I [HLS-100] Command "source /home/littlefoot/vivado/Vivado_HLS/2015.2/common/technology/generic/autopilot/op.gen "
@I [HLS-100] Command 'ap_source' returned 0; elapsed 0.000242Total elapsed time: 75.461 sec.
@I [HLS-100] Command "source /home/littlefoot/vivado/Vivado_HLS/2015.2/common/technology/generic/autopilot/op_simcore.gen "
@I [HLS-100] Command 'ap_source' returned 0; elapsed 0.000735Total elapsed time: 75.461 sec.
@I [HLS-100] Command "source /home/littlefoot/vivado/Vivado_HLS/2015.2/common/technology/generic/autopilot/interface.gen "
@I [HLS-100] Command 'ap_source' returned 0; elapsed 7.1e-05Total elapsed time: 75.462 sec.
@I [HLS-100] Command "source /home/littlefoot/18643_project/Hardware-Accel/HW/convolution_layer_1/solution2/.autopilot/db/global.setting.tcl "
@I [HLS-100] Command 'ap_source' returned 0; elapsed 0.000115Total elapsed time: 75.462 sec.
@I [HLS-100] Command "source /home/littlefoot/vivado/Vivado_HLS/2015.2/common/technology/xilinx/zynq/zynq.gen "
@I [HLS-100] Command "source /home/littlefoot/vivado/Vivado_HLS/2015.2/common/technology/xilinx/common/virtex.gen "
@I [HLS-100] Command "source /home/littlefoot/vivado/Vivado_HLS/2015.2/common/technology/xilinx/common/xilinx.gen "
@I [HLS-100] Command "source /home/littlefoot/vivado/Vivado_HLS/2015.2/common/technology/xilinx/interface/plb46.gen "
@I [HLS-100] Command 'ap_source' returned 0; elapsed 0.00088Total elapsed time: 75.463 sec.
@I [HLS-100] Command "source /home/littlefoot/vivado/Vivado_HLS/2015.2/common/technology/xilinx/interface/fsl.gen "
@I [HLS-100] Command 'ap_source' returned 0; elapsed 0.000417Total elapsed time: 75.463 sec.
@I [HLS-100] Command "source /home/littlefoot/vivado/Vivado_HLS/2015.2/common/technology/xilinx/interface/axi4.gen "
@I [HLS-100] Command 'ap_source' returned 0; elapsed 0.001804Total elapsed time: 75.465 sec.
@I [HLS-100] Command "source /home/littlefoot/vivado/Vivado_HLS/2015.2/common/technology/xilinx/interface/nativeAXI4.gen "
@I [HLS-100] Command "source /home/littlefoot/vivado/Vivado_HLS/2015.2/common/technology/xilinx/interface/saxilite.gen "
@I [HLS-100] Command 'ap_source' returned 0; elapsed 0.002448Total elapsed time: 75.468 sec.
@I [HLS-100] Command "source /home/littlefoot/vivado/Vivado_HLS/2015.2/common/technology/xilinx/interface/maxi.gen "
@I [HLS-100] Command 'ap_source' returned 0; elapsed 0.005273Total elapsed time: 75.473 sec.
@I [HLS-100] Command 'ap_source' returned 0; elapsed 0.00785Total elapsed time: 75.473 sec.
@I [HLS-100] Command "source /home/littlefoot/vivado/Vivado_HLS/2015.2/common/technology/xilinx/scripts/xilinxcoregen.gen "
@I [HLS-100] Command 'ap_source' returned 0; elapsed 0.008793Total elapsed time: 75.482 sec.
@I [HLS-100] Command "source /home/littlefoot/vivado/Vivado_HLS/2015.2/common/technology/xilinx/interface/XilEDKCoreGen.gen "
@I [HLS-100] Command 'ap_source' returned 0; elapsed 0.006926Total elapsed time: 75.489 sec.
@I [HLS-100] Command "source /home/littlefoot/vivado/Vivado_HLS/2015.2/common/technology/xilinx/ip/xfft.gen "
@I [HLS-100] Command 'ap_source' returned 0; elapsed 0.085026Total elapsed time: 75.574 sec.
@I [HLS-100] Command "source /home/littlefoot/vivado/Vivado_HLS/2015.2/common/technology/xilinx/ip/util.gen "
@I [HLS-100] Command 'ap_source' returned 0; elapsed 0.00013Total elapsed time: 75.574 sec.
@I [HLS-100] Command "source /home/littlefoot/vivado/Vivado_HLS/2015.2/common/technology/xilinx/ip/xfir.gen "
@I [HLS-100] Command 'ap_source' returned 0; elapsed 0.028439Total elapsed time: 75.603 sec.
@I [HLS-100] Command "source /home/littlefoot/vivado/Vivado_HLS/2015.2/common/technology/xilinx/ip/dds_compiler.gen "
@I [HLS-100] Command 'ap_source' returned 0; elapsed 0.003086Total elapsed time: 75.606 sec.
@I [HLS-100] Command 'ap_source' returned 0; elapsed 0.143999Total elapsed time: 75.606 sec.
@I [HLS-100] Command "source /home/littlefoot/vivado/Vivado_HLS/2015.2/common/technology/xilinx/common/dsp48.gen "
@I [HLS-100] Command 'ap_source' returned 0; elapsed 9.4e-05Total elapsed time: 75.607 sec.
@I [HLS-100] Command 'ap_source' returned 0; elapsed 0.14546Total elapsed time: 75.607 sec.
@I [HLS-100] Command 'ap_source' returned 0; elapsed 0.145543Total elapsed time: 75.607 sec.
@I [HLS-100] Command "source /home/littlefoot/vivado/Vivado_HLS/2015.2/common/technology/xilinx/zynq/zynq_fpv6.gen "
@I [HLS-100] Command "source /home/littlefoot/vivado/Vivado_HLS/2015.2/common/technology/xilinx/common/xilinx_fpv6.gen "
@I [HLS-100] Command 'ap_source' returned 0; elapsed 0.001177Total elapsed time: 75.609 sec.
@I [HLS-100] Command 'ap_source' returned 0; elapsed 0.001263Total elapsed time: 75.609 sec.
@I [HLS-100] Command "source /home/littlefoot/18643_project/Hardware-Accel/HW/convolution_layer_1/solution2/.autopilot/db/global.setting.tcl "
@I [HLS-100] Command 'ap_source' returned 0; elapsed 0.000132Total elapsed time: 75.609 sec.
@I [HLS-100] Command "source /home/littlefoot/18643_project/Hardware-Accel/HW/convolution_layer_1/solution2/.autopilot/db/global.setting.tcl "
@I [HLS-100] Command 'ap_source' returned 0; elapsed 0.000113Total elapsed time: 75.610 sec.
@I [HLS-100] Command "source /home/littlefoot/18643_project/Hardware-Accel/HW/convolution_layer_1/solution2/.autopilot/db/global.setting.tcl "
@I [HLS-100] Command 'ap_source' returned 0; elapsed 0.000127Total elapsed time: 75.611 sec.
@I [HLS-100] Command "source /home/littlefoot/vivado/Vivado_HLS/2015.2/common/technology/generic/autopilot/common.gen "
@I [HLS-100] Command "source /home/littlefoot/vivado/Vivado_HLS/2015.2/common/technology/generic/autopilot/APCoreGen.gen "
@I [HLS-100] Command 'ap_source' returned 0; elapsed 0.000396Total elapsed time: 75.612 sec.
@I [HLS-100] Command 'ap_source' returned 0; elapsed 0.00086Total elapsed time: 75.613 sec.
@I [HLS-100] Command "source /home/littlefoot/vivado/Vivado_HLS/2015.2/common/technology/generic/autopilot/op.gen "
@I [HLS-100] Command 'ap_source' returned 0; elapsed 0.000241Total elapsed time: 75.613 sec.
@I [HLS-100] Command "source /home/littlefoot/vivado/Vivado_HLS/2015.2/common/technology/generic/autopilot/op_simcore.gen "
@I [HLS-100] Command 'ap_source' returned 0; elapsed 0.000692Total elapsed time: 75.614 sec.
@I [HLS-100] Command "source /home/littlefoot/vivado/Vivado_HLS/2015.2/common/technology/generic/autopilot/interface.gen "
@I [HLS-100] Command 'ap_source' returned 0; elapsed 5.7e-05Total elapsed time: 75.614 sec.
@I [HLS-100] Command "source /home/littlefoot/18643_project/Hardware-Accel/HW/convolution_layer_1/solution2/.autopilot/db/global.setting.tcl "
@I [HLS-100] Command 'ap_source' returned 0; elapsed 0.000119Total elapsed time: 75.614 sec.
@I [HLS-100] Command "source /home/littlefoot/vivado/Vivado_HLS/2015.2/common/technology/xilinx/zynq/zynq.gen "
@I [HLS-100] Command "source /home/littlefoot/vivado/Vivado_HLS/2015.2/common/technology/xilinx/common/virtex.gen "
@I [HLS-100] Command "source /home/littlefoot/vivado/Vivado_HLS/2015.2/common/technology/xilinx/common/xilinx.gen "
@I [HLS-100] Command "source /home/littlefoot/vivado/Vivado_HLS/2015.2/common/technology/xilinx/interface/plb46.gen "
@I [HLS-100] Command 'ap_source' returned 0; elapsed 0.000802Total elapsed time: 75.615 sec.
@I [HLS-100] Command "source /home/littlefoot/vivado/Vivado_HLS/2015.2/common/technology/xilinx/interface/fsl.gen "
@I [HLS-100] Command 'ap_source' returned 0; elapsed 0.000371Total elapsed time: 75.616 sec.
@I [HLS-100] Command "source /home/littlefoot/vivado/Vivado_HLS/2015.2/common/technology/xilinx/interface/axi4.gen "
@I [HLS-100] Command 'ap_source' returned 0; elapsed 0.00166Total elapsed time: 75.617 sec.
@I [HLS-100] Command "source /home/littlefoot/vivado/Vivado_HLS/2015.2/common/technology/xilinx/interface/nativeAXI4.gen "
@I [HLS-100] Command "source /home/littlefoot/vivado/Vivado_HLS/2015.2/common/technology/xilinx/interface/saxilite.gen "
@I [HLS-100] Command 'ap_source' returned 0; elapsed 0.002326Total elapsed time: 75.620 sec.
@I [HLS-100] Command "source /home/littlefoot/vivado/Vivado_HLS/2015.2/common/technology/xilinx/interface/maxi.gen "
@I [HLS-100] Command 'ap_source' returned 0; elapsed 0.005038Total elapsed time: 75.625 sec.
@I [HLS-100] Command 'ap_source' returned 0; elapsed 0.007484Total elapsed time: 75.625 sec.
@I [HLS-100] Command "source /home/littlefoot/vivado/Vivado_HLS/2015.2/common/technology/xilinx/scripts/xilinxcoregen.gen "
@I [HLS-100] Command 'ap_source' returned 0; elapsed 0.007743Total elapsed time: 75.633 sec.
@I [HLS-100] Command "source /home/littlefoot/vivado/Vivado_HLS/2015.2/common/technology/xilinx/interface/XilEDKCoreGen.gen "
@I [HLS-100] Command 'ap_source' returned 0; elapsed 0.006756Total elapsed time: 75.639 sec.
@I [HLS-100] Command "source /home/littlefoot/vivado/Vivado_HLS/2015.2/common/technology/xilinx/ip/xfft.gen "
@I [HLS-100] Command 'ap_source' returned 0; elapsed 0.088408Total elapsed time: 75.728 sec.
@I [HLS-100] Command "source /home/littlefoot/vivado/Vivado_HLS/2015.2/common/technology/xilinx/ip/util.gen "
@I [HLS-100] Command 'ap_source' returned 0; elapsed 0.000141Total elapsed time: 75.728 sec.
@I [HLS-100] Command "source /home/littlefoot/vivado/Vivado_HLS/2015.2/common/technology/xilinx/ip/xfir.gen "
@I [HLS-100] Command 'ap_source' returned 0; elapsed 0.026453Total elapsed time: 75.755 sec.
@I [HLS-100] Command "source /home/littlefoot/vivado/Vivado_HLS/2015.2/common/technology/xilinx/ip/dds_compiler.gen "
@I [HLS-100] Command 'ap_source' returned 0; elapsed 0.003016Total elapsed time: 75.758 sec.
@I [HLS-100] Command 'ap_source' returned 0; elapsed 0.143493Total elapsed time: 75.758 sec.
@I [HLS-100] Command "source /home/littlefoot/vivado/Vivado_HLS/2015.2/common/technology/xilinx/common/dsp48.gen "
@I [HLS-100] Command 'ap_source' returned 0; elapsed 9.2e-05Total elapsed time: 75.759 sec.
@I [HLS-100] Command 'ap_source' returned 0; elapsed 0.144884Total elapsed time: 75.759 sec.
@I [HLS-100] Command 'ap_source' returned 0; elapsed 0.144966Total elapsed time: 75.759 sec.
@I [HLS-100] Command "source /home/littlefoot/vivado/Vivado_HLS/2015.2/common/technology/xilinx/zynq/zynq_fpv6.gen "
@I [HLS-100] Command "source /home/littlefoot/vivado/Vivado_HLS/2015.2/common/technology/xilinx/common/xilinx_fpv6.gen "
@I [HLS-100] Command 'ap_source' returned 0; elapsed 0.001174Total elapsed time: 75.760 sec.
@I [HLS-100] Command 'ap_source' returned 0; elapsed 0.001284Total elapsed time: 75.760 sec.
@I [HLS-100] Command "source /home/littlefoot/18643_project/Hardware-Accel/HW/convolution_layer_1/solution2/.autopilot/db/global.setting.tcl "
@I [HLS-100] Command 'ap_source' returned 0; elapsed 0.000126Total elapsed time: 75.761 sec.
@I [HLS-100] Command "source /home/littlefoot/18643_project/Hardware-Accel/HW/convolution_layer_1/solution2/.autopilot/db/global.setting.tcl "
@I [HLS-100] Command 'ap_source' returned 0; elapsed 0.000105Total elapsed time: 75.761 sec.
@I [HLS-100] Command "source /home/littlefoot/18643_project/Hardware-Accel/HW/convolution_layer_1/solution2/.autopilot/db/convolve_Loop_BUFFER_RESET_proc.compgen.tcl "
@I [HLS-100] Command 'ap_source' returned 0; elapsed 0.016993Total elapsed time: 75.778 sec.
@I [HLS-100] Command "source /home/littlefoot/18643_project/Hardware-Accel/HW/convolution_layer_1/solution2/.autopilot/db/convolve_Block_proc.compgen.tcl "
@I [HLS-100] Command 'ap_source' returned 0; elapsed 9e-05Total elapsed time: 75.778 sec.
@I [HLS-100] Command "source /home/littlefoot/18643_project/Hardware-Accel/HW/convolution_layer_1/solution2/.autopilot/db/convolve.compgen.tcl "
@I [HLS-100] Command 'ap_source' returned 0; elapsed 0.000112Total elapsed time: 75.778 sec.
@I [HLS-100] Command "source /home/littlefoot/18643_project/Hardware-Accel/HW/convolution_layer_1/solution2/.autopilot/db/global.setting.tcl "
@I [HLS-100] Command 'ap_source' returned 0; elapsed 0.000136Total elapsed time: 75.803 sec.
@I [HLS-100] Command "source /home/littlefoot/18643_project/Hardware-Accel/HW/convolution_layer_1/solution2/.autopilot/db/convolve.constraint.tcl "
@I [HLS-100] Command 'ap_source' returned 0; elapsed 4.7e-05Total elapsed time: 75.804 sec.
@I [HLS-100] Command "source /home/littlefoot/vivado/Vivado_HLS/2015.2/common/technology/generic/autopilot/common.gen "
@I [HLS-100] Command "source /home/littlefoot/vivado/Vivado_HLS/2015.2/common/technology/generic/autopilot/APCoreGen.gen "
@I [HLS-100] Command 'ap_source' returned 0; elapsed 0.000439Total elapsed time: 75.805 sec.
@I [HLS-100] Command 'ap_source' returned 0; elapsed 0.000916Total elapsed time: 75.806 sec.
@I [HLS-100] Command "source /home/littlefoot/vivado/Vivado_HLS/2015.2/common/technology/generic/autopilot/op.gen "
@I [HLS-100] Command 'ap_source' returned 0; elapsed 0.000235Total elapsed time: 75.806 sec.
@I [HLS-100] Command "source /home/littlefoot/vivado/Vivado_HLS/2015.2/common/technology/generic/autopilot/op_simcore.gen "
@I [HLS-100] Command 'ap_source' returned 0; elapsed 0.000652Total elapsed time: 75.807 sec.
@I [HLS-100] Command "source /home/littlefoot/vivado/Vivado_HLS/2015.2/common/technology/generic/autopilot/interface.gen "
@I [HLS-100] Command 'ap_source' returned 0; elapsed 5.7e-05Total elapsed time: 75.807 sec.
@I [HLS-100] Command "source /home/littlefoot/18643_project/Hardware-Accel/HW/convolution_layer_1/solution2/.autopilot/db/global.setting.tcl "
@I [HLS-100] Command 'ap_source' returned 0; elapsed 0.000117Total elapsed time: 75.807 sec.
@I [HLS-100] Command "source /home/littlefoot/vivado/Vivado_HLS/2015.2/common/technology/xilinx/zynq/zynq.gen "
@I [HLS-100] Command "source /home/littlefoot/vivado/Vivado_HLS/2015.2/common/technology/xilinx/common/virtex.gen "
@I [HLS-100] Command "source /home/littlefoot/vivado/Vivado_HLS/2015.2/common/technology/xilinx/common/xilinx.gen "
@I [HLS-100] Command "source /home/littlefoot/vivado/Vivado_HLS/2015.2/common/technology/xilinx/interface/plb46.gen "
@I [HLS-100] Command 'ap_source' returned 0; elapsed 0.000816Total elapsed time: 75.808 sec.
@I [HLS-100] Command "source /home/littlefoot/vivado/Vivado_HLS/2015.2/common/technology/xilinx/interface/fsl.gen "
@I [HLS-100] Command 'ap_source' returned 0; elapsed 0.000357Total elapsed time: 75.808 sec.
@I [HLS-100] Command "source /home/littlefoot/vivado/Vivado_HLS/2015.2/common/technology/xilinx/interface/axi4.gen "
@I [HLS-100] Command 'ap_source' returned 0; elapsed 0.001657Total elapsed time: 75.810 sec.
@I [HLS-100] Command "source /home/littlefoot/vivado/Vivado_HLS/2015.2/common/technology/xilinx/interface/nativeAXI4.gen "
@I [HLS-100] Command "source /home/littlefoot/vivado/Vivado_HLS/2015.2/common/technology/xilinx/interface/saxilite.gen "
@I [HLS-100] Command 'ap_source' returned 0; elapsed 0.002335Total elapsed time: 75.812 sec.
@I [HLS-100] Command "source /home/littlefoot/vivado/Vivado_HLS/2015.2/common/technology/xilinx/interface/maxi.gen "
@I [HLS-100] Command 'ap_source' returned 0; elapsed 0.005Total elapsed time: 75.817 sec.
@I [HLS-100] Command 'ap_source' returned 0; elapsed 0.007455Total elapsed time: 75.818 sec.
@I [HLS-100] Command "source /home/littlefoot/vivado/Vivado_HLS/2015.2/common/technology/xilinx/scripts/xilinxcoregen.gen "
@I [HLS-100] Command 'ap_source' returned 0; elapsed 0.007731Total elapsed time: 75.825 sec.
@I [HLS-100] Command "source /home/littlefoot/vivado/Vivado_HLS/2015.2/common/technology/xilinx/interface/XilEDKCoreGen.gen "
@I [HLS-100] Command 'ap_source' returned 0; elapsed 0.007049Total elapsed time: 75.832 sec.
@I [HLS-100] Command "source /home/littlefoot/vivado/Vivado_HLS/2015.2/common/technology/xilinx/ip/xfft.gen "
@I [HLS-100] Command 'ap_source' returned 0; elapsed 0.088286Total elapsed time: 75.921 sec.
@I [HLS-100] Command "source /home/littlefoot/vivado/Vivado_HLS/2015.2/common/technology/xilinx/ip/util.gen "
@I [HLS-100] Command 'ap_source' returned 0; elapsed 0.00013Total elapsed time: 75.921 sec.
@I [HLS-100] Command "source /home/littlefoot/vivado/Vivado_HLS/2015.2/common/technology/xilinx/ip/xfir.gen "
@I [HLS-100] Command 'ap_source' returned 0; elapsed 0.026049Total elapsed time: 75.947 sec.
@I [HLS-100] Command "source /home/littlefoot/vivado/Vivado_HLS/2015.2/common/technology/xilinx/ip/dds_compiler.gen "
@I [HLS-100] Command 'ap_source' returned 0; elapsed 0.002982Total elapsed time: 75.950 sec.
@I [HLS-100] Command 'ap_source' returned 0; elapsed 0.143145Total elapsed time: 75.950 sec.
@I [HLS-100] Command "source /home/littlefoot/vivado/Vivado_HLS/2015.2/common/technology/xilinx/common/dsp48.gen "
@I [HLS-100] Command 'ap_source' returned 0; elapsed 0.000126Total elapsed time: 75.951 sec.
@I [HLS-100] Command 'ap_source' returned 0; elapsed 0.144564Total elapsed time: 75.951 sec.
@I [HLS-100] Command 'ap_source' returned 0; elapsed 0.144657Total elapsed time: 75.951 sec.
@I [HLS-100] Command "source /home/littlefoot/vivado/Vivado_HLS/2015.2/common/technology/xilinx/zynq/zynq_fpv6.gen "
@I [HLS-100] Command "source /home/littlefoot/vivado/Vivado_HLS/2015.2/common/technology/xilinx/common/xilinx_fpv6.gen "
@I [HLS-100] Command 'ap_source' returned 0; elapsed 0.001591Total elapsed time: 75.953 sec.
@I [HLS-100] Command 'ap_source' returned 0; elapsed 0.001677Total elapsed time: 75.953 sec.
@I [HLS-100] Command "source /home/littlefoot/18643_project/Hardware-Accel/HW/convolution_layer_1/solution2/.autopilot/db/global.setting.tcl "
@I [HLS-100] Command 'ap_source' returned 0; elapsed 0.000209Total elapsed time: 75.959 sec.
@I [HLS-100] Command 'export_design' returned 0; elapsed 1.68554Total elapsed time: 89.249 sec.
@I [HLS-100] Command 'ap_source' returned 0; elapsed 1.90622Total elapsed time: 89.249 sec.
@I [HLS-100] Command "cleanup_all "
@I [HLS-100] Command 'cleanup_all' returned 0; elapsed 0.000306Total elapsed time: 89.250 sec.
